{"timestamp":"2026-05-05T10:30:51.979540Z","level":"info","event":"DAG bundles loaded: dags-folder, example_dags","logger":"airflow.dag_processing.bundles.manager.DagBundlesManager","filename":"manager.py","lineno":209}
{"timestamp":"2026-05-05T10:30:51.984338Z","level":"info","event":"Filling up the DagBag from /opt/airflow/dags/print_interval_dag.py","logger":"airflow.dag_processing.dagbag.BundleDagBag","filename":"dagbag.py","lineno":469}
{"timestamp":"2026-05-05T10:30:52.008387Z","level":"warning","event":"The `airflow.operators.python.PythonOperator` attribute is deprecated. Please use `'airflow.providers.standard.operators.python.PythonOperator'`.","category":"UserWarning","filename":"/opt/airflow/dags/print_interval_dag.py","lineno":2,"logger":"py.warnings"}
{"timestamp":"2026-05-05T10:30:52.094474Z","level":"info","event":"Task instance is in running state","logger":"task.stdout"}
{"timestamp":"2026-05-05T10:30:52.095946Z","level":"info","event":" Previous state of the Task instance: TaskInstanceState.QUEUED","logger":"task.stdout"}
{"timestamp":"2026-05-05T10:30:52.098458Z","level":"info","event":"Current task name:print_interval","logger":"task.stdout"}
{"timestamp":"2026-05-05T10:30:52.100440Z","level":"info","event":"Dag name:print_interval_dag","logger":"task.stdout"}
{"timestamp":"2026-05-05T10:30:52.101184Z","level":"info","event":"Interval Start: 2025-05-25 09:00:00+00:00","logger":"task.stdout"}
{"timestamp":"2026-05-05T10:30:52.101869Z","level":"info","event":"Interval End:   2025-05-25 09:00:00+00:00","logger":"task.stdout"}
{"timestamp":"2026-05-05T10:30:52.099726Z","level":"info","event":"Done. Returned value was: None","logger":"airflow.task.operators.airflow.providers.standard.operators.python.PythonOperator","filename":"python.py","lineno":229}
{"timestamp":"2026-05-05T10:30:52.252756Z","level":"info","event":"Task instance in success state","logger":"task.stdout"}
{"timestamp":"2026-05-05T10:30:52.253345Z","level":"info","event":" Previous state of the Task instance: TaskInstanceState.RUNNING","logger":"task.stdout"}
{"timestamp":"2026-05-05T10:30:52.254661Z","level":"info","event":"Task operator:<Task(PythonOperator): print_interval>","logger":"task.stdout"}
{"timestamp":"2026-05-05T12:26:47.491124Z","level":"info","event":"DAG bundles loaded: dags-folder, example_dags","logger":"airflow.dag_processing.bundles.manager.DagBundlesManager","filename":"manager.py","lineno":209}
{"timestamp":"2026-05-05T12:26:47.493141Z","level":"info","event":"Filling up the DagBag from /opt/airflow/dags/print_interval_dag.py","logger":"airflow.dag_processing.dagbag.BundleDagBag","filename":"dagbag.py","lineno":469}
{"timestamp":"2026-05-05T12:26:47.674697Z","level":"info","event":"Task instance is in running state","logger":"task.stdout"}
{"timestamp":"2026-05-05T12:26:47.675522Z","level":"info","event":" Previous state of the Task instance: TaskInstanceState.QUEUED","logger":"task.stdout"}
{"timestamp":"2026-05-05T12:26:47.678768Z","level":"info","event":"Current task name:print_interval","logger":"task.stdout"}
{"timestamp":"2026-05-05T12:26:47.679643Z","level":"info","event":"Dag name:print_interval_dag","logger":"task.stdout"}
{"timestamp":"2026-05-05T12:26:47.682397Z","level":"info","event":"=== ALL AVAILABLE MACROS ===","logger":"task.stdout"}
{"timestamp":"2026-05-05T12:26:47.683226Z","level":"info","event":"dag: <DAG: print_interval_dag>","logger":"task.stdout"}
{"timestamp":"2026-05-05T12:26:47.689253Z","level":"info","event":"inlets: []","logger":"task.stdout"}
{"timestamp":"2026-05-05T12:26:47.689895Z","level":"info","event":"map_index_template: None","logger":"task.stdout"}
{"timestamp":"2026-05-05T12:26:47.690494Z","level":"info","event":"outlets: []","logger":"task.stdout"}
{"timestamp":"2026-05-05T12:26:47.692186Z","level":"info","event":"run_id: scheduled__2025-05-25T09:00:00+00:00","logger":"task.stdout"}
{"timestamp":"2026-05-05T12:26:47.693340Z","level":"info","event":"task: <Task(PythonOperator): print_interval>","logger":"task.stdout"}
{"timestamp":"2026-05-05T12:26:47.697432Z","level":"info","event":"task_instance: id=UUID('019df81a-e6e7-7015-953d-568767cd92c8') task_id='print_interval' dag_id='print_interval_dag' run_id='scheduled__2025-05-25T09:00:00+00:00' try_number=1 dag_version_id=UUID('019df815-a045-750b-bac8-47ced7cc6a45') map_index=-1 hostname='86abe326db93' context_carrier={'traceparent': '00-d7a86d791daa6e064850427dd1b6359b-2c0b46a4966a4120-01'} task=<Task(PythonOperator): print_interval> bundle_instance=LocalDagBundle(name=dags-folder) max_tries=0 start_date=datetime.datetime(2026, 5, 5, 12, 26, 46, 274342, tzinfo=datetime.timezone.utc) end_date=None state=<TaskInstanceState.RUNNING: 'running'> is_mapped=False rendered_map_index=None sentry_integration=''","logger":"task.stdout"}
{"timestamp":"2026-05-05T12:26:47.698785Z","level":"info","event":"ti: id=UUID('019df81a-e6e7-7015-953d-568767cd92c8') task_id='print_interval' dag_id='print_interval_dag' run_id='scheduled__2025-05-25T09:00:00+00:00' try_number=1 dag_version_id=UUID('019df815-a045-750b-bac8-47ced7cc6a45') map_index=-1 hostname='86abe326db93' context_carrier={'traceparent': '00-d7a86d791daa6e064850427dd1b6359b-2c0b46a4966a4120-01'} task=<Task(PythonOperator): print_interval> bundle_instance=LocalDagBundle(name=dags-folder) max_tries=0 start_date=datetime.datetime(2026, 5, 5, 12, 26, 46, 274342, tzinfo=datetime.timezone.utc) end_date=None state=<TaskInstanceState.RUNNING: 'running'> is_mapped=False rendered_map_index=None sentry_integration=''","logger":"task.stdout"}
{"timestamp":"2026-05-05T12:26:47.699359Z","level":"info","event":"outlet_events: OutletEventAccessors(_dict={})","logger":"task.stdout"}
{"timestamp":"2026-05-05T12:26:47.700086Z","level":"info","event":"inlet_events: InletEventsAccessors(_inlets=[], _assets={}, _asset_aliases={})","logger":"task.stdout"}
{"timestamp":"2026-05-05T12:26:47.701103Z","level":"info","event":"macros: <MacrosAccessor (dynamic access to macros)>","logger":"task.stdout"}
{"timestamp":"2026-05-05T12:26:47.705316Z","level":"info","event":"params: {}","logger":"task.stdout"}
{"timestamp":"2026-05-05T12:26:47.706020Z","level":"info","event":"var: {'json': <VariableAccessor (dynamic access)>, 'value': <VariableAccessor (dynamic access)>}","logger":"task.stdout"}
{"timestamp":"2026-05-05T12:26:47.707067Z","level":"info","event":"conn: <ConnectionAccessor (dynamic access)>","logger":"task.stdout"}
{"timestamp":"2026-05-05T12:26:47.708831Z","level":"info","event":"dag_run: dag_id='print_interval_dag' run_id='scheduled__2025-05-25T09:00:00+00:00' logical_date=datetime.datetime(2025, 5, 25, 9, 0, tzinfo=datetime.timezone.utc) data_interval_start=datetime.datetime(2025, 5, 25, 9, 0, tzinfo=datetime.timezone.utc) data_interval_end=datetime.datetime(2025, 5, 25, 9, 0, tzinfo=datetime.timezone.utc) run_after=datetime.datetime(2025, 5, 25, 9, 0, tzinfo=datetime.timezone.utc) start_date=datetime.datetime(2026, 5, 5, 12, 26, 45, 890426, tzinfo=datetime.timezone.utc) end_date=None clear_number=0 run_type=<DagRunType.SCHEDULED: 'scheduled'> state=<DagRunState.RUNNING: 'running'> conf={} triggering_user_name=None consumed_asset_events=[] partition_key=None note=None","logger":"task.stdout"}
{"timestamp":"2026-05-05T12:26:47.709737Z","level":"info","event":"triggering_asset_events: TriggeringAssetEventAccessor(_events=defaultdict(<class 'list'>, {}))","logger":"task.stdout"}
{"timestamp":"2026-05-05T12:26:47.710718Z","level":"info","event":"task_instance_key_str: print_interval_dag__print_interval__20250525","logger":"task.stdout"}
{"timestamp":"2026-05-05T12:26:47.711489Z","level":"info","event":"task_reschedule_count: 0","logger":"task.stdout"}
{"timestamp":"2026-05-05T12:26:47.755547Z","level":"info","event":"prev_start_date_success: 2026-05-05 12:26:45.325398+00:00","logger":"task.stdout"}
{"timestamp":"2026-05-05T12:26:47.756927Z","level":"info","event":"prev_end_date_success: 2026-05-05 12:26:47.630911+00:00","logger":"task.stdout"}
{"timestamp":"2026-05-05T12:26:47.758279Z","level":"info","event":"logical_date: 2025-05-25 09:00:00+00:00","logger":"task.stdout"}
{"timestamp":"2026-05-05T12:26:47.759825Z","level":"info","event":"ds: 2025-05-25","logger":"task.stdout"}
{"timestamp":"2026-05-05T12:26:47.760898Z","level":"info","event":"ds_nodash: 20250525","logger":"task.stdout"}
{"timestamp":"2026-05-05T12:26:47.761711Z","level":"info","event":"ts: 2025-05-25T09:00:00+00:00","logger":"task.stdout"}
{"timestamp":"2026-05-05T12:26:47.762311Z","level":"info","event":"ts_nodash: 20250525T090000","logger":"task.stdout"}
{"timestamp":"2026-05-05T12:26:47.763307Z","level":"info","event":"ts_nodash_with_tz: 20250525T090000+0000","logger":"task.stdout"}
{"timestamp":"2026-05-05T12:26:47.763789Z","level":"info","event":"data_interval_end: 2025-05-25 09:00:00+00:00","logger":"task.stdout"}
{"timestamp":"2026-05-05T12:26:47.764291Z","level":"info","event":"data_interval_start: 2025-05-25 09:00:00+00:00","logger":"task.stdout"}
{"timestamp":"2026-05-05T12:26:47.765098Z","level":"info","event":"prev_data_interval_start_success: 2025-05-25 06:00:00+00:00","logger":"task.stdout"}
{"timestamp":"2026-05-05T12:26:47.765701Z","level":"info","event":"prev_data_interval_end_success: 2025-05-25 06:00:00+00:00","logger":"task.stdout"}
{"timestamp":"2026-05-05T12:26:47.766312Z","level":"info","event":"templates_dict: None","logger":"task.stdout"}
{"timestamp":"2026-05-05T12:26:47.754488Z","level":"info","event":"Done. Returned value was: None","logger":"airflow.task.operators.airflow.providers.standard.operators.python.PythonOperator","filename":"python.py","lineno":229}
{"timestamp":"2026-05-05T12:26:47.823184Z","level":"info","event":"Task instance in success state","logger":"task.stdout"}
{"timestamp":"2026-05-05T12:26:47.823733Z","level":"info","event":" Previous state of the Task instance: TaskInstanceState.RUNNING","logger":"task.stdout"}
{"timestamp":"2026-05-05T12:26:47.825070Z","level":"info","event":"Task operator:<Task(PythonOperator): print_interval>","logger":"task.stdout"}
