{"timestamp":"2026-05-05T10:30:26.074402Z","level":"info","event":"DAG bundles loaded: dags-folder, example_dags","logger":"airflow.dag_processing.bundles.manager.DagBundlesManager","filename":"manager.py","lineno":209}
{"timestamp":"2026-05-05T10:30:26.077440Z","level":"info","event":"Filling up the DagBag from /opt/airflow/dags/print_interval_dag.py","logger":"airflow.dag_processing.dagbag.BundleDagBag","filename":"dagbag.py","lineno":469}
{"timestamp":"2026-05-05T10:30:26.094027Z","level":"warning","event":"The `airflow.operators.python.PythonOperator` attribute is deprecated. Please use `'airflow.providers.standard.operators.python.PythonOperator'`.","category":"UserWarning","filename":"/opt/airflow/dags/print_interval_dag.py","lineno":2,"logger":"py.warnings"}
{"timestamp":"2026-05-05T10:30:26.206716Z","level":"info","event":"Task instance is in running state","logger":"task.stdout"}
{"timestamp":"2026-05-05T10:30:26.209617Z","level":"info","event":" Previous state of the Task instance: TaskInstanceState.QUEUED","logger":"task.stdout"}
{"timestamp":"2026-05-05T10:30:26.210461Z","level":"info","event":"Current task name:print_interval","logger":"task.stdout"}
{"timestamp":"2026-05-05T10:30:26.210898Z","level":"info","event":"Dag name:print_interval_dag","logger":"task.stdout"}
{"timestamp":"2026-05-05T10:30:26.213232Z","level":"info","event":"Interval Start: 2025-05-18 12:00:00+00:00","logger":"task.stdout"}
{"timestamp":"2026-05-05T10:30:26.215894Z","level":"info","event":"Interval End:   2025-05-18 12:00:00+00:00","logger":"task.stdout"}
{"timestamp":"2026-05-05T10:30:26.215014Z","level":"info","event":"Done. Returned value was: None","logger":"airflow.task.operators.airflow.providers.standard.operators.python.PythonOperator","filename":"python.py","lineno":229}
{"timestamp":"2026-05-05T10:30:26.322447Z","level":"info","event":"Task instance in success state","logger":"task.stdout"}
{"timestamp":"2026-05-05T10:30:26.326474Z","level":"info","event":" Previous state of the Task instance: TaskInstanceState.RUNNING","logger":"task.stdout"}
{"timestamp":"2026-05-05T10:30:26.327025Z","level":"info","event":"Task operator:<Task(PythonOperator): print_interval>","logger":"task.stdout"}
{"timestamp":"2026-05-05T12:26:20.849803Z","level":"info","event":"DAG bundles loaded: dags-folder, example_dags","logger":"airflow.dag_processing.bundles.manager.DagBundlesManager","filename":"manager.py","lineno":209}
{"timestamp":"2026-05-05T12:26:20.852169Z","level":"info","event":"Filling up the DagBag from /opt/airflow/dags/print_interval_dag.py","logger":"airflow.dag_processing.dagbag.BundleDagBag","filename":"dagbag.py","lineno":469}
{"timestamp":"2026-05-05T12:26:20.932767Z","level":"info","event":"Task instance is in running state","logger":"task.stdout"}
{"timestamp":"2026-05-05T12:26:20.933726Z","level":"info","event":" Previous state of the Task instance: TaskInstanceState.QUEUED","logger":"task.stdout"}
{"timestamp":"2026-05-05T12:26:20.934477Z","level":"info","event":"Current task name:print_interval","logger":"task.stdout"}
{"timestamp":"2026-05-05T12:26:20.934983Z","level":"info","event":"Dag name:print_interval_dag","logger":"task.stdout"}
{"timestamp":"2026-05-05T12:26:20.938633Z","level":"info","event":"=== ALL AVAILABLE MACROS ===","logger":"task.stdout"}
{"timestamp":"2026-05-05T12:26:20.939258Z","level":"info","event":"dag: <DAG: print_interval_dag>","logger":"task.stdout"}
{"timestamp":"2026-05-05T12:26:20.940260Z","level":"info","event":"inlets: []","logger":"task.stdout"}
{"timestamp":"2026-05-05T12:26:20.940760Z","level":"info","event":"map_index_template: None","logger":"task.stdout"}
{"timestamp":"2026-05-05T12:26:20.941222Z","level":"info","event":"outlets: []","logger":"task.stdout"}
{"timestamp":"2026-05-05T12:26:20.941753Z","level":"info","event":"run_id: scheduled__2025-05-18T12:00:00+00:00","logger":"task.stdout"}
{"timestamp":"2026-05-05T12:26:20.942337Z","level":"info","event":"task: <Task(PythonOperator): print_interval>","logger":"task.stdout"}
{"timestamp":"2026-05-05T12:26:20.943350Z","level":"info","event":"task_instance: id=UUID('019df81a-7edb-7f50-ae26-018d2a4dfa2a') task_id='print_interval' dag_id='print_interval_dag' run_id='scheduled__2025-05-18T12:00:00+00:00' try_number=1 dag_version_id=UUID('019df815-a045-750b-bac8-47ced7cc6a45') map_index=-1 hostname='86abe326db93' context_carrier={'traceparent': '00-b460ee3a69bbb96e3669b4f5307f4287-0730eabdc14ab6c4-01'} task=<Task(PythonOperator): print_interval> bundle_instance=LocalDagBundle(name=dags-folder) max_tries=0 start_date=datetime.datetime(2026, 5, 5, 12, 26, 19, 699644, tzinfo=datetime.timezone.utc) end_date=None state=<TaskInstanceState.RUNNING: 'running'> is_mapped=False rendered_map_index=None sentry_integration=''","logger":"task.stdout"}
{"timestamp":"2026-05-05T12:26:20.944132Z","level":"info","event":"ti: id=UUID('019df81a-7edb-7f50-ae26-018d2a4dfa2a') task_id='print_interval' dag_id='print_interval_dag' run_id='scheduled__2025-05-18T12:00:00+00:00' try_number=1 dag_version_id=UUID('019df815-a045-750b-bac8-47ced7cc6a45') map_index=-1 hostname='86abe326db93' context_carrier={'traceparent': '00-b460ee3a69bbb96e3669b4f5307f4287-0730eabdc14ab6c4-01'} task=<Task(PythonOperator): print_interval> bundle_instance=LocalDagBundle(name=dags-folder) max_tries=0 start_date=datetime.datetime(2026, 5, 5, 12, 26, 19, 699644, tzinfo=datetime.timezone.utc) end_date=None state=<TaskInstanceState.RUNNING: 'running'> is_mapped=False rendered_map_index=None sentry_integration=''","logger":"task.stdout"}
{"timestamp":"2026-05-05T12:26:20.944955Z","level":"info","event":"outlet_events: OutletEventAccessors(_dict={})","logger":"task.stdout"}
{"timestamp":"2026-05-05T12:26:20.945925Z","level":"info","event":"inlet_events: InletEventsAccessors(_inlets=[], _assets={}, _asset_aliases={})","logger":"task.stdout"}
{"timestamp":"2026-05-05T12:26:20.946507Z","level":"info","event":"macros: <MacrosAccessor (dynamic access to macros)>","logger":"task.stdout"}
{"timestamp":"2026-05-05T12:26:20.946973Z","level":"info","event":"params: {}","logger":"task.stdout"}
{"timestamp":"2026-05-05T12:26:20.947433Z","level":"info","event":"var: {'json': <VariableAccessor (dynamic access)>, 'value': <VariableAccessor (dynamic access)>}","logger":"task.stdout"}
{"timestamp":"2026-05-05T12:26:20.948417Z","level":"info","event":"conn: <ConnectionAccessor (dynamic access)>","logger":"task.stdout"}
{"timestamp":"2026-05-05T12:26:20.948947Z","level":"info","event":"dag_run: dag_id='print_interval_dag' run_id='scheduled__2025-05-18T12:00:00+00:00' logical_date=datetime.datetime(2025, 5, 18, 12, 0, tzinfo=datetime.timezone.utc) data_interval_start=datetime.datetime(2025, 5, 18, 12, 0, tzinfo=datetime.timezone.utc) data_interval_end=datetime.datetime(2025, 5, 18, 12, 0, tzinfo=datetime.timezone.utc) run_after=datetime.datetime(2025, 5, 18, 12, 0, tzinfo=datetime.timezone.utc) start_date=datetime.datetime(2026, 5, 5, 12, 26, 19, 262582, tzinfo=datetime.timezone.utc) end_date=None clear_number=0 run_type=<DagRunType.SCHEDULED: 'scheduled'> state=<DagRunState.RUNNING: 'running'> conf={} triggering_user_name=None consumed_asset_events=[] partition_key=None note=None","logger":"task.stdout"}
{"timestamp":"2026-05-05T12:26:20.949269Z","level":"info","event":"triggering_asset_events: TriggeringAssetEventAccessor(_events=defaultdict(<class 'list'>, {}))","logger":"task.stdout"}
{"timestamp":"2026-05-05T12:26:20.949787Z","level":"info","event":"task_instance_key_str: print_interval_dag__print_interval__20250518","logger":"task.stdout"}
{"timestamp":"2026-05-05T12:26:20.950183Z","level":"info","event":"task_reschedule_count: 0","logger":"task.stdout"}
{"timestamp":"2026-05-05T12:26:20.989881Z","level":"info","event":"prev_start_date_success: 2026-05-05 12:26:17.984079+00:00","logger":"task.stdout"}
{"timestamp":"2026-05-05T12:26:20.990809Z","level":"info","event":"prev_end_date_success: 2026-05-05 12:26:20.444293+00:00","logger":"task.stdout"}
{"timestamp":"2026-05-05T12:26:20.991982Z","level":"info","event":"logical_date: 2025-05-18 12:00:00+00:00","logger":"task.stdout"}
{"timestamp":"2026-05-05T12:26:20.993282Z","level":"info","event":"ds: 2025-05-18","logger":"task.stdout"}
{"timestamp":"2026-05-05T12:26:20.994094Z","level":"info","event":"ds_nodash: 20250518","logger":"task.stdout"}
{"timestamp":"2026-05-05T12:26:20.994765Z","level":"info","event":"ts: 2025-05-18T12:00:00+00:00","logger":"task.stdout"}
{"timestamp":"2026-05-05T12:26:20.995232Z","level":"info","event":"ts_nodash: 20250518T120000","logger":"task.stdout"}
{"timestamp":"2026-05-05T12:26:20.995626Z","level":"info","event":"ts_nodash_with_tz: 20250518T120000+0000","logger":"task.stdout"}
{"timestamp":"2026-05-05T12:26:20.996244Z","level":"info","event":"data_interval_end: 2025-05-18 12:00:00+00:00","logger":"task.stdout"}
{"timestamp":"2026-05-05T12:26:20.996618Z","level":"info","event":"data_interval_start: 2025-05-18 12:00:00+00:00","logger":"task.stdout"}
{"timestamp":"2026-05-05T12:26:20.997018Z","level":"info","event":"prev_data_interval_start_success: 2025-05-18 06:00:00+00:00","logger":"task.stdout"}
{"timestamp":"2026-05-05T12:26:20.997616Z","level":"info","event":"prev_data_interval_end_success: 2025-05-18 06:00:00+00:00","logger":"task.stdout"}
{"timestamp":"2026-05-05T12:26:20.998013Z","level":"info","event":"templates_dict: None","logger":"task.stdout"}
{"timestamp":"2026-05-05T12:26:20.988623Z","level":"info","event":"Done. Returned value was: None","logger":"airflow.task.operators.airflow.providers.standard.operators.python.PythonOperator","filename":"python.py","lineno":229}
{"timestamp":"2026-05-05T12:26:21.057510Z","level":"info","event":"Task instance in success state","logger":"task.stdout"}
{"timestamp":"2026-05-05T12:26:21.058045Z","level":"info","event":" Previous state of the Task instance: TaskInstanceState.RUNNING","logger":"task.stdout"}
{"timestamp":"2026-05-05T12:26:21.059241Z","level":"info","event":"Task operator:<Task(PythonOperator): print_interval>","logger":"task.stdout"}
