{"timestamp":"2026-05-05T10:31:12.954828Z","level":"info","event":"DAG bundles loaded: dags-folder, example_dags","logger":"airflow.dag_processing.bundles.manager.DagBundlesManager","filename":"manager.py","lineno":209}
{"timestamp":"2026-05-05T10:31:12.957368Z","level":"info","event":"Filling up the DagBag from /opt/airflow/dags/print_interval_dag.py","logger":"airflow.dag_processing.dagbag.BundleDagBag","filename":"dagbag.py","lineno":469}
{"timestamp":"2026-05-05T10:31:12.971884Z","level":"warning","event":"The `airflow.operators.python.PythonOperator` attribute is deprecated. Please use `'airflow.providers.standard.operators.python.PythonOperator'`.","category":"UserWarning","filename":"/opt/airflow/dags/print_interval_dag.py","lineno":2,"logger":"py.warnings"}
{"timestamp":"2026-05-05T10:31:13.023490Z","level":"info","event":"Task instance is in running state","logger":"task.stdout"}
{"timestamp":"2026-05-05T10:31:13.023944Z","level":"info","event":" Previous state of the Task instance: TaskInstanceState.QUEUED","logger":"task.stdout"}
{"timestamp":"2026-05-05T10:31:13.024412Z","level":"info","event":"Current task name:print_interval","logger":"task.stdout"}
{"timestamp":"2026-05-05T10:31:13.024787Z","level":"info","event":"Dag name:print_interval_dag","logger":"task.stdout"}
{"timestamp":"2026-05-05T10:31:13.025694Z","level":"info","event":"Interval Start: 2025-05-31 00:00:00+00:00","logger":"task.stdout"}
{"timestamp":"2026-05-05T10:31:13.026381Z","level":"info","event":"Interval End:   2025-05-31 00:00:00+00:00","logger":"task.stdout"}
{"timestamp":"2026-05-05T10:31:13.026610Z","level":"info","event":"Done. Returned value was: None","logger":"airflow.task.operators.airflow.providers.standard.operators.python.PythonOperator","filename":"python.py","lineno":229}
{"timestamp":"2026-05-05T10:31:13.062909Z","level":"info","event":"Task instance in success state","logger":"task.stdout"}
{"timestamp":"2026-05-05T10:31:13.064678Z","level":"info","event":" Previous state of the Task instance: TaskInstanceState.RUNNING","logger":"task.stdout"}
{"timestamp":"2026-05-05T10:31:13.068791Z","level":"info","event":"Task operator:<Task(PythonOperator): print_interval>","logger":"task.stdout"}
{"timestamp":"2026-05-05T12:27:10.606167Z","level":"info","event":"DAG bundles loaded: dags-folder, example_dags","logger":"airflow.dag_processing.bundles.manager.DagBundlesManager","filename":"manager.py","lineno":209}
{"timestamp":"2026-05-05T12:27:10.610621Z","level":"info","event":"Filling up the DagBag from /opt/airflow/dags/print_interval_dag.py","logger":"airflow.dag_processing.dagbag.BundleDagBag","filename":"dagbag.py","lineno":469}
{"timestamp":"2026-05-05T12:27:10.728293Z","level":"info","event":"Task instance is in running state","logger":"task.stdout"}
{"timestamp":"2026-05-05T12:27:10.728981Z","level":"info","event":" Previous state of the Task instance: TaskInstanceState.QUEUED","logger":"task.stdout"}
{"timestamp":"2026-05-05T12:27:10.730604Z","level":"info","event":"Current task name:print_interval","logger":"task.stdout"}
{"timestamp":"2026-05-05T12:27:10.732046Z","level":"info","event":"Dag name:print_interval_dag","logger":"task.stdout"}
{"timestamp":"2026-05-05T12:27:10.735694Z","level":"info","event":"=== ALL AVAILABLE MACROS ===","logger":"task.stdout"}
{"timestamp":"2026-05-05T12:27:10.737987Z","level":"info","event":"dag: <DAG: print_interval_dag>","logger":"task.stdout"}
{"timestamp":"2026-05-05T12:27:10.741019Z","level":"info","event":"inlets: []","logger":"task.stdout"}
{"timestamp":"2026-05-05T12:27:10.742983Z","level":"info","event":"map_index_template: None","logger":"task.stdout"}
{"timestamp":"2026-05-05T12:27:10.743799Z","level":"info","event":"outlets: []","logger":"task.stdout"}
{"timestamp":"2026-05-05T12:27:10.744764Z","level":"info","event":"run_id: scheduled__2025-05-31T00:00:00+00:00","logger":"task.stdout"}
{"timestamp":"2026-05-05T12:27:10.745312Z","level":"info","event":"task: <Task(PythonOperator): print_interval>","logger":"task.stdout"}
{"timestamp":"2026-05-05T12:27:10.746056Z","level":"info","event":"task_instance: id=UUID('019df81b-4273-7320-8a61-2e1add2ff0af') task_id='print_interval' dag_id='print_interval_dag' run_id='scheduled__2025-05-31T00:00:00+00:00' try_number=1 dag_version_id=UUID('019df815-a045-750b-bac8-47ced7cc6a45') map_index=-1 hostname='86abe326db93' context_carrier={'traceparent': '00-db5de3af171545b8fe59d57186ca35f8-b0b68128b874ae8e-01'} task=<Task(PythonOperator): print_interval> bundle_instance=LocalDagBundle(name=dags-folder) max_tries=0 start_date=datetime.datetime(2026, 5, 5, 12, 27, 9, 597179, tzinfo=datetime.timezone.utc) end_date=None state=<TaskInstanceState.RUNNING: 'running'> is_mapped=False rendered_map_index=None sentry_integration=''","logger":"task.stdout"}
{"timestamp":"2026-05-05T12:27:10.747025Z","level":"info","event":"ti: id=UUID('019df81b-4273-7320-8a61-2e1add2ff0af') task_id='print_interval' dag_id='print_interval_dag' run_id='scheduled__2025-05-31T00:00:00+00:00' try_number=1 dag_version_id=UUID('019df815-a045-750b-bac8-47ced7cc6a45') map_index=-1 hostname='86abe326db93' context_carrier={'traceparent': '00-db5de3af171545b8fe59d57186ca35f8-b0b68128b874ae8e-01'} task=<Task(PythonOperator): print_interval> bundle_instance=LocalDagBundle(name=dags-folder) max_tries=0 start_date=datetime.datetime(2026, 5, 5, 12, 27, 9, 597179, tzinfo=datetime.timezone.utc) end_date=None state=<TaskInstanceState.RUNNING: 'running'> is_mapped=False rendered_map_index=None sentry_integration=''","logger":"task.stdout"}
{"timestamp":"2026-05-05T12:27:10.748508Z","level":"info","event":"outlet_events: OutletEventAccessors(_dict={})","logger":"task.stdout"}
{"timestamp":"2026-05-05T12:27:10.749190Z","level":"info","event":"inlet_events: InletEventsAccessors(_inlets=[], _assets={}, _asset_aliases={})","logger":"task.stdout"}
{"timestamp":"2026-05-05T12:27:10.749855Z","level":"info","event":"macros: <MacrosAccessor (dynamic access to macros)>","logger":"task.stdout"}
{"timestamp":"2026-05-05T12:27:10.750417Z","level":"info","event":"params: {}","logger":"task.stdout"}
{"timestamp":"2026-05-05T12:27:10.752202Z","level":"info","event":"var: {'json': <VariableAccessor (dynamic access)>, 'value': <VariableAccessor (dynamic access)>}","logger":"task.stdout"}
{"timestamp":"2026-05-05T12:27:10.752804Z","level":"info","event":"conn: <ConnectionAccessor (dynamic access)>","logger":"task.stdout"}
{"timestamp":"2026-05-05T12:27:10.753360Z","level":"info","event":"dag_run: dag_id='print_interval_dag' run_id='scheduled__2025-05-31T00:00:00+00:00' logical_date=datetime.datetime(2025, 5, 31, 0, 0, tzinfo=datetime.timezone.utc) data_interval_start=datetime.datetime(2025, 5, 31, 0, 0, tzinfo=datetime.timezone.utc) data_interval_end=datetime.datetime(2025, 5, 31, 0, 0, tzinfo=datetime.timezone.utc) run_after=datetime.datetime(2025, 5, 31, 0, 0, tzinfo=datetime.timezone.utc) start_date=datetime.datetime(2026, 5, 5, 12, 27, 9, 323352, tzinfo=datetime.timezone.utc) end_date=None clear_number=0 run_type=<DagRunType.SCHEDULED: 'scheduled'> state=<DagRunState.RUNNING: 'running'> conf={} triggering_user_name=None consumed_asset_events=[] partition_key=None note=None","logger":"task.stdout"}
{"timestamp":"2026-05-05T12:27:10.754578Z","level":"info","event":"triggering_asset_events: TriggeringAssetEventAccessor(_events=defaultdict(<class 'list'>, {}))","logger":"task.stdout"}
{"timestamp":"2026-05-05T12:27:10.755581Z","level":"info","event":"task_instance_key_str: print_interval_dag__print_interval__20250531","logger":"task.stdout"}
{"timestamp":"2026-05-05T12:27:10.756106Z","level":"info","event":"task_reschedule_count: 0","logger":"task.stdout"}
{"timestamp":"2026-05-05T12:27:10.818596Z","level":"info","event":"prev_start_date_success: 2026-05-05 12:27:08.469704+00:00","logger":"task.stdout"}
{"timestamp":"2026-05-05T12:27:10.819614Z","level":"info","event":"prev_end_date_success: 2026-05-05 12:27:10.318983+00:00","logger":"task.stdout"}
{"timestamp":"2026-05-05T12:27:10.829955Z","level":"info","event":"logical_date: 2025-05-31 00:00:00+00:00","logger":"task.stdout"}
{"timestamp":"2026-05-05T12:27:10.830512Z","level":"info","event":"ds: 2025-05-31","logger":"task.stdout"}
{"timestamp":"2026-05-05T12:27:10.831338Z","level":"info","event":"ds_nodash: 20250531","logger":"task.stdout"}
{"timestamp":"2026-05-05T12:27:10.831917Z","level":"info","event":"ts: 2025-05-31T00:00:00+00:00","logger":"task.stdout"}
{"timestamp":"2026-05-05T12:27:10.832487Z","level":"info","event":"ts_nodash: 20250531T000000","logger":"task.stdout"}
{"timestamp":"2026-05-05T12:27:10.833223Z","level":"info","event":"ts_nodash_with_tz: 20250531T000000+0000","logger":"task.stdout"}
{"timestamp":"2026-05-05T12:27:10.833647Z","level":"info","event":"data_interval_end: 2025-05-31 00:00:00+00:00","logger":"task.stdout"}
{"timestamp":"2026-05-05T12:27:10.834488Z","level":"info","event":"data_interval_start: 2025-05-31 00:00:00+00:00","logger":"task.stdout"}
{"timestamp":"2026-05-05T12:27:10.835244Z","level":"info","event":"prev_data_interval_start_success: 2025-05-30 18:00:00+00:00","logger":"task.stdout"}
{"timestamp":"2026-05-05T12:27:10.835781Z","level":"info","event":"prev_data_interval_end_success: 2025-05-30 18:00:00+00:00","logger":"task.stdout"}
{"timestamp":"2026-05-05T12:27:10.837322Z","level":"info","event":"templates_dict: None","logger":"task.stdout"}
{"timestamp":"2026-05-05T12:27:10.816965Z","level":"info","event":"Done. Returned value was: None","logger":"airflow.task.operators.airflow.providers.standard.operators.python.PythonOperator","filename":"python.py","lineno":229}
{"timestamp":"2026-05-05T12:27:10.935100Z","level":"info","event":"Task instance in success state","logger":"task.stdout"}
{"timestamp":"2026-05-05T12:27:10.935836Z","level":"info","event":" Previous state of the Task instance: TaskInstanceState.RUNNING","logger":"task.stdout"}
{"timestamp":"2026-05-05T12:27:10.936281Z","level":"info","event":"Task operator:<Task(PythonOperator): print_interval>","logger":"task.stdout"}
