{"timestamp":"2026-05-05T10:30:05.835835Z","level":"info","event":"DAG bundles loaded: dags-folder, example_dags","logger":"airflow.dag_processing.bundles.manager.DagBundlesManager","filename":"manager.py","lineno":209}
{"timestamp":"2026-05-05T10:30:05.837825Z","level":"info","event":"Filling up the DagBag from /opt/airflow/dags/print_interval_dag.py","logger":"airflow.dag_processing.dagbag.BundleDagBag","filename":"dagbag.py","lineno":469}
{"timestamp":"2026-05-05T10:30:05.848057Z","level":"warning","event":"The `airflow.operators.python.PythonOperator` attribute is deprecated. Please use `'airflow.providers.standard.operators.python.PythonOperator'`.","category":"UserWarning","filename":"/opt/airflow/dags/print_interval_dag.py","lineno":2,"logger":"py.warnings"}
{"timestamp":"2026-05-05T10:30:05.911813Z","level":"info","event":"Task instance is in running state","logger":"task.stdout"}
{"timestamp":"2026-05-05T10:30:05.912529Z","level":"info","event":" Previous state of the Task instance: TaskInstanceState.QUEUED","logger":"task.stdout"}
{"timestamp":"2026-05-05T10:30:05.914290Z","level":"info","event":"Current task name:print_interval","logger":"task.stdout"}
{"timestamp":"2026-05-05T10:30:05.916091Z","level":"info","event":"Dag name:print_interval_dag","logger":"task.stdout"}
{"timestamp":"2026-05-05T10:30:05.919137Z","level":"info","event":"Interval Start: 2025-05-13 12:00:00+00:00","logger":"task.stdout"}
{"timestamp":"2026-05-05T10:30:05.919764Z","level":"info","event":"Interval End:   2025-05-13 12:00:00+00:00","logger":"task.stdout"}
{"timestamp":"2026-05-05T10:30:05.918135Z","level":"info","event":"Done. Returned value was: None","logger":"airflow.task.operators.airflow.providers.standard.operators.python.PythonOperator","filename":"python.py","lineno":229}
{"timestamp":"2026-05-05T10:30:05.997109Z","level":"info","event":"Task instance in success state","logger":"task.stdout"}
{"timestamp":"2026-05-05T10:30:06.001567Z","level":"info","event":" Previous state of the Task instance: TaskInstanceState.RUNNING","logger":"task.stdout"}
{"timestamp":"2026-05-05T10:30:06.002121Z","level":"info","event":"Task operator:<Task(PythonOperator): print_interval>","logger":"task.stdout"}
{"timestamp":"2026-05-05T12:25:57.934423Z","level":"info","event":"DAG bundles loaded: dags-folder, example_dags","logger":"airflow.dag_processing.bundles.manager.DagBundlesManager","filename":"manager.py","lineno":209}
{"timestamp":"2026-05-05T12:25:57.936818Z","level":"info","event":"Filling up the DagBag from /opt/airflow/dags/print_interval_dag.py","logger":"airflow.dag_processing.dagbag.BundleDagBag","filename":"dagbag.py","lineno":469}
{"timestamp":"2026-05-05T12:25:58.122379Z","level":"info","event":"Task instance is in running state","logger":"task.stdout"}
{"timestamp":"2026-05-05T12:25:58.123031Z","level":"info","event":" Previous state of the Task instance: TaskInstanceState.QUEUED","logger":"task.stdout"}
{"timestamp":"2026-05-05T12:25:58.125994Z","level":"info","event":"Current task name:print_interval","logger":"task.stdout"}
{"timestamp":"2026-05-05T12:25:58.126684Z","level":"info","event":"Dag name:print_interval_dag","logger":"task.stdout"}
{"timestamp":"2026-05-05T12:25:58.127321Z","level":"info","event":"=== ALL AVAILABLE MACROS ===","logger":"task.stdout"}
{"timestamp":"2026-05-05T12:25:58.130151Z","level":"info","event":"dag: <DAG: print_interval_dag>","logger":"task.stdout"}
{"timestamp":"2026-05-05T12:25:58.130793Z","level":"info","event":"inlets: []","logger":"task.stdout"}
{"timestamp":"2026-05-05T12:25:58.131314Z","level":"info","event":"map_index_template: None","logger":"task.stdout"}
{"timestamp":"2026-05-05T12:25:58.134925Z","level":"info","event":"outlets: []","logger":"task.stdout"}
{"timestamp":"2026-05-05T12:25:58.135746Z","level":"info","event":"run_id: scheduled__2025-05-13T12:00:00+00:00","logger":"task.stdout"}
{"timestamp":"2026-05-05T12:25:58.136270Z","level":"info","event":"task: <Task(PythonOperator): print_interval>","logger":"task.stdout"}
{"timestamp":"2026-05-05T12:25:58.138002Z","level":"info","event":"task_instance: id=UUID('019df81a-23bc-78a5-aed5-c33917798829') task_id='print_interval' dag_id='print_interval_dag' run_id='scheduled__2025-05-13T12:00:00+00:00' try_number=1 dag_version_id=UUID('019df815-a045-750b-bac8-47ced7cc6a45') map_index=-1 hostname='86abe326db93' context_carrier={'traceparent': '00-028b87553b5f0a32fdf09e4e5161c874-59ae79f241c1f4a2-01'} task=<Task(PythonOperator): print_interval> bundle_instance=LocalDagBundle(name=dags-folder) max_tries=0 start_date=datetime.datetime(2026, 5, 5, 12, 25, 56, 359742, tzinfo=datetime.timezone.utc) end_date=None state=<TaskInstanceState.RUNNING: 'running'> is_mapped=False rendered_map_index=None sentry_integration=''","logger":"task.stdout"}
{"timestamp":"2026-05-05T12:25:58.139063Z","level":"info","event":"ti: id=UUID('019df81a-23bc-78a5-aed5-c33917798829') task_id='print_interval' dag_id='print_interval_dag' run_id='scheduled__2025-05-13T12:00:00+00:00' try_number=1 dag_version_id=UUID('019df815-a045-750b-bac8-47ced7cc6a45') map_index=-1 hostname='86abe326db93' context_carrier={'traceparent': '00-028b87553b5f0a32fdf09e4e5161c874-59ae79f241c1f4a2-01'} task=<Task(PythonOperator): print_interval> bundle_instance=LocalDagBundle(name=dags-folder) max_tries=0 start_date=datetime.datetime(2026, 5, 5, 12, 25, 56, 359742, tzinfo=datetime.timezone.utc) end_date=None state=<TaskInstanceState.RUNNING: 'running'> is_mapped=False rendered_map_index=None sentry_integration=''","logger":"task.stdout"}
{"timestamp":"2026-05-05T12:25:58.139715Z","level":"info","event":"outlet_events: OutletEventAccessors(_dict={})","logger":"task.stdout"}
{"timestamp":"2026-05-05T12:25:58.141662Z","level":"info","event":"inlet_events: InletEventsAccessors(_inlets=[], _assets={}, _asset_aliases={})","logger":"task.stdout"}
{"timestamp":"2026-05-05T12:25:58.142209Z","level":"info","event":"macros: <MacrosAccessor (dynamic access to macros)>","logger":"task.stdout"}
{"timestamp":"2026-05-05T12:25:58.142784Z","level":"info","event":"params: {}","logger":"task.stdout"}
{"timestamp":"2026-05-05T12:25:58.148186Z","level":"info","event":"var: {'json': <VariableAccessor (dynamic access)>, 'value': <VariableAccessor (dynamic access)>}","logger":"task.stdout"}
{"timestamp":"2026-05-05T12:25:58.148809Z","level":"info","event":"conn: <ConnectionAccessor (dynamic access)>","logger":"task.stdout"}
{"timestamp":"2026-05-05T12:25:58.149256Z","level":"info","event":"dag_run: dag_id='print_interval_dag' run_id='scheduled__2025-05-13T12:00:00+00:00' logical_date=datetime.datetime(2025, 5, 13, 12, 0, tzinfo=datetime.timezone.utc) data_interval_start=datetime.datetime(2025, 5, 13, 12, 0, tzinfo=datetime.timezone.utc) data_interval_end=datetime.datetime(2025, 5, 13, 12, 0, tzinfo=datetime.timezone.utc) run_after=datetime.datetime(2025, 5, 13, 12, 0, tzinfo=datetime.timezone.utc) start_date=datetime.datetime(2026, 5, 5, 12, 25, 55, 929588, tzinfo=datetime.timezone.utc) end_date=None clear_number=0 run_type=<DagRunType.SCHEDULED: 'scheduled'> state=<DagRunState.RUNNING: 'running'> conf={} triggering_user_name=None consumed_asset_events=[] partition_key=None note=None","logger":"task.stdout"}
{"timestamp":"2026-05-05T12:25:58.149913Z","level":"info","event":"triggering_asset_events: TriggeringAssetEventAccessor(_events=defaultdict(<class 'list'>, {}))","logger":"task.stdout"}
{"timestamp":"2026-05-05T12:25:58.150342Z","level":"info","event":"task_instance_key_str: print_interval_dag__print_interval__20250513","logger":"task.stdout"}
{"timestamp":"2026-05-05T12:25:58.153176Z","level":"info","event":"task_reschedule_count: 0","logger":"task.stdout"}
{"timestamp":"2026-05-05T12:25:58.182221Z","level":"info","event":"prev_start_date_success: 2026-05-05 12:25:55.429981+00:00","logger":"task.stdout"}
{"timestamp":"2026-05-05T12:25:58.182855Z","level":"info","event":"prev_end_date_success: 2026-05-05 12:25:58.092992+00:00","logger":"task.stdout"}
{"timestamp":"2026-05-05T12:25:58.184037Z","level":"info","event":"logical_date: 2025-05-13 12:00:00+00:00","logger":"task.stdout"}
{"timestamp":"2026-05-05T12:25:58.184949Z","level":"info","event":"ds: 2025-05-13","logger":"task.stdout"}
{"timestamp":"2026-05-05T12:25:58.185636Z","level":"info","event":"ds_nodash: 20250513","logger":"task.stdout"}
{"timestamp":"2026-05-05T12:25:58.186975Z","level":"info","event":"ts: 2025-05-13T12:00:00+00:00","logger":"task.stdout"}
{"timestamp":"2026-05-05T12:25:58.188013Z","level":"info","event":"ts_nodash: 20250513T120000","logger":"task.stdout"}
{"timestamp":"2026-05-05T12:25:58.188528Z","level":"info","event":"ts_nodash_with_tz: 20250513T120000+0000","logger":"task.stdout"}
{"timestamp":"2026-05-05T12:25:58.190071Z","level":"info","event":"data_interval_end: 2025-05-13 12:00:00+00:00","logger":"task.stdout"}
{"timestamp":"2026-05-05T12:25:58.191126Z","level":"info","event":"data_interval_start: 2025-05-13 12:00:00+00:00","logger":"task.stdout"}
{"timestamp":"2026-05-05T12:25:58.191825Z","level":"info","event":"prev_data_interval_start_success: 2025-05-13 09:00:00+00:00","logger":"task.stdout"}
{"timestamp":"2026-05-05T12:25:58.193149Z","level":"info","event":"prev_data_interval_end_success: 2025-05-13 09:00:00+00:00","logger":"task.stdout"}
{"timestamp":"2026-05-05T12:25:58.193697Z","level":"info","event":"templates_dict: None","logger":"task.stdout"}
{"timestamp":"2026-05-05T12:25:58.181373Z","level":"info","event":"Done. Returned value was: None","logger":"airflow.task.operators.airflow.providers.standard.operators.python.PythonOperator","filename":"python.py","lineno":229}
{"timestamp":"2026-05-05T12:25:58.240809Z","level":"info","event":"Task instance in success state","logger":"task.stdout"}
{"timestamp":"2026-05-05T12:25:58.241360Z","level":"info","event":" Previous state of the Task instance: TaskInstanceState.RUNNING","logger":"task.stdout"}
{"timestamp":"2026-05-05T12:25:58.241873Z","level":"info","event":"Task operator:<Task(PythonOperator): print_interval>","logger":"task.stdout"}
