{"timestamp":"2026-05-05T10:59:45.626851Z","level":"info","event":"DAG bundles loaded: dags-folder, example_dags","logger":"airflow.dag_processing.bundles.manager.DagBundlesManager","filename":"manager.py","lineno":209}
{"timestamp":"2026-05-05T10:59:45.628601Z","level":"info","event":"Filling up the DagBag from /opt/airflow/dags/print_interval_dag.py","logger":"airflow.dag_processing.dagbag.BundleDagBag","filename":"dagbag.py","lineno":469}
{"timestamp":"2026-05-05T10:59:45.649005Z","level":"warning","event":"The `airflow.operators.python.PythonOperator` attribute is deprecated. Please use `'airflow.providers.standard.operators.python.PythonOperator'`.","category":"UserWarning","filename":"/opt/airflow/dags/print_interval_dag.py","lineno":2,"logger":"py.warnings"}
{"timestamp":"2026-05-05T10:59:45.729552Z","level":"info","event":"Task instance is in running state","logger":"task.stdout"}
{"timestamp":"2026-05-05T10:59:45.733292Z","level":"info","event":" Previous state of the Task instance: TaskInstanceState.QUEUED","logger":"task.stdout"}
{"timestamp":"2026-05-05T10:59:45.733860Z","level":"info","event":"Current task name:print_interval","logger":"task.stdout"}
{"timestamp":"2026-05-05T10:59:45.734305Z","level":"info","event":"Dag name:print_interval_dag","logger":"task.stdout"}
{"timestamp":"2026-05-05T10:59:45.739222Z","level":"info","event":"Interval Start: 2026-05-01 09:00:00+00:00","logger":"task.stdout"}
{"timestamp":"2026-05-05T10:59:45.741441Z","level":"info","event":"Interval End:   2026-05-01 09:00:00+00:00","logger":"task.stdout"}
{"timestamp":"2026-05-05T10:59:45.739799Z","level":"info","event":"Done. Returned value was: None","logger":"airflow.task.operators.airflow.providers.standard.operators.python.PythonOperator","filename":"python.py","lineno":229}
{"timestamp":"2026-05-05T10:59:45.797049Z","level":"info","event":"Task instance in success state","logger":"task.stdout"}
{"timestamp":"2026-05-05T10:59:45.797703Z","level":"info","event":" Previous state of the Task instance: TaskInstanceState.RUNNING","logger":"task.stdout"}
{"timestamp":"2026-05-05T10:59:45.798467Z","level":"info","event":"Task operator:<Task(PythonOperator): print_interval>","logger":"task.stdout"}
{"timestamp":"2026-05-05T12:36:31.964240Z","level":"info","event":"DAG bundles loaded: dags-folder, example_dags","logger":"airflow.dag_processing.bundles.manager.DagBundlesManager","filename":"manager.py","lineno":209}
{"timestamp":"2026-05-05T12:36:31.966191Z","level":"info","event":"Filling up the DagBag from /opt/airflow/dags/print_interval_dag.py","logger":"airflow.dag_processing.dagbag.BundleDagBag","filename":"dagbag.py","lineno":469}
{"timestamp":"2026-05-05T12:36:32.025940Z","level":"info","event":"Task instance is in running state","logger":"task.stdout"}
{"timestamp":"2026-05-05T12:36:32.027043Z","level":"info","event":" Previous state of the Task instance: TaskInstanceState.QUEUED","logger":"task.stdout"}
{"timestamp":"2026-05-05T12:36:32.027966Z","level":"info","event":"Current task name:print_interval","logger":"task.stdout"}
{"timestamp":"2026-05-05T12:36:32.028845Z","level":"info","event":"Dag name:print_interval_dag","logger":"task.stdout"}
{"timestamp":"2026-05-05T12:36:32.031137Z","level":"info","event":"=== INTERVAL INFO ===","logger":"task.stdout"}
{"timestamp":"2026-05-05T12:36:32.032165Z","level":"info","event":"Interval Start:  2026-05-01 09:00:00+00:00","logger":"task.stdout"}
{"timestamp":"2026-05-05T12:36:32.032833Z","level":"info","event":"Interval End:    2026-05-01 09:00:00+00:00","logger":"task.stdout"}
{"timestamp":"2026-05-05T12:36:32.033812Z","level":"info","event":"Duration:        <Interval [2026-05-01 09:00:00+00:00 -> 2026-05-01 09:00:00+00:00]>","logger":"task.stdout"}
{"timestamp":"2026-05-05T12:36:32.034598Z","level":"info","event":"=== ALL AVAILABLE MACROS ===","logger":"task.stdout"}
{"timestamp":"2026-05-05T12:36:32.037949Z","level":"info","event":"dag: <DAG: print_interval_dag>","logger":"task.stdout"}
{"timestamp":"2026-05-05T12:36:32.038487Z","level":"info","event":"inlets: []","logger":"task.stdout"}
{"timestamp":"2026-05-05T12:36:32.041027Z","level":"info","event":"map_index_template: None","logger":"task.stdout"}
{"timestamp":"2026-05-05T12:36:32.041493Z","level":"info","event":"outlets: []","logger":"task.stdout"}
{"timestamp":"2026-05-05T12:36:32.042280Z","level":"info","event":"run_id: scheduled__2026-05-01T09:00:00+00:00","logger":"task.stdout"}
{"timestamp":"2026-05-05T12:36:32.042879Z","level":"info","event":"task: <Task(PythonOperator): print_interval>","logger":"task.stdout"}
{"timestamp":"2026-05-05T12:36:32.044240Z","level":"info","event":"task_instance: id=UUID('019df823-d30a-7ea6-a0e0-681cb72e3266') task_id='print_interval' dag_id='print_interval_dag' run_id='scheduled__2026-05-01T09:00:00+00:00' try_number=1 dag_version_id=UUID('019df823-45c2-7d20-afca-e010bf7e0ba7') map_index=-1 hostname='86abe326db93' context_carrier={'traceparent': '00-5bdbbeaf5950a6a5007a4396fb2ac318-3aaf4f2e59f54a24-01'} task=<Task(PythonOperator): print_interval> bundle_instance=LocalDagBundle(name=dags-folder) max_tries=0 start_date=datetime.datetime(2026, 5, 5, 12, 36, 30, 953249, tzinfo=datetime.timezone.utc) end_date=None state=<TaskInstanceState.RUNNING: 'running'> is_mapped=False rendered_map_index=None sentry_integration=''","logger":"task.stdout"}
{"timestamp":"2026-05-05T12:36:32.044951Z","level":"info","event":"ti: id=UUID('019df823-d30a-7ea6-a0e0-681cb72e3266') task_id='print_interval' dag_id='print_interval_dag' run_id='scheduled__2026-05-01T09:00:00+00:00' try_number=1 dag_version_id=UUID('019df823-45c2-7d20-afca-e010bf7e0ba7') map_index=-1 hostname='86abe326db93' context_carrier={'traceparent': '00-5bdbbeaf5950a6a5007a4396fb2ac318-3aaf4f2e59f54a24-01'} task=<Task(PythonOperator): print_interval> bundle_instance=LocalDagBundle(name=dags-folder) max_tries=0 start_date=datetime.datetime(2026, 5, 5, 12, 36, 30, 953249, tzinfo=datetime.timezone.utc) end_date=None state=<TaskInstanceState.RUNNING: 'running'> is_mapped=False rendered_map_index=None sentry_integration=''","logger":"task.stdout"}
{"timestamp":"2026-05-05T12:36:32.047224Z","level":"info","event":"outlet_events: OutletEventAccessors(_dict={})","logger":"task.stdout"}
{"timestamp":"2026-05-05T12:36:32.047859Z","level":"info","event":"inlet_events: InletEventsAccessors(_inlets=[], _assets={}, _asset_aliases={})","logger":"task.stdout"}
{"timestamp":"2026-05-05T12:36:32.048308Z","level":"info","event":"macros: <MacrosAccessor (dynamic access to macros)>","logger":"task.stdout"}
{"timestamp":"2026-05-05T12:36:32.049932Z","level":"info","event":"params: {}","logger":"task.stdout"}
{"timestamp":"2026-05-05T12:36:32.050462Z","level":"info","event":"var: {'json': <VariableAccessor (dynamic access)>, 'value': <VariableAccessor (dynamic access)>}","logger":"task.stdout"}
{"timestamp":"2026-05-05T12:36:32.053358Z","level":"info","event":"conn: <ConnectionAccessor (dynamic access)>","logger":"task.stdout"}
{"timestamp":"2026-05-05T12:36:32.054039Z","level":"info","event":"dag_run: dag_id='print_interval_dag' run_id='scheduled__2026-05-01T09:00:00+00:00' logical_date=datetime.datetime(2026, 5, 1, 9, 0, tzinfo=datetime.timezone.utc) data_interval_start=datetime.datetime(2026, 5, 1, 9, 0, tzinfo=datetime.timezone.utc) data_interval_end=datetime.datetime(2026, 5, 1, 9, 0, tzinfo=datetime.timezone.utc) run_after=datetime.datetime(2026, 5, 1, 9, 0, tzinfo=datetime.timezone.utc) start_date=datetime.datetime(2026, 5, 5, 12, 36, 30, 629273, tzinfo=datetime.timezone.utc) end_date=None clear_number=0 run_type=<DagRunType.SCHEDULED: 'scheduled'> state=<DagRunState.RUNNING: 'running'> conf={} triggering_user_name=None consumed_asset_events=[] partition_key=None note=None","logger":"task.stdout"}
{"timestamp":"2026-05-05T12:36:32.054811Z","level":"info","event":"triggering_asset_events: TriggeringAssetEventAccessor(_events=defaultdict(<class 'list'>, {}))","logger":"task.stdout"}
{"timestamp":"2026-05-05T12:36:32.055322Z","level":"info","event":"task_instance_key_str: print_interval_dag__print_interval__20260501","logger":"task.stdout"}
{"timestamp":"2026-05-05T12:36:32.055818Z","level":"info","event":"task_reschedule_count: 0","logger":"task.stdout"}
{"timestamp":"2026-05-05T12:36:32.081538Z","level":"info","event":"prev_start_date_success: 2026-05-05 12:36:30.335905+00:00","logger":"task.stdout"}
{"timestamp":"2026-05-05T12:36:32.082451Z","level":"info","event":"prev_end_date_success: 2026-05-05 12:36:32.014728+00:00","logger":"task.stdout"}
{"timestamp":"2026-05-05T12:36:32.082963Z","level":"info","event":"logical_date: 2026-05-01 09:00:00+00:00","logger":"task.stdout"}
{"timestamp":"2026-05-05T12:36:32.083368Z","level":"info","event":"ds: 2026-05-01","logger":"task.stdout"}
{"timestamp":"2026-05-05T12:36:32.083761Z","level":"info","event":"ds_nodash: 20260501","logger":"task.stdout"}
{"timestamp":"2026-05-05T12:36:32.084300Z","level":"info","event":"ts: 2026-05-01T09:00:00+00:00","logger":"task.stdout"}
{"timestamp":"2026-05-05T12:36:32.084666Z","level":"info","event":"ts_nodash: 20260501T090000","logger":"task.stdout"}
{"timestamp":"2026-05-05T12:36:32.085575Z","level":"info","event":"ts_nodash_with_tz: 20260501T090000+0000","logger":"task.stdout"}
{"timestamp":"2026-05-05T12:36:32.086963Z","level":"info","event":"data_interval_end: 2026-05-01 09:00:00+00:00","logger":"task.stdout"}
{"timestamp":"2026-05-05T12:36:32.087531Z","level":"info","event":"data_interval_start: 2026-05-01 09:00:00+00:00","logger":"task.stdout"}
{"timestamp":"2026-05-05T12:36:32.088204Z","level":"info","event":"prev_data_interval_start_success: 2026-05-01 06:00:00+00:00","logger":"task.stdout"}
{"timestamp":"2026-05-05T12:36:32.088597Z","level":"info","event":"prev_data_interval_end_success: 2026-05-01 06:00:00+00:00","logger":"task.stdout"}
{"timestamp":"2026-05-05T12:36:32.089090Z","level":"info","event":"templates_dict: None","logger":"task.stdout"}
{"timestamp":"2026-05-05T12:36:32.080444Z","level":"info","event":"Done. Returned value was: None","logger":"airflow.task.operators.airflow.providers.standard.operators.python.PythonOperator","filename":"python.py","lineno":229}
{"timestamp":"2026-05-05T12:36:32.130774Z","level":"info","event":"Task instance in success state","logger":"task.stdout"}
{"timestamp":"2026-05-05T12:36:32.131352Z","level":"info","event":" Previous state of the Task instance: TaskInstanceState.RUNNING","logger":"task.stdout"}
{"timestamp":"2026-05-05T12:36:32.132034Z","level":"info","event":"Task operator:<Task(PythonOperator): print_interval>","logger":"task.stdout"}
{"timestamp":"2026-05-05T13:23:45.458170Z","level":"info","event":"DAG bundles loaded: dags-folder, example_dags","logger":"airflow.dag_processing.bundles.manager.DagBundlesManager","filename":"manager.py","lineno":209}
{"timestamp":"2026-05-05T13:23:45.463888Z","level":"info","event":"Filling up the DagBag from /opt/airflow/dags/print_interval_dag.py","logger":"airflow.dag_processing.dagbag.BundleDagBag","filename":"dagbag.py","lineno":469}
{"timestamp":"2026-05-05T13:23:45.858117Z","level":"info","event":"Task instance is in running state","logger":"task.stdout"}
{"timestamp":"2026-05-05T13:23:45.858796Z","level":"info","event":" Previous state of the Task instance: TaskInstanceState.QUEUED","logger":"task.stdout"}
{"timestamp":"2026-05-05T13:23:45.859870Z","level":"info","event":"Current task name:print_interval","logger":"task.stdout"}
{"timestamp":"2026-05-05T13:23:45.860807Z","level":"info","event":"Dag name:print_interval_dag","logger":"task.stdout"}
{"timestamp":"2026-05-05T13:23:45.868103Z","level":"info","event":"=== INTERVAL INFO ===","logger":"task.stdout"}
{"timestamp":"2026-05-05T13:23:45.868898Z","level":"info","event":"Interval Start:  2026-05-01 09:00:00+00:00","logger":"task.stdout"}
{"timestamp":"2026-05-05T13:23:45.869986Z","level":"info","event":"Interval End:    2026-05-01 09:00:00+00:00","logger":"task.stdout"}
{"timestamp":"2026-05-05T13:23:45.870598Z","level":"info","event":"Duration:        0:00:00","logger":"task.stdout"}
{"timestamp":"2026-05-05T13:23:45.871862Z","level":"info","event":"=== ALL AVAILABLE MACROS ===","logger":"task.stdout"}
{"timestamp":"2026-05-05T13:23:45.872577Z","level":"info","event":"dag: <DAG: print_interval_dag>","logger":"task.stdout"}
{"timestamp":"2026-05-05T13:23:45.876290Z","level":"info","event":"inlets: []","logger":"task.stdout"}
{"timestamp":"2026-05-05T13:23:45.877012Z","level":"info","event":"map_index_template: None","logger":"task.stdout"}
{"timestamp":"2026-05-05T13:23:45.877606Z","level":"info","event":"outlets: []","logger":"task.stdout"}
{"timestamp":"2026-05-05T13:23:45.879441Z","level":"info","event":"run_id: scheduled__2026-05-01T09:00:00+00:00","logger":"task.stdout"}
{"timestamp":"2026-05-05T13:23:45.882148Z","level":"info","event":"task: <Task(PythonOperator): print_interval>","logger":"task.stdout"}
{"timestamp":"2026-05-05T13:23:45.883554Z","level":"info","event":"task_instance: id=UUID('019df84f-0ebb-7aa1-8143-a15ddb774cbe') task_id='print_interval' dag_id='print_interval_dag' run_id='scheduled__2026-05-01T09:00:00+00:00' try_number=1 dag_version_id=UUID('019df84c-bf62-7f14-8fe7-d050202e4827') map_index=-1 hostname='86abe326db93' context_carrier={'traceparent': '00-2dbd1e38c71b21dfd5b21fc44b104f0a-719c631532648583-01'} task=<Task(PythonOperator): print_interval> bundle_instance=LocalDagBundle(name=dags-folder) max_tries=0 start_date=datetime.datetime(2026, 5, 5, 13, 23, 44, 259331, tzinfo=datetime.timezone.utc) end_date=None state=<TaskInstanceState.RUNNING: 'running'> is_mapped=False rendered_map_index=None sentry_integration=''","logger":"task.stdout"}
{"timestamp":"2026-05-05T13:23:45.892072Z","level":"info","event":"ti: id=UUID('019df84f-0ebb-7aa1-8143-a15ddb774cbe') task_id='print_interval' dag_id='print_interval_dag' run_id='scheduled__2026-05-01T09:00:00+00:00' try_number=1 dag_version_id=UUID('019df84c-bf62-7f14-8fe7-d050202e4827') map_index=-1 hostname='86abe326db93' context_carrier={'traceparent': '00-2dbd1e38c71b21dfd5b21fc44b104f0a-719c631532648583-01'} task=<Task(PythonOperator): print_interval> bundle_instance=LocalDagBundle(name=dags-folder) max_tries=0 start_date=datetime.datetime(2026, 5, 5, 13, 23, 44, 259331, tzinfo=datetime.timezone.utc) end_date=None state=<TaskInstanceState.RUNNING: 'running'> is_mapped=False rendered_map_index=None sentry_integration=''","logger":"task.stdout"}
{"timestamp":"2026-05-05T13:23:45.893061Z","level":"info","event":"outlet_events: OutletEventAccessors(_dict={})","logger":"task.stdout"}
{"timestamp":"2026-05-05T13:23:45.896001Z","level":"info","event":"inlet_events: InletEventsAccessors(_inlets=[], _assets={}, _asset_aliases={})","logger":"task.stdout"}
{"timestamp":"2026-05-05T13:23:45.900483Z","level":"info","event":"macros: <MacrosAccessor (dynamic access to macros)>","logger":"task.stdout"}
{"timestamp":"2026-05-05T13:23:45.901136Z","level":"info","event":"params: {}","logger":"task.stdout"}
{"timestamp":"2026-05-05T13:23:45.901714Z","level":"info","event":"var: {'json': <VariableAccessor (dynamic access)>, 'value': <VariableAccessor (dynamic access)>}","logger":"task.stdout"}
{"timestamp":"2026-05-05T13:23:45.904743Z","level":"info","event":"conn: <ConnectionAccessor (dynamic access)>","logger":"task.stdout"}
{"timestamp":"2026-05-05T13:23:45.905509Z","level":"info","event":"dag_run: dag_id='print_interval_dag' run_id='scheduled__2026-05-01T09:00:00+00:00' logical_date=datetime.datetime(2026, 5, 1, 9, 0, tzinfo=datetime.timezone.utc) data_interval_start=datetime.datetime(2026, 5, 1, 9, 0, tzinfo=datetime.timezone.utc) data_interval_end=datetime.datetime(2026, 5, 1, 9, 0, tzinfo=datetime.timezone.utc) run_after=datetime.datetime(2026, 5, 1, 9, 0, tzinfo=datetime.timezone.utc) start_date=datetime.datetime(2026, 5, 5, 13, 23, 43, 954309, tzinfo=datetime.timezone.utc) end_date=None clear_number=0 run_type=<DagRunType.SCHEDULED: 'scheduled'> state=<DagRunState.RUNNING: 'running'> conf={} triggering_user_name=None consumed_asset_events=[] partition_key=None note=None","logger":"task.stdout"}
{"timestamp":"2026-05-05T13:23:45.906941Z","level":"info","event":"triggering_asset_events: TriggeringAssetEventAccessor(_events=defaultdict(<class 'list'>, {}))","logger":"task.stdout"}
{"timestamp":"2026-05-05T13:23:45.909167Z","level":"info","event":"task_instance_key_str: print_interval_dag__print_interval__20260501","logger":"task.stdout"}
{"timestamp":"2026-05-05T13:23:45.910229Z","level":"info","event":"task_reschedule_count: 0","logger":"task.stdout"}
{"timestamp":"2026-05-05T13:23:45.953084Z","level":"info","event":"prev_start_date_success: 2026-05-05 13:23:43.244703+00:00","logger":"task.stdout"}
{"timestamp":"2026-05-05T13:23:45.957863Z","level":"info","event":"prev_end_date_success: 2026-05-05 13:23:45.064983+00:00","logger":"task.stdout"}
{"timestamp":"2026-05-05T13:23:45.960054Z","level":"info","event":"logical_date: 2026-05-01 09:00:00+00:00","logger":"task.stdout"}
{"timestamp":"2026-05-05T13:23:45.971215Z","level":"info","event":"ds: 2026-05-01","logger":"task.stdout"}
{"timestamp":"2026-05-05T13:23:45.975116Z","level":"info","event":"ds_nodash: 20260501","logger":"task.stdout"}
{"timestamp":"2026-05-05T13:23:45.975816Z","level":"info","event":"ts: 2026-05-01T09:00:00+00:00","logger":"task.stdout"}
{"timestamp":"2026-05-05T13:23:45.977336Z","level":"info","event":"ts_nodash: 20260501T090000","logger":"task.stdout"}
{"timestamp":"2026-05-05T13:23:45.979171Z","level":"info","event":"ts_nodash_with_tz: 20260501T090000+0000","logger":"task.stdout"}
{"timestamp":"2026-05-05T13:23:45.979790Z","level":"info","event":"data_interval_end: 2026-05-01 09:00:00+00:00","logger":"task.stdout"}
{"timestamp":"2026-05-05T13:23:45.982463Z","level":"info","event":"data_interval_start: 2026-05-01 09:00:00+00:00","logger":"task.stdout"}
{"timestamp":"2026-05-05T13:23:45.983138Z","level":"info","event":"prev_data_interval_start_success: 2026-05-01 03:00:00+00:00","logger":"task.stdout"}
{"timestamp":"2026-05-05T13:23:45.984999Z","level":"info","event":"prev_data_interval_end_success: 2026-05-01 03:00:00+00:00","logger":"task.stdout"}
{"timestamp":"2026-05-05T13:23:45.985522Z","level":"info","event":"templates_dict: None","logger":"task.stdout"}
{"timestamp":"2026-05-05T13:23:45.952112Z","level":"info","event":"Done. Returned value was: None","logger":"airflow.task.operators.airflow.providers.standard.operators.python.PythonOperator","filename":"python.py","lineno":229}
{"timestamp":"2026-05-05T13:23:46.042996Z","level":"info","event":"Task instance in success state","logger":"task.stdout"}
{"timestamp":"2026-05-05T13:23:46.046140Z","level":"info","event":" Previous state of the Task instance: TaskInstanceState.RUNNING","logger":"task.stdout"}
{"timestamp":"2026-05-05T13:23:46.047114Z","level":"info","event":"Task operator:<Task(PythonOperator): print_interval>","logger":"task.stdout"}
{"timestamp":"2026-05-05T13:53:52.814444Z","level":"info","event":"DAG bundles loaded: dags-folder, example_dags","logger":"airflow.dag_processing.bundles.manager.DagBundlesManager","filename":"manager.py","lineno":209}
{"timestamp":"2026-05-05T13:53:52.816243Z","level":"info","event":"Filling up the DagBag from /opt/airflow/dags/print_interval_dag.py","logger":"airflow.dag_processing.dagbag.BundleDagBag","filename":"dagbag.py","lineno":469}
{"timestamp":"2026-05-05T13:53:52.884905Z","level":"info","event":"Task instance is in running state","logger":"task.stdout"}
{"timestamp":"2026-05-05T13:53:52.887477Z","level":"info","event":" Previous state of the Task instance: TaskInstanceState.QUEUED","logger":"task.stdout"}
{"timestamp":"2026-05-05T13:53:52.891021Z","level":"info","event":"Current task name:print_interval","logger":"task.stdout"}
{"timestamp":"2026-05-05T13:53:52.891620Z","level":"info","event":"Dag name:print_interval_dag","logger":"task.stdout"}
{"timestamp":"2026-05-05T13:53:52.895055Z","level":"info","event":"=== INTERVAL INFO ===","logger":"task.stdout"}
{"timestamp":"2026-05-05T13:53:52.898435Z","level":"info","event":"Interval Start:  2026-05-01 09:00:00+00:00","logger":"task.stdout"}
{"timestamp":"2026-05-05T13:53:52.899095Z","level":"info","event":"Interval End:    2026-05-01 12:00:00+00:00","logger":"task.stdout"}
{"timestamp":"2026-05-05T13:53:52.899687Z","level":"info","event":"Duration:        3:00:00","logger":"task.stdout"}
{"timestamp":"2026-05-05T13:53:52.900051Z","level":"info","event":"=== ALL AVAILABLE MACROS ===","logger":"task.stdout"}
{"timestamp":"2026-05-05T13:53:52.904681Z","level":"info","event":"dag: <DAG: print_interval_dag>","logger":"task.stdout"}
{"timestamp":"2026-05-05T13:53:52.905219Z","level":"info","event":"inlets: []","logger":"task.stdout"}
{"timestamp":"2026-05-05T13:53:52.906052Z","level":"info","event":"map_index_template: None","logger":"task.stdout"}
{"timestamp":"2026-05-05T13:53:52.916565Z","level":"info","event":"outlets: []","logger":"task.stdout"}
{"timestamp":"2026-05-05T13:53:52.917101Z","level":"info","event":"run_id: scheduled__2026-05-01T09:00:00+00:00","logger":"task.stdout"}
{"timestamp":"2026-05-05T13:53:52.917659Z","level":"info","event":"task: <Task(PythonOperator): print_interval>","logger":"task.stdout"}
{"timestamp":"2026-05-05T13:53:52.918054Z","level":"info","event":"task_instance: id=UUID('019df86a-a269-7aea-8f1e-26dd3affdfb6') task_id='print_interval' dag_id='print_interval_dag' run_id='scheduled__2026-05-01T09:00:00+00:00' try_number=1 dag_version_id=UUID('019df868-e424-75da-84ee-f728e7b06374') map_index=-1 hostname='86abe326db93' context_carrier={'traceparent': '00-d798e1dae27a3dbeede5ff06b7b0bbeb-c86a382c7c7f1c4f-01'} task=<Task(PythonOperator): print_interval> bundle_instance=LocalDagBundle(name=dags-folder) max_tries=0 start_date=datetime.datetime(2026, 5, 5, 13, 53, 51, 565338, tzinfo=datetime.timezone.utc) end_date=None state=<TaskInstanceState.RUNNING: 'running'> is_mapped=False rendered_map_index=None sentry_integration=''","logger":"task.stdout"}
{"timestamp":"2026-05-05T13:53:52.918472Z","level":"info","event":"ti: id=UUID('019df86a-a269-7aea-8f1e-26dd3affdfb6') task_id='print_interval' dag_id='print_interval_dag' run_id='scheduled__2026-05-01T09:00:00+00:00' try_number=1 dag_version_id=UUID('019df868-e424-75da-84ee-f728e7b06374') map_index=-1 hostname='86abe326db93' context_carrier={'traceparent': '00-d798e1dae27a3dbeede5ff06b7b0bbeb-c86a382c7c7f1c4f-01'} task=<Task(PythonOperator): print_interval> bundle_instance=LocalDagBundle(name=dags-folder) max_tries=0 start_date=datetime.datetime(2026, 5, 5, 13, 53, 51, 565338, tzinfo=datetime.timezone.utc) end_date=None state=<TaskInstanceState.RUNNING: 'running'> is_mapped=False rendered_map_index=None sentry_integration=''","logger":"task.stdout"}
{"timestamp":"2026-05-05T13:53:52.918834Z","level":"info","event":"outlet_events: OutletEventAccessors(_dict={})","logger":"task.stdout"}
{"timestamp":"2026-05-05T13:53:52.919243Z","level":"info","event":"inlet_events: InletEventsAccessors(_inlets=[], _assets={}, _asset_aliases={})","logger":"task.stdout"}
{"timestamp":"2026-05-05T13:53:52.919642Z","level":"info","event":"macros: <MacrosAccessor (dynamic access to macros)>","logger":"task.stdout"}
{"timestamp":"2026-05-05T13:53:52.920025Z","level":"info","event":"params: {}","logger":"task.stdout"}
{"timestamp":"2026-05-05T13:53:52.920376Z","level":"info","event":"var: {'json': <VariableAccessor (dynamic access)>, 'value': <VariableAccessor (dynamic access)>}","logger":"task.stdout"}
{"timestamp":"2026-05-05T13:53:52.920941Z","level":"info","event":"conn: <ConnectionAccessor (dynamic access)>","logger":"task.stdout"}
{"timestamp":"2026-05-05T13:53:52.922696Z","level":"info","event":"dag_run: dag_id='print_interval_dag' run_id='scheduled__2026-05-01T09:00:00+00:00' logical_date=datetime.datetime(2026, 5, 1, 9, 0, tzinfo=datetime.timezone.utc) data_interval_start=datetime.datetime(2026, 5, 1, 9, 0, tzinfo=datetime.timezone.utc) data_interval_end=datetime.datetime(2026, 5, 1, 9, 0, tzinfo=datetime.timezone.utc) run_after=datetime.datetime(2026, 5, 1, 9, 0, tzinfo=datetime.timezone.utc) start_date=datetime.datetime(2026, 5, 5, 13, 53, 51, 233858, tzinfo=datetime.timezone.utc) end_date=None clear_number=0 run_type=<DagRunType.SCHEDULED: 'scheduled'> state=<DagRunState.RUNNING: 'running'> conf={} triggering_user_name=None consumed_asset_events=[] partition_key=None note=None","logger":"task.stdout"}
{"timestamp":"2026-05-05T13:53:52.923240Z","level":"info","event":"triggering_asset_events: TriggeringAssetEventAccessor(_events=defaultdict(<class 'list'>, {}))","logger":"task.stdout"}
{"timestamp":"2026-05-05T13:53:52.926400Z","level":"info","event":"task_instance_key_str: print_interval_dag__print_interval__20260501","logger":"task.stdout"}
{"timestamp":"2026-05-05T13:53:52.926966Z","level":"info","event":"task_reschedule_count: 0","logger":"task.stdout"}
{"timestamp":"2026-05-05T13:53:52.951967Z","level":"info","event":"prev_start_date_success: 2026-05-05 13:53:50.885754+00:00","logger":"task.stdout"}
{"timestamp":"2026-05-05T13:53:52.953031Z","level":"info","event":"prev_end_date_success: 2026-05-05 13:53:52.655495+00:00","logger":"task.stdout"}
{"timestamp":"2026-05-05T13:53:52.953977Z","level":"info","event":"logical_date: 2026-05-01 09:00:00+00:00","logger":"task.stdout"}
{"timestamp":"2026-05-05T13:53:52.956392Z","level":"info","event":"ds: 2026-05-01","logger":"task.stdout"}
{"timestamp":"2026-05-05T13:53:52.958018Z","level":"info","event":"ds_nodash: 20260501","logger":"task.stdout"}
{"timestamp":"2026-05-05T13:53:52.959100Z","level":"info","event":"ts: 2026-05-01T09:00:00+00:00","logger":"task.stdout"}
{"timestamp":"2026-05-05T13:53:52.959604Z","level":"info","event":"ts_nodash: 20260501T090000","logger":"task.stdout"}
{"timestamp":"2026-05-05T13:53:52.960154Z","level":"info","event":"ts_nodash_with_tz: 20260501T090000+0000","logger":"task.stdout"}
{"timestamp":"2026-05-05T13:53:52.963009Z","level":"info","event":"data_interval_end: 2026-05-01 09:00:00+00:00","logger":"task.stdout"}
{"timestamp":"2026-05-05T13:53:52.964035Z","level":"info","event":"data_interval_start: 2026-05-01 09:00:00+00:00","logger":"task.stdout"}
{"timestamp":"2026-05-05T13:53:52.964672Z","level":"info","event":"prev_data_interval_start_success: 2026-05-01 06:00:00+00:00","logger":"task.stdout"}
{"timestamp":"2026-05-05T13:53:52.965135Z","level":"info","event":"prev_data_interval_end_success: 2026-05-01 06:00:00+00:00","logger":"task.stdout"}
{"timestamp":"2026-05-05T13:53:52.966393Z","level":"info","event":"templates_dict: None","logger":"task.stdout"}
{"timestamp":"2026-05-05T13:53:52.952012Z","level":"info","event":"Done. Returned value was: None","logger":"airflow.task.operators.airflow.providers.standard.operators.python.PythonOperator","filename":"python.py","lineno":229}
{"timestamp":"2026-05-05T13:53:53.084544Z","level":"info","event":"Task instance in success state","logger":"task.stdout"}
{"timestamp":"2026-05-05T13:53:53.089495Z","level":"info","event":" Previous state of the Task instance: TaskInstanceState.RUNNING","logger":"task.stdout"}
{"timestamp":"2026-05-05T13:53:53.089858Z","level":"info","event":"Task operator:<Task(PythonOperator): print_interval>","logger":"task.stdout"}
{"timestamp":"2026-05-06T14:47:10.384736Z","level":"info","event":"DAG bundles loaded: dags-folder, example_dags","logger":"airflow.dag_processing.bundles.manager.DagBundlesManager","filename":"manager.py","lineno":209}
{"timestamp":"2026-05-06T14:47:10.386411Z","level":"info","event":"Filling up the DagBag from /opt/airflow/dags/print_interval_dag.py","logger":"airflow.dag_processing.dagbag.BundleDagBag","filename":"dagbag.py","lineno":469}
{"timestamp":"2026-05-06T14:47:10.450786Z","level":"info","event":"Task instance is in running state","logger":"task.stdout"}
{"timestamp":"2026-05-06T14:47:10.451331Z","level":"info","event":" Previous state of the Task instance: TaskInstanceState.QUEUED","logger":"task.stdout"}
{"timestamp":"2026-05-06T14:47:10.451878Z","level":"info","event":"Current task name:print_interval","logger":"task.stdout"}
{"timestamp":"2026-05-06T14:47:10.452306Z","level":"info","event":"Dag name:print_interval_dag","logger":"task.stdout"}
{"timestamp":"2026-05-06T14:47:10.455292Z","level":"info","event":"=== INTERVAL INFO ===","logger":"task.stdout"}
{"timestamp":"2026-05-06T14:47:10.456782Z","level":"info","event":"Interval Start:  2026-05-01 09:00:00+00:00","logger":"task.stdout"}
{"timestamp":"2026-05-06T14:47:10.457333Z","level":"info","event":"Interval End:    2026-05-01 09:00:00+00:00","logger":"task.stdout"}
{"timestamp":"2026-05-06T14:47:10.457893Z","level":"info","event":"Duration:        0:00:00","logger":"task.stdout"}
{"timestamp":"2026-05-06T14:47:10.458306Z","level":"info","event":"=== ALL AVAILABLE MACROS ===","logger":"task.stdout"}
{"timestamp":"2026-05-06T14:47:10.458650Z","level":"info","event":"dag: <DAG: print_interval_dag>","logger":"task.stdout"}
{"timestamp":"2026-05-06T14:47:10.458957Z","level":"info","event":"inlets: []","logger":"task.stdout"}
{"timestamp":"2026-05-06T14:47:10.459341Z","level":"info","event":"map_index_template: None","logger":"task.stdout"}
{"timestamp":"2026-05-06T14:47:10.459649Z","level":"info","event":"outlets: []","logger":"task.stdout"}
{"timestamp":"2026-05-06T14:47:10.460164Z","level":"info","event":"run_id: scheduled__2026-05-01T09:00:00+00:00","logger":"task.stdout"}
{"timestamp":"2026-05-06T14:47:10.461264Z","level":"info","event":"task: <Task(PythonOperator): print_interval>","logger":"task.stdout"}
{"timestamp":"2026-05-06T14:47:10.461829Z","level":"info","event":"task_instance: id=UUID('019dfdc1-ca69-7bc9-94f6-da66ac229744') task_id='print_interval' dag_id='print_interval_dag' run_id='scheduled__2026-05-01T09:00:00+00:00' try_number=1 dag_version_id=UUID('019dfdc0-ac2b-7973-9b93-eab8e640e2bd') map_index=-1 hostname='86abe326db93' context_carrier={'traceparent': '00-144fee12682be57354af7a53e8d99503-b8dc32305ea69839-01'} task=<Task(PythonOperator): print_interval> bundle_instance=LocalDagBundle(name=dags-folder) max_tries=0 start_date=datetime.datetime(2026, 5, 6, 14, 47, 9, 493168, tzinfo=datetime.timezone.utc) end_date=None state=<TaskInstanceState.RUNNING: 'running'> is_mapped=False rendered_map_index=None sentry_integration=''","logger":"task.stdout"}
{"timestamp":"2026-05-06T14:47:10.466464Z","level":"info","event":"ti: id=UUID('019dfdc1-ca69-7bc9-94f6-da66ac229744') task_id='print_interval' dag_id='print_interval_dag' run_id='scheduled__2026-05-01T09:00:00+00:00' try_number=1 dag_version_id=UUID('019dfdc0-ac2b-7973-9b93-eab8e640e2bd') map_index=-1 hostname='86abe326db93' context_carrier={'traceparent': '00-144fee12682be57354af7a53e8d99503-b8dc32305ea69839-01'} task=<Task(PythonOperator): print_interval> bundle_instance=LocalDagBundle(name=dags-folder) max_tries=0 start_date=datetime.datetime(2026, 5, 6, 14, 47, 9, 493168, tzinfo=datetime.timezone.utc) end_date=None state=<TaskInstanceState.RUNNING: 'running'> is_mapped=False rendered_map_index=None sentry_integration=''","logger":"task.stdout"}
{"timestamp":"2026-05-06T14:47:10.467164Z","level":"info","event":"outlet_events: OutletEventAccessors(_dict={})","logger":"task.stdout"}
{"timestamp":"2026-05-06T14:47:10.467543Z","level":"info","event":"inlet_events: InletEventsAccessors(_inlets=[], _assets={}, _asset_aliases={})","logger":"task.stdout"}
{"timestamp":"2026-05-06T14:47:10.468298Z","level":"info","event":"macros: <MacrosAccessor (dynamic access to macros)>","logger":"task.stdout"}
{"timestamp":"2026-05-06T14:47:10.468676Z","level":"info","event":"params: {}","logger":"task.stdout"}
{"timestamp":"2026-05-06T14:47:10.470038Z","level":"info","event":"var: {'json': <VariableAccessor (dynamic access)>, 'value': <VariableAccessor (dynamic access)>}","logger":"task.stdout"}
{"timestamp":"2026-05-06T14:47:10.470745Z","level":"info","event":"conn: <ConnectionAccessor (dynamic access)>","logger":"task.stdout"}
{"timestamp":"2026-05-06T14:47:10.472482Z","level":"info","event":"dag_run: dag_id='print_interval_dag' run_id='scheduled__2026-05-01T09:00:00+00:00' logical_date=datetime.datetime(2026, 5, 1, 9, 0, tzinfo=datetime.timezone.utc) data_interval_start=datetime.datetime(2026, 5, 1, 9, 0, tzinfo=datetime.timezone.utc) data_interval_end=datetime.datetime(2026, 5, 1, 9, 0, tzinfo=datetime.timezone.utc) run_after=datetime.datetime(2026, 5, 1, 9, 0, tzinfo=datetime.timezone.utc) start_date=datetime.datetime(2026, 5, 6, 14, 47, 9, 188022, tzinfo=datetime.timezone.utc) end_date=None clear_number=0 run_type=<DagRunType.SCHEDULED: 'scheduled'> state=<DagRunState.RUNNING: 'running'> conf={} triggering_user_name=None consumed_asset_events=[] partition_key=None note=None","logger":"task.stdout"}
{"timestamp":"2026-05-06T14:47:10.473289Z","level":"info","event":"triggering_asset_events: TriggeringAssetEventAccessor(_events=defaultdict(<class 'list'>, {}))","logger":"task.stdout"}
{"timestamp":"2026-05-06T14:47:10.473723Z","level":"info","event":"task_instance_key_str: print_interval_dag__print_interval__20260501","logger":"task.stdout"}
{"timestamp":"2026-05-06T14:47:10.474008Z","level":"info","event":"task_reschedule_count: 0","logger":"task.stdout"}
{"timestamp":"2026-05-06T14:47:10.497319Z","level":"info","event":"prev_start_date_success: 2026-05-06 14:47:08.554654+00:00","logger":"task.stdout"}
{"timestamp":"2026-05-06T14:47:10.499071Z","level":"info","event":"prev_end_date_success: 2026-05-06 14:47:10.078342+00:00","logger":"task.stdout"}
{"timestamp":"2026-05-06T14:47:10.500374Z","level":"info","event":"logical_date: 2026-05-01 09:00:00+00:00","logger":"task.stdout"}
{"timestamp":"2026-05-06T14:47:10.500822Z","level":"info","event":"ds: 2026-05-01","logger":"task.stdout"}
{"timestamp":"2026-05-06T14:47:10.501197Z","level":"info","event":"ds_nodash: 20260501","logger":"task.stdout"}
{"timestamp":"2026-05-06T14:47:10.502602Z","level":"info","event":"ts: 2026-05-01T09:00:00+00:00","logger":"task.stdout"}
{"timestamp":"2026-05-06T14:47:10.503149Z","level":"info","event":"ts_nodash: 20260501T090000","logger":"task.stdout"}
{"timestamp":"2026-05-06T14:47:10.506332Z","level":"info","event":"ts_nodash_with_tz: 20260501T090000+0000","logger":"task.stdout"}
{"timestamp":"2026-05-06T14:47:10.506879Z","level":"info","event":"data_interval_end: 2026-05-01 09:00:00+00:00","logger":"task.stdout"}
{"timestamp":"2026-05-06T14:47:10.507403Z","level":"info","event":"data_interval_start: 2026-05-01 09:00:00+00:00","logger":"task.stdout"}
{"timestamp":"2026-05-06T14:47:10.507758Z","level":"info","event":"prev_data_interval_start_success: 2026-05-01 03:00:00+00:00","logger":"task.stdout"}
{"timestamp":"2026-05-06T14:47:10.510501Z","level":"info","event":"prev_data_interval_end_success: 2026-05-01 03:00:00+00:00","logger":"task.stdout"}
{"timestamp":"2026-05-06T14:47:10.511138Z","level":"info","event":"templates_dict: None","logger":"task.stdout"}
{"timestamp":"2026-05-06T14:47:10.497188Z","level":"info","event":"Done. Returned value was: None","logger":"airflow.task.operators.airflow.providers.standard.operators.python.PythonOperator","filename":"python.py","lineno":229}
{"timestamp":"2026-05-06T14:47:10.553760Z","level":"info","event":"Task instance in success state","logger":"task.stdout"}
{"timestamp":"2026-05-06T14:47:10.554515Z","level":"info","event":" Previous state of the Task instance: TaskInstanceState.RUNNING","logger":"task.stdout"}
{"timestamp":"2026-05-06T14:47:10.555698Z","level":"info","event":"Task operator:<Task(PythonOperator): print_interval>","logger":"task.stdout"}
{"timestamp":"2026-05-06T14:50:29.840546Z","level":"info","event":"DAG bundles loaded: dags-folder, example_dags","logger":"airflow.dag_processing.bundles.manager.DagBundlesManager","filename":"manager.py","lineno":209}
{"timestamp":"2026-05-06T14:50:29.842361Z","level":"info","event":"Filling up the DagBag from /opt/airflow/dags/print_interval_dag.py","logger":"airflow.dag_processing.dagbag.BundleDagBag","filename":"dagbag.py","lineno":469}
{"timestamp":"2026-05-06T14:50:29.916955Z","level":"info","event":"Task instance is in running state","logger":"task.stdout"}
{"timestamp":"2026-05-06T14:50:29.918318Z","level":"info","event":" Previous state of the Task instance: TaskInstanceState.QUEUED","logger":"task.stdout"}
{"timestamp":"2026-05-06T14:50:29.919938Z","level":"info","event":"Current task name:print_interval","logger":"task.stdout"}
{"timestamp":"2026-05-06T14:50:29.921000Z","level":"info","event":"Dag name:print_interval_dag","logger":"task.stdout"}
{"timestamp":"2026-05-06T14:50:29.922940Z","level":"error","event":"Task failed with exception","logger":"task","filename":"task_runner.py","lineno":1347,"error_detail":[{"exc_type":"AttributeError","exc_value":"'DAG' object has no attribute 'schedule_interval'","exc_notes":[],"syntax_error":null,"is_cause":false,"frames":[{"filename":"/home/airflow/.local/lib/python3.13/site-packages/airflow/sdk/execution_time/task_runner.py","lineno":1263,"name":"run"},{"filename":"/home/airflow/.local/lib/python3.13/site-packages/airflow/sdk/execution_time/task_runner.py","lineno":1678,"name":"_execute_task"},{"filename":"/home/airflow/.local/lib/python3.13/site-packages/airflow/sdk/bases/operator.py","lineno":443,"name":"wrapper"},{"filename":"/home/airflow/.local/lib/python3.13/site-packages/airflow/providers/standard/operators/python.py","lineno":227,"name":"execute"},{"filename":"/home/airflow/.local/lib/python3.13/site-packages/airflow/providers/standard/operators/python.py","lineno":250,"name":"execute_callable"},{"filename":"/home/airflow/.local/lib/python3.13/site-packages/airflow/sdk/execution_time/callback_runner.py","lineno":97,"name":"run"},{"filename":"/opt/airflow/dags/print_interval_dag.py","lineno":11,"name":"print_interval"}],"is_group":false,"exceptions":[]}]}
{"timestamp":"2026-05-06T14:50:29.927890Z","level":"info","event":"Task instance in failure state","logger":"task.stdout"}
{"timestamp":"2026-05-06T14:50:29.929181Z","level":"info","event":"Task start","logger":"task.stdout"}
{"timestamp":"2026-05-06T14:50:29.933862Z","level":"info","event":"Task:<Task(PythonOperator): print_interval>","logger":"task.stdout"}
{"timestamp":"2026-05-06T14:50:29.934406Z","level":"info","event":"Failure caused by 'DAG' object has no attribute 'schedule_interval'","logger":"task.stdout"}
{"timestamp":"2026-05-06T14:53:11.331461Z","level":"info","event":"DAG bundles loaded: dags-folder, example_dags","logger":"airflow.dag_processing.bundles.manager.DagBundlesManager","filename":"manager.py","lineno":209}
{"timestamp":"2026-05-06T14:53:11.334435Z","level":"info","event":"Filling up the DagBag from /opt/airflow/dags/print_interval_dag.py","logger":"airflow.dag_processing.dagbag.BundleDagBag","filename":"dagbag.py","lineno":469}
{"timestamp":"2026-05-06T14:53:11.557958Z","level":"info","event":"Task instance is in running state","logger":"task.stdout"}
{"timestamp":"2026-05-06T14:53:11.558920Z","level":"info","event":" Previous state of the Task instance: TaskInstanceState.QUEUED","logger":"task.stdout"}
{"timestamp":"2026-05-06T14:53:11.559436Z","level":"info","event":"Current task name:print_interval","logger":"task.stdout"}
{"timestamp":"2026-05-06T14:53:11.560475Z","level":"info","event":"Dag name:print_interval_dag","logger":"task.stdout"}
{"timestamp":"2026-05-06T14:53:11.562854Z","level":"info","event":"=== INTERVAL INFO ===","logger":"task.stdout"}
{"timestamp":"2026-05-06T14:53:11.565054Z","level":"info","event":"Interval Start:  2026-05-01 09:00:00+00:00","logger":"task.stdout"}
{"timestamp":"2026-05-06T14:53:11.566043Z","level":"info","event":"Interval End:    2026-05-01 12:00:00+00:00","logger":"task.stdout"}
{"timestamp":"2026-05-06T14:53:11.566957Z","level":"info","event":"Duration:        3:00:00","logger":"task.stdout"}
{"timestamp":"2026-05-06T14:53:11.562760Z","level":"info","event":"Done. Returned value was: None","logger":"airflow.task.operators.airflow.providers.standard.operators.python.PythonOperator","filename":"python.py","lineno":229}
{"timestamp":"2026-05-06T14:53:11.622893Z","level":"info","event":"Task instance in success state","logger":"task.stdout"}
{"timestamp":"2026-05-06T14:53:11.624842Z","level":"info","event":" Previous state of the Task instance: TaskInstanceState.RUNNING","logger":"task.stdout"}
{"timestamp":"2026-05-06T14:53:11.630394Z","level":"info","event":"Task operator:<Task(PythonOperator): print_interval>","logger":"task.stdout"}
