{"timestamp":"2026-05-05T10:29:26.731143Z","level":"info","event":"DAG bundles loaded: dags-folder, example_dags","logger":"airflow.dag_processing.bundles.manager.DagBundlesManager","filename":"manager.py","lineno":209}
{"timestamp":"2026-05-05T10:29:26.732726Z","level":"info","event":"Filling up the DagBag from /opt/airflow/dags/print_interval_dag.py","logger":"airflow.dag_processing.dagbag.BundleDagBag","filename":"dagbag.py","lineno":469}
{"timestamp":"2026-05-05T10:29:26.745386Z","level":"warning","event":"The `airflow.operators.python.PythonOperator` attribute is deprecated. Please use `'airflow.providers.standard.operators.python.PythonOperator'`.","category":"UserWarning","filename":"/opt/airflow/dags/print_interval_dag.py","lineno":2,"logger":"py.warnings"}
{"timestamp":"2026-05-05T10:29:26.790174Z","level":"info","event":"Task instance is in running state","logger":"task.stdout"}
{"timestamp":"2026-05-05T10:29:26.791210Z","level":"info","event":" Previous state of the Task instance: TaskInstanceState.QUEUED","logger":"task.stdout"}
{"timestamp":"2026-05-05T10:29:26.791922Z","level":"info","event":"Current task name:print_interval","logger":"task.stdout"}
{"timestamp":"2026-05-05T10:29:26.795875Z","level":"info","event":"Dag name:print_interval_dag","logger":"task.stdout"}
{"timestamp":"2026-05-05T10:29:26.796787Z","level":"info","event":"Interval Start: 2025-05-03 21:00:00+00:00","logger":"task.stdout"}
{"timestamp":"2026-05-05T10:29:26.797353Z","level":"info","event":"Interval End:   2025-05-03 21:00:00+00:00","logger":"task.stdout"}
{"timestamp":"2026-05-05T10:29:26.796833Z","level":"info","event":"Done. Returned value was: None","logger":"airflow.task.operators.airflow.providers.standard.operators.python.PythonOperator","filename":"python.py","lineno":229}
{"timestamp":"2026-05-05T10:29:26.854264Z","level":"info","event":"Task instance in success state","logger":"task.stdout"}
{"timestamp":"2026-05-05T10:29:26.854912Z","level":"info","event":" Previous state of the Task instance: TaskInstanceState.RUNNING","logger":"task.stdout"}
{"timestamp":"2026-05-05T10:29:26.856306Z","level":"info","event":"Task operator:<Task(PythonOperator): print_interval>","logger":"task.stdout"}
{"timestamp":"2026-05-05T12:25:18.658503Z","level":"info","event":"DAG bundles loaded: dags-folder, example_dags","logger":"airflow.dag_processing.bundles.manager.DagBundlesManager","filename":"manager.py","lineno":209}
{"timestamp":"2026-05-05T12:25:18.660367Z","level":"info","event":"Filling up the DagBag from /opt/airflow/dags/print_interval_dag.py","logger":"airflow.dag_processing.dagbag.BundleDagBag","filename":"dagbag.py","lineno":469}
{"timestamp":"2026-05-05T12:25:18.718634Z","level":"info","event":"Task instance is in running state","logger":"task.stdout"}
{"timestamp":"2026-05-05T12:25:18.720438Z","level":"info","event":" Previous state of the Task instance: TaskInstanceState.QUEUED","logger":"task.stdout"}
{"timestamp":"2026-05-05T12:25:18.721218Z","level":"info","event":"Current task name:print_interval","logger":"task.stdout"}
{"timestamp":"2026-05-05T12:25:18.722970Z","level":"info","event":"Dag name:print_interval_dag","logger":"task.stdout"}
{"timestamp":"2026-05-05T12:25:18.730374Z","level":"info","event":"=== ALL AVAILABLE MACROS ===","logger":"task.stdout"}
{"timestamp":"2026-05-05T12:25:18.731935Z","level":"info","event":"dag: <DAG: print_interval_dag>","logger":"task.stdout"}
{"timestamp":"2026-05-05T12:25:18.732848Z","level":"info","event":"inlets: []","logger":"task.stdout"}
{"timestamp":"2026-05-05T12:25:18.733475Z","level":"info","event":"map_index_template: None","logger":"task.stdout"}
{"timestamp":"2026-05-05T12:25:18.734359Z","level":"info","event":"outlets: []","logger":"task.stdout"}
{"timestamp":"2026-05-05T12:25:18.738909Z","level":"info","event":"run_id: scheduled__2025-05-03T21:00:00+00:00","logger":"task.stdout"}
{"timestamp":"2026-05-05T12:25:18.739463Z","level":"info","event":"task: <Task(PythonOperator): print_interval>","logger":"task.stdout"}
{"timestamp":"2026-05-05T12:25:18.740078Z","level":"info","event":"task_instance: id=UUID('019df819-8b86-7f12-8b68-e66792faa576') task_id='print_interval' dag_id='print_interval_dag' run_id='scheduled__2025-05-03T21:00:00+00:00' try_number=1 dag_version_id=UUID('019df815-a045-750b-bac8-47ced7cc6a45') map_index=-1 hostname='86abe326db93' context_carrier={'traceparent': '00-90b1f4486af103e162fe73f128c2b510-c27521ab24419efe-01'} task=<Task(PythonOperator): print_interval> bundle_instance=LocalDagBundle(name=dags-folder) max_tries=0 start_date=datetime.datetime(2026, 5, 5, 12, 25, 17, 495034, tzinfo=datetime.timezone.utc) end_date=None state=<TaskInstanceState.RUNNING: 'running'> is_mapped=False rendered_map_index=None sentry_integration=''","logger":"task.stdout"}
{"timestamp":"2026-05-05T12:25:18.741073Z","level":"info","event":"ti: id=UUID('019df819-8b86-7f12-8b68-e66792faa576') task_id='print_interval' dag_id='print_interval_dag' run_id='scheduled__2025-05-03T21:00:00+00:00' try_number=1 dag_version_id=UUID('019df815-a045-750b-bac8-47ced7cc6a45') map_index=-1 hostname='86abe326db93' context_carrier={'traceparent': '00-90b1f4486af103e162fe73f128c2b510-c27521ab24419efe-01'} task=<Task(PythonOperator): print_interval> bundle_instance=LocalDagBundle(name=dags-folder) max_tries=0 start_date=datetime.datetime(2026, 5, 5, 12, 25, 17, 495034, tzinfo=datetime.timezone.utc) end_date=None state=<TaskInstanceState.RUNNING: 'running'> is_mapped=False rendered_map_index=None sentry_integration=''","logger":"task.stdout"}
{"timestamp":"2026-05-05T12:25:18.742035Z","level":"info","event":"outlet_events: OutletEventAccessors(_dict={})","logger":"task.stdout"}
{"timestamp":"2026-05-05T12:25:18.744308Z","level":"info","event":"inlet_events: InletEventsAccessors(_inlets=[], _assets={}, _asset_aliases={})","logger":"task.stdout"}
{"timestamp":"2026-05-05T12:25:18.745373Z","level":"info","event":"macros: <MacrosAccessor (dynamic access to macros)>","logger":"task.stdout"}
{"timestamp":"2026-05-05T12:25:18.746000Z","level":"info","event":"params: {}","logger":"task.stdout"}
{"timestamp":"2026-05-05T12:25:18.746487Z","level":"info","event":"var: {'json': <VariableAccessor (dynamic access)>, 'value': <VariableAccessor (dynamic access)>}","logger":"task.stdout"}
{"timestamp":"2026-05-05T12:25:18.749394Z","level":"info","event":"conn: <ConnectionAccessor (dynamic access)>","logger":"task.stdout"}
{"timestamp":"2026-05-05T12:25:18.751198Z","level":"info","event":"dag_run: dag_id='print_interval_dag' run_id='scheduled__2025-05-03T21:00:00+00:00' logical_date=datetime.datetime(2025, 5, 3, 21, 0, tzinfo=datetime.timezone.utc) data_interval_start=datetime.datetime(2025, 5, 3, 21, 0, tzinfo=datetime.timezone.utc) data_interval_end=datetime.datetime(2025, 5, 3, 21, 0, tzinfo=datetime.timezone.utc) run_after=datetime.datetime(2025, 5, 3, 21, 0, tzinfo=datetime.timezone.utc) start_date=datetime.datetime(2026, 5, 5, 12, 25, 16, 977007, tzinfo=datetime.timezone.utc) end_date=None clear_number=0 run_type=<DagRunType.SCHEDULED: 'scheduled'> state=<DagRunState.RUNNING: 'running'> conf={} triggering_user_name=None consumed_asset_events=[] partition_key=None note=None","logger":"task.stdout"}
{"timestamp":"2026-05-05T12:25:18.752401Z","level":"info","event":"triggering_asset_events: TriggeringAssetEventAccessor(_events=defaultdict(<class 'list'>, {}))","logger":"task.stdout"}
{"timestamp":"2026-05-05T12:25:18.752931Z","level":"info","event":"task_instance_key_str: print_interval_dag__print_interval__20250503","logger":"task.stdout"}
{"timestamp":"2026-05-05T12:25:18.753376Z","level":"info","event":"task_reschedule_count: 0","logger":"task.stdout"}
{"timestamp":"2026-05-05T12:25:18.781318Z","level":"info","event":"prev_start_date_success: 2026-05-05 12:25:16.397389+00:00","logger":"task.stdout"}
{"timestamp":"2026-05-05T12:25:18.781941Z","level":"info","event":"prev_end_date_success: 2026-05-05 12:25:18.702678+00:00","logger":"task.stdout"}
{"timestamp":"2026-05-05T12:25:18.782703Z","level":"info","event":"logical_date: 2025-05-03 21:00:00+00:00","logger":"task.stdout"}
{"timestamp":"2026-05-05T12:25:18.783832Z","level":"info","event":"ds: 2025-05-03","logger":"task.stdout"}
{"timestamp":"2026-05-05T12:25:18.785938Z","level":"info","event":"ds_nodash: 20250503","logger":"task.stdout"}
{"timestamp":"2026-05-05T12:25:18.786658Z","level":"info","event":"ts: 2025-05-03T21:00:00+00:00","logger":"task.stdout"}
{"timestamp":"2026-05-05T12:25:18.787852Z","level":"info","event":"ts_nodash: 20250503T210000","logger":"task.stdout"}
{"timestamp":"2026-05-05T12:25:18.789068Z","level":"info","event":"ts_nodash_with_tz: 20250503T210000+0000","logger":"task.stdout"}
{"timestamp":"2026-05-05T12:25:18.789475Z","level":"info","event":"data_interval_end: 2025-05-03 21:00:00+00:00","logger":"task.stdout"}
{"timestamp":"2026-05-05T12:25:18.790022Z","level":"info","event":"data_interval_start: 2025-05-03 21:00:00+00:00","logger":"task.stdout"}
{"timestamp":"2026-05-05T12:25:18.791116Z","level":"info","event":"prev_data_interval_start_success: 2025-05-03 18:00:00+00:00","logger":"task.stdout"}
{"timestamp":"2026-05-05T12:25:18.791672Z","level":"info","event":"prev_data_interval_end_success: 2025-05-03 18:00:00+00:00","logger":"task.stdout"}
{"timestamp":"2026-05-05T12:25:18.792187Z","level":"info","event":"templates_dict: None","logger":"task.stdout"}
{"timestamp":"2026-05-05T12:25:18.778991Z","level":"info","event":"Done. Returned value was: None","logger":"airflow.task.operators.airflow.providers.standard.operators.python.PythonOperator","filename":"python.py","lineno":229}
{"timestamp":"2026-05-05T12:25:18.830735Z","level":"info","event":"Task instance in success state","logger":"task.stdout"}
{"timestamp":"2026-05-05T12:25:18.832270Z","level":"info","event":" Previous state of the Task instance: TaskInstanceState.RUNNING","logger":"task.stdout"}
{"timestamp":"2026-05-05T12:25:18.833271Z","level":"info","event":"Task operator:<Task(PythonOperator): print_interval>","logger":"task.stdout"}
