{"timestamp":"2026-05-05T10:31:19.052679Z","level":"info","event":"DAG bundles loaded: dags-folder, example_dags","logger":"airflow.dag_processing.bundles.manager.DagBundlesManager","filename":"manager.py","lineno":209}
{"timestamp":"2026-05-05T10:31:19.054815Z","level":"info","event":"Filling up the DagBag from /opt/airflow/dags/print_interval_dag.py","logger":"airflow.dag_processing.dagbag.BundleDagBag","filename":"dagbag.py","lineno":469}
{"timestamp":"2026-05-05T10:31:19.066458Z","level":"warning","event":"The `airflow.operators.python.PythonOperator` attribute is deprecated. Please use `'airflow.providers.standard.operators.python.PythonOperator'`.","category":"UserWarning","filename":"/opt/airflow/dags/print_interval_dag.py","lineno":2,"logger":"py.warnings"}
{"timestamp":"2026-05-05T10:31:19.117988Z","level":"info","event":"Task instance is in running state","logger":"task.stdout"}
{"timestamp":"2026-05-05T10:31:19.118579Z","level":"info","event":" Previous state of the Task instance: TaskInstanceState.QUEUED","logger":"task.stdout"}
{"timestamp":"2026-05-05T10:31:19.123366Z","level":"info","event":"Current task name:print_interval","logger":"task.stdout"}
{"timestamp":"2026-05-05T10:31:19.124825Z","level":"info","event":"Dag name:print_interval_dag","logger":"task.stdout"}
{"timestamp":"2026-05-05T10:31:19.125448Z","level":"info","event":"Interval Start: 2025-06-01 15:00:00+00:00","logger":"task.stdout"}
{"timestamp":"2026-05-05T10:31:19.126182Z","level":"info","event":"Interval End:   2025-06-01 15:00:00+00:00","logger":"task.stdout"}
{"timestamp":"2026-05-05T10:31:19.124253Z","level":"info","event":"Done. Returned value was: None","logger":"airflow.task.operators.airflow.providers.standard.operators.python.PythonOperator","filename":"python.py","lineno":229}
{"timestamp":"2026-05-05T10:31:19.179364Z","level":"info","event":"Task instance in success state","logger":"task.stdout"}
{"timestamp":"2026-05-05T10:31:19.180103Z","level":"info","event":" Previous state of the Task instance: TaskInstanceState.RUNNING","logger":"task.stdout"}
{"timestamp":"2026-05-05T10:31:19.180829Z","level":"info","event":"Task operator:<Task(PythonOperator): print_interval>","logger":"task.stdout"}
{"timestamp":"2026-05-05T12:27:17.795621Z","level":"info","event":"DAG bundles loaded: dags-folder, example_dags","logger":"airflow.dag_processing.bundles.manager.DagBundlesManager","filename":"manager.py","lineno":209}
{"timestamp":"2026-05-05T12:27:17.797475Z","level":"info","event":"Filling up the DagBag from /opt/airflow/dags/print_interval_dag.py","logger":"airflow.dag_processing.dagbag.BundleDagBag","filename":"dagbag.py","lineno":469}
{"timestamp":"2026-05-05T12:27:17.914683Z","level":"info","event":"Task instance is in running state","logger":"task.stdout"}
{"timestamp":"2026-05-05T12:27:17.915761Z","level":"info","event":" Previous state of the Task instance: TaskInstanceState.QUEUED","logger":"task.stdout"}
{"timestamp":"2026-05-05T12:27:17.917050Z","level":"info","event":"Current task name:print_interval","logger":"task.stdout"}
{"timestamp":"2026-05-05T12:27:17.918403Z","level":"info","event":"Dag name:print_interval_dag","logger":"task.stdout"}
{"timestamp":"2026-05-05T12:27:17.920028Z","level":"info","event":"=== ALL AVAILABLE MACROS ===","logger":"task.stdout"}
{"timestamp":"2026-05-05T12:27:17.924193Z","level":"info","event":"dag: <DAG: print_interval_dag>","logger":"task.stdout"}
{"timestamp":"2026-05-05T12:27:17.924823Z","level":"info","event":"inlets: []","logger":"task.stdout"}
{"timestamp":"2026-05-05T12:27:17.925467Z","level":"info","event":"map_index_template: None","logger":"task.stdout"}
{"timestamp":"2026-05-05T12:27:17.926597Z","level":"info","event":"outlets: []","logger":"task.stdout"}
{"timestamp":"2026-05-05T12:27:17.927534Z","level":"info","event":"run_id: scheduled__2025-06-01T15:00:00+00:00","logger":"task.stdout"}
{"timestamp":"2026-05-05T12:27:17.928882Z","level":"info","event":"task: <Task(PythonOperator): print_interval>","logger":"task.stdout"}
{"timestamp":"2026-05-05T12:27:17.929760Z","level":"info","event":"task_instance: id=UUID('019df81b-5d81-75b9-8420-9db008cf5e28') task_id='print_interval' dag_id='print_interval_dag' run_id='scheduled__2025-06-01T15:00:00+00:00' try_number=1 dag_version_id=UUID('019df815-a045-750b-bac8-47ced7cc6a45') map_index=-1 hostname='86abe326db93' context_carrier={'traceparent': '00-03c88619384332e638f5428b6c7251e3-5cc1a9de51fece17-01'} task=<Task(PythonOperator): print_interval> bundle_instance=LocalDagBundle(name=dags-folder) max_tries=0 start_date=datetime.datetime(2026, 5, 5, 12, 27, 16, 705166, tzinfo=datetime.timezone.utc) end_date=None state=<TaskInstanceState.RUNNING: 'running'> is_mapped=False rendered_map_index=None sentry_integration=''","logger":"task.stdout"}
{"timestamp":"2026-05-05T12:27:17.930882Z","level":"info","event":"ti: id=UUID('019df81b-5d81-75b9-8420-9db008cf5e28') task_id='print_interval' dag_id='print_interval_dag' run_id='scheduled__2025-06-01T15:00:00+00:00' try_number=1 dag_version_id=UUID('019df815-a045-750b-bac8-47ced7cc6a45') map_index=-1 hostname='86abe326db93' context_carrier={'traceparent': '00-03c88619384332e638f5428b6c7251e3-5cc1a9de51fece17-01'} task=<Task(PythonOperator): print_interval> bundle_instance=LocalDagBundle(name=dags-folder) max_tries=0 start_date=datetime.datetime(2026, 5, 5, 12, 27, 16, 705166, tzinfo=datetime.timezone.utc) end_date=None state=<TaskInstanceState.RUNNING: 'running'> is_mapped=False rendered_map_index=None sentry_integration=''","logger":"task.stdout"}
{"timestamp":"2026-05-05T12:27:17.931599Z","level":"info","event":"outlet_events: OutletEventAccessors(_dict={})","logger":"task.stdout"}
{"timestamp":"2026-05-05T12:27:17.932318Z","level":"info","event":"inlet_events: InletEventsAccessors(_inlets=[], _assets={}, _asset_aliases={})","logger":"task.stdout"}
{"timestamp":"2026-05-05T12:27:17.933665Z","level":"info","event":"macros: <MacrosAccessor (dynamic access to macros)>","logger":"task.stdout"}
{"timestamp":"2026-05-05T12:27:17.937097Z","level":"info","event":"params: {}","logger":"task.stdout"}
{"timestamp":"2026-05-05T12:27:17.938125Z","level":"info","event":"var: {'json': <VariableAccessor (dynamic access)>, 'value': <VariableAccessor (dynamic access)>}","logger":"task.stdout"}
{"timestamp":"2026-05-05T12:27:17.938694Z","level":"info","event":"conn: <ConnectionAccessor (dynamic access)>","logger":"task.stdout"}
{"timestamp":"2026-05-05T12:27:17.940074Z","level":"info","event":"dag_run: dag_id='print_interval_dag' run_id='scheduled__2025-06-01T15:00:00+00:00' logical_date=datetime.datetime(2025, 6, 1, 15, 0, tzinfo=datetime.timezone.utc) data_interval_start=datetime.datetime(2025, 6, 1, 15, 0, tzinfo=datetime.timezone.utc) data_interval_end=datetime.datetime(2025, 6, 1, 15, 0, tzinfo=datetime.timezone.utc) run_after=datetime.datetime(2025, 6, 1, 15, 0, tzinfo=datetime.timezone.utc) start_date=datetime.datetime(2026, 5, 5, 12, 27, 16, 250317, tzinfo=datetime.timezone.utc) end_date=None clear_number=0 run_type=<DagRunType.SCHEDULED: 'scheduled'> state=<DagRunState.RUNNING: 'running'> conf={} triggering_user_name=None consumed_asset_events=[] partition_key=None note=None","logger":"task.stdout"}
{"timestamp":"2026-05-05T12:27:17.940834Z","level":"info","event":"triggering_asset_events: TriggeringAssetEventAccessor(_events=defaultdict(<class 'list'>, {}))","logger":"task.stdout"}
{"timestamp":"2026-05-05T12:27:17.941560Z","level":"info","event":"task_instance_key_str: print_interval_dag__print_interval__20250601","logger":"task.stdout"}
{"timestamp":"2026-05-05T12:27:17.942231Z","level":"info","event":"task_reschedule_count: 0","logger":"task.stdout"}
{"timestamp":"2026-05-05T12:27:17.986533Z","level":"info","event":"prev_start_date_success: 2026-05-05 12:27:15.781128+00:00","logger":"task.stdout"}
{"timestamp":"2026-05-05T12:27:17.988372Z","level":"info","event":"prev_end_date_success: 2026-05-05 12:27:17.939898+00:00","logger":"task.stdout"}
{"timestamp":"2026-05-05T12:27:17.989129Z","level":"info","event":"logical_date: 2025-06-01 15:00:00+00:00","logger":"task.stdout"}
{"timestamp":"2026-05-05T12:27:17.989587Z","level":"info","event":"ds: 2025-06-01","logger":"task.stdout"}
{"timestamp":"2026-05-05T12:27:17.992383Z","level":"info","event":"ds_nodash: 20250601","logger":"task.stdout"}
{"timestamp":"2026-05-05T12:27:17.993606Z","level":"info","event":"ts: 2025-06-01T15:00:00+00:00","logger":"task.stdout"}
{"timestamp":"2026-05-05T12:27:17.996160Z","level":"info","event":"ts_nodash: 20250601T150000","logger":"task.stdout"}
{"timestamp":"2026-05-05T12:27:17.996689Z","level":"info","event":"ts_nodash_with_tz: 20250601T150000+0000","logger":"task.stdout"}
{"timestamp":"2026-05-05T12:27:17.998053Z","level":"info","event":"data_interval_end: 2025-06-01 15:00:00+00:00","logger":"task.stdout"}
{"timestamp":"2026-05-05T12:27:17.999982Z","level":"info","event":"data_interval_start: 2025-06-01 15:00:00+00:00","logger":"task.stdout"}
{"timestamp":"2026-05-05T12:27:18.000516Z","level":"info","event":"prev_data_interval_start_success: 2025-06-01 12:00:00+00:00","logger":"task.stdout"}
{"timestamp":"2026-05-05T12:27:18.002579Z","level":"info","event":"prev_data_interval_end_success: 2025-06-01 12:00:00+00:00","logger":"task.stdout"}
{"timestamp":"2026-05-05T12:27:18.004477Z","level":"info","event":"templates_dict: None","logger":"task.stdout"}
{"timestamp":"2026-05-05T12:27:17.986050Z","level":"info","event":"Done. Returned value was: None","logger":"airflow.task.operators.airflow.providers.standard.operators.python.PythonOperator","filename":"python.py","lineno":229}
{"timestamp":"2026-05-05T12:27:18.072248Z","level":"info","event":"Task instance in success state","logger":"task.stdout"}
{"timestamp":"2026-05-05T12:27:18.075442Z","level":"info","event":" Previous state of the Task instance: TaskInstanceState.RUNNING","logger":"task.stdout"}
{"timestamp":"2026-05-05T12:27:18.075994Z","level":"info","event":"Task operator:<Task(PythonOperator): print_interval>","logger":"task.stdout"}
