{"timestamp":"2026-05-08T17:37:54.760453Z","level":"info","event":"DAG bundles loaded: dags-folder, example_dags","logger":"airflow.dag_processing.bundles.manager.DagBundlesManager","filename":"manager.py","lineno":209}
{"timestamp":"2026-05-08T17:37:54.765476Z","level":"info","event":"Filling up the DagBag from /opt/airflow/dags/csv_upsert_pipeline.py","logger":"airflow.dag_processing.dagbag.BundleDagBag","filename":"dagbag.py","lineno":469}
{"timestamp":"2026-05-08T17:37:54.783283Z","level":"warning","event":"airflow.exceptions.AirflowSkipException is deprecated and will be removed in a future version. Use airflow.sdk.exceptions.AirflowSkipException instead.","category":"UserWarning","filename":"/opt/airflow/dags/csv_upsert_pipeline.py","lineno":7,"logger":"py.warnings"}
{"timestamp":"2026-05-08T17:37:55.197167Z","level":"info","event":"Task instance is in running state","logger":"task.stdout"}
{"timestamp":"2026-05-08T17:37:55.198103Z","level":"info","event":" Previous state of the Task instance: TaskInstanceState.QUEUED","logger":"task.stdout"}
{"timestamp":"2026-05-08T17:37:55.201291Z","level":"info","event":"Current task name:process_partition","logger":"task.stdout"}
{"timestamp":"2026-05-08T17:37:55.201901Z","level":"info","event":"Dag name:csv_upsert_pipeline","logger":"task.stdout"}
{"timestamp":"2026-05-08T17:37:55.202793Z","level":"info","event":"[INFO] data_interval_start : 2026-05-03 06:00:00+00:00","logger":"task.stdout"}
{"timestamp":"2026-05-08T17:37:55.206284Z","level":"info","event":"[INFO] data_interval_end   : 2026-05-03 06:00:00+00:00","logger":"task.stdout"}
{"timestamp":"2026-05-08T17:37:55.208401Z","level":"info","event":"[INFO] Processing partition: /data/time_stamp=2026-05-03-06","logger":"task.stdout"}
{"timestamp":"2026-05-08T17:37:55.215924Z","level":"info","event":"[INFO] Sorted files: ['data_1.csv', 'data_2.csv', 'data_3.csv', 'data_4.csv']","logger":"task.stdout"}
{"timestamp":"2026-05-08T17:37:55.222185Z","level":"info","event":"[INFO] Read data_1.csv  (index=1)","logger":"task.stdout"}
{"timestamp":"2026-05-08T17:37:55.242517Z","level":"info","event":"[INFO] Read data_2.csv  (index=2)","logger":"task.stdout"}
{"timestamp":"2026-05-08T17:37:55.249532Z","level":"info","event":"[INFO] Read data_3.csv  (index=3)","logger":"task.stdout"}
{"timestamp":"2026-05-08T17:37:55.257602Z","level":"info","event":"[INFO] Read data_4.csv  (index=4)","logger":"task.stdout"}
{"timestamp":"2026-05-08T17:37:55.261745Z","level":"info","event":"[INFO] Resolved 20 unique IDs for this run:","logger":"task.stdout"}
{"timestamp":"2026-05-08T17:37:55.270200Z","level":"info","event":"       id=1 → {'id': '1', 'name': 'Bob', 'age': '37', 'department': 'Operations', 'salary': '72545.41', 'working_hours': '38.1'}","logger":"task.stdout"}
{"timestamp":"2026-05-08T17:37:55.275457Z","level":"info","event":"       id=2 → {'id': '2', 'name': 'Frank', 'age': '46', 'department': 'HR', 'salary': '48084.06', 'working_hours': '21.1'}","logger":"task.stdout"}
{"timestamp":"2026-05-08T17:37:55.276233Z","level":"info","event":"       id=3 → {'id': '3', 'name': 'Jack', 'age': '37', 'department': 'Sales', 'salary': '54536.11', 'working_hours': '24.0'}","logger":"task.stdout"}
{"timestamp":"2026-05-08T17:37:55.277031Z","level":"info","event":"       id=4 → {'id': '4', 'name': 'Grace', 'age': '39', 'department': 'Finance', 'salary': '66799.21', 'working_hours': '24.9'}","logger":"task.stdout"}
{"timestamp":"2026-05-08T17:37:55.280230Z","level":"info","event":"       id=5 → {'id': '5', 'name': 'Diana', 'age': '26', 'department': 'Marketing', 'salary': '46355.78', 'working_hours': '31.4'}","logger":"task.stdout"}
{"timestamp":"2026-05-08T17:37:55.282213Z","level":"info","event":"       id=6 → {'id': '6', 'name': 'Alice', 'age': '55', 'department': 'Engineering', 'salary': '100941.5', 'working_hours': '46.0'}","logger":"task.stdout"}
{"timestamp":"2026-05-08T17:37:55.284992Z","level":"info","event":"       id=7 → {'id': '7', 'name': 'Bob', 'age': '51', 'department': 'Operations', 'salary': '72745.14', 'working_hours': '50.6'}","logger":"task.stdout"}
{"timestamp":"2026-05-08T17:37:55.297032Z","level":"info","event":"       id=8 → {'id': '8', 'name': 'Jack', 'age': '35', 'department': 'Finance', 'salary': '109405.41', 'working_hours': '21.5'}","logger":"task.stdout"}
{"timestamp":"2026-05-08T17:37:55.301310Z","level":"info","event":"       id=9 → {'id': '9', 'name': 'Bob', 'age': '57', 'department': 'Engineering', 'salary': '118211.98', 'working_hours': '30.0'}","logger":"task.stdout"}
{"timestamp":"2026-05-08T17:37:55.302323Z","level":"info","event":"       id=10 → {'id': '10', 'name': 'Hank', 'age': '59', 'department': 'HR', 'salary': '101109.94', 'working_hours': '21.2'}","logger":"task.stdout"}
{"timestamp":"2026-05-08T17:37:55.305962Z","level":"info","event":"       id=11 → {'id': '11', 'name': 'Alice', 'age': '60', 'department': 'Operations', 'salary': '105079.8', 'working_hours': '37.7'}","logger":"task.stdout"}
{"timestamp":"2026-05-08T17:37:55.306533Z","level":"info","event":"       id=12 → {'id': '12', 'name': 'Jack', 'age': '43', 'department': 'HR', 'salary': '60971.73', 'working_hours': '53.1'}","logger":"task.stdout"}
{"timestamp":"2026-05-08T17:37:55.309519Z","level":"info","event":"       id=13 → {'id': '13', 'name': 'Eve', 'age': '51', 'department': 'Finance', 'salary': '115467.73', 'working_hours': '53.4'}","logger":"task.stdout"}
{"timestamp":"2026-05-08T17:37:55.312555Z","level":"info","event":"       id=14 → {'id': '14', 'name': 'Grace', 'age': '29', 'department': 'Finance', 'salary': '43081.35', 'working_hours': '22.8'}","logger":"task.stdout"}
{"timestamp":"2026-05-08T17:37:55.318147Z","level":"info","event":"       id=15 → {'id': '15', 'name': 'Diana', 'age': '26', 'department': 'Engineering', 'salary': '42708.49', 'working_hours': '26.5'}","logger":"task.stdout"}
{"timestamp":"2026-05-08T17:37:55.319940Z","level":"info","event":"       id=16 → {'id': '16', 'name': 'Ivy', 'age': '47', 'department': 'Marketing', 'salary': '77416.01', 'working_hours': '47.3'}","logger":"task.stdout"}
{"timestamp":"2026-05-08T17:37:55.326516Z","level":"info","event":"       id=17 → {'id': '17', 'name': 'Alice', 'age': '41', 'department': 'HR', 'salary': '86527.77', 'working_hours': '33.0'}","logger":"task.stdout"}
{"timestamp":"2026-05-08T17:37:55.330427Z","level":"info","event":"       id=18 → {'id': '18', 'name': 'Diana', 'age': '53', 'department': 'Finance', 'salary': '71347.82', 'working_hours': '52.6'}","logger":"task.stdout"}
{"timestamp":"2026-05-08T17:37:55.331571Z","level":"info","event":"       id=19 → {'id': '19', 'name': 'Charlie', 'age': '54', 'department': 'Operations', 'salary': '107122.91', 'working_hours': '36.3'}","logger":"task.stdout"}
{"timestamp":"2026-05-08T17:37:55.333135Z","level":"info","event":"       id=20 → {'id': '20', 'name': 'Hank', 'age': '37', 'department': 'HR', 'salary': '88393.54', 'working_hours': '41.5'}","logger":"task.stdout"}
{"timestamp":"2026-05-08T17:37:55.337609Z","level":"info","event":"[INFO] result.csv mil gayi — upsert karte hain.","logger":"task.stdout"}
{"timestamp":"2026-05-08T17:37:55.338334Z","level":"info","event":"[INFO] Existing result.csv mein 20 rows hain.","logger":"task.stdout"}
{"timestamp":"2026-05-08T17:37:55.338829Z","level":"info","event":"       UPDATE  id=1","logger":"task.stdout"}
{"timestamp":"2026-05-08T17:37:55.339199Z","level":"info","event":"       UPDATE  id=2","logger":"task.stdout"}
{"timestamp":"2026-05-08T17:37:55.339598Z","level":"info","event":"       UPDATE  id=3","logger":"task.stdout"}
{"timestamp":"2026-05-08T17:37:55.340065Z","level":"info","event":"       UPDATE  id=4","logger":"task.stdout"}
{"timestamp":"2026-05-08T17:37:55.340535Z","level":"info","event":"       UPDATE  id=5","logger":"task.stdout"}
{"timestamp":"2026-05-08T17:37:55.341168Z","level":"info","event":"       UPDATE  id=6","logger":"task.stdout"}
{"timestamp":"2026-05-08T17:37:55.341491Z","level":"info","event":"       UPDATE  id=7","logger":"task.stdout"}
{"timestamp":"2026-05-08T17:37:55.342042Z","level":"info","event":"       UPDATE  id=8","logger":"task.stdout"}
{"timestamp":"2026-05-08T17:37:55.342809Z","level":"info","event":"       UPDATE  id=9","logger":"task.stdout"}
{"timestamp":"2026-05-08T17:37:55.343232Z","level":"info","event":"       UPDATE  id=10","logger":"task.stdout"}
{"timestamp":"2026-05-08T17:37:55.343666Z","level":"info","event":"       UPDATE  id=11","logger":"task.stdout"}
{"timestamp":"2026-05-08T17:37:55.344008Z","level":"info","event":"       UPDATE  id=12","logger":"task.stdout"}
{"timestamp":"2026-05-08T17:37:55.347815Z","level":"info","event":"       UPDATE  id=13","logger":"task.stdout"}
{"timestamp":"2026-05-08T17:37:55.351340Z","level":"info","event":"       UPDATE  id=14","logger":"task.stdout"}
{"timestamp":"2026-05-08T17:37:55.351947Z","level":"info","event":"       UPDATE  id=15","logger":"task.stdout"}
{"timestamp":"2026-05-08T17:37:55.354007Z","level":"info","event":"       UPDATE  id=16","logger":"task.stdout"}
{"timestamp":"2026-05-08T17:37:55.354804Z","level":"info","event":"       UPDATE  id=17","logger":"task.stdout"}
{"timestamp":"2026-05-08T17:37:55.355269Z","level":"info","event":"       UPDATE  id=18","logger":"task.stdout"}
{"timestamp":"2026-05-08T17:37:55.355859Z","level":"info","event":"       UPDATE  id=19","logger":"task.stdout"}
{"timestamp":"2026-05-08T17:37:55.356431Z","level":"info","event":"       UPDATE  id=20","logger":"task.stdout"}
{"timestamp":"2026-05-08T17:37:55.356867Z","level":"info","event":"[INFO] result.csv updated — total 20 rows.","logger":"task.stdout"}
{"timestamp":"2026-05-08T17:37:55.285539Z","level":"info","event":"Done. Returned value was: None","logger":"airflow.task.operators.airflow.providers.standard.operators.python.PythonOperator","filename":"python.py","lineno":229}
{"timestamp":"2026-05-08T17:37:55.584551Z","level":"info","event":"Task instance in success state","logger":"task.stdout"}
{"timestamp":"2026-05-08T17:37:55.588833Z","level":"info","event":" Previous state of the Task instance: TaskInstanceState.RUNNING","logger":"task.stdout"}
{"timestamp":"2026-05-08T17:37:55.589620Z","level":"info","event":"Task operator:<Task(PythonOperator): process_partition>","logger":"task.stdout"}
{"timestamp":"2026-05-11T16:46:55.481584Z","level":"info","event":"DAG bundles loaded: dags-folder, example_dags","logger":"airflow.dag_processing.bundles.manager.DagBundlesManager","filename":"manager.py","lineno":209}
{"timestamp":"2026-05-11T16:46:55.483443Z","level":"info","event":"Filling up the DagBag from /opt/airflow/dags/__pycache__/csv_upsert_pipeline.py","logger":"airflow.dag_processing.dagbag.BundleDagBag","filename":"dagbag.py","lineno":469}
{"timestamp":"2026-05-11T16:46:55.498060Z","level":"warning","event":"airflow.exceptions.AirflowSkipException is deprecated and will be removed in a future version. Use airflow.sdk.exceptions.AirflowSkipException instead.","category":"UserWarning","filename":"/opt/airflow/dags/__pycache__/csv_upsert_pipeline.py","lineno":7,"logger":"py.warnings"}
{"timestamp":"2026-05-11T16:46:55.864655Z","level":"info","event":"Task instance is in running state","logger":"task.stdout"}
{"timestamp":"2026-05-11T16:46:55.865185Z","level":"info","event":" Previous state of the Task instance: TaskInstanceState.QUEUED","logger":"task.stdout"}
{"timestamp":"2026-05-11T16:46:55.865859Z","level":"info","event":"Current task name:process_partition","logger":"task.stdout"}
{"timestamp":"2026-05-11T16:46:55.866806Z","level":"info","event":"Dag name:csv_upsert_pipeline","logger":"task.stdout"}
{"timestamp":"2026-05-11T16:46:55.870968Z","level":"info","event":"[INFO] data_interval_start : 2026-05-03 06:00:00+00:00","logger":"task.stdout"}
{"timestamp":"2026-05-11T16:46:55.871487Z","level":"info","event":"[INFO] data_interval_end   : 2026-05-03 06:00:00+00:00","logger":"task.stdout"}
{"timestamp":"2026-05-11T16:46:55.872065Z","level":"info","event":"[INFO] Processing partition: /data/time_stamp=2026-05-03-06","logger":"task.stdout"}
{"timestamp":"2026-05-11T16:46:55.873479Z","level":"info","event":"[INFO] Sorted files: ['data_1.csv', 'data_2.csv', 'data_3.csv', 'data_4.csv']","logger":"task.stdout"}
{"timestamp":"2026-05-11T16:46:55.877821Z","level":"info","event":"[INFO] Read data_1.csv  (index=1)","logger":"task.stdout"}
{"timestamp":"2026-05-11T16:46:55.883365Z","level":"info","event":"[INFO] Read data_2.csv  (index=2)","logger":"task.stdout"}
{"timestamp":"2026-05-11T16:46:55.888975Z","level":"info","event":"[INFO] Read data_3.csv  (index=3)","logger":"task.stdout"}
{"timestamp":"2026-05-11T16:46:55.891677Z","level":"info","event":"[INFO] Read data_4.csv  (index=4)","logger":"task.stdout"}
{"timestamp":"2026-05-11T16:46:55.892911Z","level":"info","event":"[INFO] Resolved 20 unique IDs for this run:","logger":"task.stdout"}
{"timestamp":"2026-05-11T16:46:55.895450Z","level":"info","event":"       id=1 → {'id': '1', 'name': 'Bob', 'age': '37', 'department': 'Operations', 'salary': '72545.41', 'working_hours': '38.1'}","logger":"task.stdout"}
{"timestamp":"2026-05-11T16:46:55.896214Z","level":"info","event":"       id=2 → {'id': '2', 'name': 'Frank', 'age': '46', 'department': 'HR', 'salary': '48084.06', 'working_hours': '21.1'}","logger":"task.stdout"}
{"timestamp":"2026-05-11T16:46:55.901110Z","level":"info","event":"       id=3 → {'id': '3', 'name': 'Jack', 'age': '37', 'department': 'Sales', 'salary': '54536.11', 'working_hours': '24.0'}","logger":"task.stdout"}
{"timestamp":"2026-05-11T16:46:55.901648Z","level":"info","event":"       id=4 → {'id': '4', 'name': 'Grace', 'age': '39', 'department': 'Finance', 'salary': '66799.21', 'working_hours': '24.9'}","logger":"task.stdout"}
{"timestamp":"2026-05-11T16:46:55.902382Z","level":"info","event":"       id=5 → {'id': '5', 'name': 'Diana', 'age': '26', 'department': 'Marketing', 'salary': '46355.78', 'working_hours': '31.4'}","logger":"task.stdout"}
{"timestamp":"2026-05-11T16:46:55.902905Z","level":"info","event":"       id=6 → {'id': '6', 'name': 'Alice', 'age': '55', 'department': 'Engineering', 'salary': '100941.5', 'working_hours': '46.0'}","logger":"task.stdout"}
{"timestamp":"2026-05-11T16:46:55.904032Z","level":"info","event":"       id=7 → {'id': '7', 'name': 'Bob', 'age': '51', 'department': 'Operations', 'salary': '72745.14', 'working_hours': '50.6'}","logger":"task.stdout"}
{"timestamp":"2026-05-11T16:46:55.904973Z","level":"info","event":"       id=8 → {'id': '8', 'name': 'Jack', 'age': '35', 'department': 'Finance', 'salary': '109405.41', 'working_hours': '21.5'}","logger":"task.stdout"}
{"timestamp":"2026-05-11T16:46:55.905549Z","level":"info","event":"       id=9 → {'id': '9', 'name': 'Bob', 'age': '57', 'department': 'Engineering', 'salary': '118211.98', 'working_hours': '30.0'}","logger":"task.stdout"}
{"timestamp":"2026-05-11T16:46:55.906720Z","level":"info","event":"       id=10 → {'id': '10', 'name': 'Hank', 'age': '59', 'department': 'HR', 'salary': '101109.94', 'working_hours': '21.2'}","logger":"task.stdout"}
{"timestamp":"2026-05-11T16:46:55.907368Z","level":"info","event":"       id=11 → {'id': '11', 'name': 'Alice', 'age': '60', 'department': 'Operations', 'salary': '105079.8', 'working_hours': '37.7'}","logger":"task.stdout"}
{"timestamp":"2026-05-11T16:46:55.907860Z","level":"info","event":"       id=12 → {'id': '12', 'name': 'Jack', 'age': '43', 'department': 'HR', 'salary': '60971.73', 'working_hours': '53.1'}","logger":"task.stdout"}
{"timestamp":"2026-05-11T16:46:55.908297Z","level":"info","event":"       id=13 → {'id': '13', 'name': 'Eve', 'age': '51', 'department': 'Finance', 'salary': '115467.73', 'working_hours': '53.4'}","logger":"task.stdout"}
{"timestamp":"2026-05-11T16:46:55.908818Z","level":"info","event":"       id=14 → {'id': '14', 'name': 'Grace', 'age': '29', 'department': 'Finance', 'salary': '43081.35', 'working_hours': '22.8'}","logger":"task.stdout"}
{"timestamp":"2026-05-11T16:46:55.909505Z","level":"info","event":"       id=15 → {'id': '15', 'name': 'Diana', 'age': '26', 'department': 'Engineering', 'salary': '42708.49', 'working_hours': '26.5'}","logger":"task.stdout"}
{"timestamp":"2026-05-11T16:46:55.910759Z","level":"info","event":"       id=16 → {'id': '16', 'name': 'Ivy', 'age': '47', 'department': 'Marketing', 'salary': '77416.01', 'working_hours': '47.3'}","logger":"task.stdout"}
{"timestamp":"2026-05-11T16:46:55.912039Z","level":"info","event":"       id=17 → {'id': '17', 'name': 'Alice', 'age': '41', 'department': 'HR', 'salary': '86527.77', 'working_hours': '33.0'}","logger":"task.stdout"}
{"timestamp":"2026-05-11T16:46:55.912654Z","level":"info","event":"       id=18 → {'id': '18', 'name': 'Diana', 'age': '53', 'department': 'Finance', 'salary': '71347.82', 'working_hours': '52.6'}","logger":"task.stdout"}
{"timestamp":"2026-05-11T16:46:55.913269Z","level":"info","event":"       id=19 → {'id': '19', 'name': 'Charlie', 'age': '54', 'department': 'Operations', 'salary': '107122.91', 'working_hours': '36.3'}","logger":"task.stdout"}
{"timestamp":"2026-05-11T16:46:55.915699Z","level":"info","event":"       id=20 → {'id': '20', 'name': 'Hank', 'age': '37', 'department': 'HR', 'salary': '88393.54', 'working_hours': '41.5'}","logger":"task.stdout"}
{"timestamp":"2026-05-11T16:46:55.916385Z","level":"info","event":"[INFO] result.csv found — upsert.","logger":"task.stdout"}
{"timestamp":"2026-05-11T16:46:55.917669Z","level":"info","event":"[INFO] In existing result.csv 20 rows.","logger":"task.stdout"}
{"timestamp":"2026-05-11T16:46:55.918179Z","level":"info","event":"       UPDATE  id=1","logger":"task.stdout"}
{"timestamp":"2026-05-11T16:46:55.918797Z","level":"info","event":"       UPDATE  id=2","logger":"task.stdout"}
{"timestamp":"2026-05-11T16:46:55.919197Z","level":"info","event":"       UPDATE  id=3","logger":"task.stdout"}
{"timestamp":"2026-05-11T16:46:55.919639Z","level":"info","event":"       UPDATE  id=4","logger":"task.stdout"}
{"timestamp":"2026-05-11T16:46:55.920053Z","level":"info","event":"       UPDATE  id=5","logger":"task.stdout"}
{"timestamp":"2026-05-11T16:46:55.920428Z","level":"info","event":"       UPDATE  id=6","logger":"task.stdout"}
{"timestamp":"2026-05-11T16:46:55.920850Z","level":"info","event":"       UPDATE  id=7","logger":"task.stdout"}
{"timestamp":"2026-05-11T16:46:55.921495Z","level":"info","event":"       UPDATE  id=8","logger":"task.stdout"}
{"timestamp":"2026-05-11T16:46:55.921989Z","level":"info","event":"       UPDATE  id=9","logger":"task.stdout"}
{"timestamp":"2026-05-11T16:46:55.922595Z","level":"info","event":"       UPDATE  id=10","logger":"task.stdout"}
{"timestamp":"2026-05-11T16:46:55.923187Z","level":"info","event":"       UPDATE  id=11","logger":"task.stdout"}
{"timestamp":"2026-05-11T16:46:55.923586Z","level":"info","event":"       UPDATE  id=12","logger":"task.stdout"}
{"timestamp":"2026-05-11T16:46:55.924019Z","level":"info","event":"       UPDATE  id=13","logger":"task.stdout"}
{"timestamp":"2026-05-11T16:46:55.924512Z","level":"info","event":"       UPDATE  id=14","logger":"task.stdout"}
{"timestamp":"2026-05-11T16:46:55.925011Z","level":"info","event":"       UPDATE  id=15","logger":"task.stdout"}
{"timestamp":"2026-05-11T16:46:55.925299Z","level":"info","event":"       UPDATE  id=16","logger":"task.stdout"}
{"timestamp":"2026-05-11T16:46:55.925673Z","level":"info","event":"       UPDATE  id=17","logger":"task.stdout"}
{"timestamp":"2026-05-11T16:46:55.926096Z","level":"info","event":"       UPDATE  id=18","logger":"task.stdout"}
{"timestamp":"2026-05-11T16:46:55.926614Z","level":"info","event":"       UPDATE  id=19","logger":"task.stdout"}
{"timestamp":"2026-05-11T16:46:55.927317Z","level":"info","event":"       UPDATE  id=20","logger":"task.stdout"}
{"timestamp":"2026-05-11T16:46:55.928363Z","level":"info","event":"[INFO] result.csv updated — total 20 rows.","logger":"task.stdout"}
{"timestamp":"2026-05-11T16:46:55.903457Z","level":"info","event":"Done. Returned value was: None","logger":"airflow.task.operators.airflow.providers.standard.operators.python.PythonOperator","filename":"python.py","lineno":229}
{"timestamp":"2026-05-11T16:46:56.015279Z","level":"info","event":"Task instance in success state","logger":"task.stdout"}
{"timestamp":"2026-05-11T16:46:56.019984Z","level":"info","event":" Previous state of the Task instance: TaskInstanceState.RUNNING","logger":"task.stdout"}
{"timestamp":"2026-05-11T16:46:56.021525Z","level":"info","event":"Task operator:<Task(PythonOperator): process_partition>","logger":"task.stdout"}
{"timestamp":"2026-05-11T17:17:32.357965Z","level":"info","event":"DAG bundles loaded: dags-folder, example_dags","logger":"airflow.dag_processing.bundles.manager.DagBundlesManager","filename":"manager.py","lineno":209}
{"timestamp":"2026-05-11T17:17:32.359971Z","level":"info","event":"Filling up the DagBag from /opt/airflow/dags/__pycache__/csv_upsert_pipeline.py","logger":"airflow.dag_processing.dagbag.BundleDagBag","filename":"dagbag.py","lineno":469}
{"timestamp":"2026-05-11T17:17:32.378450Z","level":"warning","event":"airflow.exceptions.AirflowSkipException is deprecated and will be removed in a future version. Use airflow.sdk.exceptions.AirflowSkipException instead.","category":"UserWarning","filename":"/opt/airflow/dags/__pycache__/csv_upsert_pipeline.py","lineno":7,"logger":"py.warnings"}
{"timestamp":"2026-05-11T17:17:32.796082Z","level":"info","event":"Task instance is in running state","logger":"task.stdout"}
{"timestamp":"2026-05-11T17:17:32.802845Z","level":"info","event":" Previous state of the Task instance: TaskInstanceState.QUEUED","logger":"task.stdout"}
{"timestamp":"2026-05-11T17:17:32.803585Z","level":"info","event":"Current task name:process_partition","logger":"task.stdout"}
{"timestamp":"2026-05-11T17:17:32.804674Z","level":"info","event":"Dag name:csv_upsert_pipeline","logger":"task.stdout"}
{"timestamp":"2026-05-11T17:17:32.805894Z","level":"info","event":"[INFO] data_interval_start : 2026-05-03 06:00:00+00:00","logger":"task.stdout"}
{"timestamp":"2026-05-11T17:17:32.808930Z","level":"info","event":"[INFO] data_interval_end   : 2026-05-03 06:00:00+00:00","logger":"task.stdout"}
{"timestamp":"2026-05-11T17:17:32.823066Z","level":"info","event":"[INFO] Processing partition: /data/time_stamp=2026-05-03-06","logger":"task.stdout"}
{"timestamp":"2026-05-11T17:17:32.824268Z","level":"info","event":"[INFO] Sorted files: ['data_1.csv', 'data_2.csv', 'data_3.csv', 'data_4.csv']","logger":"task.stdout"}
{"timestamp":"2026-05-11T17:17:32.833919Z","level":"info","event":"[INFO] Read data_1.csv  (index=1)","logger":"task.stdout"}
{"timestamp":"2026-05-11T17:17:32.858558Z","level":"info","event":"[INFO] Read data_2.csv  (index=2)","logger":"task.stdout"}
{"timestamp":"2026-05-11T17:17:32.880872Z","level":"info","event":"[INFO] Read data_3.csv  (index=3)","logger":"task.stdout"}
{"timestamp":"2026-05-11T17:17:32.895688Z","level":"info","event":"[INFO] Read data_4.csv  (index=4)","logger":"task.stdout"}
{"timestamp":"2026-05-11T17:17:32.900280Z","level":"info","event":"[INFO] Resolved 20 unique IDs for this run:","logger":"task.stdout"}
{"timestamp":"2026-05-11T17:17:32.901719Z","level":"info","event":"       id=1 → {'id': '1', 'name': 'Bob', 'age': '37', 'department': 'Operations', 'salary': '72545.41', 'working_hours': '38.1'}","logger":"task.stdout"}
{"timestamp":"2026-05-11T17:17:32.903372Z","level":"info","event":"       id=2 → {'id': '2', 'name': 'Frank', 'age': '46', 'department': 'HR', 'salary': '48084.06', 'working_hours': '21.1'}","logger":"task.stdout"}
{"timestamp":"2026-05-11T17:17:32.904304Z","level":"info","event":"       id=3 → {'id': '3', 'name': 'Jack', 'age': '37', 'department': 'Sales', 'salary': '54536.11', 'working_hours': '24.0'}","logger":"task.stdout"}
{"timestamp":"2026-05-11T17:17:32.906034Z","level":"info","event":"       id=4 → {'id': '4', 'name': 'Grace', 'age': '39', 'department': 'Finance', 'salary': '66799.21', 'working_hours': '24.9'}","logger":"task.stdout"}
{"timestamp":"2026-05-11T17:17:32.908796Z","level":"info","event":"       id=5 → {'id': '5', 'name': 'Diana', 'age': '26', 'department': 'Marketing', 'salary': '46355.78', 'working_hours': '31.4'}","logger":"task.stdout"}
{"timestamp":"2026-05-11T17:17:32.913538Z","level":"info","event":"       id=6 → {'id': '6', 'name': 'Alice', 'age': '55', 'department': 'Engineering', 'salary': '100941.5', 'working_hours': '46.0'}","logger":"task.stdout"}
{"timestamp":"2026-05-11T17:17:32.914444Z","level":"info","event":"       id=7 → {'id': '7', 'name': 'Bob', 'age': '51', 'department': 'Operations', 'salary': '72745.14', 'working_hours': '50.6'}","logger":"task.stdout"}
{"timestamp":"2026-05-11T17:17:32.915007Z","level":"info","event":"       id=8 → {'id': '8', 'name': 'Jack', 'age': '35', 'department': 'Finance', 'salary': '109405.41', 'working_hours': '21.5'}","logger":"task.stdout"}
{"timestamp":"2026-05-11T17:17:32.915432Z","level":"info","event":"       id=9 → {'id': '9', 'name': 'Bob', 'age': '57', 'department': 'Engineering', 'salary': '118211.98', 'working_hours': '30.0'}","logger":"task.stdout"}
{"timestamp":"2026-05-11T17:17:32.915866Z","level":"info","event":"       id=10 → {'id': '10', 'name': 'Hank', 'age': '59', 'department': 'HR', 'salary': '101109.94', 'working_hours': '21.2'}","logger":"task.stdout"}
{"timestamp":"2026-05-11T17:17:32.916264Z","level":"info","event":"       id=11 → {'id': '11', 'name': 'Alice', 'age': '60', 'department': 'Operations', 'salary': '105079.8', 'working_hours': '37.7'}","logger":"task.stdout"}
{"timestamp":"2026-05-11T17:17:32.916655Z","level":"info","event":"       id=12 → {'id': '12', 'name': 'Jack', 'age': '43', 'department': 'HR', 'salary': '60971.73', 'working_hours': '53.1'}","logger":"task.stdout"}
{"timestamp":"2026-05-11T17:17:32.917173Z","level":"info","event":"       id=13 → {'id': '13', 'name': 'Eve', 'age': '51', 'department': 'Finance', 'salary': '115467.73', 'working_hours': '53.4'}","logger":"task.stdout"}
{"timestamp":"2026-05-11T17:17:32.917590Z","level":"info","event":"       id=14 → {'id': '14', 'name': 'Grace', 'age': '29', 'department': 'Finance', 'salary': '43081.35', 'working_hours': '22.8'}","logger":"task.stdout"}
{"timestamp":"2026-05-11T17:17:32.920291Z","level":"info","event":"       id=15 → {'id': '15', 'name': 'Diana', 'age': '26', 'department': 'Engineering', 'salary': '42708.49', 'working_hours': '26.5'}","logger":"task.stdout"}
{"timestamp":"2026-05-11T17:17:32.920964Z","level":"info","event":"       id=16 → {'id': '16', 'name': 'Ivy', 'age': '47', 'department': 'Marketing', 'salary': '77416.01', 'working_hours': '47.3'}","logger":"task.stdout"}
{"timestamp":"2026-05-11T17:17:32.921468Z","level":"info","event":"       id=17 → {'id': '17', 'name': 'Alice', 'age': '41', 'department': 'HR', 'salary': '86527.77', 'working_hours': '33.0'}","logger":"task.stdout"}
{"timestamp":"2026-05-11T17:17:32.921892Z","level":"info","event":"       id=18 → {'id': '18', 'name': 'Diana', 'age': '53', 'department': 'Finance', 'salary': '71347.82', 'working_hours': '52.6'}","logger":"task.stdout"}
{"timestamp":"2026-05-11T17:17:32.922220Z","level":"info","event":"       id=19 → {'id': '19', 'name': 'Charlie', 'age': '54', 'department': 'Operations', 'salary': '107122.91', 'working_hours': '36.3'}","logger":"task.stdout"}
{"timestamp":"2026-05-11T17:17:32.922550Z","level":"info","event":"       id=20 → {'id': '20', 'name': 'Hank', 'age': '37', 'department': 'HR', 'salary': '88393.54', 'working_hours': '41.5'}","logger":"task.stdout"}
{"timestamp":"2026-05-11T17:17:32.925472Z","level":"info","event":"[INFO] result.csv found — upsert.","logger":"task.stdout"}
{"timestamp":"2026-05-11T17:17:32.958887Z","level":"info","event":"[INFO] In existing result.csv 20 rows.","logger":"task.stdout"}
{"timestamp":"2026-05-11T17:17:32.960267Z","level":"info","event":"       UPDATE  id=1","logger":"task.stdout"}
{"timestamp":"2026-05-11T17:17:32.960783Z","level":"info","event":"       UPDATE  id=2","logger":"task.stdout"}
{"timestamp":"2026-05-11T17:17:32.961162Z","level":"info","event":"       UPDATE  id=3","logger":"task.stdout"}
{"timestamp":"2026-05-11T17:17:32.961567Z","level":"info","event":"       UPDATE  id=4","logger":"task.stdout"}
{"timestamp":"2026-05-11T17:17:32.962010Z","level":"info","event":"       UPDATE  id=5","logger":"task.stdout"}
{"timestamp":"2026-05-11T17:17:32.962385Z","level":"info","event":"       UPDATE  id=6","logger":"task.stdout"}
{"timestamp":"2026-05-11T17:17:32.966190Z","level":"info","event":"       UPDATE  id=7","logger":"task.stdout"}
{"timestamp":"2026-05-11T17:17:32.966821Z","level":"info","event":"       UPDATE  id=8","logger":"task.stdout"}
{"timestamp":"2026-05-11T17:17:32.968202Z","level":"info","event":"       UPDATE  id=9","logger":"task.stdout"}
{"timestamp":"2026-05-11T17:17:32.971556Z","level":"info","event":"       UPDATE  id=10","logger":"task.stdout"}
{"timestamp":"2026-05-11T17:17:32.976398Z","level":"info","event":"       UPDATE  id=11","logger":"task.stdout"}
{"timestamp":"2026-05-11T17:17:32.978378Z","level":"info","event":"       UPDATE  id=12","logger":"task.stdout"}
{"timestamp":"2026-05-11T17:17:32.979060Z","level":"info","event":"       UPDATE  id=13","logger":"task.stdout"}
{"timestamp":"2026-05-11T17:17:32.979510Z","level":"info","event":"       UPDATE  id=14","logger":"task.stdout"}
{"timestamp":"2026-05-11T17:17:32.982484Z","level":"info","event":"       UPDATE  id=15","logger":"task.stdout"}
{"timestamp":"2026-05-11T17:17:32.983608Z","level":"info","event":"       UPDATE  id=16","logger":"task.stdout"}
{"timestamp":"2026-05-11T17:17:32.985875Z","level":"info","event":"       UPDATE  id=17","logger":"task.stdout"}
{"timestamp":"2026-05-11T17:17:32.986602Z","level":"info","event":"       UPDATE  id=18","logger":"task.stdout"}
{"timestamp":"2026-05-11T17:17:32.999924Z","level":"info","event":"       UPDATE  id=19","logger":"task.stdout"}
{"timestamp":"2026-05-11T17:17:33.004380Z","level":"info","event":"       UPDATE  id=20","logger":"task.stdout"}
{"timestamp":"2026-05-11T17:17:33.005151Z","level":"info","event":"[INFO] result.csv updated — total 20 rows.","logger":"task.stdout"}
{"timestamp":"2026-05-11T17:17:32.963296Z","level":"info","event":"Done. Returned value was: None","logger":"airflow.task.operators.airflow.providers.standard.operators.python.PythonOperator","filename":"python.py","lineno":229}
{"timestamp":"2026-05-11T17:17:33.261490Z","level":"info","event":"Task instance in success state","logger":"task.stdout"}
{"timestamp":"2026-05-11T17:17:33.267225Z","level":"info","event":" Previous state of the Task instance: TaskInstanceState.RUNNING","logger":"task.stdout"}
{"timestamp":"2026-05-11T17:17:33.278763Z","level":"info","event":"Task operator:<Task(PythonOperator): process_partition>","logger":"task.stdout"}
