{"timestamp":"2026-05-08T17:38:09.551438Z","level":"info","event":"DAG bundles loaded: dags-folder, example_dags","logger":"airflow.dag_processing.bundles.manager.DagBundlesManager","filename":"manager.py","lineno":209}
{"timestamp":"2026-05-08T17:38:09.554519Z","level":"info","event":"Filling up the DagBag from /opt/airflow/dags/csv_upsert_pipeline.py","logger":"airflow.dag_processing.dagbag.BundleDagBag","filename":"dagbag.py","lineno":469}
{"timestamp":"2026-05-08T17:38:09.566069Z","level":"warning","event":"airflow.exceptions.AirflowSkipException is deprecated and will be removed in a future version. Use airflow.sdk.exceptions.AirflowSkipException instead.","category":"UserWarning","filename":"/opt/airflow/dags/csv_upsert_pipeline.py","lineno":7,"logger":"py.warnings"}
{"timestamp":"2026-05-08T17:38:09.622951Z","level":"info","event":"Task instance is in running state","logger":"task.stdout"}
{"timestamp":"2026-05-08T17:38:09.624256Z","level":"info","event":" Previous state of the Task instance: TaskInstanceState.QUEUED","logger":"task.stdout"}
{"timestamp":"2026-05-08T17:38:09.627546Z","level":"info","event":"Current task name:process_partition","logger":"task.stdout"}
{"timestamp":"2026-05-08T17:38:09.628252Z","level":"info","event":"Dag name:csv_upsert_pipeline","logger":"task.stdout"}
{"timestamp":"2026-05-08T17:38:09.632307Z","level":"info","event":"[INFO] data_interval_start : 2026-05-04 07:00:00+00:00","logger":"task.stdout"}
{"timestamp":"2026-05-08T17:38:09.635096Z","level":"info","event":"[INFO] data_interval_end   : 2026-05-04 07:00:00+00:00","logger":"task.stdout"}
{"timestamp":"2026-05-08T17:38:09.639463Z","level":"info","event":"[INFO] Processing partition: /data/time_stamp=2026-05-04-07","logger":"task.stdout"}
{"timestamp":"2026-05-08T17:38:09.640293Z","level":"info","event":"[INFO] Sorted files: ['data_1.csv', 'data_2.csv', 'data_3.csv', 'data_4.csv', 'data_5.csv']","logger":"task.stdout"}
{"timestamp":"2026-05-08T17:38:09.642574Z","level":"info","event":"[INFO] Read data_1.csv  (index=1)","logger":"task.stdout"}
{"timestamp":"2026-05-08T17:38:09.647255Z","level":"info","event":"[INFO] Read data_2.csv  (index=2)","logger":"task.stdout"}
{"timestamp":"2026-05-08T17:38:09.651133Z","level":"info","event":"[INFO] Read data_3.csv  (index=3)","logger":"task.stdout"}
{"timestamp":"2026-05-08T17:38:09.653536Z","level":"info","event":"[INFO] Read data_4.csv  (index=4)","logger":"task.stdout"}
{"timestamp":"2026-05-08T17:38:09.655663Z","level":"info","event":"[INFO] Read data_5.csv  (index=5)","logger":"task.stdout"}
{"timestamp":"2026-05-08T17:38:09.656253Z","level":"info","event":"[INFO] Resolved 19 unique IDs for this run:","logger":"task.stdout"}
{"timestamp":"2026-05-08T17:38:09.656832Z","level":"info","event":"       id=1 → {'id': '1', 'name': 'Grace', 'age': '47', 'department': 'Operations', 'salary': '66948.18', 'working_hours': '29.8'}","logger":"task.stdout"}
{"timestamp":"2026-05-08T17:38:09.657294Z","level":"info","event":"       id=2 → {'id': '2', 'name': 'Eve', 'age': '38', 'department': 'Operations', 'salary': '82999.26', 'working_hours': '36.5'}","logger":"task.stdout"}
{"timestamp":"2026-05-08T17:38:09.658507Z","level":"info","event":"       id=3 → {'id': '3', 'name': 'Alice', 'age': '53', 'department': 'Finance', 'salary': '90070.52', 'working_hours': '45.4'}","logger":"task.stdout"}
{"timestamp":"2026-05-08T17:38:09.659095Z","level":"info","event":"       id=4 → {'id': '4', 'name': 'Alice', 'age': '45', 'department': 'Operations', 'salary': '93126.51', 'working_hours': '23.7'}","logger":"task.stdout"}
{"timestamp":"2026-05-08T17:38:09.659862Z","level":"info","event":"       id=5 → {'id': '5', 'name': 'Bob', 'age': '49', 'department': 'Engineering', 'salary': '32697.12', 'working_hours': '51.8'}","logger":"task.stdout"}
{"timestamp":"2026-05-08T17:38:09.660910Z","level":"info","event":"       id=6 → {'id': '6', 'name': 'Frank', 'age': '40', 'department': 'Marketing', 'salary': '51379.1', 'working_hours': '29.5'}","logger":"task.stdout"}
{"timestamp":"2026-05-08T17:38:09.661587Z","level":"info","event":"       id=7 → {'id': '7', 'name': 'Alice', 'age': '50', 'department': 'Finance', 'salary': '114543.47', 'working_hours': '42.7'}","logger":"task.stdout"}
{"timestamp":"2026-05-08T17:38:09.663901Z","level":"info","event":"       id=8 → {'id': '8', 'name': 'Grace', 'age': '60', 'department': 'Operations', 'salary': '112144.52', 'working_hours': '21.5'}","logger":"task.stdout"}
{"timestamp":"2026-05-08T17:38:09.664470Z","level":"info","event":"       id=9 → {'id': '9', 'name': 'Jack', 'age': '57', 'department': 'Engineering', 'salary': '61222.01', 'working_hours': '24.2'}","logger":"task.stdout"}
{"timestamp":"2026-05-08T17:38:09.665064Z","level":"info","event":"       id=10 → {'id': '10', 'name': 'Frank', 'age': '35', 'department': 'Marketing', 'salary': '96856.34', 'working_hours': '48.0'}","logger":"task.stdout"}
{"timestamp":"2026-05-08T17:38:09.665652Z","level":"info","event":"       id=11 → {'id': '11', 'name': 'Diana', 'age': '52', 'department': 'Finance', 'salary': '56304.67', 'working_hours': '57.3'}","logger":"task.stdout"}
{"timestamp":"2026-05-08T17:38:09.667305Z","level":"info","event":"       id=12 → {'id': '12', 'name': 'Jack', 'age': '53', 'department': 'Marketing', 'salary': '106858.42', 'working_hours': '24.9'}","logger":"task.stdout"}
{"timestamp":"2026-05-08T17:38:09.667948Z","level":"info","event":"       id=13 → {'id': '13', 'name': 'Alice', 'age': '54', 'department': 'Sales', 'salary': '118475.81', 'working_hours': '31.7'}","logger":"task.stdout"}
{"timestamp":"2026-05-08T17:38:09.668583Z","level":"info","event":"       id=14 → {'id': '14', 'name': 'Charlie', 'age': '37', 'department': 'Sales', 'salary': '108784.11', 'working_hours': '52.7'}","logger":"task.stdout"}
{"timestamp":"2026-05-08T17:38:09.669572Z","level":"info","event":"       id=15 → {'id': '15', 'name': 'Alice', 'age': '32', 'department': 'Marketing', 'salary': '69376.88', 'working_hours': '23.3'}","logger":"task.stdout"}
{"timestamp":"2026-05-08T17:38:09.670310Z","level":"info","event":"       id=16 → {'id': '16', 'name': 'Alice', 'age': '38', 'department': 'Sales', 'salary': '36451.86', 'working_hours': '23.1'}","logger":"task.stdout"}
{"timestamp":"2026-05-08T17:38:09.671122Z","level":"info","event":"       id=17 → {'id': '17', 'name': 'Jack', 'age': '53', 'department': 'HR', 'salary': '48734.51', 'working_hours': '51.1'}","logger":"task.stdout"}
{"timestamp":"2026-05-08T17:38:09.672089Z","level":"info","event":"       id=18 → {'id': '18', 'name': 'Hank', 'age': '44', 'department': 'Sales', 'salary': '67588.7', 'working_hours': '47.2'}","logger":"task.stdout"}
{"timestamp":"2026-05-08T17:38:09.672701Z","level":"info","event":"       id=19 → {'id': '19', 'name': 'Bob', 'age': '50', 'department': 'HR', 'salary': '54599.1', 'working_hours': '33.4'}","logger":"task.stdout"}
{"timestamp":"2026-05-08T17:38:09.673289Z","level":"info","event":"[INFO] result.csv mil gayi — upsert karte hain.","logger":"task.stdout"}
{"timestamp":"2026-05-08T17:38:09.673843Z","level":"info","event":"[INFO] Existing result.csv mein 20 rows hain.","logger":"task.stdout"}
{"timestamp":"2026-05-08T17:38:09.674368Z","level":"info","event":"       UPDATE  id=1","logger":"task.stdout"}
{"timestamp":"2026-05-08T17:38:09.675576Z","level":"info","event":"       UPDATE  id=2","logger":"task.stdout"}
{"timestamp":"2026-05-08T17:38:09.676193Z","level":"info","event":"       UPDATE  id=3","logger":"task.stdout"}
{"timestamp":"2026-05-08T17:38:09.676945Z","level":"info","event":"       UPDATE  id=4","logger":"task.stdout"}
{"timestamp":"2026-05-08T17:38:09.678197Z","level":"info","event":"       UPDATE  id=5","logger":"task.stdout"}
{"timestamp":"2026-05-08T17:38:09.678975Z","level":"info","event":"       UPDATE  id=6","logger":"task.stdout"}
{"timestamp":"2026-05-08T17:38:09.681589Z","level":"info","event":"       UPDATE  id=7","logger":"task.stdout"}
{"timestamp":"2026-05-08T17:38:09.682217Z","level":"info","event":"       UPDATE  id=8","logger":"task.stdout"}
{"timestamp":"2026-05-08T17:38:09.682769Z","level":"info","event":"       UPDATE  id=9","logger":"task.stdout"}
{"timestamp":"2026-05-08T17:38:09.685794Z","level":"info","event":"       UPDATE  id=10","logger":"task.stdout"}
{"timestamp":"2026-05-08T17:38:09.686485Z","level":"info","event":"       UPDATE  id=11","logger":"task.stdout"}
{"timestamp":"2026-05-08T17:38:09.688200Z","level":"info","event":"       UPDATE  id=12","logger":"task.stdout"}
{"timestamp":"2026-05-08T17:38:09.689205Z","level":"info","event":"       UPDATE  id=13","logger":"task.stdout"}
{"timestamp":"2026-05-08T17:38:09.689754Z","level":"info","event":"       UPDATE  id=14","logger":"task.stdout"}
{"timestamp":"2026-05-08T17:38:09.690284Z","level":"info","event":"       UPDATE  id=15","logger":"task.stdout"}
{"timestamp":"2026-05-08T17:38:09.692186Z","level":"info","event":"       UPDATE  id=16","logger":"task.stdout"}
{"timestamp":"2026-05-08T17:38:09.693089Z","level":"info","event":"       UPDATE  id=17","logger":"task.stdout"}
{"timestamp":"2026-05-08T17:38:09.695328Z","level":"info","event":"       UPDATE  id=18","logger":"task.stdout"}
{"timestamp":"2026-05-08T17:38:09.696476Z","level":"info","event":"       UPDATE  id=19","logger":"task.stdout"}
{"timestamp":"2026-05-08T17:38:09.697073Z","level":"info","event":"[INFO] result.csv updated — total 20 rows.","logger":"task.stdout"}
{"timestamp":"2026-05-08T17:38:09.662147Z","level":"info","event":"Done. Returned value was: None","logger":"airflow.task.operators.airflow.providers.standard.operators.python.PythonOperator","filename":"python.py","lineno":229}
{"timestamp":"2026-05-08T17:38:09.747758Z","level":"info","event":"Task instance in success state","logger":"task.stdout"}
{"timestamp":"2026-05-08T17:38:09.753551Z","level":"info","event":" Previous state of the Task instance: TaskInstanceState.RUNNING","logger":"task.stdout"}
{"timestamp":"2026-05-08T17:38:09.754275Z","level":"info","event":"Task operator:<Task(PythonOperator): process_partition>","logger":"task.stdout"}
{"timestamp":"2026-05-11T16:47:09.323161Z","level":"info","event":"DAG bundles loaded: dags-folder, example_dags","logger":"airflow.dag_processing.bundles.manager.DagBundlesManager","filename":"manager.py","lineno":209}
{"timestamp":"2026-05-11T16:47:09.324730Z","level":"info","event":"Filling up the DagBag from /opt/airflow/dags/csv_upsert_pipeline.py","logger":"airflow.dag_processing.dagbag.BundleDagBag","filename":"dagbag.py","lineno":469}
{"timestamp":"2026-05-11T16:47:09.698423Z","level":"info","event":"Task instance is in running state","logger":"task.stdout"}
{"timestamp":"2026-05-11T16:47:09.699101Z","level":"info","event":" Previous state of the Task instance: TaskInstanceState.QUEUED","logger":"task.stdout"}
{"timestamp":"2026-05-11T16:47:09.699802Z","level":"info","event":"Current task name:process_partition","logger":"task.stdout"}
{"timestamp":"2026-05-11T16:47:09.704750Z","level":"info","event":"Dag name:csv_upsert_pipeline","logger":"task.stdout"}
{"timestamp":"2026-05-11T16:47:09.707810Z","level":"info","event":"[INFO] data_interval_start : 2026-05-04 07:00:00+00:00","logger":"task.stdout"}
{"timestamp":"2026-05-11T16:47:09.708670Z","level":"info","event":"[INFO] data_interval_end   : 2026-05-04 07:00:00+00:00","logger":"task.stdout"}
{"timestamp":"2026-05-11T16:47:09.720740Z","level":"info","event":"[INFO] Processing partition: /data/time_stamp=2026-05-04-07","logger":"task.stdout"}
{"timestamp":"2026-05-11T16:47:09.978715Z","level":"error","event":"/home/airflow/.local/lib/python3.13/site-packages/pyspark/bin/load-spark-env.sh: line 68: ps: command not found","logger":"task.stderr"}
{"timestamp":"2026-05-11T16:47:09.979556Z","level":"error","event":"JAVA_HOME is not set","logger":"task.stderr"}
{"timestamp":"2026-05-11T16:47:10.024247Z","level":"error","event":"Task failed with exception","logger":"task","filename":"task_runner.py","lineno":1347,"error_detail":[{"exc_type":"PySparkRuntimeError","exc_value":"[JAVA_GATEWAY_EXITED] Java gateway process exited before sending its port number.","exc_notes":[],"syntax_error":null,"is_cause":false,"frames":[{"filename":"/home/airflow/.local/lib/python3.13/site-packages/airflow/sdk/execution_time/task_runner.py","lineno":1263,"name":"run"},{"filename":"/home/airflow/.local/lib/python3.13/site-packages/airflow/sdk/execution_time/task_runner.py","lineno":1678,"name":"_execute_task"},{"filename":"/home/airflow/.local/lib/python3.13/site-packages/airflow/sdk/bases/operator.py","lineno":443,"name":"wrapper"},{"filename":"/home/airflow/.local/lib/python3.13/site-packages/airflow/providers/standard/operators/python.py","lineno":227,"name":"execute"},{"filename":"/home/airflow/.local/lib/python3.13/site-packages/airflow/providers/standard/operators/python.py","lineno":250,"name":"execute_callable"},{"filename":"/home/airflow/.local/lib/python3.13/site-packages/airflow/sdk/execution_time/callback_runner.py","lineno":97,"name":"run"},{"filename":"/opt/airflow/dags/csv_upsert_pipeline.py","lineno":47,"name":"process_partition"},{"filename":"/home/airflow/.local/lib/python3.13/site-packages/pyspark/sql/session.py","lineno":497,"name":"getOrCreate"},{"filename":"/home/airflow/.local/lib/python3.13/site-packages/pyspark/context.py","lineno":515,"name":"getOrCreate"},{"filename":"/home/airflow/.local/lib/python3.13/site-packages/pyspark/context.py","lineno":201,"name":"__init__"},{"filename":"/home/airflow/.local/lib/python3.13/site-packages/pyspark/context.py","lineno":436,"name":"_ensure_initialized"},{"filename":"/home/airflow/.local/lib/python3.13/site-packages/pyspark/java_gateway.py","lineno":107,"name":"launch_gateway"}],"is_group":false,"exceptions":[]}]}
{"timestamp":"2026-05-11T16:47:10.032949Z","level":"info","event":"Task instance in failure state","logger":"task.stdout"}
{"timestamp":"2026-05-11T16:47:10.036851Z","level":"info","event":"Task start","logger":"task.stdout"}
{"timestamp":"2026-05-11T16:47:10.038189Z","level":"info","event":"Task:<Task(PythonOperator): process_partition>","logger":"task.stdout"}
{"timestamp":"2026-05-11T16:47:10.039189Z","level":"info","event":"Failure caused by [JAVA_GATEWAY_EXITED] Java gateway process exited before sending its port number.","logger":"task.stdout"}
{"timestamp":"2026-05-11T17:17:52.422479Z","level":"info","event":"DAG bundles loaded: dags-folder, example_dags","logger":"airflow.dag_processing.bundles.manager.DagBundlesManager","filename":"manager.py","lineno":209}
{"timestamp":"2026-05-11T17:17:52.436652Z","level":"info","event":"Filling up the DagBag from /opt/airflow/dags/__pycache__/csv_upsert_pipeline.py","logger":"airflow.dag_processing.dagbag.BundleDagBag","filename":"dagbag.py","lineno":469}
{"timestamp":"2026-05-11T17:17:52.466711Z","level":"warning","event":"airflow.exceptions.AirflowSkipException is deprecated and will be removed in a future version. Use airflow.sdk.exceptions.AirflowSkipException instead.","category":"UserWarning","filename":"/opt/airflow/dags/__pycache__/csv_upsert_pipeline.py","lineno":7,"logger":"py.warnings"}
{"timestamp":"2026-05-11T17:17:53.756378Z","level":"info","event":"Task instance is in running state","logger":"task.stdout"}
{"timestamp":"2026-05-11T17:17:53.758409Z","level":"info","event":" Previous state of the Task instance: TaskInstanceState.QUEUED","logger":"task.stdout"}
{"timestamp":"2026-05-11T17:17:53.758854Z","level":"info","event":"Current task name:process_partition","logger":"task.stdout"}
{"timestamp":"2026-05-11T17:17:53.761296Z","level":"info","event":"Dag name:csv_upsert_pipeline","logger":"task.stdout"}
{"timestamp":"2026-05-11T17:17:53.805268Z","level":"info","event":"[INFO] data_interval_start : 2026-05-04 07:00:00+00:00","logger":"task.stdout"}
{"timestamp":"2026-05-11T17:17:53.816841Z","level":"info","event":"[INFO] data_interval_end   : 2026-05-04 07:00:00+00:00","logger":"task.stdout"}
{"timestamp":"2026-05-11T17:17:53.817788Z","level":"info","event":"[INFO] Processing partition: /data/time_stamp=2026-05-04-07","logger":"task.stdout"}
{"timestamp":"2026-05-11T17:17:53.829069Z","level":"info","event":"[INFO] Sorted files: ['data_1.csv', 'data_2.csv', 'data_3.csv', 'data_4.csv', 'data_5.csv']","logger":"task.stdout"}
{"timestamp":"2026-05-11T17:17:53.834725Z","level":"info","event":"[INFO] Read data_1.csv  (index=1)","logger":"task.stdout"}
{"timestamp":"2026-05-11T17:17:53.846036Z","level":"info","event":"[INFO] Read data_2.csv  (index=2)","logger":"task.stdout"}
{"timestamp":"2026-05-11T17:17:53.849484Z","level":"info","event":"[INFO] Read data_3.csv  (index=3)","logger":"task.stdout"}
{"timestamp":"2026-05-11T17:17:53.854247Z","level":"info","event":"[INFO] Read data_4.csv  (index=4)","logger":"task.stdout"}
{"timestamp":"2026-05-11T17:17:53.863381Z","level":"info","event":"[INFO] Read data_5.csv  (index=5)","logger":"task.stdout"}
{"timestamp":"2026-05-11T17:17:53.863903Z","level":"info","event":"[INFO] Resolved 19 unique IDs for this run:","logger":"task.stdout"}
{"timestamp":"2026-05-11T17:17:53.865400Z","level":"info","event":"       id=1 → {'id': '1', 'name': 'Grace', 'age': '47', 'department': 'Operations', 'salary': '66948.18', 'working_hours': '29.8'}","logger":"task.stdout"}
{"timestamp":"2026-05-11T17:17:53.866950Z","level":"info","event":"       id=2 → {'id': '2', 'name': 'Eve', 'age': '38', 'department': 'Operations', 'salary': '82999.26', 'working_hours': '36.5'}","logger":"task.stdout"}
{"timestamp":"2026-05-11T17:17:53.867554Z","level":"info","event":"       id=3 → {'id': '3', 'name': 'Alice', 'age': '53', 'department': 'Finance', 'salary': '90070.52', 'working_hours': '45.4'}","logger":"task.stdout"}
{"timestamp":"2026-05-11T17:17:53.869042Z","level":"info","event":"       id=4 → {'id': '4', 'name': 'Alice', 'age': '45', 'department': 'Operations', 'salary': '93126.51', 'working_hours': '23.7'}","logger":"task.stdout"}
{"timestamp":"2026-05-11T17:17:53.872855Z","level":"info","event":"       id=5 → {'id': '5', 'name': 'Bob', 'age': '49', 'department': 'Engineering', 'salary': '32697.12', 'working_hours': '51.8'}","logger":"task.stdout"}
{"timestamp":"2026-05-11T17:17:53.876167Z","level":"info","event":"       id=6 → {'id': '6', 'name': 'Frank', 'age': '40', 'department': 'Marketing', 'salary': '51379.1', 'working_hours': '29.5'}","logger":"task.stdout"}
{"timestamp":"2026-05-11T17:17:53.876900Z","level":"info","event":"       id=7 → {'id': '7', 'name': 'Alice', 'age': '50', 'department': 'Finance', 'salary': '114543.47', 'working_hours': '42.7'}","logger":"task.stdout"}
{"timestamp":"2026-05-11T17:17:53.878647Z","level":"info","event":"       id=8 → {'id': '8', 'name': 'Grace', 'age': '60', 'department': 'Operations', 'salary': '112144.52', 'working_hours': '21.5'}","logger":"task.stdout"}
{"timestamp":"2026-05-11T17:17:53.882128Z","level":"info","event":"       id=9 → {'id': '9', 'name': 'Jack', 'age': '57', 'department': 'Engineering', 'salary': '61222.01', 'working_hours': '24.2'}","logger":"task.stdout"}
{"timestamp":"2026-05-11T17:17:53.884153Z","level":"info","event":"       id=10 → {'id': '10', 'name': 'Frank', 'age': '35', 'department': 'Marketing', 'salary': '96856.34', 'working_hours': '48.0'}","logger":"task.stdout"}
{"timestamp":"2026-05-11T17:17:53.887706Z","level":"info","event":"       id=11 → {'id': '11', 'name': 'Diana', 'age': '52', 'department': 'Finance', 'salary': '56304.67', 'working_hours': '57.3'}","logger":"task.stdout"}
{"timestamp":"2026-05-11T17:17:53.900340Z","level":"info","event":"       id=12 → {'id': '12', 'name': 'Jack', 'age': '53', 'department': 'Marketing', 'salary': '106858.42', 'working_hours': '24.9'}","logger":"task.stdout"}
{"timestamp":"2026-05-11T17:17:53.900879Z","level":"info","event":"       id=13 → {'id': '13', 'name': 'Alice', 'age': '54', 'department': 'Sales', 'salary': '118475.81', 'working_hours': '31.7'}","logger":"task.stdout"}
{"timestamp":"2026-05-11T17:17:53.902257Z","level":"info","event":"       id=14 → {'id': '14', 'name': 'Charlie', 'age': '37', 'department': 'Sales', 'salary': '108784.11', 'working_hours': '52.7'}","logger":"task.stdout"}
{"timestamp":"2026-05-11T17:17:53.904699Z","level":"info","event":"       id=15 → {'id': '15', 'name': 'Alice', 'age': '32', 'department': 'Marketing', 'salary': '69376.88', 'working_hours': '23.3'}","logger":"task.stdout"}
{"timestamp":"2026-05-11T17:17:53.910163Z","level":"info","event":"       id=16 → {'id': '16', 'name': 'Alice', 'age': '38', 'department': 'Sales', 'salary': '36451.86', 'working_hours': '23.1'}","logger":"task.stdout"}
{"timestamp":"2026-05-11T17:17:53.910653Z","level":"info","event":"       id=17 → {'id': '17', 'name': 'Jack', 'age': '53', 'department': 'HR', 'salary': '48734.51', 'working_hours': '51.1'}","logger":"task.stdout"}
{"timestamp":"2026-05-11T17:17:53.914333Z","level":"info","event":"       id=18 → {'id': '18', 'name': 'Hank', 'age': '44', 'department': 'Sales', 'salary': '67588.7', 'working_hours': '47.2'}","logger":"task.stdout"}
{"timestamp":"2026-05-11T17:17:53.918265Z","level":"info","event":"       id=19 → {'id': '19', 'name': 'Bob', 'age': '50', 'department': 'HR', 'salary': '54599.1', 'working_hours': '33.4'}","logger":"task.stdout"}
{"timestamp":"2026-05-11T17:17:53.922753Z","level":"info","event":"[INFO] result.csv found — upsert.","logger":"task.stdout"}
{"timestamp":"2026-05-11T17:17:53.959532Z","level":"info","event":"[INFO] In existing result.csv 20 rows.","logger":"task.stdout"}
{"timestamp":"2026-05-11T17:17:53.962635Z","level":"info","event":"       UPDATE  id=1","logger":"task.stdout"}
{"timestamp":"2026-05-11T17:17:53.972761Z","level":"info","event":"       UPDATE  id=2","logger":"task.stdout"}
{"timestamp":"2026-05-11T17:17:53.986931Z","level":"info","event":"       UPDATE  id=3","logger":"task.stdout"}
{"timestamp":"2026-05-11T17:17:53.987465Z","level":"info","event":"       UPDATE  id=4","logger":"task.stdout"}
{"timestamp":"2026-05-11T17:17:53.988196Z","level":"info","event":"       UPDATE  id=5","logger":"task.stdout"}
{"timestamp":"2026-05-11T17:17:53.988619Z","level":"info","event":"       UPDATE  id=6","logger":"task.stdout"}
{"timestamp":"2026-05-11T17:17:53.989663Z","level":"info","event":"       UPDATE  id=7","logger":"task.stdout"}
{"timestamp":"2026-05-11T17:17:53.990433Z","level":"info","event":"       UPDATE  id=8","logger":"task.stdout"}
{"timestamp":"2026-05-11T17:17:53.997812Z","level":"info","event":"       UPDATE  id=9","logger":"task.stdout"}
{"timestamp":"2026-05-11T17:17:53.998413Z","level":"info","event":"       UPDATE  id=10","logger":"task.stdout"}
{"timestamp":"2026-05-11T17:17:54.002982Z","level":"info","event":"       UPDATE  id=11","logger":"task.stdout"}
{"timestamp":"2026-05-11T17:17:54.003504Z","level":"info","event":"       UPDATE  id=12","logger":"task.stdout"}
{"timestamp":"2026-05-11T17:17:54.004094Z","level":"info","event":"       UPDATE  id=13","logger":"task.stdout"}
{"timestamp":"2026-05-11T17:17:54.007736Z","level":"info","event":"       UPDATE  id=14","logger":"task.stdout"}
{"timestamp":"2026-05-11T17:17:54.017307Z","level":"info","event":"       UPDATE  id=15","logger":"task.stdout"}
{"timestamp":"2026-05-11T17:17:54.022537Z","level":"info","event":"       UPDATE  id=16","logger":"task.stdout"}
{"timestamp":"2026-05-11T17:17:54.046470Z","level":"info","event":"       UPDATE  id=17","logger":"task.stdout"}
{"timestamp":"2026-05-11T17:17:54.059702Z","level":"info","event":"       UPDATE  id=18","logger":"task.stdout"}
{"timestamp":"2026-05-11T17:17:54.061873Z","level":"info","event":"       UPDATE  id=19","logger":"task.stdout"}
{"timestamp":"2026-05-11T17:17:54.088841Z","level":"info","event":"[INFO] result.csv updated — total 20 rows.","logger":"task.stdout"}
{"timestamp":"2026-05-11T17:17:53.874830Z","level":"info","event":"Done. Returned value was: None","logger":"airflow.task.operators.airflow.providers.standard.operators.python.PythonOperator","filename":"python.py","lineno":229}
{"timestamp":"2026-05-11T17:17:54.226081Z","level":"info","event":"Task instance in success state","logger":"task.stdout"}
{"timestamp":"2026-05-11T17:17:54.230666Z","level":"info","event":" Previous state of the Task instance: TaskInstanceState.RUNNING","logger":"task.stdout"}
{"timestamp":"2026-05-11T17:17:54.231211Z","level":"info","event":"Task operator:<Task(PythonOperator): process_partition>","logger":"task.stdout"}
