{"timestamp":"2026-05-05T10:30:03.432408Z","level":"info","event":"DAG bundles loaded: dags-folder, example_dags","logger":"airflow.dag_processing.bundles.manager.DagBundlesManager","filename":"manager.py","lineno":209}
{"timestamp":"2026-05-05T10:30:03.437151Z","level":"info","event":"Filling up the DagBag from /opt/airflow/dags/print_interval_dag.py","logger":"airflow.dag_processing.dagbag.BundleDagBag","filename":"dagbag.py","lineno":469}
{"timestamp":"2026-05-05T10:30:03.448104Z","level":"warning","event":"The `airflow.operators.python.PythonOperator` attribute is deprecated. Please use `'airflow.providers.standard.operators.python.PythonOperator'`.","category":"UserWarning","filename":"/opt/airflow/dags/print_interval_dag.py","lineno":2,"logger":"py.warnings"}
{"timestamp":"2026-05-05T10:30:03.497183Z","level":"info","event":"Task instance is in running state","logger":"task.stdout"}
{"timestamp":"2026-05-05T10:30:03.497909Z","level":"info","event":" Previous state of the Task instance: TaskInstanceState.QUEUED","logger":"task.stdout"}
{"timestamp":"2026-05-05T10:30:03.498529Z","level":"info","event":"Current task name:print_interval","logger":"task.stdout"}
{"timestamp":"2026-05-05T10:30:03.499051Z","level":"info","event":"Dag name:print_interval_dag","logger":"task.stdout"}
{"timestamp":"2026-05-05T10:30:03.503547Z","level":"info","event":"Interval Start: 2025-05-12 18:00:00+00:00","logger":"task.stdout"}
{"timestamp":"2026-05-05T10:30:03.504396Z","level":"info","event":"Interval End:   2025-05-12 18:00:00+00:00","logger":"task.stdout"}
{"timestamp":"2026-05-05T10:30:03.503333Z","level":"info","event":"Done. Returned value was: None","logger":"airflow.task.operators.airflow.providers.standard.operators.python.PythonOperator","filename":"python.py","lineno":229}
{"timestamp":"2026-05-05T10:30:03.540041Z","level":"info","event":"Task instance in success state","logger":"task.stdout"}
{"timestamp":"2026-05-05T10:30:03.542005Z","level":"info","event":" Previous state of the Task instance: TaskInstanceState.RUNNING","logger":"task.stdout"}
{"timestamp":"2026-05-05T10:30:03.543008Z","level":"info","event":"Task operator:<Task(PythonOperator): print_interval>","logger":"task.stdout"}
{"timestamp":"2026-05-05T12:25:54.096573Z","level":"info","event":"DAG bundles loaded: dags-folder, example_dags","logger":"airflow.dag_processing.bundles.manager.DagBundlesManager","filename":"manager.py","lineno":209}
{"timestamp":"2026-05-05T12:25:54.118331Z","level":"info","event":"Filling up the DagBag from /opt/airflow/dags/print_interval_dag.py","logger":"airflow.dag_processing.dagbag.BundleDagBag","filename":"dagbag.py","lineno":469}
{"timestamp":"2026-05-05T12:25:54.438156Z","level":"info","event":"Task instance is in running state","logger":"task.stdout"}
{"timestamp":"2026-05-05T12:25:54.442136Z","level":"info","event":" Previous state of the Task instance: TaskInstanceState.QUEUED","logger":"task.stdout"}
{"timestamp":"2026-05-05T12:25:54.447786Z","level":"info","event":"Current task name:print_interval","logger":"task.stdout"}
{"timestamp":"2026-05-05T12:25:54.448675Z","level":"info","event":"Dag name:print_interval_dag","logger":"task.stdout"}
{"timestamp":"2026-05-05T12:25:54.477825Z","level":"info","event":"=== ALL AVAILABLE MACROS ===","logger":"task.stdout"}
{"timestamp":"2026-05-05T12:25:54.478451Z","level":"info","event":"dag: <DAG: print_interval_dag>","logger":"task.stdout"}
{"timestamp":"2026-05-05T12:25:54.479316Z","level":"info","event":"inlets: []","logger":"task.stdout"}
{"timestamp":"2026-05-05T12:25:54.480349Z","level":"info","event":"map_index_template: None","logger":"task.stdout"}
{"timestamp":"2026-05-05T12:25:54.481741Z","level":"info","event":"outlets: []","logger":"task.stdout"}
{"timestamp":"2026-05-05T12:25:54.483846Z","level":"info","event":"run_id: scheduled__2025-05-12T18:00:00+00:00","logger":"task.stdout"}
{"timestamp":"2026-05-05T12:25:54.486160Z","level":"info","event":"task: <Task(PythonOperator): print_interval>","logger":"task.stdout"}
{"timestamp":"2026-05-05T12:25:54.490913Z","level":"info","event":"task_instance: id=UUID('019df81a-14e0-7d96-8edb-1d4909b9fe37') task_id='print_interval' dag_id='print_interval_dag' run_id='scheduled__2025-05-12T18:00:00+00:00' try_number=1 dag_version_id=UUID('019df815-a045-750b-bac8-47ced7cc6a45') map_index=-1 hostname='86abe326db93' context_carrier={'traceparent': '00-9102fa2372bc7176e213b28e8c191658-b258ce8bea4d4f6d-01'} task=<Task(PythonOperator): print_interval> bundle_instance=LocalDagBundle(name=dags-folder) max_tries=0 start_date=datetime.datetime(2026, 5, 5, 12, 25, 52, 619833, tzinfo=datetime.timezone.utc) end_date=None state=<TaskInstanceState.RUNNING: 'running'> is_mapped=False rendered_map_index=None sentry_integration=''","logger":"task.stdout"}
{"timestamp":"2026-05-05T12:25:54.495818Z","level":"info","event":"ti: id=UUID('019df81a-14e0-7d96-8edb-1d4909b9fe37') task_id='print_interval' dag_id='print_interval_dag' run_id='scheduled__2025-05-12T18:00:00+00:00' try_number=1 dag_version_id=UUID('019df815-a045-750b-bac8-47ced7cc6a45') map_index=-1 hostname='86abe326db93' context_carrier={'traceparent': '00-9102fa2372bc7176e213b28e8c191658-b258ce8bea4d4f6d-01'} task=<Task(PythonOperator): print_interval> bundle_instance=LocalDagBundle(name=dags-folder) max_tries=0 start_date=datetime.datetime(2026, 5, 5, 12, 25, 52, 619833, tzinfo=datetime.timezone.utc) end_date=None state=<TaskInstanceState.RUNNING: 'running'> is_mapped=False rendered_map_index=None sentry_integration=''","logger":"task.stdout"}
{"timestamp":"2026-05-05T12:25:54.503348Z","level":"info","event":"outlet_events: OutletEventAccessors(_dict={})","logger":"task.stdout"}
{"timestamp":"2026-05-05T12:25:54.507181Z","level":"info","event":"inlet_events: InletEventsAccessors(_inlets=[], _assets={}, _asset_aliases={})","logger":"task.stdout"}
{"timestamp":"2026-05-05T12:25:54.510940Z","level":"info","event":"macros: <MacrosAccessor (dynamic access to macros)>","logger":"task.stdout"}
{"timestamp":"2026-05-05T12:25:54.511916Z","level":"info","event":"params: {}","logger":"task.stdout"}
{"timestamp":"2026-05-05T12:25:54.515878Z","level":"info","event":"var: {'json': <VariableAccessor (dynamic access)>, 'value': <VariableAccessor (dynamic access)>}","logger":"task.stdout"}
{"timestamp":"2026-05-05T12:25:54.517118Z","level":"info","event":"conn: <ConnectionAccessor (dynamic access)>","logger":"task.stdout"}
{"timestamp":"2026-05-05T12:25:54.517765Z","level":"info","event":"dag_run: dag_id='print_interval_dag' run_id='scheduled__2025-05-12T18:00:00+00:00' logical_date=datetime.datetime(2025, 5, 12, 18, 0, tzinfo=datetime.timezone.utc) data_interval_start=datetime.datetime(2025, 5, 12, 18, 0, tzinfo=datetime.timezone.utc) data_interval_end=datetime.datetime(2025, 5, 12, 18, 0, tzinfo=datetime.timezone.utc) run_after=datetime.datetime(2025, 5, 12, 18, 0, tzinfo=datetime.timezone.utc) start_date=datetime.datetime(2026, 5, 5, 12, 25, 52, 131795, tzinfo=datetime.timezone.utc) end_date=None clear_number=0 run_type=<DagRunType.SCHEDULED: 'scheduled'> state=<DagRunState.RUNNING: 'running'> conf={} triggering_user_name=None consumed_asset_events=[] partition_key=None note=None","logger":"task.stdout"}
{"timestamp":"2026-05-05T12:25:54.520985Z","level":"info","event":"triggering_asset_events: TriggeringAssetEventAccessor(_events=defaultdict(<class 'list'>, {}))","logger":"task.stdout"}
{"timestamp":"2026-05-05T12:25:54.525967Z","level":"info","event":"task_instance_key_str: print_interval_dag__print_interval__20250512","logger":"task.stdout"}
{"timestamp":"2026-05-05T12:25:54.526618Z","level":"info","event":"task_reschedule_count: 0","logger":"task.stdout"}
{"timestamp":"2026-05-05T12:25:54.572739Z","level":"info","event":"prev_start_date_success: 2026-05-05 12:25:50.978020+00:00","logger":"task.stdout"}
{"timestamp":"2026-05-05T12:25:54.575912Z","level":"info","event":"prev_end_date_success: 2026-05-05 12:25:53.525564+00:00","logger":"task.stdout"}
{"timestamp":"2026-05-05T12:25:54.583638Z","level":"info","event":"logical_date: 2025-05-12 18:00:00+00:00","logger":"task.stdout"}
{"timestamp":"2026-05-05T12:25:54.586675Z","level":"info","event":"ds: 2025-05-12","logger":"task.stdout"}
{"timestamp":"2026-05-05T12:25:54.591140Z","level":"info","event":"ds_nodash: 20250512","logger":"task.stdout"}
{"timestamp":"2026-05-05T12:25:54.591781Z","level":"info","event":"ts: 2025-05-12T18:00:00+00:00","logger":"task.stdout"}
{"timestamp":"2026-05-05T12:25:54.592165Z","level":"info","event":"ts_nodash: 20250512T180000","logger":"task.stdout"}
{"timestamp":"2026-05-05T12:25:54.592607Z","level":"info","event":"ts_nodash_with_tz: 20250512T180000+0000","logger":"task.stdout"}
{"timestamp":"2026-05-05T12:25:54.593029Z","level":"info","event":"data_interval_end: 2025-05-12 18:00:00+00:00","logger":"task.stdout"}
{"timestamp":"2026-05-05T12:25:54.593609Z","level":"info","event":"data_interval_start: 2025-05-12 18:00:00+00:00","logger":"task.stdout"}
{"timestamp":"2026-05-05T12:25:54.594003Z","level":"info","event":"prev_data_interval_start_success: 2025-05-12 12:00:00+00:00","logger":"task.stdout"}
{"timestamp":"2026-05-05T12:25:54.594402Z","level":"info","event":"prev_data_interval_end_success: 2025-05-12 12:00:00+00:00","logger":"task.stdout"}
{"timestamp":"2026-05-05T12:25:54.594921Z","level":"info","event":"templates_dict: None","logger":"task.stdout"}
{"timestamp":"2026-05-05T12:25:54.566027Z","level":"info","event":"Done. Returned value was: None","logger":"airflow.task.operators.airflow.providers.standard.operators.python.PythonOperator","filename":"python.py","lineno":229}
{"timestamp":"2026-05-05T12:25:54.666885Z","level":"info","event":"Task instance in success state","logger":"task.stdout"}
{"timestamp":"2026-05-05T12:25:54.667638Z","level":"info","event":" Previous state of the Task instance: TaskInstanceState.RUNNING","logger":"task.stdout"}
{"timestamp":"2026-05-05T12:25:54.669802Z","level":"info","event":"Task operator:<Task(PythonOperator): print_interval>","logger":"task.stdout"}
