{"timestamp":"2026-05-05T10:31:14.361538Z","level":"info","event":"DAG bundles loaded: dags-folder, example_dags","logger":"airflow.dag_processing.bundles.manager.DagBundlesManager","filename":"manager.py","lineno":209}
{"timestamp":"2026-05-05T10:31:14.363943Z","level":"info","event":"Filling up the DagBag from /opt/airflow/dags/print_interval_dag.py","logger":"airflow.dag_processing.dagbag.BundleDagBag","filename":"dagbag.py","lineno":469}
{"timestamp":"2026-05-05T10:31:14.382001Z","level":"warning","event":"The `airflow.operators.python.PythonOperator` attribute is deprecated. Please use `'airflow.providers.standard.operators.python.PythonOperator'`.","category":"UserWarning","filename":"/opt/airflow/dags/print_interval_dag.py","lineno":2,"logger":"py.warnings"}
{"timestamp":"2026-05-05T10:31:14.444020Z","level":"info","event":"Task instance is in running state","logger":"task.stdout"}
{"timestamp":"2026-05-05T10:31:14.444903Z","level":"info","event":" Previous state of the Task instance: TaskInstanceState.QUEUED","logger":"task.stdout"}
{"timestamp":"2026-05-05T10:31:14.445720Z","level":"info","event":"Current task name:print_interval","logger":"task.stdout"}
{"timestamp":"2026-05-05T10:31:14.446350Z","level":"info","event":"Dag name:print_interval_dag","logger":"task.stdout"}
{"timestamp":"2026-05-05T10:31:14.450755Z","level":"info","event":"Interval Start: 2025-05-31 09:00:00+00:00","logger":"task.stdout"}
{"timestamp":"2026-05-05T10:31:14.451554Z","level":"info","event":"Interval End:   2025-05-31 09:00:00+00:00","logger":"task.stdout"}
{"timestamp":"2026-05-05T10:31:14.450392Z","level":"info","event":"Done. Returned value was: None","logger":"airflow.task.operators.airflow.providers.standard.operators.python.PythonOperator","filename":"python.py","lineno":229}
{"timestamp":"2026-05-05T10:31:14.489261Z","level":"info","event":"Task instance in success state","logger":"task.stdout"}
{"timestamp":"2026-05-05T10:31:14.489995Z","level":"info","event":" Previous state of the Task instance: TaskInstanceState.RUNNING","logger":"task.stdout"}
{"timestamp":"2026-05-05T10:31:14.492648Z","level":"info","event":"Task operator:<Task(PythonOperator): print_interval>","logger":"task.stdout"}
{"timestamp":"2026-05-05T12:27:12.156604Z","level":"info","event":"DAG bundles loaded: dags-folder, example_dags","logger":"airflow.dag_processing.bundles.manager.DagBundlesManager","filename":"manager.py","lineno":209}
{"timestamp":"2026-05-05T12:27:12.159669Z","level":"info","event":"Filling up the DagBag from /opt/airflow/dags/print_interval_dag.py","logger":"airflow.dag_processing.dagbag.BundleDagBag","filename":"dagbag.py","lineno":469}
{"timestamp":"2026-05-05T12:27:12.285090Z","level":"info","event":"Task instance is in running state","logger":"task.stdout"}
{"timestamp":"2026-05-05T12:27:12.287969Z","level":"info","event":" Previous state of the Task instance: TaskInstanceState.QUEUED","logger":"task.stdout"}
{"timestamp":"2026-05-05T12:27:12.288507Z","level":"info","event":"Current task name:print_interval","logger":"task.stdout"}
{"timestamp":"2026-05-05T12:27:12.289119Z","level":"info","event":"Dag name:print_interval_dag","logger":"task.stdout"}
{"timestamp":"2026-05-05T12:27:12.289927Z","level":"info","event":"=== ALL AVAILABLE MACROS ===","logger":"task.stdout"}
{"timestamp":"2026-05-05T12:27:12.290426Z","level":"info","event":"dag: <DAG: print_interval_dag>","logger":"task.stdout"}
{"timestamp":"2026-05-05T12:27:12.291010Z","level":"info","event":"inlets: []","logger":"task.stdout"}
{"timestamp":"2026-05-05T12:27:12.291386Z","level":"info","event":"map_index_template: None","logger":"task.stdout"}
{"timestamp":"2026-05-05T12:27:12.292443Z","level":"info","event":"outlets: []","logger":"task.stdout"}
{"timestamp":"2026-05-05T12:27:12.292925Z","level":"info","event":"run_id: scheduled__2025-05-31T09:00:00+00:00","logger":"task.stdout"}
{"timestamp":"2026-05-05T12:27:12.293343Z","level":"info","event":"task: <Task(PythonOperator): print_interval>","logger":"task.stdout"}
{"timestamp":"2026-05-05T12:27:12.293879Z","level":"info","event":"task_instance: id=UUID('019df81b-47ce-7503-b00a-2b30a5595344') task_id='print_interval' dag_id='print_interval_dag' run_id='scheduled__2025-05-31T09:00:00+00:00' try_number=1 dag_version_id=UUID('019df815-a045-750b-bac8-47ced7cc6a45') map_index=-1 hostname='86abe326db93' context_carrier={'traceparent': '00-de7ba6394ee949bed3ae715f57541490-bedf213195d77aeb-01'} task=<Task(PythonOperator): print_interval> bundle_instance=LocalDagBundle(name=dags-folder) max_tries=0 start_date=datetime.datetime(2026, 5, 5, 12, 27, 11, 144435, tzinfo=datetime.timezone.utc) end_date=None state=<TaskInstanceState.RUNNING: 'running'> is_mapped=False rendered_map_index=None sentry_integration=''","logger":"task.stdout"}
{"timestamp":"2026-05-05T12:27:12.294747Z","level":"info","event":"ti: id=UUID('019df81b-47ce-7503-b00a-2b30a5595344') task_id='print_interval' dag_id='print_interval_dag' run_id='scheduled__2025-05-31T09:00:00+00:00' try_number=1 dag_version_id=UUID('019df815-a045-750b-bac8-47ced7cc6a45') map_index=-1 hostname='86abe326db93' context_carrier={'traceparent': '00-de7ba6394ee949bed3ae715f57541490-bedf213195d77aeb-01'} task=<Task(PythonOperator): print_interval> bundle_instance=LocalDagBundle(name=dags-folder) max_tries=0 start_date=datetime.datetime(2026, 5, 5, 12, 27, 11, 144435, tzinfo=datetime.timezone.utc) end_date=None state=<TaskInstanceState.RUNNING: 'running'> is_mapped=False rendered_map_index=None sentry_integration=''","logger":"task.stdout"}
{"timestamp":"2026-05-05T12:27:12.295178Z","level":"info","event":"outlet_events: OutletEventAccessors(_dict={})","logger":"task.stdout"}
{"timestamp":"2026-05-05T12:27:12.295561Z","level":"info","event":"inlet_events: InletEventsAccessors(_inlets=[], _assets={}, _asset_aliases={})","logger":"task.stdout"}
{"timestamp":"2026-05-05T12:27:12.295979Z","level":"info","event":"macros: <MacrosAccessor (dynamic access to macros)>","logger":"task.stdout"}
{"timestamp":"2026-05-05T12:27:12.296344Z","level":"info","event":"params: {}","logger":"task.stdout"}
{"timestamp":"2026-05-05T12:27:12.296753Z","level":"info","event":"var: {'json': <VariableAccessor (dynamic access)>, 'value': <VariableAccessor (dynamic access)>}","logger":"task.stdout"}
{"timestamp":"2026-05-05T12:27:12.297143Z","level":"info","event":"conn: <ConnectionAccessor (dynamic access)>","logger":"task.stdout"}
{"timestamp":"2026-05-05T12:27:12.297502Z","level":"info","event":"dag_run: dag_id='print_interval_dag' run_id='scheduled__2025-05-31T09:00:00+00:00' logical_date=datetime.datetime(2025, 5, 31, 9, 0, tzinfo=datetime.timezone.utc) data_interval_start=datetime.datetime(2025, 5, 31, 9, 0, tzinfo=datetime.timezone.utc) data_interval_end=datetime.datetime(2025, 5, 31, 9, 0, tzinfo=datetime.timezone.utc) run_after=datetime.datetime(2025, 5, 31, 9, 0, tzinfo=datetime.timezone.utc) start_date=datetime.datetime(2026, 5, 5, 12, 27, 10, 704797, tzinfo=datetime.timezone.utc) end_date=None clear_number=0 run_type=<DagRunType.SCHEDULED: 'scheduled'> state=<DagRunState.RUNNING: 'running'> conf={} triggering_user_name=None consumed_asset_events=[] partition_key=None note=None","logger":"task.stdout"}
{"timestamp":"2026-05-05T12:27:12.297961Z","level":"info","event":"triggering_asset_events: TriggeringAssetEventAccessor(_events=defaultdict(<class 'list'>, {}))","logger":"task.stdout"}
{"timestamp":"2026-05-05T12:27:12.298364Z","level":"info","event":"task_instance_key_str: print_interval_dag__print_interval__20250531","logger":"task.stdout"}
{"timestamp":"2026-05-05T12:27:12.298759Z","level":"info","event":"task_reschedule_count: 0","logger":"task.stdout"}
{"timestamp":"2026-05-05T12:27:12.327561Z","level":"info","event":"prev_start_date_success: 2026-05-05 12:27:09.711617+00:00","logger":"task.stdout"}
{"timestamp":"2026-05-05T12:27:12.328495Z","level":"info","event":"prev_end_date_success: 2026-05-05 12:27:11.825969+00:00","logger":"task.stdout"}
{"timestamp":"2026-05-05T12:27:12.328924Z","level":"info","event":"logical_date: 2025-05-31 09:00:00+00:00","logger":"task.stdout"}
{"timestamp":"2026-05-05T12:27:12.329361Z","level":"info","event":"ds: 2025-05-31","logger":"task.stdout"}
{"timestamp":"2026-05-05T12:27:12.330301Z","level":"info","event":"ds_nodash: 20250531","logger":"task.stdout"}
{"timestamp":"2026-05-05T12:27:12.330872Z","level":"info","event":"ts: 2025-05-31T09:00:00+00:00","logger":"task.stdout"}
{"timestamp":"2026-05-05T12:27:12.332170Z","level":"info","event":"ts_nodash: 20250531T090000","logger":"task.stdout"}
{"timestamp":"2026-05-05T12:27:12.336877Z","level":"info","event":"ts_nodash_with_tz: 20250531T090000+0000","logger":"task.stdout"}
{"timestamp":"2026-05-05T12:27:12.337413Z","level":"info","event":"data_interval_end: 2025-05-31 09:00:00+00:00","logger":"task.stdout"}
{"timestamp":"2026-05-05T12:27:12.337984Z","level":"info","event":"data_interval_start: 2025-05-31 09:00:00+00:00","logger":"task.stdout"}
{"timestamp":"2026-05-05T12:27:12.338370Z","level":"info","event":"prev_data_interval_start_success: 2025-05-31 03:00:00+00:00","logger":"task.stdout"}
{"timestamp":"2026-05-05T12:27:12.338808Z","level":"info","event":"prev_data_interval_end_success: 2025-05-31 03:00:00+00:00","logger":"task.stdout"}
{"timestamp":"2026-05-05T12:27:12.341500Z","level":"info","event":"templates_dict: None","logger":"task.stdout"}
{"timestamp":"2026-05-05T12:27:12.326633Z","level":"info","event":"Done. Returned value was: None","logger":"airflow.task.operators.airflow.providers.standard.operators.python.PythonOperator","filename":"python.py","lineno":229}
{"timestamp":"2026-05-05T12:27:12.426918Z","level":"info","event":"Task instance in success state","logger":"task.stdout"}
{"timestamp":"2026-05-05T12:27:12.432036Z","level":"info","event":" Previous state of the Task instance: TaskInstanceState.RUNNING","logger":"task.stdout"}
{"timestamp":"2026-05-05T12:27:12.432865Z","level":"info","event":"Task operator:<Task(PythonOperator): print_interval>","logger":"task.stdout"}
