{"timestamp":"2026-05-05T10:30:33.692494Z","level":"info","event":"DAG bundles loaded: dags-folder, example_dags","logger":"airflow.dag_processing.bundles.manager.DagBundlesManager","filename":"manager.py","lineno":209}
{"timestamp":"2026-05-05T10:30:33.696271Z","level":"info","event":"Filling up the DagBag from /opt/airflow/dags/print_interval_dag.py","logger":"airflow.dag_processing.dagbag.BundleDagBag","filename":"dagbag.py","lineno":469}
{"timestamp":"2026-05-05T10:30:33.722844Z","level":"warning","event":"The `airflow.operators.python.PythonOperator` attribute is deprecated. Please use `'airflow.providers.standard.operators.python.PythonOperator'`.","category":"UserWarning","filename":"/opt/airflow/dags/print_interval_dag.py","lineno":2,"logger":"py.warnings"}
{"timestamp":"2026-05-05T10:30:33.770648Z","level":"info","event":"Task instance is in running state","logger":"task.stdout"}
{"timestamp":"2026-05-05T10:30:33.771497Z","level":"info","event":" Previous state of the Task instance: TaskInstanceState.QUEUED","logger":"task.stdout"}
{"timestamp":"2026-05-05T10:30:33.772336Z","level":"info","event":"Current task name:print_interval","logger":"task.stdout"}
{"timestamp":"2026-05-05T10:30:33.772734Z","level":"info","event":"Dag name:print_interval_dag","logger":"task.stdout"}
{"timestamp":"2026-05-05T10:30:33.776289Z","level":"info","event":"Interval Start: 2025-05-20 15:00:00+00:00","logger":"task.stdout"}
{"timestamp":"2026-05-05T10:30:33.776696Z","level":"info","event":"Interval End:   2025-05-20 15:00:00+00:00","logger":"task.stdout"}
{"timestamp":"2026-05-05T10:30:33.775946Z","level":"info","event":"Done. Returned value was: None","logger":"airflow.task.operators.airflow.providers.standard.operators.python.PythonOperator","filename":"python.py","lineno":229}
{"timestamp":"2026-05-05T10:30:33.836192Z","level":"info","event":"Task instance in success state","logger":"task.stdout"}
{"timestamp":"2026-05-05T10:30:33.841008Z","level":"info","event":" Previous state of the Task instance: TaskInstanceState.RUNNING","logger":"task.stdout"}
{"timestamp":"2026-05-05T10:30:33.849345Z","level":"info","event":"Task operator:<Task(PythonOperator): print_interval>","logger":"task.stdout"}
{"timestamp":"2026-05-05T12:26:28.690050Z","level":"info","event":"DAG bundles loaded: dags-folder, example_dags","logger":"airflow.dag_processing.bundles.manager.DagBundlesManager","filename":"manager.py","lineno":209}
{"timestamp":"2026-05-05T12:26:28.692761Z","level":"info","event":"Filling up the DagBag from /opt/airflow/dags/print_interval_dag.py","logger":"airflow.dag_processing.dagbag.BundleDagBag","filename":"dagbag.py","lineno":469}
{"timestamp":"2026-05-05T12:26:28.803921Z","level":"info","event":"Task instance is in running state","logger":"task.stdout"}
{"timestamp":"2026-05-05T12:26:28.809291Z","level":"info","event":" Previous state of the Task instance: TaskInstanceState.QUEUED","logger":"task.stdout"}
{"timestamp":"2026-05-05T12:26:28.812243Z","level":"info","event":"Current task name:print_interval","logger":"task.stdout"}
{"timestamp":"2026-05-05T12:26:28.814615Z","level":"info","event":"Dag name:print_interval_dag","logger":"task.stdout"}
{"timestamp":"2026-05-05T12:26:28.816527Z","level":"info","event":"=== ALL AVAILABLE MACROS ===","logger":"task.stdout"}
{"timestamp":"2026-05-05T12:26:28.818927Z","level":"info","event":"dag: <DAG: print_interval_dag>","logger":"task.stdout"}
{"timestamp":"2026-05-05T12:26:28.826918Z","level":"info","event":"inlets: []","logger":"task.stdout"}
{"timestamp":"2026-05-05T12:26:28.827695Z","level":"info","event":"map_index_template: None","logger":"task.stdout"}
{"timestamp":"2026-05-05T12:26:28.829949Z","level":"info","event":"outlets: []","logger":"task.stdout"}
{"timestamp":"2026-05-05T12:26:28.831787Z","level":"info","event":"run_id: scheduled__2025-05-20T15:00:00+00:00","logger":"task.stdout"}
{"timestamp":"2026-05-05T12:26:28.833568Z","level":"info","event":"task: <Task(PythonOperator): print_interval>","logger":"task.stdout"}
{"timestamp":"2026-05-05T12:26:28.836108Z","level":"info","event":"task_instance: id=UUID('019df81a-9f07-79ad-8b0e-92f0ce2838b7') task_id='print_interval' dag_id='print_interval_dag' run_id='scheduled__2025-05-20T15:00:00+00:00' try_number=1 dag_version_id=UUID('019df815-a045-750b-bac8-47ced7cc6a45') map_index=-1 hostname='86abe326db93' context_carrier={'traceparent': '00-0747b4330046f5ed0a1c55d097bb307b-d169afd598fa57d2-01'} task=<Task(PythonOperator): print_interval> bundle_instance=LocalDagBundle(name=dags-folder) max_tries=0 start_date=datetime.datetime(2026, 5, 5, 12, 26, 27, 716488, tzinfo=datetime.timezone.utc) end_date=None state=<TaskInstanceState.RUNNING: 'running'> is_mapped=False rendered_map_index=None sentry_integration=''","logger":"task.stdout"}
{"timestamp":"2026-05-05T12:26:28.838982Z","level":"info","event":"ti: id=UUID('019df81a-9f07-79ad-8b0e-92f0ce2838b7') task_id='print_interval' dag_id='print_interval_dag' run_id='scheduled__2025-05-20T15:00:00+00:00' try_number=1 dag_version_id=UUID('019df815-a045-750b-bac8-47ced7cc6a45') map_index=-1 hostname='86abe326db93' context_carrier={'traceparent': '00-0747b4330046f5ed0a1c55d097bb307b-d169afd598fa57d2-01'} task=<Task(PythonOperator): print_interval> bundle_instance=LocalDagBundle(name=dags-folder) max_tries=0 start_date=datetime.datetime(2026, 5, 5, 12, 26, 27, 716488, tzinfo=datetime.timezone.utc) end_date=None state=<TaskInstanceState.RUNNING: 'running'> is_mapped=False rendered_map_index=None sentry_integration=''","logger":"task.stdout"}
{"timestamp":"2026-05-05T12:26:28.850542Z","level":"info","event":"outlet_events: OutletEventAccessors(_dict={})","logger":"task.stdout"}
{"timestamp":"2026-05-05T12:26:28.857947Z","level":"info","event":"inlet_events: InletEventsAccessors(_inlets=[], _assets={}, _asset_aliases={})","logger":"task.stdout"}
{"timestamp":"2026-05-05T12:26:28.859579Z","level":"info","event":"macros: <MacrosAccessor (dynamic access to macros)>","logger":"task.stdout"}
{"timestamp":"2026-05-05T12:26:28.861522Z","level":"info","event":"params: {}","logger":"task.stdout"}
{"timestamp":"2026-05-05T12:26:28.866044Z","level":"info","event":"var: {'json': <VariableAccessor (dynamic access)>, 'value': <VariableAccessor (dynamic access)>}","logger":"task.stdout"}
{"timestamp":"2026-05-05T12:26:28.871081Z","level":"info","event":"conn: <ConnectionAccessor (dynamic access)>","logger":"task.stdout"}
{"timestamp":"2026-05-05T12:26:28.871943Z","level":"info","event":"dag_run: dag_id='print_interval_dag' run_id='scheduled__2025-05-20T15:00:00+00:00' logical_date=datetime.datetime(2025, 5, 20, 15, 0, tzinfo=datetime.timezone.utc) data_interval_start=datetime.datetime(2025, 5, 20, 15, 0, tzinfo=datetime.timezone.utc) data_interval_end=datetime.datetime(2025, 5, 20, 15, 0, tzinfo=datetime.timezone.utc) run_after=datetime.datetime(2025, 5, 20, 15, 0, tzinfo=datetime.timezone.utc) start_date=datetime.datetime(2026, 5, 5, 12, 26, 27, 487566, tzinfo=datetime.timezone.utc) end_date=None clear_number=0 run_type=<DagRunType.SCHEDULED: 'scheduled'> state=<DagRunState.RUNNING: 'running'> conf={} triggering_user_name=None consumed_asset_events=[] partition_key=None note=None","logger":"task.stdout"}
{"timestamp":"2026-05-05T12:26:28.883337Z","level":"info","event":"triggering_asset_events: TriggeringAssetEventAccessor(_events=defaultdict(<class 'list'>, {}))","logger":"task.stdout"}
{"timestamp":"2026-05-05T12:26:28.884382Z","level":"info","event":"task_instance_key_str: print_interval_dag__print_interval__20250520","logger":"task.stdout"}
{"timestamp":"2026-05-05T12:26:28.886852Z","level":"info","event":"task_reschedule_count: 0","logger":"task.stdout"}
{"timestamp":"2026-05-05T12:26:28.939703Z","level":"info","event":"prev_start_date_success: 2026-05-05 12:26:27.088655+00:00","logger":"task.stdout"}
{"timestamp":"2026-05-05T12:26:28.944018Z","level":"info","event":"prev_end_date_success: 2026-05-05 12:26:28.797501+00:00","logger":"task.stdout"}
{"timestamp":"2026-05-05T12:26:28.944982Z","level":"info","event":"logical_date: 2025-05-20 15:00:00+00:00","logger":"task.stdout"}
{"timestamp":"2026-05-05T12:26:28.947175Z","level":"info","event":"ds: 2025-05-20","logger":"task.stdout"}
{"timestamp":"2026-05-05T12:26:28.950084Z","level":"info","event":"ds_nodash: 20250520","logger":"task.stdout"}
{"timestamp":"2026-05-05T12:26:28.951262Z","level":"info","event":"ts: 2025-05-20T15:00:00+00:00","logger":"task.stdout"}
{"timestamp":"2026-05-05T12:26:28.953900Z","level":"info","event":"ts_nodash: 20250520T150000","logger":"task.stdout"}
{"timestamp":"2026-05-05T12:26:28.955009Z","level":"info","event":"ts_nodash_with_tz: 20250520T150000+0000","logger":"task.stdout"}
{"timestamp":"2026-05-05T12:26:28.956145Z","level":"info","event":"data_interval_end: 2025-05-20 15:00:00+00:00","logger":"task.stdout"}
{"timestamp":"2026-05-05T12:26:28.956898Z","level":"info","event":"data_interval_start: 2025-05-20 15:00:00+00:00","logger":"task.stdout"}
{"timestamp":"2026-05-05T12:26:28.957592Z","level":"info","event":"prev_data_interval_start_success: 2025-05-20 12:00:00+00:00","logger":"task.stdout"}
{"timestamp":"2026-05-05T12:26:28.958402Z","level":"info","event":"prev_data_interval_end_success: 2025-05-20 12:00:00+00:00","logger":"task.stdout"}
{"timestamp":"2026-05-05T12:26:28.958888Z","level":"info","event":"templates_dict: None","logger":"task.stdout"}
{"timestamp":"2026-05-05T12:26:28.940478Z","level":"info","event":"Done. Returned value was: None","logger":"airflow.task.operators.airflow.providers.standard.operators.python.PythonOperator","filename":"python.py","lineno":229}
{"timestamp":"2026-05-05T12:26:29.019595Z","level":"info","event":"Task instance in success state","logger":"task.stdout"}
{"timestamp":"2026-05-05T12:26:29.020303Z","level":"info","event":" Previous state of the Task instance: TaskInstanceState.RUNNING","logger":"task.stdout"}
{"timestamp":"2026-05-05T12:26:29.021146Z","level":"info","event":"Task operator:<Task(PythonOperator): print_interval>","logger":"task.stdout"}
