{"timestamp":"2026-05-05T10:30:30.221596Z","level":"info","event":"DAG bundles loaded: dags-folder, example_dags","logger":"airflow.dag_processing.bundles.manager.DagBundlesManager","filename":"manager.py","lineno":209}
{"timestamp":"2026-05-05T10:30:30.223662Z","level":"info","event":"Filling up the DagBag from /opt/airflow/dags/print_interval_dag.py","logger":"airflow.dag_processing.dagbag.BundleDagBag","filename":"dagbag.py","lineno":469}
{"timestamp":"2026-05-05T10:30:30.237779Z","level":"warning","event":"The `airflow.operators.python.PythonOperator` attribute is deprecated. Please use `'airflow.providers.standard.operators.python.PythonOperator'`.","category":"UserWarning","filename":"/opt/airflow/dags/print_interval_dag.py","lineno":2,"logger":"py.warnings"}
{"timestamp":"2026-05-05T10:30:30.328704Z","level":"info","event":"Task instance is in running state","logger":"task.stdout"}
{"timestamp":"2026-05-05T10:30:30.329375Z","level":"info","event":" Previous state of the Task instance: TaskInstanceState.QUEUED","logger":"task.stdout"}
{"timestamp":"2026-05-05T10:30:30.333301Z","level":"info","event":"Current task name:print_interval","logger":"task.stdout"}
{"timestamp":"2026-05-05T10:30:30.333859Z","level":"info","event":"Dag name:print_interval_dag","logger":"task.stdout"}
{"timestamp":"2026-05-05T10:30:30.334564Z","level":"info","event":"Interval Start: 2025-05-19 18:00:00+00:00","logger":"task.stdout"}
{"timestamp":"2026-05-05T10:30:30.335416Z","level":"info","event":"Interval End:   2025-05-19 18:00:00+00:00","logger":"task.stdout"}
{"timestamp":"2026-05-05T10:30:30.332874Z","level":"info","event":"Done. Returned value was: None","logger":"airflow.task.operators.airflow.providers.standard.operators.python.PythonOperator","filename":"python.py","lineno":229}
{"timestamp":"2026-05-05T10:30:30.407050Z","level":"info","event":"Task instance in success state","logger":"task.stdout"}
{"timestamp":"2026-05-05T10:30:30.416948Z","level":"info","event":" Previous state of the Task instance: TaskInstanceState.RUNNING","logger":"task.stdout"}
{"timestamp":"2026-05-05T10:30:30.417696Z","level":"info","event":"Task operator:<Task(PythonOperator): print_interval>","logger":"task.stdout"}
{"timestamp":"2026-05-05T12:26:25.202668Z","level":"info","event":"DAG bundles loaded: dags-folder, example_dags","logger":"airflow.dag_processing.bundles.manager.DagBundlesManager","filename":"manager.py","lineno":209}
{"timestamp":"2026-05-05T12:26:25.204009Z","level":"info","event":"Filling up the DagBag from /opt/airflow/dags/print_interval_dag.py","logger":"airflow.dag_processing.dagbag.BundleDagBag","filename":"dagbag.py","lineno":469}
{"timestamp":"2026-05-05T12:26:25.276630Z","level":"info","event":"Task instance is in running state","logger":"task.stdout"}
{"timestamp":"2026-05-05T12:26:25.277322Z","level":"info","event":" Previous state of the Task instance: TaskInstanceState.QUEUED","logger":"task.stdout"}
{"timestamp":"2026-05-05T12:26:25.277924Z","level":"info","event":"Current task name:print_interval","logger":"task.stdout"}
{"timestamp":"2026-05-05T12:26:25.278288Z","level":"info","event":"Dag name:print_interval_dag","logger":"task.stdout"}
{"timestamp":"2026-05-05T12:26:25.280018Z","level":"info","event":"=== ALL AVAILABLE MACROS ===","logger":"task.stdout"}
{"timestamp":"2026-05-05T12:26:25.281215Z","level":"info","event":"dag: <DAG: print_interval_dag>","logger":"task.stdout"}
{"timestamp":"2026-05-05T12:26:25.281925Z","level":"info","event":"inlets: []","logger":"task.stdout"}
{"timestamp":"2026-05-05T12:26:25.282463Z","level":"info","event":"map_index_template: None","logger":"task.stdout"}
{"timestamp":"2026-05-05T12:26:25.283272Z","level":"info","event":"outlets: []","logger":"task.stdout"}
{"timestamp":"2026-05-05T12:26:25.283729Z","level":"info","event":"run_id: scheduled__2025-05-19T18:00:00+00:00","logger":"task.stdout"}
{"timestamp":"2026-05-05T12:26:25.284422Z","level":"info","event":"task: <Task(PythonOperator): print_interval>","logger":"task.stdout"}
{"timestamp":"2026-05-05T12:26:25.285284Z","level":"info","event":"task_instance: id=UUID('019df81a-9180-774e-aee2-e6ea7660c313') task_id='print_interval' dag_id='print_interval_dag' run_id='scheduled__2025-05-19T18:00:00+00:00' try_number=1 dag_version_id=UUID('019df815-a045-750b-bac8-47ced7cc6a45') map_index=-1 hostname='86abe326db93' context_carrier={'traceparent': '00-9e7b976f8b33ea2578a6b1b8a7d6a583-7cf3b9ffcc51fd67-01'} task=<Task(PythonOperator): print_interval> bundle_instance=LocalDagBundle(name=dags-folder) max_tries=0 start_date=datetime.datetime(2026, 5, 5, 12, 26, 24, 301489, tzinfo=datetime.timezone.utc) end_date=None state=<TaskInstanceState.RUNNING: 'running'> is_mapped=False rendered_map_index=None sentry_integration=''","logger":"task.stdout"}
{"timestamp":"2026-05-05T12:26:25.286516Z","level":"info","event":"ti: id=UUID('019df81a-9180-774e-aee2-e6ea7660c313') task_id='print_interval' dag_id='print_interval_dag' run_id='scheduled__2025-05-19T18:00:00+00:00' try_number=1 dag_version_id=UUID('019df815-a045-750b-bac8-47ced7cc6a45') map_index=-1 hostname='86abe326db93' context_carrier={'traceparent': '00-9e7b976f8b33ea2578a6b1b8a7d6a583-7cf3b9ffcc51fd67-01'} task=<Task(PythonOperator): print_interval> bundle_instance=LocalDagBundle(name=dags-folder) max_tries=0 start_date=datetime.datetime(2026, 5, 5, 12, 26, 24, 301489, tzinfo=datetime.timezone.utc) end_date=None state=<TaskInstanceState.RUNNING: 'running'> is_mapped=False rendered_map_index=None sentry_integration=''","logger":"task.stdout"}
{"timestamp":"2026-05-05T12:26:25.287110Z","level":"info","event":"outlet_events: OutletEventAccessors(_dict={})","logger":"task.stdout"}
{"timestamp":"2026-05-05T12:26:25.288024Z","level":"info","event":"inlet_events: InletEventsAccessors(_inlets=[], _assets={}, _asset_aliases={})","logger":"task.stdout"}
{"timestamp":"2026-05-05T12:26:25.288613Z","level":"info","event":"macros: <MacrosAccessor (dynamic access to macros)>","logger":"task.stdout"}
{"timestamp":"2026-05-05T12:26:25.289076Z","level":"info","event":"params: {}","logger":"task.stdout"}
{"timestamp":"2026-05-05T12:26:25.289948Z","level":"info","event":"var: {'json': <VariableAccessor (dynamic access)>, 'value': <VariableAccessor (dynamic access)>}","logger":"task.stdout"}
{"timestamp":"2026-05-05T12:26:25.292503Z","level":"info","event":"conn: <ConnectionAccessor (dynamic access)>","logger":"task.stdout"}
{"timestamp":"2026-05-05T12:26:25.293303Z","level":"info","event":"dag_run: dag_id='print_interval_dag' run_id='scheduled__2025-05-19T18:00:00+00:00' logical_date=datetime.datetime(2025, 5, 19, 18, 0, tzinfo=datetime.timezone.utc) data_interval_start=datetime.datetime(2025, 5, 19, 18, 0, tzinfo=datetime.timezone.utc) data_interval_end=datetime.datetime(2025, 5, 19, 18, 0, tzinfo=datetime.timezone.utc) run_after=datetime.datetime(2025, 5, 19, 18, 0, tzinfo=datetime.timezone.utc) start_date=datetime.datetime(2026, 5, 5, 12, 26, 24, 27587, tzinfo=datetime.timezone.utc) end_date=None clear_number=0 run_type=<DagRunType.SCHEDULED: 'scheduled'> state=<DagRunState.RUNNING: 'running'> conf={} triggering_user_name=None consumed_asset_events=[] partition_key=None note=None","logger":"task.stdout"}
{"timestamp":"2026-05-05T12:26:25.293926Z","level":"info","event":"triggering_asset_events: TriggeringAssetEventAccessor(_events=defaultdict(<class 'list'>, {}))","logger":"task.stdout"}
{"timestamp":"2026-05-05T12:26:25.294371Z","level":"info","event":"task_instance_key_str: print_interval_dag__print_interval__20250519","logger":"task.stdout"}
{"timestamp":"2026-05-05T12:26:25.294711Z","level":"info","event":"task_reschedule_count: 0","logger":"task.stdout"}
{"timestamp":"2026-05-05T12:26:25.313884Z","level":"info","event":"prev_start_date_success: 2026-05-05 12:26:23.226922+00:00","logger":"task.stdout"}
{"timestamp":"2026-05-05T12:26:25.318641Z","level":"info","event":"prev_end_date_success: 2026-05-05 12:26:24.947401+00:00","logger":"task.stdout"}
{"timestamp":"2026-05-05T12:26:25.319205Z","level":"info","event":"logical_date: 2025-05-19 18:00:00+00:00","logger":"task.stdout"}
{"timestamp":"2026-05-05T12:26:25.319724Z","level":"info","event":"ds: 2025-05-19","logger":"task.stdout"}
{"timestamp":"2026-05-05T12:26:25.320667Z","level":"info","event":"ds_nodash: 20250519","logger":"task.stdout"}
{"timestamp":"2026-05-05T12:26:25.321202Z","level":"info","event":"ts: 2025-05-19T18:00:00+00:00","logger":"task.stdout"}
{"timestamp":"2026-05-05T12:26:25.321604Z","level":"info","event":"ts_nodash: 20250519T180000","logger":"task.stdout"}
{"timestamp":"2026-05-05T12:26:25.321956Z","level":"info","event":"ts_nodash_with_tz: 20250519T180000+0000","logger":"task.stdout"}
{"timestamp":"2026-05-05T12:26:25.322397Z","level":"info","event":"data_interval_end: 2025-05-19 18:00:00+00:00","logger":"task.stdout"}
{"timestamp":"2026-05-05T12:26:25.322790Z","level":"info","event":"data_interval_start: 2025-05-19 18:00:00+00:00","logger":"task.stdout"}
{"timestamp":"2026-05-05T12:26:25.323199Z","level":"info","event":"prev_data_interval_start_success: 2025-05-19 12:00:00+00:00","logger":"task.stdout"}
{"timestamp":"2026-05-05T12:26:25.323601Z","level":"info","event":"prev_data_interval_end_success: 2025-05-19 12:00:00+00:00","logger":"task.stdout"}
{"timestamp":"2026-05-05T12:26:25.324000Z","level":"info","event":"templates_dict: None","logger":"task.stdout"}
{"timestamp":"2026-05-05T12:26:25.314372Z","level":"info","event":"Done. Returned value was: None","logger":"airflow.task.operators.airflow.providers.standard.operators.python.PythonOperator","filename":"python.py","lineno":229}
{"timestamp":"2026-05-05T12:26:25.416373Z","level":"info","event":"Task instance in success state","logger":"task.stdout"}
{"timestamp":"2026-05-05T12:26:25.420004Z","level":"info","event":" Previous state of the Task instance: TaskInstanceState.RUNNING","logger":"task.stdout"}
{"timestamp":"2026-05-05T12:26:25.422772Z","level":"info","event":"Task operator:<Task(PythonOperator): print_interval>","logger":"task.stdout"}
