{"timestamp":"2026-05-05T10:30:06.528734Z","level":"info","event":"DAG bundles loaded: dags-folder, example_dags","logger":"airflow.dag_processing.bundles.manager.DagBundlesManager","filename":"manager.py","lineno":209}
{"timestamp":"2026-05-05T10:30:06.530212Z","level":"info","event":"Filling up the DagBag from /opt/airflow/dags/print_interval_dag.py","logger":"airflow.dag_processing.dagbag.BundleDagBag","filename":"dagbag.py","lineno":469}
{"timestamp":"2026-05-05T10:30:06.541103Z","level":"warning","event":"The `airflow.operators.python.PythonOperator` attribute is deprecated. Please use `'airflow.providers.standard.operators.python.PythonOperator'`.","category":"UserWarning","filename":"/opt/airflow/dags/print_interval_dag.py","lineno":2,"logger":"py.warnings"}
{"timestamp":"2026-05-05T10:30:06.609463Z","level":"info","event":"Task instance is in running state","logger":"task.stdout"}
{"timestamp":"2026-05-05T10:30:06.610317Z","level":"info","event":" Previous state of the Task instance: TaskInstanceState.QUEUED","logger":"task.stdout"}
{"timestamp":"2026-05-05T10:30:06.610929Z","level":"info","event":"Current task name:print_interval","logger":"task.stdout"}
{"timestamp":"2026-05-05T10:30:06.612676Z","level":"info","event":"Dag name:print_interval_dag","logger":"task.stdout"}
{"timestamp":"2026-05-05T10:30:06.614610Z","level":"info","event":"Interval Start: 2025-05-13 18:00:00+00:00","logger":"task.stdout"}
{"timestamp":"2026-05-05T10:30:06.615525Z","level":"info","event":"Interval End:   2025-05-13 18:00:00+00:00","logger":"task.stdout"}
{"timestamp":"2026-05-05T10:30:06.614186Z","level":"info","event":"Done. Returned value was: None","logger":"airflow.task.operators.airflow.providers.standard.operators.python.PythonOperator","filename":"python.py","lineno":229}
{"timestamp":"2026-05-05T10:30:06.764121Z","level":"info","event":"Task instance in success state","logger":"task.stdout"}
{"timestamp":"2026-05-05T10:30:06.765684Z","level":"info","event":" Previous state of the Task instance: TaskInstanceState.RUNNING","logger":"task.stdout"}
{"timestamp":"2026-05-05T10:30:06.768681Z","level":"info","event":"Task operator:<Task(PythonOperator): print_interval>","logger":"task.stdout"}
{"timestamp":"2026-05-05T12:25:58.934565Z","level":"info","event":"DAG bundles loaded: dags-folder, example_dags","logger":"airflow.dag_processing.bundles.manager.DagBundlesManager","filename":"manager.py","lineno":209}
{"timestamp":"2026-05-05T12:25:58.937113Z","level":"info","event":"Filling up the DagBag from /opt/airflow/dags/print_interval_dag.py","logger":"airflow.dag_processing.dagbag.BundleDagBag","filename":"dagbag.py","lineno":469}
{"timestamp":"2026-05-05T12:25:59.010102Z","level":"info","event":"Task instance is in running state","logger":"task.stdout"}
{"timestamp":"2026-05-05T12:25:59.012223Z","level":"info","event":" Previous state of the Task instance: TaskInstanceState.QUEUED","logger":"task.stdout"}
{"timestamp":"2026-05-05T12:25:59.014832Z","level":"info","event":"Current task name:print_interval","logger":"task.stdout"}
{"timestamp":"2026-05-05T12:25:59.016306Z","level":"info","event":"Dag name:print_interval_dag","logger":"task.stdout"}
{"timestamp":"2026-05-05T12:25:59.018708Z","level":"info","event":"=== ALL AVAILABLE MACROS ===","logger":"task.stdout"}
{"timestamp":"2026-05-05T12:25:59.019401Z","level":"info","event":"dag: <DAG: print_interval_dag>","logger":"task.stdout"}
{"timestamp":"2026-05-05T12:25:59.021311Z","level":"info","event":"inlets: []","logger":"task.stdout"}
{"timestamp":"2026-05-05T12:25:59.022028Z","level":"info","event":"map_index_template: None","logger":"task.stdout"}
{"timestamp":"2026-05-05T12:25:59.022835Z","level":"info","event":"outlets: []","logger":"task.stdout"}
{"timestamp":"2026-05-05T12:25:59.023392Z","level":"info","event":"run_id: scheduled__2025-05-13T18:00:00+00:00","logger":"task.stdout"}
{"timestamp":"2026-05-05T12:25:59.024964Z","level":"info","event":"task: <Task(PythonOperator): print_interval>","logger":"task.stdout"}
{"timestamp":"2026-05-05T12:25:59.025495Z","level":"info","event":"task_instance: id=UUID('019df81a-28a4-7dfa-b045-5d953ed0ee51') task_id='print_interval' dag_id='print_interval_dag' run_id='scheduled__2025-05-13T18:00:00+00:00' try_number=1 dag_version_id=UUID('019df815-a045-750b-bac8-47ced7cc6a45') map_index=-1 hostname='86abe326db93' context_carrier={'traceparent': '00-0d52dfd93373e06918e3dbea34239fb8-bc3eadf82432d2a2-01'} task=<Task(PythonOperator): print_interval> bundle_instance=LocalDagBundle(name=dags-folder) max_tries=0 start_date=datetime.datetime(2026, 5, 5, 12, 25, 57, 759905, tzinfo=datetime.timezone.utc) end_date=None state=<TaskInstanceState.RUNNING: 'running'> is_mapped=False rendered_map_index=None sentry_integration=''","logger":"task.stdout"}
{"timestamp":"2026-05-05T12:25:59.026944Z","level":"info","event":"ti: id=UUID('019df81a-28a4-7dfa-b045-5d953ed0ee51') task_id='print_interval' dag_id='print_interval_dag' run_id='scheduled__2025-05-13T18:00:00+00:00' try_number=1 dag_version_id=UUID('019df815-a045-750b-bac8-47ced7cc6a45') map_index=-1 hostname='86abe326db93' context_carrier={'traceparent': '00-0d52dfd93373e06918e3dbea34239fb8-bc3eadf82432d2a2-01'} task=<Task(PythonOperator): print_interval> bundle_instance=LocalDagBundle(name=dags-folder) max_tries=0 start_date=datetime.datetime(2026, 5, 5, 12, 25, 57, 759905, tzinfo=datetime.timezone.utc) end_date=None state=<TaskInstanceState.RUNNING: 'running'> is_mapped=False rendered_map_index=None sentry_integration=''","logger":"task.stdout"}
{"timestamp":"2026-05-05T12:25:59.027831Z","level":"info","event":"outlet_events: OutletEventAccessors(_dict={})","logger":"task.stdout"}
{"timestamp":"2026-05-05T12:25:59.028771Z","level":"info","event":"inlet_events: InletEventsAccessors(_inlets=[], _assets={}, _asset_aliases={})","logger":"task.stdout"}
{"timestamp":"2026-05-05T12:25:59.029300Z","level":"info","event":"macros: <MacrosAccessor (dynamic access to macros)>","logger":"task.stdout"}
{"timestamp":"2026-05-05T12:25:59.029774Z","level":"info","event":"params: {}","logger":"task.stdout"}
{"timestamp":"2026-05-05T12:25:59.030974Z","level":"info","event":"var: {'json': <VariableAccessor (dynamic access)>, 'value': <VariableAccessor (dynamic access)>}","logger":"task.stdout"}
{"timestamp":"2026-05-05T12:25:59.032164Z","level":"info","event":"conn: <ConnectionAccessor (dynamic access)>","logger":"task.stdout"}
{"timestamp":"2026-05-05T12:25:59.032714Z","level":"info","event":"dag_run: dag_id='print_interval_dag' run_id='scheduled__2025-05-13T18:00:00+00:00' logical_date=datetime.datetime(2025, 5, 13, 18, 0, tzinfo=datetime.timezone.utc) data_interval_start=datetime.datetime(2025, 5, 13, 18, 0, tzinfo=datetime.timezone.utc) data_interval_end=datetime.datetime(2025, 5, 13, 18, 0, tzinfo=datetime.timezone.utc) run_after=datetime.datetime(2025, 5, 13, 18, 0, tzinfo=datetime.timezone.utc) start_date=datetime.datetime(2026, 5, 5, 12, 25, 57, 188582, tzinfo=datetime.timezone.utc) end_date=None clear_number=0 run_type=<DagRunType.SCHEDULED: 'scheduled'> state=<DagRunState.RUNNING: 'running'> conf={} triggering_user_name=None consumed_asset_events=[] partition_key=None note=None","logger":"task.stdout"}
{"timestamp":"2026-05-05T12:25:59.033159Z","level":"info","event":"triggering_asset_events: TriggeringAssetEventAccessor(_events=defaultdict(<class 'list'>, {}))","logger":"task.stdout"}
{"timestamp":"2026-05-05T12:25:59.033922Z","level":"info","event":"task_instance_key_str: print_interval_dag__print_interval__20250513","logger":"task.stdout"}
{"timestamp":"2026-05-05T12:25:59.035107Z","level":"info","event":"task_reschedule_count: 0","logger":"task.stdout"}
{"timestamp":"2026-05-05T12:25:59.065180Z","level":"info","event":"prev_start_date_success: 2026-05-05 12:25:56.515299+00:00","logger":"task.stdout"}
{"timestamp":"2026-05-05T12:25:59.066291Z","level":"info","event":"prev_end_date_success: 2026-05-05 12:25:59.036598+00:00","logger":"task.stdout"}
{"timestamp":"2026-05-05T12:25:59.066830Z","level":"info","event":"logical_date: 2025-05-13 18:00:00+00:00","logger":"task.stdout"}
{"timestamp":"2026-05-05T12:25:59.067374Z","level":"info","event":"ds: 2025-05-13","logger":"task.stdout"}
{"timestamp":"2026-05-05T12:25:59.068094Z","level":"info","event":"ds_nodash: 20250513","logger":"task.stdout"}
{"timestamp":"2026-05-05T12:25:59.068602Z","level":"info","event":"ts: 2025-05-13T18:00:00+00:00","logger":"task.stdout"}
{"timestamp":"2026-05-05T12:25:59.069340Z","level":"info","event":"ts_nodash: 20250513T180000","logger":"task.stdout"}
{"timestamp":"2026-05-05T12:25:59.070058Z","level":"info","event":"ts_nodash_with_tz: 20250513T180000+0000","logger":"task.stdout"}
{"timestamp":"2026-05-05T12:25:59.070518Z","level":"info","event":"data_interval_end: 2025-05-13 18:00:00+00:00","logger":"task.stdout"}
{"timestamp":"2026-05-05T12:25:59.070990Z","level":"info","event":"data_interval_start: 2025-05-13 18:00:00+00:00","logger":"task.stdout"}
{"timestamp":"2026-05-05T12:25:59.071324Z","level":"info","event":"prev_data_interval_start_success: 2025-05-13 15:00:00+00:00","logger":"task.stdout"}
{"timestamp":"2026-05-05T12:25:59.071870Z","level":"info","event":"prev_data_interval_end_success: 2025-05-13 15:00:00+00:00","logger":"task.stdout"}
{"timestamp":"2026-05-05T12:25:59.072263Z","level":"info","event":"templates_dict: None","logger":"task.stdout"}
{"timestamp":"2026-05-05T12:25:59.064422Z","level":"info","event":"Done. Returned value was: None","logger":"airflow.task.operators.airflow.providers.standard.operators.python.PythonOperator","filename":"python.py","lineno":229}
{"timestamp":"2026-05-05T12:25:59.119384Z","level":"info","event":"Task instance in success state","logger":"task.stdout"}
{"timestamp":"2026-05-05T12:25:59.120550Z","level":"info","event":" Previous state of the Task instance: TaskInstanceState.RUNNING","logger":"task.stdout"}
{"timestamp":"2026-05-05T12:25:59.121042Z","level":"info","event":"Task operator:<Task(PythonOperator): print_interval>","logger":"task.stdout"}
