{"timestamp":"2026-05-05T10:29:22.605298Z","level":"info","event":"DAG bundles loaded: dags-folder, example_dags","logger":"airflow.dag_processing.bundles.manager.DagBundlesManager","filename":"manager.py","lineno":209}
{"timestamp":"2026-05-05T10:29:22.609805Z","level":"info","event":"Filling up the DagBag from /opt/airflow/dags/print_interval_dag.py","logger":"airflow.dag_processing.dagbag.BundleDagBag","filename":"dagbag.py","lineno":469}
{"timestamp":"2026-05-05T10:29:22.668679Z","level":"warning","event":"The `airflow.operators.python.PythonOperator` attribute is deprecated. Please use `'airflow.providers.standard.operators.python.PythonOperator'`.","category":"UserWarning","filename":"/opt/airflow/dags/print_interval_dag.py","lineno":2,"logger":"py.warnings"}
{"timestamp":"2026-05-05T10:29:22.722239Z","level":"info","event":"Task instance is in running state","logger":"task.stdout"}
{"timestamp":"2026-05-05T10:29:22.724354Z","level":"info","event":" Previous state of the Task instance: TaskInstanceState.QUEUED","logger":"task.stdout"}
{"timestamp":"2026-05-05T10:29:22.728380Z","level":"info","event":"Current task name:print_interval","logger":"task.stdout"}
{"timestamp":"2026-05-05T10:29:22.728880Z","level":"info","event":"Dag name:print_interval_dag","logger":"task.stdout"}
{"timestamp":"2026-05-05T10:29:22.729439Z","level":"info","event":"Interval Start: 2025-05-02 18:00:00+00:00","logger":"task.stdout"}
{"timestamp":"2026-05-05T10:29:22.731247Z","level":"info","event":"Interval End:   2025-05-02 18:00:00+00:00","logger":"task.stdout"}
{"timestamp":"2026-05-05T10:29:22.727147Z","level":"info","event":"Done. Returned value was: None","logger":"airflow.task.operators.airflow.providers.standard.operators.python.PythonOperator","filename":"python.py","lineno":229}
{"timestamp":"2026-05-05T10:29:22.776240Z","level":"info","event":"Task instance in success state","logger":"task.stdout"}
{"timestamp":"2026-05-05T10:29:22.778468Z","level":"info","event":" Previous state of the Task instance: TaskInstanceState.RUNNING","logger":"task.stdout"}
{"timestamp":"2026-05-05T10:29:22.780360Z","level":"info","event":"Task operator:<Task(PythonOperator): print_interval>","logger":"task.stdout"}
{"timestamp":"2026-05-05T12:25:13.668464Z","level":"info","event":"DAG bundles loaded: dags-folder, example_dags","logger":"airflow.dag_processing.bundles.manager.DagBundlesManager","filename":"manager.py","lineno":209}
{"timestamp":"2026-05-05T12:25:13.671557Z","level":"info","event":"Filling up the DagBag from /opt/airflow/dags/print_interval_dag.py","logger":"airflow.dag_processing.dagbag.BundleDagBag","filename":"dagbag.py","lineno":469}
{"timestamp":"2026-05-05T12:25:13.893875Z","level":"info","event":"Task instance is in running state","logger":"task.stdout"}
{"timestamp":"2026-05-05T12:25:13.894771Z","level":"info","event":" Previous state of the Task instance: TaskInstanceState.QUEUED","logger":"task.stdout"}
{"timestamp":"2026-05-05T12:25:13.895391Z","level":"info","event":"Current task name:print_interval","logger":"task.stdout"}
{"timestamp":"2026-05-05T12:25:13.895830Z","level":"info","event":"Dag name:print_interval_dag","logger":"task.stdout"}
{"timestamp":"2026-05-05T12:25:13.899902Z","level":"info","event":"=== ALL AVAILABLE MACROS ===","logger":"task.stdout"}
{"timestamp":"2026-05-05T12:25:13.904000Z","level":"info","event":"dag: <DAG: print_interval_dag>","logger":"task.stdout"}
{"timestamp":"2026-05-05T12:25:13.904591Z","level":"info","event":"inlets: []","logger":"task.stdout"}
{"timestamp":"2026-05-05T12:25:13.905240Z","level":"info","event":"map_index_template: None","logger":"task.stdout"}
{"timestamp":"2026-05-05T12:25:13.910124Z","level":"info","event":"outlets: []","logger":"task.stdout"}
{"timestamp":"2026-05-05T12:25:13.910978Z","level":"info","event":"run_id: scheduled__2025-05-02T18:00:00+00:00","logger":"task.stdout"}
{"timestamp":"2026-05-05T12:25:13.911703Z","level":"info","event":"task: <Task(PythonOperator): print_interval>","logger":"task.stdout"}
{"timestamp":"2026-05-05T12:25:13.912550Z","level":"info","event":"task_instance: id=UUID('019df819-7960-7b47-b12a-99a8fa93df87') task_id='print_interval' dag_id='print_interval_dag' run_id='scheduled__2025-05-02T18:00:00+00:00' try_number=1 dag_version_id=UUID('019df815-a045-750b-bac8-47ced7cc6a45') map_index=-1 hostname='86abe326db93' context_carrier={'traceparent': '00-d47dc38bf54536764a768a16477958ef-aa0200961615b7a8-01'} task=<Task(PythonOperator): print_interval> bundle_instance=LocalDagBundle(name=dags-folder) max_tries=0 start_date=datetime.datetime(2026, 5, 5, 12, 25, 12, 599339, tzinfo=datetime.timezone.utc) end_date=None state=<TaskInstanceState.RUNNING: 'running'> is_mapped=False rendered_map_index=None sentry_integration=''","logger":"task.stdout"}
{"timestamp":"2026-05-05T12:25:13.916170Z","level":"info","event":"ti: id=UUID('019df819-7960-7b47-b12a-99a8fa93df87') task_id='print_interval' dag_id='print_interval_dag' run_id='scheduled__2025-05-02T18:00:00+00:00' try_number=1 dag_version_id=UUID('019df815-a045-750b-bac8-47ced7cc6a45') map_index=-1 hostname='86abe326db93' context_carrier={'traceparent': '00-d47dc38bf54536764a768a16477958ef-aa0200961615b7a8-01'} task=<Task(PythonOperator): print_interval> bundle_instance=LocalDagBundle(name=dags-folder) max_tries=0 start_date=datetime.datetime(2026, 5, 5, 12, 25, 12, 599339, tzinfo=datetime.timezone.utc) end_date=None state=<TaskInstanceState.RUNNING: 'running'> is_mapped=False rendered_map_index=None sentry_integration=''","logger":"task.stdout"}
{"timestamp":"2026-05-05T12:25:13.917341Z","level":"info","event":"outlet_events: OutletEventAccessors(_dict={})","logger":"task.stdout"}
{"timestamp":"2026-05-05T12:25:13.922973Z","level":"info","event":"inlet_events: InletEventsAccessors(_inlets=[], _assets={}, _asset_aliases={})","logger":"task.stdout"}
{"timestamp":"2026-05-05T12:25:13.923666Z","level":"info","event":"macros: <MacrosAccessor (dynamic access to macros)>","logger":"task.stdout"}
{"timestamp":"2026-05-05T12:25:13.925396Z","level":"info","event":"params: {}","logger":"task.stdout"}
{"timestamp":"2026-05-05T12:25:13.926069Z","level":"info","event":"var: {'json': <VariableAccessor (dynamic access)>, 'value': <VariableAccessor (dynamic access)>}","logger":"task.stdout"}
{"timestamp":"2026-05-05T12:25:13.926565Z","level":"info","event":"conn: <ConnectionAccessor (dynamic access)>","logger":"task.stdout"}
{"timestamp":"2026-05-05T12:25:13.928111Z","level":"info","event":"dag_run: dag_id='print_interval_dag' run_id='scheduled__2025-05-02T18:00:00+00:00' logical_date=datetime.datetime(2025, 5, 2, 18, 0, tzinfo=datetime.timezone.utc) data_interval_start=datetime.datetime(2025, 5, 2, 18, 0, tzinfo=datetime.timezone.utc) data_interval_end=datetime.datetime(2025, 5, 2, 18, 0, tzinfo=datetime.timezone.utc) run_after=datetime.datetime(2025, 5, 2, 18, 0, tzinfo=datetime.timezone.utc) start_date=datetime.datetime(2026, 5, 5, 12, 25, 12, 315326, tzinfo=datetime.timezone.utc) end_date=None clear_number=0 run_type=<DagRunType.SCHEDULED: 'scheduled'> state=<DagRunState.RUNNING: 'running'> conf={} triggering_user_name=None consumed_asset_events=[] partition_key=None note=None","logger":"task.stdout"}
{"timestamp":"2026-05-05T12:25:13.928762Z","level":"info","event":"triggering_asset_events: TriggeringAssetEventAccessor(_events=defaultdict(<class 'list'>, {}))","logger":"task.stdout"}
{"timestamp":"2026-05-05T12:25:13.929289Z","level":"info","event":"task_instance_key_str: print_interval_dag__print_interval__20250502","logger":"task.stdout"}
{"timestamp":"2026-05-05T12:25:13.930603Z","level":"info","event":"task_reschedule_count: 0","logger":"task.stdout"}
{"timestamp":"2026-05-05T12:25:13.998754Z","level":"info","event":"prev_start_date_success: 2026-05-05 12:25:11.944545+00:00","logger":"task.stdout"}
{"timestamp":"2026-05-05T12:25:14.000684Z","level":"info","event":"prev_end_date_success: 2026-05-05 12:25:13.838582+00:00","logger":"task.stdout"}
{"timestamp":"2026-05-05T12:25:14.005012Z","level":"info","event":"logical_date: 2025-05-02 18:00:00+00:00","logger":"task.stdout"}
{"timestamp":"2026-05-05T12:25:14.005812Z","level":"info","event":"ds: 2025-05-02","logger":"task.stdout"}
{"timestamp":"2026-05-05T12:25:14.009478Z","level":"info","event":"ds_nodash: 20250502","logger":"task.stdout"}
{"timestamp":"2026-05-05T12:25:14.010096Z","level":"info","event":"ts: 2025-05-02T18:00:00+00:00","logger":"task.stdout"}
{"timestamp":"2026-05-05T12:25:14.013499Z","level":"info","event":"ts_nodash: 20250502T180000","logger":"task.stdout"}
{"timestamp":"2026-05-05T12:25:14.016151Z","level":"info","event":"ts_nodash_with_tz: 20250502T180000+0000","logger":"task.stdout"}
{"timestamp":"2026-05-05T12:25:14.016971Z","level":"info","event":"data_interval_end: 2025-05-02 18:00:00+00:00","logger":"task.stdout"}
{"timestamp":"2026-05-05T12:25:14.021604Z","level":"info","event":"data_interval_start: 2025-05-02 18:00:00+00:00","logger":"task.stdout"}
{"timestamp":"2026-05-05T12:25:14.022280Z","level":"info","event":"prev_data_interval_start_success: 2025-05-02 15:00:00+00:00","logger":"task.stdout"}
{"timestamp":"2026-05-05T12:25:14.022759Z","level":"info","event":"prev_data_interval_end_success: 2025-05-02 15:00:00+00:00","logger":"task.stdout"}
{"timestamp":"2026-05-05T12:25:14.023424Z","level":"info","event":"templates_dict: None","logger":"task.stdout"}
{"timestamp":"2026-05-05T12:25:13.999037Z","level":"info","event":"Done. Returned value was: None","logger":"airflow.task.operators.airflow.providers.standard.operators.python.PythonOperator","filename":"python.py","lineno":229}
{"timestamp":"2026-05-05T12:25:14.088965Z","level":"info","event":"Task instance in success state","logger":"task.stdout"}
{"timestamp":"2026-05-05T12:25:14.089584Z","level":"info","event":" Previous state of the Task instance: TaskInstanceState.RUNNING","logger":"task.stdout"}
{"timestamp":"2026-05-05T12:25:14.090154Z","level":"info","event":"Task operator:<Task(PythonOperator): print_interval>","logger":"task.stdout"}
