{"timestamp":"2026-05-08T17:37:50.994968Z","level":"info","event":"DAG bundles loaded: dags-folder, example_dags","logger":"airflow.dag_processing.bundles.manager.DagBundlesManager","filename":"manager.py","lineno":209}
{"timestamp":"2026-05-08T17:37:50.996982Z","level":"info","event":"Filling up the DagBag from /opt/airflow/dags/csv_upsert_pipeline.py","logger":"airflow.dag_processing.dagbag.BundleDagBag","filename":"dagbag.py","lineno":469}
{"timestamp":"2026-05-08T17:37:51.008095Z","level":"warning","event":"airflow.exceptions.AirflowSkipException is deprecated and will be removed in a future version. Use airflow.sdk.exceptions.AirflowSkipException instead.","category":"UserWarning","filename":"/opt/airflow/dags/csv_upsert_pipeline.py","lineno":7,"logger":"py.warnings"}
{"timestamp":"2026-05-08T17:37:51.290568Z","level":"info","event":"Task instance is in running state","logger":"task.stdout"}
{"timestamp":"2026-05-08T17:37:51.291163Z","level":"info","event":" Previous state of the Task instance: TaskInstanceState.QUEUED","logger":"task.stdout"}
{"timestamp":"2026-05-08T17:37:51.291589Z","level":"info","event":"Current task name:process_partition","logger":"task.stdout"}
{"timestamp":"2026-05-08T17:37:51.292459Z","level":"info","event":"Dag name:csv_upsert_pipeline","logger":"task.stdout"}
{"timestamp":"2026-05-08T17:37:51.293952Z","level":"info","event":"[INFO] data_interval_start : 2026-05-03 00:00:00+00:00","logger":"task.stdout"}
{"timestamp":"2026-05-08T17:37:51.295321Z","level":"info","event":"[INFO] data_interval_end   : 2026-05-03 00:00:00+00:00","logger":"task.stdout"}
{"timestamp":"2026-05-08T17:37:51.296789Z","level":"info","event":"[INFO] Processing partition: /data/time_stamp=2026-05-03-00","logger":"task.stdout"}
{"timestamp":"2026-05-08T17:37:51.298925Z","level":"info","event":"[INFO] Sorted files: ['data_1.csv', 'data_2.csv', 'data_3.csv']","logger":"task.stdout"}
{"timestamp":"2026-05-08T17:37:51.300936Z","level":"info","event":"[INFO] Read data_1.csv  (index=1)","logger":"task.stdout"}
{"timestamp":"2026-05-08T17:37:51.304786Z","level":"info","event":"[INFO] Read data_2.csv  (index=2)","logger":"task.stdout"}
{"timestamp":"2026-05-08T17:37:51.339871Z","level":"info","event":"[INFO] Read data_3.csv  (index=3)","logger":"task.stdout"}
{"timestamp":"2026-05-08T17:37:51.341917Z","level":"info","event":"[INFO] Resolved 18 unique IDs for this run:","logger":"task.stdout"}
{"timestamp":"2026-05-08T17:37:51.344717Z","level":"info","event":"       id=1 → {'id': '1', 'name': 'Hank', 'age': '46', 'department': 'Operations', 'salary': '38180.74', 'working_hours': '50.4'}","logger":"task.stdout"}
{"timestamp":"2026-05-08T17:37:51.352054Z","level":"info","event":"       id=2 → {'id': '2', 'name': 'Diana', 'age': '46', 'department': 'HR', 'salary': '99558.36', 'working_hours': '35.7'}","logger":"task.stdout"}
{"timestamp":"2026-05-08T17:37:51.355956Z","level":"info","event":"       id=3 → {'id': '3', 'name': 'Jack', 'age': '39', 'department': 'Engineering', 'salary': '72362.92', 'working_hours': '45.6'}","logger":"task.stdout"}
{"timestamp":"2026-05-08T17:37:51.359233Z","level":"info","event":"       id=4 → {'id': '4', 'name': 'Hank', 'age': '34', 'department': 'Operations', 'salary': '74991.05', 'working_hours': '45.5'}","logger":"task.stdout"}
{"timestamp":"2026-05-08T17:37:51.361680Z","level":"info","event":"       id=5 → {'id': '5', 'name': 'Jack', 'age': '40', 'department': 'HR', 'salary': '71992.55', 'working_hours': '48.1'}","logger":"task.stdout"}
{"timestamp":"2026-05-08T17:37:51.364327Z","level":"info","event":"       id=6 → {'id': '6', 'name': 'Hank', 'age': '32', 'department': 'Operations', 'salary': '98924.35', 'working_hours': '46.6'}","logger":"task.stdout"}
{"timestamp":"2026-05-08T17:37:51.366076Z","level":"info","event":"       id=7 → {'id': '7', 'name': 'Alice', 'age': '26', 'department': 'Operations', 'salary': '74257.35', 'working_hours': '38.0'}","logger":"task.stdout"}
{"timestamp":"2026-05-08T17:37:51.367552Z","level":"info","event":"       id=8 → {'id': '8', 'name': 'Diana', 'age': '48', 'department': 'Operations', 'salary': '33836.68', 'working_hours': '54.8'}","logger":"task.stdout"}
{"timestamp":"2026-05-08T17:37:51.369989Z","level":"info","event":"       id=9 → {'id': '9', 'name': 'Eve', 'age': '38', 'department': 'Marketing', 'salary': '116587.29', 'working_hours': '48.8'}","logger":"task.stdout"}
{"timestamp":"2026-05-08T17:37:51.370798Z","level":"info","event":"       id=10 → {'id': '10', 'name': 'Alice', 'age': '48', 'department': 'Sales', 'salary': '97653.91', 'working_hours': '28.2'}","logger":"task.stdout"}
{"timestamp":"2026-05-08T17:37:51.373042Z","level":"info","event":"       id=11 → {'id': '11', 'name': 'Bob', 'age': '39', 'department': 'HR', 'salary': '104516.15', 'working_hours': '41.1'}","logger":"task.stdout"}
{"timestamp":"2026-05-08T17:37:51.373678Z","level":"info","event":"       id=12 → {'id': '12', 'name': 'Frank', 'age': '58', 'department': 'Marketing', 'salary': '80908.87', 'working_hours': '47.6'}","logger":"task.stdout"}
{"timestamp":"2026-05-08T17:37:51.374728Z","level":"info","event":"       id=13 → {'id': '13', 'name': 'Frank', 'age': '52', 'department': 'HR', 'salary': '47112.82', 'working_hours': '20.5'}","logger":"task.stdout"}
{"timestamp":"2026-05-08T17:37:51.377205Z","level":"info","event":"       id=14 → {'id': '14', 'name': 'Diana', 'age': '30', 'department': 'Marketing', 'salary': '104262.13', 'working_hours': '52.0'}","logger":"task.stdout"}
{"timestamp":"2026-05-08T17:37:51.379074Z","level":"info","event":"       id=15 → {'id': '15', 'name': 'Ivy', 'age': '44', 'department': 'Operations', 'salary': '37395.91', 'working_hours': '21.2'}","logger":"task.stdout"}
{"timestamp":"2026-05-08T17:37:51.379648Z","level":"info","event":"       id=16 → {'id': '16', 'name': 'Hank', 'age': '30', 'department': 'Marketing', 'salary': '61652.09', 'working_hours': '58.1'}","logger":"task.stdout"}
{"timestamp":"2026-05-08T17:37:51.381346Z","level":"info","event":"       id=17 → {'id': '17', 'name': 'Grace', 'age': '57', 'department': 'HR', 'salary': '114720.63', 'working_hours': '36.7'}","logger":"task.stdout"}
{"timestamp":"2026-05-08T17:37:51.382445Z","level":"info","event":"       id=18 → {'id': '18', 'name': 'Alice', 'age': '29', 'department': 'Operations', 'salary': '85146.18', 'working_hours': '47.2'}","logger":"task.stdout"}
{"timestamp":"2026-05-08T17:37:51.391839Z","level":"info","event":"[INFO] result.csv mil gayi — upsert karte hain.","logger":"task.stdout"}
{"timestamp":"2026-05-08T17:37:51.392407Z","level":"info","event":"[INFO] Existing result.csv mein 20 rows hain.","logger":"task.stdout"}
{"timestamp":"2026-05-08T17:37:51.392975Z","level":"info","event":"       UPDATE  id=1","logger":"task.stdout"}
{"timestamp":"2026-05-08T17:37:51.393864Z","level":"info","event":"       UPDATE  id=2","logger":"task.stdout"}
{"timestamp":"2026-05-08T17:37:51.394470Z","level":"info","event":"       UPDATE  id=3","logger":"task.stdout"}
{"timestamp":"2026-05-08T17:37:51.394846Z","level":"info","event":"       UPDATE  id=4","logger":"task.stdout"}
{"timestamp":"2026-05-08T17:37:51.395266Z","level":"info","event":"       UPDATE  id=5","logger":"task.stdout"}
{"timestamp":"2026-05-08T17:37:51.395694Z","level":"info","event":"       UPDATE  id=6","logger":"task.stdout"}
{"timestamp":"2026-05-08T17:37:51.396130Z","level":"info","event":"       UPDATE  id=7","logger":"task.stdout"}
{"timestamp":"2026-05-08T17:37:51.396670Z","level":"info","event":"       UPDATE  id=8","logger":"task.stdout"}
{"timestamp":"2026-05-08T17:37:51.398262Z","level":"info","event":"       UPDATE  id=9","logger":"task.stdout"}
{"timestamp":"2026-05-08T17:37:51.400104Z","level":"info","event":"       UPDATE  id=10","logger":"task.stdout"}
{"timestamp":"2026-05-08T17:37:51.404546Z","level":"info","event":"       UPDATE  id=11","logger":"task.stdout"}
{"timestamp":"2026-05-08T17:37:51.405271Z","level":"info","event":"       UPDATE  id=12","logger":"task.stdout"}
{"timestamp":"2026-05-08T17:37:51.406087Z","level":"info","event":"       UPDATE  id=13","logger":"task.stdout"}
{"timestamp":"2026-05-08T17:37:51.408462Z","level":"info","event":"       UPDATE  id=14","logger":"task.stdout"}
{"timestamp":"2026-05-08T17:37:51.409217Z","level":"info","event":"       UPDATE  id=15","logger":"task.stdout"}
{"timestamp":"2026-05-08T17:37:51.411043Z","level":"info","event":"       UPDATE  id=16","logger":"task.stdout"}
{"timestamp":"2026-05-08T17:37:51.411466Z","level":"info","event":"       UPDATE  id=17","logger":"task.stdout"}
{"timestamp":"2026-05-08T17:37:51.411958Z","level":"info","event":"       UPDATE  id=18","logger":"task.stdout"}
{"timestamp":"2026-05-08T17:37:51.412360Z","level":"info","event":"[INFO] result.csv updated — total 20 rows.","logger":"task.stdout"}
{"timestamp":"2026-05-08T17:37:51.361987Z","level":"info","event":"Done. Returned value was: None","logger":"airflow.task.operators.airflow.providers.standard.operators.python.PythonOperator","filename":"python.py","lineno":229}
{"timestamp":"2026-05-08T17:37:51.469486Z","level":"info","event":"Task instance in success state","logger":"task.stdout"}
{"timestamp":"2026-05-08T17:37:51.470603Z","level":"info","event":" Previous state of the Task instance: TaskInstanceState.RUNNING","logger":"task.stdout"}
{"timestamp":"2026-05-08T17:37:51.474393Z","level":"info","event":"Task operator:<Task(PythonOperator): process_partition>","logger":"task.stdout"}
{"timestamp":"2026-05-11T16:46:52.734931Z","level":"info","event":"DAG bundles loaded: dags-folder, example_dags","logger":"airflow.dag_processing.bundles.manager.DagBundlesManager","filename":"manager.py","lineno":209}
{"timestamp":"2026-05-11T16:46:52.737476Z","level":"info","event":"Filling up the DagBag from /opt/airflow/dags/__pycache__/csv_upsert_pipeline.py","logger":"airflow.dag_processing.dagbag.BundleDagBag","filename":"dagbag.py","lineno":469}
{"timestamp":"2026-05-11T16:46:52.752664Z","level":"warning","event":"airflow.exceptions.AirflowSkipException is deprecated and will be removed in a future version. Use airflow.sdk.exceptions.AirflowSkipException instead.","category":"UserWarning","filename":"/opt/airflow/dags/__pycache__/csv_upsert_pipeline.py","lineno":7,"logger":"py.warnings"}
{"timestamp":"2026-05-11T16:46:52.800456Z","level":"info","event":"Task instance is in running state","logger":"task.stdout"}
{"timestamp":"2026-05-11T16:46:52.801171Z","level":"info","event":" Previous state of the Task instance: TaskInstanceState.QUEUED","logger":"task.stdout"}
{"timestamp":"2026-05-11T16:46:52.801964Z","level":"info","event":"Current task name:process_partition","logger":"task.stdout"}
{"timestamp":"2026-05-11T16:46:52.802498Z","level":"info","event":"Dag name:csv_upsert_pipeline","logger":"task.stdout"}
{"timestamp":"2026-05-11T16:46:52.805360Z","level":"info","event":"[INFO] data_interval_start : 2026-05-03 00:00:00+00:00","logger":"task.stdout"}
{"timestamp":"2026-05-11T16:46:52.805889Z","level":"info","event":"[INFO] data_interval_end   : 2026-05-03 00:00:00+00:00","logger":"task.stdout"}
{"timestamp":"2026-05-11T16:46:52.806795Z","level":"info","event":"[INFO] Processing partition: /data/time_stamp=2026-05-03-00","logger":"task.stdout"}
{"timestamp":"2026-05-11T16:46:52.807560Z","level":"info","event":"[INFO] Sorted files: ['data_1.csv', 'data_2.csv', 'data_3.csv']","logger":"task.stdout"}
{"timestamp":"2026-05-11T16:46:52.810067Z","level":"info","event":"[INFO] Read data_1.csv  (index=1)","logger":"task.stdout"}
{"timestamp":"2026-05-11T16:46:52.813115Z","level":"info","event":"[INFO] Read data_2.csv  (index=2)","logger":"task.stdout"}
{"timestamp":"2026-05-11T16:46:52.816018Z","level":"info","event":"[INFO] Read data_3.csv  (index=3)","logger":"task.stdout"}
{"timestamp":"2026-05-11T16:46:52.816565Z","level":"info","event":"[INFO] Resolved 18 unique IDs for this run:","logger":"task.stdout"}
{"timestamp":"2026-05-11T16:46:52.817451Z","level":"info","event":"       id=1 → {'id': '1', 'name': 'Hank', 'age': '46', 'department': 'Operations', 'salary': '38180.74', 'working_hours': '50.4'}","logger":"task.stdout"}
{"timestamp":"2026-05-11T16:46:52.818185Z","level":"info","event":"       id=2 → {'id': '2', 'name': 'Diana', 'age': '46', 'department': 'HR', 'salary': '99558.36', 'working_hours': '35.7'}","logger":"task.stdout"}
{"timestamp":"2026-05-11T16:46:52.819035Z","level":"info","event":"       id=3 → {'id': '3', 'name': 'Jack', 'age': '39', 'department': 'Engineering', 'salary': '72362.92', 'working_hours': '45.6'}","logger":"task.stdout"}
{"timestamp":"2026-05-11T16:46:52.819611Z","level":"info","event":"       id=4 → {'id': '4', 'name': 'Hank', 'age': '34', 'department': 'Operations', 'salary': '74991.05', 'working_hours': '45.5'}","logger":"task.stdout"}
{"timestamp":"2026-05-11T16:46:52.820040Z","level":"info","event":"       id=5 → {'id': '5', 'name': 'Jack', 'age': '40', 'department': 'HR', 'salary': '71992.55', 'working_hours': '48.1'}","logger":"task.stdout"}
{"timestamp":"2026-05-11T16:46:52.820604Z","level":"info","event":"       id=6 → {'id': '6', 'name': 'Hank', 'age': '32', 'department': 'Operations', 'salary': '98924.35', 'working_hours': '46.6'}","logger":"task.stdout"}
{"timestamp":"2026-05-11T16:46:52.821183Z","level":"info","event":"       id=7 → {'id': '7', 'name': 'Alice', 'age': '26', 'department': 'Operations', 'salary': '74257.35', 'working_hours': '38.0'}","logger":"task.stdout"}
{"timestamp":"2026-05-11T16:46:52.821754Z","level":"info","event":"       id=8 → {'id': '8', 'name': 'Diana', 'age': '48', 'department': 'Operations', 'salary': '33836.68', 'working_hours': '54.8'}","logger":"task.stdout"}
{"timestamp":"2026-05-11T16:46:52.822361Z","level":"info","event":"       id=9 → {'id': '9', 'name': 'Eve', 'age': '38', 'department': 'Marketing', 'salary': '116587.29', 'working_hours': '48.8'}","logger":"task.stdout"}
{"timestamp":"2026-05-11T16:46:52.822866Z","level":"info","event":"       id=10 → {'id': '10', 'name': 'Alice', 'age': '48', 'department': 'Sales', 'salary': '97653.91', 'working_hours': '28.2'}","logger":"task.stdout"}
{"timestamp":"2026-05-11T16:46:52.823484Z","level":"info","event":"       id=11 → {'id': '11', 'name': 'Bob', 'age': '39', 'department': 'HR', 'salary': '104516.15', 'working_hours': '41.1'}","logger":"task.stdout"}
{"timestamp":"2026-05-11T16:46:52.823886Z","level":"info","event":"       id=12 → {'id': '12', 'name': 'Frank', 'age': '58', 'department': 'Marketing', 'salary': '80908.87', 'working_hours': '47.6'}","logger":"task.stdout"}
{"timestamp":"2026-05-11T16:46:52.824469Z","level":"info","event":"       id=13 → {'id': '13', 'name': 'Frank', 'age': '52', 'department': 'HR', 'salary': '47112.82', 'working_hours': '20.5'}","logger":"task.stdout"}
{"timestamp":"2026-05-11T16:46:52.824846Z","level":"info","event":"       id=14 → {'id': '14', 'name': 'Diana', 'age': '30', 'department': 'Marketing', 'salary': '104262.13', 'working_hours': '52.0'}","logger":"task.stdout"}
{"timestamp":"2026-05-11T16:46:52.825268Z","level":"info","event":"       id=15 → {'id': '15', 'name': 'Ivy', 'age': '44', 'department': 'Operations', 'salary': '37395.91', 'working_hours': '21.2'}","logger":"task.stdout"}
{"timestamp":"2026-05-11T16:46:52.825712Z","level":"info","event":"       id=16 → {'id': '16', 'name': 'Hank', 'age': '30', 'department': 'Marketing', 'salary': '61652.09', 'working_hours': '58.1'}","logger":"task.stdout"}
{"timestamp":"2026-05-11T16:46:52.826120Z","level":"info","event":"       id=17 → {'id': '17', 'name': 'Grace', 'age': '57', 'department': 'HR', 'salary': '114720.63', 'working_hours': '36.7'}","logger":"task.stdout"}
{"timestamp":"2026-05-11T16:46:52.826759Z","level":"info","event":"       id=18 → {'id': '18', 'name': 'Alice', 'age': '29', 'department': 'Operations', 'salary': '85146.18', 'working_hours': '47.2'}","logger":"task.stdout"}
{"timestamp":"2026-05-11T16:46:52.827356Z","level":"info","event":"[INFO] result.csv found — upsert.","logger":"task.stdout"}
{"timestamp":"2026-05-11T16:46:52.828059Z","level":"info","event":"[INFO] In existing result.csv 20 rows.","logger":"task.stdout"}
{"timestamp":"2026-05-11T16:46:52.828491Z","level":"info","event":"       UPDATE  id=1","logger":"task.stdout"}
{"timestamp":"2026-05-11T16:46:52.829827Z","level":"info","event":"       UPDATE  id=2","logger":"task.stdout"}
{"timestamp":"2026-05-11T16:46:52.830933Z","level":"info","event":"       UPDATE  id=3","logger":"task.stdout"}
{"timestamp":"2026-05-11T16:46:52.831529Z","level":"info","event":"       UPDATE  id=4","logger":"task.stdout"}
{"timestamp":"2026-05-11T16:46:52.832164Z","level":"info","event":"       UPDATE  id=5","logger":"task.stdout"}
{"timestamp":"2026-05-11T16:46:52.832759Z","level":"info","event":"       UPDATE  id=6","logger":"task.stdout"}
{"timestamp":"2026-05-11T16:46:52.833179Z","level":"info","event":"       UPDATE  id=7","logger":"task.stdout"}
{"timestamp":"2026-05-11T16:46:52.834061Z","level":"info","event":"       UPDATE  id=8","logger":"task.stdout"}
{"timestamp":"2026-05-11T16:46:52.834530Z","level":"info","event":"       UPDATE  id=9","logger":"task.stdout"}
{"timestamp":"2026-05-11T16:46:52.834937Z","level":"info","event":"       UPDATE  id=10","logger":"task.stdout"}
{"timestamp":"2026-05-11T16:46:52.835634Z","level":"info","event":"       UPDATE  id=11","logger":"task.stdout"}
{"timestamp":"2026-05-11T16:46:52.836075Z","level":"info","event":"       UPDATE  id=12","logger":"task.stdout"}
{"timestamp":"2026-05-11T16:46:52.836516Z","level":"info","event":"       UPDATE  id=13","logger":"task.stdout"}
{"timestamp":"2026-05-11T16:46:52.837030Z","level":"info","event":"       UPDATE  id=14","logger":"task.stdout"}
{"timestamp":"2026-05-11T16:46:52.837428Z","level":"info","event":"       UPDATE  id=15","logger":"task.stdout"}
{"timestamp":"2026-05-11T16:46:52.837818Z","level":"info","event":"       UPDATE  id=16","logger":"task.stdout"}
{"timestamp":"2026-05-11T16:46:52.838308Z","level":"info","event":"       UPDATE  id=17","logger":"task.stdout"}
{"timestamp":"2026-05-11T16:46:52.838700Z","level":"info","event":"       UPDATE  id=18","logger":"task.stdout"}
{"timestamp":"2026-05-11T16:46:52.839175Z","level":"info","event":"[INFO] result.csv updated — total 20 rows.","logger":"task.stdout"}
{"timestamp":"2026-05-11T16:46:52.821204Z","level":"info","event":"Done. Returned value was: None","logger":"airflow.task.operators.airflow.providers.standard.operators.python.PythonOperator","filename":"python.py","lineno":229}
{"timestamp":"2026-05-11T16:46:52.885944Z","level":"info","event":"Task instance in success state","logger":"task.stdout"}
{"timestamp":"2026-05-11T16:46:52.886502Z","level":"info","event":" Previous state of the Task instance: TaskInstanceState.RUNNING","logger":"task.stdout"}
{"timestamp":"2026-05-11T16:46:52.890601Z","level":"info","event":"Task operator:<Task(PythonOperator): process_partition>","logger":"task.stdout"}
{"timestamp":"2026-05-11T17:17:29.577848Z","level":"info","event":"DAG bundles loaded: dags-folder, example_dags","logger":"airflow.dag_processing.bundles.manager.DagBundlesManager","filename":"manager.py","lineno":209}
{"timestamp":"2026-05-11T17:17:29.582607Z","level":"info","event":"Filling up the DagBag from /opt/airflow/dags/__pycache__/csv_upsert_pipeline.py","logger":"airflow.dag_processing.dagbag.BundleDagBag","filename":"dagbag.py","lineno":469}
{"timestamp":"2026-05-11T17:17:29.622943Z","level":"warning","event":"airflow.exceptions.AirflowSkipException is deprecated and will be removed in a future version. Use airflow.sdk.exceptions.AirflowSkipException instead.","category":"UserWarning","filename":"/opt/airflow/dags/__pycache__/csv_upsert_pipeline.py","lineno":7,"logger":"py.warnings"}
{"timestamp":"2026-05-11T17:17:29.832191Z","level":"info","event":"Task instance is in running state","logger":"task.stdout"}
{"timestamp":"2026-05-11T17:17:29.833954Z","level":"info","event":" Previous state of the Task instance: TaskInstanceState.QUEUED","logger":"task.stdout"}
{"timestamp":"2026-05-11T17:17:29.834488Z","level":"info","event":"Current task name:process_partition","logger":"task.stdout"}
{"timestamp":"2026-05-11T17:17:29.839276Z","level":"info","event":"Dag name:csv_upsert_pipeline","logger":"task.stdout"}
{"timestamp":"2026-05-11T17:17:29.841220Z","level":"info","event":"[INFO] data_interval_start : 2026-05-03 00:00:00+00:00","logger":"task.stdout"}
{"timestamp":"2026-05-11T17:17:29.842159Z","level":"info","event":"[INFO] data_interval_end   : 2026-05-03 00:00:00+00:00","logger":"task.stdout"}
{"timestamp":"2026-05-11T17:17:29.842621Z","level":"info","event":"[INFO] Processing partition: /data/time_stamp=2026-05-03-00","logger":"task.stdout"}
{"timestamp":"2026-05-11T17:17:29.843398Z","level":"info","event":"[INFO] Sorted files: ['data_1.csv', 'data_2.csv', 'data_3.csv']","logger":"task.stdout"}
{"timestamp":"2026-05-11T17:17:29.846498Z","level":"info","event":"[INFO] Read data_1.csv  (index=1)","logger":"task.stdout"}
{"timestamp":"2026-05-11T17:17:29.848703Z","level":"info","event":"[INFO] Read data_2.csv  (index=2)","logger":"task.stdout"}
{"timestamp":"2026-05-11T17:17:29.853940Z","level":"info","event":"[INFO] Read data_3.csv  (index=3)","logger":"task.stdout"}
{"timestamp":"2026-05-11T17:17:29.854605Z","level":"info","event":"[INFO] Resolved 18 unique IDs for this run:","logger":"task.stdout"}
{"timestamp":"2026-05-11T17:17:29.855122Z","level":"info","event":"       id=1 → {'id': '1', 'name': 'Hank', 'age': '46', 'department': 'Operations', 'salary': '38180.74', 'working_hours': '50.4'}","logger":"task.stdout"}
{"timestamp":"2026-05-11T17:17:29.855528Z","level":"info","event":"       id=2 → {'id': '2', 'name': 'Diana', 'age': '46', 'department': 'HR', 'salary': '99558.36', 'working_hours': '35.7'}","logger":"task.stdout"}
{"timestamp":"2026-05-11T17:17:29.859109Z","level":"info","event":"       id=3 → {'id': '3', 'name': 'Jack', 'age': '39', 'department': 'Engineering', 'salary': '72362.92', 'working_hours': '45.6'}","logger":"task.stdout"}
{"timestamp":"2026-05-11T17:17:29.859617Z","level":"info","event":"       id=4 → {'id': '4', 'name': 'Hank', 'age': '34', 'department': 'Operations', 'salary': '74991.05', 'working_hours': '45.5'}","logger":"task.stdout"}
{"timestamp":"2026-05-11T17:17:29.860805Z","level":"info","event":"       id=5 → {'id': '5', 'name': 'Jack', 'age': '40', 'department': 'HR', 'salary': '71992.55', 'working_hours': '48.1'}","logger":"task.stdout"}
{"timestamp":"2026-05-11T17:17:29.863924Z","level":"info","event":"       id=6 → {'id': '6', 'name': 'Hank', 'age': '32', 'department': 'Operations', 'salary': '98924.35', 'working_hours': '46.6'}","logger":"task.stdout"}
{"timestamp":"2026-05-11T17:17:29.867444Z","level":"info","event":"       id=7 → {'id': '7', 'name': 'Alice', 'age': '26', 'department': 'Operations', 'salary': '74257.35', 'working_hours': '38.0'}","logger":"task.stdout"}
{"timestamp":"2026-05-11T17:17:29.868446Z","level":"info","event":"       id=8 → {'id': '8', 'name': 'Diana', 'age': '48', 'department': 'Operations', 'salary': '33836.68', 'working_hours': '54.8'}","logger":"task.stdout"}
{"timestamp":"2026-05-11T17:17:29.869041Z","level":"info","event":"       id=9 → {'id': '9', 'name': 'Eve', 'age': '38', 'department': 'Marketing', 'salary': '116587.29', 'working_hours': '48.8'}","logger":"task.stdout"}
{"timestamp":"2026-05-11T17:17:29.869919Z","level":"info","event":"       id=10 → {'id': '10', 'name': 'Alice', 'age': '48', 'department': 'Sales', 'salary': '97653.91', 'working_hours': '28.2'}","logger":"task.stdout"}
{"timestamp":"2026-05-11T17:17:29.873136Z","level":"info","event":"       id=11 → {'id': '11', 'name': 'Bob', 'age': '39', 'department': 'HR', 'salary': '104516.15', 'working_hours': '41.1'}","logger":"task.stdout"}
{"timestamp":"2026-05-11T17:17:29.873775Z","level":"info","event":"       id=12 → {'id': '12', 'name': 'Frank', 'age': '58', 'department': 'Marketing', 'salary': '80908.87', 'working_hours': '47.6'}","logger":"task.stdout"}
{"timestamp":"2026-05-11T17:17:29.880027Z","level":"info","event":"       id=13 → {'id': '13', 'name': 'Frank', 'age': '52', 'department': 'HR', 'salary': '47112.82', 'working_hours': '20.5'}","logger":"task.stdout"}
{"timestamp":"2026-05-11T17:17:29.887566Z","level":"info","event":"       id=14 → {'id': '14', 'name': 'Diana', 'age': '30', 'department': 'Marketing', 'salary': '104262.13', 'working_hours': '52.0'}","logger":"task.stdout"}
{"timestamp":"2026-05-11T17:17:29.888528Z","level":"info","event":"       id=15 → {'id': '15', 'name': 'Ivy', 'age': '44', 'department': 'Operations', 'salary': '37395.91', 'working_hours': '21.2'}","logger":"task.stdout"}
{"timestamp":"2026-05-11T17:17:29.891899Z","level":"info","event":"       id=16 → {'id': '16', 'name': 'Hank', 'age': '30', 'department': 'Marketing', 'salary': '61652.09', 'working_hours': '58.1'}","logger":"task.stdout"}
{"timestamp":"2026-05-11T17:17:29.892449Z","level":"info","event":"       id=17 → {'id': '17', 'name': 'Grace', 'age': '57', 'department': 'HR', 'salary': '114720.63', 'working_hours': '36.7'}","logger":"task.stdout"}
{"timestamp":"2026-05-11T17:17:29.892985Z","level":"info","event":"       id=18 → {'id': '18', 'name': 'Alice', 'age': '29', 'department': 'Operations', 'salary': '85146.18', 'working_hours': '47.2'}","logger":"task.stdout"}
{"timestamp":"2026-05-11T17:17:29.893665Z","level":"info","event":"[INFO] result.csv found — upsert.","logger":"task.stdout"}
{"timestamp":"2026-05-11T17:17:29.894208Z","level":"info","event":"[INFO] In existing result.csv 20 rows.","logger":"task.stdout"}
{"timestamp":"2026-05-11T17:17:29.894687Z","level":"info","event":"       UPDATE  id=1","logger":"task.stdout"}
{"timestamp":"2026-05-11T17:17:29.895095Z","level":"info","event":"       UPDATE  id=2","logger":"task.stdout"}
{"timestamp":"2026-05-11T17:17:29.895997Z","level":"info","event":"       UPDATE  id=3","logger":"task.stdout"}
{"timestamp":"2026-05-11T17:17:29.898765Z","level":"info","event":"       UPDATE  id=4","logger":"task.stdout"}
{"timestamp":"2026-05-11T17:17:29.903388Z","level":"info","event":"       UPDATE  id=5","logger":"task.stdout"}
{"timestamp":"2026-05-11T17:17:29.904495Z","level":"info","event":"       UPDATE  id=6","logger":"task.stdout"}
{"timestamp":"2026-05-11T17:17:29.906036Z","level":"info","event":"       UPDATE  id=7","logger":"task.stdout"}
{"timestamp":"2026-05-11T17:17:29.906534Z","level":"info","event":"       UPDATE  id=8","logger":"task.stdout"}
{"timestamp":"2026-05-11T17:17:29.910629Z","level":"info","event":"       UPDATE  id=9","logger":"task.stdout"}
{"timestamp":"2026-05-11T17:17:29.911229Z","level":"info","event":"       UPDATE  id=10","logger":"task.stdout"}
{"timestamp":"2026-05-11T17:17:29.916105Z","level":"info","event":"       UPDATE  id=11","logger":"task.stdout"}
{"timestamp":"2026-05-11T17:17:29.919331Z","level":"info","event":"       UPDATE  id=12","logger":"task.stdout"}
{"timestamp":"2026-05-11T17:17:29.920887Z","level":"info","event":"       UPDATE  id=13","logger":"task.stdout"}
{"timestamp":"2026-05-11T17:17:29.923191Z","level":"info","event":"       UPDATE  id=14","logger":"task.stdout"}
{"timestamp":"2026-05-11T17:17:29.925831Z","level":"info","event":"       UPDATE  id=15","logger":"task.stdout"}
{"timestamp":"2026-05-11T17:17:29.943145Z","level":"info","event":"       UPDATE  id=16","logger":"task.stdout"}
{"timestamp":"2026-05-11T17:17:29.944645Z","level":"info","event":"       UPDATE  id=17","logger":"task.stdout"}
{"timestamp":"2026-05-11T17:17:29.948846Z","level":"info","event":"       UPDATE  id=18","logger":"task.stdout"}
{"timestamp":"2026-05-11T17:17:29.949990Z","level":"info","event":"[INFO] result.csv updated — total 20 rows.","logger":"task.stdout"}
{"timestamp":"2026-05-11T17:17:29.862249Z","level":"info","event":"Done. Returned value was: None","logger":"airflow.task.operators.airflow.providers.standard.operators.python.PythonOperator","filename":"python.py","lineno":229}
{"timestamp":"2026-05-11T17:17:30.049364Z","level":"info","event":"Task instance in success state","logger":"task.stdout"}
{"timestamp":"2026-05-11T17:17:30.050072Z","level":"info","event":" Previous state of the Task instance: TaskInstanceState.RUNNING","logger":"task.stdout"}
{"timestamp":"2026-05-11T17:17:30.052935Z","level":"info","event":"Task operator:<Task(PythonOperator): process_partition>","logger":"task.stdout"}
