{"timestamp":"2026-05-08T17:37:49.442592Z","level":"info","event":"DAG bundles loaded: dags-folder, example_dags","logger":"airflow.dag_processing.bundles.manager.DagBundlesManager","filename":"manager.py","lineno":209}
{"timestamp":"2026-05-08T17:37:49.445455Z","level":"info","event":"Filling up the DagBag from /opt/airflow/dags/csv_upsert_pipeline.py","logger":"airflow.dag_processing.dagbag.BundleDagBag","filename":"dagbag.py","lineno":469}
{"timestamp":"2026-05-08T17:37:49.473545Z","level":"warning","event":"airflow.exceptions.AirflowSkipException is deprecated and will be removed in a future version. Use airflow.sdk.exceptions.AirflowSkipException instead.","category":"UserWarning","filename":"/opt/airflow/dags/csv_upsert_pipeline.py","lineno":7,"logger":"py.warnings"}
{"timestamp":"2026-05-08T17:37:49.587780Z","level":"info","event":"Task instance is in running state","logger":"task.stdout"}
{"timestamp":"2026-05-08T17:37:49.592055Z","level":"info","event":" Previous state of the Task instance: TaskInstanceState.QUEUED","logger":"task.stdout"}
{"timestamp":"2026-05-08T17:37:49.596670Z","level":"info","event":"Current task name:process_partition","logger":"task.stdout"}
{"timestamp":"2026-05-08T17:37:49.600220Z","level":"info","event":"Dag name:csv_upsert_pipeline","logger":"task.stdout"}
{"timestamp":"2026-05-08T17:37:49.601113Z","level":"info","event":"[INFO] data_interval_start : 2026-05-02 21:00:00+00:00","logger":"task.stdout"}
{"timestamp":"2026-05-08T17:37:49.606893Z","level":"info","event":"[INFO] data_interval_end   : 2026-05-02 21:00:00+00:00","logger":"task.stdout"}
{"timestamp":"2026-05-08T17:37:49.612258Z","level":"info","event":"[INFO] Processing partition: /data/time_stamp=2026-05-02-21","logger":"task.stdout"}
{"timestamp":"2026-05-08T17:37:49.613874Z","level":"info","event":"[INFO] Sorted files: ['data_1.csv', 'data_2.csv']","logger":"task.stdout"}
{"timestamp":"2026-05-08T17:37:49.621906Z","level":"info","event":"[INFO] Read data_1.csv  (index=1)","logger":"task.stdout"}
{"timestamp":"2026-05-08T17:37:49.625180Z","level":"info","event":"[INFO] Read data_2.csv  (index=2)","logger":"task.stdout"}
{"timestamp":"2026-05-08T17:37:49.625757Z","level":"info","event":"[INFO] Resolved 17 unique IDs for this run:","logger":"task.stdout"}
{"timestamp":"2026-05-08T17:37:49.626763Z","level":"info","event":"       id=1 → {'id': '1', 'name': 'Jack', 'age': '22', 'department': 'Marketing', 'salary': '46867.53', 'working_hours': '27.4'}","logger":"task.stdout"}
{"timestamp":"2026-05-08T17:37:49.627262Z","level":"info","event":"       id=2 → {'id': '2', 'name': 'Hank', 'age': '55', 'department': 'Sales', 'salary': '58377.91', 'working_hours': '58.6'}","logger":"task.stdout"}
{"timestamp":"2026-05-08T17:37:49.628158Z","level":"info","event":"       id=3 → {'id': '3', 'name': 'Eve', 'age': '34', 'department': 'HR', 'salary': '97815.98', 'working_hours': '53.8'}","logger":"task.stdout"}
{"timestamp":"2026-05-08T17:37:49.628855Z","level":"info","event":"       id=4 → {'id': '4', 'name': 'Diana', 'age': '31', 'department': 'Operations', 'salary': '64436.16', 'working_hours': '32.2'}","logger":"task.stdout"}
{"timestamp":"2026-05-08T17:37:49.636168Z","level":"info","event":"       id=5 → {'id': '5', 'name': 'Ivy', 'age': '31', 'department': 'Sales', 'salary': '105267.18', 'working_hours': '48.3'}","logger":"task.stdout"}
{"timestamp":"2026-05-08T17:37:49.637743Z","level":"info","event":"       id=6 → {'id': '6', 'name': 'Bob', 'age': '43', 'department': 'Marketing', 'salary': '112840.54', 'working_hours': '41.3'}","logger":"task.stdout"}
{"timestamp":"2026-05-08T17:37:49.638342Z","level":"info","event":"       id=7 → {'id': '7', 'name': 'Hank', 'age': '46', 'department': 'HR', 'salary': '65475.73', 'working_hours': '48.5'}","logger":"task.stdout"}
{"timestamp":"2026-05-08T17:37:49.639340Z","level":"info","event":"       id=8 → {'id': '8', 'name': 'Hank', 'age': '51', 'department': 'Finance', 'salary': '107613.51', 'working_hours': '54.2'}","logger":"task.stdout"}
{"timestamp":"2026-05-08T17:37:49.640249Z","level":"info","event":"       id=9 → {'id': '9', 'name': 'Frank', 'age': '25', 'department': 'HR', 'salary': '103343.71', 'working_hours': '26.5'}","logger":"task.stdout"}
{"timestamp":"2026-05-08T17:37:49.641484Z","level":"info","event":"       id=10 → {'id': '10', 'name': 'Charlie', 'age': '39', 'department': 'Operations', 'salary': '110199.53', 'working_hours': '38.9'}","logger":"task.stdout"}
{"timestamp":"2026-05-08T17:37:49.642398Z","level":"info","event":"       id=11 → {'id': '11', 'name': 'Eve', 'age': '22', 'department': 'Engineering', 'salary': '81740.31', 'working_hours': '59.0'}","logger":"task.stdout"}
{"timestamp":"2026-05-08T17:37:49.643314Z","level":"info","event":"       id=12 → {'id': '12', 'name': 'Alice', 'age': '55', 'department': 'Engineering', 'salary': '65761.72', 'working_hours': '56.6'}","logger":"task.stdout"}
{"timestamp":"2026-05-08T17:37:49.644338Z","level":"info","event":"       id=13 → {'id': '13', 'name': 'Jack', 'age': '59', 'department': 'Marketing', 'salary': '116526.11', 'working_hours': '36.4'}","logger":"task.stdout"}
{"timestamp":"2026-05-08T17:37:49.645498Z","level":"info","event":"       id=14 → {'id': '14', 'name': 'Bob', 'age': '22', 'department': 'Engineering', 'salary': '110748.51', 'working_hours': '59.1'}","logger":"task.stdout"}
{"timestamp":"2026-05-08T17:37:49.646914Z","level":"info","event":"       id=15 → {'id': '15', 'name': 'Bob', 'age': '59', 'department': 'Operations', 'salary': '86668.12', 'working_hours': '44.6'}","logger":"task.stdout"}
{"timestamp":"2026-05-08T17:37:49.647461Z","level":"info","event":"       id=16 → {'id': '16', 'name': 'Charlie', 'age': '27', 'department': 'Sales', 'salary': '105767.32', 'working_hours': '39.7'}","logger":"task.stdout"}
{"timestamp":"2026-05-08T17:37:49.647946Z","level":"info","event":"       id=17 → {'id': '17', 'name': 'Charlie', 'age': '46', 'department': 'Finance', 'salary': '75395.59', 'working_hours': '25.1'}","logger":"task.stdout"}
{"timestamp":"2026-05-08T17:37:49.649568Z","level":"info","event":"[INFO] result.csv mil gayi — upsert karte hain.","logger":"task.stdout"}
{"timestamp":"2026-05-08T17:37:49.650180Z","level":"info","event":"[INFO] Existing result.csv mein 20 rows hain.","logger":"task.stdout"}
{"timestamp":"2026-05-08T17:37:49.650732Z","level":"info","event":"       UPDATE  id=1","logger":"task.stdout"}
{"timestamp":"2026-05-08T17:37:49.653693Z","level":"info","event":"       UPDATE  id=2","logger":"task.stdout"}
{"timestamp":"2026-05-08T17:37:49.654225Z","level":"info","event":"       UPDATE  id=3","logger":"task.stdout"}
{"timestamp":"2026-05-08T17:37:49.654685Z","level":"info","event":"       UPDATE  id=4","logger":"task.stdout"}
{"timestamp":"2026-05-08T17:37:49.655711Z","level":"info","event":"       UPDATE  id=5","logger":"task.stdout"}
{"timestamp":"2026-05-08T17:37:49.663923Z","level":"info","event":"       UPDATE  id=6","logger":"task.stdout"}
{"timestamp":"2026-05-08T17:37:49.664651Z","level":"info","event":"       UPDATE  id=7","logger":"task.stdout"}
{"timestamp":"2026-05-08T17:37:49.665210Z","level":"info","event":"       UPDATE  id=8","logger":"task.stdout"}
{"timestamp":"2026-05-08T17:37:49.667194Z","level":"info","event":"       UPDATE  id=9","logger":"task.stdout"}
{"timestamp":"2026-05-08T17:37:49.667928Z","level":"info","event":"       UPDATE  id=10","logger":"task.stdout"}
{"timestamp":"2026-05-08T17:37:49.668832Z","level":"info","event":"       UPDATE  id=11","logger":"task.stdout"}
{"timestamp":"2026-05-08T17:37:49.669350Z","level":"info","event":"       UPDATE  id=12","logger":"task.stdout"}
{"timestamp":"2026-05-08T17:37:49.669909Z","level":"info","event":"       UPDATE  id=13","logger":"task.stdout"}
{"timestamp":"2026-05-08T17:37:49.671524Z","level":"info","event":"       UPDATE  id=14","logger":"task.stdout"}
{"timestamp":"2026-05-08T17:37:49.673809Z","level":"info","event":"       UPDATE  id=15","logger":"task.stdout"}
{"timestamp":"2026-05-08T17:37:49.674533Z","level":"info","event":"       UPDATE  id=16","logger":"task.stdout"}
{"timestamp":"2026-05-08T17:37:49.676411Z","level":"info","event":"       UPDATE  id=17","logger":"task.stdout"}
{"timestamp":"2026-05-08T17:37:49.677452Z","level":"info","event":"[INFO] result.csv updated — total 20 rows.","logger":"task.stdout"}
{"timestamp":"2026-05-08T17:37:49.636694Z","level":"info","event":"Done. Returned value was: None","logger":"airflow.task.operators.airflow.providers.standard.operators.python.PythonOperator","filename":"python.py","lineno":229}
{"timestamp":"2026-05-08T17:37:49.732247Z","level":"info","event":"Task instance in success state","logger":"task.stdout"}
{"timestamp":"2026-05-08T17:37:49.732889Z","level":"info","event":" Previous state of the Task instance: TaskInstanceState.RUNNING","logger":"task.stdout"}
{"timestamp":"2026-05-08T17:37:49.733529Z","level":"info","event":"Task operator:<Task(PythonOperator): process_partition>","logger":"task.stdout"}
{"timestamp":"2026-05-11T16:46:51.243495Z","level":"info","event":"DAG bundles loaded: dags-folder, example_dags","logger":"airflow.dag_processing.bundles.manager.DagBundlesManager","filename":"manager.py","lineno":209}
{"timestamp":"2026-05-11T16:46:51.245985Z","level":"info","event":"Filling up the DagBag from /opt/airflow/dags/__pycache__/csv_upsert_pipeline.py","logger":"airflow.dag_processing.dagbag.BundleDagBag","filename":"dagbag.py","lineno":469}
{"timestamp":"2026-05-11T16:46:51.258720Z","level":"warning","event":"airflow.exceptions.AirflowSkipException is deprecated and will be removed in a future version. Use airflow.sdk.exceptions.AirflowSkipException instead.","category":"UserWarning","filename":"/opt/airflow/dags/__pycache__/csv_upsert_pipeline.py","lineno":7,"logger":"py.warnings"}
{"timestamp":"2026-05-11T16:46:51.660765Z","level":"info","event":"Task instance is in running state","logger":"task.stdout"}
{"timestamp":"2026-05-11T16:46:51.665836Z","level":"info","event":" Previous state of the Task instance: TaskInstanceState.QUEUED","logger":"task.stdout"}
{"timestamp":"2026-05-11T16:46:51.670078Z","level":"info","event":"Current task name:process_partition","logger":"task.stdout"}
{"timestamp":"2026-05-11T16:46:51.673781Z","level":"info","event":"Dag name:csv_upsert_pipeline","logger":"task.stdout"}
{"timestamp":"2026-05-11T16:46:51.677648Z","level":"info","event":"[INFO] data_interval_start : 2026-05-02 21:00:00+00:00","logger":"task.stdout"}
{"timestamp":"2026-05-11T16:46:51.678245Z","level":"info","event":"[INFO] data_interval_end   : 2026-05-02 21:00:00+00:00","logger":"task.stdout"}
{"timestamp":"2026-05-11T16:46:51.678838Z","level":"info","event":"[INFO] Processing partition: /data/time_stamp=2026-05-02-21","logger":"task.stdout"}
{"timestamp":"2026-05-11T16:46:51.680178Z","level":"info","event":"[INFO] Sorted files: ['data_1.csv', 'data_2.csv']","logger":"task.stdout"}
{"timestamp":"2026-05-11T16:46:51.683989Z","level":"info","event":"[INFO] Read data_1.csv  (index=1)","logger":"task.stdout"}
{"timestamp":"2026-05-11T16:46:51.685741Z","level":"info","event":"[INFO] Read data_2.csv  (index=2)","logger":"task.stdout"}
{"timestamp":"2026-05-11T16:46:51.686339Z","level":"info","event":"[INFO] Resolved 17 unique IDs for this run:","logger":"task.stdout"}
{"timestamp":"2026-05-11T16:46:51.686788Z","level":"info","event":"       id=1 → {'id': '1', 'name': 'Jack', 'age': '22', 'department': 'Marketing', 'salary': '46867.53', 'working_hours': '27.4'}","logger":"task.stdout"}
{"timestamp":"2026-05-11T16:46:51.687406Z","level":"info","event":"       id=2 → {'id': '2', 'name': 'Hank', 'age': '55', 'department': 'Sales', 'salary': '58377.91', 'working_hours': '58.6'}","logger":"task.stdout"}
{"timestamp":"2026-05-11T16:46:51.687935Z","level":"info","event":"       id=3 → {'id': '3', 'name': 'Eve', 'age': '34', 'department': 'HR', 'salary': '97815.98', 'working_hours': '53.8'}","logger":"task.stdout"}
{"timestamp":"2026-05-11T16:46:51.688435Z","level":"info","event":"       id=4 → {'id': '4', 'name': 'Diana', 'age': '31', 'department': 'Operations', 'salary': '64436.16', 'working_hours': '32.2'}","logger":"task.stdout"}
{"timestamp":"2026-05-11T16:46:51.693001Z","level":"info","event":"       id=5 → {'id': '5', 'name': 'Ivy', 'age': '31', 'department': 'Sales', 'salary': '105267.18', 'working_hours': '48.3'}","logger":"task.stdout"}
{"timestamp":"2026-05-11T16:46:51.694086Z","level":"info","event":"       id=6 → {'id': '6', 'name': 'Bob', 'age': '43', 'department': 'Marketing', 'salary': '112840.54', 'working_hours': '41.3'}","logger":"task.stdout"}
{"timestamp":"2026-05-11T16:46:51.695435Z","level":"info","event":"       id=7 → {'id': '7', 'name': 'Hank', 'age': '46', 'department': 'HR', 'salary': '65475.73', 'working_hours': '48.5'}","logger":"task.stdout"}
{"timestamp":"2026-05-11T16:46:51.696130Z","level":"info","event":"       id=8 → {'id': '8', 'name': 'Hank', 'age': '51', 'department': 'Finance', 'salary': '107613.51', 'working_hours': '54.2'}","logger":"task.stdout"}
{"timestamp":"2026-05-11T16:46:51.696659Z","level":"info","event":"       id=9 → {'id': '9', 'name': 'Frank', 'age': '25', 'department': 'HR', 'salary': '103343.71', 'working_hours': '26.5'}","logger":"task.stdout"}
{"timestamp":"2026-05-11T16:46:51.705016Z","level":"info","event":"       id=10 → {'id': '10', 'name': 'Charlie', 'age': '39', 'department': 'Operations', 'salary': '110199.53', 'working_hours': '38.9'}","logger":"task.stdout"}
{"timestamp":"2026-05-11T16:46:51.705706Z","level":"info","event":"       id=11 → {'id': '11', 'name': 'Eve', 'age': '22', 'department': 'Engineering', 'salary': '81740.31', 'working_hours': '59.0'}","logger":"task.stdout"}
{"timestamp":"2026-05-11T16:46:51.706218Z","level":"info","event":"       id=12 → {'id': '12', 'name': 'Alice', 'age': '55', 'department': 'Engineering', 'salary': '65761.72', 'working_hours': '56.6'}","logger":"task.stdout"}
{"timestamp":"2026-05-11T16:46:51.707853Z","level":"info","event":"       id=13 → {'id': '13', 'name': 'Jack', 'age': '59', 'department': 'Marketing', 'salary': '116526.11', 'working_hours': '36.4'}","logger":"task.stdout"}
{"timestamp":"2026-05-11T16:46:51.709055Z","level":"info","event":"       id=14 → {'id': '14', 'name': 'Bob', 'age': '22', 'department': 'Engineering', 'salary': '110748.51', 'working_hours': '59.1'}","logger":"task.stdout"}
{"timestamp":"2026-05-11T16:46:51.709650Z","level":"info","event":"       id=15 → {'id': '15', 'name': 'Bob', 'age': '59', 'department': 'Operations', 'salary': '86668.12', 'working_hours': '44.6'}","logger":"task.stdout"}
{"timestamp":"2026-05-11T16:46:51.710014Z","level":"info","event":"       id=16 → {'id': '16', 'name': 'Charlie', 'age': '27', 'department': 'Sales', 'salary': '105767.32', 'working_hours': '39.7'}","logger":"task.stdout"}
{"timestamp":"2026-05-11T16:46:51.710388Z","level":"info","event":"       id=17 → {'id': '17', 'name': 'Charlie', 'age': '46', 'department': 'Finance', 'salary': '75395.59', 'working_hours': '25.1'}","logger":"task.stdout"}
{"timestamp":"2026-05-11T16:46:51.710784Z","level":"info","event":"[INFO] result.csv found — upsert.","logger":"task.stdout"}
{"timestamp":"2026-05-11T16:46:51.711580Z","level":"info","event":"[INFO] In existing result.csv 20 rows.","logger":"task.stdout"}
{"timestamp":"2026-05-11T16:46:51.712797Z","level":"info","event":"       UPDATE  id=1","logger":"task.stdout"}
{"timestamp":"2026-05-11T16:46:51.713848Z","level":"info","event":"       UPDATE  id=2","logger":"task.stdout"}
{"timestamp":"2026-05-11T16:46:51.716279Z","level":"info","event":"       UPDATE  id=3","logger":"task.stdout"}
{"timestamp":"2026-05-11T16:46:51.716872Z","level":"info","event":"       UPDATE  id=4","logger":"task.stdout"}
{"timestamp":"2026-05-11T16:46:51.717442Z","level":"info","event":"       UPDATE  id=5","logger":"task.stdout"}
{"timestamp":"2026-05-11T16:46:51.730489Z","level":"info","event":"       UPDATE  id=6","logger":"task.stdout"}
{"timestamp":"2026-05-11T16:46:51.731931Z","level":"info","event":"       UPDATE  id=7","logger":"task.stdout"}
{"timestamp":"2026-05-11T16:46:51.737504Z","level":"info","event":"       UPDATE  id=8","logger":"task.stdout"}
{"timestamp":"2026-05-11T16:46:51.739974Z","level":"info","event":"       UPDATE  id=9","logger":"task.stdout"}
{"timestamp":"2026-05-11T16:46:51.741287Z","level":"info","event":"       UPDATE  id=10","logger":"task.stdout"}
{"timestamp":"2026-05-11T16:46:51.744406Z","level":"info","event":"       UPDATE  id=11","logger":"task.stdout"}
{"timestamp":"2026-05-11T16:46:51.745045Z","level":"info","event":"       UPDATE  id=12","logger":"task.stdout"}
{"timestamp":"2026-05-11T16:46:51.747371Z","level":"info","event":"       UPDATE  id=13","logger":"task.stdout"}
{"timestamp":"2026-05-11T16:46:51.748596Z","level":"info","event":"       UPDATE  id=14","logger":"task.stdout"}
{"timestamp":"2026-05-11T16:46:51.749573Z","level":"info","event":"       UPDATE  id=15","logger":"task.stdout"}
{"timestamp":"2026-05-11T16:46:51.750694Z","level":"info","event":"       UPDATE  id=16","logger":"task.stdout"}
{"timestamp":"2026-05-11T16:46:51.751331Z","level":"info","event":"       UPDATE  id=17","logger":"task.stdout"}
{"timestamp":"2026-05-11T16:46:51.751842Z","level":"info","event":"[INFO] result.csv updated — total 20 rows.","logger":"task.stdout"}
{"timestamp":"2026-05-11T16:46:51.694467Z","level":"info","event":"Done. Returned value was: None","logger":"airflow.task.operators.airflow.providers.standard.operators.python.PythonOperator","filename":"python.py","lineno":229}
{"timestamp":"2026-05-11T16:46:51.992157Z","level":"info","event":"Task instance in success state","logger":"task.stdout"}
{"timestamp":"2026-05-11T16:46:51.992845Z","level":"info","event":" Previous state of the Task instance: TaskInstanceState.RUNNING","logger":"task.stdout"}
{"timestamp":"2026-05-11T16:46:51.993548Z","level":"info","event":"Task operator:<Task(PythonOperator): process_partition>","logger":"task.stdout"}
{"timestamp":"2026-05-11T17:17:27.659702Z","level":"info","event":"DAG bundles loaded: dags-folder, example_dags","logger":"airflow.dag_processing.bundles.manager.DagBundlesManager","filename":"manager.py","lineno":209}
{"timestamp":"2026-05-11T17:17:27.673396Z","level":"info","event":"Filling up the DagBag from /opt/airflow/dags/__pycache__/csv_upsert_pipeline.py","logger":"airflow.dag_processing.dagbag.BundleDagBag","filename":"dagbag.py","lineno":469}
{"timestamp":"2026-05-11T17:17:27.727880Z","level":"warning","event":"airflow.exceptions.AirflowSkipException is deprecated and will be removed in a future version. Use airflow.sdk.exceptions.AirflowSkipException instead.","category":"UserWarning","filename":"/opt/airflow/dags/__pycache__/csv_upsert_pipeline.py","lineno":7,"logger":"py.warnings"}
{"timestamp":"2026-05-11T17:17:27.847154Z","level":"info","event":"Task instance is in running state","logger":"task.stdout"}
{"timestamp":"2026-05-11T17:17:27.847859Z","level":"info","event":" Previous state of the Task instance: TaskInstanceState.QUEUED","logger":"task.stdout"}
{"timestamp":"2026-05-11T17:17:27.848394Z","level":"info","event":"Current task name:process_partition","logger":"task.stdout"}
{"timestamp":"2026-05-11T17:17:27.868476Z","level":"info","event":"Dag name:csv_upsert_pipeline","logger":"task.stdout"}
{"timestamp":"2026-05-11T17:17:27.875377Z","level":"info","event":"[INFO] data_interval_start : 2026-05-02 21:00:00+00:00","logger":"task.stdout"}
{"timestamp":"2026-05-11T17:17:27.880496Z","level":"info","event":"[INFO] data_interval_end   : 2026-05-02 21:00:00+00:00","logger":"task.stdout"}
{"timestamp":"2026-05-11T17:17:27.881961Z","level":"info","event":"[INFO] Processing partition: /data/time_stamp=2026-05-02-21","logger":"task.stdout"}
{"timestamp":"2026-05-11T17:17:27.900279Z","level":"info","event":"[INFO] Sorted files: ['data_1.csv', 'data_2.csv']","logger":"task.stdout"}
{"timestamp":"2026-05-11T17:17:27.906052Z","level":"info","event":"[INFO] Read data_1.csv  (index=1)","logger":"task.stdout"}
{"timestamp":"2026-05-11T17:17:27.908888Z","level":"info","event":"[INFO] Read data_2.csv  (index=2)","logger":"task.stdout"}
{"timestamp":"2026-05-11T17:17:27.911513Z","level":"info","event":"[INFO] Resolved 17 unique IDs for this run:","logger":"task.stdout"}
{"timestamp":"2026-05-11T17:17:27.913317Z","level":"info","event":"       id=1 → {'id': '1', 'name': 'Jack', 'age': '22', 'department': 'Marketing', 'salary': '46867.53', 'working_hours': '27.4'}","logger":"task.stdout"}
{"timestamp":"2026-05-11T17:17:27.914191Z","level":"info","event":"       id=2 → {'id': '2', 'name': 'Hank', 'age': '55', 'department': 'Sales', 'salary': '58377.91', 'working_hours': '58.6'}","logger":"task.stdout"}
{"timestamp":"2026-05-11T17:17:27.915798Z","level":"info","event":"       id=3 → {'id': '3', 'name': 'Eve', 'age': '34', 'department': 'HR', 'salary': '97815.98', 'working_hours': '53.8'}","logger":"task.stdout"}
{"timestamp":"2026-05-11T17:17:27.930288Z","level":"info","event":"       id=4 → {'id': '4', 'name': 'Diana', 'age': '31', 'department': 'Operations', 'salary': '64436.16', 'working_hours': '32.2'}","logger":"task.stdout"}
{"timestamp":"2026-05-11T17:17:27.933246Z","level":"info","event":"       id=5 → {'id': '5', 'name': 'Ivy', 'age': '31', 'department': 'Sales', 'salary': '105267.18', 'working_hours': '48.3'}","logger":"task.stdout"}
{"timestamp":"2026-05-11T17:17:27.934597Z","level":"info","event":"       id=6 → {'id': '6', 'name': 'Bob', 'age': '43', 'department': 'Marketing', 'salary': '112840.54', 'working_hours': '41.3'}","logger":"task.stdout"}
{"timestamp":"2026-05-11T17:17:27.942991Z","level":"info","event":"       id=7 → {'id': '7', 'name': 'Hank', 'age': '46', 'department': 'HR', 'salary': '65475.73', 'working_hours': '48.5'}","logger":"task.stdout"}
{"timestamp":"2026-05-11T17:17:27.955051Z","level":"info","event":"       id=8 → {'id': '8', 'name': 'Hank', 'age': '51', 'department': 'Finance', 'salary': '107613.51', 'working_hours': '54.2'}","logger":"task.stdout"}
{"timestamp":"2026-05-11T17:17:27.959686Z","level":"info","event":"       id=9 → {'id': '9', 'name': 'Frank', 'age': '25', 'department': 'HR', 'salary': '103343.71', 'working_hours': '26.5'}","logger":"task.stdout"}
{"timestamp":"2026-05-11T17:17:27.966877Z","level":"info","event":"       id=10 → {'id': '10', 'name': 'Charlie', 'age': '39', 'department': 'Operations', 'salary': '110199.53', 'working_hours': '38.9'}","logger":"task.stdout"}
{"timestamp":"2026-05-11T17:17:27.970834Z","level":"info","event":"       id=11 → {'id': '11', 'name': 'Eve', 'age': '22', 'department': 'Engineering', 'salary': '81740.31', 'working_hours': '59.0'}","logger":"task.stdout"}
{"timestamp":"2026-05-11T17:17:27.974795Z","level":"info","event":"       id=12 → {'id': '12', 'name': 'Alice', 'age': '55', 'department': 'Engineering', 'salary': '65761.72', 'working_hours': '56.6'}","logger":"task.stdout"}
{"timestamp":"2026-05-11T17:17:27.975287Z","level":"info","event":"       id=13 → {'id': '13', 'name': 'Jack', 'age': '59', 'department': 'Marketing', 'salary': '116526.11', 'working_hours': '36.4'}","logger":"task.stdout"}
{"timestamp":"2026-05-11T17:17:27.979016Z","level":"info","event":"       id=14 → {'id': '14', 'name': 'Bob', 'age': '22', 'department': 'Engineering', 'salary': '110748.51', 'working_hours': '59.1'}","logger":"task.stdout"}
{"timestamp":"2026-05-11T17:17:27.982872Z","level":"info","event":"       id=15 → {'id': '15', 'name': 'Bob', 'age': '59', 'department': 'Operations', 'salary': '86668.12', 'working_hours': '44.6'}","logger":"task.stdout"}
{"timestamp":"2026-05-11T17:17:27.987438Z","level":"info","event":"       id=16 → {'id': '16', 'name': 'Charlie', 'age': '27', 'department': 'Sales', 'salary': '105767.32', 'working_hours': '39.7'}","logger":"task.stdout"}
{"timestamp":"2026-05-11T17:17:27.995171Z","level":"info","event":"       id=17 → {'id': '17', 'name': 'Charlie', 'age': '46', 'department': 'Finance', 'salary': '75395.59', 'working_hours': '25.1'}","logger":"task.stdout"}
{"timestamp":"2026-05-11T17:17:27.997250Z","level":"info","event":"[INFO] result.csv found — upsert.","logger":"task.stdout"}
{"timestamp":"2026-05-11T17:17:28.003436Z","level":"info","event":"[INFO] In existing result.csv 20 rows.","logger":"task.stdout"}
{"timestamp":"2026-05-11T17:17:28.010266Z","level":"info","event":"       UPDATE  id=1","logger":"task.stdout"}
{"timestamp":"2026-05-11T17:17:28.020064Z","level":"info","event":"       UPDATE  id=2","logger":"task.stdout"}
{"timestamp":"2026-05-11T17:17:28.023449Z","level":"info","event":"       UPDATE  id=3","logger":"task.stdout"}
{"timestamp":"2026-05-11T17:17:28.026940Z","level":"info","event":"       UPDATE  id=4","logger":"task.stdout"}
{"timestamp":"2026-05-11T17:17:28.030200Z","level":"info","event":"       UPDATE  id=5","logger":"task.stdout"}
{"timestamp":"2026-05-11T17:17:28.031524Z","level":"info","event":"       UPDATE  id=6","logger":"task.stdout"}
{"timestamp":"2026-05-11T17:17:28.035022Z","level":"info","event":"       UPDATE  id=7","logger":"task.stdout"}
{"timestamp":"2026-05-11T17:17:28.038001Z","level":"info","event":"       UPDATE  id=8","logger":"task.stdout"}
{"timestamp":"2026-05-11T17:17:28.039767Z","level":"info","event":"       UPDATE  id=9","logger":"task.stdout"}
{"timestamp":"2026-05-11T17:17:28.044455Z","level":"info","event":"       UPDATE  id=10","logger":"task.stdout"}
{"timestamp":"2026-05-11T17:17:28.045129Z","level":"info","event":"       UPDATE  id=11","logger":"task.stdout"}
{"timestamp":"2026-05-11T17:17:28.046441Z","level":"info","event":"       UPDATE  id=12","logger":"task.stdout"}
{"timestamp":"2026-05-11T17:17:28.049254Z","level":"info","event":"       UPDATE  id=13","logger":"task.stdout"}
{"timestamp":"2026-05-11T17:17:28.050685Z","level":"info","event":"       UPDATE  id=14","logger":"task.stdout"}
{"timestamp":"2026-05-11T17:17:28.056179Z","level":"info","event":"       UPDATE  id=15","logger":"task.stdout"}
{"timestamp":"2026-05-11T17:17:28.058229Z","level":"info","event":"       UPDATE  id=16","logger":"task.stdout"}
{"timestamp":"2026-05-11T17:17:28.060520Z","level":"info","event":"       UPDATE  id=17","logger":"task.stdout"}
{"timestamp":"2026-05-11T17:17:28.061166Z","level":"info","event":"[INFO] result.csv updated — total 20 rows.","logger":"task.stdout"}
{"timestamp":"2026-05-11T17:17:27.882753Z","level":"info","event":"Done. Returned value was: None","logger":"airflow.task.operators.airflow.providers.standard.operators.python.PythonOperator","filename":"python.py","lineno":229}
{"timestamp":"2026-05-11T17:17:28.134926Z","level":"info","event":"Task instance in success state","logger":"task.stdout"}
{"timestamp":"2026-05-11T17:17:28.137783Z","level":"info","event":" Previous state of the Task instance: TaskInstanceState.RUNNING","logger":"task.stdout"}
{"timestamp":"2026-05-11T17:17:28.138709Z","level":"info","event":"Task operator:<Task(PythonOperator): process_partition>","logger":"task.stdout"}
