{"timestamp":"2026-05-08T17:38:37.690061Z","level":"info","event":"DAG bundles loaded: dags-folder, example_dags","logger":"airflow.dag_processing.bundles.manager.DagBundlesManager","filename":"manager.py","lineno":209}
{"timestamp":"2026-05-08T17:38:37.692873Z","level":"info","event":"Filling up the DagBag from /opt/airflow/dags/csv_upsert_pipeline.py","logger":"airflow.dag_processing.dagbag.BundleDagBag","filename":"dagbag.py","lineno":469}
{"timestamp":"2026-05-08T17:38:37.712870Z","level":"warning","event":"airflow.exceptions.AirflowSkipException is deprecated and will be removed in a future version. Use airflow.sdk.exceptions.AirflowSkipException instead.","category":"UserWarning","filename":"/opt/airflow/dags/csv_upsert_pipeline.py","lineno":7,"logger":"py.warnings"}
{"timestamp":"2026-05-08T17:38:37.790050Z","level":"info","event":"Task instance is in running state","logger":"task.stdout"}
{"timestamp":"2026-05-08T17:38:37.792401Z","level":"info","event":" Previous state of the Task instance: TaskInstanceState.QUEUED","logger":"task.stdout"}
{"timestamp":"2026-05-08T17:38:37.793586Z","level":"info","event":"Current task name:process_partition","logger":"task.stdout"}
{"timestamp":"2026-05-08T17:38:37.794414Z","level":"info","event":"Dag name:csv_upsert_pipeline","logger":"task.stdout"}
{"timestamp":"2026-05-08T17:38:37.795594Z","level":"info","event":"[INFO] data_interval_start : 2026-05-06 08:00:00+00:00","logger":"task.stdout"}
{"timestamp":"2026-05-08T17:38:37.796326Z","level":"info","event":"[INFO] data_interval_end   : 2026-05-06 08:00:00+00:00","logger":"task.stdout"}
{"timestamp":"2026-05-08T17:38:37.797811Z","level":"info","event":"[INFO] Processing partition: /data/time_stamp=2026-05-06-08","logger":"task.stdout"}
{"timestamp":"2026-05-08T17:38:37.799377Z","level":"info","event":"[INFO] Sorted files: ['data_1.csv', 'data_2.csv', 'data_3.csv', 'data_4.csv', 'data_5.csv']","logger":"task.stdout"}
{"timestamp":"2026-05-08T17:38:37.801624Z","level":"info","event":"[INFO] Read data_1.csv  (index=1)","logger":"task.stdout"}
{"timestamp":"2026-05-08T17:38:37.803425Z","level":"info","event":"[INFO] Read data_2.csv  (index=2)","logger":"task.stdout"}
{"timestamp":"2026-05-08T17:38:37.804597Z","level":"info","event":"[INFO] Read data_3.csv  (index=3)","logger":"task.stdout"}
{"timestamp":"2026-05-08T17:38:37.807370Z","level":"info","event":"[INFO] Read data_4.csv  (index=4)","logger":"task.stdout"}
{"timestamp":"2026-05-08T17:38:37.809843Z","level":"info","event":"[INFO] Read data_5.csv  (index=5)","logger":"task.stdout"}
{"timestamp":"2026-05-08T17:38:37.810742Z","level":"info","event":"[INFO] Resolved 18 unique IDs for this run:","logger":"task.stdout"}
{"timestamp":"2026-05-08T17:38:37.811468Z","level":"info","event":"       id=1 → {'id': '1', 'name': 'Bob', 'age': '50', 'department': 'HR', 'salary': '115110.93', 'working_hours': '44.8'}","logger":"task.stdout"}
{"timestamp":"2026-05-08T17:38:37.812094Z","level":"info","event":"       id=2 → {'id': '2', 'name': 'Charlie', 'age': '37', 'department': 'Finance', 'salary': '103393.18', 'working_hours': '36.2'}","logger":"task.stdout"}
{"timestamp":"2026-05-08T17:38:37.812605Z","level":"info","event":"       id=3 → {'id': '3', 'name': 'Hank', 'age': '57', 'department': 'Operations', 'salary': '93953.9', 'working_hours': '29.3'}","logger":"task.stdout"}
{"timestamp":"2026-05-08T17:38:37.813588Z","level":"info","event":"       id=4 → {'id': '4', 'name': 'Ivy', 'age': '36', 'department': 'Finance', 'salary': '108662.5', 'working_hours': '55.1'}","logger":"task.stdout"}
{"timestamp":"2026-05-08T17:38:37.816094Z","level":"info","event":"       id=5 → {'id': '5', 'name': 'Charlie', 'age': '25', 'department': 'Finance', 'salary': '42732.85', 'working_hours': '59.9'}","logger":"task.stdout"}
{"timestamp":"2026-05-08T17:38:37.816800Z","level":"info","event":"       id=6 → {'id': '6', 'name': 'Grace', 'age': '37', 'department': 'Engineering', 'salary': '108111.83', 'working_hours': '39.6'}","logger":"task.stdout"}
{"timestamp":"2026-05-08T17:38:37.818038Z","level":"info","event":"       id=7 → {'id': '7', 'name': 'Diana', 'age': '24', 'department': 'Operations', 'salary': '38423.99', 'working_hours': '57.2'}","logger":"task.stdout"}
{"timestamp":"2026-05-08T17:38:37.819059Z","level":"info","event":"       id=8 → {'id': '8', 'name': 'Bob', 'age': '25', 'department': 'HR', 'salary': '42433.29', 'working_hours': '27.2'}","logger":"task.stdout"}
{"timestamp":"2026-05-08T17:38:37.819850Z","level":"info","event":"       id=9 → {'id': '9', 'name': 'Frank', 'age': '33', 'department': 'Sales', 'salary': '54922.64', 'working_hours': '44.2'}","logger":"task.stdout"}
{"timestamp":"2026-05-08T17:38:37.820378Z","level":"info","event":"       id=10 → {'id': '10', 'name': 'Hank', 'age': '30', 'department': 'Sales', 'salary': '105701.87', 'working_hours': '33.0'}","logger":"task.stdout"}
{"timestamp":"2026-05-08T17:38:37.820982Z","level":"info","event":"       id=11 → {'id': '11', 'name': 'Charlie', 'age': '22', 'department': 'Finance', 'salary': '106517.97', 'working_hours': '28.0'}","logger":"task.stdout"}
{"timestamp":"2026-05-08T17:38:37.823017Z","level":"info","event":"       id=12 → {'id': '12', 'name': 'Hank', 'age': '52', 'department': 'Finance', 'salary': '105582.85', 'working_hours': '34.5'}","logger":"task.stdout"}
{"timestamp":"2026-05-08T17:38:37.823974Z","level":"info","event":"       id=13 → {'id': '13', 'name': 'Grace', 'age': '30', 'department': 'HR', 'salary': '84185.37', 'working_hours': '25.7'}","logger":"task.stdout"}
{"timestamp":"2026-05-08T17:38:37.824574Z","level":"info","event":"       id=14 → {'id': '14', 'name': 'Alice', 'age': '59', 'department': 'Operations', 'salary': '92689.51', 'working_hours': '43.6'}","logger":"task.stdout"}
{"timestamp":"2026-05-08T17:38:37.825096Z","level":"info","event":"       id=15 → {'id': '15', 'name': 'Hank', 'age': '60', 'department': 'Marketing', 'salary': '44459.61', 'working_hours': '49.8'}","logger":"task.stdout"}
{"timestamp":"2026-05-08T17:38:37.825804Z","level":"info","event":"       id=16 → {'id': '16', 'name': 'Eve', 'age': '27', 'department': 'Engineering', 'salary': '93666.17', 'working_hours': '37.6'}","logger":"task.stdout"}
{"timestamp":"2026-05-08T17:38:37.826738Z","level":"info","event":"       id=17 → {'id': '17', 'name': 'Charlie', 'age': '32', 'department': 'Marketing', 'salary': '92385.84', 'working_hours': '45.1'}","logger":"task.stdout"}
{"timestamp":"2026-05-08T17:38:37.827206Z","level":"info","event":"       id=18 → {'id': '18', 'name': 'Ivy', 'age': '34', 'department': 'Marketing', 'salary': '71209.52', 'working_hours': '20.5'}","logger":"task.stdout"}
{"timestamp":"2026-05-08T17:38:37.828064Z","level":"info","event":"[INFO] result.csv mil gayi — upsert karte hain.","logger":"task.stdout"}
{"timestamp":"2026-05-08T17:38:37.828622Z","level":"info","event":"[INFO] Existing result.csv mein 20 rows hain.","logger":"task.stdout"}
{"timestamp":"2026-05-08T17:38:37.829072Z","level":"info","event":"       UPDATE  id=1","logger":"task.stdout"}
{"timestamp":"2026-05-08T17:38:37.829625Z","level":"info","event":"       UPDATE  id=2","logger":"task.stdout"}
{"timestamp":"2026-05-08T17:38:37.830060Z","level":"info","event":"       UPDATE  id=3","logger":"task.stdout"}
{"timestamp":"2026-05-08T17:38:37.830616Z","level":"info","event":"       UPDATE  id=4","logger":"task.stdout"}
{"timestamp":"2026-05-08T17:38:37.831016Z","level":"info","event":"       UPDATE  id=5","logger":"task.stdout"}
{"timestamp":"2026-05-08T17:38:37.832858Z","level":"info","event":"       UPDATE  id=6","logger":"task.stdout"}
{"timestamp":"2026-05-08T17:38:37.833562Z","level":"info","event":"       UPDATE  id=7","logger":"task.stdout"}
{"timestamp":"2026-05-08T17:38:37.835965Z","level":"info","event":"       UPDATE  id=8","logger":"task.stdout"}
{"timestamp":"2026-05-08T17:38:37.836649Z","level":"info","event":"       UPDATE  id=9","logger":"task.stdout"}
{"timestamp":"2026-05-08T17:38:37.837148Z","level":"info","event":"       UPDATE  id=10","logger":"task.stdout"}
{"timestamp":"2026-05-08T17:38:37.838621Z","level":"info","event":"       UPDATE  id=11","logger":"task.stdout"}
{"timestamp":"2026-05-08T17:38:37.839863Z","level":"info","event":"       UPDATE  id=12","logger":"task.stdout"}
{"timestamp":"2026-05-08T17:38:37.840479Z","level":"info","event":"       UPDATE  id=13","logger":"task.stdout"}
{"timestamp":"2026-05-08T17:38:37.840998Z","level":"info","event":"       UPDATE  id=14","logger":"task.stdout"}
{"timestamp":"2026-05-08T17:38:37.841528Z","level":"info","event":"       UPDATE  id=15","logger":"task.stdout"}
{"timestamp":"2026-05-08T17:38:37.842395Z","level":"info","event":"       UPDATE  id=16","logger":"task.stdout"}
{"timestamp":"2026-05-08T17:38:37.843079Z","level":"info","event":"       UPDATE  id=17","logger":"task.stdout"}
{"timestamp":"2026-05-08T17:38:37.843624Z","level":"info","event":"       UPDATE  id=18","logger":"task.stdout"}
{"timestamp":"2026-05-08T17:38:37.844186Z","level":"info","event":"[INFO] result.csv updated — total 20 rows.","logger":"task.stdout"}
{"timestamp":"2026-05-08T17:38:37.817257Z","level":"info","event":"Done. Returned value was: None","logger":"airflow.task.operators.airflow.providers.standard.operators.python.PythonOperator","filename":"python.py","lineno":229}
{"timestamp":"2026-05-08T17:38:37.903602Z","level":"info","event":"Task instance in success state","logger":"task.stdout"}
{"timestamp":"2026-05-08T17:38:37.906887Z","level":"info","event":" Previous state of the Task instance: TaskInstanceState.RUNNING","logger":"task.stdout"}
{"timestamp":"2026-05-08T17:38:37.908159Z","level":"info","event":"Task operator:<Task(PythonOperator): process_partition>","logger":"task.stdout"}
{"timestamp":"2026-05-11T16:47:39.990204Z","level":"info","event":"DAG bundles loaded: dags-folder, example_dags","logger":"airflow.dag_processing.bundles.manager.DagBundlesManager","filename":"manager.py","lineno":209}
{"timestamp":"2026-05-11T16:47:39.992008Z","level":"info","event":"Filling up the DagBag from /opt/airflow/dags/csv_upsert_pipeline.py","logger":"airflow.dag_processing.dagbag.BundleDagBag","filename":"dagbag.py","lineno":469}
{"timestamp":"2026-05-11T16:47:40.263192Z","level":"info","event":"Task instance is in running state","logger":"task.stdout"}
{"timestamp":"2026-05-11T16:47:40.264023Z","level":"info","event":" Previous state of the Task instance: TaskInstanceState.QUEUED","logger":"task.stdout"}
{"timestamp":"2026-05-11T16:47:40.264631Z","level":"info","event":"Current task name:process_partition","logger":"task.stdout"}
{"timestamp":"2026-05-11T16:47:40.265215Z","level":"info","event":"Dag name:csv_upsert_pipeline","logger":"task.stdout"}
{"timestamp":"2026-05-11T16:47:40.274035Z","level":"info","event":"[INFO] data_interval_start : 2026-05-06 08:00:00+00:00","logger":"task.stdout"}
{"timestamp":"2026-05-11T16:47:40.275336Z","level":"info","event":"[INFO] data_interval_end   : 2026-05-06 08:00:00+00:00","logger":"task.stdout"}
{"timestamp":"2026-05-11T16:47:40.278548Z","level":"info","event":"[INFO] Processing partition: /data/time_stamp=2026-05-06-08","logger":"task.stdout"}
{"timestamp":"2026-05-11T16:47:40.374492Z","level":"error","event":"/home/airflow/.local/lib/python3.13/site-packages/pyspark/bin/load-spark-env.sh: line 68: ps: command not found","logger":"task.stderr"}
{"timestamp":"2026-05-11T16:47:40.378217Z","level":"error","event":"JAVA_HOME is not set","logger":"task.stderr"}
{"timestamp":"2026-05-11T16:47:40.432028Z","level":"error","event":"Task failed with exception","logger":"task","filename":"task_runner.py","lineno":1347,"error_detail":[{"exc_type":"PySparkRuntimeError","exc_value":"[JAVA_GATEWAY_EXITED] Java gateway process exited before sending its port number.","exc_notes":[],"syntax_error":null,"is_cause":false,"frames":[{"filename":"/home/airflow/.local/lib/python3.13/site-packages/airflow/sdk/execution_time/task_runner.py","lineno":1263,"name":"run"},{"filename":"/home/airflow/.local/lib/python3.13/site-packages/airflow/sdk/execution_time/task_runner.py","lineno":1678,"name":"_execute_task"},{"filename":"/home/airflow/.local/lib/python3.13/site-packages/airflow/sdk/bases/operator.py","lineno":443,"name":"wrapper"},{"filename":"/home/airflow/.local/lib/python3.13/site-packages/airflow/providers/standard/operators/python.py","lineno":227,"name":"execute"},{"filename":"/home/airflow/.local/lib/python3.13/site-packages/airflow/providers/standard/operators/python.py","lineno":250,"name":"execute_callable"},{"filename":"/home/airflow/.local/lib/python3.13/site-packages/airflow/sdk/execution_time/callback_runner.py","lineno":97,"name":"run"},{"filename":"/opt/airflow/dags/csv_upsert_pipeline.py","lineno":47,"name":"process_partition"},{"filename":"/home/airflow/.local/lib/python3.13/site-packages/pyspark/sql/session.py","lineno":497,"name":"getOrCreate"},{"filename":"/home/airflow/.local/lib/python3.13/site-packages/pyspark/context.py","lineno":515,"name":"getOrCreate"},{"filename":"/home/airflow/.local/lib/python3.13/site-packages/pyspark/context.py","lineno":201,"name":"__init__"},{"filename":"/home/airflow/.local/lib/python3.13/site-packages/pyspark/context.py","lineno":436,"name":"_ensure_initialized"},{"filename":"/home/airflow/.local/lib/python3.13/site-packages/pyspark/java_gateway.py","lineno":107,"name":"launch_gateway"}],"is_group":false,"exceptions":[]}]}
{"timestamp":"2026-05-11T16:47:40.436675Z","level":"info","event":"Task instance in failure state","logger":"task.stdout"}
{"timestamp":"2026-05-11T16:47:40.438497Z","level":"info","event":"Task start","logger":"task.stdout"}
{"timestamp":"2026-05-11T16:47:40.439841Z","level":"info","event":"Task:<Task(PythonOperator): process_partition>","logger":"task.stdout"}
{"timestamp":"2026-05-11T16:47:40.440292Z","level":"info","event":"Failure caused by [JAVA_GATEWAY_EXITED] Java gateway process exited before sending its port number.","logger":"task.stdout"}
{"timestamp":"2026-05-11T17:18:29.604066Z","level":"info","event":"DAG bundles loaded: dags-folder, example_dags","logger":"airflow.dag_processing.bundles.manager.DagBundlesManager","filename":"manager.py","lineno":209}
{"timestamp":"2026-05-11T17:18:29.605941Z","level":"info","event":"Filling up the DagBag from /opt/airflow/dags/__pycache__/csv_upsert_pipeline.py","logger":"airflow.dag_processing.dagbag.BundleDagBag","filename":"dagbag.py","lineno":469}
{"timestamp":"2026-05-11T17:18:29.739965Z","level":"warning","event":"airflow.exceptions.AirflowSkipException is deprecated and will be removed in a future version. Use airflow.sdk.exceptions.AirflowSkipException instead.","category":"UserWarning","filename":"/opt/airflow/dags/__pycache__/csv_upsert_pipeline.py","lineno":7,"logger":"py.warnings"}
{"timestamp":"2026-05-11T17:18:30.610928Z","level":"info","event":"Task instance is in running state","logger":"task.stdout"}
{"timestamp":"2026-05-11T17:18:30.615964Z","level":"info","event":" Previous state of the Task instance: TaskInstanceState.QUEUED","logger":"task.stdout"}
{"timestamp":"2026-05-11T17:18:30.620323Z","level":"info","event":"Current task name:process_partition","logger":"task.stdout"}
{"timestamp":"2026-05-11T17:18:30.638308Z","level":"info","event":"Dag name:csv_upsert_pipeline","logger":"task.stdout"}
{"timestamp":"2026-05-11T17:18:30.668934Z","level":"info","event":"[INFO] data_interval_start : 2026-05-06 08:00:00+00:00","logger":"task.stdout"}
{"timestamp":"2026-05-11T17:18:30.674956Z","level":"info","event":"[INFO] data_interval_end   : 2026-05-06 08:00:00+00:00","logger":"task.stdout"}
{"timestamp":"2026-05-11T17:18:30.682290Z","level":"info","event":"[INFO] Processing partition: /data/time_stamp=2026-05-06-08","logger":"task.stdout"}
{"timestamp":"2026-05-11T17:18:30.702091Z","level":"info","event":"[INFO] Sorted files: ['data_1.csv', 'data_2.csv', 'data_3.csv', 'data_4.csv', 'data_5.csv']","logger":"task.stdout"}
{"timestamp":"2026-05-11T17:18:30.720920Z","level":"info","event":"[INFO] Read data_1.csv  (index=1)","logger":"task.stdout"}
{"timestamp":"2026-05-11T17:18:30.749033Z","level":"info","event":"[INFO] Read data_2.csv  (index=2)","logger":"task.stdout"}
{"timestamp":"2026-05-11T17:18:30.772608Z","level":"info","event":"[INFO] Read data_3.csv  (index=3)","logger":"task.stdout"}
{"timestamp":"2026-05-11T17:18:30.817262Z","level":"info","event":"[INFO] Read data_4.csv  (index=4)","logger":"task.stdout"}
{"timestamp":"2026-05-11T17:18:30.818406Z","level":"info","event":"[INFO] Read data_5.csv  (index=5)","logger":"task.stdout"}
{"timestamp":"2026-05-11T17:18:30.822240Z","level":"info","event":"[INFO] Resolved 18 unique IDs for this run:","logger":"task.stdout"}
{"timestamp":"2026-05-11T17:18:30.841786Z","level":"info","event":"       id=1 → {'id': '1', 'name': 'Bob', 'age': '50', 'department': 'HR', 'salary': '115110.93', 'working_hours': '44.8'}","logger":"task.stdout"}
{"timestamp":"2026-05-11T17:18:30.842374Z","level":"info","event":"       id=2 → {'id': '2', 'name': 'Charlie', 'age': '37', 'department': 'Finance', 'salary': '103393.18', 'working_hours': '36.2'}","logger":"task.stdout"}
{"timestamp":"2026-05-11T17:18:30.842871Z","level":"info","event":"       id=3 → {'id': '3', 'name': 'Hank', 'age': '57', 'department': 'Operations', 'salary': '93953.9', 'working_hours': '29.3'}","logger":"task.stdout"}
{"timestamp":"2026-05-11T17:18:30.843223Z","level":"info","event":"       id=4 → {'id': '4', 'name': 'Ivy', 'age': '36', 'department': 'Finance', 'salary': '108662.5', 'working_hours': '55.1'}","logger":"task.stdout"}
{"timestamp":"2026-05-11T17:18:30.845688Z","level":"info","event":"       id=5 → {'id': '5', 'name': 'Charlie', 'age': '25', 'department': 'Finance', 'salary': '42732.85', 'working_hours': '59.9'}","logger":"task.stdout"}
{"timestamp":"2026-05-11T17:18:30.846789Z","level":"info","event":"       id=6 → {'id': '6', 'name': 'Grace', 'age': '37', 'department': 'Engineering', 'salary': '108111.83', 'working_hours': '39.6'}","logger":"task.stdout"}
{"timestamp":"2026-05-11T17:18:30.847856Z","level":"info","event":"       id=7 → {'id': '7', 'name': 'Diana', 'age': '24', 'department': 'Operations', 'salary': '38423.99', 'working_hours': '57.2'}","logger":"task.stdout"}
{"timestamp":"2026-05-11T17:18:30.848357Z","level":"info","event":"       id=8 → {'id': '8', 'name': 'Bob', 'age': '25', 'department': 'HR', 'salary': '42433.29', 'working_hours': '27.2'}","logger":"task.stdout"}
{"timestamp":"2026-05-11T17:18:30.855807Z","level":"info","event":"       id=9 → {'id': '9', 'name': 'Frank', 'age': '33', 'department': 'Sales', 'salary': '54922.64', 'working_hours': '44.2'}","logger":"task.stdout"}
{"timestamp":"2026-05-11T17:18:30.856530Z","level":"info","event":"       id=10 → {'id': '10', 'name': 'Hank', 'age': '30', 'department': 'Sales', 'salary': '105701.87', 'working_hours': '33.0'}","logger":"task.stdout"}
{"timestamp":"2026-05-11T17:18:30.857757Z","level":"info","event":"       id=11 → {'id': '11', 'name': 'Charlie', 'age': '22', 'department': 'Finance', 'salary': '106517.97', 'working_hours': '28.0'}","logger":"task.stdout"}
{"timestamp":"2026-05-11T17:18:30.858961Z","level":"info","event":"       id=12 → {'id': '12', 'name': 'Hank', 'age': '52', 'department': 'Finance', 'salary': '105582.85', 'working_hours': '34.5'}","logger":"task.stdout"}
{"timestamp":"2026-05-11T17:18:30.861788Z","level":"info","event":"       id=13 → {'id': '13', 'name': 'Grace', 'age': '30', 'department': 'HR', 'salary': '84185.37', 'working_hours': '25.7'}","logger":"task.stdout"}
{"timestamp":"2026-05-11T17:18:30.862330Z","level":"info","event":"       id=14 → {'id': '14', 'name': 'Alice', 'age': '59', 'department': 'Operations', 'salary': '92689.51', 'working_hours': '43.6'}","logger":"task.stdout"}
{"timestamp":"2026-05-11T17:18:30.863997Z","level":"info","event":"       id=15 → {'id': '15', 'name': 'Hank', 'age': '60', 'department': 'Marketing', 'salary': '44459.61', 'working_hours': '49.8'}","logger":"task.stdout"}
{"timestamp":"2026-05-11T17:18:30.864843Z","level":"info","event":"       id=16 → {'id': '16', 'name': 'Eve', 'age': '27', 'department': 'Engineering', 'salary': '93666.17', 'working_hours': '37.6'}","logger":"task.stdout"}
{"timestamp":"2026-05-11T17:18:30.865781Z","level":"info","event":"       id=17 → {'id': '17', 'name': 'Charlie', 'age': '32', 'department': 'Marketing', 'salary': '92385.84', 'working_hours': '45.1'}","logger":"task.stdout"}
{"timestamp":"2026-05-11T17:18:30.866353Z","level":"info","event":"       id=18 → {'id': '18', 'name': 'Ivy', 'age': '34', 'department': 'Marketing', 'salary': '71209.52', 'working_hours': '20.5'}","logger":"task.stdout"}
{"timestamp":"2026-05-11T17:18:30.866991Z","level":"info","event":"[INFO] result.csv found — upsert.","logger":"task.stdout"}
{"timestamp":"2026-05-11T17:18:30.867405Z","level":"info","event":"[INFO] In existing result.csv 20 rows.","logger":"task.stdout"}
{"timestamp":"2026-05-11T17:18:30.867969Z","level":"info","event":"       UPDATE  id=1","logger":"task.stdout"}
{"timestamp":"2026-05-11T17:18:30.868634Z","level":"info","event":"       UPDATE  id=2","logger":"task.stdout"}
{"timestamp":"2026-05-11T17:18:30.869154Z","level":"info","event":"       UPDATE  id=3","logger":"task.stdout"}
{"timestamp":"2026-05-11T17:18:30.870339Z","level":"info","event":"       UPDATE  id=4","logger":"task.stdout"}
{"timestamp":"2026-05-11T17:18:30.870902Z","level":"info","event":"       UPDATE  id=5","logger":"task.stdout"}
{"timestamp":"2026-05-11T17:18:30.871323Z","level":"info","event":"       UPDATE  id=6","logger":"task.stdout"}
{"timestamp":"2026-05-11T17:18:30.871921Z","level":"info","event":"       UPDATE  id=7","logger":"task.stdout"}
{"timestamp":"2026-05-11T17:18:30.872322Z","level":"info","event":"       UPDATE  id=8","logger":"task.stdout"}
{"timestamp":"2026-05-11T17:18:30.872779Z","level":"info","event":"       UPDATE  id=9","logger":"task.stdout"}
{"timestamp":"2026-05-11T17:18:30.873387Z","level":"info","event":"       UPDATE  id=10","logger":"task.stdout"}
{"timestamp":"2026-05-11T17:18:30.873874Z","level":"info","event":"       UPDATE  id=11","logger":"task.stdout"}
{"timestamp":"2026-05-11T17:18:30.874292Z","level":"info","event":"       UPDATE  id=12","logger":"task.stdout"}
{"timestamp":"2026-05-11T17:18:30.874766Z","level":"info","event":"       UPDATE  id=13","logger":"task.stdout"}
{"timestamp":"2026-05-11T17:18:30.875648Z","level":"info","event":"       UPDATE  id=14","logger":"task.stdout"}
{"timestamp":"2026-05-11T17:18:30.876055Z","level":"info","event":"       UPDATE  id=15","logger":"task.stdout"}
{"timestamp":"2026-05-11T17:18:30.876588Z","level":"info","event":"       UPDATE  id=16","logger":"task.stdout"}
{"timestamp":"2026-05-11T17:18:30.877038Z","level":"info","event":"       UPDATE  id=17","logger":"task.stdout"}
{"timestamp":"2026-05-11T17:18:30.877452Z","level":"info","event":"       UPDATE  id=18","logger":"task.stdout"}
{"timestamp":"2026-05-11T17:18:30.878117Z","level":"info","event":"[INFO] result.csv updated — total 20 rows.","logger":"task.stdout"}
{"timestamp":"2026-05-11T17:18:30.819275Z","level":"info","event":"Done. Returned value was: None","logger":"airflow.task.operators.airflow.providers.standard.operators.python.PythonOperator","filename":"python.py","lineno":229}
{"timestamp":"2026-05-11T17:18:31.151800Z","level":"info","event":"Task instance in success state","logger":"task.stdout"}
{"timestamp":"2026-05-11T17:18:31.248156Z","level":"info","event":" Previous state of the Task instance: TaskInstanceState.RUNNING","logger":"task.stdout"}
{"timestamp":"2026-05-11T17:18:31.256851Z","level":"info","event":"Task operator:<Task(PythonOperator): process_partition>","logger":"task.stdout"}
