{"timestamp":"2026-05-05T10:29:51.049229Z","level":"info","event":"DAG bundles loaded: dags-folder, example_dags","logger":"airflow.dag_processing.bundles.manager.DagBundlesManager","filename":"manager.py","lineno":209}
{"timestamp":"2026-05-05T10:29:51.058049Z","level":"info","event":"Filling up the DagBag from /opt/airflow/dags/print_interval_dag.py","logger":"airflow.dag_processing.dagbag.BundleDagBag","filename":"dagbag.py","lineno":469}
{"timestamp":"2026-05-05T10:29:51.069505Z","level":"warning","event":"The `airflow.operators.python.PythonOperator` attribute is deprecated. Please use `'airflow.providers.standard.operators.python.PythonOperator'`.","category":"UserWarning","filename":"/opt/airflow/dags/print_interval_dag.py","lineno":2,"logger":"py.warnings"}
{"timestamp":"2026-05-05T10:29:51.137024Z","level":"info","event":"Task instance is in running state","logger":"task.stdout"}
{"timestamp":"2026-05-05T10:29:51.137720Z","level":"info","event":" Previous state of the Task instance: TaskInstanceState.QUEUED","logger":"task.stdout"}
{"timestamp":"2026-05-05T10:29:51.138238Z","level":"info","event":"Current task name:print_interval","logger":"task.stdout"}
{"timestamp":"2026-05-05T10:29:51.138827Z","level":"info","event":"Dag name:print_interval_dag","logger":"task.stdout"}
{"timestamp":"2026-05-05T10:29:51.144319Z","level":"info","event":"Interval Start: 2025-05-09 12:00:00+00:00","logger":"task.stdout"}
{"timestamp":"2026-05-05T10:29:51.144996Z","level":"info","event":"Interval End:   2025-05-09 12:00:00+00:00","logger":"task.stdout"}
{"timestamp":"2026-05-05T10:29:51.144331Z","level":"info","event":"Done. Returned value was: None","logger":"airflow.task.operators.airflow.providers.standard.operators.python.PythonOperator","filename":"python.py","lineno":229}
{"timestamp":"2026-05-05T10:29:51.192446Z","level":"info","event":"Task instance in success state","logger":"task.stdout"}
{"timestamp":"2026-05-05T10:29:51.193345Z","level":"info","event":" Previous state of the Task instance: TaskInstanceState.RUNNING","logger":"task.stdout"}
{"timestamp":"2026-05-05T10:29:51.194061Z","level":"info","event":"Task operator:<Task(PythonOperator): print_interval>","logger":"task.stdout"}
{"timestamp":"2026-05-05T12:25:40.404944Z","level":"info","event":"DAG bundles loaded: dags-folder, example_dags","logger":"airflow.dag_processing.bundles.manager.DagBundlesManager","filename":"manager.py","lineno":209}
{"timestamp":"2026-05-05T12:25:40.406738Z","level":"info","event":"Filling up the DagBag from /opt/airflow/dags/print_interval_dag.py","logger":"airflow.dag_processing.dagbag.BundleDagBag","filename":"dagbag.py","lineno":469}
{"timestamp":"2026-05-05T12:25:40.503739Z","level":"info","event":"Task instance is in running state","logger":"task.stdout"}
{"timestamp":"2026-05-05T12:25:40.504217Z","level":"info","event":" Previous state of the Task instance: TaskInstanceState.QUEUED","logger":"task.stdout"}
{"timestamp":"2026-05-05T12:25:40.504786Z","level":"info","event":"Current task name:print_interval","logger":"task.stdout"}
{"timestamp":"2026-05-05T12:25:40.509640Z","level":"info","event":"Dag name:print_interval_dag","logger":"task.stdout"}
{"timestamp":"2026-05-05T12:25:40.511234Z","level":"info","event":"=== ALL AVAILABLE MACROS ===","logger":"task.stdout"}
{"timestamp":"2026-05-05T12:25:40.511881Z","level":"info","event":"dag: <DAG: print_interval_dag>","logger":"task.stdout"}
{"timestamp":"2026-05-05T12:25:40.512396Z","level":"info","event":"inlets: []","logger":"task.stdout"}
{"timestamp":"2026-05-05T12:25:40.513069Z","level":"info","event":"map_index_template: None","logger":"task.stdout"}
{"timestamp":"2026-05-05T12:25:40.513848Z","level":"info","event":"outlets: []","logger":"task.stdout"}
{"timestamp":"2026-05-05T12:25:40.514398Z","level":"info","event":"run_id: scheduled__2025-05-09T12:00:00+00:00","logger":"task.stdout"}
{"timestamp":"2026-05-05T12:25:40.515257Z","level":"info","event":"task: <Task(PythonOperator): print_interval>","logger":"task.stdout"}
{"timestamp":"2026-05-05T12:25:40.515982Z","level":"info","event":"task_instance: id=UUID('019df819-e1b0-7aec-abd0-f5e894cb4c31') task_id='print_interval' dag_id='print_interval_dag' run_id='scheduled__2025-05-09T12:00:00+00:00' try_number=1 dag_version_id=UUID('019df815-a045-750b-bac8-47ced7cc6a45') map_index=-1 hostname='86abe326db93' context_carrier={'traceparent': '00-350111711eb25a5016503fdc1c8ca93a-2b4a8683cd3af8f1-01'} task=<Task(PythonOperator): print_interval> bundle_instance=LocalDagBundle(name=dags-folder) max_tries=0 start_date=datetime.datetime(2026, 5, 5, 12, 25, 39, 431052, tzinfo=datetime.timezone.utc) end_date=None state=<TaskInstanceState.RUNNING: 'running'> is_mapped=False rendered_map_index=None sentry_integration=''","logger":"task.stdout"}
{"timestamp":"2026-05-05T12:25:40.516878Z","level":"info","event":"ti: id=UUID('019df819-e1b0-7aec-abd0-f5e894cb4c31') task_id='print_interval' dag_id='print_interval_dag' run_id='scheduled__2025-05-09T12:00:00+00:00' try_number=1 dag_version_id=UUID('019df815-a045-750b-bac8-47ced7cc6a45') map_index=-1 hostname='86abe326db93' context_carrier={'traceparent': '00-350111711eb25a5016503fdc1c8ca93a-2b4a8683cd3af8f1-01'} task=<Task(PythonOperator): print_interval> bundle_instance=LocalDagBundle(name=dags-folder) max_tries=0 start_date=datetime.datetime(2026, 5, 5, 12, 25, 39, 431052, tzinfo=datetime.timezone.utc) end_date=None state=<TaskInstanceState.RUNNING: 'running'> is_mapped=False rendered_map_index=None sentry_integration=''","logger":"task.stdout"}
{"timestamp":"2026-05-05T12:25:40.517336Z","level":"info","event":"outlet_events: OutletEventAccessors(_dict={})","logger":"task.stdout"}
{"timestamp":"2026-05-05T12:25:40.518113Z","level":"info","event":"inlet_events: InletEventsAccessors(_inlets=[], _assets={}, _asset_aliases={})","logger":"task.stdout"}
{"timestamp":"2026-05-05T12:25:40.518674Z","level":"info","event":"macros: <MacrosAccessor (dynamic access to macros)>","logger":"task.stdout"}
{"timestamp":"2026-05-05T12:25:40.519661Z","level":"info","event":"params: {}","logger":"task.stdout"}
{"timestamp":"2026-05-05T12:25:40.520174Z","level":"info","event":"var: {'json': <VariableAccessor (dynamic access)>, 'value': <VariableAccessor (dynamic access)>}","logger":"task.stdout"}
{"timestamp":"2026-05-05T12:25:40.523270Z","level":"info","event":"conn: <ConnectionAccessor (dynamic access)>","logger":"task.stdout"}
{"timestamp":"2026-05-05T12:25:40.523881Z","level":"info","event":"dag_run: dag_id='print_interval_dag' run_id='scheduled__2025-05-09T12:00:00+00:00' logical_date=datetime.datetime(2025, 5, 9, 12, 0, tzinfo=datetime.timezone.utc) data_interval_start=datetime.datetime(2025, 5, 9, 12, 0, tzinfo=datetime.timezone.utc) data_interval_end=datetime.datetime(2025, 5, 9, 12, 0, tzinfo=datetime.timezone.utc) run_after=datetime.datetime(2025, 5, 9, 12, 0, tzinfo=datetime.timezone.utc) start_date=datetime.datetime(2026, 5, 5, 12, 25, 39, 21740, tzinfo=datetime.timezone.utc) end_date=None clear_number=0 run_type=<DagRunType.SCHEDULED: 'scheduled'> state=<DagRunState.RUNNING: 'running'> conf={} triggering_user_name=None consumed_asset_events=[] partition_key=None note=None","logger":"task.stdout"}
{"timestamp":"2026-05-05T12:25:40.527788Z","level":"info","event":"triggering_asset_events: TriggeringAssetEventAccessor(_events=defaultdict(<class 'list'>, {}))","logger":"task.stdout"}
{"timestamp":"2026-05-05T12:25:40.528407Z","level":"info","event":"task_instance_key_str: print_interval_dag__print_interval__20250509","logger":"task.stdout"}
{"timestamp":"2026-05-05T12:25:40.529086Z","level":"info","event":"task_reschedule_count: 0","logger":"task.stdout"}
{"timestamp":"2026-05-05T12:25:40.563132Z","level":"info","event":"prev_start_date_success: 2026-05-05 12:25:38.152951+00:00","logger":"task.stdout"}
{"timestamp":"2026-05-05T12:25:40.563863Z","level":"info","event":"prev_end_date_success: 2026-05-05 12:25:40.130846+00:00","logger":"task.stdout"}
{"timestamp":"2026-05-05T12:25:40.564654Z","level":"info","event":"logical_date: 2025-05-09 12:00:00+00:00","logger":"task.stdout"}
{"timestamp":"2026-05-05T12:25:40.565960Z","level":"info","event":"ds: 2025-05-09","logger":"task.stdout"}
{"timestamp":"2026-05-05T12:25:40.567332Z","level":"info","event":"ds_nodash: 20250509","logger":"task.stdout"}
{"timestamp":"2026-05-05T12:25:40.568114Z","level":"info","event":"ts: 2025-05-09T12:00:00+00:00","logger":"task.stdout"}
{"timestamp":"2026-05-05T12:25:40.568656Z","level":"info","event":"ts_nodash: 20250509T120000","logger":"task.stdout"}
{"timestamp":"2026-05-05T12:25:40.571702Z","level":"info","event":"ts_nodash_with_tz: 20250509T120000+0000","logger":"task.stdout"}
{"timestamp":"2026-05-05T12:25:40.572296Z","level":"info","event":"data_interval_end: 2025-05-09 12:00:00+00:00","logger":"task.stdout"}
{"timestamp":"2026-05-05T12:25:40.572917Z","level":"info","event":"data_interval_start: 2025-05-09 12:00:00+00:00","logger":"task.stdout"}
{"timestamp":"2026-05-05T12:25:40.573418Z","level":"info","event":"prev_data_interval_start_success: 2025-05-09 06:00:00+00:00","logger":"task.stdout"}
{"timestamp":"2026-05-05T12:25:40.576132Z","level":"info","event":"prev_data_interval_end_success: 2025-05-09 06:00:00+00:00","logger":"task.stdout"}
{"timestamp":"2026-05-05T12:25:40.576980Z","level":"info","event":"templates_dict: None","logger":"task.stdout"}
{"timestamp":"2026-05-05T12:25:40.563556Z","level":"info","event":"Done. Returned value was: None","logger":"airflow.task.operators.airflow.providers.standard.operators.python.PythonOperator","filename":"python.py","lineno":229}
{"timestamp":"2026-05-05T12:25:40.680524Z","level":"info","event":"Task instance in success state","logger":"task.stdout"}
{"timestamp":"2026-05-05T12:25:40.682502Z","level":"info","event":" Previous state of the Task instance: TaskInstanceState.RUNNING","logger":"task.stdout"}
{"timestamp":"2026-05-05T12:25:40.684922Z","level":"info","event":"Task operator:<Task(PythonOperator): print_interval>","logger":"task.stdout"}
