{"timestamp":"2026-05-08T17:38:22.072520Z","level":"info","event":"DAG bundles loaded: dags-folder, example_dags","logger":"airflow.dag_processing.bundles.manager.DagBundlesManager","filename":"manager.py","lineno":209}
{"timestamp":"2026-05-08T17:38:22.080230Z","level":"info","event":"Filling up the DagBag from /opt/airflow/dags/csv_upsert_pipeline.py","logger":"airflow.dag_processing.dagbag.BundleDagBag","filename":"dagbag.py","lineno":469}
{"timestamp":"2026-05-08T17:38:22.096999Z","level":"warning","event":"airflow.exceptions.AirflowSkipException is deprecated and will be removed in a future version. Use airflow.sdk.exceptions.AirflowSkipException instead.","category":"UserWarning","filename":"/opt/airflow/dags/csv_upsert_pipeline.py","lineno":7,"logger":"py.warnings"}
{"timestamp":"2026-05-08T17:38:22.188775Z","level":"info","event":"Task instance is in running state","logger":"task.stdout"}
{"timestamp":"2026-05-08T17:38:22.189541Z","level":"info","event":" Previous state of the Task instance: TaskInstanceState.QUEUED","logger":"task.stdout"}
{"timestamp":"2026-05-08T17:38:22.191982Z","level":"info","event":"Current task name:process_partition","logger":"task.stdout"}
{"timestamp":"2026-05-08T17:38:22.192560Z","level":"info","event":"Dag name:csv_upsert_pipeline","logger":"task.stdout"}
{"timestamp":"2026-05-08T17:38:22.194033Z","level":"info","event":"[INFO] data_interval_start : 2026-05-05 07:00:00+00:00","logger":"task.stdout"}
{"timestamp":"2026-05-08T17:38:22.199650Z","level":"info","event":"[INFO] data_interval_end   : 2026-05-05 07:00:00+00:00","logger":"task.stdout"}
{"timestamp":"2026-05-08T17:38:22.200125Z","level":"info","event":"[INFO] Processing partition: /data/time_stamp=2026-05-05-07","logger":"task.stdout"}
{"timestamp":"2026-05-08T17:38:22.203049Z","level":"info","event":"[INFO] Sorted files: ['data_1.csv']","logger":"task.stdout"}
{"timestamp":"2026-05-08T17:38:22.203841Z","level":"info","event":"[INFO] Read data_1.csv  (index=1)","logger":"task.stdout"}
{"timestamp":"2026-05-08T17:38:22.204265Z","level":"info","event":"[INFO] Resolved 17 unique IDs for this run:","logger":"task.stdout"}
{"timestamp":"2026-05-08T17:38:22.205185Z","level":"info","event":"       id=1 → {'id': '1', 'name': 'Charlie', 'age': '32', 'department': 'Marketing', 'salary': '101963.09', 'working_hours': '27.5'}","logger":"task.stdout"}
{"timestamp":"2026-05-08T17:38:22.206100Z","level":"info","event":"       id=2 → {'id': '2', 'name': 'Alice', 'age': '38', 'department': 'Engineering', 'salary': '94013.13', 'working_hours': '30.0'}","logger":"task.stdout"}
{"timestamp":"2026-05-08T17:38:22.209124Z","level":"info","event":"       id=3 → {'id': '3', 'name': 'Diana', 'age': '37', 'department': 'HR', 'salary': '30142.7', 'working_hours': '22.0'}","logger":"task.stdout"}
{"timestamp":"2026-05-08T17:38:22.210159Z","level":"info","event":"       id=4 → {'id': '4', 'name': 'Alice', 'age': '53', 'department': 'Engineering', 'salary': '69322.37', 'working_hours': '36.8'}","logger":"task.stdout"}
{"timestamp":"2026-05-08T17:38:22.210925Z","level":"info","event":"       id=5 → {'id': '5', 'name': 'Ivy', 'age': '43', 'department': 'HR', 'salary': '108514.33', 'working_hours': '45.0'}","logger":"task.stdout"}
{"timestamp":"2026-05-08T17:38:22.212217Z","level":"info","event":"       id=6 → {'id': '6', 'name': 'Charlie', 'age': '57', 'department': 'Marketing', 'salary': '81113.76', 'working_hours': '38.9'}","logger":"task.stdout"}
{"timestamp":"2026-05-08T17:38:22.213063Z","level":"info","event":"       id=7 → {'id': '7', 'name': 'Alice', 'age': '39', 'department': 'Engineering', 'salary': '102655.24', 'working_hours': '32.9'}","logger":"task.stdout"}
{"timestamp":"2026-05-08T17:38:22.214912Z","level":"info","event":"       id=8 → {'id': '8', 'name': 'Bob', 'age': '60', 'department': 'Marketing', 'salary': '96846.22', 'working_hours': '27.4'}","logger":"task.stdout"}
{"timestamp":"2026-05-08T17:38:22.216126Z","level":"info","event":"       id=9 → {'id': '9', 'name': 'Grace', 'age': '42', 'department': 'Marketing', 'salary': '86718.57', 'working_hours': '53.9'}","logger":"task.stdout"}
{"timestamp":"2026-05-08T17:38:22.217037Z","level":"info","event":"       id=10 → {'id': '10', 'name': 'Hank', 'age': '41', 'department': 'Operations', 'salary': '64910.38', 'working_hours': '59.0'}","logger":"task.stdout"}
{"timestamp":"2026-05-08T17:38:22.217892Z","level":"info","event":"       id=11 → {'id': '11', 'name': 'Frank', 'age': '30', 'department': 'Marketing', 'salary': '59516.22', 'working_hours': '47.7'}","logger":"task.stdout"}
{"timestamp":"2026-05-08T17:38:22.218717Z","level":"info","event":"       id=12 → {'id': '12', 'name': 'Jack', 'age': '45', 'department': 'HR', 'salary': '119609.01', 'working_hours': '42.8'}","logger":"task.stdout"}
{"timestamp":"2026-05-08T17:38:22.220603Z","level":"info","event":"       id=13 → {'id': '13', 'name': 'Eve', 'age': '57', 'department': 'Sales', 'salary': '88941.76', 'working_hours': '26.8'}","logger":"task.stdout"}
{"timestamp":"2026-05-08T17:38:22.222214Z","level":"info","event":"       id=14 → {'id': '14', 'name': 'Diana', 'age': '36', 'department': 'Finance', 'salary': '64224.67', 'working_hours': '44.2'}","logger":"task.stdout"}
{"timestamp":"2026-05-08T17:38:22.222818Z","level":"info","event":"       id=15 → {'id': '15', 'name': 'Bob', 'age': '50', 'department': 'Marketing', 'salary': '119432.09', 'working_hours': '39.4'}","logger":"task.stdout"}
{"timestamp":"2026-05-08T17:38:22.224852Z","level":"info","event":"       id=16 → {'id': '16', 'name': 'Jack', 'age': '53', 'department': 'Marketing', 'salary': '72877.56', 'working_hours': '48.3'}","logger":"task.stdout"}
{"timestamp":"2026-05-08T17:38:22.226671Z","level":"info","event":"       id=17 → {'id': '17', 'name': 'Grace', 'age': '51', 'department': 'Engineering', 'salary': '82954.52', 'working_hours': '38.7'}","logger":"task.stdout"}
{"timestamp":"2026-05-08T17:38:22.228006Z","level":"info","event":"[INFO] result.csv mil gayi — upsert karte hain.","logger":"task.stdout"}
{"timestamp":"2026-05-08T17:38:22.228591Z","level":"info","event":"[INFO] Existing result.csv mein 20 rows hain.","logger":"task.stdout"}
{"timestamp":"2026-05-08T17:38:22.229558Z","level":"info","event":"       UPDATE  id=1","logger":"task.stdout"}
{"timestamp":"2026-05-08T17:38:22.230781Z","level":"info","event":"       UPDATE  id=2","logger":"task.stdout"}
{"timestamp":"2026-05-08T17:38:22.231654Z","level":"info","event":"       UPDATE  id=3","logger":"task.stdout"}
{"timestamp":"2026-05-08T17:38:22.232409Z","level":"info","event":"       UPDATE  id=4","logger":"task.stdout"}
{"timestamp":"2026-05-08T17:38:22.232906Z","level":"info","event":"       UPDATE  id=5","logger":"task.stdout"}
{"timestamp":"2026-05-08T17:38:22.233480Z","level":"info","event":"       UPDATE  id=6","logger":"task.stdout"}
{"timestamp":"2026-05-08T17:38:22.233957Z","level":"info","event":"       UPDATE  id=7","logger":"task.stdout"}
{"timestamp":"2026-05-08T17:38:22.234398Z","level":"info","event":"       UPDATE  id=8","logger":"task.stdout"}
{"timestamp":"2026-05-08T17:38:22.235793Z","level":"info","event":"       UPDATE  id=9","logger":"task.stdout"}
{"timestamp":"2026-05-08T17:38:22.236311Z","level":"info","event":"       UPDATE  id=10","logger":"task.stdout"}
{"timestamp":"2026-05-08T17:38:22.236903Z","level":"info","event":"       UPDATE  id=11","logger":"task.stdout"}
{"timestamp":"2026-05-08T17:38:22.237662Z","level":"info","event":"       UPDATE  id=12","logger":"task.stdout"}
{"timestamp":"2026-05-08T17:38:22.238661Z","level":"info","event":"       UPDATE  id=13","logger":"task.stdout"}
{"timestamp":"2026-05-08T17:38:22.239505Z","level":"info","event":"       UPDATE  id=14","logger":"task.stdout"}
{"timestamp":"2026-05-08T17:38:22.239975Z","level":"info","event":"       UPDATE  id=15","logger":"task.stdout"}
{"timestamp":"2026-05-08T17:38:22.240506Z","level":"info","event":"       UPDATE  id=16","logger":"task.stdout"}
{"timestamp":"2026-05-08T17:38:22.241830Z","level":"info","event":"       UPDATE  id=17","logger":"task.stdout"}
{"timestamp":"2026-05-08T17:38:22.242517Z","level":"info","event":"[INFO] result.csv updated — total 20 rows.","logger":"task.stdout"}
{"timestamp":"2026-05-08T17:38:22.210928Z","level":"info","event":"Done. Returned value was: None","logger":"airflow.task.operators.airflow.providers.standard.operators.python.PythonOperator","filename":"python.py","lineno":229}
{"timestamp":"2026-05-08T17:38:22.308467Z","level":"info","event":"Task instance in success state","logger":"task.stdout"}
{"timestamp":"2026-05-08T17:38:22.312774Z","level":"info","event":" Previous state of the Task instance: TaskInstanceState.RUNNING","logger":"task.stdout"}
{"timestamp":"2026-05-08T17:38:22.313483Z","level":"info","event":"Task operator:<Task(PythonOperator): process_partition>","logger":"task.stdout"}
{"timestamp":"2026-05-11T16:47:26.798185Z","level":"info","event":"DAG bundles loaded: dags-folder, example_dags","logger":"airflow.dag_processing.bundles.manager.DagBundlesManager","filename":"manager.py","lineno":209}
{"timestamp":"2026-05-11T16:47:26.799902Z","level":"info","event":"Filling up the DagBag from /opt/airflow/dags/__pycache__/csv_upsert_pipeline.py","logger":"airflow.dag_processing.dagbag.BundleDagBag","filename":"dagbag.py","lineno":469}
{"timestamp":"2026-05-11T16:47:26.819233Z","level":"warning","event":"airflow.exceptions.AirflowSkipException is deprecated and will be removed in a future version. Use airflow.sdk.exceptions.AirflowSkipException instead.","category":"UserWarning","filename":"/opt/airflow/dags/__pycache__/csv_upsert_pipeline.py","lineno":7,"logger":"py.warnings"}
{"timestamp":"2026-05-11T16:47:26.893735Z","level":"info","event":"Task instance is in running state","logger":"task.stdout"}
{"timestamp":"2026-05-11T16:47:26.894322Z","level":"info","event":" Previous state of the Task instance: TaskInstanceState.QUEUED","logger":"task.stdout"}
{"timestamp":"2026-05-11T16:47:26.894614Z","level":"info","event":"Current task name:process_partition","logger":"task.stdout"}
{"timestamp":"2026-05-11T16:47:26.895003Z","level":"info","event":"Dag name:csv_upsert_pipeline","logger":"task.stdout"}
{"timestamp":"2026-05-11T16:47:26.899495Z","level":"info","event":"[INFO] data_interval_start : 2026-05-05 07:00:00+00:00","logger":"task.stdout"}
{"timestamp":"2026-05-11T16:47:26.900036Z","level":"info","event":"[INFO] data_interval_end   : 2026-05-05 07:00:00+00:00","logger":"task.stdout"}
{"timestamp":"2026-05-11T16:47:26.900465Z","level":"info","event":"[INFO] Processing partition: /data/time_stamp=2026-05-05-07","logger":"task.stdout"}
{"timestamp":"2026-05-11T16:47:26.901371Z","level":"info","event":"[INFO] Sorted files: ['data_1.csv']","logger":"task.stdout"}
{"timestamp":"2026-05-11T16:47:26.903162Z","level":"info","event":"[INFO] Read data_1.csv  (index=1)","logger":"task.stdout"}
{"timestamp":"2026-05-11T16:47:26.903757Z","level":"info","event":"[INFO] Resolved 17 unique IDs for this run:","logger":"task.stdout"}
{"timestamp":"2026-05-11T16:47:26.906054Z","level":"info","event":"       id=1 → {'id': '1', 'name': 'Charlie', 'age': '32', 'department': 'Marketing', 'salary': '101963.09', 'working_hours': '27.5'}","logger":"task.stdout"}
{"timestamp":"2026-05-11T16:47:26.907090Z","level":"info","event":"       id=2 → {'id': '2', 'name': 'Alice', 'age': '38', 'department': 'Engineering', 'salary': '94013.13', 'working_hours': '30.0'}","logger":"task.stdout"}
{"timestamp":"2026-05-11T16:47:26.907518Z","level":"info","event":"       id=3 → {'id': '3', 'name': 'Diana', 'age': '37', 'department': 'HR', 'salary': '30142.7', 'working_hours': '22.0'}","logger":"task.stdout"}
{"timestamp":"2026-05-11T16:47:26.912731Z","level":"info","event":"       id=4 → {'id': '4', 'name': 'Alice', 'age': '53', 'department': 'Engineering', 'salary': '69322.37', 'working_hours': '36.8'}","logger":"task.stdout"}
{"timestamp":"2026-05-11T16:47:26.914477Z","level":"info","event":"       id=5 → {'id': '5', 'name': 'Ivy', 'age': '43', 'department': 'HR', 'salary': '108514.33', 'working_hours': '45.0'}","logger":"task.stdout"}
{"timestamp":"2026-05-11T16:47:26.914947Z","level":"info","event":"       id=6 → {'id': '6', 'name': 'Charlie', 'age': '57', 'department': 'Marketing', 'salary': '81113.76', 'working_hours': '38.9'}","logger":"task.stdout"}
{"timestamp":"2026-05-11T16:47:26.915688Z","level":"info","event":"       id=7 → {'id': '7', 'name': 'Alice', 'age': '39', 'department': 'Engineering', 'salary': '102655.24', 'working_hours': '32.9'}","logger":"task.stdout"}
{"timestamp":"2026-05-11T16:47:26.916718Z","level":"info","event":"       id=8 → {'id': '8', 'name': 'Bob', 'age': '60', 'department': 'Marketing', 'salary': '96846.22', 'working_hours': '27.4'}","logger":"task.stdout"}
{"timestamp":"2026-05-11T16:47:26.917261Z","level":"info","event":"       id=9 → {'id': '9', 'name': 'Grace', 'age': '42', 'department': 'Marketing', 'salary': '86718.57', 'working_hours': '53.9'}","logger":"task.stdout"}
{"timestamp":"2026-05-11T16:47:26.919480Z","level":"info","event":"       id=10 → {'id': '10', 'name': 'Hank', 'age': '41', 'department': 'Operations', 'salary': '64910.38', 'working_hours': '59.0'}","logger":"task.stdout"}
{"timestamp":"2026-05-11T16:47:26.920007Z","level":"info","event":"       id=11 → {'id': '11', 'name': 'Frank', 'age': '30', 'department': 'Marketing', 'salary': '59516.22', 'working_hours': '47.7'}","logger":"task.stdout"}
{"timestamp":"2026-05-11T16:47:26.920456Z","level":"info","event":"       id=12 → {'id': '12', 'name': 'Jack', 'age': '45', 'department': 'HR', 'salary': '119609.01', 'working_hours': '42.8'}","logger":"task.stdout"}
{"timestamp":"2026-05-11T16:47:26.920992Z","level":"info","event":"       id=13 → {'id': '13', 'name': 'Eve', 'age': '57', 'department': 'Sales', 'salary': '88941.76', 'working_hours': '26.8'}","logger":"task.stdout"}
{"timestamp":"2026-05-11T16:47:26.921359Z","level":"info","event":"       id=14 → {'id': '14', 'name': 'Diana', 'age': '36', 'department': 'Finance', 'salary': '64224.67', 'working_hours': '44.2'}","logger":"task.stdout"}
{"timestamp":"2026-05-11T16:47:26.921771Z","level":"info","event":"       id=15 → {'id': '15', 'name': 'Bob', 'age': '50', 'department': 'Marketing', 'salary': '119432.09', 'working_hours': '39.4'}","logger":"task.stdout"}
{"timestamp":"2026-05-11T16:47:26.922136Z","level":"info","event":"       id=16 → {'id': '16', 'name': 'Jack', 'age': '53', 'department': 'Marketing', 'salary': '72877.56', 'working_hours': '48.3'}","logger":"task.stdout"}
{"timestamp":"2026-05-11T16:47:26.926062Z","level":"info","event":"       id=17 → {'id': '17', 'name': 'Grace', 'age': '51', 'department': 'Engineering', 'salary': '82954.52', 'working_hours': '38.7'}","logger":"task.stdout"}
{"timestamp":"2026-05-11T16:47:26.926974Z","level":"info","event":"[INFO] result.csv found — upsert.","logger":"task.stdout"}
{"timestamp":"2026-05-11T16:47:26.927511Z","level":"info","event":"[INFO] In existing result.csv 20 rows.","logger":"task.stdout"}
{"timestamp":"2026-05-11T16:47:26.928030Z","level":"info","event":"       UPDATE  id=1","logger":"task.stdout"}
{"timestamp":"2026-05-11T16:47:26.928387Z","level":"info","event":"       UPDATE  id=2","logger":"task.stdout"}
{"timestamp":"2026-05-11T16:47:26.928698Z","level":"info","event":"       UPDATE  id=3","logger":"task.stdout"}
{"timestamp":"2026-05-11T16:47:26.929266Z","level":"info","event":"       UPDATE  id=4","logger":"task.stdout"}
{"timestamp":"2026-05-11T16:47:26.929595Z","level":"info","event":"       UPDATE  id=5","logger":"task.stdout"}
{"timestamp":"2026-05-11T16:47:26.929934Z","level":"info","event":"       UPDATE  id=6","logger":"task.stdout"}
{"timestamp":"2026-05-11T16:47:26.930289Z","level":"info","event":"       UPDATE  id=7","logger":"task.stdout"}
{"timestamp":"2026-05-11T16:47:26.930630Z","level":"info","event":"       UPDATE  id=8","logger":"task.stdout"}
{"timestamp":"2026-05-11T16:47:26.931036Z","level":"info","event":"       UPDATE  id=9","logger":"task.stdout"}
{"timestamp":"2026-05-11T16:47:26.931369Z","level":"info","event":"       UPDATE  id=10","logger":"task.stdout"}
{"timestamp":"2026-05-11T16:47:26.932995Z","level":"info","event":"       UPDATE  id=11","logger":"task.stdout"}
{"timestamp":"2026-05-11T16:47:26.934387Z","level":"info","event":"       UPDATE  id=12","logger":"task.stdout"}
{"timestamp":"2026-05-11T16:47:26.937145Z","level":"info","event":"       UPDATE  id=13","logger":"task.stdout"}
{"timestamp":"2026-05-11T16:47:26.938243Z","level":"info","event":"       UPDATE  id=14","logger":"task.stdout"}
{"timestamp":"2026-05-11T16:47:26.938718Z","level":"info","event":"       UPDATE  id=15","logger":"task.stdout"}
{"timestamp":"2026-05-11T16:47:26.939345Z","level":"info","event":"       UPDATE  id=16","logger":"task.stdout"}
{"timestamp":"2026-05-11T16:47:26.940079Z","level":"info","event":"       UPDATE  id=17","logger":"task.stdout"}
{"timestamp":"2026-05-11T16:47:26.940916Z","level":"info","event":"[INFO] result.csv updated — total 20 rows.","logger":"task.stdout"}
{"timestamp":"2026-05-11T16:47:26.913498Z","level":"info","event":"Done. Returned value was: None","logger":"airflow.task.operators.airflow.providers.standard.operators.python.PythonOperator","filename":"python.py","lineno":229}
{"timestamp":"2026-05-11T16:47:26.997130Z","level":"info","event":"Task instance in success state","logger":"task.stdout"}
{"timestamp":"2026-05-11T16:47:26.998380Z","level":"info","event":" Previous state of the Task instance: TaskInstanceState.RUNNING","logger":"task.stdout"}
{"timestamp":"2026-05-11T16:47:26.999649Z","level":"info","event":"Task operator:<Task(PythonOperator): process_partition>","logger":"task.stdout"}
{"timestamp":"2026-05-11T17:18:10.028952Z","level":"info","event":"DAG bundles loaded: dags-folder, example_dags","logger":"airflow.dag_processing.bundles.manager.DagBundlesManager","filename":"manager.py","lineno":209}
{"timestamp":"2026-05-11T17:18:10.031110Z","level":"info","event":"Filling up the DagBag from /opt/airflow/dags/__pycache__/csv_upsert_pipeline.py","logger":"airflow.dag_processing.dagbag.BundleDagBag","filename":"dagbag.py","lineno":469}
{"timestamp":"2026-05-11T17:18:10.054934Z","level":"warning","event":"airflow.exceptions.AirflowSkipException is deprecated and will be removed in a future version. Use airflow.sdk.exceptions.AirflowSkipException instead.","category":"UserWarning","filename":"/opt/airflow/dags/__pycache__/csv_upsert_pipeline.py","lineno":7,"logger":"py.warnings"}
{"timestamp":"2026-05-11T17:18:10.257333Z","level":"info","event":"Task instance is in running state","logger":"task.stdout"}
{"timestamp":"2026-05-11T17:18:10.257930Z","level":"info","event":" Previous state of the Task instance: TaskInstanceState.QUEUED","logger":"task.stdout"}
{"timestamp":"2026-05-11T17:18:10.258437Z","level":"info","event":"Current task name:process_partition","logger":"task.stdout"}
{"timestamp":"2026-05-11T17:18:10.258781Z","level":"info","event":"Dag name:csv_upsert_pipeline","logger":"task.stdout"}
{"timestamp":"2026-05-11T17:18:10.263236Z","level":"info","event":"[INFO] data_interval_start : 2026-05-05 07:00:00+00:00","logger":"task.stdout"}
{"timestamp":"2026-05-11T17:18:10.263909Z","level":"info","event":"[INFO] data_interval_end   : 2026-05-05 07:00:00+00:00","logger":"task.stdout"}
{"timestamp":"2026-05-11T17:18:10.264480Z","level":"info","event":"[INFO] Processing partition: /data/time_stamp=2026-05-05-07","logger":"task.stdout"}
{"timestamp":"2026-05-11T17:18:10.265575Z","level":"info","event":"[INFO] Sorted files: ['data_1.csv']","logger":"task.stdout"}
{"timestamp":"2026-05-11T17:18:10.268303Z","level":"info","event":"[INFO] Read data_1.csv  (index=1)","logger":"task.stdout"}
{"timestamp":"2026-05-11T17:18:10.269445Z","level":"info","event":"[INFO] Resolved 17 unique IDs for this run:","logger":"task.stdout"}
{"timestamp":"2026-05-11T17:18:10.270218Z","level":"info","event":"       id=1 → {'id': '1', 'name': 'Charlie', 'age': '32', 'department': 'Marketing', 'salary': '101963.09', 'working_hours': '27.5'}","logger":"task.stdout"}
{"timestamp":"2026-05-11T17:18:10.270721Z","level":"info","event":"       id=2 → {'id': '2', 'name': 'Alice', 'age': '38', 'department': 'Engineering', 'salary': '94013.13', 'working_hours': '30.0'}","logger":"task.stdout"}
{"timestamp":"2026-05-11T17:18:10.272228Z","level":"info","event":"       id=3 → {'id': '3', 'name': 'Diana', 'age': '37', 'department': 'HR', 'salary': '30142.7', 'working_hours': '22.0'}","logger":"task.stdout"}
{"timestamp":"2026-05-11T17:18:10.272842Z","level":"info","event":"       id=4 → {'id': '4', 'name': 'Alice', 'age': '53', 'department': 'Engineering', 'salary': '69322.37', 'working_hours': '36.8'}","logger":"task.stdout"}
{"timestamp":"2026-05-11T17:18:10.274022Z","level":"info","event":"       id=5 → {'id': '5', 'name': 'Ivy', 'age': '43', 'department': 'HR', 'salary': '108514.33', 'working_hours': '45.0'}","logger":"task.stdout"}
{"timestamp":"2026-05-11T17:18:10.274483Z","level":"info","event":"       id=6 → {'id': '6', 'name': 'Charlie', 'age': '57', 'department': 'Marketing', 'salary': '81113.76', 'working_hours': '38.9'}","logger":"task.stdout"}
{"timestamp":"2026-05-11T17:18:10.275164Z","level":"info","event":"       id=7 → {'id': '7', 'name': 'Alice', 'age': '39', 'department': 'Engineering', 'salary': '102655.24', 'working_hours': '32.9'}","logger":"task.stdout"}
{"timestamp":"2026-05-11T17:18:10.276012Z","level":"info","event":"       id=8 → {'id': '8', 'name': 'Bob', 'age': '60', 'department': 'Marketing', 'salary': '96846.22', 'working_hours': '27.4'}","logger":"task.stdout"}
{"timestamp":"2026-05-11T17:18:10.276671Z","level":"info","event":"       id=9 → {'id': '9', 'name': 'Grace', 'age': '42', 'department': 'Marketing', 'salary': '86718.57', 'working_hours': '53.9'}","logger":"task.stdout"}
{"timestamp":"2026-05-11T17:18:10.277338Z","level":"info","event":"       id=10 → {'id': '10', 'name': 'Hank', 'age': '41', 'department': 'Operations', 'salary': '64910.38', 'working_hours': '59.0'}","logger":"task.stdout"}
{"timestamp":"2026-05-11T17:18:10.277776Z","level":"info","event":"       id=11 → {'id': '11', 'name': 'Frank', 'age': '30', 'department': 'Marketing', 'salary': '59516.22', 'working_hours': '47.7'}","logger":"task.stdout"}
{"timestamp":"2026-05-11T17:18:10.278286Z","level":"info","event":"       id=12 → {'id': '12', 'name': 'Jack', 'age': '45', 'department': 'HR', 'salary': '119609.01', 'working_hours': '42.8'}","logger":"task.stdout"}
{"timestamp":"2026-05-11T17:18:10.278692Z","level":"info","event":"       id=13 → {'id': '13', 'name': 'Eve', 'age': '57', 'department': 'Sales', 'salary': '88941.76', 'working_hours': '26.8'}","logger":"task.stdout"}
{"timestamp":"2026-05-11T17:18:10.279209Z","level":"info","event":"       id=14 → {'id': '14', 'name': 'Diana', 'age': '36', 'department': 'Finance', 'salary': '64224.67', 'working_hours': '44.2'}","logger":"task.stdout"}
{"timestamp":"2026-05-11T17:18:10.279623Z","level":"info","event":"       id=15 → {'id': '15', 'name': 'Bob', 'age': '50', 'department': 'Marketing', 'salary': '119432.09', 'working_hours': '39.4'}","logger":"task.stdout"}
{"timestamp":"2026-05-11T17:18:10.280102Z","level":"info","event":"       id=16 → {'id': '16', 'name': 'Jack', 'age': '53', 'department': 'Marketing', 'salary': '72877.56', 'working_hours': '48.3'}","logger":"task.stdout"}
{"timestamp":"2026-05-11T17:18:10.280520Z","level":"info","event":"       id=17 → {'id': '17', 'name': 'Grace', 'age': '51', 'department': 'Engineering', 'salary': '82954.52', 'working_hours': '38.7'}","logger":"task.stdout"}
{"timestamp":"2026-05-11T17:18:10.281171Z","level":"info","event":"[INFO] result.csv found — upsert.","logger":"task.stdout"}
{"timestamp":"2026-05-11T17:18:10.281604Z","level":"info","event":"[INFO] In existing result.csv 20 rows.","logger":"task.stdout"}
{"timestamp":"2026-05-11T17:18:10.282105Z","level":"info","event":"       UPDATE  id=1","logger":"task.stdout"}
{"timestamp":"2026-05-11T17:18:10.282485Z","level":"info","event":"       UPDATE  id=2","logger":"task.stdout"}
{"timestamp":"2026-05-11T17:18:10.282955Z","level":"info","event":"       UPDATE  id=3","logger":"task.stdout"}
{"timestamp":"2026-05-11T17:18:10.283383Z","level":"info","event":"       UPDATE  id=4","logger":"task.stdout"}
{"timestamp":"2026-05-11T17:18:10.283787Z","level":"info","event":"       UPDATE  id=5","logger":"task.stdout"}
{"timestamp":"2026-05-11T17:18:10.284508Z","level":"info","event":"       UPDATE  id=6","logger":"task.stdout"}
{"timestamp":"2026-05-11T17:18:10.285180Z","level":"info","event":"       UPDATE  id=7","logger":"task.stdout"}
{"timestamp":"2026-05-11T17:18:10.285573Z","level":"info","event":"       UPDATE  id=8","logger":"task.stdout"}
{"timestamp":"2026-05-11T17:18:10.286046Z","level":"info","event":"       UPDATE  id=9","logger":"task.stdout"}
{"timestamp":"2026-05-11T17:18:10.286408Z","level":"info","event":"       UPDATE  id=10","logger":"task.stdout"}
{"timestamp":"2026-05-11T17:18:10.286772Z","level":"info","event":"       UPDATE  id=11","logger":"task.stdout"}
{"timestamp":"2026-05-11T17:18:10.287245Z","level":"info","event":"       UPDATE  id=12","logger":"task.stdout"}
{"timestamp":"2026-05-11T17:18:10.287591Z","level":"info","event":"       UPDATE  id=13","logger":"task.stdout"}
{"timestamp":"2026-05-11T17:18:10.288088Z","level":"info","event":"       UPDATE  id=14","logger":"task.stdout"}
{"timestamp":"2026-05-11T17:18:10.288444Z","level":"info","event":"       UPDATE  id=15","logger":"task.stdout"}
{"timestamp":"2026-05-11T17:18:10.288812Z","level":"info","event":"       UPDATE  id=16","logger":"task.stdout"}
{"timestamp":"2026-05-11T17:18:10.289250Z","level":"info","event":"       UPDATE  id=17","logger":"task.stdout"}
{"timestamp":"2026-05-11T17:18:10.289622Z","level":"info","event":"[INFO] result.csv updated — total 20 rows.","logger":"task.stdout"}
{"timestamp":"2026-05-11T17:18:10.275419Z","level":"info","event":"Done. Returned value was: None","logger":"airflow.task.operators.airflow.providers.standard.operators.python.PythonOperator","filename":"python.py","lineno":229}
{"timestamp":"2026-05-11T17:18:10.494243Z","level":"info","event":"Task instance in success state","logger":"task.stdout"}
{"timestamp":"2026-05-11T17:18:10.494795Z","level":"info","event":" Previous state of the Task instance: TaskInstanceState.RUNNING","logger":"task.stdout"}
{"timestamp":"2026-05-11T17:18:10.495460Z","level":"info","event":"Task operator:<Task(PythonOperator): process_partition>","logger":"task.stdout"}
