{"timestamp":"2026-05-08T17:37:41.719376Z","level":"info","event":"DAG bundles loaded: dags-folder, example_dags","logger":"airflow.dag_processing.bundles.manager.DagBundlesManager","filename":"manager.py","lineno":209}
{"timestamp":"2026-05-08T17:37:41.721829Z","level":"info","event":"Filling up the DagBag from /opt/airflow/dags/csv_upsert_pipeline.py","logger":"airflow.dag_processing.dagbag.BundleDagBag","filename":"dagbag.py","lineno":469}
{"timestamp":"2026-05-08T17:37:41.735180Z","level":"warning","event":"airflow.exceptions.AirflowSkipException is deprecated and will be removed in a future version. Use airflow.sdk.exceptions.AirflowSkipException instead.","category":"UserWarning","filename":"/opt/airflow/dags/csv_upsert_pipeline.py","lineno":7,"logger":"py.warnings"}
{"timestamp":"2026-05-08T17:37:41.873398Z","level":"info","event":"Task instance is in running state","logger":"task.stdout"}
{"timestamp":"2026-05-08T17:37:41.878150Z","level":"info","event":" Previous state of the Task instance: TaskInstanceState.QUEUED","logger":"task.stdout"}
{"timestamp":"2026-05-08T17:37:41.882282Z","level":"info","event":"Current task name:process_partition","logger":"task.stdout"}
{"timestamp":"2026-05-08T17:37:41.886015Z","level":"info","event":"Dag name:csv_upsert_pipeline","logger":"task.stdout"}
{"timestamp":"2026-05-08T17:37:41.887420Z","level":"info","event":"[INFO] data_interval_start : 2026-05-02 08:00:00+00:00","logger":"task.stdout"}
{"timestamp":"2026-05-08T17:37:41.888059Z","level":"info","event":"[INFO] data_interval_end   : 2026-05-02 08:00:00+00:00","logger":"task.stdout"}
{"timestamp":"2026-05-08T17:37:41.888568Z","level":"info","event":"[INFO] Processing partition: /data/time_stamp=2026-05-02-08","logger":"task.stdout"}
{"timestamp":"2026-05-08T17:37:41.889264Z","level":"info","event":"[INFO] Sorted files: ['data_1.csv']","logger":"task.stdout"}
{"timestamp":"2026-05-08T17:37:41.892535Z","level":"info","event":"[INFO] Read data_1.csv  (index=1)","logger":"task.stdout"}
{"timestamp":"2026-05-08T17:37:41.897815Z","level":"info","event":"[INFO] Resolved 6 unique IDs for this run:","logger":"task.stdout"}
{"timestamp":"2026-05-08T17:37:41.899365Z","level":"info","event":"       id=1 → {'id': '1', 'name': 'Grace', 'age': '28', 'department': 'Marketing', 'salary': '102309.66', 'working_hours': '28.1'}","logger":"task.stdout"}
{"timestamp":"2026-05-08T17:37:41.902929Z","level":"info","event":"       id=2 → {'id': '2', 'name': 'Frank', 'age': '38', 'department': 'Sales', 'salary': '69382.6', 'working_hours': '57.8'}","logger":"task.stdout"}
{"timestamp":"2026-05-08T17:37:41.903469Z","level":"info","event":"       id=3 → {'id': '3', 'name': 'Jack', 'age': '33', 'department': 'Finance', 'salary': '56725.53', 'working_hours': '31.8'}","logger":"task.stdout"}
{"timestamp":"2026-05-08T17:37:41.904348Z","level":"info","event":"       id=4 → {'id': '4', 'name': 'Charlie', 'age': '53', 'department': 'Marketing', 'salary': '85850.06', 'working_hours': '27.2'}","logger":"task.stdout"}
{"timestamp":"2026-05-08T17:37:41.904935Z","level":"info","event":"       id=5 → {'id': '5', 'name': 'Diana', 'age': '44', 'department': 'Operations', 'salary': '102381.78', 'working_hours': '23.5'}","logger":"task.stdout"}
{"timestamp":"2026-05-08T17:37:41.906996Z","level":"info","event":"       id=6 → {'id': '6', 'name': 'Grace', 'age': '26', 'department': 'Sales', 'salary': '35641.95', 'working_hours': '57.5'}","logger":"task.stdout"}
{"timestamp":"2026-05-08T17:37:41.908947Z","level":"info","event":"[INFO] result.csv mil gayi — upsert karte hain.","logger":"task.stdout"}
{"timestamp":"2026-05-08T17:37:41.910354Z","level":"info","event":"[INFO] Existing result.csv mein 20 rows hain.","logger":"task.stdout"}
{"timestamp":"2026-05-08T17:37:41.912283Z","level":"info","event":"       UPDATE  id=1","logger":"task.stdout"}
{"timestamp":"2026-05-08T17:37:41.913818Z","level":"info","event":"       UPDATE  id=2","logger":"task.stdout"}
{"timestamp":"2026-05-08T17:37:41.914523Z","level":"info","event":"       UPDATE  id=3","logger":"task.stdout"}
{"timestamp":"2026-05-08T17:37:41.917622Z","level":"info","event":"       UPDATE  id=4","logger":"task.stdout"}
{"timestamp":"2026-05-08T17:37:41.918270Z","level":"info","event":"       UPDATE  id=5","logger":"task.stdout"}
{"timestamp":"2026-05-08T17:37:41.918967Z","level":"info","event":"       UPDATE  id=6","logger":"task.stdout"}
{"timestamp":"2026-05-08T17:37:41.919447Z","level":"info","event":"[INFO] result.csv updated — total 20 rows.","logger":"task.stdout"}
{"timestamp":"2026-05-08T17:37:41.905437Z","level":"info","event":"Done. Returned value was: None","logger":"airflow.task.operators.airflow.providers.standard.operators.python.PythonOperator","filename":"python.py","lineno":229}
{"timestamp":"2026-05-08T17:37:42.011303Z","level":"info","event":"Task instance in success state","logger":"task.stdout"}
{"timestamp":"2026-05-08T17:37:42.013307Z","level":"info","event":" Previous state of the Task instance: TaskInstanceState.RUNNING","logger":"task.stdout"}
{"timestamp":"2026-05-08T17:37:42.014403Z","level":"info","event":"Task operator:<Task(PythonOperator): process_partition>","logger":"task.stdout"}
{"timestamp":"2026-05-11T16:46:44.301305Z","level":"info","event":"DAG bundles loaded: dags-folder, example_dags","logger":"airflow.dag_processing.bundles.manager.DagBundlesManager","filename":"manager.py","lineno":209}
{"timestamp":"2026-05-11T16:46:44.305216Z","level":"info","event":"Filling up the DagBag from /opt/airflow/dags/csv_upsert_pipeline.py","logger":"airflow.dag_processing.dagbag.BundleDagBag","filename":"dagbag.py","lineno":469}
{"timestamp":"2026-05-11T16:46:44.548758Z","level":"info","event":"Task instance is in running state","logger":"task.stdout"}
{"timestamp":"2026-05-11T16:46:44.551631Z","level":"info","event":" Previous state of the Task instance: TaskInstanceState.QUEUED","logger":"task.stdout"}
{"timestamp":"2026-05-11T16:46:44.552398Z","level":"info","event":"Current task name:process_partition","logger":"task.stdout"}
{"timestamp":"2026-05-11T16:46:44.552915Z","level":"info","event":"Dag name:csv_upsert_pipeline","logger":"task.stdout"}
{"timestamp":"2026-05-11T16:46:44.553660Z","level":"info","event":"[INFO] data_interval_start : 2026-05-02 08:00:00+00:00","logger":"task.stdout"}
{"timestamp":"2026-05-11T16:46:44.554093Z","level":"info","event":"[INFO] data_interval_end   : 2026-05-02 08:00:00+00:00","logger":"task.stdout"}
{"timestamp":"2026-05-11T16:46:44.554666Z","level":"info","event":"[INFO] Processing partition: /data/time_stamp=2026-05-02-08","logger":"task.stdout"}
{"timestamp":"2026-05-11T16:46:44.667682Z","level":"error","event":"/home/airflow/.local/lib/python3.13/site-packages/pyspark/bin/load-spark-env.sh: line 68: ps: command not found","logger":"task.stderr"}
{"timestamp":"2026-05-11T16:46:44.668562Z","level":"error","event":"JAVA_HOME is not set","logger":"task.stderr"}
{"timestamp":"2026-05-11T16:46:44.730912Z","level":"error","event":"Task failed with exception","logger":"task","filename":"task_runner.py","lineno":1347,"error_detail":[{"exc_type":"PySparkRuntimeError","exc_value":"[JAVA_GATEWAY_EXITED] Java gateway process exited before sending its port number.","exc_notes":[],"syntax_error":null,"is_cause":false,"frames":[{"filename":"/home/airflow/.local/lib/python3.13/site-packages/airflow/sdk/execution_time/task_runner.py","lineno":1263,"name":"run"},{"filename":"/home/airflow/.local/lib/python3.13/site-packages/airflow/sdk/execution_time/task_runner.py","lineno":1678,"name":"_execute_task"},{"filename":"/home/airflow/.local/lib/python3.13/site-packages/airflow/sdk/bases/operator.py","lineno":443,"name":"wrapper"},{"filename":"/home/airflow/.local/lib/python3.13/site-packages/airflow/providers/standard/operators/python.py","lineno":227,"name":"execute"},{"filename":"/home/airflow/.local/lib/python3.13/site-packages/airflow/providers/standard/operators/python.py","lineno":250,"name":"execute_callable"},{"filename":"/home/airflow/.local/lib/python3.13/site-packages/airflow/sdk/execution_time/callback_runner.py","lineno":97,"name":"run"},{"filename":"/opt/airflow/dags/csv_upsert_pipeline.py","lineno":47,"name":"process_partition"},{"filename":"/home/airflow/.local/lib/python3.13/site-packages/pyspark/sql/session.py","lineno":497,"name":"getOrCreate"},{"filename":"/home/airflow/.local/lib/python3.13/site-packages/pyspark/context.py","lineno":515,"name":"getOrCreate"},{"filename":"/home/airflow/.local/lib/python3.13/site-packages/pyspark/context.py","lineno":201,"name":"__init__"},{"filename":"/home/airflow/.local/lib/python3.13/site-packages/pyspark/context.py","lineno":436,"name":"_ensure_initialized"},{"filename":"/home/airflow/.local/lib/python3.13/site-packages/pyspark/java_gateway.py","lineno":107,"name":"launch_gateway"}],"is_group":false,"exceptions":[]}]}
{"timestamp":"2026-05-11T16:46:44.737214Z","level":"info","event":"Task instance in failure state","logger":"task.stdout"}
{"timestamp":"2026-05-11T16:46:44.741184Z","level":"info","event":"Task start","logger":"task.stdout"}
{"timestamp":"2026-05-11T16:46:44.744455Z","level":"info","event":"Task:<Task(PythonOperator): process_partition>","logger":"task.stdout"}
{"timestamp":"2026-05-11T16:46:44.745019Z","level":"info","event":"Failure caused by [JAVA_GATEWAY_EXITED] Java gateway process exited before sending its port number.","logger":"task.stdout"}
{"timestamp":"2026-05-11T17:17:20.719312Z","level":"info","event":"DAG bundles loaded: dags-folder, example_dags","logger":"airflow.dag_processing.bundles.manager.DagBundlesManager","filename":"manager.py","lineno":209}
{"timestamp":"2026-05-11T17:17:20.721369Z","level":"info","event":"Filling up the DagBag from /opt/airflow/dags/__pycache__/csv_upsert_pipeline.py","logger":"airflow.dag_processing.dagbag.BundleDagBag","filename":"dagbag.py","lineno":469}
{"timestamp":"2026-05-11T17:17:20.732623Z","level":"warning","event":"airflow.exceptions.AirflowSkipException is deprecated and will be removed in a future version. Use airflow.sdk.exceptions.AirflowSkipException instead.","category":"UserWarning","filename":"/opt/airflow/dags/__pycache__/csv_upsert_pipeline.py","lineno":7,"logger":"py.warnings"}
{"timestamp":"2026-05-11T17:17:20.781776Z","level":"info","event":"Task instance is in running state","logger":"task.stdout"}
{"timestamp":"2026-05-11T17:17:20.782303Z","level":"info","event":" Previous state of the Task instance: TaskInstanceState.QUEUED","logger":"task.stdout"}
{"timestamp":"2026-05-11T17:17:20.783753Z","level":"info","event":"Current task name:process_partition","logger":"task.stdout"}
{"timestamp":"2026-05-11T17:17:20.784755Z","level":"info","event":"Dag name:csv_upsert_pipeline","logger":"task.stdout"}
{"timestamp":"2026-05-11T17:17:20.787557Z","level":"info","event":"[INFO] data_interval_start : 2026-05-02 08:00:00+00:00","logger":"task.stdout"}
{"timestamp":"2026-05-11T17:17:20.788248Z","level":"info","event":"[INFO] data_interval_end   : 2026-05-02 08:00:00+00:00","logger":"task.stdout"}
{"timestamp":"2026-05-11T17:17:20.789034Z","level":"info","event":"[INFO] Processing partition: /data/time_stamp=2026-05-02-08","logger":"task.stdout"}
{"timestamp":"2026-05-11T17:17:20.789604Z","level":"info","event":"[INFO] Sorted files: ['data_1.csv']","logger":"task.stdout"}
{"timestamp":"2026-05-11T17:17:20.791480Z","level":"info","event":"[INFO] Read data_1.csv  (index=1)","logger":"task.stdout"}
{"timestamp":"2026-05-11T17:17:20.792118Z","level":"info","event":"[INFO] Resolved 6 unique IDs for this run:","logger":"task.stdout"}
{"timestamp":"2026-05-11T17:17:20.792796Z","level":"info","event":"       id=1 → {'id': '1', 'name': 'Grace', 'age': '28', 'department': 'Marketing', 'salary': '102309.66', 'working_hours': '28.1'}","logger":"task.stdout"}
{"timestamp":"2026-05-11T17:17:20.793250Z","level":"info","event":"       id=2 → {'id': '2', 'name': 'Frank', 'age': '38', 'department': 'Sales', 'salary': '69382.6', 'working_hours': '57.8'}","logger":"task.stdout"}
{"timestamp":"2026-05-11T17:17:20.793692Z","level":"info","event":"       id=3 → {'id': '3', 'name': 'Jack', 'age': '33', 'department': 'Finance', 'salary': '56725.53', 'working_hours': '31.8'}","logger":"task.stdout"}
{"timestamp":"2026-05-11T17:17:20.794776Z","level":"info","event":"       id=4 → {'id': '4', 'name': 'Charlie', 'age': '53', 'department': 'Marketing', 'salary': '85850.06', 'working_hours': '27.2'}","logger":"task.stdout"}
{"timestamp":"2026-05-11T17:17:20.795243Z","level":"info","event":"       id=5 → {'id': '5', 'name': 'Diana', 'age': '44', 'department': 'Operations', 'salary': '102381.78', 'working_hours': '23.5'}","logger":"task.stdout"}
{"timestamp":"2026-05-11T17:17:20.795748Z","level":"info","event":"       id=6 → {'id': '6', 'name': 'Grace', 'age': '26', 'department': 'Sales', 'salary': '35641.95', 'working_hours': '57.5'}","logger":"task.stdout"}
{"timestamp":"2026-05-11T17:17:20.796208Z","level":"info","event":"[INFO] result.csv found — upsert.","logger":"task.stdout"}
{"timestamp":"2026-05-11T17:17:20.796670Z","level":"info","event":"[INFO] In existing result.csv 20 rows.","logger":"task.stdout"}
{"timestamp":"2026-05-11T17:17:20.797113Z","level":"info","event":"       UPDATE  id=1","logger":"task.stdout"}
{"timestamp":"2026-05-11T17:17:20.797527Z","level":"info","event":"       UPDATE  id=2","logger":"task.stdout"}
{"timestamp":"2026-05-11T17:17:20.798227Z","level":"info","event":"       UPDATE  id=3","logger":"task.stdout"}
{"timestamp":"2026-05-11T17:17:20.798674Z","level":"info","event":"       UPDATE  id=4","logger":"task.stdout"}
{"timestamp":"2026-05-11T17:17:20.799119Z","level":"info","event":"       UPDATE  id=5","logger":"task.stdout"}
{"timestamp":"2026-05-11T17:17:20.800270Z","level":"info","event":"       UPDATE  id=6","logger":"task.stdout"}
{"timestamp":"2026-05-11T17:17:20.801302Z","level":"info","event":"[INFO] result.csv updated — total 20 rows.","logger":"task.stdout"}
{"timestamp":"2026-05-11T17:17:20.795883Z","level":"info","event":"Done. Returned value was: None","logger":"airflow.task.operators.airflow.providers.standard.operators.python.PythonOperator","filename":"python.py","lineno":229}
{"timestamp":"2026-05-11T17:17:20.848806Z","level":"info","event":"Task instance in success state","logger":"task.stdout"}
{"timestamp":"2026-05-11T17:17:20.849503Z","level":"info","event":" Previous state of the Task instance: TaskInstanceState.RUNNING","logger":"task.stdout"}
{"timestamp":"2026-05-11T17:17:20.850783Z","level":"info","event":"Task operator:<Task(PythonOperator): process_partition>","logger":"task.stdout"}
