{"timestamp":"2026-05-05T10:31:02.810385Z","level":"info","event":"DAG bundles loaded: dags-folder, example_dags","logger":"airflow.dag_processing.bundles.manager.DagBundlesManager","filename":"manager.py","lineno":209}
{"timestamp":"2026-05-05T10:31:02.812426Z","level":"info","event":"Filling up the DagBag from /opt/airflow/dags/print_interval_dag.py","logger":"airflow.dag_processing.dagbag.BundleDagBag","filename":"dagbag.py","lineno":469}
{"timestamp":"2026-05-05T10:31:02.825739Z","level":"warning","event":"The `airflow.operators.python.PythonOperator` attribute is deprecated. Please use `'airflow.providers.standard.operators.python.PythonOperator'`.","category":"UserWarning","filename":"/opt/airflow/dags/print_interval_dag.py","lineno":2,"logger":"py.warnings"}
{"timestamp":"2026-05-05T10:31:02.891220Z","level":"info","event":"Task instance is in running state","logger":"task.stdout"}
{"timestamp":"2026-05-05T10:31:02.897564Z","level":"info","event":" Previous state of the Task instance: TaskInstanceState.QUEUED","logger":"task.stdout"}
{"timestamp":"2026-05-05T10:31:02.899763Z","level":"info","event":"Current task name:print_interval","logger":"task.stdout"}
{"timestamp":"2026-05-05T10:31:02.900448Z","level":"info","event":"Dag name:print_interval_dag","logger":"task.stdout"}
{"timestamp":"2026-05-05T10:31:02.901676Z","level":"info","event":"Interval Start: 2025-05-28 03:00:00+00:00","logger":"task.stdout"}
{"timestamp":"2026-05-05T10:31:02.902500Z","level":"info","event":"Interval End:   2025-05-28 03:00:00+00:00","logger":"task.stdout"}
{"timestamp":"2026-05-05T10:31:02.902102Z","level":"info","event":"Done. Returned value was: None","logger":"airflow.task.operators.airflow.providers.standard.operators.python.PythonOperator","filename":"python.py","lineno":229}
{"timestamp":"2026-05-05T10:31:02.993956Z","level":"info","event":"Task instance in success state","logger":"task.stdout"}
{"timestamp":"2026-05-05T10:31:02.996408Z","level":"info","event":" Previous state of the Task instance: TaskInstanceState.RUNNING","logger":"task.stdout"}
{"timestamp":"2026-05-05T10:31:02.998967Z","level":"info","event":"Task operator:<Task(PythonOperator): print_interval>","logger":"task.stdout"}
{"timestamp":"2026-05-05T12:26:58.904987Z","level":"info","event":"DAG bundles loaded: dags-folder, example_dags","logger":"airflow.dag_processing.bundles.manager.DagBundlesManager","filename":"manager.py","lineno":209}
{"timestamp":"2026-05-05T12:26:58.907822Z","level":"info","event":"Filling up the DagBag from /opt/airflow/dags/print_interval_dag.py","logger":"airflow.dag_processing.dagbag.BundleDagBag","filename":"dagbag.py","lineno":469}
{"timestamp":"2026-05-05T12:26:58.982567Z","level":"info","event":"Task instance is in running state","logger":"task.stdout"}
{"timestamp":"2026-05-05T12:26:58.983148Z","level":"info","event":" Previous state of the Task instance: TaskInstanceState.QUEUED","logger":"task.stdout"}
{"timestamp":"2026-05-05T12:26:58.985307Z","level":"info","event":"Current task name:print_interval","logger":"task.stdout"}
{"timestamp":"2026-05-05T12:26:58.986243Z","level":"info","event":"Dag name:print_interval_dag","logger":"task.stdout"}
{"timestamp":"2026-05-05T12:26:58.986859Z","level":"info","event":"=== ALL AVAILABLE MACROS ===","logger":"task.stdout"}
{"timestamp":"2026-05-05T12:26:58.987763Z","level":"info","event":"dag: <DAG: print_interval_dag>","logger":"task.stdout"}
{"timestamp":"2026-05-05T12:26:58.988164Z","level":"info","event":"inlets: []","logger":"task.stdout"}
{"timestamp":"2026-05-05T12:26:58.988656Z","level":"info","event":"map_index_template: None","logger":"task.stdout"}
{"timestamp":"2026-05-05T12:26:58.989106Z","level":"info","event":"outlets: []","logger":"task.stdout"}
{"timestamp":"2026-05-05T12:26:58.989621Z","level":"info","event":"run_id: scheduled__2025-05-28T03:00:00+00:00","logger":"task.stdout"}
{"timestamp":"2026-05-05T12:26:58.990093Z","level":"info","event":"task: <Task(PythonOperator): print_interval>","logger":"task.stdout"}
{"timestamp":"2026-05-05T12:26:58.990577Z","level":"info","event":"task_instance: id=UUID('019df81b-12ee-72d6-81b8-0c5efb86766d') task_id='print_interval' dag_id='print_interval_dag' run_id='scheduled__2025-05-28T03:00:00+00:00' try_number=1 dag_version_id=UUID('019df815-a045-750b-bac8-47ced7cc6a45') map_index=-1 hostname='86abe326db93' context_carrier={'traceparent': '00-81504fe120b55d5a57e9aabae32ed839-a1d7ab52805f3db2-01'} task=<Task(PythonOperator): print_interval> bundle_instance=LocalDagBundle(name=dags-folder) max_tries=0 start_date=datetime.datetime(2026, 5, 5, 12, 26, 57, 544398, tzinfo=datetime.timezone.utc) end_date=None state=<TaskInstanceState.RUNNING: 'running'> is_mapped=False rendered_map_index=None sentry_integration=''","logger":"task.stdout"}
{"timestamp":"2026-05-05T12:26:58.991509Z","level":"info","event":"ti: id=UUID('019df81b-12ee-72d6-81b8-0c5efb86766d') task_id='print_interval' dag_id='print_interval_dag' run_id='scheduled__2025-05-28T03:00:00+00:00' try_number=1 dag_version_id=UUID('019df815-a045-750b-bac8-47ced7cc6a45') map_index=-1 hostname='86abe326db93' context_carrier={'traceparent': '00-81504fe120b55d5a57e9aabae32ed839-a1d7ab52805f3db2-01'} task=<Task(PythonOperator): print_interval> bundle_instance=LocalDagBundle(name=dags-folder) max_tries=0 start_date=datetime.datetime(2026, 5, 5, 12, 26, 57, 544398, tzinfo=datetime.timezone.utc) end_date=None state=<TaskInstanceState.RUNNING: 'running'> is_mapped=False rendered_map_index=None sentry_integration=''","logger":"task.stdout"}
{"timestamp":"2026-05-05T12:26:58.991856Z","level":"info","event":"outlet_events: OutletEventAccessors(_dict={})","logger":"task.stdout"}
{"timestamp":"2026-05-05T12:26:58.992217Z","level":"info","event":"inlet_events: InletEventsAccessors(_inlets=[], _assets={}, _asset_aliases={})","logger":"task.stdout"}
{"timestamp":"2026-05-05T12:26:58.992699Z","level":"info","event":"macros: <MacrosAccessor (dynamic access to macros)>","logger":"task.stdout"}
{"timestamp":"2026-05-05T12:26:58.993235Z","level":"info","event":"params: {}","logger":"task.stdout"}
{"timestamp":"2026-05-05T12:26:58.993727Z","level":"info","event":"var: {'json': <VariableAccessor (dynamic access)>, 'value': <VariableAccessor (dynamic access)>}","logger":"task.stdout"}
{"timestamp":"2026-05-05T12:26:58.993998Z","level":"info","event":"conn: <ConnectionAccessor (dynamic access)>","logger":"task.stdout"}
{"timestamp":"2026-05-05T12:26:58.994393Z","level":"info","event":"dag_run: dag_id='print_interval_dag' run_id='scheduled__2025-05-28T03:00:00+00:00' logical_date=datetime.datetime(2025, 5, 28, 3, 0, tzinfo=datetime.timezone.utc) data_interval_start=datetime.datetime(2025, 5, 28, 3, 0, tzinfo=datetime.timezone.utc) data_interval_end=datetime.datetime(2025, 5, 28, 3, 0, tzinfo=datetime.timezone.utc) run_after=datetime.datetime(2025, 5, 28, 3, 0, tzinfo=datetime.timezone.utc) start_date=datetime.datetime(2026, 5, 5, 12, 26, 57, 160739, tzinfo=datetime.timezone.utc) end_date=None clear_number=0 run_type=<DagRunType.SCHEDULED: 'scheduled'> state=<DagRunState.RUNNING: 'running'> conf={} triggering_user_name=None consumed_asset_events=[] partition_key=None note=None","logger":"task.stdout"}
{"timestamp":"2026-05-05T12:26:58.994762Z","level":"info","event":"triggering_asset_events: TriggeringAssetEventAccessor(_events=defaultdict(<class 'list'>, {}))","logger":"task.stdout"}
{"timestamp":"2026-05-05T12:26:58.995068Z","level":"info","event":"task_instance_key_str: print_interval_dag__print_interval__20250528","logger":"task.stdout"}
{"timestamp":"2026-05-05T12:26:58.996340Z","level":"info","event":"task_reschedule_count: 0","logger":"task.stdout"}
{"timestamp":"2026-05-05T12:26:59.021973Z","level":"info","event":"prev_start_date_success: 2026-05-05 12:26:56.293331+00:00","logger":"task.stdout"}
{"timestamp":"2026-05-05T12:26:59.023615Z","level":"info","event":"prev_end_date_success: 2026-05-05 12:26:58.552066+00:00","logger":"task.stdout"}
{"timestamp":"2026-05-05T12:26:59.024180Z","level":"info","event":"logical_date: 2025-05-28 03:00:00+00:00","logger":"task.stdout"}
{"timestamp":"2026-05-05T12:26:59.025573Z","level":"info","event":"ds: 2025-05-28","logger":"task.stdout"}
{"timestamp":"2026-05-05T12:26:59.026541Z","level":"info","event":"ds_nodash: 20250528","logger":"task.stdout"}
{"timestamp":"2026-05-05T12:26:59.031223Z","level":"info","event":"ts: 2025-05-28T03:00:00+00:00","logger":"task.stdout"}
{"timestamp":"2026-05-05T12:26:59.034682Z","level":"info","event":"ts_nodash: 20250528T030000","logger":"task.stdout"}
{"timestamp":"2026-05-05T12:26:59.036220Z","level":"info","event":"ts_nodash_with_tz: 20250528T030000+0000","logger":"task.stdout"}
{"timestamp":"2026-05-05T12:26:59.037672Z","level":"info","event":"data_interval_end: 2025-05-28 03:00:00+00:00","logger":"task.stdout"}
{"timestamp":"2026-05-05T12:26:59.038246Z","level":"info","event":"data_interval_start: 2025-05-28 03:00:00+00:00","logger":"task.stdout"}
{"timestamp":"2026-05-05T12:26:59.038753Z","level":"info","event":"prev_data_interval_start_success: 2025-05-27 21:00:00+00:00","logger":"task.stdout"}
{"timestamp":"2026-05-05T12:26:59.039332Z","level":"info","event":"prev_data_interval_end_success: 2025-05-27 21:00:00+00:00","logger":"task.stdout"}
{"timestamp":"2026-05-05T12:26:59.040280Z","level":"info","event":"templates_dict: None","logger":"task.stdout"}
{"timestamp":"2026-05-05T12:26:59.020182Z","level":"info","event":"Done. Returned value was: None","logger":"airflow.task.operators.airflow.providers.standard.operators.python.PythonOperator","filename":"python.py","lineno":229}
{"timestamp":"2026-05-05T12:26:59.095098Z","level":"info","event":"Task instance in success state","logger":"task.stdout"}
{"timestamp":"2026-05-05T12:26:59.096275Z","level":"info","event":" Previous state of the Task instance: TaskInstanceState.RUNNING","logger":"task.stdout"}
{"timestamp":"2026-05-05T12:26:59.101241Z","level":"info","event":"Task operator:<Task(PythonOperator): print_interval>","logger":"task.stdout"}
