{"timestamp":"2026-05-05T10:30:14.625007Z","level":"info","event":"DAG bundles loaded: dags-folder, example_dags","logger":"airflow.dag_processing.bundles.manager.DagBundlesManager","filename":"manager.py","lineno":209}
{"timestamp":"2026-05-05T10:30:14.626172Z","level":"info","event":"Filling up the DagBag from /opt/airflow/dags/print_interval_dag.py","logger":"airflow.dag_processing.dagbag.BundleDagBag","filename":"dagbag.py","lineno":469}
{"timestamp":"2026-05-05T10:30:14.641371Z","level":"warning","event":"The `airflow.operators.python.PythonOperator` attribute is deprecated. Please use `'airflow.providers.standard.operators.python.PythonOperator'`.","category":"UserWarning","filename":"/opt/airflow/dags/print_interval_dag.py","lineno":2,"logger":"py.warnings"}
{"timestamp":"2026-05-05T10:30:14.772115Z","level":"info","event":"Task instance is in running state","logger":"task.stdout"}
{"timestamp":"2026-05-05T10:30:14.780009Z","level":"info","event":" Previous state of the Task instance: TaskInstanceState.QUEUED","logger":"task.stdout"}
{"timestamp":"2026-05-05T10:30:14.782224Z","level":"info","event":"Current task name:print_interval","logger":"task.stdout"}
{"timestamp":"2026-05-05T10:30:14.786015Z","level":"info","event":"Dag name:print_interval_dag","logger":"task.stdout"}
{"timestamp":"2026-05-05T10:30:14.794373Z","level":"info","event":"Interval Start: 2025-05-15 21:00:00+00:00","logger":"task.stdout"}
{"timestamp":"2026-05-05T10:30:14.798031Z","level":"info","event":"Interval End:   2025-05-15 21:00:00+00:00","logger":"task.stdout"}
{"timestamp":"2026-05-05T10:30:14.795002Z","level":"info","event":"Done. Returned value was: None","logger":"airflow.task.operators.airflow.providers.standard.operators.python.PythonOperator","filename":"python.py","lineno":229}
{"timestamp":"2026-05-05T10:30:14.984678Z","level":"info","event":"Task instance in success state","logger":"task.stdout"}
{"timestamp":"2026-05-05T10:30:14.985188Z","level":"info","event":" Previous state of the Task instance: TaskInstanceState.RUNNING","logger":"task.stdout"}
{"timestamp":"2026-05-05T10:30:14.991996Z","level":"info","event":"Task operator:<Task(PythonOperator): print_interval>","logger":"task.stdout"}
{"timestamp":"2026-05-05T12:26:07.943097Z","level":"info","event":"DAG bundles loaded: dags-folder, example_dags","logger":"airflow.dag_processing.bundles.manager.DagBundlesManager","filename":"manager.py","lineno":209}
{"timestamp":"2026-05-05T12:26:07.945011Z","level":"info","event":"Filling up the DagBag from /opt/airflow/dags/print_interval_dag.py","logger":"airflow.dag_processing.dagbag.BundleDagBag","filename":"dagbag.py","lineno":469}
{"timestamp":"2026-05-05T12:26:08.027694Z","level":"info","event":"Task instance is in running state","logger":"task.stdout"}
{"timestamp":"2026-05-05T12:26:08.030693Z","level":"info","event":" Previous state of the Task instance: TaskInstanceState.QUEUED","logger":"task.stdout"}
{"timestamp":"2026-05-05T12:26:08.031560Z","level":"info","event":"Current task name:print_interval","logger":"task.stdout"}
{"timestamp":"2026-05-05T12:26:08.032107Z","level":"info","event":"Dag name:print_interval_dag","logger":"task.stdout"}
{"timestamp":"2026-05-05T12:26:08.033454Z","level":"info","event":"=== ALL AVAILABLE MACROS ===","logger":"task.stdout"}
{"timestamp":"2026-05-05T12:26:08.037160Z","level":"info","event":"dag: <DAG: print_interval_dag>","logger":"task.stdout"}
{"timestamp":"2026-05-05T12:26:08.037982Z","level":"info","event":"inlets: []","logger":"task.stdout"}
{"timestamp":"2026-05-05T12:26:08.040280Z","level":"info","event":"map_index_template: None","logger":"task.stdout"}
{"timestamp":"2026-05-05T12:26:08.041101Z","level":"info","event":"outlets: []","logger":"task.stdout"}
{"timestamp":"2026-05-05T12:26:08.041902Z","level":"info","event":"run_id: scheduled__2025-05-15T21:00:00+00:00","logger":"task.stdout"}
{"timestamp":"2026-05-05T12:26:08.042792Z","level":"info","event":"task: <Task(PythonOperator): print_interval>","logger":"task.stdout"}
{"timestamp":"2026-05-05T12:26:08.043676Z","level":"info","event":"task_instance: id=UUID('019df81a-4b4e-7092-bc24-1a8aef97fa6e') task_id='print_interval' dag_id='print_interval_dag' run_id='scheduled__2025-05-15T21:00:00+00:00' try_number=1 dag_version_id=UUID('019df815-a045-750b-bac8-47ced7cc6a45') map_index=-1 hostname='86abe326db93' context_carrier={'traceparent': '00-3d48fa141467208acd58331d04aebcd3-1cd74975167766c2-01'} task=<Task(PythonOperator): print_interval> bundle_instance=LocalDagBundle(name=dags-folder) max_tries=0 start_date=datetime.datetime(2026, 5, 5, 12, 26, 6, 459243, tzinfo=datetime.timezone.utc) end_date=None state=<TaskInstanceState.RUNNING: 'running'> is_mapped=False rendered_map_index=None sentry_integration=''","logger":"task.stdout"}
{"timestamp":"2026-05-05T12:26:08.050303Z","level":"info","event":"ti: id=UUID('019df81a-4b4e-7092-bc24-1a8aef97fa6e') task_id='print_interval' dag_id='print_interval_dag' run_id='scheduled__2025-05-15T21:00:00+00:00' try_number=1 dag_version_id=UUID('019df815-a045-750b-bac8-47ced7cc6a45') map_index=-1 hostname='86abe326db93' context_carrier={'traceparent': '00-3d48fa141467208acd58331d04aebcd3-1cd74975167766c2-01'} task=<Task(PythonOperator): print_interval> bundle_instance=LocalDagBundle(name=dags-folder) max_tries=0 start_date=datetime.datetime(2026, 5, 5, 12, 26, 6, 459243, tzinfo=datetime.timezone.utc) end_date=None state=<TaskInstanceState.RUNNING: 'running'> is_mapped=False rendered_map_index=None sentry_integration=''","logger":"task.stdout"}
{"timestamp":"2026-05-05T12:26:08.056932Z","level":"info","event":"outlet_events: OutletEventAccessors(_dict={})","logger":"task.stdout"}
{"timestamp":"2026-05-05T12:26:08.061907Z","level":"info","event":"inlet_events: InletEventsAccessors(_inlets=[], _assets={}, _asset_aliases={})","logger":"task.stdout"}
{"timestamp":"2026-05-05T12:26:08.063336Z","level":"info","event":"macros: <MacrosAccessor (dynamic access to macros)>","logger":"task.stdout"}
{"timestamp":"2026-05-05T12:26:08.065735Z","level":"info","event":"params: {}","logger":"task.stdout"}
{"timestamp":"2026-05-05T12:26:08.071000Z","level":"info","event":"var: {'json': <VariableAccessor (dynamic access)>, 'value': <VariableAccessor (dynamic access)>}","logger":"task.stdout"}
{"timestamp":"2026-05-05T12:26:08.072739Z","level":"info","event":"conn: <ConnectionAccessor (dynamic access)>","logger":"task.stdout"}
{"timestamp":"2026-05-05T12:26:08.076584Z","level":"info","event":"dag_run: dag_id='print_interval_dag' run_id='scheduled__2025-05-15T21:00:00+00:00' logical_date=datetime.datetime(2025, 5, 15, 21, 0, tzinfo=datetime.timezone.utc) data_interval_start=datetime.datetime(2025, 5, 15, 21, 0, tzinfo=datetime.timezone.utc) data_interval_end=datetime.datetime(2025, 5, 15, 21, 0, tzinfo=datetime.timezone.utc) run_after=datetime.datetime(2025, 5, 15, 21, 0, tzinfo=datetime.timezone.utc) start_date=datetime.datetime(2026, 5, 5, 12, 26, 6, 66071, tzinfo=datetime.timezone.utc) end_date=None clear_number=0 run_type=<DagRunType.SCHEDULED: 'scheduled'> state=<DagRunState.RUNNING: 'running'> conf={} triggering_user_name=None consumed_asset_events=[] partition_key=None note=None","logger":"task.stdout"}
{"timestamp":"2026-05-05T12:26:08.079547Z","level":"info","event":"triggering_asset_events: TriggeringAssetEventAccessor(_events=defaultdict(<class 'list'>, {}))","logger":"task.stdout"}
{"timestamp":"2026-05-05T12:26:08.080307Z","level":"info","event":"task_instance_key_str: print_interval_dag__print_interval__20250515","logger":"task.stdout"}
{"timestamp":"2026-05-05T12:26:08.087493Z","level":"info","event":"task_reschedule_count: 0","logger":"task.stdout"}
{"timestamp":"2026-05-05T12:26:08.128634Z","level":"info","event":"prev_start_date_success: 2026-05-05 12:26:05.596545+00:00","logger":"task.stdout"}
{"timestamp":"2026-05-05T12:26:08.140577Z","level":"info","event":"prev_end_date_success: 2026-05-05 12:26:08.017680+00:00","logger":"task.stdout"}
{"timestamp":"2026-05-05T12:26:08.141665Z","level":"info","event":"logical_date: 2025-05-15 21:00:00+00:00","logger":"task.stdout"}
{"timestamp":"2026-05-05T12:26:08.142362Z","level":"info","event":"ds: 2025-05-15","logger":"task.stdout"}
{"timestamp":"2026-05-05T12:26:08.144011Z","level":"info","event":"ds_nodash: 20250515","logger":"task.stdout"}
{"timestamp":"2026-05-05T12:26:08.144592Z","level":"info","event":"ts: 2025-05-15T21:00:00+00:00","logger":"task.stdout"}
{"timestamp":"2026-05-05T12:26:08.145005Z","level":"info","event":"ts_nodash: 20250515T210000","logger":"task.stdout"}
{"timestamp":"2026-05-05T12:26:08.145588Z","level":"info","event":"ts_nodash_with_tz: 20250515T210000+0000","logger":"task.stdout"}
{"timestamp":"2026-05-05T12:26:08.146031Z","level":"info","event":"data_interval_end: 2025-05-15 21:00:00+00:00","logger":"task.stdout"}
{"timestamp":"2026-05-05T12:26:08.147915Z","level":"info","event":"data_interval_start: 2025-05-15 21:00:00+00:00","logger":"task.stdout"}
{"timestamp":"2026-05-05T12:26:08.148472Z","level":"info","event":"prev_data_interval_start_success: 2025-05-15 18:00:00+00:00","logger":"task.stdout"}
{"timestamp":"2026-05-05T12:26:08.148922Z","level":"info","event":"prev_data_interval_end_success: 2025-05-15 18:00:00+00:00","logger":"task.stdout"}
{"timestamp":"2026-05-05T12:26:08.149403Z","level":"info","event":"templates_dict: None","logger":"task.stdout"}
{"timestamp":"2026-05-05T12:26:08.126114Z","level":"info","event":"Done. Returned value was: None","logger":"airflow.task.operators.airflow.providers.standard.operators.python.PythonOperator","filename":"python.py","lineno":229}
{"timestamp":"2026-05-05T12:26:08.214693Z","level":"info","event":"Task instance in success state","logger":"task.stdout"}
{"timestamp":"2026-05-05T12:26:08.220552Z","level":"info","event":" Previous state of the Task instance: TaskInstanceState.RUNNING","logger":"task.stdout"}
{"timestamp":"2026-05-05T12:26:08.223093Z","level":"info","event":"Task operator:<Task(PythonOperator): print_interval>","logger":"task.stdout"}
