{"timestamp":"2026-05-05T10:31:10.989010Z","level":"info","event":"DAG bundles loaded: dags-folder, example_dags","logger":"airflow.dag_processing.bundles.manager.DagBundlesManager","filename":"manager.py","lineno":209}
{"timestamp":"2026-05-05T10:31:10.990836Z","level":"info","event":"Filling up the DagBag from /opt/airflow/dags/print_interval_dag.py","logger":"airflow.dag_processing.dagbag.BundleDagBag","filename":"dagbag.py","lineno":469}
{"timestamp":"2026-05-05T10:31:11.004588Z","level":"warning","event":"The `airflow.operators.python.PythonOperator` attribute is deprecated. Please use `'airflow.providers.standard.operators.python.PythonOperator'`.","category":"UserWarning","filename":"/opt/airflow/dags/print_interval_dag.py","lineno":2,"logger":"py.warnings"}
{"timestamp":"2026-05-05T10:31:11.066393Z","level":"info","event":"Task instance is in running state","logger":"task.stdout"}
{"timestamp":"2026-05-05T10:31:11.069224Z","level":"info","event":" Previous state of the Task instance: TaskInstanceState.QUEUED","logger":"task.stdout"}
{"timestamp":"2026-05-05T10:31:11.071568Z","level":"info","event":"Current task name:print_interval","logger":"task.stdout"}
{"timestamp":"2026-05-05T10:31:11.072169Z","level":"info","event":"Dag name:print_interval_dag","logger":"task.stdout"}
{"timestamp":"2026-05-05T10:31:11.073063Z","level":"info","event":"Interval Start: 2025-05-30 12:00:00+00:00","logger":"task.stdout"}
{"timestamp":"2026-05-05T10:31:11.073550Z","level":"info","event":"Interval End:   2025-05-30 12:00:00+00:00","logger":"task.stdout"}
{"timestamp":"2026-05-05T10:31:11.073758Z","level":"info","event":"Done. Returned value was: None","logger":"airflow.task.operators.airflow.providers.standard.operators.python.PythonOperator","filename":"python.py","lineno":229}
{"timestamp":"2026-05-05T10:31:11.196559Z","level":"info","event":"Task instance in success state","logger":"task.stdout"}
{"timestamp":"2026-05-05T10:31:11.197263Z","level":"info","event":" Previous state of the Task instance: TaskInstanceState.RUNNING","logger":"task.stdout"}
{"timestamp":"2026-05-05T10:31:11.198432Z","level":"info","event":"Task operator:<Task(PythonOperator): print_interval>","logger":"task.stdout"}
{"timestamp":"2026-05-05T12:27:08.863077Z","level":"info","event":"DAG bundles loaded: dags-folder, example_dags","logger":"airflow.dag_processing.bundles.manager.DagBundlesManager","filename":"manager.py","lineno":209}
{"timestamp":"2026-05-05T12:27:08.865015Z","level":"info","event":"Filling up the DagBag from /opt/airflow/dags/print_interval_dag.py","logger":"airflow.dag_processing.dagbag.BundleDagBag","filename":"dagbag.py","lineno":469}
{"timestamp":"2026-05-05T12:27:08.960225Z","level":"info","event":"Task instance is in running state","logger":"task.stdout"}
{"timestamp":"2026-05-05T12:27:08.964860Z","level":"info","event":" Previous state of the Task instance: TaskInstanceState.QUEUED","logger":"task.stdout"}
{"timestamp":"2026-05-05T12:27:08.965650Z","level":"info","event":"Current task name:print_interval","logger":"task.stdout"}
{"timestamp":"2026-05-05T12:27:08.966283Z","level":"info","event":"Dag name:print_interval_dag","logger":"task.stdout"}
{"timestamp":"2026-05-05T12:27:08.967476Z","level":"info","event":"=== ALL AVAILABLE MACROS ===","logger":"task.stdout"}
{"timestamp":"2026-05-05T12:27:08.967953Z","level":"info","event":"dag: <DAG: print_interval_dag>","logger":"task.stdout"}
{"timestamp":"2026-05-05T12:27:08.968402Z","level":"info","event":"inlets: []","logger":"task.stdout"}
{"timestamp":"2026-05-05T12:27:08.968937Z","level":"info","event":"map_index_template: None","logger":"task.stdout"}
{"timestamp":"2026-05-05T12:27:08.969339Z","level":"info","event":"outlets: []","logger":"task.stdout"}
{"timestamp":"2026-05-05T12:27:08.969773Z","level":"info","event":"run_id: scheduled__2025-05-30T12:00:00+00:00","logger":"task.stdout"}
{"timestamp":"2026-05-05T12:27:08.970282Z","level":"info","event":"task: <Task(PythonOperator): print_interval>","logger":"task.stdout"}
{"timestamp":"2026-05-05T12:27:08.970778Z","level":"info","event":"task_instance: id=UUID('019df81b-3b20-7c7e-b9f2-4f92bfb0ccd4') task_id='print_interval' dag_id='print_interval_dag' run_id='scheduled__2025-05-30T12:00:00+00:00' try_number=1 dag_version_id=UUID('019df815-a045-750b-bac8-47ced7cc6a45') map_index=-1 hostname='86abe326db93' context_carrier={'traceparent': '00-b1b87647ef54d0e3164d7f41cc20c8cf-28f041883c6746aa-01'} task=<Task(PythonOperator): print_interval> bundle_instance=LocalDagBundle(name=dags-folder) max_tries=0 start_date=datetime.datetime(2026, 5, 5, 12, 27, 7, 865814, tzinfo=datetime.timezone.utc) end_date=None state=<TaskInstanceState.RUNNING: 'running'> is_mapped=False rendered_map_index=None sentry_integration=''","logger":"task.stdout"}
{"timestamp":"2026-05-05T12:27:08.971571Z","level":"info","event":"ti: id=UUID('019df81b-3b20-7c7e-b9f2-4f92bfb0ccd4') task_id='print_interval' dag_id='print_interval_dag' run_id='scheduled__2025-05-30T12:00:00+00:00' try_number=1 dag_version_id=UUID('019df815-a045-750b-bac8-47ced7cc6a45') map_index=-1 hostname='86abe326db93' context_carrier={'traceparent': '00-b1b87647ef54d0e3164d7f41cc20c8cf-28f041883c6746aa-01'} task=<Task(PythonOperator): print_interval> bundle_instance=LocalDagBundle(name=dags-folder) max_tries=0 start_date=datetime.datetime(2026, 5, 5, 12, 27, 7, 865814, tzinfo=datetime.timezone.utc) end_date=None state=<TaskInstanceState.RUNNING: 'running'> is_mapped=False rendered_map_index=None sentry_integration=''","logger":"task.stdout"}
{"timestamp":"2026-05-05T12:27:08.972352Z","level":"info","event":"outlet_events: OutletEventAccessors(_dict={})","logger":"task.stdout"}
{"timestamp":"2026-05-05T12:27:08.972844Z","level":"info","event":"inlet_events: InletEventsAccessors(_inlets=[], _assets={}, _asset_aliases={})","logger":"task.stdout"}
{"timestamp":"2026-05-05T12:27:08.973236Z","level":"info","event":"macros: <MacrosAccessor (dynamic access to macros)>","logger":"task.stdout"}
{"timestamp":"2026-05-05T12:27:08.973618Z","level":"info","event":"params: {}","logger":"task.stdout"}
{"timestamp":"2026-05-05T12:27:08.974150Z","level":"info","event":"var: {'json': <VariableAccessor (dynamic access)>, 'value': <VariableAccessor (dynamic access)>}","logger":"task.stdout"}
{"timestamp":"2026-05-05T12:27:08.974794Z","level":"info","event":"conn: <ConnectionAccessor (dynamic access)>","logger":"task.stdout"}
{"timestamp":"2026-05-05T12:27:08.975231Z","level":"info","event":"dag_run: dag_id='print_interval_dag' run_id='scheduled__2025-05-30T12:00:00+00:00' logical_date=datetime.datetime(2025, 5, 30, 12, 0, tzinfo=datetime.timezone.utc) data_interval_start=datetime.datetime(2025, 5, 30, 12, 0, tzinfo=datetime.timezone.utc) data_interval_end=datetime.datetime(2025, 5, 30, 12, 0, tzinfo=datetime.timezone.utc) run_after=datetime.datetime(2025, 5, 30, 12, 0, tzinfo=datetime.timezone.utc) start_date=datetime.datetime(2026, 5, 5, 12, 27, 7, 453909, tzinfo=datetime.timezone.utc) end_date=None clear_number=0 run_type=<DagRunType.SCHEDULED: 'scheduled'> state=<DagRunState.RUNNING: 'running'> conf={} triggering_user_name=None consumed_asset_events=[] partition_key=None note=None","logger":"task.stdout"}
{"timestamp":"2026-05-05T12:27:08.975633Z","level":"info","event":"triggering_asset_events: TriggeringAssetEventAccessor(_events=defaultdict(<class 'list'>, {}))","logger":"task.stdout"}
{"timestamp":"2026-05-05T12:27:08.976139Z","level":"info","event":"task_instance_key_str: print_interval_dag__print_interval__20250530","logger":"task.stdout"}
{"timestamp":"2026-05-05T12:27:08.976490Z","level":"info","event":"task_reschedule_count: 0","logger":"task.stdout"}
{"timestamp":"2026-05-05T12:27:09.007073Z","level":"info","event":"prev_start_date_success: 2026-05-05 12:27:06.428392+00:00","logger":"task.stdout"}
{"timestamp":"2026-05-05T12:27:09.007865Z","level":"info","event":"prev_end_date_success: 2026-05-05 12:27:08.575885+00:00","logger":"task.stdout"}
{"timestamp":"2026-05-05T12:27:09.008676Z","level":"info","event":"logical_date: 2025-05-30 12:00:00+00:00","logger":"task.stdout"}
{"timestamp":"2026-05-05T12:27:09.009215Z","level":"info","event":"ds: 2025-05-30","logger":"task.stdout"}
{"timestamp":"2026-05-05T12:27:09.010065Z","level":"info","event":"ds_nodash: 20250530","logger":"task.stdout"}
{"timestamp":"2026-05-05T12:27:09.011055Z","level":"info","event":"ts: 2025-05-30T12:00:00+00:00","logger":"task.stdout"}
{"timestamp":"2026-05-05T12:27:09.011593Z","level":"info","event":"ts_nodash: 20250530T120000","logger":"task.stdout"}
{"timestamp":"2026-05-05T12:27:09.012898Z","level":"info","event":"ts_nodash_with_tz: 20250530T120000+0000","logger":"task.stdout"}
{"timestamp":"2026-05-05T12:27:09.013721Z","level":"info","event":"data_interval_end: 2025-05-30 12:00:00+00:00","logger":"task.stdout"}
{"timestamp":"2026-05-05T12:27:09.017469Z","level":"info","event":"data_interval_start: 2025-05-30 12:00:00+00:00","logger":"task.stdout"}
{"timestamp":"2026-05-05T12:27:09.018165Z","level":"info","event":"prev_data_interval_start_success: 2025-05-30 06:00:00+00:00","logger":"task.stdout"}
{"timestamp":"2026-05-05T12:27:09.018543Z","level":"info","event":"prev_data_interval_end_success: 2025-05-30 06:00:00+00:00","logger":"task.stdout"}
{"timestamp":"2026-05-05T12:27:09.019025Z","level":"info","event":"templates_dict: None","logger":"task.stdout"}
{"timestamp":"2026-05-05T12:27:09.007348Z","level":"info","event":"Done. Returned value was: None","logger":"airflow.task.operators.airflow.providers.standard.operators.python.PythonOperator","filename":"python.py","lineno":229}
{"timestamp":"2026-05-05T12:27:09.074328Z","level":"info","event":"Task instance in success state","logger":"task.stdout"}
{"timestamp":"2026-05-05T12:27:09.075819Z","level":"info","event":" Previous state of the Task instance: TaskInstanceState.RUNNING","logger":"task.stdout"}
{"timestamp":"2026-05-05T12:27:09.076311Z","level":"info","event":"Task operator:<Task(PythonOperator): print_interval>","logger":"task.stdout"}
