{"timestamp":"2026-05-05T10:30:13.210493Z","level":"info","event":"DAG bundles loaded: dags-folder, example_dags","logger":"airflow.dag_processing.bundles.manager.DagBundlesManager","filename":"manager.py","lineno":209}
{"timestamp":"2026-05-05T10:30:13.213218Z","level":"info","event":"Filling up the DagBag from /opt/airflow/dags/print_interval_dag.py","logger":"airflow.dag_processing.dagbag.BundleDagBag","filename":"dagbag.py","lineno":469}
{"timestamp":"2026-05-05T10:30:13.230433Z","level":"warning","event":"The `airflow.operators.python.PythonOperator` attribute is deprecated. Please use `'airflow.providers.standard.operators.python.PythonOperator'`.","category":"UserWarning","filename":"/opt/airflow/dags/print_interval_dag.py","lineno":2,"logger":"py.warnings"}
{"timestamp":"2026-05-05T10:30:13.284245Z","level":"info","event":"Task instance is in running state","logger":"task.stdout"}
{"timestamp":"2026-05-05T10:30:13.285723Z","level":"info","event":" Previous state of the Task instance: TaskInstanceState.QUEUED","logger":"task.stdout"}
{"timestamp":"2026-05-05T10:30:13.286516Z","level":"info","event":"Current task name:print_interval","logger":"task.stdout"}
{"timestamp":"2026-05-05T10:30:13.289750Z","level":"info","event":"Dag name:print_interval_dag","logger":"task.stdout"}
{"timestamp":"2026-05-05T10:30:13.294529Z","level":"info","event":"Interval Start: 2025-05-15 12:00:00+00:00","logger":"task.stdout"}
{"timestamp":"2026-05-05T10:30:13.295146Z","level":"info","event":"Interval End:   2025-05-15 12:00:00+00:00","logger":"task.stdout"}
{"timestamp":"2026-05-05T10:30:13.294576Z","level":"info","event":"Done. Returned value was: None","logger":"airflow.task.operators.airflow.providers.standard.operators.python.PythonOperator","filename":"python.py","lineno":229}
{"timestamp":"2026-05-05T10:30:13.346571Z","level":"info","event":"Task instance in success state","logger":"task.stdout"}
{"timestamp":"2026-05-05T10:30:13.347583Z","level":"info","event":" Previous state of the Task instance: TaskInstanceState.RUNNING","logger":"task.stdout"}
{"timestamp":"2026-05-05T10:30:13.350790Z","level":"info","event":"Task operator:<Task(PythonOperator): print_interval>","logger":"task.stdout"}
{"timestamp":"2026-05-05T12:26:05.991841Z","level":"info","event":"DAG bundles loaded: dags-folder, example_dags","logger":"airflow.dag_processing.bundles.manager.DagBundlesManager","filename":"manager.py","lineno":209}
{"timestamp":"2026-05-05T12:26:05.993431Z","level":"info","event":"Filling up the DagBag from /opt/airflow/dags/print_interval_dag.py","logger":"airflow.dag_processing.dagbag.BundleDagBag","filename":"dagbag.py","lineno":469}
{"timestamp":"2026-05-05T12:26:06.146908Z","level":"info","event":"Task instance is in running state","logger":"task.stdout"}
{"timestamp":"2026-05-05T12:26:06.147546Z","level":"info","event":" Previous state of the Task instance: TaskInstanceState.QUEUED","logger":"task.stdout"}
{"timestamp":"2026-05-05T12:26:06.148090Z","level":"info","event":"Current task name:print_interval","logger":"task.stdout"}
{"timestamp":"2026-05-05T12:26:06.152211Z","level":"info","event":"Dag name:print_interval_dag","logger":"task.stdout"}
{"timestamp":"2026-05-05T12:26:06.155532Z","level":"info","event":"=== ALL AVAILABLE MACROS ===","logger":"task.stdout"}
{"timestamp":"2026-05-05T12:26:06.157681Z","level":"info","event":"dag: <DAG: print_interval_dag>","logger":"task.stdout"}
{"timestamp":"2026-05-05T12:26:06.158332Z","level":"info","event":"inlets: []","logger":"task.stdout"}
{"timestamp":"2026-05-05T12:26:06.158897Z","level":"info","event":"map_index_template: None","logger":"task.stdout"}
{"timestamp":"2026-05-05T12:26:06.159345Z","level":"info","event":"outlets: []","logger":"task.stdout"}
{"timestamp":"2026-05-05T12:26:06.161055Z","level":"info","event":"run_id: scheduled__2025-05-15T12:00:00+00:00","logger":"task.stdout"}
{"timestamp":"2026-05-05T12:26:06.161740Z","level":"info","event":"task: <Task(PythonOperator): print_interval>","logger":"task.stdout"}
{"timestamp":"2026-05-05T12:26:06.167432Z","level":"info","event":"task_instance: id=UUID('019df81a-45c3-70a7-9a77-52816bf54172') task_id='print_interval' dag_id='print_interval_dag' run_id='scheduled__2025-05-15T12:00:00+00:00' try_number=1 dag_version_id=UUID('019df815-a045-750b-bac8-47ced7cc6a45') map_index=-1 hostname='86abe326db93' context_carrier={'traceparent': '00-be63939af559a6ca06d0455a4c6cefc4-e535307134a8a6a7-01'} task=<Task(PythonOperator): print_interval> bundle_instance=LocalDagBundle(name=dags-folder) max_tries=0 start_date=datetime.datetime(2026, 5, 5, 12, 26, 5, 21574, tzinfo=datetime.timezone.utc) end_date=None state=<TaskInstanceState.RUNNING: 'running'> is_mapped=False rendered_map_index=None sentry_integration=''","logger":"task.stdout"}
{"timestamp":"2026-05-05T12:26:06.168319Z","level":"info","event":"ti: id=UUID('019df81a-45c3-70a7-9a77-52816bf54172') task_id='print_interval' dag_id='print_interval_dag' run_id='scheduled__2025-05-15T12:00:00+00:00' try_number=1 dag_version_id=UUID('019df815-a045-750b-bac8-47ced7cc6a45') map_index=-1 hostname='86abe326db93' context_carrier={'traceparent': '00-be63939af559a6ca06d0455a4c6cefc4-e535307134a8a6a7-01'} task=<Task(PythonOperator): print_interval> bundle_instance=LocalDagBundle(name=dags-folder) max_tries=0 start_date=datetime.datetime(2026, 5, 5, 12, 26, 5, 21574, tzinfo=datetime.timezone.utc) end_date=None state=<TaskInstanceState.RUNNING: 'running'> is_mapped=False rendered_map_index=None sentry_integration=''","logger":"task.stdout"}
{"timestamp":"2026-05-05T12:26:06.169266Z","level":"info","event":"outlet_events: OutletEventAccessors(_dict={})","logger":"task.stdout"}
{"timestamp":"2026-05-05T12:26:06.171056Z","level":"info","event":"inlet_events: InletEventsAccessors(_inlets=[], _assets={}, _asset_aliases={})","logger":"task.stdout"}
{"timestamp":"2026-05-05T12:26:06.171504Z","level":"info","event":"macros: <MacrosAccessor (dynamic access to macros)>","logger":"task.stdout"}
{"timestamp":"2026-05-05T12:26:06.172170Z","level":"info","event":"params: {}","logger":"task.stdout"}
{"timestamp":"2026-05-05T12:26:06.173503Z","level":"info","event":"var: {'json': <VariableAccessor (dynamic access)>, 'value': <VariableAccessor (dynamic access)>}","logger":"task.stdout"}
{"timestamp":"2026-05-05T12:26:06.174048Z","level":"info","event":"conn: <ConnectionAccessor (dynamic access)>","logger":"task.stdout"}
{"timestamp":"2026-05-05T12:26:06.176074Z","level":"info","event":"dag_run: dag_id='print_interval_dag' run_id='scheduled__2025-05-15T12:00:00+00:00' logical_date=datetime.datetime(2025, 5, 15, 12, 0, tzinfo=datetime.timezone.utc) data_interval_start=datetime.datetime(2025, 5, 15, 12, 0, tzinfo=datetime.timezone.utc) data_interval_end=datetime.datetime(2025, 5, 15, 12, 0, tzinfo=datetime.timezone.utc) run_after=datetime.datetime(2025, 5, 15, 12, 0, tzinfo=datetime.timezone.utc) start_date=datetime.datetime(2026, 5, 5, 12, 26, 4, 634973, tzinfo=datetime.timezone.utc) end_date=None clear_number=0 run_type=<DagRunType.SCHEDULED: 'scheduled'> state=<DagRunState.RUNNING: 'running'> conf={} triggering_user_name=None consumed_asset_events=[] partition_key=None note=None","logger":"task.stdout"}
{"timestamp":"2026-05-05T12:26:06.177542Z","level":"info","event":"triggering_asset_events: TriggeringAssetEventAccessor(_events=defaultdict(<class 'list'>, {}))","logger":"task.stdout"}
{"timestamp":"2026-05-05T12:26:06.178734Z","level":"info","event":"task_instance_key_str: print_interval_dag__print_interval__20250515","logger":"task.stdout"}
{"timestamp":"2026-05-05T12:26:06.179385Z","level":"info","event":"task_reschedule_count: 0","logger":"task.stdout"}
{"timestamp":"2026-05-05T12:26:06.220442Z","level":"info","event":"prev_start_date_success: 2026-05-05 12:26:04.216773+00:00","logger":"task.stdout"}
{"timestamp":"2026-05-05T12:26:06.223604Z","level":"info","event":"prev_end_date_success: 2026-05-05 12:26:06.164278+00:00","logger":"task.stdout"}
{"timestamp":"2026-05-05T12:26:06.225465Z","level":"info","event":"logical_date: 2025-05-15 12:00:00+00:00","logger":"task.stdout"}
{"timestamp":"2026-05-05T12:26:06.226073Z","level":"info","event":"ds: 2025-05-15","logger":"task.stdout"}
{"timestamp":"2026-05-05T12:26:06.232568Z","level":"info","event":"ds_nodash: 20250515","logger":"task.stdout"}
{"timestamp":"2026-05-05T12:26:06.235115Z","level":"info","event":"ts: 2025-05-15T12:00:00+00:00","logger":"task.stdout"}
{"timestamp":"2026-05-05T12:26:06.235708Z","level":"info","event":"ts_nodash: 20250515T120000","logger":"task.stdout"}
{"timestamp":"2026-05-05T12:26:06.236266Z","level":"info","event":"ts_nodash_with_tz: 20250515T120000+0000","logger":"task.stdout"}
{"timestamp":"2026-05-05T12:26:06.236697Z","level":"info","event":"data_interval_end: 2025-05-15 12:00:00+00:00","logger":"task.stdout"}
{"timestamp":"2026-05-05T12:26:06.237019Z","level":"info","event":"data_interval_start: 2025-05-15 12:00:00+00:00","logger":"task.stdout"}
{"timestamp":"2026-05-05T12:26:06.237688Z","level":"info","event":"prev_data_interval_start_success: 2025-05-15 09:00:00+00:00","logger":"task.stdout"}
{"timestamp":"2026-05-05T12:26:06.238110Z","level":"info","event":"prev_data_interval_end_success: 2025-05-15 09:00:00+00:00","logger":"task.stdout"}
{"timestamp":"2026-05-05T12:26:06.238641Z","level":"info","event":"templates_dict: None","logger":"task.stdout"}
{"timestamp":"2026-05-05T12:26:06.217341Z","level":"info","event":"Done. Returned value was: None","logger":"airflow.task.operators.airflow.providers.standard.operators.python.PythonOperator","filename":"python.py","lineno":229}
{"timestamp":"2026-05-05T12:26:06.278108Z","level":"info","event":"Task instance in success state","logger":"task.stdout"}
{"timestamp":"2026-05-05T12:26:06.279392Z","level":"info","event":" Previous state of the Task instance: TaskInstanceState.RUNNING","logger":"task.stdout"}
{"timestamp":"2026-05-05T12:26:06.282683Z","level":"info","event":"Task operator:<Task(PythonOperator): print_interval>","logger":"task.stdout"}
