{"timestamp":"2026-05-05T10:30:07.104640Z","level":"info","event":"DAG bundles loaded: dags-folder, example_dags","logger":"airflow.dag_processing.bundles.manager.DagBundlesManager","filename":"manager.py","lineno":209}
{"timestamp":"2026-05-05T10:30:07.107884Z","level":"info","event":"Filling up the DagBag from /opt/airflow/dags/print_interval_dag.py","logger":"airflow.dag_processing.dagbag.BundleDagBag","filename":"dagbag.py","lineno":469}
{"timestamp":"2026-05-05T10:30:07.123263Z","level":"warning","event":"The `airflow.operators.python.PythonOperator` attribute is deprecated. Please use `'airflow.providers.standard.operators.python.PythonOperator'`.","category":"UserWarning","filename":"/opt/airflow/dags/print_interval_dag.py","lineno":2,"logger":"py.warnings"}
{"timestamp":"2026-05-05T10:30:07.173934Z","level":"info","event":"Task instance is in running state","logger":"task.stdout"}
{"timestamp":"2026-05-05T10:30:07.177631Z","level":"info","event":" Previous state of the Task instance: TaskInstanceState.QUEUED","logger":"task.stdout"}
{"timestamp":"2026-05-05T10:30:07.178528Z","level":"info","event":"Current task name:print_interval","logger":"task.stdout"}
{"timestamp":"2026-05-05T10:30:07.178967Z","level":"info","event":"Dag name:print_interval_dag","logger":"task.stdout"}
{"timestamp":"2026-05-05T10:30:07.179643Z","level":"info","event":"Interval Start: 2025-05-13 21:00:00+00:00","logger":"task.stdout"}
{"timestamp":"2026-05-05T10:30:07.180098Z","level":"info","event":"Interval End:   2025-05-13 21:00:00+00:00","logger":"task.stdout"}
{"timestamp":"2026-05-05T10:30:07.179011Z","level":"info","event":"Done. Returned value was: None","logger":"airflow.task.operators.airflow.providers.standard.operators.python.PythonOperator","filename":"python.py","lineno":229}
{"timestamp":"2026-05-05T10:30:07.224252Z","level":"info","event":"Task instance in success state","logger":"task.stdout"}
{"timestamp":"2026-05-05T10:30:07.224876Z","level":"info","event":" Previous state of the Task instance: TaskInstanceState.RUNNING","logger":"task.stdout"}
{"timestamp":"2026-05-05T10:30:07.225392Z","level":"info","event":"Task operator:<Task(PythonOperator): print_interval>","logger":"task.stdout"}
{"timestamp":"2026-05-05T12:25:59.455109Z","level":"info","event":"DAG bundles loaded: dags-folder, example_dags","logger":"airflow.dag_processing.bundles.manager.DagBundlesManager","filename":"manager.py","lineno":209}
{"timestamp":"2026-05-05T12:25:59.456859Z","level":"info","event":"Filling up the DagBag from /opt/airflow/dags/print_interval_dag.py","logger":"airflow.dag_processing.dagbag.BundleDagBag","filename":"dagbag.py","lineno":469}
{"timestamp":"2026-05-05T12:25:59.636937Z","level":"info","event":"Task instance is in running state","logger":"task.stdout"}
{"timestamp":"2026-05-05T12:25:59.639794Z","level":"info","event":" Previous state of the Task instance: TaskInstanceState.QUEUED","logger":"task.stdout"}
{"timestamp":"2026-05-05T12:25:59.644152Z","level":"info","event":"Current task name:print_interval","logger":"task.stdout"}
{"timestamp":"2026-05-05T12:25:59.649391Z","level":"info","event":"Dag name:print_interval_dag","logger":"task.stdout"}
{"timestamp":"2026-05-05T12:25:59.651411Z","level":"info","event":"=== ALL AVAILABLE MACROS ===","logger":"task.stdout"}
{"timestamp":"2026-05-05T12:25:59.655055Z","level":"info","event":"dag: <DAG: print_interval_dag>","logger":"task.stdout"}
{"timestamp":"2026-05-05T12:25:59.656051Z","level":"info","event":"inlets: []","logger":"task.stdout"}
{"timestamp":"2026-05-05T12:25:59.657016Z","level":"info","event":"map_index_template: None","logger":"task.stdout"}
{"timestamp":"2026-05-05T12:25:59.658455Z","level":"info","event":"outlets: []","logger":"task.stdout"}
{"timestamp":"2026-05-05T12:25:59.659549Z","level":"info","event":"run_id: scheduled__2025-05-13T21:00:00+00:00","logger":"task.stdout"}
{"timestamp":"2026-05-05T12:25:59.662474Z","level":"info","event":"task: <Task(PythonOperator): print_interval>","logger":"task.stdout"}
{"timestamp":"2026-05-05T12:25:59.663666Z","level":"info","event":"task_instance: id=UUID('019df81a-2b5a-75d6-b835-31030b63bfbe') task_id='print_interval' dag_id='print_interval_dag' run_id='scheduled__2025-05-13T21:00:00+00:00' try_number=1 dag_version_id=UUID('019df815-a045-750b-bac8-47ced7cc6a45') map_index=-1 hostname='86abe326db93' context_carrier={'traceparent': '00-aaab353f9dfc369d70c8702d6b06f477-fffa52a74cde229b-01'} task=<Task(PythonOperator): print_interval> bundle_instance=LocalDagBundle(name=dags-folder) max_tries=0 start_date=datetime.datetime(2026, 5, 5, 12, 25, 58, 338702, tzinfo=datetime.timezone.utc) end_date=None state=<TaskInstanceState.RUNNING: 'running'> is_mapped=False rendered_map_index=None sentry_integration=''","logger":"task.stdout"}
{"timestamp":"2026-05-05T12:25:59.673397Z","level":"info","event":"ti: id=UUID('019df81a-2b5a-75d6-b835-31030b63bfbe') task_id='print_interval' dag_id='print_interval_dag' run_id='scheduled__2025-05-13T21:00:00+00:00' try_number=1 dag_version_id=UUID('019df815-a045-750b-bac8-47ced7cc6a45') map_index=-1 hostname='86abe326db93' context_carrier={'traceparent': '00-aaab353f9dfc369d70c8702d6b06f477-fffa52a74cde229b-01'} task=<Task(PythonOperator): print_interval> bundle_instance=LocalDagBundle(name=dags-folder) max_tries=0 start_date=datetime.datetime(2026, 5, 5, 12, 25, 58, 338702, tzinfo=datetime.timezone.utc) end_date=None state=<TaskInstanceState.RUNNING: 'running'> is_mapped=False rendered_map_index=None sentry_integration=''","logger":"task.stdout"}
{"timestamp":"2026-05-05T12:25:59.674459Z","level":"info","event":"outlet_events: OutletEventAccessors(_dict={})","logger":"task.stdout"}
{"timestamp":"2026-05-05T12:25:59.679863Z","level":"info","event":"inlet_events: InletEventsAccessors(_inlets=[], _assets={}, _asset_aliases={})","logger":"task.stdout"}
{"timestamp":"2026-05-05T12:25:59.691357Z","level":"info","event":"macros: <MacrosAccessor (dynamic access to macros)>","logger":"task.stdout"}
{"timestamp":"2026-05-05T12:25:59.692529Z","level":"info","event":"params: {}","logger":"task.stdout"}
{"timestamp":"2026-05-05T12:25:59.694399Z","level":"info","event":"var: {'json': <VariableAccessor (dynamic access)>, 'value': <VariableAccessor (dynamic access)>}","logger":"task.stdout"}
{"timestamp":"2026-05-05T12:25:59.694915Z","level":"info","event":"conn: <ConnectionAccessor (dynamic access)>","logger":"task.stdout"}
{"timestamp":"2026-05-05T12:25:59.698099Z","level":"info","event":"dag_run: dag_id='print_interval_dag' run_id='scheduled__2025-05-13T21:00:00+00:00' logical_date=datetime.datetime(2025, 5, 13, 21, 0, tzinfo=datetime.timezone.utc) data_interval_start=datetime.datetime(2025, 5, 13, 21, 0, tzinfo=datetime.timezone.utc) data_interval_end=datetime.datetime(2025, 5, 13, 21, 0, tzinfo=datetime.timezone.utc) run_after=datetime.datetime(2025, 5, 13, 21, 0, tzinfo=datetime.timezone.utc) start_date=datetime.datetime(2026, 5, 5, 12, 25, 57, 895678, tzinfo=datetime.timezone.utc) end_date=None clear_number=0 run_type=<DagRunType.SCHEDULED: 'scheduled'> state=<DagRunState.RUNNING: 'running'> conf={} triggering_user_name=None consumed_asset_events=[] partition_key=None note=None","logger":"task.stdout"}
{"timestamp":"2026-05-05T12:25:59.704338Z","level":"info","event":"triggering_asset_events: TriggeringAssetEventAccessor(_events=defaultdict(<class 'list'>, {}))","logger":"task.stdout"}
{"timestamp":"2026-05-05T12:25:59.705720Z","level":"info","event":"task_instance_key_str: print_interval_dag__print_interval__20250513","logger":"task.stdout"}
{"timestamp":"2026-05-05T12:25:59.710220Z","level":"info","event":"task_reschedule_count: 0","logger":"task.stdout"}
{"timestamp":"2026-05-05T12:25:59.806525Z","level":"info","event":"prev_start_date_success: 2026-05-05 12:25:57.188582+00:00","logger":"task.stdout"}
{"timestamp":"2026-05-05T12:25:59.807355Z","level":"info","event":"prev_end_date_success: 2026-05-05 12:25:59.555545+00:00","logger":"task.stdout"}
{"timestamp":"2026-05-05T12:25:59.808463Z","level":"info","event":"logical_date: 2025-05-13 21:00:00+00:00","logger":"task.stdout"}
{"timestamp":"2026-05-05T12:25:59.808955Z","level":"info","event":"ds: 2025-05-13","logger":"task.stdout"}
{"timestamp":"2026-05-05T12:25:59.811874Z","level":"info","event":"ds_nodash: 20250513","logger":"task.stdout"}
{"timestamp":"2026-05-05T12:25:59.814287Z","level":"info","event":"ts: 2025-05-13T21:00:00+00:00","logger":"task.stdout"}
{"timestamp":"2026-05-05T12:25:59.816933Z","level":"info","event":"ts_nodash: 20250513T210000","logger":"task.stdout"}
{"timestamp":"2026-05-05T12:25:59.817450Z","level":"info","event":"ts_nodash_with_tz: 20250513T210000+0000","logger":"task.stdout"}
{"timestamp":"2026-05-05T12:25:59.818024Z","level":"info","event":"data_interval_end: 2025-05-13 21:00:00+00:00","logger":"task.stdout"}
{"timestamp":"2026-05-05T12:25:59.818745Z","level":"info","event":"data_interval_start: 2025-05-13 21:00:00+00:00","logger":"task.stdout"}
{"timestamp":"2026-05-05T12:25:59.820332Z","level":"info","event":"prev_data_interval_start_success: 2025-05-13 18:00:00+00:00","logger":"task.stdout"}
{"timestamp":"2026-05-05T12:25:59.823496Z","level":"info","event":"prev_data_interval_end_success: 2025-05-13 18:00:00+00:00","logger":"task.stdout"}
{"timestamp":"2026-05-05T12:25:59.824099Z","level":"info","event":"templates_dict: None","logger":"task.stdout"}
{"timestamp":"2026-05-05T12:25:59.810423Z","level":"info","event":"Done. Returned value was: None","logger":"airflow.task.operators.airflow.providers.standard.operators.python.PythonOperator","filename":"python.py","lineno":229}
{"timestamp":"2026-05-05T12:25:59.960478Z","level":"info","event":"Task instance in success state","logger":"task.stdout"}
{"timestamp":"2026-05-05T12:25:59.963102Z","level":"info","event":" Previous state of the Task instance: TaskInstanceState.RUNNING","logger":"task.stdout"}
{"timestamp":"2026-05-05T12:25:59.969870Z","level":"info","event":"Task operator:<Task(PythonOperator): print_interval>","logger":"task.stdout"}
