{"timestamp":"2026-05-08T17:37:41.233306Z","level":"info","event":"DAG bundles loaded: dags-folder, example_dags","logger":"airflow.dag_processing.bundles.manager.DagBundlesManager","filename":"manager.py","lineno":209}
{"timestamp":"2026-05-08T17:37:41.237117Z","level":"info","event":"Filling up the DagBag from /opt/airflow/dags/csv_upsert_pipeline.py","logger":"airflow.dag_processing.dagbag.BundleDagBag","filename":"dagbag.py","lineno":469}
{"timestamp":"2026-05-08T17:37:41.249390Z","level":"warning","event":"airflow.exceptions.AirflowSkipException is deprecated and will be removed in a future version. Use airflow.sdk.exceptions.AirflowSkipException instead.","category":"UserWarning","filename":"/opt/airflow/dags/csv_upsert_pipeline.py","lineno":7,"logger":"py.warnings"}
{"timestamp":"2026-05-08T17:37:41.552767Z","level":"info","event":"Task instance is in running state","logger":"task.stdout"}
{"timestamp":"2026-05-08T17:37:41.553419Z","level":"info","event":" Previous state of the Task instance: TaskInstanceState.QUEUED","logger":"task.stdout"}
{"timestamp":"2026-05-08T17:37:41.554102Z","level":"info","event":"Current task name:process_partition","logger":"task.stdout"}
{"timestamp":"2026-05-08T17:37:41.558680Z","level":"info","event":"Dag name:csv_upsert_pipeline","logger":"task.stdout"}
{"timestamp":"2026-05-08T17:37:41.563216Z","level":"info","event":"[INFO] data_interval_start : 2026-05-02 07:00:00+00:00","logger":"task.stdout"}
{"timestamp":"2026-05-08T17:37:41.564008Z","level":"info","event":"[INFO] data_interval_end   : 2026-05-02 07:00:00+00:00","logger":"task.stdout"}
{"timestamp":"2026-05-08T17:37:41.564570Z","level":"info","event":"[INFO] Processing partition: /data/time_stamp=2026-05-02-07","logger":"task.stdout"}
{"timestamp":"2026-05-08T17:37:41.570466Z","level":"info","event":"[INFO] Sorted files: ['data_1.csv', 'data_2.csv', 'data_3.csv', 'data_4.csv']","logger":"task.stdout"}
{"timestamp":"2026-05-08T17:37:41.571919Z","level":"info","event":"[INFO] Read data_1.csv  (index=1)","logger":"task.stdout"}
{"timestamp":"2026-05-08T17:37:41.573202Z","level":"info","event":"[INFO] Read data_2.csv  (index=2)","logger":"task.stdout"}
{"timestamp":"2026-05-08T17:37:41.573857Z","level":"info","event":"[INFO] Read data_3.csv  (index=3)","logger":"task.stdout"}
{"timestamp":"2026-05-08T17:37:41.578868Z","level":"info","event":"[INFO] Read data_4.csv  (index=4)","logger":"task.stdout"}
{"timestamp":"2026-05-08T17:37:41.579489Z","level":"info","event":"[INFO] Resolved 18 unique IDs for this run:","logger":"task.stdout"}
{"timestamp":"2026-05-08T17:37:41.580466Z","level":"info","event":"       id=1 → {'id': '1', 'name': 'Ivy', 'age': '39', 'department': 'Finance', 'salary': '41309.52', 'working_hours': '30.9'}","logger":"task.stdout"}
{"timestamp":"2026-05-08T17:37:41.581123Z","level":"info","event":"       id=2 → {'id': '2', 'name': 'Diana', 'age': '28', 'department': 'Finance', 'salary': '84465.69', 'working_hours': '42.6'}","logger":"task.stdout"}
{"timestamp":"2026-05-08T17:37:41.581635Z","level":"info","event":"       id=3 → {'id': '3', 'name': 'Diana', 'age': '23', 'department': 'Finance', 'salary': '114187.68', 'working_hours': '59.0'}","logger":"task.stdout"}
{"timestamp":"2026-05-08T17:37:41.582275Z","level":"info","event":"       id=4 → {'id': '4', 'name': 'Bob', 'age': '46', 'department': 'Operations', 'salary': '58119.73', 'working_hours': '50.3'}","logger":"task.stdout"}
{"timestamp":"2026-05-08T17:37:41.582735Z","level":"info","event":"       id=5 → {'id': '5', 'name': 'Eve', 'age': '36', 'department': 'Finance', 'salary': '110635.32', 'working_hours': '28.1'}","logger":"task.stdout"}
{"timestamp":"2026-05-08T17:37:41.583488Z","level":"info","event":"       id=6 → {'id': '6', 'name': 'Ivy', 'age': '51', 'department': 'Engineering', 'salary': '72627.53', 'working_hours': '40.2'}","logger":"task.stdout"}
{"timestamp":"2026-05-08T17:37:41.584072Z","level":"info","event":"       id=7 → {'id': '7', 'name': 'Grace', 'age': '48', 'department': 'Operations', 'salary': '60697.38', 'working_hours': '37.2'}","logger":"task.stdout"}
{"timestamp":"2026-05-08T17:37:41.584868Z","level":"info","event":"       id=8 → {'id': '8', 'name': 'Charlie', 'age': '45', 'department': 'HR', 'salary': '67621.97', 'working_hours': '48.7'}","logger":"task.stdout"}
{"timestamp":"2026-05-08T17:37:41.585327Z","level":"info","event":"       id=9 → {'id': '9', 'name': 'Diana', 'age': '31', 'department': 'Operations', 'salary': '102636.26', 'working_hours': '51.1'}","logger":"task.stdout"}
{"timestamp":"2026-05-08T17:37:41.585936Z","level":"info","event":"       id=10 → {'id': '10', 'name': 'Frank', 'age': '33', 'department': 'HR', 'salary': '37277.12', 'working_hours': '34.0'}","logger":"task.stdout"}
{"timestamp":"2026-05-08T17:37:41.586376Z","level":"info","event":"       id=11 → {'id': '11', 'name': 'Alice', 'age': '41', 'department': 'Finance', 'salary': '47331.37', 'working_hours': '49.0'}","logger":"task.stdout"}
{"timestamp":"2026-05-08T17:37:41.586938Z","level":"info","event":"       id=12 → {'id': '12', 'name': 'Ivy', 'age': '32', 'department': 'Engineering', 'salary': '33797.76', 'working_hours': '33.4'}","logger":"task.stdout"}
{"timestamp":"2026-05-08T17:37:41.589049Z","level":"info","event":"       id=13 → {'id': '13', 'name': 'Bob', 'age': '43', 'department': 'HR', 'salary': '63862.15', 'working_hours': '47.3'}","logger":"task.stdout"}
{"timestamp":"2026-05-08T17:37:41.589929Z","level":"info","event":"       id=14 → {'id': '14', 'name': 'Eve', 'age': '30', 'department': 'Marketing', 'salary': '33884.82', 'working_hours': '47.7'}","logger":"task.stdout"}
{"timestamp":"2026-05-08T17:37:41.590360Z","level":"info","event":"       id=15 → {'id': '15', 'name': 'Eve', 'age': '29', 'department': 'Marketing', 'salary': '86459.64', 'working_hours': '58.8'}","logger":"task.stdout"}
{"timestamp":"2026-05-08T17:37:41.594577Z","level":"info","event":"       id=16 → {'id': '16', 'name': 'Eve', 'age': '58', 'department': 'Operations', 'salary': '96504.82', 'working_hours': '30.1'}","logger":"task.stdout"}
{"timestamp":"2026-05-08T17:37:41.595338Z","level":"info","event":"       id=17 → {'id': '17', 'name': 'Diana', 'age': '27', 'department': 'Sales', 'salary': '61912.35', 'working_hours': '45.3'}","logger":"task.stdout"}
{"timestamp":"2026-05-08T17:37:41.595825Z","level":"info","event":"       id=18 → {'id': '18', 'name': 'Grace', 'age': '49', 'department': 'HR', 'salary': '43849.98', 'working_hours': '27.5'}","logger":"task.stdout"}
{"timestamp":"2026-05-08T17:37:41.596909Z","level":"info","event":"[INFO] result.csv mil gayi — upsert karte hain.","logger":"task.stdout"}
{"timestamp":"2026-05-08T17:37:41.597463Z","level":"info","event":"[INFO] Existing result.csv mein 20 rows hain.","logger":"task.stdout"}
{"timestamp":"2026-05-08T17:37:41.600820Z","level":"info","event":"       UPDATE  id=1","logger":"task.stdout"}
{"timestamp":"2026-05-08T17:37:41.601334Z","level":"info","event":"       UPDATE  id=2","logger":"task.stdout"}
{"timestamp":"2026-05-08T17:37:41.602781Z","level":"info","event":"       UPDATE  id=3","logger":"task.stdout"}
{"timestamp":"2026-05-08T17:37:41.605555Z","level":"info","event":"       UPDATE  id=4","logger":"task.stdout"}
{"timestamp":"2026-05-08T17:37:41.609957Z","level":"info","event":"       UPDATE  id=5","logger":"task.stdout"}
{"timestamp":"2026-05-08T17:37:41.610726Z","level":"info","event":"       UPDATE  id=6","logger":"task.stdout"}
{"timestamp":"2026-05-08T17:37:41.611253Z","level":"info","event":"       UPDATE  id=7","logger":"task.stdout"}
{"timestamp":"2026-05-08T17:37:41.611775Z","level":"info","event":"       UPDATE  id=8","logger":"task.stdout"}
{"timestamp":"2026-05-08T17:37:41.612182Z","level":"info","event":"       UPDATE  id=9","logger":"task.stdout"}
{"timestamp":"2026-05-08T17:37:41.612923Z","level":"info","event":"       UPDATE  id=10","logger":"task.stdout"}
{"timestamp":"2026-05-08T17:37:41.614299Z","level":"info","event":"       UPDATE  id=11","logger":"task.stdout"}
{"timestamp":"2026-05-08T17:37:41.619047Z","level":"info","event":"       UPDATE  id=12","logger":"task.stdout"}
{"timestamp":"2026-05-08T17:37:41.621159Z","level":"info","event":"       UPDATE  id=13","logger":"task.stdout"}
{"timestamp":"2026-05-08T17:37:41.621766Z","level":"info","event":"       UPDATE  id=14","logger":"task.stdout"}
{"timestamp":"2026-05-08T17:37:41.622227Z","level":"info","event":"       UPDATE  id=15","logger":"task.stdout"}
{"timestamp":"2026-05-08T17:37:41.622800Z","level":"info","event":"       UPDATE  id=16","logger":"task.stdout"}
{"timestamp":"2026-05-08T17:37:41.625472Z","level":"info","event":"       UPDATE  id=17","logger":"task.stdout"}
{"timestamp":"2026-05-08T17:37:41.627064Z","level":"info","event":"       UPDATE  id=18","logger":"task.stdout"}
{"timestamp":"2026-05-08T17:37:41.632033Z","level":"info","event":"[INFO] result.csv updated — total 20 rows.","logger":"task.stdout"}
{"timestamp":"2026-05-08T17:37:41.587663Z","level":"info","event":"Done. Returned value was: None","logger":"airflow.task.operators.airflow.providers.standard.operators.python.PythonOperator","filename":"python.py","lineno":229}
{"timestamp":"2026-05-08T17:37:41.761342Z","level":"info","event":"Task instance in success state","logger":"task.stdout"}
{"timestamp":"2026-05-08T17:37:41.762216Z","level":"info","event":" Previous state of the Task instance: TaskInstanceState.RUNNING","logger":"task.stdout"}
{"timestamp":"2026-05-08T17:37:41.762878Z","level":"info","event":"Task operator:<Task(PythonOperator): process_partition>","logger":"task.stdout"}
{"timestamp":"2026-05-11T16:46:44.051861Z","level":"info","event":"DAG bundles loaded: dags-folder, example_dags","logger":"airflow.dag_processing.bundles.manager.DagBundlesManager","filename":"manager.py","lineno":209}
{"timestamp":"2026-05-11T16:46:44.054433Z","level":"info","event":"Filling up the DagBag from /opt/airflow/dags/csv_upsert_pipeline.py","logger":"airflow.dag_processing.dagbag.BundleDagBag","filename":"dagbag.py","lineno":469}
{"timestamp":"2026-05-11T16:46:44.396125Z","level":"info","event":"Task instance is in running state","logger":"task.stdout"}
{"timestamp":"2026-05-11T16:46:44.396586Z","level":"info","event":" Previous state of the Task instance: TaskInstanceState.QUEUED","logger":"task.stdout"}
{"timestamp":"2026-05-11T16:46:44.397065Z","level":"info","event":"Current task name:process_partition","logger":"task.stdout"}
{"timestamp":"2026-05-11T16:46:44.400954Z","level":"info","event":"Dag name:csv_upsert_pipeline","logger":"task.stdout"}
{"timestamp":"2026-05-11T16:46:44.401879Z","level":"info","event":"[INFO] data_interval_start : 2026-05-02 07:00:00+00:00","logger":"task.stdout"}
{"timestamp":"2026-05-11T16:46:44.406826Z","level":"info","event":"[INFO] data_interval_end   : 2026-05-02 07:00:00+00:00","logger":"task.stdout"}
{"timestamp":"2026-05-11T16:46:44.407374Z","level":"info","event":"[INFO] Processing partition: /data/time_stamp=2026-05-02-07","logger":"task.stdout"}
{"timestamp":"2026-05-11T16:46:44.498426Z","level":"error","event":"/home/airflow/.local/lib/python3.13/site-packages/pyspark/bin/load-spark-env.sh: line 68: ps: command not found","logger":"task.stderr"}
{"timestamp":"2026-05-11T16:46:44.500869Z","level":"error","event":"JAVA_HOME is not set","logger":"task.stderr"}
{"timestamp":"2026-05-11T16:46:44.565261Z","level":"error","event":"Task failed with exception","logger":"task","filename":"task_runner.py","lineno":1347,"error_detail":[{"exc_type":"PySparkRuntimeError","exc_value":"[JAVA_GATEWAY_EXITED] Java gateway process exited before sending its port number.","exc_notes":[],"syntax_error":null,"is_cause":false,"frames":[{"filename":"/home/airflow/.local/lib/python3.13/site-packages/airflow/sdk/execution_time/task_runner.py","lineno":1263,"name":"run"},{"filename":"/home/airflow/.local/lib/python3.13/site-packages/airflow/sdk/execution_time/task_runner.py","lineno":1678,"name":"_execute_task"},{"filename":"/home/airflow/.local/lib/python3.13/site-packages/airflow/sdk/bases/operator.py","lineno":443,"name":"wrapper"},{"filename":"/home/airflow/.local/lib/python3.13/site-packages/airflow/providers/standard/operators/python.py","lineno":227,"name":"execute"},{"filename":"/home/airflow/.local/lib/python3.13/site-packages/airflow/providers/standard/operators/python.py","lineno":250,"name":"execute_callable"},{"filename":"/home/airflow/.local/lib/python3.13/site-packages/airflow/sdk/execution_time/callback_runner.py","lineno":97,"name":"run"},{"filename":"/opt/airflow/dags/csv_upsert_pipeline.py","lineno":47,"name":"process_partition"},{"filename":"/home/airflow/.local/lib/python3.13/site-packages/pyspark/sql/session.py","lineno":497,"name":"getOrCreate"},{"filename":"/home/airflow/.local/lib/python3.13/site-packages/pyspark/context.py","lineno":515,"name":"getOrCreate"},{"filename":"/home/airflow/.local/lib/python3.13/site-packages/pyspark/context.py","lineno":201,"name":"__init__"},{"filename":"/home/airflow/.local/lib/python3.13/site-packages/pyspark/context.py","lineno":436,"name":"_ensure_initialized"},{"filename":"/home/airflow/.local/lib/python3.13/site-packages/pyspark/java_gateway.py","lineno":107,"name":"launch_gateway"}],"is_group":false,"exceptions":[]}]}
{"timestamp":"2026-05-11T16:46:44.572257Z","level":"info","event":"Task instance in failure state","logger":"task.stdout"}
{"timestamp":"2026-05-11T16:46:44.572946Z","level":"info","event":"Task start","logger":"task.stdout"}
{"timestamp":"2026-05-11T16:46:44.573439Z","level":"info","event":"Task:<Task(PythonOperator): process_partition>","logger":"task.stdout"}
{"timestamp":"2026-05-11T16:46:44.573910Z","level":"info","event":"Failure caused by [JAVA_GATEWAY_EXITED] Java gateway process exited before sending its port number.","logger":"task.stdout"}
{"timestamp":"2026-05-11T17:17:20.375501Z","level":"info","event":"DAG bundles loaded: dags-folder, example_dags","logger":"airflow.dag_processing.bundles.manager.DagBundlesManager","filename":"manager.py","lineno":209}
{"timestamp":"2026-05-11T17:17:20.376955Z","level":"info","event":"Filling up the DagBag from /opt/airflow/dags/__pycache__/csv_upsert_pipeline.py","logger":"airflow.dag_processing.dagbag.BundleDagBag","filename":"dagbag.py","lineno":469}
{"timestamp":"2026-05-11T17:17:20.394325Z","level":"warning","event":"airflow.exceptions.AirflowSkipException is deprecated and will be removed in a future version. Use airflow.sdk.exceptions.AirflowSkipException instead.","category":"UserWarning","filename":"/opt/airflow/dags/__pycache__/csv_upsert_pipeline.py","lineno":7,"logger":"py.warnings"}
{"timestamp":"2026-05-11T17:17:20.453113Z","level":"info","event":"Task instance is in running state","logger":"task.stdout"}
{"timestamp":"2026-05-11T17:17:20.453914Z","level":"info","event":" Previous state of the Task instance: TaskInstanceState.QUEUED","logger":"task.stdout"}
{"timestamp":"2026-05-11T17:17:20.454533Z","level":"info","event":"Current task name:process_partition","logger":"task.stdout"}
{"timestamp":"2026-05-11T17:17:20.455135Z","level":"info","event":"Dag name:csv_upsert_pipeline","logger":"task.stdout"}
{"timestamp":"2026-05-11T17:17:20.458857Z","level":"info","event":"[INFO] data_interval_start : 2026-05-02 07:00:00+00:00","logger":"task.stdout"}
{"timestamp":"2026-05-11T17:17:20.459740Z","level":"info","event":"[INFO] data_interval_end   : 2026-05-02 07:00:00+00:00","logger":"task.stdout"}
{"timestamp":"2026-05-11T17:17:20.461490Z","level":"info","event":"[INFO] Processing partition: /data/time_stamp=2026-05-02-07","logger":"task.stdout"}
{"timestamp":"2026-05-11T17:17:20.463018Z","level":"info","event":"[INFO] Sorted files: ['data_1.csv', 'data_2.csv', 'data_3.csv', 'data_4.csv']","logger":"task.stdout"}
{"timestamp":"2026-05-11T17:17:20.467999Z","level":"info","event":"[INFO] Read data_1.csv  (index=1)","logger":"task.stdout"}
{"timestamp":"2026-05-11T17:17:20.469181Z","level":"info","event":"[INFO] Read data_2.csv  (index=2)","logger":"task.stdout"}
{"timestamp":"2026-05-11T17:17:20.470241Z","level":"info","event":"[INFO] Read data_3.csv  (index=3)","logger":"task.stdout"}
{"timestamp":"2026-05-11T17:17:20.473837Z","level":"info","event":"[INFO] Read data_4.csv  (index=4)","logger":"task.stdout"}
{"timestamp":"2026-05-11T17:17:20.474313Z","level":"info","event":"[INFO] Resolved 18 unique IDs for this run:","logger":"task.stdout"}
{"timestamp":"2026-05-11T17:17:20.478433Z","level":"info","event":"       id=1 → {'id': '1', 'name': 'Ivy', 'age': '39', 'department': 'Finance', 'salary': '41309.52', 'working_hours': '30.9'}","logger":"task.stdout"}
{"timestamp":"2026-05-11T17:17:20.479113Z","level":"info","event":"       id=2 → {'id': '2', 'name': 'Diana', 'age': '28', 'department': 'Finance', 'salary': '84465.69', 'working_hours': '42.6'}","logger":"task.stdout"}
{"timestamp":"2026-05-11T17:17:20.479572Z","level":"info","event":"       id=3 → {'id': '3', 'name': 'Diana', 'age': '23', 'department': 'Finance', 'salary': '114187.68', 'working_hours': '59.0'}","logger":"task.stdout"}
{"timestamp":"2026-05-11T17:17:20.484099Z","level":"info","event":"       id=4 → {'id': '4', 'name': 'Bob', 'age': '46', 'department': 'Operations', 'salary': '58119.73', 'working_hours': '50.3'}","logger":"task.stdout"}
{"timestamp":"2026-05-11T17:17:20.486823Z","level":"info","event":"       id=5 → {'id': '5', 'name': 'Eve', 'age': '36', 'department': 'Finance', 'salary': '110635.32', 'working_hours': '28.1'}","logger":"task.stdout"}
{"timestamp":"2026-05-11T17:17:20.487828Z","level":"info","event":"       id=6 → {'id': '6', 'name': 'Ivy', 'age': '51', 'department': 'Engineering', 'salary': '72627.53', 'working_hours': '40.2'}","logger":"task.stdout"}
{"timestamp":"2026-05-11T17:17:20.490027Z","level":"info","event":"       id=7 → {'id': '7', 'name': 'Grace', 'age': '48', 'department': 'Operations', 'salary': '60697.38', 'working_hours': '37.2'}","logger":"task.stdout"}
{"timestamp":"2026-05-11T17:17:20.490533Z","level":"info","event":"       id=8 → {'id': '8', 'name': 'Charlie', 'age': '45', 'department': 'HR', 'salary': '67621.97', 'working_hours': '48.7'}","logger":"task.stdout"}
{"timestamp":"2026-05-11T17:17:20.494912Z","level":"info","event":"       id=9 → {'id': '9', 'name': 'Diana', 'age': '31', 'department': 'Operations', 'salary': '102636.26', 'working_hours': '51.1'}","logger":"task.stdout"}
{"timestamp":"2026-05-11T17:17:20.495513Z","level":"info","event":"       id=10 → {'id': '10', 'name': 'Frank', 'age': '33', 'department': 'HR', 'salary': '37277.12', 'working_hours': '34.0'}","logger":"task.stdout"}
{"timestamp":"2026-05-11T17:17:20.495958Z","level":"info","event":"       id=11 → {'id': '11', 'name': 'Alice', 'age': '41', 'department': 'Finance', 'salary': '47331.37', 'working_hours': '49.0'}","logger":"task.stdout"}
{"timestamp":"2026-05-11T17:17:20.498171Z","level":"info","event":"       id=12 → {'id': '12', 'name': 'Ivy', 'age': '32', 'department': 'Engineering', 'salary': '33797.76', 'working_hours': '33.4'}","logger":"task.stdout"}
{"timestamp":"2026-05-11T17:17:20.498895Z","level":"info","event":"       id=13 → {'id': '13', 'name': 'Bob', 'age': '43', 'department': 'HR', 'salary': '63862.15', 'working_hours': '47.3'}","logger":"task.stdout"}
{"timestamp":"2026-05-11T17:17:20.502013Z","level":"info","event":"       id=14 → {'id': '14', 'name': 'Eve', 'age': '30', 'department': 'Marketing', 'salary': '33884.82', 'working_hours': '47.7'}","logger":"task.stdout"}
{"timestamp":"2026-05-11T17:17:20.502713Z","level":"info","event":"       id=15 → {'id': '15', 'name': 'Eve', 'age': '29', 'department': 'Marketing', 'salary': '86459.64', 'working_hours': '58.8'}","logger":"task.stdout"}
{"timestamp":"2026-05-11T17:17:20.503122Z","level":"info","event":"       id=16 → {'id': '16', 'name': 'Eve', 'age': '58', 'department': 'Operations', 'salary': '96504.82', 'working_hours': '30.1'}","logger":"task.stdout"}
{"timestamp":"2026-05-11T17:17:20.506936Z","level":"info","event":"       id=17 → {'id': '17', 'name': 'Diana', 'age': '27', 'department': 'Sales', 'salary': '61912.35', 'working_hours': '45.3'}","logger":"task.stdout"}
{"timestamp":"2026-05-11T17:17:20.507494Z","level":"info","event":"       id=18 → {'id': '18', 'name': 'Grace', 'age': '49', 'department': 'HR', 'salary': '43849.98', 'working_hours': '27.5'}","logger":"task.stdout"}
{"timestamp":"2026-05-11T17:17:20.508299Z","level":"info","event":"[INFO] result.csv found — upsert.","logger":"task.stdout"}
{"timestamp":"2026-05-11T17:17:20.510114Z","level":"info","event":"[INFO] In existing result.csv 20 rows.","logger":"task.stdout"}
{"timestamp":"2026-05-11T17:17:20.510984Z","level":"info","event":"       UPDATE  id=1","logger":"task.stdout"}
{"timestamp":"2026-05-11T17:17:20.511995Z","level":"info","event":"       UPDATE  id=2","logger":"task.stdout"}
{"timestamp":"2026-05-11T17:17:20.514959Z","level":"info","event":"       UPDATE  id=3","logger":"task.stdout"}
{"timestamp":"2026-05-11T17:17:20.515541Z","level":"info","event":"       UPDATE  id=4","logger":"task.stdout"}
{"timestamp":"2026-05-11T17:17:20.516156Z","level":"info","event":"       UPDATE  id=5","logger":"task.stdout"}
{"timestamp":"2026-05-11T17:17:20.518899Z","level":"info","event":"       UPDATE  id=6","logger":"task.stdout"}
{"timestamp":"2026-05-11T17:17:20.519416Z","level":"info","event":"       UPDATE  id=7","logger":"task.stdout"}
{"timestamp":"2026-05-11T17:17:20.520135Z","level":"info","event":"       UPDATE  id=8","logger":"task.stdout"}
{"timestamp":"2026-05-11T17:17:20.520957Z","level":"info","event":"       UPDATE  id=9","logger":"task.stdout"}
{"timestamp":"2026-05-11T17:17:20.522092Z","level":"info","event":"       UPDATE  id=10","logger":"task.stdout"}
{"timestamp":"2026-05-11T17:17:20.522678Z","level":"info","event":"       UPDATE  id=11","logger":"task.stdout"}
{"timestamp":"2026-05-11T17:17:20.523595Z","level":"info","event":"       UPDATE  id=12","logger":"task.stdout"}
{"timestamp":"2026-05-11T17:17:20.525970Z","level":"info","event":"       UPDATE  id=13","logger":"task.stdout"}
{"timestamp":"2026-05-11T17:17:20.526539Z","level":"info","event":"       UPDATE  id=14","logger":"task.stdout"}
{"timestamp":"2026-05-11T17:17:20.528107Z","level":"info","event":"       UPDATE  id=15","logger":"task.stdout"}
{"timestamp":"2026-05-11T17:17:20.532055Z","level":"info","event":"       UPDATE  id=16","logger":"task.stdout"}
{"timestamp":"2026-05-11T17:17:20.532991Z","level":"info","event":"       UPDATE  id=17","logger":"task.stdout"}
{"timestamp":"2026-05-11T17:17:20.534067Z","level":"info","event":"       UPDATE  id=18","logger":"task.stdout"}
{"timestamp":"2026-05-11T17:17:20.534857Z","level":"info","event":"[INFO] result.csv updated — total 20 rows.","logger":"task.stdout"}
{"timestamp":"2026-05-11T17:17:20.474432Z","level":"info","event":"Done. Returned value was: None","logger":"airflow.task.operators.airflow.providers.standard.operators.python.PythonOperator","filename":"python.py","lineno":229}
{"timestamp":"2026-05-11T17:17:20.581050Z","level":"info","event":"Task instance in success state","logger":"task.stdout"}
{"timestamp":"2026-05-11T17:17:20.581777Z","level":"info","event":" Previous state of the Task instance: TaskInstanceState.RUNNING","logger":"task.stdout"}
{"timestamp":"2026-05-11T17:17:20.582492Z","level":"info","event":"Task operator:<Task(PythonOperator): process_partition>","logger":"task.stdout"}
