{"timestamp":"2026-05-05T10:29:41.005738Z","level":"info","event":"DAG bundles loaded: dags-folder, example_dags","logger":"airflow.dag_processing.bundles.manager.DagBundlesManager","filename":"manager.py","lineno":209}
{"timestamp":"2026-05-05T10:29:41.008850Z","level":"info","event":"Filling up the DagBag from /opt/airflow/dags/print_interval_dag.py","logger":"airflow.dag_processing.dagbag.BundleDagBag","filename":"dagbag.py","lineno":469}
{"timestamp":"2026-05-05T10:29:41.025412Z","level":"warning","event":"The `airflow.operators.python.PythonOperator` attribute is deprecated. Please use `'airflow.providers.standard.operators.python.PythonOperator'`.","category":"UserWarning","filename":"/opt/airflow/dags/print_interval_dag.py","lineno":2,"logger":"py.warnings"}
{"timestamp":"2026-05-05T10:29:41.114782Z","level":"info","event":"Task instance is in running state","logger":"task.stdout"}
{"timestamp":"2026-05-05T10:29:41.121220Z","level":"info","event":" Previous state of the Task instance: TaskInstanceState.QUEUED","logger":"task.stdout"}
{"timestamp":"2026-05-05T10:29:41.137107Z","level":"info","event":"Current task name:print_interval","logger":"task.stdout"}
{"timestamp":"2026-05-05T10:29:41.144787Z","level":"info","event":"Dag name:print_interval_dag","logger":"task.stdout"}
{"timestamp":"2026-05-05T10:29:41.145699Z","level":"info","event":"Interval Start: 2025-05-07 03:00:00+00:00","logger":"task.stdout"}
{"timestamp":"2026-05-05T10:29:41.146219Z","level":"info","event":"Interval End:   2025-05-07 03:00:00+00:00","logger":"task.stdout"}
{"timestamp":"2026-05-05T10:29:41.114884Z","level":"info","event":"Done. Returned value was: None","logger":"airflow.task.operators.airflow.providers.standard.operators.python.PythonOperator","filename":"python.py","lineno":229}
{"timestamp":"2026-05-05T10:29:41.193814Z","level":"info","event":"Task instance in success state","logger":"task.stdout"}
{"timestamp":"2026-05-05T10:29:41.195116Z","level":"info","event":" Previous state of the Task instance: TaskInstanceState.RUNNING","logger":"task.stdout"}
{"timestamp":"2026-05-05T10:29:41.195703Z","level":"info","event":"Task operator:<Task(PythonOperator): print_interval>","logger":"task.stdout"}
{"timestamp":"2026-05-05T12:25:30.702583Z","level":"info","event":"DAG bundles loaded: dags-folder, example_dags","logger":"airflow.dag_processing.bundles.manager.DagBundlesManager","filename":"manager.py","lineno":209}
{"timestamp":"2026-05-05T12:25:30.704615Z","level":"info","event":"Filling up the DagBag from /opt/airflow/dags/print_interval_dag.py","logger":"airflow.dag_processing.dagbag.BundleDagBag","filename":"dagbag.py","lineno":469}
{"timestamp":"2026-05-05T12:25:30.788349Z","level":"info","event":"Task instance is in running state","logger":"task.stdout"}
{"timestamp":"2026-05-05T12:25:30.790733Z","level":"info","event":" Previous state of the Task instance: TaskInstanceState.QUEUED","logger":"task.stdout"}
{"timestamp":"2026-05-05T12:25:30.791411Z","level":"info","event":"Current task name:print_interval","logger":"task.stdout"}
{"timestamp":"2026-05-05T12:25:30.791982Z","level":"info","event":"Dag name:print_interval_dag","logger":"task.stdout"}
{"timestamp":"2026-05-05T12:25:30.793481Z","level":"info","event":"=== ALL AVAILABLE MACROS ===","logger":"task.stdout"}
{"timestamp":"2026-05-05T12:25:30.795237Z","level":"info","event":"dag: <DAG: print_interval_dag>","logger":"task.stdout"}
{"timestamp":"2026-05-05T12:25:30.795914Z","level":"info","event":"inlets: []","logger":"task.stdout"}
{"timestamp":"2026-05-05T12:25:30.796489Z","level":"info","event":"map_index_template: None","logger":"task.stdout"}
{"timestamp":"2026-05-05T12:25:30.797358Z","level":"info","event":"outlets: []","logger":"task.stdout"}
{"timestamp":"2026-05-05T12:25:30.798258Z","level":"info","event":"run_id: scheduled__2025-05-07T03:00:00+00:00","logger":"task.stdout"}
{"timestamp":"2026-05-05T12:25:30.798883Z","level":"info","event":"task: <Task(PythonOperator): print_interval>","logger":"task.stdout"}
{"timestamp":"2026-05-05T12:25:30.799564Z","level":"info","event":"task_instance: id=UUID('019df819-bb0f-7c72-968e-97ef27704fe4') task_id='print_interval' dag_id='print_interval_dag' run_id='scheduled__2025-05-07T03:00:00+00:00' try_number=1 dag_version_id=UUID('019df815-a045-750b-bac8-47ced7cc6a45') map_index=-1 hostname='86abe326db93' context_carrier={'traceparent': '00-309bee128199b0d499ebdcf03145c02f-31894e292ee9c504-01'} task=<Task(PythonOperator): print_interval> bundle_instance=LocalDagBundle(name=dags-folder) max_tries=0 start_date=datetime.datetime(2026, 5, 5, 12, 25, 29, 489324, tzinfo=datetime.timezone.utc) end_date=None state=<TaskInstanceState.RUNNING: 'running'> is_mapped=False rendered_map_index=None sentry_integration=''","logger":"task.stdout"}
{"timestamp":"2026-05-05T12:25:30.800645Z","level":"info","event":"ti: id=UUID('019df819-bb0f-7c72-968e-97ef27704fe4') task_id='print_interval' dag_id='print_interval_dag' run_id='scheduled__2025-05-07T03:00:00+00:00' try_number=1 dag_version_id=UUID('019df815-a045-750b-bac8-47ced7cc6a45') map_index=-1 hostname='86abe326db93' context_carrier={'traceparent': '00-309bee128199b0d499ebdcf03145c02f-31894e292ee9c504-01'} task=<Task(PythonOperator): print_interval> bundle_instance=LocalDagBundle(name=dags-folder) max_tries=0 start_date=datetime.datetime(2026, 5, 5, 12, 25, 29, 489324, tzinfo=datetime.timezone.utc) end_date=None state=<TaskInstanceState.RUNNING: 'running'> is_mapped=False rendered_map_index=None sentry_integration=''","logger":"task.stdout"}
{"timestamp":"2026-05-05T12:25:30.801287Z","level":"info","event":"outlet_events: OutletEventAccessors(_dict={})","logger":"task.stdout"}
{"timestamp":"2026-05-05T12:25:30.802294Z","level":"info","event":"inlet_events: InletEventsAccessors(_inlets=[], _assets={}, _asset_aliases={})","logger":"task.stdout"}
{"timestamp":"2026-05-05T12:25:30.802815Z","level":"info","event":"macros: <MacrosAccessor (dynamic access to macros)>","logger":"task.stdout"}
{"timestamp":"2026-05-05T12:25:30.803238Z","level":"info","event":"params: {}","logger":"task.stdout"}
{"timestamp":"2026-05-05T12:25:30.803800Z","level":"info","event":"var: {'json': <VariableAccessor (dynamic access)>, 'value': <VariableAccessor (dynamic access)>}","logger":"task.stdout"}
{"timestamp":"2026-05-05T12:25:30.804381Z","level":"info","event":"conn: <ConnectionAccessor (dynamic access)>","logger":"task.stdout"}
{"timestamp":"2026-05-05T12:25:30.804978Z","level":"info","event":"dag_run: dag_id='print_interval_dag' run_id='scheduled__2025-05-07T03:00:00+00:00' logical_date=datetime.datetime(2025, 5, 7, 3, 0, tzinfo=datetime.timezone.utc) data_interval_start=datetime.datetime(2025, 5, 7, 3, 0, tzinfo=datetime.timezone.utc) data_interval_end=datetime.datetime(2025, 5, 7, 3, 0, tzinfo=datetime.timezone.utc) run_after=datetime.datetime(2025, 5, 7, 3, 0, tzinfo=datetime.timezone.utc) start_date=datetime.datetime(2026, 5, 5, 12, 25, 29, 127221, tzinfo=datetime.timezone.utc) end_date=None clear_number=0 run_type=<DagRunType.SCHEDULED: 'scheduled'> state=<DagRunState.RUNNING: 'running'> conf={} triggering_user_name=None consumed_asset_events=[] partition_key=None note=None","logger":"task.stdout"}
{"timestamp":"2026-05-05T12:25:30.805768Z","level":"info","event":"triggering_asset_events: TriggeringAssetEventAccessor(_events=defaultdict(<class 'list'>, {}))","logger":"task.stdout"}
{"timestamp":"2026-05-05T12:25:30.806398Z","level":"info","event":"task_instance_key_str: print_interval_dag__print_interval__20250507","logger":"task.stdout"}
{"timestamp":"2026-05-05T12:25:30.807119Z","level":"info","event":"task_reschedule_count: 0","logger":"task.stdout"}
{"timestamp":"2026-05-05T12:25:30.834316Z","level":"info","event":"prev_start_date_success: 2026-05-05 12:25:28.663142+00:00","logger":"task.stdout"}
{"timestamp":"2026-05-05T12:25:30.835067Z","level":"info","event":"prev_end_date_success: 2026-05-05 12:25:30.691023+00:00","logger":"task.stdout"}
{"timestamp":"2026-05-05T12:25:30.835572Z","level":"info","event":"logical_date: 2025-05-07 03:00:00+00:00","logger":"task.stdout"}
{"timestamp":"2026-05-05T12:25:30.836332Z","level":"info","event":"ds: 2025-05-07","logger":"task.stdout"}
{"timestamp":"2026-05-05T12:25:30.837317Z","level":"info","event":"ds_nodash: 20250507","logger":"task.stdout"}
{"timestamp":"2026-05-05T12:25:30.837866Z","level":"info","event":"ts: 2025-05-07T03:00:00+00:00","logger":"task.stdout"}
{"timestamp":"2026-05-05T12:25:30.838343Z","level":"info","event":"ts_nodash: 20250507T030000","logger":"task.stdout"}
{"timestamp":"2026-05-05T12:25:30.838900Z","level":"info","event":"ts_nodash_with_tz: 20250507T030000+0000","logger":"task.stdout"}
{"timestamp":"2026-05-05T12:25:30.839320Z","level":"info","event":"data_interval_end: 2025-05-07 03:00:00+00:00","logger":"task.stdout"}
{"timestamp":"2026-05-05T12:25:30.839899Z","level":"info","event":"data_interval_start: 2025-05-07 03:00:00+00:00","logger":"task.stdout"}
{"timestamp":"2026-05-05T12:25:30.840346Z","level":"info","event":"prev_data_interval_start_success: 2025-05-07 00:00:00+00:00","logger":"task.stdout"}
{"timestamp":"2026-05-05T12:25:30.841011Z","level":"info","event":"prev_data_interval_end_success: 2025-05-07 00:00:00+00:00","logger":"task.stdout"}
{"timestamp":"2026-05-05T12:25:30.841487Z","level":"info","event":"templates_dict: None","logger":"task.stdout"}
{"timestamp":"2026-05-05T12:25:30.834024Z","level":"info","event":"Done. Returned value was: None","logger":"airflow.task.operators.airflow.providers.standard.operators.python.PythonOperator","filename":"python.py","lineno":229}
{"timestamp":"2026-05-05T12:25:30.885740Z","level":"info","event":"Task instance in success state","logger":"task.stdout"}
{"timestamp":"2026-05-05T12:25:30.886255Z","level":"info","event":" Previous state of the Task instance: TaskInstanceState.RUNNING","logger":"task.stdout"}
{"timestamp":"2026-05-05T12:25:30.889332Z","level":"info","event":"Task operator:<Task(PythonOperator): print_interval>","logger":"task.stdout"}
