{"timestamp":"2026-05-05T10:29:16.751478Z","level":"info","event":"DAG bundles loaded: dags-folder, example_dags","logger":"airflow.dag_processing.bundles.manager.DagBundlesManager","filename":"manager.py","lineno":209}
{"timestamp":"2026-05-05T10:29:16.753222Z","level":"info","event":"Filling up the DagBag from /opt/airflow/dags/print_interval_dag.py","logger":"airflow.dag_processing.dagbag.BundleDagBag","filename":"dagbag.py","lineno":469}
{"timestamp":"2026-05-05T10:29:16.776791Z","level":"warning","event":"The `airflow.operators.python.PythonOperator` attribute is deprecated. Please use `'airflow.providers.standard.operators.python.PythonOperator'`.","category":"UserWarning","filename":"/opt/airflow/dags/print_interval_dag.py","lineno":2,"logger":"py.warnings"}
{"timestamp":"2026-05-05T10:29:16.844335Z","level":"info","event":"Task instance is in running state","logger":"task.stdout"}
{"timestamp":"2026-05-05T10:29:16.844883Z","level":"info","event":" Previous state of the Task instance: TaskInstanceState.QUEUED","logger":"task.stdout"}
{"timestamp":"2026-05-05T10:29:16.846222Z","level":"info","event":"Current task name:print_interval","logger":"task.stdout"}
{"timestamp":"2026-05-05T10:29:16.848567Z","level":"info","event":"Dag name:print_interval_dag","logger":"task.stdout"}
{"timestamp":"2026-05-05T10:29:16.849445Z","level":"info","event":"Interval Start: 2025-05-01 09:00:00+00:00","logger":"task.stdout"}
{"timestamp":"2026-05-05T10:29:16.854894Z","level":"info","event":"Interval End:   2025-05-01 09:00:00+00:00","logger":"task.stdout"}
{"timestamp":"2026-05-05T10:29:16.848383Z","level":"info","event":"Done. Returned value was: None","logger":"airflow.task.operators.airflow.providers.standard.operators.python.PythonOperator","filename":"python.py","lineno":229}
{"timestamp":"2026-05-05T10:29:17.031661Z","level":"info","event":"Task instance in success state","logger":"task.stdout"}
{"timestamp":"2026-05-05T10:29:17.032227Z","level":"info","event":" Previous state of the Task instance: TaskInstanceState.RUNNING","logger":"task.stdout"}
{"timestamp":"2026-05-05T10:29:17.032993Z","level":"info","event":"Task operator:<Task(PythonOperator): print_interval>","logger":"task.stdout"}
{"timestamp":"2026-05-05T12:25:08.778107Z","level":"info","event":"DAG bundles loaded: dags-folder, example_dags","logger":"airflow.dag_processing.bundles.manager.DagBundlesManager","filename":"manager.py","lineno":209}
{"timestamp":"2026-05-05T12:25:08.780237Z","level":"info","event":"Filling up the DagBag from /opt/airflow/dags/print_interval_dag.py","logger":"airflow.dag_processing.dagbag.BundleDagBag","filename":"dagbag.py","lineno":469}
{"timestamp":"2026-05-05T12:25:08.852462Z","level":"info","event":"Task instance is in running state","logger":"task.stdout"}
{"timestamp":"2026-05-05T12:25:08.852976Z","level":"info","event":" Previous state of the Task instance: TaskInstanceState.QUEUED","logger":"task.stdout"}
{"timestamp":"2026-05-05T12:25:08.853576Z","level":"info","event":"Current task name:print_interval","logger":"task.stdout"}
{"timestamp":"2026-05-05T12:25:08.854112Z","level":"info","event":"Dag name:print_interval_dag","logger":"task.stdout"}
{"timestamp":"2026-05-05T12:25:08.858264Z","level":"info","event":"=== ALL AVAILABLE MACROS ===","logger":"task.stdout"}
{"timestamp":"2026-05-05T12:25:08.858903Z","level":"info","event":"dag: <DAG: print_interval_dag>","logger":"task.stdout"}
{"timestamp":"2026-05-05T12:25:08.859328Z","level":"info","event":"inlets: []","logger":"task.stdout"}
{"timestamp":"2026-05-05T12:25:08.859810Z","level":"info","event":"map_index_template: None","logger":"task.stdout"}
{"timestamp":"2026-05-05T12:25:08.860260Z","level":"info","event":"outlets: []","logger":"task.stdout"}
{"timestamp":"2026-05-05T12:25:08.861026Z","level":"info","event":"run_id: scheduled__2025-05-01T09:00:00+00:00","logger":"task.stdout"}
{"timestamp":"2026-05-05T12:25:08.861474Z","level":"info","event":"task: <Task(PythonOperator): print_interval>","logger":"task.stdout"}
{"timestamp":"2026-05-05T12:25:08.862066Z","level":"info","event":"task_instance: id=UUID('019df819-66bb-7e46-a441-c5687980e0ec') task_id='print_interval' dag_id='print_interval_dag' run_id='scheduled__2025-05-01T09:00:00+00:00' try_number=1 dag_version_id=UUID('019df815-a045-750b-bac8-47ced7cc6a45') map_index=-1 hostname='86abe326db93' context_carrier={'traceparent': '00-d80f9010ad1a083cb75bfe83e2001794-c421a8241eba4919-01'} task=<Task(PythonOperator): print_interval> bundle_instance=LocalDagBundle(name=dags-folder) max_tries=0 start_date=datetime.datetime(2026, 5, 5, 12, 25, 7, 930670, tzinfo=datetime.timezone.utc) end_date=None state=<TaskInstanceState.RUNNING: 'running'> is_mapped=False rendered_map_index=None sentry_integration=''","logger":"task.stdout"}
{"timestamp":"2026-05-05T12:25:08.862680Z","level":"info","event":"ti: id=UUID('019df819-66bb-7e46-a441-c5687980e0ec') task_id='print_interval' dag_id='print_interval_dag' run_id='scheduled__2025-05-01T09:00:00+00:00' try_number=1 dag_version_id=UUID('019df815-a045-750b-bac8-47ced7cc6a45') map_index=-1 hostname='86abe326db93' context_carrier={'traceparent': '00-d80f9010ad1a083cb75bfe83e2001794-c421a8241eba4919-01'} task=<Task(PythonOperator): print_interval> bundle_instance=LocalDagBundle(name=dags-folder) max_tries=0 start_date=datetime.datetime(2026, 5, 5, 12, 25, 7, 930670, tzinfo=datetime.timezone.utc) end_date=None state=<TaskInstanceState.RUNNING: 'running'> is_mapped=False rendered_map_index=None sentry_integration=''","logger":"task.stdout"}
{"timestamp":"2026-05-05T12:25:08.863100Z","level":"info","event":"outlet_events: OutletEventAccessors(_dict={})","logger":"task.stdout"}
{"timestamp":"2026-05-05T12:25:08.863364Z","level":"info","event":"inlet_events: InletEventsAccessors(_inlets=[], _assets={}, _asset_aliases={})","logger":"task.stdout"}
{"timestamp":"2026-05-05T12:25:08.863606Z","level":"info","event":"macros: <MacrosAccessor (dynamic access to macros)>","logger":"task.stdout"}
{"timestamp":"2026-05-05T12:25:08.863906Z","level":"info","event":"params: {}","logger":"task.stdout"}
{"timestamp":"2026-05-05T12:25:08.864151Z","level":"info","event":"var: {'json': <VariableAccessor (dynamic access)>, 'value': <VariableAccessor (dynamic access)>}","logger":"task.stdout"}
{"timestamp":"2026-05-05T12:25:08.864386Z","level":"info","event":"conn: <ConnectionAccessor (dynamic access)>","logger":"task.stdout"}
{"timestamp":"2026-05-05T12:25:08.864928Z","level":"info","event":"dag_run: dag_id='print_interval_dag' run_id='scheduled__2025-05-01T09:00:00+00:00' logical_date=datetime.datetime(2025, 5, 1, 9, 0, tzinfo=datetime.timezone.utc) data_interval_start=datetime.datetime(2025, 5, 1, 9, 0, tzinfo=datetime.timezone.utc) data_interval_end=datetime.datetime(2025, 5, 1, 9, 0, tzinfo=datetime.timezone.utc) run_after=datetime.datetime(2025, 5, 1, 9, 0, tzinfo=datetime.timezone.utc) start_date=datetime.datetime(2026, 5, 5, 12, 25, 7, 538203, tzinfo=datetime.timezone.utc) end_date=None clear_number=0 run_type=<DagRunType.SCHEDULED: 'scheduled'> state=<DagRunState.RUNNING: 'running'> conf={} triggering_user_name=None consumed_asset_events=[] partition_key=None note=None","logger":"task.stdout"}
{"timestamp":"2026-05-05T12:25:08.865244Z","level":"info","event":"triggering_asset_events: TriggeringAssetEventAccessor(_events=defaultdict(<class 'list'>, {}))","logger":"task.stdout"}
{"timestamp":"2026-05-05T12:25:08.865545Z","level":"info","event":"task_instance_key_str: print_interval_dag__print_interval__20250501","logger":"task.stdout"}
{"timestamp":"2026-05-05T12:25:08.865930Z","level":"info","event":"task_reschedule_count: 0","logger":"task.stdout"}
{"timestamp":"2026-05-05T12:25:08.884904Z","level":"info","event":"prev_start_date_success: 2026-05-05 12:25:06.780835+00:00","logger":"task.stdout"}
{"timestamp":"2026-05-05T12:25:08.889588Z","level":"info","event":"prev_end_date_success: 2026-05-05 12:25:08.549088+00:00","logger":"task.stdout"}
{"timestamp":"2026-05-05T12:25:08.892430Z","level":"info","event":"logical_date: 2025-05-01 09:00:00+00:00","logger":"task.stdout"}
{"timestamp":"2026-05-05T12:25:08.893463Z","level":"info","event":"ds: 2025-05-01","logger":"task.stdout"}
{"timestamp":"2026-05-05T12:25:08.894209Z","level":"info","event":"ds_nodash: 20250501","logger":"task.stdout"}
{"timestamp":"2026-05-05T12:25:08.894627Z","level":"info","event":"ts: 2025-05-01T09:00:00+00:00","logger":"task.stdout"}
{"timestamp":"2026-05-05T12:25:08.895299Z","level":"info","event":"ts_nodash: 20250501T090000","logger":"task.stdout"}
{"timestamp":"2026-05-05T12:25:08.896036Z","level":"info","event":"ts_nodash_with_tz: 20250501T090000+0000","logger":"task.stdout"}
{"timestamp":"2026-05-05T12:25:08.896562Z","level":"info","event":"data_interval_end: 2025-05-01 09:00:00+00:00","logger":"task.stdout"}
{"timestamp":"2026-05-05T12:25:08.897036Z","level":"info","event":"data_interval_start: 2025-05-01 09:00:00+00:00","logger":"task.stdout"}
{"timestamp":"2026-05-05T12:25:08.897383Z","level":"info","event":"prev_data_interval_start_success: 2025-05-01 03:00:00+00:00","logger":"task.stdout"}
{"timestamp":"2026-05-05T12:25:08.897713Z","level":"info","event":"prev_data_interval_end_success: 2025-05-01 03:00:00+00:00","logger":"task.stdout"}
{"timestamp":"2026-05-05T12:25:08.898169Z","level":"info","event":"templates_dict: None","logger":"task.stdout"}
{"timestamp":"2026-05-05T12:25:08.887143Z","level":"info","event":"Done. Returned value was: None","logger":"airflow.task.operators.airflow.providers.standard.operators.python.PythonOperator","filename":"python.py","lineno":229}
{"timestamp":"2026-05-05T12:25:09.007315Z","level":"info","event":"Task instance in success state","logger":"task.stdout"}
{"timestamp":"2026-05-05T12:25:09.008562Z","level":"info","event":" Previous state of the Task instance: TaskInstanceState.RUNNING","logger":"task.stdout"}
{"timestamp":"2026-05-05T12:25:09.009597Z","level":"info","event":"Task operator:<Task(PythonOperator): print_interval>","logger":"task.stdout"}
