{"timestamp":"2026-05-08T17:37:54.080249Z","level":"info","event":"DAG bundles loaded: dags-folder, example_dags","logger":"airflow.dag_processing.bundles.manager.DagBundlesManager","filename":"manager.py","lineno":209}
{"timestamp":"2026-05-08T17:37:54.086124Z","level":"info","event":"Filling up the DagBag from /opt/airflow/dags/csv_upsert_pipeline.py","logger":"airflow.dag_processing.dagbag.BundleDagBag","filename":"dagbag.py","lineno":469}
{"timestamp":"2026-05-08T17:37:54.101593Z","level":"warning","event":"airflow.exceptions.AirflowSkipException is deprecated and will be removed in a future version. Use airflow.sdk.exceptions.AirflowSkipException instead.","category":"UserWarning","filename":"/opt/airflow/dags/csv_upsert_pipeline.py","lineno":7,"logger":"py.warnings"}
{"timestamp":"2026-05-08T17:37:54.656541Z","level":"info","event":"Task instance is in running state","logger":"task.stdout"}
{"timestamp":"2026-05-08T17:37:54.657321Z","level":"info","event":" Previous state of the Task instance: TaskInstanceState.QUEUED","logger":"task.stdout"}
{"timestamp":"2026-05-08T17:37:54.660683Z","level":"info","event":"Current task name:process_partition","logger":"task.stdout"}
{"timestamp":"2026-05-08T17:37:54.668863Z","level":"info","event":"Dag name:csv_upsert_pipeline","logger":"task.stdout"}
{"timestamp":"2026-05-08T17:37:54.672448Z","level":"info","event":"[INFO] data_interval_start : 2026-05-03 05:00:00+00:00","logger":"task.stdout"}
{"timestamp":"2026-05-08T17:37:54.675957Z","level":"info","event":"[INFO] data_interval_end   : 2026-05-03 05:00:00+00:00","logger":"task.stdout"}
{"timestamp":"2026-05-08T17:37:54.676752Z","level":"info","event":"[INFO] Processing partition: /data/time_stamp=2026-05-03-05","logger":"task.stdout"}
{"timestamp":"2026-05-08T17:37:54.681327Z","level":"info","event":"[INFO] Sorted files: ['data_1.csv', 'data_2.csv', 'data_3.csv', 'data_4.csv', 'data_5.csv']","logger":"task.stdout"}
{"timestamp":"2026-05-08T17:37:54.687386Z","level":"info","event":"[INFO] Read data_1.csv  (index=1)","logger":"task.stdout"}
{"timestamp":"2026-05-08T17:37:54.693445Z","level":"info","event":"[INFO] Read data_2.csv  (index=2)","logger":"task.stdout"}
{"timestamp":"2026-05-08T17:37:54.714326Z","level":"info","event":"[INFO] Read data_3.csv  (index=3)","logger":"task.stdout"}
{"timestamp":"2026-05-08T17:37:54.724882Z","level":"info","event":"[INFO] Read data_4.csv  (index=4)","logger":"task.stdout"}
{"timestamp":"2026-05-08T17:37:54.766089Z","level":"info","event":"[INFO] Read data_5.csv  (index=5)","logger":"task.stdout"}
{"timestamp":"2026-05-08T17:37:54.767246Z","level":"info","event":"[INFO] Resolved 20 unique IDs for this run:","logger":"task.stdout"}
{"timestamp":"2026-05-08T17:37:54.769600Z","level":"info","event":"       id=1 → {'id': '1', 'name': 'Eve', 'age': '23', 'department': 'Engineering', 'salary': '62102.51', 'working_hours': '50.8'}","logger":"task.stdout"}
{"timestamp":"2026-05-08T17:37:54.772010Z","level":"info","event":"       id=2 → {'id': '2', 'name': 'Ivy', 'age': '28', 'department': 'Sales', 'salary': '30299.39', 'working_hours': '60.0'}","logger":"task.stdout"}
{"timestamp":"2026-05-08T17:37:54.772786Z","level":"info","event":"       id=3 → {'id': '3', 'name': 'Hank', 'age': '37', 'department': 'Operations', 'salary': '41804.4', 'working_hours': '20.1'}","logger":"task.stdout"}
{"timestamp":"2026-05-08T17:37:54.773889Z","level":"info","event":"       id=4 → {'id': '4', 'name': 'Alice', 'age': '50', 'department': 'Marketing', 'salary': '107576.34', 'working_hours': '36.4'}","logger":"task.stdout"}
{"timestamp":"2026-05-08T17:37:54.775307Z","level":"info","event":"       id=5 → {'id': '5', 'name': 'Ivy', 'age': '60', 'department': 'Finance', 'salary': '58746.21', 'working_hours': '36.2'}","logger":"task.stdout"}
{"timestamp":"2026-05-08T17:37:54.777496Z","level":"info","event":"       id=6 → {'id': '6', 'name': 'Charlie', 'age': '54', 'department': 'Operations', 'salary': '111908.51', 'working_hours': '50.4'}","logger":"task.stdout"}
{"timestamp":"2026-05-08T17:37:54.777962Z","level":"info","event":"       id=7 → {'id': '7', 'name': 'Eve', 'age': '36', 'department': 'Engineering', 'salary': '97562.98', 'working_hours': '26.6'}","logger":"task.stdout"}
{"timestamp":"2026-05-08T17:37:54.779086Z","level":"info","event":"       id=8 → {'id': '8', 'name': 'Eve', 'age': '33', 'department': 'Operations', 'salary': '88278.26', 'working_hours': '39.6'}","logger":"task.stdout"}
{"timestamp":"2026-05-08T17:37:54.781954Z","level":"info","event":"       id=9 → {'id': '9', 'name': 'Alice', 'age': '51', 'department': 'Operations', 'salary': '40007.09', 'working_hours': '48.7'}","logger":"task.stdout"}
{"timestamp":"2026-05-08T17:37:54.782975Z","level":"info","event":"       id=10 → {'id': '10', 'name': 'Eve', 'age': '23', 'department': 'Marketing', 'salary': '103738.92', 'working_hours': '26.7'}","logger":"task.stdout"}
{"timestamp":"2026-05-08T17:37:54.784562Z","level":"info","event":"       id=11 → {'id': '11', 'name': 'Jack', 'age': '59', 'department': 'HR', 'salary': '52962.83', 'working_hours': '28.8'}","logger":"task.stdout"}
{"timestamp":"2026-05-08T17:37:54.787187Z","level":"info","event":"       id=12 → {'id': '12', 'name': 'Charlie', 'age': '30', 'department': 'HR', 'salary': '30796.06', 'working_hours': '20.4'}","logger":"task.stdout"}
{"timestamp":"2026-05-08T17:37:54.800223Z","level":"info","event":"       id=13 → {'id': '13', 'name': 'Frank', 'age': '33', 'department': 'Marketing', 'salary': '34670.79', 'working_hours': '22.1'}","logger":"task.stdout"}
{"timestamp":"2026-05-08T17:37:54.809048Z","level":"info","event":"       id=14 → {'id': '14', 'name': 'Jack', 'age': '37', 'department': 'Finance', 'salary': '107358.77', 'working_hours': '28.2'}","logger":"task.stdout"}
{"timestamp":"2026-05-08T17:37:54.811868Z","level":"info","event":"       id=15 → {'id': '15', 'name': 'Ivy', 'age': '44', 'department': 'Marketing', 'salary': '32756.65', 'working_hours': '53.1'}","logger":"task.stdout"}
{"timestamp":"2026-05-08T17:37:54.813148Z","level":"info","event":"       id=16 → {'id': '16', 'name': 'Grace', 'age': '42', 'department': 'Marketing', 'salary': '80966.67', 'working_hours': '36.7'}","logger":"task.stdout"}
{"timestamp":"2026-05-08T17:37:54.815123Z","level":"info","event":"       id=17 → {'id': '17', 'name': 'Jack', 'age': '56', 'department': 'Operations', 'salary': '61139.46', 'working_hours': '23.4'}","logger":"task.stdout"}
{"timestamp":"2026-05-08T17:37:54.816356Z","level":"info","event":"       id=18 → {'id': '18', 'name': 'Frank', 'age': '59', 'department': 'Engineering', 'salary': '71051.03', 'working_hours': '47.6'}","logger":"task.stdout"}
{"timestamp":"2026-05-08T17:37:54.817600Z","level":"info","event":"       id=19 → {'id': '19', 'name': 'Alice', 'age': '24', 'department': 'Engineering', 'salary': '103143.31', 'working_hours': '34.1'}","logger":"task.stdout"}
{"timestamp":"2026-05-08T17:37:54.818231Z","level":"info","event":"       id=20 → {'id': '20', 'name': 'Bob', 'age': '55', 'department': 'Finance', 'salary': '67798.18', 'working_hours': '22.6'}","logger":"task.stdout"}
{"timestamp":"2026-05-08T17:37:54.818661Z","level":"info","event":"[INFO] result.csv mil gayi — upsert karte hain.","logger":"task.stdout"}
{"timestamp":"2026-05-08T17:37:54.819217Z","level":"info","event":"[INFO] Existing result.csv mein 20 rows hain.","logger":"task.stdout"}
{"timestamp":"2026-05-08T17:37:54.820972Z","level":"info","event":"       UPDATE  id=1","logger":"task.stdout"}
{"timestamp":"2026-05-08T17:37:54.822402Z","level":"info","event":"       UPDATE  id=2","logger":"task.stdout"}
{"timestamp":"2026-05-08T17:37:54.830882Z","level":"info","event":"       UPDATE  id=3","logger":"task.stdout"}
{"timestamp":"2026-05-08T17:37:54.831825Z","level":"info","event":"       UPDATE  id=4","logger":"task.stdout"}
{"timestamp":"2026-05-08T17:37:54.832284Z","level":"info","event":"       UPDATE  id=5","logger":"task.stdout"}
{"timestamp":"2026-05-08T17:37:54.832634Z","level":"info","event":"       UPDATE  id=6","logger":"task.stdout"}
{"timestamp":"2026-05-08T17:37:54.833183Z","level":"info","event":"       UPDATE  id=7","logger":"task.stdout"}
{"timestamp":"2026-05-08T17:37:54.833894Z","level":"info","event":"       UPDATE  id=8","logger":"task.stdout"}
{"timestamp":"2026-05-08T17:37:54.836552Z","level":"info","event":"       UPDATE  id=9","logger":"task.stdout"}
{"timestamp":"2026-05-08T17:37:54.838851Z","level":"info","event":"       UPDATE  id=10","logger":"task.stdout"}
{"timestamp":"2026-05-08T17:37:54.840347Z","level":"info","event":"       UPDATE  id=11","logger":"task.stdout"}
{"timestamp":"2026-05-08T17:37:54.849047Z","level":"info","event":"       UPDATE  id=12","logger":"task.stdout"}
{"timestamp":"2026-05-08T17:37:54.849680Z","level":"info","event":"       UPDATE  id=13","logger":"task.stdout"}
{"timestamp":"2026-05-08T17:37:54.850224Z","level":"info","event":"       UPDATE  id=14","logger":"task.stdout"}
{"timestamp":"2026-05-08T17:37:54.852610Z","level":"info","event":"       UPDATE  id=15","logger":"task.stdout"}
{"timestamp":"2026-05-08T17:37:54.853397Z","level":"info","event":"       UPDATE  id=16","logger":"task.stdout"}
{"timestamp":"2026-05-08T17:37:54.860528Z","level":"info","event":"       UPDATE  id=17","logger":"task.stdout"}
{"timestamp":"2026-05-08T17:37:54.861124Z","level":"info","event":"       UPDATE  id=18","logger":"task.stdout"}
{"timestamp":"2026-05-08T17:37:54.865803Z","level":"info","event":"       UPDATE  id=19","logger":"task.stdout"}
{"timestamp":"2026-05-08T17:37:54.869365Z","level":"info","event":"       UPDATE  id=20","logger":"task.stdout"}
{"timestamp":"2026-05-08T17:37:54.870629Z","level":"info","event":"[INFO] result.csv updated — total 20 rows.","logger":"task.stdout"}
{"timestamp":"2026-05-08T17:37:54.748920Z","level":"info","event":"Done. Returned value was: None","logger":"airflow.task.operators.airflow.providers.standard.operators.python.PythonOperator","filename":"python.py","lineno":229}
{"timestamp":"2026-05-08T17:37:55.121233Z","level":"info","event":"Task instance in success state","logger":"task.stdout"}
{"timestamp":"2026-05-08T17:37:55.165493Z","level":"info","event":" Previous state of the Task instance: TaskInstanceState.RUNNING","logger":"task.stdout"}
{"timestamp":"2026-05-08T17:37:55.187313Z","level":"info","event":"Task operator:<Task(PythonOperator): process_partition>","logger":"task.stdout"}
{"timestamp":"2026-05-11T16:46:54.888204Z","level":"info","event":"DAG bundles loaded: dags-folder, example_dags","logger":"airflow.dag_processing.bundles.manager.DagBundlesManager","filename":"manager.py","lineno":209}
{"timestamp":"2026-05-11T16:46:54.891831Z","level":"info","event":"Filling up the DagBag from /opt/airflow/dags/__pycache__/csv_upsert_pipeline.py","logger":"airflow.dag_processing.dagbag.BundleDagBag","filename":"dagbag.py","lineno":469}
{"timestamp":"2026-05-11T16:46:54.901712Z","level":"warning","event":"airflow.exceptions.AirflowSkipException is deprecated and will be removed in a future version. Use airflow.sdk.exceptions.AirflowSkipException instead.","category":"UserWarning","filename":"/opt/airflow/dags/__pycache__/csv_upsert_pipeline.py","lineno":7,"logger":"py.warnings"}
{"timestamp":"2026-05-11T16:46:55.394672Z","level":"info","event":"Task instance is in running state","logger":"task.stdout"}
{"timestamp":"2026-05-11T16:46:55.396929Z","level":"info","event":" Previous state of the Task instance: TaskInstanceState.QUEUED","logger":"task.stdout"}
{"timestamp":"2026-05-11T16:46:55.397692Z","level":"info","event":"Current task name:process_partition","logger":"task.stdout"}
{"timestamp":"2026-05-11T16:46:55.398350Z","level":"info","event":"Dag name:csv_upsert_pipeline","logger":"task.stdout"}
{"timestamp":"2026-05-11T16:46:55.400324Z","level":"info","event":"[INFO] data_interval_start : 2026-05-03 05:00:00+00:00","logger":"task.stdout"}
{"timestamp":"2026-05-11T16:46:55.400854Z","level":"info","event":"[INFO] data_interval_end   : 2026-05-03 05:00:00+00:00","logger":"task.stdout"}
{"timestamp":"2026-05-11T16:46:55.401473Z","level":"info","event":"[INFO] Processing partition: /data/time_stamp=2026-05-03-05","logger":"task.stdout"}
{"timestamp":"2026-05-11T16:46:55.402288Z","level":"info","event":"[INFO] Sorted files: ['data_1.csv', 'data_2.csv', 'data_3.csv', 'data_4.csv', 'data_5.csv']","logger":"task.stdout"}
{"timestamp":"2026-05-11T16:46:55.403827Z","level":"info","event":"[INFO] Read data_1.csv  (index=1)","logger":"task.stdout"}
{"timestamp":"2026-05-11T16:46:55.405846Z","level":"info","event":"[INFO] Read data_2.csv  (index=2)","logger":"task.stdout"}
{"timestamp":"2026-05-11T16:46:55.409295Z","level":"info","event":"[INFO] Read data_3.csv  (index=3)","logger":"task.stdout"}
{"timestamp":"2026-05-11T16:46:55.411191Z","level":"info","event":"[INFO] Read data_4.csv  (index=4)","logger":"task.stdout"}
{"timestamp":"2026-05-11T16:46:55.414460Z","level":"info","event":"[INFO] Read data_5.csv  (index=5)","logger":"task.stdout"}
{"timestamp":"2026-05-11T16:46:55.415010Z","level":"info","event":"[INFO] Resolved 20 unique IDs for this run:","logger":"task.stdout"}
{"timestamp":"2026-05-11T16:46:55.415564Z","level":"info","event":"       id=1 → {'id': '1', 'name': 'Eve', 'age': '23', 'department': 'Engineering', 'salary': '62102.51', 'working_hours': '50.8'}","logger":"task.stdout"}
{"timestamp":"2026-05-11T16:46:55.416371Z","level":"info","event":"       id=2 → {'id': '2', 'name': 'Ivy', 'age': '28', 'department': 'Sales', 'salary': '30299.39', 'working_hours': '60.0'}","logger":"task.stdout"}
{"timestamp":"2026-05-11T16:46:55.416879Z","level":"info","event":"       id=3 → {'id': '3', 'name': 'Hank', 'age': '37', 'department': 'Operations', 'salary': '41804.4', 'working_hours': '20.1'}","logger":"task.stdout"}
{"timestamp":"2026-05-11T16:46:55.417624Z","level":"info","event":"       id=4 → {'id': '4', 'name': 'Alice', 'age': '50', 'department': 'Marketing', 'salary': '107576.34', 'working_hours': '36.4'}","logger":"task.stdout"}
{"timestamp":"2026-05-11T16:46:55.418182Z","level":"info","event":"       id=5 → {'id': '5', 'name': 'Ivy', 'age': '60', 'department': 'Finance', 'salary': '58746.21', 'working_hours': '36.2'}","logger":"task.stdout"}
{"timestamp":"2026-05-11T16:46:55.419974Z","level":"info","event":"       id=6 → {'id': '6', 'name': 'Charlie', 'age': '54', 'department': 'Operations', 'salary': '111908.51', 'working_hours': '50.4'}","logger":"task.stdout"}
{"timestamp":"2026-05-11T16:46:55.420572Z","level":"info","event":"       id=7 → {'id': '7', 'name': 'Eve', 'age': '36', 'department': 'Engineering', 'salary': '97562.98', 'working_hours': '26.6'}","logger":"task.stdout"}
{"timestamp":"2026-05-11T16:46:55.422065Z","level":"info","event":"       id=8 → {'id': '8', 'name': 'Eve', 'age': '33', 'department': 'Operations', 'salary': '88278.26', 'working_hours': '39.6'}","logger":"task.stdout"}
{"timestamp":"2026-05-11T16:46:55.422962Z","level":"info","event":"       id=9 → {'id': '9', 'name': 'Alice', 'age': '51', 'department': 'Operations', 'salary': '40007.09', 'working_hours': '48.7'}","logger":"task.stdout"}
{"timestamp":"2026-05-11T16:46:55.423628Z","level":"info","event":"       id=10 → {'id': '10', 'name': 'Eve', 'age': '23', 'department': 'Marketing', 'salary': '103738.92', 'working_hours': '26.7'}","logger":"task.stdout"}
{"timestamp":"2026-05-11T16:46:55.424160Z","level":"info","event":"       id=11 → {'id': '11', 'name': 'Jack', 'age': '59', 'department': 'HR', 'salary': '52962.83', 'working_hours': '28.8'}","logger":"task.stdout"}
{"timestamp":"2026-05-11T16:46:55.424757Z","level":"info","event":"       id=12 → {'id': '12', 'name': 'Charlie', 'age': '30', 'department': 'HR', 'salary': '30796.06', 'working_hours': '20.4'}","logger":"task.stdout"}
{"timestamp":"2026-05-11T16:46:55.425278Z","level":"info","event":"       id=13 → {'id': '13', 'name': 'Frank', 'age': '33', 'department': 'Marketing', 'salary': '34670.79', 'working_hours': '22.1'}","logger":"task.stdout"}
{"timestamp":"2026-05-11T16:46:55.428659Z","level":"info","event":"       id=14 → {'id': '14', 'name': 'Jack', 'age': '37', 'department': 'Finance', 'salary': '107358.77', 'working_hours': '28.2'}","logger":"task.stdout"}
{"timestamp":"2026-05-11T16:46:55.429869Z","level":"info","event":"       id=15 → {'id': '15', 'name': 'Ivy', 'age': '44', 'department': 'Marketing', 'salary': '32756.65', 'working_hours': '53.1'}","logger":"task.stdout"}
{"timestamp":"2026-05-11T16:46:55.432697Z","level":"info","event":"       id=16 → {'id': '16', 'name': 'Grace', 'age': '42', 'department': 'Marketing', 'salary': '80966.67', 'working_hours': '36.7'}","logger":"task.stdout"}
{"timestamp":"2026-05-11T16:46:55.433204Z","level":"info","event":"       id=17 → {'id': '17', 'name': 'Jack', 'age': '56', 'department': 'Operations', 'salary': '61139.46', 'working_hours': '23.4'}","logger":"task.stdout"}
{"timestamp":"2026-05-11T16:46:55.433800Z","level":"info","event":"       id=18 → {'id': '18', 'name': 'Frank', 'age': '59', 'department': 'Engineering', 'salary': '71051.03', 'working_hours': '47.6'}","logger":"task.stdout"}
{"timestamp":"2026-05-11T16:46:55.434735Z","level":"info","event":"       id=19 → {'id': '19', 'name': 'Alice', 'age': '24', 'department': 'Engineering', 'salary': '103143.31', 'working_hours': '34.1'}","logger":"task.stdout"}
{"timestamp":"2026-05-11T16:46:55.435321Z","level":"info","event":"       id=20 → {'id': '20', 'name': 'Bob', 'age': '55', 'department': 'Finance', 'salary': '67798.18', 'working_hours': '22.6'}","logger":"task.stdout"}
{"timestamp":"2026-05-11T16:46:55.436394Z","level":"info","event":"[INFO] result.csv found — upsert.","logger":"task.stdout"}
{"timestamp":"2026-05-11T16:46:55.437012Z","level":"info","event":"[INFO] In existing result.csv 20 rows.","logger":"task.stdout"}
{"timestamp":"2026-05-11T16:46:55.437466Z","level":"info","event":"       UPDATE  id=1","logger":"task.stdout"}
{"timestamp":"2026-05-11T16:46:55.437932Z","level":"info","event":"       UPDATE  id=2","logger":"task.stdout"}
{"timestamp":"2026-05-11T16:46:55.438442Z","level":"info","event":"       UPDATE  id=3","logger":"task.stdout"}
{"timestamp":"2026-05-11T16:46:55.438864Z","level":"info","event":"       UPDATE  id=4","logger":"task.stdout"}
{"timestamp":"2026-05-11T16:46:55.439352Z","level":"info","event":"       UPDATE  id=5","logger":"task.stdout"}
{"timestamp":"2026-05-11T16:46:55.439763Z","level":"info","event":"       UPDATE  id=6","logger":"task.stdout"}
{"timestamp":"2026-05-11T16:46:55.440178Z","level":"info","event":"       UPDATE  id=7","logger":"task.stdout"}
{"timestamp":"2026-05-11T16:46:55.440911Z","level":"info","event":"       UPDATE  id=8","logger":"task.stdout"}
{"timestamp":"2026-05-11T16:46:55.441762Z","level":"info","event":"       UPDATE  id=9","logger":"task.stdout"}
{"timestamp":"2026-05-11T16:46:55.442239Z","level":"info","event":"       UPDATE  id=10","logger":"task.stdout"}
{"timestamp":"2026-05-11T16:46:55.442726Z","level":"info","event":"       UPDATE  id=11","logger":"task.stdout"}
{"timestamp":"2026-05-11T16:46:55.443181Z","level":"info","event":"       UPDATE  id=12","logger":"task.stdout"}
{"timestamp":"2026-05-11T16:46:55.443785Z","level":"info","event":"       UPDATE  id=13","logger":"task.stdout"}
{"timestamp":"2026-05-11T16:46:55.444375Z","level":"info","event":"       UPDATE  id=14","logger":"task.stdout"}
{"timestamp":"2026-05-11T16:46:55.447533Z","level":"info","event":"       UPDATE  id=15","logger":"task.stdout"}
{"timestamp":"2026-05-11T16:46:55.448562Z","level":"info","event":"       UPDATE  id=16","logger":"task.stdout"}
{"timestamp":"2026-05-11T16:46:55.449252Z","level":"info","event":"       UPDATE  id=17","logger":"task.stdout"}
{"timestamp":"2026-05-11T16:46:55.449748Z","level":"info","event":"       UPDATE  id=18","logger":"task.stdout"}
{"timestamp":"2026-05-11T16:46:55.450351Z","level":"info","event":"       UPDATE  id=19","logger":"task.stdout"}
{"timestamp":"2026-05-11T16:46:55.450937Z","level":"info","event":"       UPDATE  id=20","logger":"task.stdout"}
{"timestamp":"2026-05-11T16:46:55.451967Z","level":"info","event":"[INFO] result.csv updated — total 20 rows.","logger":"task.stdout"}
{"timestamp":"2026-05-11T16:46:55.421160Z","level":"info","event":"Done. Returned value was: None","logger":"airflow.task.operators.airflow.providers.standard.operators.python.PythonOperator","filename":"python.py","lineno":229}
{"timestamp":"2026-05-11T16:46:55.754923Z","level":"info","event":"Task instance in success state","logger":"task.stdout"}
{"timestamp":"2026-05-11T16:46:55.756585Z","level":"info","event":" Previous state of the Task instance: TaskInstanceState.RUNNING","logger":"task.stdout"}
{"timestamp":"2026-05-11T16:46:55.759204Z","level":"info","event":"Task operator:<Task(PythonOperator): process_partition>","logger":"task.stdout"}
{"timestamp":"2026-05-11T17:17:31.853041Z","level":"info","event":"DAG bundles loaded: dags-folder, example_dags","logger":"airflow.dag_processing.bundles.manager.DagBundlesManager","filename":"manager.py","lineno":209}
{"timestamp":"2026-05-11T17:17:31.858012Z","level":"info","event":"Filling up the DagBag from /opt/airflow/dags/__pycache__/csv_upsert_pipeline.py","logger":"airflow.dag_processing.dagbag.BundleDagBag","filename":"dagbag.py","lineno":469}
{"timestamp":"2026-05-11T17:17:31.868354Z","level":"warning","event":"airflow.exceptions.AirflowSkipException is deprecated and will be removed in a future version. Use airflow.sdk.exceptions.AirflowSkipException instead.","category":"UserWarning","filename":"/opt/airflow/dags/__pycache__/csv_upsert_pipeline.py","lineno":7,"logger":"py.warnings"}
{"timestamp":"2026-05-11T17:17:32.285059Z","level":"info","event":"Task instance is in running state","logger":"task.stdout"}
{"timestamp":"2026-05-11T17:17:32.286868Z","level":"info","event":" Previous state of the Task instance: TaskInstanceState.QUEUED","logger":"task.stdout"}
{"timestamp":"2026-05-11T17:17:32.292519Z","level":"info","event":"Current task name:process_partition","logger":"task.stdout"}
{"timestamp":"2026-05-11T17:17:32.295378Z","level":"info","event":"Dag name:csv_upsert_pipeline","logger":"task.stdout"}
{"timestamp":"2026-05-11T17:17:32.296391Z","level":"info","event":"[INFO] data_interval_start : 2026-05-03 05:00:00+00:00","logger":"task.stdout"}
{"timestamp":"2026-05-11T17:17:32.299987Z","level":"info","event":"[INFO] data_interval_end   : 2026-05-03 05:00:00+00:00","logger":"task.stdout"}
{"timestamp":"2026-05-11T17:17:32.304369Z","level":"info","event":"[INFO] Processing partition: /data/time_stamp=2026-05-03-05","logger":"task.stdout"}
{"timestamp":"2026-05-11T17:17:32.307229Z","level":"info","event":"[INFO] Sorted files: ['data_1.csv', 'data_2.csv', 'data_3.csv', 'data_4.csv', 'data_5.csv']","logger":"task.stdout"}
{"timestamp":"2026-05-11T17:17:32.318949Z","level":"info","event":"[INFO] Read data_1.csv  (index=1)","logger":"task.stdout"}
{"timestamp":"2026-05-11T17:17:32.343961Z","level":"info","event":"[INFO] Read data_2.csv  (index=2)","logger":"task.stdout"}
{"timestamp":"2026-05-11T17:17:32.347505Z","level":"info","event":"[INFO] Read data_3.csv  (index=3)","logger":"task.stdout"}
{"timestamp":"2026-05-11T17:17:32.353382Z","level":"info","event":"[INFO] Read data_4.csv  (index=4)","logger":"task.stdout"}
{"timestamp":"2026-05-11T17:17:32.359220Z","level":"info","event":"[INFO] Read data_5.csv  (index=5)","logger":"task.stdout"}
{"timestamp":"2026-05-11T17:17:32.361421Z","level":"info","event":"[INFO] Resolved 20 unique IDs for this run:","logger":"task.stdout"}
{"timestamp":"2026-05-11T17:17:32.362291Z","level":"info","event":"       id=1 → {'id': '1', 'name': 'Eve', 'age': '23', 'department': 'Engineering', 'salary': '62102.51', 'working_hours': '50.8'}","logger":"task.stdout"}
{"timestamp":"2026-05-11T17:17:32.363882Z","level":"info","event":"       id=2 → {'id': '2', 'name': 'Ivy', 'age': '28', 'department': 'Sales', 'salary': '30299.39', 'working_hours': '60.0'}","logger":"task.stdout"}
{"timestamp":"2026-05-11T17:17:32.364548Z","level":"info","event":"       id=3 → {'id': '3', 'name': 'Hank', 'age': '37', 'department': 'Operations', 'salary': '41804.4', 'working_hours': '20.1'}","logger":"task.stdout"}
{"timestamp":"2026-05-11T17:17:32.366429Z","level":"info","event":"       id=4 → {'id': '4', 'name': 'Alice', 'age': '50', 'department': 'Marketing', 'salary': '107576.34', 'working_hours': '36.4'}","logger":"task.stdout"}
{"timestamp":"2026-05-11T17:17:32.368053Z","level":"info","event":"       id=5 → {'id': '5', 'name': 'Ivy', 'age': '60', 'department': 'Finance', 'salary': '58746.21', 'working_hours': '36.2'}","logger":"task.stdout"}
{"timestamp":"2026-05-11T17:17:32.368936Z","level":"info","event":"       id=6 → {'id': '6', 'name': 'Charlie', 'age': '54', 'department': 'Operations', 'salary': '111908.51', 'working_hours': '50.4'}","logger":"task.stdout"}
{"timestamp":"2026-05-11T17:17:32.372086Z","level":"info","event":"       id=7 → {'id': '7', 'name': 'Eve', 'age': '36', 'department': 'Engineering', 'salary': '97562.98', 'working_hours': '26.6'}","logger":"task.stdout"}
{"timestamp":"2026-05-11T17:17:32.374944Z","level":"info","event":"       id=8 → {'id': '8', 'name': 'Eve', 'age': '33', 'department': 'Operations', 'salary': '88278.26', 'working_hours': '39.6'}","logger":"task.stdout"}
{"timestamp":"2026-05-11T17:17:32.375511Z","level":"info","event":"       id=9 → {'id': '9', 'name': 'Alice', 'age': '51', 'department': 'Operations', 'salary': '40007.09', 'working_hours': '48.7'}","logger":"task.stdout"}
{"timestamp":"2026-05-11T17:17:32.375988Z","level":"info","event":"       id=10 → {'id': '10', 'name': 'Eve', 'age': '23', 'department': 'Marketing', 'salary': '103738.92', 'working_hours': '26.7'}","logger":"task.stdout"}
{"timestamp":"2026-05-11T17:17:32.378764Z","level":"info","event":"       id=11 → {'id': '11', 'name': 'Jack', 'age': '59', 'department': 'HR', 'salary': '52962.83', 'working_hours': '28.8'}","logger":"task.stdout"}
{"timestamp":"2026-05-11T17:17:32.379317Z","level":"info","event":"       id=12 → {'id': '12', 'name': 'Charlie', 'age': '30', 'department': 'HR', 'salary': '30796.06', 'working_hours': '20.4'}","logger":"task.stdout"}
{"timestamp":"2026-05-11T17:17:32.380097Z","level":"info","event":"       id=13 → {'id': '13', 'name': 'Frank', 'age': '33', 'department': 'Marketing', 'salary': '34670.79', 'working_hours': '22.1'}","logger":"task.stdout"}
{"timestamp":"2026-05-11T17:17:32.380505Z","level":"info","event":"       id=14 → {'id': '14', 'name': 'Jack', 'age': '37', 'department': 'Finance', 'salary': '107358.77', 'working_hours': '28.2'}","logger":"task.stdout"}
{"timestamp":"2026-05-11T17:17:32.381370Z","level":"info","event":"       id=15 → {'id': '15', 'name': 'Ivy', 'age': '44', 'department': 'Marketing', 'salary': '32756.65', 'working_hours': '53.1'}","logger":"task.stdout"}
{"timestamp":"2026-05-11T17:17:32.385426Z","level":"info","event":"       id=16 → {'id': '16', 'name': 'Grace', 'age': '42', 'department': 'Marketing', 'salary': '80966.67', 'working_hours': '36.7'}","logger":"task.stdout"}
{"timestamp":"2026-05-11T17:17:32.385887Z","level":"info","event":"       id=17 → {'id': '17', 'name': 'Jack', 'age': '56', 'department': 'Operations', 'salary': '61139.46', 'working_hours': '23.4'}","logger":"task.stdout"}
{"timestamp":"2026-05-11T17:17:32.386310Z","level":"info","event":"       id=18 → {'id': '18', 'name': 'Frank', 'age': '59', 'department': 'Engineering', 'salary': '71051.03', 'working_hours': '47.6'}","logger":"task.stdout"}
{"timestamp":"2026-05-11T17:17:32.386753Z","level":"info","event":"       id=19 → {'id': '19', 'name': 'Alice', 'age': '24', 'department': 'Engineering', 'salary': '103143.31', 'working_hours': '34.1'}","logger":"task.stdout"}
{"timestamp":"2026-05-11T17:17:32.387080Z","level":"info","event":"       id=20 → {'id': '20', 'name': 'Bob', 'age': '55', 'department': 'Finance', 'salary': '67798.18', 'working_hours': '22.6'}","logger":"task.stdout"}
{"timestamp":"2026-05-11T17:17:32.387407Z","level":"info","event":"[INFO] result.csv found — upsert.","logger":"task.stdout"}
{"timestamp":"2026-05-11T17:17:32.388036Z","level":"info","event":"[INFO] In existing result.csv 20 rows.","logger":"task.stdout"}
{"timestamp":"2026-05-11T17:17:32.388412Z","level":"info","event":"       UPDATE  id=1","logger":"task.stdout"}
{"timestamp":"2026-05-11T17:17:32.388724Z","level":"info","event":"       UPDATE  id=2","logger":"task.stdout"}
{"timestamp":"2026-05-11T17:17:32.389326Z","level":"info","event":"       UPDATE  id=3","logger":"task.stdout"}
{"timestamp":"2026-05-11T17:17:32.391224Z","level":"info","event":"       UPDATE  id=4","logger":"task.stdout"}
{"timestamp":"2026-05-11T17:17:32.391808Z","level":"info","event":"       UPDATE  id=5","logger":"task.stdout"}
{"timestamp":"2026-05-11T17:17:32.392168Z","level":"info","event":"       UPDATE  id=6","logger":"task.stdout"}
{"timestamp":"2026-05-11T17:17:32.392479Z","level":"info","event":"       UPDATE  id=7","logger":"task.stdout"}
{"timestamp":"2026-05-11T17:17:32.396049Z","level":"info","event":"       UPDATE  id=8","logger":"task.stdout"}
{"timestamp":"2026-05-11T17:17:32.396455Z","level":"info","event":"       UPDATE  id=9","logger":"task.stdout"}
{"timestamp":"2026-05-11T17:17:32.396907Z","level":"info","event":"       UPDATE  id=10","logger":"task.stdout"}
{"timestamp":"2026-05-11T17:17:32.397269Z","level":"info","event":"       UPDATE  id=11","logger":"task.stdout"}
{"timestamp":"2026-05-11T17:17:32.398830Z","level":"info","event":"       UPDATE  id=12","logger":"task.stdout"}
{"timestamp":"2026-05-11T17:17:32.399178Z","level":"info","event":"       UPDATE  id=13","logger":"task.stdout"}
{"timestamp":"2026-05-11T17:17:32.399735Z","level":"info","event":"       UPDATE  id=14","logger":"task.stdout"}
{"timestamp":"2026-05-11T17:17:32.400171Z","level":"info","event":"       UPDATE  id=15","logger":"task.stdout"}
{"timestamp":"2026-05-11T17:17:32.400464Z","level":"info","event":"       UPDATE  id=16","logger":"task.stdout"}
{"timestamp":"2026-05-11T17:17:32.400839Z","level":"info","event":"       UPDATE  id=17","logger":"task.stdout"}
{"timestamp":"2026-05-11T17:17:32.401317Z","level":"info","event":"       UPDATE  id=18","logger":"task.stdout"}
{"timestamp":"2026-05-11T17:17:32.401761Z","level":"info","event":"       UPDATE  id=19","logger":"task.stdout"}
{"timestamp":"2026-05-11T17:17:32.402118Z","level":"info","event":"       UPDATE  id=20","logger":"task.stdout"}
{"timestamp":"2026-05-11T17:17:32.402467Z","level":"info","event":"[INFO] result.csv updated — total 20 rows.","logger":"task.stdout"}
{"timestamp":"2026-05-11T17:17:32.366558Z","level":"info","event":"Done. Returned value was: None","logger":"airflow.task.operators.airflow.providers.standard.operators.python.PythonOperator","filename":"python.py","lineno":229}
{"timestamp":"2026-05-11T17:17:32.630089Z","level":"info","event":"Task instance in success state","logger":"task.stdout"}
{"timestamp":"2026-05-11T17:17:32.632082Z","level":"info","event":" Previous state of the Task instance: TaskInstanceState.RUNNING","logger":"task.stdout"}
{"timestamp":"2026-05-11T17:17:32.635397Z","level":"info","event":"Task operator:<Task(PythonOperator): process_partition>","logger":"task.stdout"}
