{"timestamp":"2026-05-05T10:59:54.383474Z","level":"info","event":"DAG bundles loaded: dags-folder, example_dags","logger":"airflow.dag_processing.bundles.manager.DagBundlesManager","filename":"manager.py","lineno":209}
{"timestamp":"2026-05-05T10:59:54.384956Z","level":"info","event":"Filling up the DagBag from /opt/airflow/dags/print_interval_dag.py","logger":"airflow.dag_processing.dagbag.BundleDagBag","filename":"dagbag.py","lineno":469}
{"timestamp":"2026-05-05T10:59:54.398901Z","level":"warning","event":"The `airflow.operators.python.PythonOperator` attribute is deprecated. Please use `'airflow.providers.standard.operators.python.PythonOperator'`.","category":"UserWarning","filename":"/opt/airflow/dags/print_interval_dag.py","lineno":2,"logger":"py.warnings"}
{"timestamp":"2026-05-05T10:59:54.446703Z","level":"info","event":"Task instance is in running state","logger":"task.stdout"}
{"timestamp":"2026-05-05T10:59:54.447290Z","level":"info","event":" Previous state of the Task instance: TaskInstanceState.QUEUED","logger":"task.stdout"}
{"timestamp":"2026-05-05T10:59:54.447879Z","level":"info","event":"Current task name:print_interval","logger":"task.stdout"}
{"timestamp":"2026-05-05T10:59:54.448684Z","level":"info","event":"Dag name:print_interval_dag","logger":"task.stdout"}
{"timestamp":"2026-05-05T10:59:54.451059Z","level":"info","event":"Interval Start: 2026-05-03 18:00:00+00:00","logger":"task.stdout"}
{"timestamp":"2026-05-05T10:59:54.452944Z","level":"info","event":"Interval End:   2026-05-03 18:00:00+00:00","logger":"task.stdout"}
{"timestamp":"2026-05-05T10:59:54.451417Z","level":"info","event":"Done. Returned value was: None","logger":"airflow.task.operators.airflow.providers.standard.operators.python.PythonOperator","filename":"python.py","lineno":229}
{"timestamp":"2026-05-05T10:59:54.544923Z","level":"info","event":"Task instance in success state","logger":"task.stdout"}
{"timestamp":"2026-05-05T10:59:54.546701Z","level":"info","event":" Previous state of the Task instance: TaskInstanceState.RUNNING","logger":"task.stdout"}
{"timestamp":"2026-05-05T10:59:54.547527Z","level":"info","event":"Task operator:<Task(PythonOperator): print_interval>","logger":"task.stdout"}
{"timestamp":"2026-05-05T12:36:41.196460Z","level":"info","event":"DAG bundles loaded: dags-folder, example_dags","logger":"airflow.dag_processing.bundles.manager.DagBundlesManager","filename":"manager.py","lineno":209}
{"timestamp":"2026-05-05T12:36:41.198240Z","level":"info","event":"Filling up the DagBag from /opt/airflow/dags/print_interval_dag.py","logger":"airflow.dag_processing.dagbag.BundleDagBag","filename":"dagbag.py","lineno":469}
{"timestamp":"2026-05-05T12:36:41.277382Z","level":"info","event":"Task instance is in running state","logger":"task.stdout"}
{"timestamp":"2026-05-05T12:36:41.278136Z","level":"info","event":" Previous state of the Task instance: TaskInstanceState.QUEUED","logger":"task.stdout"}
{"timestamp":"2026-05-05T12:36:41.279064Z","level":"info","event":"Current task name:print_interval","logger":"task.stdout"}
{"timestamp":"2026-05-05T12:36:41.279538Z","level":"info","event":"Dag name:print_interval_dag","logger":"task.stdout"}
{"timestamp":"2026-05-05T12:36:41.279958Z","level":"info","event":"=== INTERVAL INFO ===","logger":"task.stdout"}
{"timestamp":"2026-05-05T12:36:41.280347Z","level":"info","event":"Interval Start:  2026-05-03 18:00:00+00:00","logger":"task.stdout"}
{"timestamp":"2026-05-05T12:36:41.280946Z","level":"info","event":"Interval End:    2026-05-03 18:00:00+00:00","logger":"task.stdout"}
{"timestamp":"2026-05-05T12:36:41.282134Z","level":"info","event":"Duration:        <Interval [2026-05-03 18:00:00+00:00 -> 2026-05-03 18:00:00+00:00]>","logger":"task.stdout"}
{"timestamp":"2026-05-05T12:36:41.287003Z","level":"info","event":"=== ALL AVAILABLE MACROS ===","logger":"task.stdout"}
{"timestamp":"2026-05-05T12:36:41.288990Z","level":"info","event":"dag: <DAG: print_interval_dag>","logger":"task.stdout"}
{"timestamp":"2026-05-05T12:36:41.289975Z","level":"info","event":"inlets: []","logger":"task.stdout"}
{"timestamp":"2026-05-05T12:36:41.290736Z","level":"info","event":"map_index_template: None","logger":"task.stdout"}
{"timestamp":"2026-05-05T12:36:41.291230Z","level":"info","event":"outlets: []","logger":"task.stdout"}
{"timestamp":"2026-05-05T12:36:41.291841Z","level":"info","event":"run_id: scheduled__2026-05-03T18:00:00+00:00","logger":"task.stdout"}
{"timestamp":"2026-05-05T12:36:41.292230Z","level":"info","event":"task: <Task(PythonOperator): print_interval>","logger":"task.stdout"}
{"timestamp":"2026-05-05T12:36:41.293276Z","level":"info","event":"task_instance: id=UUID('019df823-f6b3-7c42-9d36-7042180b6f6a') task_id='print_interval' dag_id='print_interval_dag' run_id='scheduled__2026-05-03T18:00:00+00:00' try_number=1 dag_version_id=UUID('019df823-45c2-7d20-afca-e010bf7e0ba7') map_index=-1 hostname='86abe326db93' context_carrier={'traceparent': '00-dd36b2289e693dd344d6e20b62dcd7eb-95c320e4277978ca-01'} task=<Task(PythonOperator): print_interval> bundle_instance=LocalDagBundle(name=dags-folder) max_tries=0 start_date=datetime.datetime(2026, 5, 5, 12, 36, 40, 130642, tzinfo=datetime.timezone.utc) end_date=None state=<TaskInstanceState.RUNNING: 'running'> is_mapped=False rendered_map_index=None sentry_integration=''","logger":"task.stdout"}
{"timestamp":"2026-05-05T12:36:41.294219Z","level":"info","event":"ti: id=UUID('019df823-f6b3-7c42-9d36-7042180b6f6a') task_id='print_interval' dag_id='print_interval_dag' run_id='scheduled__2026-05-03T18:00:00+00:00' try_number=1 dag_version_id=UUID('019df823-45c2-7d20-afca-e010bf7e0ba7') map_index=-1 hostname='86abe326db93' context_carrier={'traceparent': '00-dd36b2289e693dd344d6e20b62dcd7eb-95c320e4277978ca-01'} task=<Task(PythonOperator): print_interval> bundle_instance=LocalDagBundle(name=dags-folder) max_tries=0 start_date=datetime.datetime(2026, 5, 5, 12, 36, 40, 130642, tzinfo=datetime.timezone.utc) end_date=None state=<TaskInstanceState.RUNNING: 'running'> is_mapped=False rendered_map_index=None sentry_integration=''","logger":"task.stdout"}
{"timestamp":"2026-05-05T12:36:41.295234Z","level":"info","event":"outlet_events: OutletEventAccessors(_dict={})","logger":"task.stdout"}
{"timestamp":"2026-05-05T12:36:41.295805Z","level":"info","event":"inlet_events: InletEventsAccessors(_inlets=[], _assets={}, _asset_aliases={})","logger":"task.stdout"}
{"timestamp":"2026-05-05T12:36:41.296512Z","level":"info","event":"macros: <MacrosAccessor (dynamic access to macros)>","logger":"task.stdout"}
{"timestamp":"2026-05-05T12:36:41.297731Z","level":"info","event":"params: {}","logger":"task.stdout"}
{"timestamp":"2026-05-05T12:36:41.298994Z","level":"info","event":"var: {'json': <VariableAccessor (dynamic access)>, 'value': <VariableAccessor (dynamic access)>}","logger":"task.stdout"}
{"timestamp":"2026-05-05T12:36:41.299516Z","level":"info","event":"conn: <ConnectionAccessor (dynamic access)>","logger":"task.stdout"}
{"timestamp":"2026-05-05T12:36:41.300121Z","level":"info","event":"dag_run: dag_id='print_interval_dag' run_id='scheduled__2026-05-03T18:00:00+00:00' logical_date=datetime.datetime(2026, 5, 3, 18, 0, tzinfo=datetime.timezone.utc) data_interval_start=datetime.datetime(2026, 5, 3, 18, 0, tzinfo=datetime.timezone.utc) data_interval_end=datetime.datetime(2026, 5, 3, 18, 0, tzinfo=datetime.timezone.utc) run_after=datetime.datetime(2026, 5, 3, 18, 0, tzinfo=datetime.timezone.utc) start_date=datetime.datetime(2026, 5, 5, 12, 36, 39, 762831, tzinfo=datetime.timezone.utc) end_date=None clear_number=0 run_type=<DagRunType.SCHEDULED: 'scheduled'> state=<DagRunState.RUNNING: 'running'> conf={} triggering_user_name=None consumed_asset_events=[] partition_key=None note=None","logger":"task.stdout"}
{"timestamp":"2026-05-05T12:36:41.300596Z","level":"info","event":"triggering_asset_events: TriggeringAssetEventAccessor(_events=defaultdict(<class 'list'>, {}))","logger":"task.stdout"}
{"timestamp":"2026-05-05T12:36:41.301241Z","level":"info","event":"task_instance_key_str: print_interval_dag__print_interval__20260503","logger":"task.stdout"}
{"timestamp":"2026-05-05T12:36:41.301721Z","level":"info","event":"task_reschedule_count: 0","logger":"task.stdout"}
{"timestamp":"2026-05-05T12:36:41.322161Z","level":"info","event":"prev_start_date_success: 2026-05-05 12:36:38.696295+00:00","logger":"task.stdout"}
{"timestamp":"2026-05-05T12:36:41.323357Z","level":"info","event":"prev_end_date_success: 2026-05-05 12:36:40.956763+00:00","logger":"task.stdout"}
{"timestamp":"2026-05-05T12:36:41.323823Z","level":"info","event":"logical_date: 2026-05-03 18:00:00+00:00","logger":"task.stdout"}
{"timestamp":"2026-05-05T12:36:41.324342Z","level":"info","event":"ds: 2026-05-03","logger":"task.stdout"}
{"timestamp":"2026-05-05T12:36:41.324722Z","level":"info","event":"ds_nodash: 20260503","logger":"task.stdout"}
{"timestamp":"2026-05-05T12:36:41.325098Z","level":"info","event":"ts: 2026-05-03T18:00:00+00:00","logger":"task.stdout"}
{"timestamp":"2026-05-05T12:36:41.325483Z","level":"info","event":"ts_nodash: 20260503T180000","logger":"task.stdout"}
{"timestamp":"2026-05-05T12:36:41.325907Z","level":"info","event":"ts_nodash_with_tz: 20260503T180000+0000","logger":"task.stdout"}
{"timestamp":"2026-05-05T12:36:41.326286Z","level":"info","event":"data_interval_end: 2026-05-03 18:00:00+00:00","logger":"task.stdout"}
{"timestamp":"2026-05-05T12:36:41.326735Z","level":"info","event":"data_interval_start: 2026-05-03 18:00:00+00:00","logger":"task.stdout"}
{"timestamp":"2026-05-05T12:36:41.327186Z","level":"info","event":"prev_data_interval_start_success: 2026-05-03 12:00:00+00:00","logger":"task.stdout"}
{"timestamp":"2026-05-05T12:36:41.327729Z","level":"info","event":"prev_data_interval_end_success: 2026-05-03 12:00:00+00:00","logger":"task.stdout"}
{"timestamp":"2026-05-05T12:36:41.328212Z","level":"info","event":"templates_dict: None","logger":"task.stdout"}
{"timestamp":"2026-05-05T12:36:41.322754Z","level":"info","event":"Done. Returned value was: None","logger":"airflow.task.operators.airflow.providers.standard.operators.python.PythonOperator","filename":"python.py","lineno":229}
{"timestamp":"2026-05-05T12:36:41.425525Z","level":"info","event":"Task instance in success state","logger":"task.stdout"}
{"timestamp":"2026-05-05T12:36:41.426403Z","level":"info","event":" Previous state of the Task instance: TaskInstanceState.RUNNING","logger":"task.stdout"}
{"timestamp":"2026-05-05T12:36:41.427141Z","level":"info","event":"Task operator:<Task(PythonOperator): print_interval>","logger":"task.stdout"}
{"timestamp":"2026-05-05T13:23:53.624113Z","level":"info","event":"DAG bundles loaded: dags-folder, example_dags","logger":"airflow.dag_processing.bundles.manager.DagBundlesManager","filename":"manager.py","lineno":209}
{"timestamp":"2026-05-05T13:23:53.626511Z","level":"info","event":"Filling up the DagBag from /opt/airflow/dags/print_interval_dag.py","logger":"airflow.dag_processing.dagbag.BundleDagBag","filename":"dagbag.py","lineno":469}
{"timestamp":"2026-05-05T13:23:53.720095Z","level":"info","event":"Task instance is in running state","logger":"task.stdout"}
{"timestamp":"2026-05-05T13:23:53.720677Z","level":"info","event":" Previous state of the Task instance: TaskInstanceState.QUEUED","logger":"task.stdout"}
{"timestamp":"2026-05-05T13:23:53.721578Z","level":"info","event":"Current task name:print_interval","logger":"task.stdout"}
{"timestamp":"2026-05-05T13:23:53.722927Z","level":"info","event":"Dag name:print_interval_dag","logger":"task.stdout"}
{"timestamp":"2026-05-05T13:23:53.724626Z","level":"info","event":"=== INTERVAL INFO ===","logger":"task.stdout"}
{"timestamp":"2026-05-05T13:23:53.725266Z","level":"info","event":"Interval Start:  2026-05-03 18:00:00+00:00","logger":"task.stdout"}
{"timestamp":"2026-05-05T13:23:53.725763Z","level":"info","event":"Interval End:    2026-05-03 18:00:00+00:00","logger":"task.stdout"}
{"timestamp":"2026-05-05T13:23:53.727383Z","level":"info","event":"Duration:        0:00:00","logger":"task.stdout"}
{"timestamp":"2026-05-05T13:23:53.728212Z","level":"info","event":"=== ALL AVAILABLE MACROS ===","logger":"task.stdout"}
{"timestamp":"2026-05-05T13:23:53.729058Z","level":"info","event":"dag: <DAG: print_interval_dag>","logger":"task.stdout"}
{"timestamp":"2026-05-05T13:23:53.730292Z","level":"info","event":"inlets: []","logger":"task.stdout"}
{"timestamp":"2026-05-05T13:23:53.730842Z","level":"info","event":"map_index_template: None","logger":"task.stdout"}
{"timestamp":"2026-05-05T13:23:53.731321Z","level":"info","event":"outlets: []","logger":"task.stdout"}
{"timestamp":"2026-05-05T13:23:53.731876Z","level":"info","event":"run_id: scheduled__2026-05-03T18:00:00+00:00","logger":"task.stdout"}
{"timestamp":"2026-05-05T13:23:53.732383Z","level":"info","event":"task: <Task(PythonOperator): print_interval>","logger":"task.stdout"}
{"timestamp":"2026-05-05T13:23:53.732866Z","level":"info","event":"task_instance: id=UUID('019df84f-3037-7fc8-ac96-3595e5095c21') task_id='print_interval' dag_id='print_interval_dag' run_id='scheduled__2026-05-03T18:00:00+00:00' try_number=1 dag_version_id=UUID('019df84c-bf62-7f14-8fe7-d050202e4827') map_index=-1 hostname='86abe326db93' context_carrier={'traceparent': '00-d1dcf4fd6de98c59fdd7fcb50796c60c-4c2cab760789ed87-01'} task=<Task(PythonOperator): print_interval> bundle_instance=LocalDagBundle(name=dags-folder) max_tries=0 start_date=datetime.datetime(2026, 5, 5, 13, 23, 52, 844262, tzinfo=datetime.timezone.utc) end_date=None state=<TaskInstanceState.RUNNING: 'running'> is_mapped=False rendered_map_index=None sentry_integration=''","logger":"task.stdout"}
{"timestamp":"2026-05-05T13:23:53.733846Z","level":"info","event":"ti: id=UUID('019df84f-3037-7fc8-ac96-3595e5095c21') task_id='print_interval' dag_id='print_interval_dag' run_id='scheduled__2026-05-03T18:00:00+00:00' try_number=1 dag_version_id=UUID('019df84c-bf62-7f14-8fe7-d050202e4827') map_index=-1 hostname='86abe326db93' context_carrier={'traceparent': '00-d1dcf4fd6de98c59fdd7fcb50796c60c-4c2cab760789ed87-01'} task=<Task(PythonOperator): print_interval> bundle_instance=LocalDagBundle(name=dags-folder) max_tries=0 start_date=datetime.datetime(2026, 5, 5, 13, 23, 52, 844262, tzinfo=datetime.timezone.utc) end_date=None state=<TaskInstanceState.RUNNING: 'running'> is_mapped=False rendered_map_index=None sentry_integration=''","logger":"task.stdout"}
{"timestamp":"2026-05-05T13:23:53.734335Z","level":"info","event":"outlet_events: OutletEventAccessors(_dict={})","logger":"task.stdout"}
{"timestamp":"2026-05-05T13:23:53.734772Z","level":"info","event":"inlet_events: InletEventsAccessors(_inlets=[], _assets={}, _asset_aliases={})","logger":"task.stdout"}
{"timestamp":"2026-05-05T13:23:53.735241Z","level":"info","event":"macros: <MacrosAccessor (dynamic access to macros)>","logger":"task.stdout"}
{"timestamp":"2026-05-05T13:23:53.735694Z","level":"info","event":"params: {}","logger":"task.stdout"}
{"timestamp":"2026-05-05T13:23:53.736308Z","level":"info","event":"var: {'json': <VariableAccessor (dynamic access)>, 'value': <VariableAccessor (dynamic access)>}","logger":"task.stdout"}
{"timestamp":"2026-05-05T13:23:53.736753Z","level":"info","event":"conn: <ConnectionAccessor (dynamic access)>","logger":"task.stdout"}
{"timestamp":"2026-05-05T13:23:53.737250Z","level":"info","event":"dag_run: dag_id='print_interval_dag' run_id='scheduled__2026-05-03T18:00:00+00:00' logical_date=datetime.datetime(2026, 5, 3, 18, 0, tzinfo=datetime.timezone.utc) data_interval_start=datetime.datetime(2026, 5, 3, 18, 0, tzinfo=datetime.timezone.utc) data_interval_end=datetime.datetime(2026, 5, 3, 18, 0, tzinfo=datetime.timezone.utc) run_after=datetime.datetime(2026, 5, 3, 18, 0, tzinfo=datetime.timezone.utc) start_date=datetime.datetime(2026, 5, 5, 13, 23, 52, 530563, tzinfo=datetime.timezone.utc) end_date=None clear_number=0 run_type=<DagRunType.SCHEDULED: 'scheduled'> state=<DagRunState.RUNNING: 'running'> conf={} triggering_user_name=None consumed_asset_events=[] partition_key=None note=None","logger":"task.stdout"}
{"timestamp":"2026-05-05T13:23:53.737674Z","level":"info","event":"triggering_asset_events: TriggeringAssetEventAccessor(_events=defaultdict(<class 'list'>, {}))","logger":"task.stdout"}
{"timestamp":"2026-05-05T13:23:53.738241Z","level":"info","event":"task_instance_key_str: print_interval_dag__print_interval__20260503","logger":"task.stdout"}
{"timestamp":"2026-05-05T13:23:53.738902Z","level":"info","event":"task_reschedule_count: 0","logger":"task.stdout"}
{"timestamp":"2026-05-05T13:23:53.762092Z","level":"info","event":"prev_start_date_success: 2026-05-05 13:23:51.544378+00:00","logger":"task.stdout"}
{"timestamp":"2026-05-05T13:23:53.762762Z","level":"info","event":"prev_end_date_success: 2026-05-05 13:23:53.409067+00:00","logger":"task.stdout"}
{"timestamp":"2026-05-05T13:23:53.763497Z","level":"info","event":"logical_date: 2026-05-03 18:00:00+00:00","logger":"task.stdout"}
{"timestamp":"2026-05-05T13:23:53.763972Z","level":"info","event":"ds: 2026-05-03","logger":"task.stdout"}
{"timestamp":"2026-05-05T13:23:53.764378Z","level":"info","event":"ds_nodash: 20260503","logger":"task.stdout"}
{"timestamp":"2026-05-05T13:23:53.764828Z","level":"info","event":"ts: 2026-05-03T18:00:00+00:00","logger":"task.stdout"}
{"timestamp":"2026-05-05T13:23:53.765340Z","level":"info","event":"ts_nodash: 20260503T180000","logger":"task.stdout"}
{"timestamp":"2026-05-05T13:23:53.765824Z","level":"info","event":"ts_nodash_with_tz: 20260503T180000+0000","logger":"task.stdout"}
{"timestamp":"2026-05-05T13:23:53.766201Z","level":"info","event":"data_interval_end: 2026-05-03 18:00:00+00:00","logger":"task.stdout"}
{"timestamp":"2026-05-05T13:23:53.766642Z","level":"info","event":"data_interval_start: 2026-05-03 18:00:00+00:00","logger":"task.stdout"}
{"timestamp":"2026-05-05T13:23:53.767169Z","level":"info","event":"prev_data_interval_start_success: 2026-05-03 12:00:00+00:00","logger":"task.stdout"}
{"timestamp":"2026-05-05T13:23:53.767602Z","level":"info","event":"prev_data_interval_end_success: 2026-05-03 12:00:00+00:00","logger":"task.stdout"}
{"timestamp":"2026-05-05T13:23:53.768021Z","level":"info","event":"templates_dict: None","logger":"task.stdout"}
{"timestamp":"2026-05-05T13:23:53.761315Z","level":"info","event":"Done. Returned value was: None","logger":"airflow.task.operators.airflow.providers.standard.operators.python.PythonOperator","filename":"python.py","lineno":229}
{"timestamp":"2026-05-05T13:23:53.873007Z","level":"info","event":"Task instance in success state","logger":"task.stdout"}
{"timestamp":"2026-05-05T13:23:53.876786Z","level":"info","event":" Previous state of the Task instance: TaskInstanceState.RUNNING","logger":"task.stdout"}
{"timestamp":"2026-05-05T13:23:53.880027Z","level":"info","event":"Task operator:<Task(PythonOperator): print_interval>","logger":"task.stdout"}
{"timestamp":"2026-05-05T13:54:01.481297Z","level":"info","event":"DAG bundles loaded: dags-folder, example_dags","logger":"airflow.dag_processing.bundles.manager.DagBundlesManager","filename":"manager.py","lineno":209}
{"timestamp":"2026-05-05T13:54:01.483511Z","level":"info","event":"Filling up the DagBag from /opt/airflow/dags/print_interval_dag.py","logger":"airflow.dag_processing.dagbag.BundleDagBag","filename":"dagbag.py","lineno":469}
{"timestamp":"2026-05-05T13:54:01.813699Z","level":"info","event":"Task instance is in running state","logger":"task.stdout"}
{"timestamp":"2026-05-05T13:54:01.815251Z","level":"info","event":" Previous state of the Task instance: TaskInstanceState.QUEUED","logger":"task.stdout"}
{"timestamp":"2026-05-05T13:54:01.815948Z","level":"info","event":"Current task name:print_interval","logger":"task.stdout"}
{"timestamp":"2026-05-05T13:54:01.820354Z","level":"info","event":"Dag name:print_interval_dag","logger":"task.stdout"}
{"timestamp":"2026-05-05T13:54:01.825665Z","level":"info","event":"=== INTERVAL INFO ===","logger":"task.stdout"}
{"timestamp":"2026-05-05T13:54:01.828125Z","level":"info","event":"Interval Start:  2026-05-03 18:00:00+00:00","logger":"task.stdout"}
{"timestamp":"2026-05-05T13:54:01.828649Z","level":"info","event":"Interval End:    2026-05-03 21:00:00+00:00","logger":"task.stdout"}
{"timestamp":"2026-05-05T13:54:01.829294Z","level":"info","event":"Duration:        3:00:00","logger":"task.stdout"}
{"timestamp":"2026-05-05T13:54:01.830483Z","level":"info","event":"=== ALL AVAILABLE MACROS ===","logger":"task.stdout"}
{"timestamp":"2026-05-05T13:54:01.834913Z","level":"info","event":"dag: <DAG: print_interval_dag>","logger":"task.stdout"}
{"timestamp":"2026-05-05T13:54:01.835580Z","level":"info","event":"inlets: []","logger":"task.stdout"}
{"timestamp":"2026-05-05T13:54:01.837381Z","level":"info","event":"map_index_template: None","logger":"task.stdout"}
{"timestamp":"2026-05-05T13:54:01.839272Z","level":"info","event":"outlets: []","logger":"task.stdout"}
{"timestamp":"2026-05-05T13:54:01.839800Z","level":"info","event":"run_id: scheduled__2026-05-03T18:00:00+00:00","logger":"task.stdout"}
{"timestamp":"2026-05-05T13:54:01.842575Z","level":"info","event":"task: <Task(PythonOperator): print_interval>","logger":"task.stdout"}
{"timestamp":"2026-05-05T13:54:01.844701Z","level":"info","event":"task_instance: id=UUID('019df86a-c6c2-7494-90eb-fdeceb5de3e4') task_id='print_interval' dag_id='print_interval_dag' run_id='scheduled__2026-05-03T18:00:00+00:00' try_number=1 dag_version_id=UUID('019df868-e424-75da-84ee-f728e7b06374') map_index=-1 hostname='86abe326db93' context_carrier={'traceparent': '00-34db81e662c846e5be605ff1ee7ccf09-a4fd01608e2e1efd-01'} task=<Task(PythonOperator): print_interval> bundle_instance=LocalDagBundle(name=dags-folder) max_tries=0 start_date=datetime.datetime(2026, 5, 5, 13, 54, 0, 760321, tzinfo=datetime.timezone.utc) end_date=None state=<TaskInstanceState.RUNNING: 'running'> is_mapped=False rendered_map_index=None sentry_integration=''","logger":"task.stdout"}
{"timestamp":"2026-05-05T13:54:01.846317Z","level":"info","event":"ti: id=UUID('019df86a-c6c2-7494-90eb-fdeceb5de3e4') task_id='print_interval' dag_id='print_interval_dag' run_id='scheduled__2026-05-03T18:00:00+00:00' try_number=1 dag_version_id=UUID('019df868-e424-75da-84ee-f728e7b06374') map_index=-1 hostname='86abe326db93' context_carrier={'traceparent': '00-34db81e662c846e5be605ff1ee7ccf09-a4fd01608e2e1efd-01'} task=<Task(PythonOperator): print_interval> bundle_instance=LocalDagBundle(name=dags-folder) max_tries=0 start_date=datetime.datetime(2026, 5, 5, 13, 54, 0, 760321, tzinfo=datetime.timezone.utc) end_date=None state=<TaskInstanceState.RUNNING: 'running'> is_mapped=False rendered_map_index=None sentry_integration=''","logger":"task.stdout"}
{"timestamp":"2026-05-05T13:54:01.847220Z","level":"info","event":"outlet_events: OutletEventAccessors(_dict={})","logger":"task.stdout"}
{"timestamp":"2026-05-05T13:54:01.848087Z","level":"info","event":"inlet_events: InletEventsAccessors(_inlets=[], _assets={}, _asset_aliases={})","logger":"task.stdout"}
{"timestamp":"2026-05-05T13:54:01.848790Z","level":"info","event":"macros: <MacrosAccessor (dynamic access to macros)>","logger":"task.stdout"}
{"timestamp":"2026-05-05T13:54:01.849533Z","level":"info","event":"params: {}","logger":"task.stdout"}
{"timestamp":"2026-05-05T13:54:01.849991Z","level":"info","event":"var: {'json': <VariableAccessor (dynamic access)>, 'value': <VariableAccessor (dynamic access)>}","logger":"task.stdout"}
{"timestamp":"2026-05-05T13:54:01.850718Z","level":"info","event":"conn: <ConnectionAccessor (dynamic access)>","logger":"task.stdout"}
{"timestamp":"2026-05-05T13:54:01.854346Z","level":"info","event":"dag_run: dag_id='print_interval_dag' run_id='scheduled__2026-05-03T18:00:00+00:00' logical_date=datetime.datetime(2026, 5, 3, 18, 0, tzinfo=datetime.timezone.utc) data_interval_start=datetime.datetime(2026, 5, 3, 18, 0, tzinfo=datetime.timezone.utc) data_interval_end=datetime.datetime(2026, 5, 3, 18, 0, tzinfo=datetime.timezone.utc) run_after=datetime.datetime(2026, 5, 3, 18, 0, tzinfo=datetime.timezone.utc) start_date=datetime.datetime(2026, 5, 5, 13, 54, 0, 535822, tzinfo=datetime.timezone.utc) end_date=None clear_number=0 run_type=<DagRunType.SCHEDULED: 'scheduled'> state=<DagRunState.RUNNING: 'running'> conf={} triggering_user_name=None consumed_asset_events=[] partition_key=None note=None","logger":"task.stdout"}
{"timestamp":"2026-05-05T13:54:01.855285Z","level":"info","event":"triggering_asset_events: TriggeringAssetEventAccessor(_events=defaultdict(<class 'list'>, {}))","logger":"task.stdout"}
{"timestamp":"2026-05-05T13:54:01.856374Z","level":"info","event":"task_instance_key_str: print_interval_dag__print_interval__20260503","logger":"task.stdout"}
{"timestamp":"2026-05-05T13:54:01.857466Z","level":"info","event":"task_reschedule_count: 0","logger":"task.stdout"}
{"timestamp":"2026-05-05T13:54:01.922891Z","level":"info","event":"prev_start_date_success: 2026-05-05 13:53:59.650571+00:00","logger":"task.stdout"}
{"timestamp":"2026-05-05T13:54:01.928359Z","level":"info","event":"prev_end_date_success: 2026-05-05 13:54:01.205711+00:00","logger":"task.stdout"}
{"timestamp":"2026-05-05T13:54:01.936885Z","level":"info","event":"logical_date: 2026-05-03 18:00:00+00:00","logger":"task.stdout"}
{"timestamp":"2026-05-05T13:54:01.944342Z","level":"info","event":"ds: 2026-05-03","logger":"task.stdout"}
{"timestamp":"2026-05-05T13:54:01.950512Z","level":"info","event":"ds_nodash: 20260503","logger":"task.stdout"}
{"timestamp":"2026-05-05T13:54:01.951125Z","level":"info","event":"ts: 2026-05-03T18:00:00+00:00","logger":"task.stdout"}
{"timestamp":"2026-05-05T13:54:01.951555Z","level":"info","event":"ts_nodash: 20260503T180000","logger":"task.stdout"}
{"timestamp":"2026-05-05T13:54:01.952100Z","level":"info","event":"ts_nodash_with_tz: 20260503T180000+0000","logger":"task.stdout"}
{"timestamp":"2026-05-05T13:54:01.952501Z","level":"info","event":"data_interval_end: 2026-05-03 18:00:00+00:00","logger":"task.stdout"}
{"timestamp":"2026-05-05T13:54:01.952887Z","level":"info","event":"data_interval_start: 2026-05-03 18:00:00+00:00","logger":"task.stdout"}
{"timestamp":"2026-05-05T13:54:01.953407Z","level":"info","event":"prev_data_interval_start_success: 2026-05-03 15:00:00+00:00","logger":"task.stdout"}
{"timestamp":"2026-05-05T13:54:01.954321Z","level":"info","event":"prev_data_interval_end_success: 2026-05-03 15:00:00+00:00","logger":"task.stdout"}
{"timestamp":"2026-05-05T13:54:01.955661Z","level":"info","event":"templates_dict: None","logger":"task.stdout"}
{"timestamp":"2026-05-05T13:54:01.922095Z","level":"info","event":"Done. Returned value was: None","logger":"airflow.task.operators.airflow.providers.standard.operators.python.PythonOperator","filename":"python.py","lineno":229}
{"timestamp":"2026-05-05T13:54:02.111145Z","level":"info","event":"Task instance in success state","logger":"task.stdout"}
{"timestamp":"2026-05-05T13:54:02.113383Z","level":"info","event":" Previous state of the Task instance: TaskInstanceState.RUNNING","logger":"task.stdout"}
{"timestamp":"2026-05-05T13:54:02.116264Z","level":"info","event":"Task operator:<Task(PythonOperator): print_interval>","logger":"task.stdout"}
{"timestamp":"2026-05-06T14:47:20.613909Z","level":"info","event":"DAG bundles loaded: dags-folder, example_dags","logger":"airflow.dag_processing.bundles.manager.DagBundlesManager","filename":"manager.py","lineno":209}
{"timestamp":"2026-05-06T14:47:20.615979Z","level":"info","event":"Filling up the DagBag from /opt/airflow/dags/print_interval_dag.py","logger":"airflow.dag_processing.dagbag.BundleDagBag","filename":"dagbag.py","lineno":469}
{"timestamp":"2026-05-06T14:47:20.729611Z","level":"info","event":"Task instance is in running state","logger":"task.stdout"}
{"timestamp":"2026-05-06T14:47:20.733532Z","level":"info","event":" Previous state of the Task instance: TaskInstanceState.QUEUED","logger":"task.stdout"}
{"timestamp":"2026-05-06T14:47:20.735591Z","level":"info","event":"Current task name:print_interval","logger":"task.stdout"}
{"timestamp":"2026-05-06T14:47:20.736516Z","level":"info","event":"Dag name:print_interval_dag","logger":"task.stdout"}
{"timestamp":"2026-05-06T14:47:20.748170Z","level":"info","event":"=== INTERVAL INFO ===","logger":"task.stdout"}
{"timestamp":"2026-05-06T14:47:20.748636Z","level":"info","event":"Interval Start:  2026-05-03 18:00:00+00:00","logger":"task.stdout"}
{"timestamp":"2026-05-06T14:47:20.749361Z","level":"info","event":"Interval End:    2026-05-03 18:00:00+00:00","logger":"task.stdout"}
{"timestamp":"2026-05-06T14:47:20.752042Z","level":"info","event":"Duration:        0:00:00","logger":"task.stdout"}
{"timestamp":"2026-05-06T14:47:20.752661Z","level":"info","event":"=== ALL AVAILABLE MACROS ===","logger":"task.stdout"}
{"timestamp":"2026-05-06T14:47:20.753348Z","level":"info","event":"dag: <DAG: print_interval_dag>","logger":"task.stdout"}
{"timestamp":"2026-05-06T14:47:20.758277Z","level":"info","event":"inlets: []","logger":"task.stdout"}
{"timestamp":"2026-05-06T14:47:20.760215Z","level":"info","event":"map_index_template: None","logger":"task.stdout"}
{"timestamp":"2026-05-06T14:47:20.760740Z","level":"info","event":"outlets: []","logger":"task.stdout"}
{"timestamp":"2026-05-06T14:47:20.761313Z","level":"info","event":"run_id: scheduled__2026-05-03T18:00:00+00:00","logger":"task.stdout"}
{"timestamp":"2026-05-06T14:47:20.761730Z","level":"info","event":"task: <Task(PythonOperator): print_interval>","logger":"task.stdout"}
{"timestamp":"2026-05-06T14:47:20.762270Z","level":"info","event":"task_instance: id=UUID('019dfdc1-f1bc-7c51-be28-6faea29cebcf') task_id='print_interval' dag_id='print_interval_dag' run_id='scheduled__2026-05-03T18:00:00+00:00' try_number=1 dag_version_id=UUID('019dfdc0-ac2b-7973-9b93-eab8e640e2bd') map_index=-1 hostname='86abe326db93' context_carrier={'traceparent': '00-a0643df423a201c3cd31f561c1bbd04d-8cddde96d70f2cbe-01'} task=<Task(PythonOperator): print_interval> bundle_instance=LocalDagBundle(name=dags-folder) max_tries=0 start_date=datetime.datetime(2026, 5, 6, 14, 47, 19, 668209, tzinfo=datetime.timezone.utc) end_date=None state=<TaskInstanceState.RUNNING: 'running'> is_mapped=False rendered_map_index=None sentry_integration=''","logger":"task.stdout"}
{"timestamp":"2026-05-06T14:47:20.765373Z","level":"info","event":"ti: id=UUID('019dfdc1-f1bc-7c51-be28-6faea29cebcf') task_id='print_interval' dag_id='print_interval_dag' run_id='scheduled__2026-05-03T18:00:00+00:00' try_number=1 dag_version_id=UUID('019dfdc0-ac2b-7973-9b93-eab8e640e2bd') map_index=-1 hostname='86abe326db93' context_carrier={'traceparent': '00-a0643df423a201c3cd31f561c1bbd04d-8cddde96d70f2cbe-01'} task=<Task(PythonOperator): print_interval> bundle_instance=LocalDagBundle(name=dags-folder) max_tries=0 start_date=datetime.datetime(2026, 5, 6, 14, 47, 19, 668209, tzinfo=datetime.timezone.utc) end_date=None state=<TaskInstanceState.RUNNING: 'running'> is_mapped=False rendered_map_index=None sentry_integration=''","logger":"task.stdout"}
{"timestamp":"2026-05-06T14:47:20.765932Z","level":"info","event":"outlet_events: OutletEventAccessors(_dict={})","logger":"task.stdout"}
{"timestamp":"2026-05-06T14:47:20.766441Z","level":"info","event":"inlet_events: InletEventsAccessors(_inlets=[], _assets={}, _asset_aliases={})","logger":"task.stdout"}
{"timestamp":"2026-05-06T14:47:20.766889Z","level":"info","event":"macros: <MacrosAccessor (dynamic access to macros)>","logger":"task.stdout"}
{"timestamp":"2026-05-06T14:47:20.767378Z","level":"info","event":"params: {}","logger":"task.stdout"}
{"timestamp":"2026-05-06T14:47:20.769145Z","level":"info","event":"var: {'json': <VariableAccessor (dynamic access)>, 'value': <VariableAccessor (dynamic access)>}","logger":"task.stdout"}
{"timestamp":"2026-05-06T14:47:20.769970Z","level":"info","event":"conn: <ConnectionAccessor (dynamic access)>","logger":"task.stdout"}
{"timestamp":"2026-05-06T14:47:20.770579Z","level":"info","event":"dag_run: dag_id='print_interval_dag' run_id='scheduled__2026-05-03T18:00:00+00:00' logical_date=datetime.datetime(2026, 5, 3, 18, 0, tzinfo=datetime.timezone.utc) data_interval_start=datetime.datetime(2026, 5, 3, 18, 0, tzinfo=datetime.timezone.utc) data_interval_end=datetime.datetime(2026, 5, 3, 18, 0, tzinfo=datetime.timezone.utc) run_after=datetime.datetime(2026, 5, 3, 18, 0, tzinfo=datetime.timezone.utc) start_date=datetime.datetime(2026, 5, 6, 14, 47, 19, 253402, tzinfo=datetime.timezone.utc) end_date=None clear_number=0 run_type=<DagRunType.SCHEDULED: 'scheduled'> state=<DagRunState.RUNNING: 'running'> conf={} triggering_user_name=None consumed_asset_events=[] partition_key=None note=None","logger":"task.stdout"}
{"timestamp":"2026-05-06T14:47:20.772656Z","level":"info","event":"triggering_asset_events: TriggeringAssetEventAccessor(_events=defaultdict(<class 'list'>, {}))","logger":"task.stdout"}
{"timestamp":"2026-05-06T14:47:20.773150Z","level":"info","event":"task_instance_key_str: print_interval_dag__print_interval__20260503","logger":"task.stdout"}
{"timestamp":"2026-05-06T14:47:20.773824Z","level":"info","event":"task_reschedule_count: 0","logger":"task.stdout"}
{"timestamp":"2026-05-06T14:47:20.850318Z","level":"info","event":"prev_start_date_success: 2026-05-06 14:47:18.795255+00:00","logger":"task.stdout"}
{"timestamp":"2026-05-06T14:47:20.850934Z","level":"info","event":"prev_end_date_success: 2026-05-06 14:47:20.755012+00:00","logger":"task.stdout"}
{"timestamp":"2026-05-06T14:47:20.856502Z","level":"info","event":"logical_date: 2026-05-03 18:00:00+00:00","logger":"task.stdout"}
{"timestamp":"2026-05-06T14:47:20.857090Z","level":"info","event":"ds: 2026-05-03","logger":"task.stdout"}
{"timestamp":"2026-05-06T14:47:20.857563Z","level":"info","event":"ds_nodash: 20260503","logger":"task.stdout"}
{"timestamp":"2026-05-06T14:47:20.858216Z","level":"info","event":"ts: 2026-05-03T18:00:00+00:00","logger":"task.stdout"}
{"timestamp":"2026-05-06T14:47:20.861546Z","level":"info","event":"ts_nodash: 20260503T180000","logger":"task.stdout"}
{"timestamp":"2026-05-06T14:47:20.862003Z","level":"info","event":"ts_nodash_with_tz: 20260503T180000+0000","logger":"task.stdout"}
{"timestamp":"2026-05-06T14:47:20.862515Z","level":"info","event":"data_interval_end: 2026-05-03 18:00:00+00:00","logger":"task.stdout"}
{"timestamp":"2026-05-06T14:47:20.862891Z","level":"info","event":"data_interval_start: 2026-05-03 18:00:00+00:00","logger":"task.stdout"}
{"timestamp":"2026-05-06T14:47:20.867646Z","level":"info","event":"prev_data_interval_start_success: 2026-05-03 15:00:00+00:00","logger":"task.stdout"}
{"timestamp":"2026-05-06T14:47:20.868894Z","level":"info","event":"prev_data_interval_end_success: 2026-05-03 15:00:00+00:00","logger":"task.stdout"}
{"timestamp":"2026-05-06T14:47:20.869605Z","level":"info","event":"templates_dict: None","logger":"task.stdout"}
{"timestamp":"2026-05-06T14:47:20.847977Z","level":"info","event":"Done. Returned value was: None","logger":"airflow.task.operators.airflow.providers.standard.operators.python.PythonOperator","filename":"python.py","lineno":229}
{"timestamp":"2026-05-06T14:47:21.008151Z","level":"info","event":"Task instance in success state","logger":"task.stdout"}
{"timestamp":"2026-05-06T14:47:21.013317Z","level":"info","event":" Previous state of the Task instance: TaskInstanceState.RUNNING","logger":"task.stdout"}
{"timestamp":"2026-05-06T14:47:21.015204Z","level":"info","event":"Task operator:<Task(PythonOperator): print_interval>","logger":"task.stdout"}
{"timestamp":"2026-05-06T14:50:39.486902Z","level":"info","event":"DAG bundles loaded: dags-folder, example_dags","logger":"airflow.dag_processing.bundles.manager.DagBundlesManager","filename":"manager.py","lineno":209}
{"timestamp":"2026-05-06T14:50:39.489495Z","level":"info","event":"Filling up the DagBag from /opt/airflow/dags/print_interval_dag.py","logger":"airflow.dag_processing.dagbag.BundleDagBag","filename":"dagbag.py","lineno":469}
{"timestamp":"2026-05-06T14:50:39.569103Z","level":"info","event":"Task instance is in running state","logger":"task.stdout"}
{"timestamp":"2026-05-06T14:50:39.570203Z","level":"info","event":" Previous state of the Task instance: TaskInstanceState.QUEUED","logger":"task.stdout"}
{"timestamp":"2026-05-06T14:50:39.571318Z","level":"info","event":"Current task name:print_interval","logger":"task.stdout"}
{"timestamp":"2026-05-06T14:50:39.572688Z","level":"info","event":"Dag name:print_interval_dag","logger":"task.stdout"}
{"timestamp":"2026-05-06T14:50:39.577327Z","level":"error","event":"Task failed with exception","logger":"task","filename":"task_runner.py","lineno":1347,"error_detail":[{"exc_type":"AttributeError","exc_value":"'DAG' object has no attribute 'schedule_interval'","exc_notes":[],"syntax_error":null,"is_cause":false,"frames":[{"filename":"/home/airflow/.local/lib/python3.13/site-packages/airflow/sdk/execution_time/task_runner.py","lineno":1263,"name":"run"},{"filename":"/home/airflow/.local/lib/python3.13/site-packages/airflow/sdk/execution_time/task_runner.py","lineno":1678,"name":"_execute_task"},{"filename":"/home/airflow/.local/lib/python3.13/site-packages/airflow/sdk/bases/operator.py","lineno":443,"name":"wrapper"},{"filename":"/home/airflow/.local/lib/python3.13/site-packages/airflow/providers/standard/operators/python.py","lineno":227,"name":"execute"},{"filename":"/home/airflow/.local/lib/python3.13/site-packages/airflow/providers/standard/operators/python.py","lineno":250,"name":"execute_callable"},{"filename":"/home/airflow/.local/lib/python3.13/site-packages/airflow/sdk/execution_time/callback_runner.py","lineno":97,"name":"run"},{"filename":"/opt/airflow/dags/print_interval_dag.py","lineno":11,"name":"print_interval"}],"is_group":false,"exceptions":[]}]}
{"timestamp":"2026-05-06T14:50:39.580603Z","level":"info","event":"Task instance in failure state","logger":"task.stdout"}
{"timestamp":"2026-05-06T14:50:39.581351Z","level":"info","event":"Task start","logger":"task.stdout"}
{"timestamp":"2026-05-06T14:50:39.585926Z","level":"info","event":"Task:<Task(PythonOperator): print_interval>","logger":"task.stdout"}
{"timestamp":"2026-05-06T14:50:39.586579Z","level":"info","event":"Failure caused by 'DAG' object has no attribute 'schedule_interval'","logger":"task.stdout"}
{"timestamp":"2026-05-06T14:53:21.840587Z","level":"info","event":"DAG bundles loaded: dags-folder, example_dags","logger":"airflow.dag_processing.bundles.manager.DagBundlesManager","filename":"manager.py","lineno":209}
{"timestamp":"2026-05-06T14:53:21.842531Z","level":"info","event":"Filling up the DagBag from /opt/airflow/dags/print_interval_dag.py","logger":"airflow.dag_processing.dagbag.BundleDagBag","filename":"dagbag.py","lineno":469}
{"timestamp":"2026-05-06T14:53:21.934761Z","level":"info","event":"Task instance is in running state","logger":"task.stdout"}
{"timestamp":"2026-05-06T14:53:21.935352Z","level":"info","event":" Previous state of the Task instance: TaskInstanceState.QUEUED","logger":"task.stdout"}
{"timestamp":"2026-05-06T14:53:21.938733Z","level":"info","event":"Current task name:print_interval","logger":"task.stdout"}
{"timestamp":"2026-05-06T14:53:21.942665Z","level":"info","event":"Dag name:print_interval_dag","logger":"task.stdout"}
{"timestamp":"2026-05-06T14:53:21.943852Z","level":"info","event":"=== INTERVAL INFO ===","logger":"task.stdout"}
{"timestamp":"2026-05-06T14:53:21.948798Z","level":"info","event":"Interval Start:  2026-05-03 18:00:00+00:00","logger":"task.stdout"}
{"timestamp":"2026-05-06T14:53:21.949998Z","level":"info","event":"Interval End:    2026-05-03 21:00:00+00:00","logger":"task.stdout"}
{"timestamp":"2026-05-06T14:53:21.952089Z","level":"info","event":"Duration:        3:00:00","logger":"task.stdout"}
{"timestamp":"2026-05-06T14:53:21.942264Z","level":"info","event":"Done. Returned value was: None","logger":"airflow.task.operators.airflow.providers.standard.operators.python.PythonOperator","filename":"python.py","lineno":229}
{"timestamp":"2026-05-06T14:53:22.024934Z","level":"info","event":"Task instance in success state","logger":"task.stdout"}
{"timestamp":"2026-05-06T14:53:22.030845Z","level":"info","event":" Previous state of the Task instance: TaskInstanceState.RUNNING","logger":"task.stdout"}
{"timestamp":"2026-05-06T14:53:22.031701Z","level":"info","event":"Task operator:<Task(PythonOperator): print_interval>","logger":"task.stdout"}
