{"timestamp":"2026-05-08T17:38:12.165959Z","level":"info","event":"DAG bundles loaded: dags-folder, example_dags","logger":"airflow.dag_processing.bundles.manager.DagBundlesManager","filename":"manager.py","lineno":209}
{"timestamp":"2026-05-08T17:38:12.167963Z","level":"info","event":"Filling up the DagBag from /opt/airflow/dags/csv_upsert_pipeline.py","logger":"airflow.dag_processing.dagbag.BundleDagBag","filename":"dagbag.py","lineno":469}
{"timestamp":"2026-05-08T17:38:12.179341Z","level":"warning","event":"airflow.exceptions.AirflowSkipException is deprecated and will be removed in a future version. Use airflow.sdk.exceptions.AirflowSkipException instead.","category":"UserWarning","filename":"/opt/airflow/dags/csv_upsert_pipeline.py","lineno":7,"logger":"py.warnings"}
{"timestamp":"2026-05-08T17:38:12.238910Z","level":"info","event":"Task instance is in running state","logger":"task.stdout"}
{"timestamp":"2026-05-08T17:38:12.239569Z","level":"info","event":" Previous state of the Task instance: TaskInstanceState.QUEUED","logger":"task.stdout"}
{"timestamp":"2026-05-08T17:38:12.240277Z","level":"info","event":"Current task name:process_partition","logger":"task.stdout"}
{"timestamp":"2026-05-08T17:38:12.240821Z","level":"info","event":"Dag name:csv_upsert_pipeline","logger":"task.stdout"}
{"timestamp":"2026-05-08T17:38:12.246314Z","level":"info","event":"[INFO] data_interval_start : 2026-05-04 12:00:00+00:00","logger":"task.stdout"}
{"timestamp":"2026-05-08T17:38:12.246856Z","level":"info","event":"[INFO] data_interval_end   : 2026-05-04 12:00:00+00:00","logger":"task.stdout"}
{"timestamp":"2026-05-08T17:38:12.247228Z","level":"info","event":"[INFO] Processing partition: /data/time_stamp=2026-05-04-12","logger":"task.stdout"}
{"timestamp":"2026-05-08T17:38:12.249231Z","level":"info","event":"[INFO] Sorted files: ['data_1.csv']","logger":"task.stdout"}
{"timestamp":"2026-05-08T17:38:12.251392Z","level":"info","event":"[INFO] Read data_1.csv  (index=1)","logger":"task.stdout"}
{"timestamp":"2026-05-08T17:38:12.252073Z","level":"info","event":"[INFO] Resolved 13 unique IDs for this run:","logger":"task.stdout"}
{"timestamp":"2026-05-08T17:38:12.252503Z","level":"info","event":"       id=1 → {'id': '1', 'name': 'Jack', 'age': '26', 'department': 'HR', 'salary': '60508.83', 'working_hours': '55.9'}","logger":"task.stdout"}
{"timestamp":"2026-05-08T17:38:12.252827Z","level":"info","event":"       id=2 → {'id': '2', 'name': 'Grace', 'age': '23', 'department': 'Finance', 'salary': '61870.88', 'working_hours': '52.6'}","logger":"task.stdout"}
{"timestamp":"2026-05-08T17:38:12.253151Z","level":"info","event":"       id=3 → {'id': '3', 'name': 'Bob', 'age': '29', 'department': 'Finance', 'salary': '43075.46', 'working_hours': '39.0'}","logger":"task.stdout"}
{"timestamp":"2026-05-08T17:38:12.253530Z","level":"info","event":"       id=4 → {'id': '4', 'name': 'Jack', 'age': '53', 'department': 'Marketing', 'salary': '35868.3', 'working_hours': '36.4'}","logger":"task.stdout"}
{"timestamp":"2026-05-08T17:38:12.253877Z","level":"info","event":"       id=5 → {'id': '5', 'name': 'Diana', 'age': '45', 'department': 'Finance', 'salary': '61554.15', 'working_hours': '54.9'}","logger":"task.stdout"}
{"timestamp":"2026-05-08T17:38:12.254208Z","level":"info","event":"       id=6 → {'id': '6', 'name': 'Frank', 'age': '51', 'department': 'Operations', 'salary': '76815.46', 'working_hours': '27.5'}","logger":"task.stdout"}
{"timestamp":"2026-05-08T17:38:12.254748Z","level":"info","event":"       id=7 → {'id': '7', 'name': 'Eve', 'age': '39', 'department': 'HR', 'salary': '33730.0', 'working_hours': '50.7'}","logger":"task.stdout"}
{"timestamp":"2026-05-08T17:38:12.255066Z","level":"info","event":"       id=8 → {'id': '8', 'name': 'Diana', 'age': '58', 'department': 'Finance', 'salary': '68559.46', 'working_hours': '47.5'}","logger":"task.stdout"}
{"timestamp":"2026-05-08T17:38:12.255765Z","level":"info","event":"       id=9 → {'id': '9', 'name': 'Charlie', 'age': '29', 'department': 'Finance', 'salary': '119056.73', 'working_hours': '48.1'}","logger":"task.stdout"}
{"timestamp":"2026-05-08T17:38:12.256587Z","level":"info","event":"       id=10 → {'id': '10', 'name': 'Eve', 'age': '33', 'department': 'Operations', 'salary': '103205.78', 'working_hours': '42.0'}","logger":"task.stdout"}
{"timestamp":"2026-05-08T17:38:12.256939Z","level":"info","event":"       id=11 → {'id': '11', 'name': 'Charlie', 'age': '27', 'department': 'Marketing', 'salary': '106626.67', 'working_hours': '30.2'}","logger":"task.stdout"}
{"timestamp":"2026-05-08T17:38:12.257280Z","level":"info","event":"       id=12 → {'id': '12', 'name': 'Grace', 'age': '27', 'department': 'Engineering', 'salary': '86461.74', 'working_hours': '58.8'}","logger":"task.stdout"}
{"timestamp":"2026-05-08T17:38:12.257796Z","level":"info","event":"       id=13 → {'id': '13', 'name': 'Hank', 'age': '24', 'department': 'HR', 'salary': '71272.56', 'working_hours': '55.9'}","logger":"task.stdout"}
{"timestamp":"2026-05-08T17:38:12.258208Z","level":"info","event":"[INFO] result.csv mil gayi — upsert karte hain.","logger":"task.stdout"}
{"timestamp":"2026-05-08T17:38:12.258588Z","level":"info","event":"[INFO] Existing result.csv mein 20 rows hain.","logger":"task.stdout"}
{"timestamp":"2026-05-08T17:38:12.258977Z","level":"info","event":"       UPDATE  id=1","logger":"task.stdout"}
{"timestamp":"2026-05-08T17:38:12.259550Z","level":"info","event":"       UPDATE  id=2","logger":"task.stdout"}
{"timestamp":"2026-05-08T17:38:12.260005Z","level":"info","event":"       UPDATE  id=3","logger":"task.stdout"}
{"timestamp":"2026-05-08T17:38:12.260485Z","level":"info","event":"       UPDATE  id=4","logger":"task.stdout"}
{"timestamp":"2026-05-08T17:38:12.260873Z","level":"info","event":"       UPDATE  id=5","logger":"task.stdout"}
{"timestamp":"2026-05-08T17:38:12.261201Z","level":"info","event":"       UPDATE  id=6","logger":"task.stdout"}
{"timestamp":"2026-05-08T17:38:12.261576Z","level":"info","event":"       UPDATE  id=7","logger":"task.stdout"}
{"timestamp":"2026-05-08T17:38:12.261935Z","level":"info","event":"       UPDATE  id=8","logger":"task.stdout"}
{"timestamp":"2026-05-08T17:38:12.262239Z","level":"info","event":"       UPDATE  id=9","logger":"task.stdout"}
{"timestamp":"2026-05-08T17:38:12.262504Z","level":"info","event":"       UPDATE  id=10","logger":"task.stdout"}
{"timestamp":"2026-05-08T17:38:12.262820Z","level":"info","event":"       UPDATE  id=11","logger":"task.stdout"}
{"timestamp":"2026-05-08T17:38:12.263122Z","level":"info","event":"       UPDATE  id=12","logger":"task.stdout"}
{"timestamp":"2026-05-08T17:38:12.263413Z","level":"info","event":"       UPDATE  id=13","logger":"task.stdout"}
{"timestamp":"2026-05-08T17:38:12.263868Z","level":"info","event":"[INFO] result.csv updated — total 20 rows.","logger":"task.stdout"}
{"timestamp":"2026-05-08T17:38:12.256038Z","level":"info","event":"Done. Returned value was: None","logger":"airflow.task.operators.airflow.providers.standard.operators.python.PythonOperator","filename":"python.py","lineno":229}
{"timestamp":"2026-05-08T17:38:12.304841Z","level":"info","event":"Task instance in success state","logger":"task.stdout"}
{"timestamp":"2026-05-08T17:38:12.305490Z","level":"info","event":" Previous state of the Task instance: TaskInstanceState.RUNNING","logger":"task.stdout"}
{"timestamp":"2026-05-08T17:38:12.309823Z","level":"info","event":"Task operator:<Task(PythonOperator): process_partition>","logger":"task.stdout"}
{"timestamp":"2026-05-11T16:47:13.363542Z","level":"info","event":"DAG bundles loaded: dags-folder, example_dags","logger":"airflow.dag_processing.bundles.manager.DagBundlesManager","filename":"manager.py","lineno":209}
{"timestamp":"2026-05-11T16:47:13.366132Z","level":"info","event":"Filling up the DagBag from /opt/airflow/dags/csv_upsert_pipeline.py","logger":"airflow.dag_processing.dagbag.BundleDagBag","filename":"dagbag.py","lineno":469}
{"timestamp":"2026-05-11T16:47:13.855553Z","level":"info","event":"Task instance is in running state","logger":"task.stdout"}
{"timestamp":"2026-05-11T16:47:13.856836Z","level":"info","event":" Previous state of the Task instance: TaskInstanceState.QUEUED","logger":"task.stdout"}
{"timestamp":"2026-05-11T16:47:13.865017Z","level":"info","event":"Current task name:process_partition","logger":"task.stdout"}
{"timestamp":"2026-05-11T16:47:13.873614Z","level":"info","event":"Dag name:csv_upsert_pipeline","logger":"task.stdout"}
{"timestamp":"2026-05-11T16:47:13.874430Z","level":"info","event":"[INFO] data_interval_start : 2026-05-04 12:00:00+00:00","logger":"task.stdout"}
{"timestamp":"2026-05-11T16:47:13.887688Z","level":"info","event":"[INFO] data_interval_end   : 2026-05-04 12:00:00+00:00","logger":"task.stdout"}
{"timestamp":"2026-05-11T16:47:13.899958Z","level":"info","event":"[INFO] Processing partition: /data/time_stamp=2026-05-04-12","logger":"task.stdout"}
{"timestamp":"2026-05-11T16:47:14.228140Z","level":"error","event":"/home/airflow/.local/lib/python3.13/site-packages/pyspark/bin/load-spark-env.sh: line 68: ps: command not found","logger":"task.stderr"}
{"timestamp":"2026-05-11T16:47:14.235367Z","level":"error","event":"JAVA_HOME is not set","logger":"task.stderr"}
{"timestamp":"2026-05-11T16:47:14.310473Z","level":"error","event":"Task failed with exception","logger":"task","filename":"task_runner.py","lineno":1347,"error_detail":[{"exc_type":"PySparkRuntimeError","exc_value":"[JAVA_GATEWAY_EXITED] Java gateway process exited before sending its port number.","exc_notes":[],"syntax_error":null,"is_cause":false,"frames":[{"filename":"/home/airflow/.local/lib/python3.13/site-packages/airflow/sdk/execution_time/task_runner.py","lineno":1263,"name":"run"},{"filename":"/home/airflow/.local/lib/python3.13/site-packages/airflow/sdk/execution_time/task_runner.py","lineno":1678,"name":"_execute_task"},{"filename":"/home/airflow/.local/lib/python3.13/site-packages/airflow/sdk/bases/operator.py","lineno":443,"name":"wrapper"},{"filename":"/home/airflow/.local/lib/python3.13/site-packages/airflow/providers/standard/operators/python.py","lineno":227,"name":"execute"},{"filename":"/home/airflow/.local/lib/python3.13/site-packages/airflow/providers/standard/operators/python.py","lineno":250,"name":"execute_callable"},{"filename":"/home/airflow/.local/lib/python3.13/site-packages/airflow/sdk/execution_time/callback_runner.py","lineno":97,"name":"run"},{"filename":"/opt/airflow/dags/csv_upsert_pipeline.py","lineno":47,"name":"process_partition"},{"filename":"/home/airflow/.local/lib/python3.13/site-packages/pyspark/sql/session.py","lineno":497,"name":"getOrCreate"},{"filename":"/home/airflow/.local/lib/python3.13/site-packages/pyspark/context.py","lineno":515,"name":"getOrCreate"},{"filename":"/home/airflow/.local/lib/python3.13/site-packages/pyspark/context.py","lineno":201,"name":"__init__"},{"filename":"/home/airflow/.local/lib/python3.13/site-packages/pyspark/context.py","lineno":436,"name":"_ensure_initialized"},{"filename":"/home/airflow/.local/lib/python3.13/site-packages/pyspark/java_gateway.py","lineno":107,"name":"launch_gateway"}],"is_group":false,"exceptions":[]}]}
{"timestamp":"2026-05-11T16:47:14.317137Z","level":"info","event":"Task instance in failure state","logger":"task.stdout"}
{"timestamp":"2026-05-11T16:47:14.319870Z","level":"info","event":"Task start","logger":"task.stdout"}
{"timestamp":"2026-05-11T16:47:14.327256Z","level":"info","event":"Task:<Task(PythonOperator): process_partition>","logger":"task.stdout"}
{"timestamp":"2026-05-11T16:47:14.327872Z","level":"info","event":"Failure caused by [JAVA_GATEWAY_EXITED] Java gateway process exited before sending its port number.","logger":"task.stdout"}
{"timestamp":"2026-05-11T17:17:56.352278Z","level":"info","event":"DAG bundles loaded: dags-folder, example_dags","logger":"airflow.dag_processing.bundles.manager.DagBundlesManager","filename":"manager.py","lineno":209}
{"timestamp":"2026-05-11T17:17:56.357053Z","level":"info","event":"Filling up the DagBag from /opt/airflow/dags/__pycache__/csv_upsert_pipeline.py","logger":"airflow.dag_processing.dagbag.BundleDagBag","filename":"dagbag.py","lineno":469}
{"timestamp":"2026-05-11T17:17:56.404441Z","level":"warning","event":"airflow.exceptions.AirflowSkipException is deprecated and will be removed in a future version. Use airflow.sdk.exceptions.AirflowSkipException instead.","category":"UserWarning","filename":"/opt/airflow/dags/__pycache__/csv_upsert_pipeline.py","lineno":7,"logger":"py.warnings"}
{"timestamp":"2026-05-11T17:17:57.137304Z","level":"info","event":"Task instance is in running state","logger":"task.stdout"}
{"timestamp":"2026-05-11T17:17:57.145239Z","level":"info","event":" Previous state of the Task instance: TaskInstanceState.QUEUED","logger":"task.stdout"}
{"timestamp":"2026-05-11T17:17:57.145706Z","level":"info","event":"Current task name:process_partition","logger":"task.stdout"}
{"timestamp":"2026-05-11T17:17:57.146100Z","level":"info","event":"Dag name:csv_upsert_pipeline","logger":"task.stdout"}
{"timestamp":"2026-05-11T17:17:57.153533Z","level":"info","event":"[INFO] data_interval_start : 2026-05-04 12:00:00+00:00","logger":"task.stdout"}
{"timestamp":"2026-05-11T17:17:57.154864Z","level":"info","event":"[INFO] data_interval_end   : 2026-05-04 12:00:00+00:00","logger":"task.stdout"}
{"timestamp":"2026-05-11T17:17:57.155835Z","level":"info","event":"[INFO] Processing partition: /data/time_stamp=2026-05-04-12","logger":"task.stdout"}
{"timestamp":"2026-05-11T17:17:57.161479Z","level":"info","event":"[INFO] Sorted files: ['data_1.csv']","logger":"task.stdout"}
{"timestamp":"2026-05-11T17:17:57.163183Z","level":"info","event":"[INFO] Read data_1.csv  (index=1)","logger":"task.stdout"}
{"timestamp":"2026-05-11T17:17:57.167158Z","level":"info","event":"[INFO] Resolved 13 unique IDs for this run:","logger":"task.stdout"}
{"timestamp":"2026-05-11T17:17:57.168441Z","level":"info","event":"       id=1 → {'id': '1', 'name': 'Jack', 'age': '26', 'department': 'HR', 'salary': '60508.83', 'working_hours': '55.9'}","logger":"task.stdout"}
{"timestamp":"2026-05-11T17:17:57.171934Z","level":"info","event":"       id=2 → {'id': '2', 'name': 'Grace', 'age': '23', 'department': 'Finance', 'salary': '61870.88', 'working_hours': '52.6'}","logger":"task.stdout"}
{"timestamp":"2026-05-11T17:17:57.173607Z","level":"info","event":"       id=3 → {'id': '3', 'name': 'Bob', 'age': '29', 'department': 'Finance', 'salary': '43075.46', 'working_hours': '39.0'}","logger":"task.stdout"}
{"timestamp":"2026-05-11T17:17:57.174420Z","level":"info","event":"       id=4 → {'id': '4', 'name': 'Jack', 'age': '53', 'department': 'Marketing', 'salary': '35868.3', 'working_hours': '36.4'}","logger":"task.stdout"}
{"timestamp":"2026-05-11T17:17:57.174893Z","level":"info","event":"       id=5 → {'id': '5', 'name': 'Diana', 'age': '45', 'department': 'Finance', 'salary': '61554.15', 'working_hours': '54.9'}","logger":"task.stdout"}
{"timestamp":"2026-05-11T17:17:57.178189Z","level":"info","event":"       id=6 → {'id': '6', 'name': 'Frank', 'age': '51', 'department': 'Operations', 'salary': '76815.46', 'working_hours': '27.5'}","logger":"task.stdout"}
{"timestamp":"2026-05-11T17:17:57.178982Z","level":"info","event":"       id=7 → {'id': '7', 'name': 'Eve', 'age': '39', 'department': 'HR', 'salary': '33730.0', 'working_hours': '50.7'}","logger":"task.stdout"}
{"timestamp":"2026-05-11T17:17:57.179407Z","level":"info","event":"       id=8 → {'id': '8', 'name': 'Diana', 'age': '58', 'department': 'Finance', 'salary': '68559.46', 'working_hours': '47.5'}","logger":"task.stdout"}
{"timestamp":"2026-05-11T17:17:57.181963Z","level":"info","event":"       id=9 → {'id': '9', 'name': 'Charlie', 'age': '29', 'department': 'Finance', 'salary': '119056.73', 'working_hours': '48.1'}","logger":"task.stdout"}
{"timestamp":"2026-05-11T17:17:57.182465Z","level":"info","event":"       id=10 → {'id': '10', 'name': 'Eve', 'age': '33', 'department': 'Operations', 'salary': '103205.78', 'working_hours': '42.0'}","logger":"task.stdout"}
{"timestamp":"2026-05-11T17:17:57.184416Z","level":"info","event":"       id=11 → {'id': '11', 'name': 'Charlie', 'age': '27', 'department': 'Marketing', 'salary': '106626.67', 'working_hours': '30.2'}","logger":"task.stdout"}
{"timestamp":"2026-05-11T17:17:57.188318Z","level":"info","event":"       id=12 → {'id': '12', 'name': 'Grace', 'age': '27', 'department': 'Engineering', 'salary': '86461.74', 'working_hours': '58.8'}","logger":"task.stdout"}
{"timestamp":"2026-05-11T17:17:57.188768Z","level":"info","event":"       id=13 → {'id': '13', 'name': 'Hank', 'age': '24', 'department': 'HR', 'salary': '71272.56', 'working_hours': '55.9'}","logger":"task.stdout"}
{"timestamp":"2026-05-11T17:17:57.189490Z","level":"info","event":"[INFO] result.csv found — upsert.","logger":"task.stdout"}
{"timestamp":"2026-05-11T17:17:57.189918Z","level":"info","event":"[INFO] In existing result.csv 20 rows.","logger":"task.stdout"}
{"timestamp":"2026-05-11T17:17:57.190378Z","level":"info","event":"       UPDATE  id=1","logger":"task.stdout"}
{"timestamp":"2026-05-11T17:17:57.190831Z","level":"info","event":"       UPDATE  id=2","logger":"task.stdout"}
{"timestamp":"2026-05-11T17:17:57.191327Z","level":"info","event":"       UPDATE  id=3","logger":"task.stdout"}
{"timestamp":"2026-05-11T17:17:57.191808Z","level":"info","event":"       UPDATE  id=4","logger":"task.stdout"}
{"timestamp":"2026-05-11T17:17:57.192352Z","level":"info","event":"       UPDATE  id=5","logger":"task.stdout"}
{"timestamp":"2026-05-11T17:17:57.194109Z","level":"info","event":"       UPDATE  id=6","logger":"task.stdout"}
{"timestamp":"2026-05-11T17:17:57.194536Z","level":"info","event":"       UPDATE  id=7","logger":"task.stdout"}
{"timestamp":"2026-05-11T17:17:57.196791Z","level":"info","event":"       UPDATE  id=8","logger":"task.stdout"}
{"timestamp":"2026-05-11T17:17:57.197549Z","level":"info","event":"       UPDATE  id=9","logger":"task.stdout"}
{"timestamp":"2026-05-11T17:17:57.198106Z","level":"info","event":"       UPDATE  id=10","logger":"task.stdout"}
{"timestamp":"2026-05-11T17:17:57.198465Z","level":"info","event":"       UPDATE  id=11","logger":"task.stdout"}
{"timestamp":"2026-05-11T17:17:57.198931Z","level":"info","event":"       UPDATE  id=12","logger":"task.stdout"}
{"timestamp":"2026-05-11T17:17:57.203078Z","level":"info","event":"       UPDATE  id=13","logger":"task.stdout"}
{"timestamp":"2026-05-11T17:17:57.203643Z","level":"info","event":"[INFO] result.csv updated — total 20 rows.","logger":"task.stdout"}
{"timestamp":"2026-05-11T17:17:57.172758Z","level":"info","event":"Done. Returned value was: None","logger":"airflow.task.operators.airflow.providers.standard.operators.python.PythonOperator","filename":"python.py","lineno":229}
{"timestamp":"2026-05-11T17:18:01.374685Z","level":"info","event":"Task instance in success state","logger":"task.stdout"}
{"timestamp":"2026-05-11T17:18:01.377388Z","level":"info","event":" Previous state of the Task instance: TaskInstanceState.RUNNING","logger":"task.stdout"}
{"timestamp":"2026-05-11T17:18:01.378082Z","level":"info","event":"Task operator:<Task(PythonOperator): process_partition>","logger":"task.stdout"}
