{"timestamp":"2026-05-08T17:38:09.078349Z","level":"info","event":"DAG bundles loaded: dags-folder, example_dags","logger":"airflow.dag_processing.bundles.manager.DagBundlesManager","filename":"manager.py","lineno":209}
{"timestamp":"2026-05-08T17:38:09.079387Z","level":"info","event":"Filling up the DagBag from /opt/airflow/dags/csv_upsert_pipeline.py","logger":"airflow.dag_processing.dagbag.BundleDagBag","filename":"dagbag.py","lineno":469}
{"timestamp":"2026-05-08T17:38:09.100803Z","level":"warning","event":"airflow.exceptions.AirflowSkipException is deprecated and will be removed in a future version. Use airflow.sdk.exceptions.AirflowSkipException instead.","category":"UserWarning","filename":"/opt/airflow/dags/csv_upsert_pipeline.py","lineno":7,"logger":"py.warnings"}
{"timestamp":"2026-05-08T17:38:09.171864Z","level":"info","event":"Task instance is in running state","logger":"task.stdout"}
{"timestamp":"2026-05-08T17:38:09.172548Z","level":"info","event":" Previous state of the Task instance: TaskInstanceState.QUEUED","logger":"task.stdout"}
{"timestamp":"2026-05-08T17:38:09.177289Z","level":"info","event":"Current task name:process_partition","logger":"task.stdout"}
{"timestamp":"2026-05-08T17:38:09.177963Z","level":"info","event":"Dag name:csv_upsert_pipeline","logger":"task.stdout"}
{"timestamp":"2026-05-08T17:38:09.178604Z","level":"info","event":"[INFO] data_interval_start : 2026-05-04 06:00:00+00:00","logger":"task.stdout"}
{"timestamp":"2026-05-08T17:38:09.179092Z","level":"info","event":"[INFO] data_interval_end   : 2026-05-04 06:00:00+00:00","logger":"task.stdout"}
{"timestamp":"2026-05-08T17:38:09.179546Z","level":"info","event":"[INFO] Processing partition: /data/time_stamp=2026-05-04-06","logger":"task.stdout"}
{"timestamp":"2026-05-08T17:38:09.180152Z","level":"info","event":"[INFO] Sorted files: ['data_1.csv']","logger":"task.stdout"}
{"timestamp":"2026-05-08T17:38:09.181823Z","level":"info","event":"[INFO] Read data_1.csv  (index=1)","logger":"task.stdout"}
{"timestamp":"2026-05-08T17:38:09.182386Z","level":"info","event":"[INFO] Resolved 6 unique IDs for this run:","logger":"task.stdout"}
{"timestamp":"2026-05-08T17:38:09.183471Z","level":"info","event":"       id=1 → {'id': '1', 'name': 'Frank', 'age': '35', 'department': 'Operations', 'salary': '78403.12', 'working_hours': '51.5'}","logger":"task.stdout"}
{"timestamp":"2026-05-08T17:38:09.184308Z","level":"info","event":"       id=2 → {'id': '2', 'name': 'Frank', 'age': '55', 'department': 'Finance', 'salary': '63888.38', 'working_hours': '43.1'}","logger":"task.stdout"}
{"timestamp":"2026-05-08T17:38:09.186332Z","level":"info","event":"       id=3 → {'id': '3', 'name': 'Ivy', 'age': '38', 'department': 'Finance', 'salary': '70094.79', 'working_hours': '54.3'}","logger":"task.stdout"}
{"timestamp":"2026-05-08T17:38:09.187043Z","level":"info","event":"       id=4 → {'id': '4', 'name': 'Frank', 'age': '44', 'department': 'Operations', 'salary': '87382.15', 'working_hours': '53.4'}","logger":"task.stdout"}
{"timestamp":"2026-05-08T17:38:09.187543Z","level":"info","event":"       id=5 → {'id': '5', 'name': 'Frank', 'age': '51', 'department': 'Finance', 'salary': '56536.3', 'working_hours': '21.5'}","logger":"task.stdout"}
{"timestamp":"2026-05-08T17:38:09.188191Z","level":"info","event":"       id=6 → {'id': '6', 'name': 'Frank', 'age': '58', 'department': 'Operations', 'salary': '74320.15', 'working_hours': '50.5'}","logger":"task.stdout"}
{"timestamp":"2026-05-08T17:38:09.188973Z","level":"info","event":"[INFO] result.csv mil gayi — upsert karte hain.","logger":"task.stdout"}
{"timestamp":"2026-05-08T17:38:09.190803Z","level":"info","event":"[INFO] Existing result.csv mein 20 rows hain.","logger":"task.stdout"}
{"timestamp":"2026-05-08T17:38:09.192069Z","level":"info","event":"       UPDATE  id=1","logger":"task.stdout"}
{"timestamp":"2026-05-08T17:38:09.193512Z","level":"info","event":"       UPDATE  id=2","logger":"task.stdout"}
{"timestamp":"2026-05-08T17:38:09.194102Z","level":"info","event":"       UPDATE  id=3","logger":"task.stdout"}
{"timestamp":"2026-05-08T17:38:09.195539Z","level":"info","event":"       UPDATE  id=4","logger":"task.stdout"}
{"timestamp":"2026-05-08T17:38:09.196079Z","level":"info","event":"       UPDATE  id=5","logger":"task.stdout"}
{"timestamp":"2026-05-08T17:38:09.196654Z","level":"info","event":"       UPDATE  id=6","logger":"task.stdout"}
{"timestamp":"2026-05-08T17:38:09.197625Z","level":"info","event":"[INFO] result.csv updated — total 20 rows.","logger":"task.stdout"}
{"timestamp":"2026-05-08T17:38:09.189336Z","level":"info","event":"Done. Returned value was: None","logger":"airflow.task.operators.airflow.providers.standard.operators.python.PythonOperator","filename":"python.py","lineno":229}
{"timestamp":"2026-05-08T17:38:09.252130Z","level":"info","event":"Task instance in success state","logger":"task.stdout"}
{"timestamp":"2026-05-08T17:38:09.252701Z","level":"info","event":" Previous state of the Task instance: TaskInstanceState.RUNNING","logger":"task.stdout"}
{"timestamp":"2026-05-08T17:38:09.253115Z","level":"info","event":"Task operator:<Task(PythonOperator): process_partition>","logger":"task.stdout"}
{"timestamp":"2026-05-11T16:47:08.342734Z","level":"info","event":"DAG bundles loaded: dags-folder, example_dags","logger":"airflow.dag_processing.bundles.manager.DagBundlesManager","filename":"manager.py","lineno":209}
{"timestamp":"2026-05-11T16:47:08.345737Z","level":"info","event":"Filling up the DagBag from /opt/airflow/dags/csv_upsert_pipeline.py","logger":"airflow.dag_processing.dagbag.BundleDagBag","filename":"dagbag.py","lineno":469}
{"timestamp":"2026-05-11T16:47:08.754997Z","level":"info","event":"Task instance is in running state","logger":"task.stdout"}
{"timestamp":"2026-05-11T16:47:08.761205Z","level":"info","event":" Previous state of the Task instance: TaskInstanceState.QUEUED","logger":"task.stdout"}
{"timestamp":"2026-05-11T16:47:08.762392Z","level":"info","event":"Current task name:process_partition","logger":"task.stdout"}
{"timestamp":"2026-05-11T16:47:08.763640Z","level":"info","event":"Dag name:csv_upsert_pipeline","logger":"task.stdout"}
{"timestamp":"2026-05-11T16:47:08.764471Z","level":"info","event":"[INFO] data_interval_start : 2026-05-04 06:00:00+00:00","logger":"task.stdout"}
{"timestamp":"2026-05-11T16:47:08.765097Z","level":"info","event":"[INFO] data_interval_end   : 2026-05-04 06:00:00+00:00","logger":"task.stdout"}
{"timestamp":"2026-05-11T16:47:08.765803Z","level":"info","event":"[INFO] Processing partition: /data/time_stamp=2026-05-04-06","logger":"task.stdout"}
{"timestamp":"2026-05-11T16:47:08.862592Z","level":"error","event":"/home/airflow/.local/lib/python3.13/site-packages/pyspark/bin/load-spark-env.sh: line 68: ps: command not found","logger":"task.stderr"}
{"timestamp":"2026-05-11T16:47:08.866025Z","level":"error","event":"JAVA_HOME is not set","logger":"task.stderr"}
{"timestamp":"2026-05-11T16:47:08.928805Z","level":"error","event":"Task failed with exception","logger":"task","filename":"task_runner.py","lineno":1347,"error_detail":[{"exc_type":"PySparkRuntimeError","exc_value":"[JAVA_GATEWAY_EXITED] Java gateway process exited before sending its port number.","exc_notes":[],"syntax_error":null,"is_cause":false,"frames":[{"filename":"/home/airflow/.local/lib/python3.13/site-packages/airflow/sdk/execution_time/task_runner.py","lineno":1263,"name":"run"},{"filename":"/home/airflow/.local/lib/python3.13/site-packages/airflow/sdk/execution_time/task_runner.py","lineno":1678,"name":"_execute_task"},{"filename":"/home/airflow/.local/lib/python3.13/site-packages/airflow/sdk/bases/operator.py","lineno":443,"name":"wrapper"},{"filename":"/home/airflow/.local/lib/python3.13/site-packages/airflow/providers/standard/operators/python.py","lineno":227,"name":"execute"},{"filename":"/home/airflow/.local/lib/python3.13/site-packages/airflow/providers/standard/operators/python.py","lineno":250,"name":"execute_callable"},{"filename":"/home/airflow/.local/lib/python3.13/site-packages/airflow/sdk/execution_time/callback_runner.py","lineno":97,"name":"run"},{"filename":"/opt/airflow/dags/csv_upsert_pipeline.py","lineno":47,"name":"process_partition"},{"filename":"/home/airflow/.local/lib/python3.13/site-packages/pyspark/sql/session.py","lineno":497,"name":"getOrCreate"},{"filename":"/home/airflow/.local/lib/python3.13/site-packages/pyspark/context.py","lineno":515,"name":"getOrCreate"},{"filename":"/home/airflow/.local/lib/python3.13/site-packages/pyspark/context.py","lineno":201,"name":"__init__"},{"filename":"/home/airflow/.local/lib/python3.13/site-packages/pyspark/context.py","lineno":436,"name":"_ensure_initialized"},{"filename":"/home/airflow/.local/lib/python3.13/site-packages/pyspark/java_gateway.py","lineno":107,"name":"launch_gateway"}],"is_group":false,"exceptions":[]}]}
{"timestamp":"2026-05-11T16:47:08.938963Z","level":"info","event":"Task instance in failure state","logger":"task.stdout"}
{"timestamp":"2026-05-11T16:47:08.941960Z","level":"info","event":"Task start","logger":"task.stdout"}
{"timestamp":"2026-05-11T16:47:08.942572Z","level":"info","event":"Task:<Task(PythonOperator): process_partition>","logger":"task.stdout"}
{"timestamp":"2026-05-11T16:47:08.942964Z","level":"info","event":"Failure caused by [JAVA_GATEWAY_EXITED] Java gateway process exited before sending its port number.","logger":"task.stdout"}
{"timestamp":"2026-05-11T17:17:51.071323Z","level":"info","event":"DAG bundles loaded: dags-folder, example_dags","logger":"airflow.dag_processing.bundles.manager.DagBundlesManager","filename":"manager.py","lineno":209}
{"timestamp":"2026-05-11T17:17:51.074831Z","level":"info","event":"Filling up the DagBag from /opt/airflow/dags/__pycache__/csv_upsert_pipeline.py","logger":"airflow.dag_processing.dagbag.BundleDagBag","filename":"dagbag.py","lineno":469}
{"timestamp":"2026-05-11T17:17:51.090758Z","level":"warning","event":"airflow.exceptions.AirflowSkipException is deprecated and will be removed in a future version. Use airflow.sdk.exceptions.AirflowSkipException instead.","category":"UserWarning","filename":"/opt/airflow/dags/__pycache__/csv_upsert_pipeline.py","lineno":7,"logger":"py.warnings"}
{"timestamp":"2026-05-11T17:17:51.995299Z","level":"info","event":"Task instance is in running state","logger":"task.stdout"}
{"timestamp":"2026-05-11T17:17:51.999036Z","level":"info","event":" Previous state of the Task instance: TaskInstanceState.QUEUED","logger":"task.stdout"}
{"timestamp":"2026-05-11T17:17:52.003133Z","level":"info","event":"Current task name:process_partition","logger":"task.stdout"}
{"timestamp":"2026-05-11T17:17:52.009131Z","level":"info","event":"Dag name:csv_upsert_pipeline","logger":"task.stdout"}
{"timestamp":"2026-05-11T17:17:52.035356Z","level":"info","event":"[INFO] data_interval_start : 2026-05-04 06:00:00+00:00","logger":"task.stdout"}
{"timestamp":"2026-05-11T17:17:52.051412Z","level":"info","event":"[INFO] data_interval_end   : 2026-05-04 06:00:00+00:00","logger":"task.stdout"}
{"timestamp":"2026-05-11T17:17:52.052072Z","level":"info","event":"[INFO] Processing partition: /data/time_stamp=2026-05-04-06","logger":"task.stdout"}
{"timestamp":"2026-05-11T17:17:52.056490Z","level":"info","event":"[INFO] Sorted files: ['data_1.csv']","logger":"task.stdout"}
{"timestamp":"2026-05-11T17:17:52.072534Z","level":"info","event":"[INFO] Read data_1.csv  (index=1)","logger":"task.stdout"}
{"timestamp":"2026-05-11T17:17:52.073206Z","level":"info","event":"[INFO] Resolved 6 unique IDs for this run:","logger":"task.stdout"}
{"timestamp":"2026-05-11T17:17:52.073597Z","level":"info","event":"       id=1 → {'id': '1', 'name': 'Frank', 'age': '35', 'department': 'Operations', 'salary': '78403.12', 'working_hours': '51.5'}","logger":"task.stdout"}
{"timestamp":"2026-05-11T17:17:52.074144Z","level":"info","event":"       id=2 → {'id': '2', 'name': 'Frank', 'age': '55', 'department': 'Finance', 'salary': '63888.38', 'working_hours': '43.1'}","logger":"task.stdout"}
{"timestamp":"2026-05-11T17:17:52.074717Z","level":"info","event":"       id=3 → {'id': '3', 'name': 'Ivy', 'age': '38', 'department': 'Finance', 'salary': '70094.79', 'working_hours': '54.3'}","logger":"task.stdout"}
{"timestamp":"2026-05-11T17:17:52.075736Z","level":"info","event":"       id=4 → {'id': '4', 'name': 'Frank', 'age': '44', 'department': 'Operations', 'salary': '87382.15', 'working_hours': '53.4'}","logger":"task.stdout"}
{"timestamp":"2026-05-11T17:17:52.076084Z","level":"info","event":"       id=5 → {'id': '5', 'name': 'Frank', 'age': '51', 'department': 'Finance', 'salary': '56536.3', 'working_hours': '21.5'}","logger":"task.stdout"}
{"timestamp":"2026-05-11T17:17:52.079957Z","level":"info","event":"       id=6 → {'id': '6', 'name': 'Frank', 'age': '58', 'department': 'Operations', 'salary': '74320.15', 'working_hours': '50.5'}","logger":"task.stdout"}
{"timestamp":"2026-05-11T17:17:52.081198Z","level":"info","event":"[INFO] result.csv found — upsert.","logger":"task.stdout"}
{"timestamp":"2026-05-11T17:17:52.099322Z","level":"info","event":"[INFO] In existing result.csv 20 rows.","logger":"task.stdout"}
{"timestamp":"2026-05-11T17:17:52.100636Z","level":"info","event":"       UPDATE  id=1","logger":"task.stdout"}
{"timestamp":"2026-05-11T17:17:52.105242Z","level":"info","event":"       UPDATE  id=2","logger":"task.stdout"}
{"timestamp":"2026-05-11T17:17:52.105771Z","level":"info","event":"       UPDATE  id=3","logger":"task.stdout"}
{"timestamp":"2026-05-11T17:17:52.110286Z","level":"info","event":"       UPDATE  id=4","logger":"task.stdout"}
{"timestamp":"2026-05-11T17:17:52.111245Z","level":"info","event":"       UPDATE  id=5","logger":"task.stdout"}
{"timestamp":"2026-05-11T17:17:52.128187Z","level":"info","event":"       UPDATE  id=6","logger":"task.stdout"}
{"timestamp":"2026-05-11T17:17:52.128939Z","level":"info","event":"[INFO] result.csv updated — total 20 rows.","logger":"task.stdout"}
{"timestamp":"2026-05-11T17:17:52.111389Z","level":"info","event":"Done. Returned value was: None","logger":"airflow.task.operators.airflow.providers.standard.operators.python.PythonOperator","filename":"python.py","lineno":229}
{"timestamp":"2026-05-11T17:17:53.274358Z","level":"info","event":"Task instance in success state","logger":"task.stdout"}
{"timestamp":"2026-05-11T17:17:53.280786Z","level":"info","event":" Previous state of the Task instance: TaskInstanceState.RUNNING","logger":"task.stdout"}
{"timestamp":"2026-05-11T17:17:53.282003Z","level":"info","event":"Task operator:<Task(PythonOperator): process_partition>","logger":"task.stdout"}
