{"timestamp":"2026-05-05T10:29:55.900240Z","level":"info","event":"DAG bundles loaded: dags-folder, example_dags","logger":"airflow.dag_processing.bundles.manager.DagBundlesManager","filename":"manager.py","lineno":209}
{"timestamp":"2026-05-05T10:29:55.905892Z","level":"info","event":"Filling up the DagBag from /opt/airflow/dags/print_interval_dag.py","logger":"airflow.dag_processing.dagbag.BundleDagBag","filename":"dagbag.py","lineno":469}
{"timestamp":"2026-05-05T10:29:55.920200Z","level":"warning","event":"The `airflow.operators.python.PythonOperator` attribute is deprecated. Please use `'airflow.providers.standard.operators.python.PythonOperator'`.","category":"UserWarning","filename":"/opt/airflow/dags/print_interval_dag.py","lineno":2,"logger":"py.warnings"}
{"timestamp":"2026-05-05T10:29:56.000541Z","level":"info","event":"Task instance is in running state","logger":"task.stdout"}
{"timestamp":"2026-05-05T10:29:56.007033Z","level":"info","event":" Previous state of the Task instance: TaskInstanceState.QUEUED","logger":"task.stdout"}
{"timestamp":"2026-05-05T10:29:56.009963Z","level":"info","event":"Current task name:print_interval","logger":"task.stdout"}
{"timestamp":"2026-05-05T10:29:56.014860Z","level":"info","event":"Dag name:print_interval_dag","logger":"task.stdout"}
{"timestamp":"2026-05-05T10:29:56.017810Z","level":"info","event":"Interval Start: 2025-05-10 18:00:00+00:00","logger":"task.stdout"}
{"timestamp":"2026-05-05T10:29:56.018333Z","level":"info","event":"Interval End:   2025-05-10 18:00:00+00:00","logger":"task.stdout"}
{"timestamp":"2026-05-05T10:29:56.005050Z","level":"info","event":"Done. Returned value was: None","logger":"airflow.task.operators.airflow.providers.standard.operators.python.PythonOperator","filename":"python.py","lineno":229}
{"timestamp":"2026-05-05T10:29:56.094727Z","level":"info","event":"Task instance in success state","logger":"task.stdout"}
{"timestamp":"2026-05-05T10:29:56.095340Z","level":"info","event":" Previous state of the Task instance: TaskInstanceState.RUNNING","logger":"task.stdout"}
{"timestamp":"2026-05-05T10:29:56.100217Z","level":"info","event":"Task operator:<Task(PythonOperator): print_interval>","logger":"task.stdout"}
{"timestamp":"2026-05-05T12:25:44.321996Z","level":"info","event":"DAG bundles loaded: dags-folder, example_dags","logger":"airflow.dag_processing.bundles.manager.DagBundlesManager","filename":"manager.py","lineno":209}
{"timestamp":"2026-05-05T12:25:44.323488Z","level":"info","event":"Filling up the DagBag from /opt/airflow/dags/print_interval_dag.py","logger":"airflow.dag_processing.dagbag.BundleDagBag","filename":"dagbag.py","lineno":469}
{"timestamp":"2026-05-05T12:25:44.436184Z","level":"info","event":"Task instance is in running state","logger":"task.stdout"}
{"timestamp":"2026-05-05T12:25:44.437243Z","level":"info","event":" Previous state of the Task instance: TaskInstanceState.QUEUED","logger":"task.stdout"}
{"timestamp":"2026-05-05T12:25:44.438235Z","level":"info","event":"Current task name:print_interval","logger":"task.stdout"}
{"timestamp":"2026-05-05T12:25:44.438762Z","level":"info","event":"Dag name:print_interval_dag","logger":"task.stdout"}
{"timestamp":"2026-05-05T12:25:44.440425Z","level":"info","event":"=== ALL AVAILABLE MACROS ===","logger":"task.stdout"}
{"timestamp":"2026-05-05T12:25:44.441738Z","level":"info","event":"dag: <DAG: print_interval_dag>","logger":"task.stdout"}
{"timestamp":"2026-05-05T12:25:44.442179Z","level":"info","event":"inlets: []","logger":"task.stdout"}
{"timestamp":"2026-05-05T12:25:44.442631Z","level":"info","event":"map_index_template: None","logger":"task.stdout"}
{"timestamp":"2026-05-05T12:25:44.446696Z","level":"info","event":"outlets: []","logger":"task.stdout"}
{"timestamp":"2026-05-05T12:25:44.447189Z","level":"info","event":"run_id: scheduled__2025-05-10T18:00:00+00:00","logger":"task.stdout"}
{"timestamp":"2026-05-05T12:25:44.447647Z","level":"info","event":"task: <Task(PythonOperator): print_interval>","logger":"task.stdout"}
{"timestamp":"2026-05-05T12:25:44.448212Z","level":"info","event":"task_instance: id=UUID('019df819-f214-7130-9914-7d254029dee4') task_id='print_interval' dag_id='print_interval_dag' run_id='scheduled__2025-05-10T18:00:00+00:00' try_number=1 dag_version_id=UUID('019df815-a045-750b-bac8-47ced7cc6a45') map_index=-1 hostname='86abe326db93' context_carrier={'traceparent': '00-02a338d9ca95a174870aa8f1eef4fb01-1a8abb40c8574843-01'} task=<Task(PythonOperator): print_interval> bundle_instance=LocalDagBundle(name=dags-folder) max_tries=0 start_date=datetime.datetime(2026, 5, 5, 12, 25, 43, 467299, tzinfo=datetime.timezone.utc) end_date=None state=<TaskInstanceState.RUNNING: 'running'> is_mapped=False rendered_map_index=None sentry_integration=''","logger":"task.stdout"}
{"timestamp":"2026-05-05T12:25:44.448814Z","level":"info","event":"ti: id=UUID('019df819-f214-7130-9914-7d254029dee4') task_id='print_interval' dag_id='print_interval_dag' run_id='scheduled__2025-05-10T18:00:00+00:00' try_number=1 dag_version_id=UUID('019df815-a045-750b-bac8-47ced7cc6a45') map_index=-1 hostname='86abe326db93' context_carrier={'traceparent': '00-02a338d9ca95a174870aa8f1eef4fb01-1a8abb40c8574843-01'} task=<Task(PythonOperator): print_interval> bundle_instance=LocalDagBundle(name=dags-folder) max_tries=0 start_date=datetime.datetime(2026, 5, 5, 12, 25, 43, 467299, tzinfo=datetime.timezone.utc) end_date=None state=<TaskInstanceState.RUNNING: 'running'> is_mapped=False rendered_map_index=None sentry_integration=''","logger":"task.stdout"}
{"timestamp":"2026-05-05T12:25:44.449167Z","level":"info","event":"outlet_events: OutletEventAccessors(_dict={})","logger":"task.stdout"}
{"timestamp":"2026-05-05T12:25:44.449564Z","level":"info","event":"inlet_events: InletEventsAccessors(_inlets=[], _assets={}, _asset_aliases={})","logger":"task.stdout"}
{"timestamp":"2026-05-05T12:25:44.450027Z","level":"info","event":"macros: <MacrosAccessor (dynamic access to macros)>","logger":"task.stdout"}
{"timestamp":"2026-05-05T12:25:44.450378Z","level":"info","event":"params: {}","logger":"task.stdout"}
{"timestamp":"2026-05-05T12:25:44.450813Z","level":"info","event":"var: {'json': <VariableAccessor (dynamic access)>, 'value': <VariableAccessor (dynamic access)>}","logger":"task.stdout"}
{"timestamp":"2026-05-05T12:25:44.452237Z","level":"info","event":"conn: <ConnectionAccessor (dynamic access)>","logger":"task.stdout"}
{"timestamp":"2026-05-05T12:25:44.452876Z","level":"info","event":"dag_run: dag_id='print_interval_dag' run_id='scheduled__2025-05-10T18:00:00+00:00' logical_date=datetime.datetime(2025, 5, 10, 18, 0, tzinfo=datetime.timezone.utc) data_interval_start=datetime.datetime(2025, 5, 10, 18, 0, tzinfo=datetime.timezone.utc) data_interval_end=datetime.datetime(2025, 5, 10, 18, 0, tzinfo=datetime.timezone.utc) run_after=datetime.datetime(2025, 5, 10, 18, 0, tzinfo=datetime.timezone.utc) start_date=datetime.datetime(2026, 5, 5, 12, 25, 43, 211111, tzinfo=datetime.timezone.utc) end_date=None clear_number=0 run_type=<DagRunType.SCHEDULED: 'scheduled'> state=<DagRunState.RUNNING: 'running'> conf={} triggering_user_name=None consumed_asset_events=[] partition_key=None note=None","logger":"task.stdout"}
{"timestamp":"2026-05-05T12:25:44.453286Z","level":"info","event":"triggering_asset_events: TriggeringAssetEventAccessor(_events=defaultdict(<class 'list'>, {}))","logger":"task.stdout"}
{"timestamp":"2026-05-05T12:25:44.453651Z","level":"info","event":"task_instance_key_str: print_interval_dag__print_interval__20250510","logger":"task.stdout"}
{"timestamp":"2026-05-05T12:25:44.454463Z","level":"info","event":"task_reschedule_count: 0","logger":"task.stdout"}
{"timestamp":"2026-05-05T12:25:44.491021Z","level":"info","event":"prev_start_date_success: 2026-05-05 12:25:42.501994+00:00","logger":"task.stdout"}
{"timestamp":"2026-05-05T12:25:44.491496Z","level":"info","event":"prev_end_date_success: 2026-05-05 12:25:44.078037+00:00","logger":"task.stdout"}
{"timestamp":"2026-05-05T12:25:44.492105Z","level":"info","event":"logical_date: 2025-05-10 18:00:00+00:00","logger":"task.stdout"}
{"timestamp":"2026-05-05T12:25:44.492571Z","level":"info","event":"ds: 2025-05-10","logger":"task.stdout"}
{"timestamp":"2026-05-05T12:25:44.493563Z","level":"info","event":"ds_nodash: 20250510","logger":"task.stdout"}
{"timestamp":"2026-05-05T12:25:44.493899Z","level":"info","event":"ts: 2025-05-10T18:00:00+00:00","logger":"task.stdout"}
{"timestamp":"2026-05-05T12:25:44.494204Z","level":"info","event":"ts_nodash: 20250510T180000","logger":"task.stdout"}
{"timestamp":"2026-05-05T12:25:44.494506Z","level":"info","event":"ts_nodash_with_tz: 20250510T180000+0000","logger":"task.stdout"}
{"timestamp":"2026-05-05T12:25:44.494797Z","level":"info","event":"data_interval_end: 2025-05-10 18:00:00+00:00","logger":"task.stdout"}
{"timestamp":"2026-05-05T12:25:44.495147Z","level":"info","event":"data_interval_start: 2025-05-10 18:00:00+00:00","logger":"task.stdout"}
{"timestamp":"2026-05-05T12:25:44.495635Z","level":"info","event":"prev_data_interval_start_success: 2025-05-10 12:00:00+00:00","logger":"task.stdout"}
{"timestamp":"2026-05-05T12:25:44.495931Z","level":"info","event":"prev_data_interval_end_success: 2025-05-10 12:00:00+00:00","logger":"task.stdout"}
{"timestamp":"2026-05-05T12:25:44.496203Z","level":"info","event":"templates_dict: None","logger":"task.stdout"}
{"timestamp":"2026-05-05T12:25:44.491209Z","level":"info","event":"Done. Returned value was: None","logger":"airflow.task.operators.airflow.providers.standard.operators.python.PythonOperator","filename":"python.py","lineno":229}
{"timestamp":"2026-05-05T12:25:44.549091Z","level":"info","event":"Task instance in success state","logger":"task.stdout"}
{"timestamp":"2026-05-05T12:25:44.550000Z","level":"info","event":" Previous state of the Task instance: TaskInstanceState.RUNNING","logger":"task.stdout"}
{"timestamp":"2026-05-05T12:25:44.551004Z","level":"info","event":"Task operator:<Task(PythonOperator): print_interval>","logger":"task.stdout"}
