{"timestamp":"2026-05-08T17:38:04.772175Z","level":"info","event":"DAG bundles loaded: dags-folder, example_dags","logger":"airflow.dag_processing.bundles.manager.DagBundlesManager","filename":"manager.py","lineno":209}
{"timestamp":"2026-05-08T17:38:04.776724Z","level":"info","event":"Filling up the DagBag from /opt/airflow/dags/csv_upsert_pipeline.py","logger":"airflow.dag_processing.dagbag.BundleDagBag","filename":"dagbag.py","lineno":469}
{"timestamp":"2026-05-08T17:38:04.791693Z","level":"warning","event":"airflow.exceptions.AirflowSkipException is deprecated and will be removed in a future version. Use airflow.sdk.exceptions.AirflowSkipException instead.","category":"UserWarning","filename":"/opt/airflow/dags/csv_upsert_pipeline.py","lineno":7,"logger":"py.warnings"}
{"timestamp":"2026-05-08T17:38:05.075940Z","level":"info","event":"Task instance is in running state","logger":"task.stdout"}
{"timestamp":"2026-05-08T17:38:05.077341Z","level":"info","event":" Previous state of the Task instance: TaskInstanceState.QUEUED","logger":"task.stdout"}
{"timestamp":"2026-05-08T17:38:05.078072Z","level":"info","event":"Current task name:process_partition","logger":"task.stdout"}
{"timestamp":"2026-05-08T17:38:05.081971Z","level":"info","event":"Dag name:csv_upsert_pipeline","logger":"task.stdout"}
{"timestamp":"2026-05-08T17:38:05.088158Z","level":"info","event":"[INFO] data_interval_start : 2026-05-03 23:00:00+00:00","logger":"task.stdout"}
{"timestamp":"2026-05-08T17:38:05.089076Z","level":"info","event":"[INFO] data_interval_end   : 2026-05-03 23:00:00+00:00","logger":"task.stdout"}
{"timestamp":"2026-05-08T17:38:05.090234Z","level":"info","event":"[INFO] Processing partition: /data/time_stamp=2026-05-03-23","logger":"task.stdout"}
{"timestamp":"2026-05-08T17:38:05.092326Z","level":"info","event":"[INFO] Sorted files: ['data_1.csv', 'data_2.csv', 'data_3.csv', 'data_4.csv', 'data_5.csv']","logger":"task.stdout"}
{"timestamp":"2026-05-08T17:38:05.096284Z","level":"info","event":"[INFO] Read data_1.csv  (index=1)","logger":"task.stdout"}
{"timestamp":"2026-05-08T17:38:05.098892Z","level":"info","event":"[INFO] Read data_2.csv  (index=2)","logger":"task.stdout"}
{"timestamp":"2026-05-08T17:38:05.100452Z","level":"info","event":"[INFO] Read data_3.csv  (index=3)","logger":"task.stdout"}
{"timestamp":"2026-05-08T17:38:05.105700Z","level":"info","event":"[INFO] Read data_4.csv  (index=4)","logger":"task.stdout"}
{"timestamp":"2026-05-08T17:38:05.109402Z","level":"info","event":"[INFO] Read data_5.csv  (index=5)","logger":"task.stdout"}
{"timestamp":"2026-05-08T17:38:05.110704Z","level":"info","event":"[INFO] Resolved 17 unique IDs for this run:","logger":"task.stdout"}
{"timestamp":"2026-05-08T17:38:05.111201Z","level":"info","event":"       id=1 → {'id': '1', 'name': 'Hank', 'age': '39', 'department': 'HR', 'salary': '74513.25', 'working_hours': '43.1'}","logger":"task.stdout"}
{"timestamp":"2026-05-08T17:38:05.112768Z","level":"info","event":"       id=2 → {'id': '2', 'name': 'Hank', 'age': '36', 'department': 'Marketing', 'salary': '119615.71', 'working_hours': '43.7'}","logger":"task.stdout"}
{"timestamp":"2026-05-08T17:38:05.113532Z","level":"info","event":"       id=3 → {'id': '3', 'name': 'Hank', 'age': '43', 'department': 'Marketing', 'salary': '42762.63', 'working_hours': '27.6'}","logger":"task.stdout"}
{"timestamp":"2026-05-08T17:38:05.114221Z","level":"info","event":"       id=4 → {'id': '4', 'name': 'Grace', 'age': '25', 'department': 'Sales', 'salary': '42234.11', 'working_hours': '33.0'}","logger":"task.stdout"}
{"timestamp":"2026-05-08T17:38:05.115274Z","level":"info","event":"       id=5 → {'id': '5', 'name': 'Diana', 'age': '48', 'department': 'Operations', 'salary': '114040.83', 'working_hours': '27.9'}","logger":"task.stdout"}
{"timestamp":"2026-05-08T17:38:05.116999Z","level":"info","event":"       id=6 → {'id': '6', 'name': 'Ivy', 'age': '23', 'department': 'HR', 'salary': '93422.5', 'working_hours': '30.2'}","logger":"task.stdout"}
{"timestamp":"2026-05-08T17:38:05.118277Z","level":"info","event":"       id=7 → {'id': '7', 'name': 'Alice', 'age': '39', 'department': 'Engineering', 'salary': '99699.04', 'working_hours': '28.3'}","logger":"task.stdout"}
{"timestamp":"2026-05-08T17:38:05.131768Z","level":"info","event":"       id=8 → {'id': '8', 'name': 'Frank', 'age': '57', 'department': 'Operations', 'salary': '118286.43', 'working_hours': '39.4'}","logger":"task.stdout"}
{"timestamp":"2026-05-08T17:38:05.132549Z","level":"info","event":"       id=9 → {'id': '9', 'name': 'Frank', 'age': '29', 'department': 'Operations', 'salary': '56051.26', 'working_hours': '33.0'}","logger":"task.stdout"}
{"timestamp":"2026-05-08T17:38:05.135118Z","level":"info","event":"       id=10 → {'id': '10', 'name': 'Alice', 'age': '30', 'department': 'Operations', 'salary': '95431.58', 'working_hours': '32.1'}","logger":"task.stdout"}
{"timestamp":"2026-05-08T17:38:05.136016Z","level":"info","event":"       id=11 → {'id': '11', 'name': 'Frank', 'age': '26', 'department': 'Sales', 'salary': '116198.57', 'working_hours': '56.0'}","logger":"task.stdout"}
{"timestamp":"2026-05-08T17:38:05.139161Z","level":"info","event":"       id=12 → {'id': '12', 'name': 'Jack', 'age': '25', 'department': 'Marketing', 'salary': '66982.45', 'working_hours': '47.6'}","logger":"task.stdout"}
{"timestamp":"2026-05-08T17:38:05.139784Z","level":"info","event":"       id=13 → {'id': '13', 'name': 'Grace', 'age': '30', 'department': 'Operations', 'salary': '98742.48', 'working_hours': '48.4'}","logger":"task.stdout"}
{"timestamp":"2026-05-08T17:38:05.140246Z","level":"info","event":"       id=14 → {'id': '14', 'name': 'Eve', 'age': '50', 'department': 'Finance', 'salary': '86799.69', 'working_hours': '29.4'}","logger":"task.stdout"}
{"timestamp":"2026-05-08T17:38:05.140714Z","level":"info","event":"       id=15 → {'id': '15', 'name': 'Bob', 'age': '40', 'department': 'Operations', 'salary': '30858.66', 'working_hours': '24.1'}","logger":"task.stdout"}
{"timestamp":"2026-05-08T17:38:05.141182Z","level":"info","event":"       id=16 → {'id': '16', 'name': 'Bob', 'age': '31', 'department': 'HR', 'salary': '42644.19', 'working_hours': '46.2'}","logger":"task.stdout"}
{"timestamp":"2026-05-08T17:38:05.141667Z","level":"info","event":"       id=17 → {'id': '17', 'name': 'Bob', 'age': '39', 'department': 'Sales', 'salary': '33470.14', 'working_hours': '57.9'}","logger":"task.stdout"}
{"timestamp":"2026-05-08T17:38:05.142273Z","level":"info","event":"[INFO] result.csv mil gayi — upsert karte hain.","logger":"task.stdout"}
{"timestamp":"2026-05-08T17:38:05.144523Z","level":"info","event":"[INFO] Existing result.csv mein 20 rows hain.","logger":"task.stdout"}
{"timestamp":"2026-05-08T17:38:05.145333Z","level":"info","event":"       UPDATE  id=1","logger":"task.stdout"}
{"timestamp":"2026-05-08T17:38:05.145841Z","level":"info","event":"       UPDATE  id=2","logger":"task.stdout"}
{"timestamp":"2026-05-08T17:38:05.146332Z","level":"info","event":"       UPDATE  id=3","logger":"task.stdout"}
{"timestamp":"2026-05-08T17:38:05.148248Z","level":"info","event":"       UPDATE  id=4","logger":"task.stdout"}
{"timestamp":"2026-05-08T17:38:05.150650Z","level":"info","event":"       UPDATE  id=5","logger":"task.stdout"}
{"timestamp":"2026-05-08T17:38:05.151197Z","level":"info","event":"       UPDATE  id=6","logger":"task.stdout"}
{"timestamp":"2026-05-08T17:38:05.151871Z","level":"info","event":"       UPDATE  id=7","logger":"task.stdout"}
{"timestamp":"2026-05-08T17:38:05.154235Z","level":"info","event":"       UPDATE  id=8","logger":"task.stdout"}
{"timestamp":"2026-05-08T17:38:05.154935Z","level":"info","event":"       UPDATE  id=9","logger":"task.stdout"}
{"timestamp":"2026-05-08T17:38:05.157780Z","level":"info","event":"       UPDATE  id=10","logger":"task.stdout"}
{"timestamp":"2026-05-08T17:38:05.160966Z","level":"info","event":"       UPDATE  id=11","logger":"task.stdout"}
{"timestamp":"2026-05-08T17:38:05.174519Z","level":"info","event":"       UPDATE  id=12","logger":"task.stdout"}
{"timestamp":"2026-05-08T17:38:05.176012Z","level":"info","event":"       UPDATE  id=13","logger":"task.stdout"}
{"timestamp":"2026-05-08T17:38:05.176906Z","level":"info","event":"       UPDATE  id=14","logger":"task.stdout"}
{"timestamp":"2026-05-08T17:38:05.177380Z","level":"info","event":"       UPDATE  id=15","logger":"task.stdout"}
{"timestamp":"2026-05-08T17:38:05.180946Z","level":"info","event":"       UPDATE  id=16","logger":"task.stdout"}
{"timestamp":"2026-05-08T17:38:05.191943Z","level":"info","event":"       UPDATE  id=17","logger":"task.stdout"}
{"timestamp":"2026-05-08T17:38:05.192576Z","level":"info","event":"[INFO] result.csv updated — total 20 rows.","logger":"task.stdout"}
{"timestamp":"2026-05-08T17:38:05.115870Z","level":"info","event":"Done. Returned value was: None","logger":"airflow.task.operators.airflow.providers.standard.operators.python.PythonOperator","filename":"python.py","lineno":229}
{"timestamp":"2026-05-08T17:38:05.367342Z","level":"info","event":"Task instance in success state","logger":"task.stdout"}
{"timestamp":"2026-05-08T17:38:05.372822Z","level":"info","event":" Previous state of the Task instance: TaskInstanceState.RUNNING","logger":"task.stdout"}
{"timestamp":"2026-05-08T17:38:05.373805Z","level":"info","event":"Task operator:<Task(PythonOperator): process_partition>","logger":"task.stdout"}
{"timestamp":"2026-05-11T16:47:04.639787Z","level":"info","event":"DAG bundles loaded: dags-folder, example_dags","logger":"airflow.dag_processing.bundles.manager.DagBundlesManager","filename":"manager.py","lineno":209}
{"timestamp":"2026-05-11T16:47:04.641799Z","level":"info","event":"Filling up the DagBag from /opt/airflow/dags/csv_upsert_pipeline.py","logger":"airflow.dag_processing.dagbag.BundleDagBag","filename":"dagbag.py","lineno":469}
{"timestamp":"2026-05-11T16:47:04.966376Z","level":"info","event":"Task instance is in running state","logger":"task.stdout"}
{"timestamp":"2026-05-11T16:47:04.966937Z","level":"info","event":" Previous state of the Task instance: TaskInstanceState.QUEUED","logger":"task.stdout"}
{"timestamp":"2026-05-11T16:47:04.969189Z","level":"info","event":"Current task name:process_partition","logger":"task.stdout"}
{"timestamp":"2026-05-11T16:47:04.978423Z","level":"info","event":"Dag name:csv_upsert_pipeline","logger":"task.stdout"}
{"timestamp":"2026-05-11T16:47:04.979244Z","level":"info","event":"[INFO] data_interval_start : 2026-05-03 23:00:00+00:00","logger":"task.stdout"}
{"timestamp":"2026-05-11T16:47:04.979771Z","level":"info","event":"[INFO] data_interval_end   : 2026-05-03 23:00:00+00:00","logger":"task.stdout"}
{"timestamp":"2026-05-11T16:47:04.980209Z","level":"info","event":"[INFO] Processing partition: /data/time_stamp=2026-05-03-23","logger":"task.stdout"}
{"timestamp":"2026-05-11T16:47:05.124116Z","level":"error","event":"/home/airflow/.local/lib/python3.13/site-packages/pyspark/bin/load-spark-env.sh: line 68: ps: command not found","logger":"task.stderr"}
{"timestamp":"2026-05-11T16:47:05.128576Z","level":"error","event":"JAVA_HOME is not set","logger":"task.stderr"}
{"timestamp":"2026-05-11T16:47:05.170568Z","level":"error","event":"Task failed with exception","logger":"task","filename":"task_runner.py","lineno":1347,"error_detail":[{"exc_type":"PySparkRuntimeError","exc_value":"[JAVA_GATEWAY_EXITED] Java gateway process exited before sending its port number.","exc_notes":[],"syntax_error":null,"is_cause":false,"frames":[{"filename":"/home/airflow/.local/lib/python3.13/site-packages/airflow/sdk/execution_time/task_runner.py","lineno":1263,"name":"run"},{"filename":"/home/airflow/.local/lib/python3.13/site-packages/airflow/sdk/execution_time/task_runner.py","lineno":1678,"name":"_execute_task"},{"filename":"/home/airflow/.local/lib/python3.13/site-packages/airflow/sdk/bases/operator.py","lineno":443,"name":"wrapper"},{"filename":"/home/airflow/.local/lib/python3.13/site-packages/airflow/providers/standard/operators/python.py","lineno":227,"name":"execute"},{"filename":"/home/airflow/.local/lib/python3.13/site-packages/airflow/providers/standard/operators/python.py","lineno":250,"name":"execute_callable"},{"filename":"/home/airflow/.local/lib/python3.13/site-packages/airflow/sdk/execution_time/callback_runner.py","lineno":97,"name":"run"},{"filename":"/opt/airflow/dags/csv_upsert_pipeline.py","lineno":47,"name":"process_partition"},{"filename":"/home/airflow/.local/lib/python3.13/site-packages/pyspark/sql/session.py","lineno":497,"name":"getOrCreate"},{"filename":"/home/airflow/.local/lib/python3.13/site-packages/pyspark/context.py","lineno":515,"name":"getOrCreate"},{"filename":"/home/airflow/.local/lib/python3.13/site-packages/pyspark/context.py","lineno":201,"name":"__init__"},{"filename":"/home/airflow/.local/lib/python3.13/site-packages/pyspark/context.py","lineno":436,"name":"_ensure_initialized"},{"filename":"/home/airflow/.local/lib/python3.13/site-packages/pyspark/java_gateway.py","lineno":107,"name":"launch_gateway"}],"is_group":false,"exceptions":[]}]}
{"timestamp":"2026-05-11T16:47:05.179402Z","level":"info","event":"Task instance in failure state","logger":"task.stdout"}
{"timestamp":"2026-05-11T16:47:05.180623Z","level":"info","event":"Task start","logger":"task.stdout"}
{"timestamp":"2026-05-11T16:47:05.181143Z","level":"info","event":"Task:<Task(PythonOperator): process_partition>","logger":"task.stdout"}
{"timestamp":"2026-05-11T16:47:05.181678Z","level":"info","event":"Failure caused by [JAVA_GATEWAY_EXITED] Java gateway process exited before sending its port number.","logger":"task.stdout"}
{"timestamp":"2026-05-11T17:17:44.344067Z","level":"info","event":"DAG bundles loaded: dags-folder, example_dags","logger":"airflow.dag_processing.bundles.manager.DagBundlesManager","filename":"manager.py","lineno":209}
{"timestamp":"2026-05-11T17:17:44.346019Z","level":"info","event":"Filling up the DagBag from /opt/airflow/dags/__pycache__/csv_upsert_pipeline.py","logger":"airflow.dag_processing.dagbag.BundleDagBag","filename":"dagbag.py","lineno":469}
{"timestamp":"2026-05-11T17:17:44.357683Z","level":"warning","event":"airflow.exceptions.AirflowSkipException is deprecated and will be removed in a future version. Use airflow.sdk.exceptions.AirflowSkipException instead.","category":"UserWarning","filename":"/opt/airflow/dags/__pycache__/csv_upsert_pipeline.py","lineno":7,"logger":"py.warnings"}
{"timestamp":"2026-05-11T17:17:44.426845Z","level":"info","event":"Task instance is in running state","logger":"task.stdout"}
{"timestamp":"2026-05-11T17:17:44.427535Z","level":"info","event":" Previous state of the Task instance: TaskInstanceState.QUEUED","logger":"task.stdout"}
{"timestamp":"2026-05-11T17:17:44.430036Z","level":"info","event":"Current task name:process_partition","logger":"task.stdout"}
{"timestamp":"2026-05-11T17:17:44.430567Z","level":"info","event":"Dag name:csv_upsert_pipeline","logger":"task.stdout"}
{"timestamp":"2026-05-11T17:17:44.433833Z","level":"info","event":"[INFO] data_interval_start : 2026-05-03 23:00:00+00:00","logger":"task.stdout"}
{"timestamp":"2026-05-11T17:17:44.435864Z","level":"info","event":"[INFO] data_interval_end   : 2026-05-03 23:00:00+00:00","logger":"task.stdout"}
{"timestamp":"2026-05-11T17:17:44.441996Z","level":"info","event":"[INFO] Processing partition: /data/time_stamp=2026-05-03-23","logger":"task.stdout"}
{"timestamp":"2026-05-11T17:17:44.442641Z","level":"info","event":"[INFO] Sorted files: ['data_1.csv', 'data_2.csv', 'data_3.csv', 'data_4.csv', 'data_5.csv']","logger":"task.stdout"}
{"timestamp":"2026-05-11T17:17:44.446600Z","level":"info","event":"[INFO] Read data_1.csv  (index=1)","logger":"task.stdout"}
{"timestamp":"2026-05-11T17:17:44.452100Z","level":"info","event":"[INFO] Read data_2.csv  (index=2)","logger":"task.stdout"}
{"timestamp":"2026-05-11T17:17:44.456459Z","level":"info","event":"[INFO] Read data_3.csv  (index=3)","logger":"task.stdout"}
{"timestamp":"2026-05-11T17:17:44.459803Z","level":"info","event":"[INFO] Read data_4.csv  (index=4)","logger":"task.stdout"}
{"timestamp":"2026-05-11T17:17:44.490735Z","level":"info","event":"[INFO] Read data_5.csv  (index=5)","logger":"task.stdout"}
{"timestamp":"2026-05-11T17:17:44.491326Z","level":"info","event":"[INFO] Resolved 17 unique IDs for this run:","logger":"task.stdout"}
{"timestamp":"2026-05-11T17:17:44.498159Z","level":"info","event":"       id=1 → {'id': '1', 'name': 'Hank', 'age': '39', 'department': 'HR', 'salary': '74513.25', 'working_hours': '43.1'}","logger":"task.stdout"}
{"timestamp":"2026-05-11T17:17:44.502117Z","level":"info","event":"       id=2 → {'id': '2', 'name': 'Hank', 'age': '36', 'department': 'Marketing', 'salary': '119615.71', 'working_hours': '43.7'}","logger":"task.stdout"}
{"timestamp":"2026-05-11T17:17:44.502721Z","level":"info","event":"       id=3 → {'id': '3', 'name': 'Hank', 'age': '43', 'department': 'Marketing', 'salary': '42762.63', 'working_hours': '27.6'}","logger":"task.stdout"}
{"timestamp":"2026-05-11T17:17:44.506534Z","level":"info","event":"       id=4 → {'id': '4', 'name': 'Grace', 'age': '25', 'department': 'Sales', 'salary': '42234.11', 'working_hours': '33.0'}","logger":"task.stdout"}
{"timestamp":"2026-05-11T17:17:44.507375Z","level":"info","event":"       id=5 → {'id': '5', 'name': 'Diana', 'age': '48', 'department': 'Operations', 'salary': '114040.83', 'working_hours': '27.9'}","logger":"task.stdout"}
{"timestamp":"2026-05-11T17:17:44.507930Z","level":"info","event":"       id=6 → {'id': '6', 'name': 'Ivy', 'age': '23', 'department': 'HR', 'salary': '93422.5', 'working_hours': '30.2'}","logger":"task.stdout"}
{"timestamp":"2026-05-11T17:17:44.508659Z","level":"info","event":"       id=7 → {'id': '7', 'name': 'Alice', 'age': '39', 'department': 'Engineering', 'salary': '99699.04', 'working_hours': '28.3'}","logger":"task.stdout"}
{"timestamp":"2026-05-11T17:17:44.509347Z","level":"info","event":"       id=8 → {'id': '8', 'name': 'Frank', 'age': '57', 'department': 'Operations', 'salary': '118286.43', 'working_hours': '39.4'}","logger":"task.stdout"}
{"timestamp":"2026-05-11T17:17:44.518145Z","level":"info","event":"       id=9 → {'id': '9', 'name': 'Frank', 'age': '29', 'department': 'Operations', 'salary': '56051.26', 'working_hours': '33.0'}","logger":"task.stdout"}
{"timestamp":"2026-05-11T17:17:44.528894Z","level":"info","event":"       id=10 → {'id': '10', 'name': 'Alice', 'age': '30', 'department': 'Operations', 'salary': '95431.58', 'working_hours': '32.1'}","logger":"task.stdout"}
{"timestamp":"2026-05-11T17:17:44.529442Z","level":"info","event":"       id=11 → {'id': '11', 'name': 'Frank', 'age': '26', 'department': 'Sales', 'salary': '116198.57', 'working_hours': '56.0'}","logger":"task.stdout"}
{"timestamp":"2026-05-11T17:17:44.530008Z","level":"info","event":"       id=12 → {'id': '12', 'name': 'Jack', 'age': '25', 'department': 'Marketing', 'salary': '66982.45', 'working_hours': '47.6'}","logger":"task.stdout"}
{"timestamp":"2026-05-11T17:17:44.531105Z","level":"info","event":"       id=13 → {'id': '13', 'name': 'Grace', 'age': '30', 'department': 'Operations', 'salary': '98742.48', 'working_hours': '48.4'}","logger":"task.stdout"}
{"timestamp":"2026-05-11T17:17:44.532865Z","level":"info","event":"       id=14 → {'id': '14', 'name': 'Eve', 'age': '50', 'department': 'Finance', 'salary': '86799.69', 'working_hours': '29.4'}","logger":"task.stdout"}
{"timestamp":"2026-05-11T17:17:44.538805Z","level":"info","event":"       id=15 → {'id': '15', 'name': 'Bob', 'age': '40', 'department': 'Operations', 'salary': '30858.66', 'working_hours': '24.1'}","logger":"task.stdout"}
{"timestamp":"2026-05-11T17:17:44.539452Z","level":"info","event":"       id=16 → {'id': '16', 'name': 'Bob', 'age': '31', 'department': 'HR', 'salary': '42644.19', 'working_hours': '46.2'}","logger":"task.stdout"}
{"timestamp":"2026-05-11T17:17:44.540281Z","level":"info","event":"       id=17 → {'id': '17', 'name': 'Bob', 'age': '39', 'department': 'Sales', 'salary': '33470.14', 'working_hours': '57.9'}","logger":"task.stdout"}
{"timestamp":"2026-05-11T17:17:44.540835Z","level":"info","event":"[INFO] result.csv found — upsert.","logger":"task.stdout"}
{"timestamp":"2026-05-11T17:17:44.541582Z","level":"info","event":"[INFO] In existing result.csv 20 rows.","logger":"task.stdout"}
{"timestamp":"2026-05-11T17:17:44.549139Z","level":"info","event":"       UPDATE  id=1","logger":"task.stdout"}
{"timestamp":"2026-05-11T17:17:44.549894Z","level":"info","event":"       UPDATE  id=2","logger":"task.stdout"}
{"timestamp":"2026-05-11T17:17:44.551335Z","level":"info","event":"       UPDATE  id=3","logger":"task.stdout"}
{"timestamp":"2026-05-11T17:17:44.551937Z","level":"info","event":"       UPDATE  id=4","logger":"task.stdout"}
{"timestamp":"2026-05-11T17:17:44.552442Z","level":"info","event":"       UPDATE  id=5","logger":"task.stdout"}
{"timestamp":"2026-05-11T17:17:44.553064Z","level":"info","event":"       UPDATE  id=6","logger":"task.stdout"}
{"timestamp":"2026-05-11T17:17:44.553940Z","level":"info","event":"       UPDATE  id=7","logger":"task.stdout"}
{"timestamp":"2026-05-11T17:17:44.554517Z","level":"info","event":"       UPDATE  id=8","logger":"task.stdout"}
{"timestamp":"2026-05-11T17:17:44.556431Z","level":"info","event":"       UPDATE  id=9","logger":"task.stdout"}
{"timestamp":"2026-05-11T17:17:44.569483Z","level":"info","event":"       UPDATE  id=10","logger":"task.stdout"}
{"timestamp":"2026-05-11T17:17:44.574664Z","level":"info","event":"       UPDATE  id=11","logger":"task.stdout"}
{"timestamp":"2026-05-11T17:17:44.578936Z","level":"info","event":"       UPDATE  id=12","logger":"task.stdout"}
{"timestamp":"2026-05-11T17:17:44.582811Z","level":"info","event":"       UPDATE  id=13","logger":"task.stdout"}
{"timestamp":"2026-05-11T17:17:44.586897Z","level":"info","event":"       UPDATE  id=14","logger":"task.stdout"}
{"timestamp":"2026-05-11T17:17:44.588305Z","level":"info","event":"       UPDATE  id=15","logger":"task.stdout"}
{"timestamp":"2026-05-11T17:17:44.588845Z","level":"info","event":"       UPDATE  id=16","logger":"task.stdout"}
{"timestamp":"2026-05-11T17:17:44.589342Z","level":"info","event":"       UPDATE  id=17","logger":"task.stdout"}
{"timestamp":"2026-05-11T17:17:44.593665Z","level":"info","event":"[INFO] result.csv updated — total 20 rows.","logger":"task.stdout"}
{"timestamp":"2026-05-11T17:17:44.510524Z","level":"info","event":"Done. Returned value was: None","logger":"airflow.task.operators.airflow.providers.standard.operators.python.PythonOperator","filename":"python.py","lineno":229}
{"timestamp":"2026-05-11T17:17:45.053641Z","level":"info","event":"Task instance in success state","logger":"task.stdout"}
{"timestamp":"2026-05-11T17:17:45.055049Z","level":"info","event":" Previous state of the Task instance: TaskInstanceState.RUNNING","logger":"task.stdout"}
{"timestamp":"2026-05-11T17:17:45.057310Z","level":"info","event":"Task operator:<Task(PythonOperator): process_partition>","logger":"task.stdout"}
