{"timestamp":"2026-05-08T17:38:21.676631Z","level":"info","event":"DAG bundles loaded: dags-folder, example_dags","logger":"airflow.dag_processing.bundles.manager.DagBundlesManager","filename":"manager.py","lineno":209}
{"timestamp":"2026-05-08T17:38:21.679113Z","level":"info","event":"Filling up the DagBag from /opt/airflow/dags/csv_upsert_pipeline.py","logger":"airflow.dag_processing.dagbag.BundleDagBag","filename":"dagbag.py","lineno":469}
{"timestamp":"2026-05-08T17:38:21.689718Z","level":"warning","event":"airflow.exceptions.AirflowSkipException is deprecated and will be removed in a future version. Use airflow.sdk.exceptions.AirflowSkipException instead.","category":"UserWarning","filename":"/opt/airflow/dags/csv_upsert_pipeline.py","lineno":7,"logger":"py.warnings"}
{"timestamp":"2026-05-08T17:38:21.745301Z","level":"info","event":"Task instance is in running state","logger":"task.stdout"}
{"timestamp":"2026-05-08T17:38:21.748428Z","level":"info","event":" Previous state of the Task instance: TaskInstanceState.QUEUED","logger":"task.stdout"}
{"timestamp":"2026-05-08T17:38:21.751678Z","level":"info","event":"Current task name:process_partition","logger":"task.stdout"}
{"timestamp":"2026-05-08T17:38:21.753577Z","level":"info","event":"Dag name:csv_upsert_pipeline","logger":"task.stdout"}
{"timestamp":"2026-05-08T17:38:21.754452Z","level":"info","event":"[INFO] data_interval_start : 2026-05-05 06:00:00+00:00","logger":"task.stdout"}
{"timestamp":"2026-05-08T17:38:21.755320Z","level":"info","event":"[INFO] data_interval_end   : 2026-05-05 06:00:00+00:00","logger":"task.stdout"}
{"timestamp":"2026-05-08T17:38:21.755829Z","level":"info","event":"[INFO] Processing partition: /data/time_stamp=2026-05-05-06","logger":"task.stdout"}
{"timestamp":"2026-05-08T17:38:21.756960Z","level":"info","event":"[INFO] Sorted files: ['data_1.csv', 'data_2.csv']","logger":"task.stdout"}
{"timestamp":"2026-05-08T17:38:21.757865Z","level":"info","event":"[INFO] Read data_1.csv  (index=1)","logger":"task.stdout"}
{"timestamp":"2026-05-08T17:38:21.759281Z","level":"info","event":"[INFO] Read data_2.csv  (index=2)","logger":"task.stdout"}
{"timestamp":"2026-05-08T17:38:21.760015Z","level":"info","event":"[INFO] Resolved 15 unique IDs for this run:","logger":"task.stdout"}
{"timestamp":"2026-05-08T17:38:21.762011Z","level":"info","event":"       id=1 → {'id': '1', 'name': 'Eve', 'age': '51', 'department': 'Operations', 'salary': '62216.97', 'working_hours': '59.7'}","logger":"task.stdout"}
{"timestamp":"2026-05-08T17:38:21.762649Z","level":"info","event":"       id=2 → {'id': '2', 'name': 'Jack', 'age': '35', 'department': 'Engineering', 'salary': '78715.88', 'working_hours': '41.4'}","logger":"task.stdout"}
{"timestamp":"2026-05-08T17:38:21.763879Z","level":"info","event":"       id=3 → {'id': '3', 'name': 'Jack', 'age': '38', 'department': 'HR', 'salary': '115626.97', 'working_hours': '47.5'}","logger":"task.stdout"}
{"timestamp":"2026-05-08T17:38:21.765744Z","level":"info","event":"       id=4 → {'id': '4', 'name': 'Eve', 'age': '57', 'department': 'Finance', 'salary': '66513.61', 'working_hours': '28.7'}","logger":"task.stdout"}
{"timestamp":"2026-05-08T17:38:21.766334Z","level":"info","event":"       id=5 → {'id': '5', 'name': 'Grace', 'age': '34', 'department': 'Marketing', 'salary': '112200.69', 'working_hours': '45.2'}","logger":"task.stdout"}
{"timestamp":"2026-05-08T17:38:21.766921Z","level":"info","event":"       id=6 → {'id': '6', 'name': 'Grace', 'age': '47', 'department': 'Marketing', 'salary': '100704.73', 'working_hours': '27.1'}","logger":"task.stdout"}
{"timestamp":"2026-05-08T17:38:21.767591Z","level":"info","event":"       id=7 → {'id': '7', 'name': 'Alice', 'age': '36', 'department': 'Finance', 'salary': '116139.16', 'working_hours': '49.4'}","logger":"task.stdout"}
{"timestamp":"2026-05-08T17:38:21.768048Z","level":"info","event":"       id=8 → {'id': '8', 'name': 'Grace', 'age': '39', 'department': 'Engineering', 'salary': '64655.21', 'working_hours': '23.2'}","logger":"task.stdout"}
{"timestamp":"2026-05-08T17:38:21.768565Z","level":"info","event":"       id=9 → {'id': '9', 'name': 'Grace', 'age': '26', 'department': 'Sales', 'salary': '50888.88', 'working_hours': '42.3'}","logger":"task.stdout"}
{"timestamp":"2026-05-08T17:38:21.769442Z","level":"info","event":"       id=10 → {'id': '10', 'name': 'Charlie', 'age': '39', 'department': 'Finance', 'salary': '39356.11', 'working_hours': '53.7'}","logger":"task.stdout"}
{"timestamp":"2026-05-08T17:38:21.770230Z","level":"info","event":"       id=11 → {'id': '11', 'name': 'Charlie', 'age': '45', 'department': 'Marketing', 'salary': '60035.05', 'working_hours': '34.8'}","logger":"task.stdout"}
{"timestamp":"2026-05-08T17:38:21.770786Z","level":"info","event":"       id=12 → {'id': '12', 'name': 'Bob', 'age': '36', 'department': 'Engineering', 'salary': '95795.4', 'working_hours': '29.8'}","logger":"task.stdout"}
{"timestamp":"2026-05-08T17:38:21.772141Z","level":"info","event":"       id=13 → {'id': '13', 'name': 'Alice', 'age': '52', 'department': 'Finance', 'salary': '36251.05', 'working_hours': '48.5'}","logger":"task.stdout"}
{"timestamp":"2026-05-08T17:38:21.772830Z","level":"info","event":"       id=14 → {'id': '14', 'name': 'Hank', 'age': '29', 'department': 'HR', 'salary': '38731.58', 'working_hours': '57.3'}","logger":"task.stdout"}
{"timestamp":"2026-05-08T17:38:21.773298Z","level":"info","event":"       id=15 → {'id': '15', 'name': 'Eve', 'age': '48', 'department': 'Sales', 'salary': '49479.79', 'working_hours': '38.8'}","logger":"task.stdout"}
{"timestamp":"2026-05-08T17:38:21.774054Z","level":"info","event":"[INFO] result.csv mil gayi — upsert karte hain.","logger":"task.stdout"}
{"timestamp":"2026-05-08T17:38:21.775387Z","level":"info","event":"[INFO] Existing result.csv mein 20 rows hain.","logger":"task.stdout"}
{"timestamp":"2026-05-08T17:38:21.777208Z","level":"info","event":"       UPDATE  id=1","logger":"task.stdout"}
{"timestamp":"2026-05-08T17:38:21.777916Z","level":"info","event":"       UPDATE  id=2","logger":"task.stdout"}
{"timestamp":"2026-05-08T17:38:21.778470Z","level":"info","event":"       UPDATE  id=3","logger":"task.stdout"}
{"timestamp":"2026-05-08T17:38:21.778953Z","level":"info","event":"       UPDATE  id=4","logger":"task.stdout"}
{"timestamp":"2026-05-08T17:38:21.779484Z","level":"info","event":"       UPDATE  id=5","logger":"task.stdout"}
{"timestamp":"2026-05-08T17:38:21.779913Z","level":"info","event":"       UPDATE  id=6","logger":"task.stdout"}
{"timestamp":"2026-05-08T17:38:21.780314Z","level":"info","event":"       UPDATE  id=7","logger":"task.stdout"}
{"timestamp":"2026-05-08T17:38:21.782511Z","level":"info","event":"       UPDATE  id=8","logger":"task.stdout"}
{"timestamp":"2026-05-08T17:38:21.783143Z","level":"info","event":"       UPDATE  id=9","logger":"task.stdout"}
{"timestamp":"2026-05-08T17:38:21.783949Z","level":"info","event":"       UPDATE  id=10","logger":"task.stdout"}
{"timestamp":"2026-05-08T17:38:21.785273Z","level":"info","event":"       UPDATE  id=11","logger":"task.stdout"}
{"timestamp":"2026-05-08T17:38:21.785973Z","level":"info","event":"       UPDATE  id=12","logger":"task.stdout"}
{"timestamp":"2026-05-08T17:38:21.786791Z","level":"info","event":"       UPDATE  id=13","logger":"task.stdout"}
{"timestamp":"2026-05-08T17:38:21.787500Z","level":"info","event":"       UPDATE  id=14","logger":"task.stdout"}
{"timestamp":"2026-05-08T17:38:21.788288Z","level":"info","event":"       UPDATE  id=15","logger":"task.stdout"}
{"timestamp":"2026-05-08T17:38:21.789656Z","level":"info","event":"[INFO] result.csv updated — total 20 rows.","logger":"task.stdout"}
{"timestamp":"2026-05-08T17:38:21.763449Z","level":"info","event":"Done. Returned value was: None","logger":"airflow.task.operators.airflow.providers.standard.operators.python.PythonOperator","filename":"python.py","lineno":229}
{"timestamp":"2026-05-08T17:38:21.866874Z","level":"info","event":"Task instance in success state","logger":"task.stdout"}
{"timestamp":"2026-05-08T17:38:21.870174Z","level":"info","event":" Previous state of the Task instance: TaskInstanceState.RUNNING","logger":"task.stdout"}
{"timestamp":"2026-05-08T17:38:21.871052Z","level":"info","event":"Task operator:<Task(PythonOperator): process_partition>","logger":"task.stdout"}
{"timestamp":"2026-05-11T16:47:26.540286Z","level":"info","event":"DAG bundles loaded: dags-folder, example_dags","logger":"airflow.dag_processing.bundles.manager.DagBundlesManager","filename":"manager.py","lineno":209}
{"timestamp":"2026-05-11T16:47:26.542960Z","level":"info","event":"Filling up the DagBag from /opt/airflow/dags/__pycache__/csv_upsert_pipeline.py","logger":"airflow.dag_processing.dagbag.BundleDagBag","filename":"dagbag.py","lineno":469}
{"timestamp":"2026-05-11T16:47:26.561404Z","level":"warning","event":"airflow.exceptions.AirflowSkipException is deprecated and will be removed in a future version. Use airflow.sdk.exceptions.AirflowSkipException instead.","category":"UserWarning","filename":"/opt/airflow/dags/__pycache__/csv_upsert_pipeline.py","lineno":7,"logger":"py.warnings"}
{"timestamp":"2026-05-11T16:47:26.615754Z","level":"info","event":"Task instance is in running state","logger":"task.stdout"}
{"timestamp":"2026-05-11T16:47:26.617131Z","level":"info","event":" Previous state of the Task instance: TaskInstanceState.QUEUED","logger":"task.stdout"}
{"timestamp":"2026-05-11T16:47:26.617758Z","level":"info","event":"Current task name:process_partition","logger":"task.stdout"}
{"timestamp":"2026-05-11T16:47:26.618209Z","level":"info","event":"Dag name:csv_upsert_pipeline","logger":"task.stdout"}
{"timestamp":"2026-05-11T16:47:26.619776Z","level":"info","event":"[INFO] data_interval_start : 2026-05-05 06:00:00+00:00","logger":"task.stdout"}
{"timestamp":"2026-05-11T16:47:26.620556Z","level":"info","event":"[INFO] data_interval_end   : 2026-05-05 06:00:00+00:00","logger":"task.stdout"}
{"timestamp":"2026-05-11T16:47:26.621610Z","level":"info","event":"[INFO] Processing partition: /data/time_stamp=2026-05-05-06","logger":"task.stdout"}
{"timestamp":"2026-05-11T16:47:26.622966Z","level":"info","event":"[INFO] Sorted files: ['data_1.csv', 'data_2.csv']","logger":"task.stdout"}
{"timestamp":"2026-05-11T16:47:26.626135Z","level":"info","event":"[INFO] Read data_1.csv  (index=1)","logger":"task.stdout"}
{"timestamp":"2026-05-11T16:47:26.631665Z","level":"info","event":"[INFO] Read data_2.csv  (index=2)","logger":"task.stdout"}
{"timestamp":"2026-05-11T16:47:26.632355Z","level":"info","event":"[INFO] Resolved 15 unique IDs for this run:","logger":"task.stdout"}
{"timestamp":"2026-05-11T16:47:26.633514Z","level":"info","event":"       id=1 → {'id': '1', 'name': 'Eve', 'age': '51', 'department': 'Operations', 'salary': '62216.97', 'working_hours': '59.7'}","logger":"task.stdout"}
{"timestamp":"2026-05-11T16:47:26.634213Z","level":"info","event":"       id=2 → {'id': '2', 'name': 'Jack', 'age': '35', 'department': 'Engineering', 'salary': '78715.88', 'working_hours': '41.4'}","logger":"task.stdout"}
{"timestamp":"2026-05-11T16:47:26.634648Z","level":"info","event":"       id=3 → {'id': '3', 'name': 'Jack', 'age': '38', 'department': 'HR', 'salary': '115626.97', 'working_hours': '47.5'}","logger":"task.stdout"}
{"timestamp":"2026-05-11T16:47:26.635252Z","level":"info","event":"       id=4 → {'id': '4', 'name': 'Eve', 'age': '57', 'department': 'Finance', 'salary': '66513.61', 'working_hours': '28.7'}","logger":"task.stdout"}
{"timestamp":"2026-05-11T16:47:26.635771Z","level":"info","event":"       id=5 → {'id': '5', 'name': 'Grace', 'age': '34', 'department': 'Marketing', 'salary': '112200.69', 'working_hours': '45.2'}","logger":"task.stdout"}
{"timestamp":"2026-05-11T16:47:26.636566Z","level":"info","event":"       id=6 → {'id': '6', 'name': 'Grace', 'age': '47', 'department': 'Marketing', 'salary': '100704.73', 'working_hours': '27.1'}","logger":"task.stdout"}
{"timestamp":"2026-05-11T16:47:26.636958Z","level":"info","event":"       id=7 → {'id': '7', 'name': 'Alice', 'age': '36', 'department': 'Finance', 'salary': '116139.16', 'working_hours': '49.4'}","logger":"task.stdout"}
{"timestamp":"2026-05-11T16:47:26.638263Z","level":"info","event":"       id=8 → {'id': '8', 'name': 'Grace', 'age': '39', 'department': 'Engineering', 'salary': '64655.21', 'working_hours': '23.2'}","logger":"task.stdout"}
{"timestamp":"2026-05-11T16:47:26.639207Z","level":"info","event":"       id=9 → {'id': '9', 'name': 'Grace', 'age': '26', 'department': 'Sales', 'salary': '50888.88', 'working_hours': '42.3'}","logger":"task.stdout"}
{"timestamp":"2026-05-11T16:47:26.639694Z","level":"info","event":"       id=10 → {'id': '10', 'name': 'Charlie', 'age': '39', 'department': 'Finance', 'salary': '39356.11', 'working_hours': '53.7'}","logger":"task.stdout"}
{"timestamp":"2026-05-11T16:47:26.640400Z","level":"info","event":"       id=11 → {'id': '11', 'name': 'Charlie', 'age': '45', 'department': 'Marketing', 'salary': '60035.05', 'working_hours': '34.8'}","logger":"task.stdout"}
{"timestamp":"2026-05-11T16:47:26.640990Z","level":"info","event":"       id=12 → {'id': '12', 'name': 'Bob', 'age': '36', 'department': 'Engineering', 'salary': '95795.4', 'working_hours': '29.8'}","logger":"task.stdout"}
{"timestamp":"2026-05-11T16:47:26.641899Z","level":"info","event":"       id=13 → {'id': '13', 'name': 'Alice', 'age': '52', 'department': 'Finance', 'salary': '36251.05', 'working_hours': '48.5'}","logger":"task.stdout"}
{"timestamp":"2026-05-11T16:47:26.642545Z","level":"info","event":"       id=14 → {'id': '14', 'name': 'Hank', 'age': '29', 'department': 'HR', 'salary': '38731.58', 'working_hours': '57.3'}","logger":"task.stdout"}
{"timestamp":"2026-05-11T16:47:26.643040Z","level":"info","event":"       id=15 → {'id': '15', 'name': 'Eve', 'age': '48', 'department': 'Sales', 'salary': '49479.79', 'working_hours': '38.8'}","logger":"task.stdout"}
{"timestamp":"2026-05-11T16:47:26.643652Z","level":"info","event":"[INFO] result.csv found — upsert.","logger":"task.stdout"}
{"timestamp":"2026-05-11T16:47:26.644165Z","level":"info","event":"[INFO] In existing result.csv 20 rows.","logger":"task.stdout"}
{"timestamp":"2026-05-11T16:47:26.644563Z","level":"info","event":"       UPDATE  id=1","logger":"task.stdout"}
{"timestamp":"2026-05-11T16:47:26.645014Z","level":"info","event":"       UPDATE  id=2","logger":"task.stdout"}
{"timestamp":"2026-05-11T16:47:26.645424Z","level":"info","event":"       UPDATE  id=3","logger":"task.stdout"}
{"timestamp":"2026-05-11T16:47:26.646187Z","level":"info","event":"       UPDATE  id=4","logger":"task.stdout"}
{"timestamp":"2026-05-11T16:47:26.647173Z","level":"info","event":"       UPDATE  id=5","logger":"task.stdout"}
{"timestamp":"2026-05-11T16:47:26.647653Z","level":"info","event":"       UPDATE  id=6","logger":"task.stdout"}
{"timestamp":"2026-05-11T16:47:26.648219Z","level":"info","event":"       UPDATE  id=7","logger":"task.stdout"}
{"timestamp":"2026-05-11T16:47:26.648631Z","level":"info","event":"       UPDATE  id=8","logger":"task.stdout"}
{"timestamp":"2026-05-11T16:47:26.649104Z","level":"info","event":"       UPDATE  id=9","logger":"task.stdout"}
{"timestamp":"2026-05-11T16:47:26.649566Z","level":"info","event":"       UPDATE  id=10","logger":"task.stdout"}
{"timestamp":"2026-05-11T16:47:26.650218Z","level":"info","event":"       UPDATE  id=11","logger":"task.stdout"}
{"timestamp":"2026-05-11T16:47:26.650632Z","level":"info","event":"       UPDATE  id=12","logger":"task.stdout"}
{"timestamp":"2026-05-11T16:47:26.651381Z","level":"info","event":"       UPDATE  id=13","logger":"task.stdout"}
{"timestamp":"2026-05-11T16:47:26.651852Z","level":"info","event":"       UPDATE  id=14","logger":"task.stdout"}
{"timestamp":"2026-05-11T16:47:26.652386Z","level":"info","event":"       UPDATE  id=15","logger":"task.stdout"}
{"timestamp":"2026-05-11T16:47:26.652852Z","level":"info","event":"[INFO] result.csv updated — total 20 rows.","logger":"task.stdout"}
{"timestamp":"2026-05-11T16:47:26.637515Z","level":"info","event":"Done. Returned value was: None","logger":"airflow.task.operators.airflow.providers.standard.operators.python.PythonOperator","filename":"python.py","lineno":229}
{"timestamp":"2026-05-11T16:47:26.698344Z","level":"info","event":"Task instance in success state","logger":"task.stdout"}
{"timestamp":"2026-05-11T16:47:26.699273Z","level":"info","event":" Previous state of the Task instance: TaskInstanceState.RUNNING","logger":"task.stdout"}
{"timestamp":"2026-05-11T16:47:26.700082Z","level":"info","event":"Task operator:<Task(PythonOperator): process_partition>","logger":"task.stdout"}
{"timestamp":"2026-05-11T17:18:09.370266Z","level":"info","event":"DAG bundles loaded: dags-folder, example_dags","logger":"airflow.dag_processing.bundles.manager.DagBundlesManager","filename":"manager.py","lineno":209}
{"timestamp":"2026-05-11T17:18:09.372327Z","level":"info","event":"Filling up the DagBag from /opt/airflow/dags/__pycache__/csv_upsert_pipeline.py","logger":"airflow.dag_processing.dagbag.BundleDagBag","filename":"dagbag.py","lineno":469}
{"timestamp":"2026-05-11T17:18:09.401291Z","level":"warning","event":"airflow.exceptions.AirflowSkipException is deprecated and will be removed in a future version. Use airflow.sdk.exceptions.AirflowSkipException instead.","category":"UserWarning","filename":"/opt/airflow/dags/__pycache__/csv_upsert_pipeline.py","lineno":7,"logger":"py.warnings"}
{"timestamp":"2026-05-11T17:18:09.830222Z","level":"info","event":"Task instance is in running state","logger":"task.stdout"}
{"timestamp":"2026-05-11T17:18:09.830709Z","level":"info","event":" Previous state of the Task instance: TaskInstanceState.QUEUED","logger":"task.stdout"}
{"timestamp":"2026-05-11T17:18:09.831380Z","level":"info","event":"Current task name:process_partition","logger":"task.stdout"}
{"timestamp":"2026-05-11T17:18:09.832060Z","level":"info","event":"Dag name:csv_upsert_pipeline","logger":"task.stdout"}
{"timestamp":"2026-05-11T17:18:09.836111Z","level":"info","event":"[INFO] data_interval_start : 2026-05-05 06:00:00+00:00","logger":"task.stdout"}
{"timestamp":"2026-05-11T17:18:09.836861Z","level":"info","event":"[INFO] data_interval_end   : 2026-05-05 06:00:00+00:00","logger":"task.stdout"}
{"timestamp":"2026-05-11T17:18:09.837660Z","level":"info","event":"[INFO] Processing partition: /data/time_stamp=2026-05-05-06","logger":"task.stdout"}
{"timestamp":"2026-05-11T17:18:09.839646Z","level":"info","event":"[INFO] Sorted files: ['data_1.csv', 'data_2.csv']","logger":"task.stdout"}
{"timestamp":"2026-05-11T17:18:09.841867Z","level":"info","event":"[INFO] Read data_1.csv  (index=1)","logger":"task.stdout"}
{"timestamp":"2026-05-11T17:18:09.844486Z","level":"info","event":"[INFO] Read data_2.csv  (index=2)","logger":"task.stdout"}
{"timestamp":"2026-05-11T17:18:09.845101Z","level":"info","event":"[INFO] Resolved 15 unique IDs for this run:","logger":"task.stdout"}
{"timestamp":"2026-05-11T17:18:09.845578Z","level":"info","event":"       id=1 → {'id': '1', 'name': 'Eve', 'age': '51', 'department': 'Operations', 'salary': '62216.97', 'working_hours': '59.7'}","logger":"task.stdout"}
{"timestamp":"2026-05-11T17:18:09.846738Z","level":"info","event":"       id=2 → {'id': '2', 'name': 'Jack', 'age': '35', 'department': 'Engineering', 'salary': '78715.88', 'working_hours': '41.4'}","logger":"task.stdout"}
{"timestamp":"2026-05-11T17:18:09.847358Z","level":"info","event":"       id=3 → {'id': '3', 'name': 'Jack', 'age': '38', 'department': 'HR', 'salary': '115626.97', 'working_hours': '47.5'}","logger":"task.stdout"}
{"timestamp":"2026-05-11T17:18:09.847811Z","level":"info","event":"       id=4 → {'id': '4', 'name': 'Eve', 'age': '57', 'department': 'Finance', 'salary': '66513.61', 'working_hours': '28.7'}","logger":"task.stdout"}
{"timestamp":"2026-05-11T17:18:09.848610Z","level":"info","event":"       id=5 → {'id': '5', 'name': 'Grace', 'age': '34', 'department': 'Marketing', 'salary': '112200.69', 'working_hours': '45.2'}","logger":"task.stdout"}
{"timestamp":"2026-05-11T17:18:09.849054Z","level":"info","event":"       id=6 → {'id': '6', 'name': 'Grace', 'age': '47', 'department': 'Marketing', 'salary': '100704.73', 'working_hours': '27.1'}","logger":"task.stdout"}
{"timestamp":"2026-05-11T17:18:09.850028Z","level":"info","event":"       id=7 → {'id': '7', 'name': 'Alice', 'age': '36', 'department': 'Finance', 'salary': '116139.16', 'working_hours': '49.4'}","logger":"task.stdout"}
{"timestamp":"2026-05-11T17:18:09.850700Z","level":"info","event":"       id=8 → {'id': '8', 'name': 'Grace', 'age': '39', 'department': 'Engineering', 'salary': '64655.21', 'working_hours': '23.2'}","logger":"task.stdout"}
{"timestamp":"2026-05-11T17:18:09.851948Z","level":"info","event":"       id=9 → {'id': '9', 'name': 'Grace', 'age': '26', 'department': 'Sales', 'salary': '50888.88', 'working_hours': '42.3'}","logger":"task.stdout"}
{"timestamp":"2026-05-11T17:18:09.852406Z","level":"info","event":"       id=10 → {'id': '10', 'name': 'Charlie', 'age': '39', 'department': 'Finance', 'salary': '39356.11', 'working_hours': '53.7'}","logger":"task.stdout"}
{"timestamp":"2026-05-11T17:18:09.852781Z","level":"info","event":"       id=11 → {'id': '11', 'name': 'Charlie', 'age': '45', 'department': 'Marketing', 'salary': '60035.05', 'working_hours': '34.8'}","logger":"task.stdout"}
{"timestamp":"2026-05-11T17:18:09.853286Z","level":"info","event":"       id=12 → {'id': '12', 'name': 'Bob', 'age': '36', 'department': 'Engineering', 'salary': '95795.4', 'working_hours': '29.8'}","logger":"task.stdout"}
{"timestamp":"2026-05-11T17:18:09.853733Z","level":"info","event":"       id=13 → {'id': '13', 'name': 'Alice', 'age': '52', 'department': 'Finance', 'salary': '36251.05', 'working_hours': '48.5'}","logger":"task.stdout"}
{"timestamp":"2026-05-11T17:18:09.854276Z","level":"info","event":"       id=14 → {'id': '14', 'name': 'Hank', 'age': '29', 'department': 'HR', 'salary': '38731.58', 'working_hours': '57.3'}","logger":"task.stdout"}
{"timestamp":"2026-05-11T17:18:09.854661Z","level":"info","event":"       id=15 → {'id': '15', 'name': 'Eve', 'age': '48', 'department': 'Sales', 'salary': '49479.79', 'working_hours': '38.8'}","logger":"task.stdout"}
{"timestamp":"2026-05-11T17:18:09.855337Z","level":"info","event":"[INFO] result.csv found — upsert.","logger":"task.stdout"}
{"timestamp":"2026-05-11T17:18:09.863923Z","level":"info","event":"[INFO] In existing result.csv 20 rows.","logger":"task.stdout"}
{"timestamp":"2026-05-11T17:18:09.864934Z","level":"info","event":"       UPDATE  id=1","logger":"task.stdout"}
{"timestamp":"2026-05-11T17:18:09.865478Z","level":"info","event":"       UPDATE  id=2","logger":"task.stdout"}
{"timestamp":"2026-05-11T17:18:09.865901Z","level":"info","event":"       UPDATE  id=3","logger":"task.stdout"}
{"timestamp":"2026-05-11T17:18:09.866335Z","level":"info","event":"       UPDATE  id=4","logger":"task.stdout"}
{"timestamp":"2026-05-11T17:18:09.866714Z","level":"info","event":"       UPDATE  id=5","logger":"task.stdout"}
{"timestamp":"2026-05-11T17:18:09.867059Z","level":"info","event":"       UPDATE  id=6","logger":"task.stdout"}
{"timestamp":"2026-05-11T17:18:09.867374Z","level":"info","event":"       UPDATE  id=7","logger":"task.stdout"}
{"timestamp":"2026-05-11T17:18:09.867693Z","level":"info","event":"       UPDATE  id=8","logger":"task.stdout"}
{"timestamp":"2026-05-11T17:18:09.868056Z","level":"info","event":"       UPDATE  id=9","logger":"task.stdout"}
{"timestamp":"2026-05-11T17:18:09.868368Z","level":"info","event":"       UPDATE  id=10","logger":"task.stdout"}
{"timestamp":"2026-05-11T17:18:09.868661Z","level":"info","event":"       UPDATE  id=11","logger":"task.stdout"}
{"timestamp":"2026-05-11T17:18:09.869256Z","level":"info","event":"       UPDATE  id=12","logger":"task.stdout"}
{"timestamp":"2026-05-11T17:18:09.869716Z","level":"info","event":"       UPDATE  id=13","logger":"task.stdout"}
{"timestamp":"2026-05-11T17:18:09.870248Z","level":"info","event":"       UPDATE  id=14","logger":"task.stdout"}
{"timestamp":"2026-05-11T17:18:09.870662Z","level":"info","event":"       UPDATE  id=15","logger":"task.stdout"}
{"timestamp":"2026-05-11T17:18:09.871052Z","level":"info","event":"[INFO] result.csv updated — total 20 rows.","logger":"task.stdout"}
{"timestamp":"2026-05-11T17:18:09.849504Z","level":"info","event":"Done. Returned value was: None","logger":"airflow.task.operators.airflow.providers.standard.operators.python.PythonOperator","filename":"python.py","lineno":229}
{"timestamp":"2026-05-11T17:18:10.036063Z","level":"info","event":"Task instance in success state","logger":"task.stdout"}
{"timestamp":"2026-05-11T17:18:10.036542Z","level":"info","event":" Previous state of the Task instance: TaskInstanceState.RUNNING","logger":"task.stdout"}
{"timestamp":"2026-05-11T17:18:10.037905Z","level":"info","event":"Task operator:<Task(PythonOperator): process_partition>","logger":"task.stdout"}
