{"timestamp":"2026-05-05T10:59:58.293480Z","level":"info","event":"DAG bundles loaded: dags-folder, example_dags","logger":"airflow.dag_processing.bundles.manager.DagBundlesManager","filename":"manager.py","lineno":209}
{"timestamp":"2026-05-05T10:59:58.295187Z","level":"info","event":"Filling up the DagBag from /opt/airflow/dags/print_interval_dag.py","logger":"airflow.dag_processing.dagbag.BundleDagBag","filename":"dagbag.py","lineno":469}
{"timestamp":"2026-05-05T10:59:58.319358Z","level":"warning","event":"The `airflow.operators.python.PythonOperator` attribute is deprecated. Please use `'airflow.providers.standard.operators.python.PythonOperator'`.","category":"UserWarning","filename":"/opt/airflow/dags/print_interval_dag.py","lineno":2,"logger":"py.warnings"}
{"timestamp":"2026-05-05T10:59:58.397779Z","level":"info","event":"Task instance is in running state","logger":"task.stdout"}
{"timestamp":"2026-05-05T10:59:58.400414Z","level":"info","event":" Previous state of the Task instance: TaskInstanceState.QUEUED","logger":"task.stdout"}
{"timestamp":"2026-05-05T10:59:58.408881Z","level":"info","event":"Current task name:print_interval","logger":"task.stdout"}
{"timestamp":"2026-05-05T10:59:58.409664Z","level":"info","event":"Dag name:print_interval_dag","logger":"task.stdout"}
{"timestamp":"2026-05-05T10:59:58.413985Z","level":"info","event":"Interval Start: 2026-05-04 15:00:00+00:00","logger":"task.stdout"}
{"timestamp":"2026-05-05T10:59:58.414694Z","level":"info","event":"Interval End:   2026-05-04 15:00:00+00:00","logger":"task.stdout"}
{"timestamp":"2026-05-05T10:59:58.414984Z","level":"info","event":"Done. Returned value was: None","logger":"airflow.task.operators.airflow.providers.standard.operators.python.PythonOperator","filename":"python.py","lineno":229}
{"timestamp":"2026-05-05T10:59:58.522547Z","level":"info","event":"Task instance in success state","logger":"task.stdout"}
{"timestamp":"2026-05-05T10:59:58.523813Z","level":"info","event":" Previous state of the Task instance: TaskInstanceState.RUNNING","logger":"task.stdout"}
{"timestamp":"2026-05-05T10:59:58.525477Z","level":"info","event":"Task operator:<Task(PythonOperator): print_interval>","logger":"task.stdout"}
{"timestamp":"2026-05-05T12:36:44.631542Z","level":"info","event":"DAG bundles loaded: dags-folder, example_dags","logger":"airflow.dag_processing.bundles.manager.DagBundlesManager","filename":"manager.py","lineno":209}
{"timestamp":"2026-05-05T12:36:44.633587Z","level":"info","event":"Filling up the DagBag from /opt/airflow/dags/print_interval_dag.py","logger":"airflow.dag_processing.dagbag.BundleDagBag","filename":"dagbag.py","lineno":469}
{"timestamp":"2026-05-05T12:36:44.698442Z","level":"info","event":"Task instance is in running state","logger":"task.stdout"}
{"timestamp":"2026-05-05T12:36:44.699962Z","level":"info","event":" Previous state of the Task instance: TaskInstanceState.QUEUED","logger":"task.stdout"}
{"timestamp":"2026-05-05T12:36:44.701048Z","level":"info","event":"Current task name:print_interval","logger":"task.stdout"}
{"timestamp":"2026-05-05T12:36:44.701781Z","level":"info","event":"Dag name:print_interval_dag","logger":"task.stdout"}
{"timestamp":"2026-05-05T12:36:44.703512Z","level":"info","event":"=== INTERVAL INFO ===","logger":"task.stdout"}
{"timestamp":"2026-05-05T12:36:44.704808Z","level":"info","event":"Interval Start:  2026-05-04 15:00:00+00:00","logger":"task.stdout"}
{"timestamp":"2026-05-05T12:36:44.705518Z","level":"info","event":"Interval End:    2026-05-04 15:00:00+00:00","logger":"task.stdout"}
{"timestamp":"2026-05-05T12:36:44.706143Z","level":"info","event":"Duration:        <Interval [2026-05-04 15:00:00+00:00 -> 2026-05-04 15:00:00+00:00]>","logger":"task.stdout"}
{"timestamp":"2026-05-05T12:36:44.706740Z","level":"info","event":"=== ALL AVAILABLE MACROS ===","logger":"task.stdout"}
{"timestamp":"2026-05-05T12:36:44.707858Z","level":"info","event":"dag: <DAG: print_interval_dag>","logger":"task.stdout"}
{"timestamp":"2026-05-05T12:36:44.708797Z","level":"info","event":"inlets: []","logger":"task.stdout"}
{"timestamp":"2026-05-05T12:36:44.709900Z","level":"info","event":"map_index_template: None","logger":"task.stdout"}
{"timestamp":"2026-05-05T12:36:44.713092Z","level":"info","event":"outlets: []","logger":"task.stdout"}
{"timestamp":"2026-05-05T12:36:44.714011Z","level":"info","event":"run_id: scheduled__2026-05-04T15:00:00+00:00","logger":"task.stdout"}
{"timestamp":"2026-05-05T12:36:44.714726Z","level":"info","event":"task: <Task(PythonOperator): print_interval>","logger":"task.stdout"}
{"timestamp":"2026-05-05T12:36:44.715371Z","level":"info","event":"task_instance: id=UUID('019df824-0438-752a-a418-e80bcf0d643f') task_id='print_interval' dag_id='print_interval_dag' run_id='scheduled__2026-05-04T15:00:00+00:00' try_number=1 dag_version_id=UUID('019df823-45c2-7d20-afca-e010bf7e0ba7') map_index=-1 hostname='86abe326db93' context_carrier={'traceparent': '00-46dd0ccba5430fafdf9145cc056075a8-3fb71ac0f92d3be7-01'} task=<Task(PythonOperator): print_interval> bundle_instance=LocalDagBundle(name=dags-folder) max_tries=0 start_date=datetime.datetime(2026, 5, 5, 12, 36, 43, 624983, tzinfo=datetime.timezone.utc) end_date=None state=<TaskInstanceState.RUNNING: 'running'> is_mapped=False rendered_map_index=None sentry_integration=''","logger":"task.stdout"}
{"timestamp":"2026-05-05T12:36:44.715999Z","level":"info","event":"ti: id=UUID('019df824-0438-752a-a418-e80bcf0d643f') task_id='print_interval' dag_id='print_interval_dag' run_id='scheduled__2026-05-04T15:00:00+00:00' try_number=1 dag_version_id=UUID('019df823-45c2-7d20-afca-e010bf7e0ba7') map_index=-1 hostname='86abe326db93' context_carrier={'traceparent': '00-46dd0ccba5430fafdf9145cc056075a8-3fb71ac0f92d3be7-01'} task=<Task(PythonOperator): print_interval> bundle_instance=LocalDagBundle(name=dags-folder) max_tries=0 start_date=datetime.datetime(2026, 5, 5, 12, 36, 43, 624983, tzinfo=datetime.timezone.utc) end_date=None state=<TaskInstanceState.RUNNING: 'running'> is_mapped=False rendered_map_index=None sentry_integration=''","logger":"task.stdout"}
{"timestamp":"2026-05-05T12:36:44.716553Z","level":"info","event":"outlet_events: OutletEventAccessors(_dict={})","logger":"task.stdout"}
{"timestamp":"2026-05-05T12:36:44.717730Z","level":"info","event":"inlet_events: InletEventsAccessors(_inlets=[], _assets={}, _asset_aliases={})","logger":"task.stdout"}
{"timestamp":"2026-05-05T12:36:44.718519Z","level":"info","event":"macros: <MacrosAccessor (dynamic access to macros)>","logger":"task.stdout"}
{"timestamp":"2026-05-05T12:36:44.719129Z","level":"info","event":"params: {}","logger":"task.stdout"}
{"timestamp":"2026-05-05T12:36:44.719616Z","level":"info","event":"var: {'json': <VariableAccessor (dynamic access)>, 'value': <VariableAccessor (dynamic access)>}","logger":"task.stdout"}
{"timestamp":"2026-05-05T12:36:44.720333Z","level":"info","event":"conn: <ConnectionAccessor (dynamic access)>","logger":"task.stdout"}
{"timestamp":"2026-05-05T12:36:44.721099Z","level":"info","event":"dag_run: dag_id='print_interval_dag' run_id='scheduled__2026-05-04T15:00:00+00:00' logical_date=datetime.datetime(2026, 5, 4, 15, 0, tzinfo=datetime.timezone.utc) data_interval_start=datetime.datetime(2026, 5, 4, 15, 0, tzinfo=datetime.timezone.utc) data_interval_end=datetime.datetime(2026, 5, 4, 15, 0, tzinfo=datetime.timezone.utc) run_after=datetime.datetime(2026, 5, 4, 15, 0, tzinfo=datetime.timezone.utc) start_date=datetime.datetime(2026, 5, 5, 12, 36, 43, 228061, tzinfo=datetime.timezone.utc) end_date=None clear_number=0 run_type=<DagRunType.SCHEDULED: 'scheduled'> state=<DagRunState.RUNNING: 'running'> conf={} triggering_user_name=None consumed_asset_events=[] partition_key=None note=None","logger":"task.stdout"}
{"timestamp":"2026-05-05T12:36:44.721826Z","level":"info","event":"triggering_asset_events: TriggeringAssetEventAccessor(_events=defaultdict(<class 'list'>, {}))","logger":"task.stdout"}
{"timestamp":"2026-05-05T12:36:44.722742Z","level":"info","event":"task_instance_key_str: print_interval_dag__print_interval__20260504","logger":"task.stdout"}
{"timestamp":"2026-05-05T12:36:44.723558Z","level":"info","event":"task_reschedule_count: 0","logger":"task.stdout"}
{"timestamp":"2026-05-05T12:36:44.756850Z","level":"info","event":"prev_start_date_success: 2026-05-05 12:36:42.208914+00:00","logger":"task.stdout"}
{"timestamp":"2026-05-05T12:36:44.758620Z","level":"info","event":"prev_end_date_success: 2026-05-05 12:36:44.334598+00:00","logger":"task.stdout"}
{"timestamp":"2026-05-05T12:36:44.759232Z","level":"info","event":"logical_date: 2026-05-04 15:00:00+00:00","logger":"task.stdout"}
{"timestamp":"2026-05-05T12:36:44.760072Z","level":"info","event":"ds: 2026-05-04","logger":"task.stdout"}
{"timestamp":"2026-05-05T12:36:44.760721Z","level":"info","event":"ds_nodash: 20260504","logger":"task.stdout"}
{"timestamp":"2026-05-05T12:36:44.761560Z","level":"info","event":"ts: 2026-05-04T15:00:00+00:00","logger":"task.stdout"}
{"timestamp":"2026-05-05T12:36:44.762397Z","level":"info","event":"ts_nodash: 20260504T150000","logger":"task.stdout"}
{"timestamp":"2026-05-05T12:36:44.763334Z","level":"info","event":"ts_nodash_with_tz: 20260504T150000+0000","logger":"task.stdout"}
{"timestamp":"2026-05-05T12:36:44.763789Z","level":"info","event":"data_interval_end: 2026-05-04 15:00:00+00:00","logger":"task.stdout"}
{"timestamp":"2026-05-05T12:36:44.764279Z","level":"info","event":"data_interval_start: 2026-05-04 15:00:00+00:00","logger":"task.stdout"}
{"timestamp":"2026-05-05T12:36:44.764989Z","level":"info","event":"prev_data_interval_start_success: 2026-05-04 09:00:00+00:00","logger":"task.stdout"}
{"timestamp":"2026-05-05T12:36:44.765485Z","level":"info","event":"prev_data_interval_end_success: 2026-05-04 09:00:00+00:00","logger":"task.stdout"}
{"timestamp":"2026-05-05T12:36:44.765975Z","level":"info","event":"templates_dict: None","logger":"task.stdout"}
{"timestamp":"2026-05-05T12:36:44.756607Z","level":"info","event":"Done. Returned value was: None","logger":"airflow.task.operators.airflow.providers.standard.operators.python.PythonOperator","filename":"python.py","lineno":229}
{"timestamp":"2026-05-05T12:36:44.873239Z","level":"info","event":"Task instance in success state","logger":"task.stdout"}
{"timestamp":"2026-05-05T12:36:44.873881Z","level":"info","event":" Previous state of the Task instance: TaskInstanceState.RUNNING","logger":"task.stdout"}
{"timestamp":"2026-05-05T12:36:44.881127Z","level":"info","event":"Task operator:<Task(PythonOperator): print_interval>","logger":"task.stdout"}
{"timestamp":"2026-05-05T13:23:57.217660Z","level":"info","event":"DAG bundles loaded: dags-folder, example_dags","logger":"airflow.dag_processing.bundles.manager.DagBundlesManager","filename":"manager.py","lineno":209}
{"timestamp":"2026-05-05T13:23:57.219542Z","level":"info","event":"Filling up the DagBag from /opt/airflow/dags/print_interval_dag.py","logger":"airflow.dag_processing.dagbag.BundleDagBag","filename":"dagbag.py","lineno":469}
{"timestamp":"2026-05-05T13:23:57.310339Z","level":"info","event":"Task instance is in running state","logger":"task.stdout"}
{"timestamp":"2026-05-05T13:23:57.311694Z","level":"info","event":" Previous state of the Task instance: TaskInstanceState.QUEUED","logger":"task.stdout"}
{"timestamp":"2026-05-05T13:23:57.312451Z","level":"info","event":"Current task name:print_interval","logger":"task.stdout"}
{"timestamp":"2026-05-05T13:23:57.312927Z","level":"info","event":"Dag name:print_interval_dag","logger":"task.stdout"}
{"timestamp":"2026-05-05T13:23:57.319831Z","level":"info","event":"=== INTERVAL INFO ===","logger":"task.stdout"}
{"timestamp":"2026-05-05T13:23:57.321062Z","level":"info","event":"Interval Start:  2026-05-04 15:00:00+00:00","logger":"task.stdout"}
{"timestamp":"2026-05-05T13:23:57.321634Z","level":"info","event":"Interval End:    2026-05-04 15:00:00+00:00","logger":"task.stdout"}
{"timestamp":"2026-05-05T13:23:57.323812Z","level":"info","event":"Duration:        0:00:00","logger":"task.stdout"}
{"timestamp":"2026-05-05T13:23:57.326219Z","level":"info","event":"=== ALL AVAILABLE MACROS ===","logger":"task.stdout"}
{"timestamp":"2026-05-05T13:23:57.326686Z","level":"info","event":"dag: <DAG: print_interval_dag>","logger":"task.stdout"}
{"timestamp":"2026-05-05T13:23:57.328092Z","level":"info","event":"inlets: []","logger":"task.stdout"}
{"timestamp":"2026-05-05T13:23:57.328651Z","level":"info","event":"map_index_template: None","logger":"task.stdout"}
{"timestamp":"2026-05-05T13:23:57.330289Z","level":"info","event":"outlets: []","logger":"task.stdout"}
{"timestamp":"2026-05-05T13:23:57.333108Z","level":"info","event":"run_id: scheduled__2026-05-04T15:00:00+00:00","logger":"task.stdout"}
{"timestamp":"2026-05-05T13:23:57.335178Z","level":"info","event":"task: <Task(PythonOperator): print_interval>","logger":"task.stdout"}
{"timestamp":"2026-05-05T13:23:57.336780Z","level":"info","event":"task_instance: id=UUID('019df84f-3c7e-7de5-b5ec-3e60b267f5cf') task_id='print_interval' dag_id='print_interval_dag' run_id='scheduled__2026-05-04T15:00:00+00:00' try_number=1 dag_version_id=UUID('019df84c-bf62-7f14-8fe7-d050202e4827') map_index=-1 hostname='86abe326db93' context_carrier={'traceparent': '00-a654734bbf03a377f85b2fcd725557f8-8291888ecd614e90-01'} task=<Task(PythonOperator): print_interval> bundle_instance=LocalDagBundle(name=dags-folder) max_tries=0 start_date=datetime.datetime(2026, 5, 5, 13, 23, 56, 14049, tzinfo=datetime.timezone.utc) end_date=None state=<TaskInstanceState.RUNNING: 'running'> is_mapped=False rendered_map_index=None sentry_integration=''","logger":"task.stdout"}
{"timestamp":"2026-05-05T13:23:57.337358Z","level":"info","event":"ti: id=UUID('019df84f-3c7e-7de5-b5ec-3e60b267f5cf') task_id='print_interval' dag_id='print_interval_dag' run_id='scheduled__2026-05-04T15:00:00+00:00' try_number=1 dag_version_id=UUID('019df84c-bf62-7f14-8fe7-d050202e4827') map_index=-1 hostname='86abe326db93' context_carrier={'traceparent': '00-a654734bbf03a377f85b2fcd725557f8-8291888ecd614e90-01'} task=<Task(PythonOperator): print_interval> bundle_instance=LocalDagBundle(name=dags-folder) max_tries=0 start_date=datetime.datetime(2026, 5, 5, 13, 23, 56, 14049, tzinfo=datetime.timezone.utc) end_date=None state=<TaskInstanceState.RUNNING: 'running'> is_mapped=False rendered_map_index=None sentry_integration=''","logger":"task.stdout"}
{"timestamp":"2026-05-05T13:23:57.337974Z","level":"info","event":"outlet_events: OutletEventAccessors(_dict={})","logger":"task.stdout"}
{"timestamp":"2026-05-05T13:23:57.338516Z","level":"info","event":"inlet_events: InletEventsAccessors(_inlets=[], _assets={}, _asset_aliases={})","logger":"task.stdout"}
{"timestamp":"2026-05-05T13:23:57.339096Z","level":"info","event":"macros: <MacrosAccessor (dynamic access to macros)>","logger":"task.stdout"}
{"timestamp":"2026-05-05T13:23:57.339612Z","level":"info","event":"params: {}","logger":"task.stdout"}
{"timestamp":"2026-05-05T13:23:57.342350Z","level":"info","event":"var: {'json': <VariableAccessor (dynamic access)>, 'value': <VariableAccessor (dynamic access)>}","logger":"task.stdout"}
{"timestamp":"2026-05-05T13:23:57.342881Z","level":"info","event":"conn: <ConnectionAccessor (dynamic access)>","logger":"task.stdout"}
{"timestamp":"2026-05-05T13:23:57.343387Z","level":"info","event":"dag_run: dag_id='print_interval_dag' run_id='scheduled__2026-05-04T15:00:00+00:00' logical_date=datetime.datetime(2026, 5, 4, 15, 0, tzinfo=datetime.timezone.utc) data_interval_start=datetime.datetime(2026, 5, 4, 15, 0, tzinfo=datetime.timezone.utc) data_interval_end=datetime.datetime(2026, 5, 4, 15, 0, tzinfo=datetime.timezone.utc) run_after=datetime.datetime(2026, 5, 4, 15, 0, tzinfo=datetime.timezone.utc) start_date=datetime.datetime(2026, 5, 5, 13, 23, 55, 667773, tzinfo=datetime.timezone.utc) end_date=None clear_number=0 run_type=<DagRunType.SCHEDULED: 'scheduled'> state=<DagRunState.RUNNING: 'running'> conf={} triggering_user_name=None consumed_asset_events=[] partition_key=None note=None","logger":"task.stdout"}
{"timestamp":"2026-05-05T13:23:57.344119Z","level":"info","event":"triggering_asset_events: TriggeringAssetEventAccessor(_events=defaultdict(<class 'list'>, {}))","logger":"task.stdout"}
{"timestamp":"2026-05-05T13:23:57.344544Z","level":"info","event":"task_instance_key_str: print_interval_dag__print_interval__20260504","logger":"task.stdout"}
{"timestamp":"2026-05-05T13:23:57.345468Z","level":"info","event":"task_reschedule_count: 0","logger":"task.stdout"}
{"timestamp":"2026-05-05T13:23:57.382736Z","level":"info","event":"prev_start_date_success: 2026-05-05 13:23:55.210009+00:00","logger":"task.stdout"}
{"timestamp":"2026-05-05T13:23:57.384306Z","level":"info","event":"prev_end_date_success: 2026-05-05 13:23:57.246166+00:00","logger":"task.stdout"}
{"timestamp":"2026-05-05T13:23:57.384944Z","level":"info","event":"logical_date: 2026-05-04 15:00:00+00:00","logger":"task.stdout"}
{"timestamp":"2026-05-05T13:23:57.385437Z","level":"info","event":"ds: 2026-05-04","logger":"task.stdout"}
{"timestamp":"2026-05-05T13:23:57.386832Z","level":"info","event":"ds_nodash: 20260504","logger":"task.stdout"}
{"timestamp":"2026-05-05T13:23:57.388034Z","level":"info","event":"ts: 2026-05-04T15:00:00+00:00","logger":"task.stdout"}
{"timestamp":"2026-05-05T13:23:57.388950Z","level":"info","event":"ts_nodash: 20260504T150000","logger":"task.stdout"}
{"timestamp":"2026-05-05T13:23:57.389465Z","level":"info","event":"ts_nodash_with_tz: 20260504T150000+0000","logger":"task.stdout"}
{"timestamp":"2026-05-05T13:23:57.390084Z","level":"info","event":"data_interval_end: 2026-05-04 15:00:00+00:00","logger":"task.stdout"}
{"timestamp":"2026-05-05T13:23:57.390556Z","level":"info","event":"data_interval_start: 2026-05-04 15:00:00+00:00","logger":"task.stdout"}
{"timestamp":"2026-05-05T13:23:57.394150Z","level":"info","event":"prev_data_interval_start_success: 2026-05-04 12:00:00+00:00","logger":"task.stdout"}
{"timestamp":"2026-05-05T13:23:57.394793Z","level":"info","event":"prev_data_interval_end_success: 2026-05-04 12:00:00+00:00","logger":"task.stdout"}
{"timestamp":"2026-05-05T13:23:57.395315Z","level":"info","event":"templates_dict: None","logger":"task.stdout"}
{"timestamp":"2026-05-05T13:23:57.381570Z","level":"info","event":"Done. Returned value was: None","logger":"airflow.task.operators.airflow.providers.standard.operators.python.PythonOperator","filename":"python.py","lineno":229}
{"timestamp":"2026-05-05T13:23:57.454846Z","level":"info","event":"Task instance in success state","logger":"task.stdout"}
{"timestamp":"2026-05-05T13:23:57.455696Z","level":"info","event":" Previous state of the Task instance: TaskInstanceState.RUNNING","logger":"task.stdout"}
{"timestamp":"2026-05-05T13:23:57.460073Z","level":"info","event":"Task operator:<Task(PythonOperator): print_interval>","logger":"task.stdout"}
{"timestamp":"2026-05-05T13:54:04.098565Z","level":"info","event":"DAG bundles loaded: dags-folder, example_dags","logger":"airflow.dag_processing.bundles.manager.DagBundlesManager","filename":"manager.py","lineno":209}
{"timestamp":"2026-05-05T13:54:04.100002Z","level":"info","event":"Filling up the DagBag from /opt/airflow/dags/print_interval_dag.py","logger":"airflow.dag_processing.dagbag.BundleDagBag","filename":"dagbag.py","lineno":469}
{"timestamp":"2026-05-05T13:54:04.185407Z","level":"info","event":"Task instance is in running state","logger":"task.stdout"}
{"timestamp":"2026-05-05T13:54:04.186272Z","level":"info","event":" Previous state of the Task instance: TaskInstanceState.QUEUED","logger":"task.stdout"}
{"timestamp":"2026-05-05T13:54:04.188405Z","level":"info","event":"Current task name:print_interval","logger":"task.stdout"}
{"timestamp":"2026-05-05T13:54:04.188824Z","level":"info","event":"Dag name:print_interval_dag","logger":"task.stdout"}
{"timestamp":"2026-05-05T13:54:04.189689Z","level":"info","event":"=== INTERVAL INFO ===","logger":"task.stdout"}
{"timestamp":"2026-05-05T13:54:04.190259Z","level":"info","event":"Interval Start:  2026-05-04 15:00:00+00:00","logger":"task.stdout"}
{"timestamp":"2026-05-05T13:54:04.190682Z","level":"info","event":"Interval End:    2026-05-04 18:00:00+00:00","logger":"task.stdout"}
{"timestamp":"2026-05-05T13:54:04.191548Z","level":"info","event":"Duration:        3:00:00","logger":"task.stdout"}
{"timestamp":"2026-05-05T13:54:04.192310Z","level":"info","event":"=== ALL AVAILABLE MACROS ===","logger":"task.stdout"}
{"timestamp":"2026-05-05T13:54:04.193306Z","level":"info","event":"dag: <DAG: print_interval_dag>","logger":"task.stdout"}
{"timestamp":"2026-05-05T13:54:04.193694Z","level":"info","event":"inlets: []","logger":"task.stdout"}
{"timestamp":"2026-05-05T13:54:04.194058Z","level":"info","event":"map_index_template: None","logger":"task.stdout"}
{"timestamp":"2026-05-05T13:54:04.194398Z","level":"info","event":"outlets: []","logger":"task.stdout"}
{"timestamp":"2026-05-05T13:54:04.195261Z","level":"info","event":"run_id: scheduled__2026-05-04T15:00:00+00:00","logger":"task.stdout"}
{"timestamp":"2026-05-05T13:54:04.195864Z","level":"info","event":"task: <Task(PythonOperator): print_interval>","logger":"task.stdout"}
{"timestamp":"2026-05-05T13:54:04.196510Z","level":"info","event":"task_instance: id=UUID('019df86a-d0ef-7785-be61-39f1faca3348') task_id='print_interval' dag_id='print_interval_dag' run_id='scheduled__2026-05-04T15:00:00+00:00' try_number=1 dag_version_id=UUID('019df868-e424-75da-84ee-f728e7b06374') map_index=-1 hostname='86abe326db93' context_carrier={'traceparent': '00-15a5b7b2c03839008365d897b26e9253-93ce557ee9d03919-01'} task=<Task(PythonOperator): print_interval> bundle_instance=LocalDagBundle(name=dags-folder) max_tries=0 start_date=datetime.datetime(2026, 5, 5, 13, 54, 3, 395624, tzinfo=datetime.timezone.utc) end_date=None state=<TaskInstanceState.RUNNING: 'running'> is_mapped=False rendered_map_index=None sentry_integration=''","logger":"task.stdout"}
{"timestamp":"2026-05-05T13:54:04.197127Z","level":"info","event":"ti: id=UUID('019df86a-d0ef-7785-be61-39f1faca3348') task_id='print_interval' dag_id='print_interval_dag' run_id='scheduled__2026-05-04T15:00:00+00:00' try_number=1 dag_version_id=UUID('019df868-e424-75da-84ee-f728e7b06374') map_index=-1 hostname='86abe326db93' context_carrier={'traceparent': '00-15a5b7b2c03839008365d897b26e9253-93ce557ee9d03919-01'} task=<Task(PythonOperator): print_interval> bundle_instance=LocalDagBundle(name=dags-folder) max_tries=0 start_date=datetime.datetime(2026, 5, 5, 13, 54, 3, 395624, tzinfo=datetime.timezone.utc) end_date=None state=<TaskInstanceState.RUNNING: 'running'> is_mapped=False rendered_map_index=None sentry_integration=''","logger":"task.stdout"}
{"timestamp":"2026-05-05T13:54:04.197678Z","level":"info","event":"outlet_events: OutletEventAccessors(_dict={})","logger":"task.stdout"}
{"timestamp":"2026-05-05T13:54:04.198354Z","level":"info","event":"inlet_events: InletEventsAccessors(_inlets=[], _assets={}, _asset_aliases={})","logger":"task.stdout"}
{"timestamp":"2026-05-05T13:54:04.198967Z","level":"info","event":"macros: <MacrosAccessor (dynamic access to macros)>","logger":"task.stdout"}
{"timestamp":"2026-05-05T13:54:04.199529Z","level":"info","event":"params: {}","logger":"task.stdout"}
{"timestamp":"2026-05-05T13:54:04.200054Z","level":"info","event":"var: {'json': <VariableAccessor (dynamic access)>, 'value': <VariableAccessor (dynamic access)>}","logger":"task.stdout"}
{"timestamp":"2026-05-05T13:54:04.200588Z","level":"info","event":"conn: <ConnectionAccessor (dynamic access)>","logger":"task.stdout"}
{"timestamp":"2026-05-05T13:54:04.201071Z","level":"info","event":"dag_run: dag_id='print_interval_dag' run_id='scheduled__2026-05-04T15:00:00+00:00' logical_date=datetime.datetime(2026, 5, 4, 15, 0, tzinfo=datetime.timezone.utc) data_interval_start=datetime.datetime(2026, 5, 4, 15, 0, tzinfo=datetime.timezone.utc) data_interval_end=datetime.datetime(2026, 5, 4, 15, 0, tzinfo=datetime.timezone.utc) run_after=datetime.datetime(2026, 5, 4, 15, 0, tzinfo=datetime.timezone.utc) start_date=datetime.datetime(2026, 5, 5, 13, 54, 3, 140222, tzinfo=datetime.timezone.utc) end_date=None clear_number=0 run_type=<DagRunType.SCHEDULED: 'scheduled'> state=<DagRunState.RUNNING: 'running'> conf={} triggering_user_name=None consumed_asset_events=[] partition_key=None note=None","logger":"task.stdout"}
{"timestamp":"2026-05-05T13:54:04.201723Z","level":"info","event":"triggering_asset_events: TriggeringAssetEventAccessor(_events=defaultdict(<class 'list'>, {}))","logger":"task.stdout"}
{"timestamp":"2026-05-05T13:54:04.202426Z","level":"info","event":"task_instance_key_str: print_interval_dag__print_interval__20260504","logger":"task.stdout"}
{"timestamp":"2026-05-05T13:54:04.202845Z","level":"info","event":"task_reschedule_count: 0","logger":"task.stdout"}
{"timestamp":"2026-05-05T13:54:04.221569Z","level":"info","event":"prev_start_date_success: 2026-05-05 13:54:02.410654+00:00","logger":"task.stdout"}
{"timestamp":"2026-05-05T13:54:04.222493Z","level":"info","event":"prev_end_date_success: 2026-05-05 13:54:03.901227+00:00","logger":"task.stdout"}
{"timestamp":"2026-05-05T13:54:04.223056Z","level":"info","event":"logical_date: 2026-05-04 15:00:00+00:00","logger":"task.stdout"}
{"timestamp":"2026-05-05T13:54:04.223502Z","level":"info","event":"ds: 2026-05-04","logger":"task.stdout"}
{"timestamp":"2026-05-05T13:54:04.224011Z","level":"info","event":"ds_nodash: 20260504","logger":"task.stdout"}
{"timestamp":"2026-05-05T13:54:04.224326Z","level":"info","event":"ts: 2026-05-04T15:00:00+00:00","logger":"task.stdout"}
{"timestamp":"2026-05-05T13:54:04.224627Z","level":"info","event":"ts_nodash: 20260504T150000","logger":"task.stdout"}
{"timestamp":"2026-05-05T13:54:04.225152Z","level":"info","event":"ts_nodash_with_tz: 20260504T150000+0000","logger":"task.stdout"}
{"timestamp":"2026-05-05T13:54:04.225686Z","level":"info","event":"data_interval_end: 2026-05-04 15:00:00+00:00","logger":"task.stdout"}
{"timestamp":"2026-05-05T13:54:04.226109Z","level":"info","event":"data_interval_start: 2026-05-04 15:00:00+00:00","logger":"task.stdout"}
{"timestamp":"2026-05-05T13:54:04.226644Z","level":"info","event":"prev_data_interval_start_success: 2026-05-04 09:00:00+00:00","logger":"task.stdout"}
{"timestamp":"2026-05-05T13:54:04.227129Z","level":"info","event":"prev_data_interval_end_success: 2026-05-04 09:00:00+00:00","logger":"task.stdout"}
{"timestamp":"2026-05-05T13:54:04.227764Z","level":"info","event":"templates_dict: None","logger":"task.stdout"}
{"timestamp":"2026-05-05T13:54:04.221619Z","level":"info","event":"Done. Returned value was: None","logger":"airflow.task.operators.airflow.providers.standard.operators.python.PythonOperator","filename":"python.py","lineno":229}
{"timestamp":"2026-05-05T13:54:04.267674Z","level":"info","event":"Task instance in success state","logger":"task.stdout"}
{"timestamp":"2026-05-05T13:54:04.268393Z","level":"info","event":" Previous state of the Task instance: TaskInstanceState.RUNNING","logger":"task.stdout"}
{"timestamp":"2026-05-05T13:54:04.269225Z","level":"info","event":"Task operator:<Task(PythonOperator): print_interval>","logger":"task.stdout"}
{"timestamp":"2026-05-06T14:47:25.103618Z","level":"info","event":"DAG bundles loaded: dags-folder, example_dags","logger":"airflow.dag_processing.bundles.manager.DagBundlesManager","filename":"manager.py","lineno":209}
{"timestamp":"2026-05-06T14:47:25.104703Z","level":"info","event":"Filling up the DagBag from /opt/airflow/dags/print_interval_dag.py","logger":"airflow.dag_processing.dagbag.BundleDagBag","filename":"dagbag.py","lineno":469}
{"timestamp":"2026-05-06T14:47:25.268558Z","level":"info","event":"Task instance is in running state","logger":"task.stdout"}
{"timestamp":"2026-05-06T14:47:25.273520Z","level":"info","event":" Previous state of the Task instance: TaskInstanceState.QUEUED","logger":"task.stdout"}
{"timestamp":"2026-05-06T14:47:25.274174Z","level":"info","event":"Current task name:print_interval","logger":"task.stdout"}
{"timestamp":"2026-05-06T14:47:25.275832Z","level":"info","event":"Dag name:print_interval_dag","logger":"task.stdout"}
{"timestamp":"2026-05-06T14:47:25.283777Z","level":"info","event":"=== INTERVAL INFO ===","logger":"task.stdout"}
{"timestamp":"2026-05-06T14:47:25.284265Z","level":"info","event":"Interval Start:  2026-05-04 15:00:00+00:00","logger":"task.stdout"}
{"timestamp":"2026-05-06T14:47:25.286734Z","level":"info","event":"Interval End:    2026-05-04 15:00:00+00:00","logger":"task.stdout"}
{"timestamp":"2026-05-06T14:47:25.295796Z","level":"info","event":"Duration:        0:00:00","logger":"task.stdout"}
{"timestamp":"2026-05-06T14:47:25.298638Z","level":"info","event":"=== ALL AVAILABLE MACROS ===","logger":"task.stdout"}
{"timestamp":"2026-05-06T14:47:25.299634Z","level":"info","event":"dag: <DAG: print_interval_dag>","logger":"task.stdout"}
{"timestamp":"2026-05-06T14:47:25.300050Z","level":"info","event":"inlets: []","logger":"task.stdout"}
{"timestamp":"2026-05-06T14:47:25.301492Z","level":"info","event":"map_index_template: None","logger":"task.stdout"}
{"timestamp":"2026-05-06T14:47:25.302123Z","level":"info","event":"outlets: []","logger":"task.stdout"}
{"timestamp":"2026-05-06T14:47:25.302633Z","level":"info","event":"run_id: scheduled__2026-05-04T15:00:00+00:00","logger":"task.stdout"}
{"timestamp":"2026-05-06T14:47:25.314557Z","level":"info","event":"task: <Task(PythonOperator): print_interval>","logger":"task.stdout"}
{"timestamp":"2026-05-06T14:47:25.315233Z","level":"info","event":"task_instance: id=UUID('019dfdc1-ff2b-7cfc-bcef-60b346bb8f39') task_id='print_interval' dag_id='print_interval_dag' run_id='scheduled__2026-05-04T15:00:00+00:00' try_number=1 dag_version_id=UUID('019dfdc0-ac2b-7973-9b93-eab8e640e2bd') map_index=-1 hostname='86abe326db93' context_carrier={'traceparent': '00-ff27b3c3b2afe5fad5f1c5ec18f8727f-d750fdb5d56ad0f7-01'} task=<Task(PythonOperator): print_interval> bundle_instance=LocalDagBundle(name=dags-folder) max_tries=0 start_date=datetime.datetime(2026, 5, 6, 14, 47, 23, 204672, tzinfo=datetime.timezone.utc) end_date=None state=<TaskInstanceState.RUNNING: 'running'> is_mapped=False rendered_map_index=None sentry_integration=''","logger":"task.stdout"}
{"timestamp":"2026-05-06T14:47:25.316065Z","level":"info","event":"ti: id=UUID('019dfdc1-ff2b-7cfc-bcef-60b346bb8f39') task_id='print_interval' dag_id='print_interval_dag' run_id='scheduled__2026-05-04T15:00:00+00:00' try_number=1 dag_version_id=UUID('019dfdc0-ac2b-7973-9b93-eab8e640e2bd') map_index=-1 hostname='86abe326db93' context_carrier={'traceparent': '00-ff27b3c3b2afe5fad5f1c5ec18f8727f-d750fdb5d56ad0f7-01'} task=<Task(PythonOperator): print_interval> bundle_instance=LocalDagBundle(name=dags-folder) max_tries=0 start_date=datetime.datetime(2026, 5, 6, 14, 47, 23, 204672, tzinfo=datetime.timezone.utc) end_date=None state=<TaskInstanceState.RUNNING: 'running'> is_mapped=False rendered_map_index=None sentry_integration=''","logger":"task.stdout"}
{"timestamp":"2026-05-06T14:47:25.317069Z","level":"info","event":"outlet_events: OutletEventAccessors(_dict={})","logger":"task.stdout"}
{"timestamp":"2026-05-06T14:47:25.320634Z","level":"info","event":"inlet_events: InletEventsAccessors(_inlets=[], _assets={}, _asset_aliases={})","logger":"task.stdout"}
{"timestamp":"2026-05-06T14:47:25.322303Z","level":"info","event":"macros: <MacrosAccessor (dynamic access to macros)>","logger":"task.stdout"}
{"timestamp":"2026-05-06T14:47:25.323370Z","level":"info","event":"params: {}","logger":"task.stdout"}
{"timestamp":"2026-05-06T14:47:25.324834Z","level":"info","event":"var: {'json': <VariableAccessor (dynamic access)>, 'value': <VariableAccessor (dynamic access)>}","logger":"task.stdout"}
{"timestamp":"2026-05-06T14:47:25.332757Z","level":"info","event":"conn: <ConnectionAccessor (dynamic access)>","logger":"task.stdout"}
{"timestamp":"2026-05-06T14:47:25.351367Z","level":"info","event":"dag_run: dag_id='print_interval_dag' run_id='scheduled__2026-05-04T15:00:00+00:00' logical_date=datetime.datetime(2026, 5, 4, 15, 0, tzinfo=datetime.timezone.utc) data_interval_start=datetime.datetime(2026, 5, 4, 15, 0, tzinfo=datetime.timezone.utc) data_interval_end=datetime.datetime(2026, 5, 4, 15, 0, tzinfo=datetime.timezone.utc) run_after=datetime.datetime(2026, 5, 4, 15, 0, tzinfo=datetime.timezone.utc) start_date=datetime.datetime(2026, 5, 6, 14, 47, 22, 697596, tzinfo=datetime.timezone.utc) end_date=None clear_number=0 run_type=<DagRunType.SCHEDULED: 'scheduled'> state=<DagRunState.RUNNING: 'running'> conf={} triggering_user_name=None consumed_asset_events=[] partition_key=None note=None","logger":"task.stdout"}
{"timestamp":"2026-05-06T14:47:25.356891Z","level":"info","event":"triggering_asset_events: TriggeringAssetEventAccessor(_events=defaultdict(<class 'list'>, {}))","logger":"task.stdout"}
{"timestamp":"2026-05-06T14:47:25.358134Z","level":"info","event":"task_instance_key_str: print_interval_dag__print_interval__20260504","logger":"task.stdout"}
{"timestamp":"2026-05-06T14:47:25.361678Z","level":"info","event":"task_reschedule_count: 0","logger":"task.stdout"}
{"timestamp":"2026-05-06T14:47:25.486707Z","level":"info","event":"prev_start_date_success: 2026-05-06 14:47:22.192956+00:00","logger":"task.stdout"}
{"timestamp":"2026-05-06T14:47:25.498609Z","level":"info","event":"prev_end_date_success: 2026-05-06 14:47:24.837011+00:00","logger":"task.stdout"}
{"timestamp":"2026-05-06T14:47:25.499508Z","level":"info","event":"logical_date: 2026-05-04 15:00:00+00:00","logger":"task.stdout"}
{"timestamp":"2026-05-06T14:47:25.500587Z","level":"info","event":"ds: 2026-05-04","logger":"task.stdout"}
{"timestamp":"2026-05-06T14:47:25.501781Z","level":"info","event":"ds_nodash: 20260504","logger":"task.stdout"}
{"timestamp":"2026-05-06T14:47:25.502290Z","level":"info","event":"ts: 2026-05-04T15:00:00+00:00","logger":"task.stdout"}
{"timestamp":"2026-05-06T14:47:25.503863Z","level":"info","event":"ts_nodash: 20260504T150000","logger":"task.stdout"}
{"timestamp":"2026-05-06T14:47:25.505028Z","level":"info","event":"ts_nodash_with_tz: 20260504T150000+0000","logger":"task.stdout"}
{"timestamp":"2026-05-06T14:47:25.510402Z","level":"info","event":"data_interval_end: 2026-05-04 15:00:00+00:00","logger":"task.stdout"}
{"timestamp":"2026-05-06T14:47:25.511795Z","level":"info","event":"data_interval_start: 2026-05-04 15:00:00+00:00","logger":"task.stdout"}
{"timestamp":"2026-05-06T14:47:25.514743Z","level":"info","event":"prev_data_interval_start_success: 2026-05-04 12:00:00+00:00","logger":"task.stdout"}
{"timestamp":"2026-05-06T14:47:25.515457Z","level":"info","event":"prev_data_interval_end_success: 2026-05-04 12:00:00+00:00","logger":"task.stdout"}
{"timestamp":"2026-05-06T14:47:25.516093Z","level":"info","event":"templates_dict: None","logger":"task.stdout"}
{"timestamp":"2026-05-06T14:47:25.461559Z","level":"info","event":"Done. Returned value was: None","logger":"airflow.task.operators.airflow.providers.standard.operators.python.PythonOperator","filename":"python.py","lineno":229}
{"timestamp":"2026-05-06T14:47:25.607519Z","level":"info","event":"Task instance in success state","logger":"task.stdout"}
{"timestamp":"2026-05-06T14:47:25.610146Z","level":"info","event":" Previous state of the Task instance: TaskInstanceState.RUNNING","logger":"task.stdout"}
{"timestamp":"2026-05-06T14:47:25.617571Z","level":"info","event":"Task operator:<Task(PythonOperator): print_interval>","logger":"task.stdout"}
{"timestamp":"2026-05-06T14:50:43.216959Z","level":"info","event":"DAG bundles loaded: dags-folder, example_dags","logger":"airflow.dag_processing.bundles.manager.DagBundlesManager","filename":"manager.py","lineno":209}
{"timestamp":"2026-05-06T14:50:43.220791Z","level":"info","event":"Filling up the DagBag from /opt/airflow/dags/print_interval_dag.py","logger":"airflow.dag_processing.dagbag.BundleDagBag","filename":"dagbag.py","lineno":469}
{"timestamp":"2026-05-06T14:50:43.333075Z","level":"info","event":"Task instance is in running state","logger":"task.stdout"}
{"timestamp":"2026-05-06T14:50:43.335180Z","level":"info","event":" Previous state of the Task instance: TaskInstanceState.QUEUED","logger":"task.stdout"}
{"timestamp":"2026-05-06T14:50:43.336183Z","level":"info","event":"Current task name:print_interval","logger":"task.stdout"}
{"timestamp":"2026-05-06T14:50:43.336723Z","level":"info","event":"Dag name:print_interval_dag","logger":"task.stdout"}
{"timestamp":"2026-05-06T14:50:43.341051Z","level":"error","event":"Task failed with exception","logger":"task","filename":"task_runner.py","lineno":1347,"error_detail":[{"exc_type":"AttributeError","exc_value":"'DAG' object has no attribute 'schedule_interval'","exc_notes":[],"syntax_error":null,"is_cause":false,"frames":[{"filename":"/home/airflow/.local/lib/python3.13/site-packages/airflow/sdk/execution_time/task_runner.py","lineno":1263,"name":"run"},{"filename":"/home/airflow/.local/lib/python3.13/site-packages/airflow/sdk/execution_time/task_runner.py","lineno":1678,"name":"_execute_task"},{"filename":"/home/airflow/.local/lib/python3.13/site-packages/airflow/sdk/bases/operator.py","lineno":443,"name":"wrapper"},{"filename":"/home/airflow/.local/lib/python3.13/site-packages/airflow/providers/standard/operators/python.py","lineno":227,"name":"execute"},{"filename":"/home/airflow/.local/lib/python3.13/site-packages/airflow/providers/standard/operators/python.py","lineno":250,"name":"execute_callable"},{"filename":"/home/airflow/.local/lib/python3.13/site-packages/airflow/sdk/execution_time/callback_runner.py","lineno":97,"name":"run"},{"filename":"/opt/airflow/dags/print_interval_dag.py","lineno":11,"name":"print_interval"}],"is_group":false,"exceptions":[]}]}
{"timestamp":"2026-05-06T14:50:43.347630Z","level":"info","event":"Task instance in failure state","logger":"task.stdout"}
{"timestamp":"2026-05-06T14:50:43.349369Z","level":"info","event":"Task start","logger":"task.stdout"}
{"timestamp":"2026-05-06T14:50:43.350834Z","level":"info","event":"Task:<Task(PythonOperator): print_interval>","logger":"task.stdout"}
{"timestamp":"2026-05-06T14:50:43.351392Z","level":"info","event":"Failure caused by 'DAG' object has no attribute 'schedule_interval'","logger":"task.stdout"}
{"timestamp":"2026-05-06T14:53:25.470829Z","level":"info","event":"DAG bundles loaded: dags-folder, example_dags","logger":"airflow.dag_processing.bundles.manager.DagBundlesManager","filename":"manager.py","lineno":209}
{"timestamp":"2026-05-06T14:53:25.473156Z","level":"info","event":"Filling up the DagBag from /opt/airflow/dags/print_interval_dag.py","logger":"airflow.dag_processing.dagbag.BundleDagBag","filename":"dagbag.py","lineno":469}
{"timestamp":"2026-05-06T14:53:25.585897Z","level":"info","event":"Task instance is in running state","logger":"task.stdout"}
{"timestamp":"2026-05-06T14:53:25.597661Z","level":"info","event":" Previous state of the Task instance: TaskInstanceState.QUEUED","logger":"task.stdout"}
{"timestamp":"2026-05-06T14:53:25.599178Z","level":"info","event":"Current task name:print_interval","logger":"task.stdout"}
{"timestamp":"2026-05-06T14:53:25.600230Z","level":"info","event":"Dag name:print_interval_dag","logger":"task.stdout"}
{"timestamp":"2026-05-06T14:53:25.601074Z","level":"info","event":"=== INTERVAL INFO ===","logger":"task.stdout"}
{"timestamp":"2026-05-06T14:53:25.601571Z","level":"info","event":"Interval Start:  2026-05-04 15:00:00+00:00","logger":"task.stdout"}
{"timestamp":"2026-05-06T14:53:25.602017Z","level":"info","event":"Interval End:    2026-05-04 18:00:00+00:00","logger":"task.stdout"}
{"timestamp":"2026-05-06T14:53:25.602487Z","level":"info","event":"Duration:        3:00:00","logger":"task.stdout"}
{"timestamp":"2026-05-06T14:53:25.593026Z","level":"info","event":"Done. Returned value was: None","logger":"airflow.task.operators.airflow.providers.standard.operators.python.PythonOperator","filename":"python.py","lineno":229}
{"timestamp":"2026-05-06T14:53:25.713511Z","level":"info","event":"Task instance in success state","logger":"task.stdout"}
{"timestamp":"2026-05-06T14:53:25.715564Z","level":"info","event":" Previous state of the Task instance: TaskInstanceState.RUNNING","logger":"task.stdout"}
{"timestamp":"2026-05-06T14:53:25.716621Z","level":"info","event":"Task operator:<Task(PythonOperator): print_interval>","logger":"task.stdout"}
