{"timestamp":"2026-05-05T10:29:56.330087Z","level":"info","event":"DAG bundles loaded: dags-folder, example_dags","logger":"airflow.dag_processing.bundles.manager.DagBundlesManager","filename":"manager.py","lineno":209}
{"timestamp":"2026-05-05T10:29:56.331722Z","level":"info","event":"Filling up the DagBag from /opt/airflow/dags/print_interval_dag.py","logger":"airflow.dag_processing.dagbag.BundleDagBag","filename":"dagbag.py","lineno":469}
{"timestamp":"2026-05-05T10:29:56.339875Z","level":"warning","event":"The `airflow.operators.python.PythonOperator` attribute is deprecated. Please use `'airflow.providers.standard.operators.python.PythonOperator'`.","category":"UserWarning","filename":"/opt/airflow/dags/print_interval_dag.py","lineno":2,"logger":"py.warnings"}
{"timestamp":"2026-05-05T10:29:56.395678Z","level":"info","event":"Task instance is in running state","logger":"task.stdout"}
{"timestamp":"2026-05-05T10:29:56.427231Z","level":"info","event":" Previous state of the Task instance: TaskInstanceState.QUEUED","logger":"task.stdout"}
{"timestamp":"2026-05-05T10:29:56.428225Z","level":"info","event":"Current task name:print_interval","logger":"task.stdout"}
{"timestamp":"2026-05-05T10:29:56.437596Z","level":"info","event":"Dag name:print_interval_dag","logger":"task.stdout"}
{"timestamp":"2026-05-05T10:29:56.438461Z","level":"info","event":"Interval Start: 2025-05-10 21:00:00+00:00","logger":"task.stdout"}
{"timestamp":"2026-05-05T10:29:56.439033Z","level":"info","event":"Interval End:   2025-05-10 21:00:00+00:00","logger":"task.stdout"}
{"timestamp":"2026-05-05T10:29:56.426327Z","level":"info","event":"Done. Returned value was: None","logger":"airflow.task.operators.airflow.providers.standard.operators.python.PythonOperator","filename":"python.py","lineno":229}
{"timestamp":"2026-05-05T10:29:56.524683Z","level":"info","event":"Task instance in success state","logger":"task.stdout"}
{"timestamp":"2026-05-05T10:29:56.525322Z","level":"info","event":" Previous state of the Task instance: TaskInstanceState.RUNNING","logger":"task.stdout"}
{"timestamp":"2026-05-05T10:29:56.526014Z","level":"info","event":"Task operator:<Task(PythonOperator): print_interval>","logger":"task.stdout"}
{"timestamp":"2026-05-05T12:25:44.924501Z","level":"info","event":"DAG bundles loaded: dags-folder, example_dags","logger":"airflow.dag_processing.bundles.manager.DagBundlesManager","filename":"manager.py","lineno":209}
{"timestamp":"2026-05-05T12:25:44.926425Z","level":"info","event":"Filling up the DagBag from /opt/airflow/dags/print_interval_dag.py","logger":"airflow.dag_processing.dagbag.BundleDagBag","filename":"dagbag.py","lineno":469}
{"timestamp":"2026-05-05T12:25:45.032962Z","level":"info","event":"Task instance is in running state","logger":"task.stdout"}
{"timestamp":"2026-05-05T12:25:45.036843Z","level":"info","event":" Previous state of the Task instance: TaskInstanceState.QUEUED","logger":"task.stdout"}
{"timestamp":"2026-05-05T12:25:45.038534Z","level":"info","event":"Current task name:print_interval","logger":"task.stdout"}
{"timestamp":"2026-05-05T12:25:45.039655Z","level":"info","event":"Dag name:print_interval_dag","logger":"task.stdout"}
{"timestamp":"2026-05-05T12:25:45.040233Z","level":"info","event":"=== ALL AVAILABLE MACROS ===","logger":"task.stdout"}
{"timestamp":"2026-05-05T12:25:45.040878Z","level":"info","event":"dag: <DAG: print_interval_dag>","logger":"task.stdout"}
{"timestamp":"2026-05-05T12:25:45.041841Z","level":"info","event":"inlets: []","logger":"task.stdout"}
{"timestamp":"2026-05-05T12:25:45.042354Z","level":"info","event":"map_index_template: None","logger":"task.stdout"}
{"timestamp":"2026-05-05T12:25:45.043688Z","level":"info","event":"outlets: []","logger":"task.stdout"}
{"timestamp":"2026-05-05T12:25:45.044232Z","level":"info","event":"run_id: scheduled__2025-05-10T21:00:00+00:00","logger":"task.stdout"}
{"timestamp":"2026-05-05T12:25:45.045038Z","level":"info","event":"task: <Task(PythonOperator): print_interval>","logger":"task.stdout"}
{"timestamp":"2026-05-05T12:25:45.045576Z","level":"info","event":"task_instance: id=UUID('019df819-f36f-7738-8f80-b714d77cba6b') task_id='print_interval' dag_id='print_interval_dag' run_id='scheduled__2025-05-10T21:00:00+00:00' try_number=1 dag_version_id=UUID('019df815-a045-750b-bac8-47ced7cc6a45') map_index=-1 hostname='86abe326db93' context_carrier={'traceparent': '00-0cd75302b8e4629ca11bfbb11db306b6-6648f25b63a0ff12-01'} task=<Task(PythonOperator): print_interval> bundle_instance=LocalDagBundle(name=dags-folder) max_tries=0 start_date=datetime.datetime(2026, 5, 5, 12, 25, 43, 897960, tzinfo=datetime.timezone.utc) end_date=None state=<TaskInstanceState.RUNNING: 'running'> is_mapped=False rendered_map_index=None sentry_integration=''","logger":"task.stdout"}
{"timestamp":"2026-05-05T12:25:45.047319Z","level":"info","event":"ti: id=UUID('019df819-f36f-7738-8f80-b714d77cba6b') task_id='print_interval' dag_id='print_interval_dag' run_id='scheduled__2025-05-10T21:00:00+00:00' try_number=1 dag_version_id=UUID('019df815-a045-750b-bac8-47ced7cc6a45') map_index=-1 hostname='86abe326db93' context_carrier={'traceparent': '00-0cd75302b8e4629ca11bfbb11db306b6-6648f25b63a0ff12-01'} task=<Task(PythonOperator): print_interval> bundle_instance=LocalDagBundle(name=dags-folder) max_tries=0 start_date=datetime.datetime(2026, 5, 5, 12, 25, 43, 897960, tzinfo=datetime.timezone.utc) end_date=None state=<TaskInstanceState.RUNNING: 'running'> is_mapped=False rendered_map_index=None sentry_integration=''","logger":"task.stdout"}
{"timestamp":"2026-05-05T12:25:45.048675Z","level":"info","event":"outlet_events: OutletEventAccessors(_dict={})","logger":"task.stdout"}
{"timestamp":"2026-05-05T12:25:45.050901Z","level":"info","event":"inlet_events: InletEventsAccessors(_inlets=[], _assets={}, _asset_aliases={})","logger":"task.stdout"}
{"timestamp":"2026-05-05T12:25:45.054703Z","level":"info","event":"macros: <MacrosAccessor (dynamic access to macros)>","logger":"task.stdout"}
{"timestamp":"2026-05-05T12:25:45.055667Z","level":"info","event":"params: {}","logger":"task.stdout"}
{"timestamp":"2026-05-05T12:25:45.057771Z","level":"info","event":"var: {'json': <VariableAccessor (dynamic access)>, 'value': <VariableAccessor (dynamic access)>}","logger":"task.stdout"}
{"timestamp":"2026-05-05T12:25:45.058667Z","level":"info","event":"conn: <ConnectionAccessor (dynamic access)>","logger":"task.stdout"}
{"timestamp":"2026-05-05T12:25:45.059201Z","level":"info","event":"dag_run: dag_id='print_interval_dag' run_id='scheduled__2025-05-10T21:00:00+00:00' logical_date=datetime.datetime(2025, 5, 10, 21, 0, tzinfo=datetime.timezone.utc) data_interval_start=datetime.datetime(2025, 5, 10, 21, 0, tzinfo=datetime.timezone.utc) data_interval_end=datetime.datetime(2025, 5, 10, 21, 0, tzinfo=datetime.timezone.utc) run_after=datetime.datetime(2025, 5, 10, 21, 0, tzinfo=datetime.timezone.utc) start_date=datetime.datetime(2026, 5, 5, 12, 25, 43, 565176, tzinfo=datetime.timezone.utc) end_date=None clear_number=0 run_type=<DagRunType.SCHEDULED: 'scheduled'> state=<DagRunState.RUNNING: 'running'> conf={} triggering_user_name=None consumed_asset_events=[] partition_key=None note=None","logger":"task.stdout"}
{"timestamp":"2026-05-05T12:25:45.060299Z","level":"info","event":"triggering_asset_events: TriggeringAssetEventAccessor(_events=defaultdict(<class 'list'>, {}))","logger":"task.stdout"}
{"timestamp":"2026-05-05T12:25:45.060904Z","level":"info","event":"task_instance_key_str: print_interval_dag__print_interval__20250510","logger":"task.stdout"}
{"timestamp":"2026-05-05T12:25:45.061395Z","level":"info","event":"task_reschedule_count: 0","logger":"task.stdout"}
{"timestamp":"2026-05-05T12:25:45.097810Z","level":"info","event":"prev_start_date_success: 2026-05-05 12:25:42.848108+00:00","logger":"task.stdout"}
{"timestamp":"2026-05-05T12:25:45.098269Z","level":"info","event":"prev_end_date_success: 2026-05-05 12:25:44.514374+00:00","logger":"task.stdout"}
{"timestamp":"2026-05-05T12:25:45.098902Z","level":"info","event":"logical_date: 2025-05-10 21:00:00+00:00","logger":"task.stdout"}
{"timestamp":"2026-05-05T12:25:45.100661Z","level":"info","event":"ds: 2025-05-10","logger":"task.stdout"}
{"timestamp":"2026-05-05T12:25:45.101243Z","level":"info","event":"ds_nodash: 20250510","logger":"task.stdout"}
{"timestamp":"2026-05-05T12:25:45.101790Z","level":"info","event":"ts: 2025-05-10T21:00:00+00:00","logger":"task.stdout"}
{"timestamp":"2026-05-05T12:25:45.102150Z","level":"info","event":"ts_nodash: 20250510T210000","logger":"task.stdout"}
{"timestamp":"2026-05-05T12:25:45.105857Z","level":"info","event":"ts_nodash_with_tz: 20250510T210000+0000","logger":"task.stdout"}
{"timestamp":"2026-05-05T12:25:45.106875Z","level":"info","event":"data_interval_end: 2025-05-10 21:00:00+00:00","logger":"task.stdout"}
{"timestamp":"2026-05-05T12:25:45.107602Z","level":"info","event":"data_interval_start: 2025-05-10 21:00:00+00:00","logger":"task.stdout"}
{"timestamp":"2026-05-05T12:25:45.108464Z","level":"info","event":"prev_data_interval_start_success: 2025-05-10 15:00:00+00:00","logger":"task.stdout"}
{"timestamp":"2026-05-05T12:25:45.109299Z","level":"info","event":"prev_data_interval_end_success: 2025-05-10 15:00:00+00:00","logger":"task.stdout"}
{"timestamp":"2026-05-05T12:25:45.111722Z","level":"info","event":"templates_dict: None","logger":"task.stdout"}
{"timestamp":"2026-05-05T12:25:45.098084Z","level":"info","event":"Done. Returned value was: None","logger":"airflow.task.operators.airflow.providers.standard.operators.python.PythonOperator","filename":"python.py","lineno":229}
{"timestamp":"2026-05-05T12:25:45.170684Z","level":"info","event":"Task instance in success state","logger":"task.stdout"}
{"timestamp":"2026-05-05T12:25:45.181127Z","level":"info","event":" Previous state of the Task instance: TaskInstanceState.RUNNING","logger":"task.stdout"}
{"timestamp":"2026-05-05T12:25:45.187393Z","level":"info","event":"Task operator:<Task(PythonOperator): print_interval>","logger":"task.stdout"}
