{"timestamp":"2026-05-05T10:31:16.758836Z","level":"info","event":"DAG bundles loaded: dags-folder, example_dags","logger":"airflow.dag_processing.bundles.manager.DagBundlesManager","filename":"manager.py","lineno":209}
{"timestamp":"2026-05-05T10:31:16.761342Z","level":"info","event":"Filling up the DagBag from /opt/airflow/dags/print_interval_dag.py","logger":"airflow.dag_processing.dagbag.BundleDagBag","filename":"dagbag.py","lineno":469}
{"timestamp":"2026-05-05T10:31:16.772482Z","level":"warning","event":"The `airflow.operators.python.PythonOperator` attribute is deprecated. Please use `'airflow.providers.standard.operators.python.PythonOperator'`.","category":"UserWarning","filename":"/opt/airflow/dags/print_interval_dag.py","lineno":2,"logger":"py.warnings"}
{"timestamp":"2026-05-05T10:31:16.861394Z","level":"info","event":"Task instance is in running state","logger":"task.stdout"}
{"timestamp":"2026-05-05T10:31:16.861959Z","level":"info","event":" Previous state of the Task instance: TaskInstanceState.QUEUED","logger":"task.stdout"}
{"timestamp":"2026-05-05T10:31:16.862679Z","level":"info","event":"Current task name:print_interval","logger":"task.stdout"}
{"timestamp":"2026-05-05T10:31:16.863049Z","level":"info","event":"Dag name:print_interval_dag","logger":"task.stdout"}
{"timestamp":"2026-05-05T10:31:16.863736Z","level":"info","event":"Interval Start: 2025-06-01 00:00:00+00:00","logger":"task.stdout"}
{"timestamp":"2026-05-05T10:31:16.864707Z","level":"info","event":"Interval End:   2025-06-01 00:00:00+00:00","logger":"task.stdout"}
{"timestamp":"2026-05-05T10:31:16.863595Z","level":"info","event":"Done. Returned value was: None","logger":"airflow.task.operators.airflow.providers.standard.operators.python.PythonOperator","filename":"python.py","lineno":229}
{"timestamp":"2026-05-05T10:31:16.983847Z","level":"info","event":"Task instance in success state","logger":"task.stdout"}
{"timestamp":"2026-05-05T10:31:16.985527Z","level":"info","event":" Previous state of the Task instance: TaskInstanceState.RUNNING","logger":"task.stdout"}
{"timestamp":"2026-05-05T10:31:16.987510Z","level":"info","event":"Task operator:<Task(PythonOperator): print_interval>","logger":"task.stdout"}
{"timestamp":"2026-05-05T12:27:15.101015Z","level":"info","event":"DAG bundles loaded: dags-folder, example_dags","logger":"airflow.dag_processing.bundles.manager.DagBundlesManager","filename":"manager.py","lineno":209}
{"timestamp":"2026-05-05T12:27:15.103980Z","level":"info","event":"Filling up the DagBag from /opt/airflow/dags/print_interval_dag.py","logger":"airflow.dag_processing.dagbag.BundleDagBag","filename":"dagbag.py","lineno":469}
{"timestamp":"2026-05-05T12:27:15.281454Z","level":"info","event":"Task instance is in running state","logger":"task.stdout"}
{"timestamp":"2026-05-05T12:27:15.282346Z","level":"info","event":" Previous state of the Task instance: TaskInstanceState.QUEUED","logger":"task.stdout"}
{"timestamp":"2026-05-05T12:27:15.283601Z","level":"info","event":"Current task name:print_interval","logger":"task.stdout"}
{"timestamp":"2026-05-05T12:27:15.284701Z","level":"info","event":"Dag name:print_interval_dag","logger":"task.stdout"}
{"timestamp":"2026-05-05T12:27:15.292774Z","level":"info","event":"=== ALL AVAILABLE MACROS ===","logger":"task.stdout"}
{"timestamp":"2026-05-05T12:27:15.300073Z","level":"info","event":"dag: <DAG: print_interval_dag>","logger":"task.stdout"}
{"timestamp":"2026-05-05T12:27:15.306599Z","level":"info","event":"inlets: []","logger":"task.stdout"}
{"timestamp":"2026-05-05T12:27:15.310220Z","level":"info","event":"map_index_template: None","logger":"task.stdout"}
{"timestamp":"2026-05-05T12:27:15.316055Z","level":"info","event":"outlets: []","logger":"task.stdout"}
{"timestamp":"2026-05-05T12:27:15.317198Z","level":"info","event":"run_id: scheduled__2025-06-01T00:00:00+00:00","logger":"task.stdout"}
{"timestamp":"2026-05-05T12:27:15.318578Z","level":"info","event":"task: <Task(PythonOperator): print_interval>","logger":"task.stdout"}
{"timestamp":"2026-05-05T12:27:15.320466Z","level":"info","event":"task_instance: id=UUID('019df81b-5199-73bb-aadf-2936add4643a') task_id='print_interval' dag_id='print_interval_dag' run_id='scheduled__2025-06-01T00:00:00+00:00' try_number=1 dag_version_id=UUID('019df815-a045-750b-bac8-47ced7cc6a45') map_index=-1 hostname='86abe326db93' context_carrier={'traceparent': '00-83a64b30e06ae7a66027280d3931ad9d-a4ddc0fb32840191-01'} task=<Task(PythonOperator): print_interval> bundle_instance=LocalDagBundle(name=dags-folder) max_tries=0 start_date=datetime.datetime(2026, 5, 5, 12, 27, 13, 674359, tzinfo=datetime.timezone.utc) end_date=None state=<TaskInstanceState.RUNNING: 'running'> is_mapped=False rendered_map_index=None sentry_integration=''","logger":"task.stdout"}
{"timestamp":"2026-05-05T12:27:15.321307Z","level":"info","event":"ti: id=UUID('019df81b-5199-73bb-aadf-2936add4643a') task_id='print_interval' dag_id='print_interval_dag' run_id='scheduled__2025-06-01T00:00:00+00:00' try_number=1 dag_version_id=UUID('019df815-a045-750b-bac8-47ced7cc6a45') map_index=-1 hostname='86abe326db93' context_carrier={'traceparent': '00-83a64b30e06ae7a66027280d3931ad9d-a4ddc0fb32840191-01'} task=<Task(PythonOperator): print_interval> bundle_instance=LocalDagBundle(name=dags-folder) max_tries=0 start_date=datetime.datetime(2026, 5, 5, 12, 27, 13, 674359, tzinfo=datetime.timezone.utc) end_date=None state=<TaskInstanceState.RUNNING: 'running'> is_mapped=False rendered_map_index=None sentry_integration=''","logger":"task.stdout"}
{"timestamp":"2026-05-05T12:27:15.321776Z","level":"info","event":"outlet_events: OutletEventAccessors(_dict={})","logger":"task.stdout"}
{"timestamp":"2026-05-05T12:27:15.322111Z","level":"info","event":"inlet_events: InletEventsAccessors(_inlets=[], _assets={}, _asset_aliases={})","logger":"task.stdout"}
{"timestamp":"2026-05-05T12:27:15.322459Z","level":"info","event":"macros: <MacrosAccessor (dynamic access to macros)>","logger":"task.stdout"}
{"timestamp":"2026-05-05T12:27:15.322972Z","level":"info","event":"params: {}","logger":"task.stdout"}
{"timestamp":"2026-05-05T12:27:15.324338Z","level":"info","event":"var: {'json': <VariableAccessor (dynamic access)>, 'value': <VariableAccessor (dynamic access)>}","logger":"task.stdout"}
{"timestamp":"2026-05-05T12:27:15.324880Z","level":"info","event":"conn: <ConnectionAccessor (dynamic access)>","logger":"task.stdout"}
{"timestamp":"2026-05-05T12:27:15.325474Z","level":"info","event":"dag_run: dag_id='print_interval_dag' run_id='scheduled__2025-06-01T00:00:00+00:00' logical_date=datetime.datetime(2025, 6, 1, 0, 0, tzinfo=datetime.timezone.utc) data_interval_start=datetime.datetime(2025, 6, 1, 0, 0, tzinfo=datetime.timezone.utc) data_interval_end=datetime.datetime(2025, 6, 1, 0, 0, tzinfo=datetime.timezone.utc) run_after=datetime.datetime(2025, 6, 1, 0, 0, tzinfo=datetime.timezone.utc) start_date=datetime.datetime(2026, 5, 5, 12, 27, 13, 202425, tzinfo=datetime.timezone.utc) end_date=None clear_number=0 run_type=<DagRunType.SCHEDULED: 'scheduled'> state=<DagRunState.RUNNING: 'running'> conf={} triggering_user_name=None consumed_asset_events=[] partition_key=None note=None","logger":"task.stdout"}
{"timestamp":"2026-05-05T12:27:15.325999Z","level":"info","event":"triggering_asset_events: TriggeringAssetEventAccessor(_events=defaultdict(<class 'list'>, {}))","logger":"task.stdout"}
{"timestamp":"2026-05-05T12:27:15.326393Z","level":"info","event":"task_instance_key_str: print_interval_dag__print_interval__20250601","logger":"task.stdout"}
{"timestamp":"2026-05-05T12:27:15.326824Z","level":"info","event":"task_reschedule_count: 0","logger":"task.stdout"}
{"timestamp":"2026-05-05T12:27:15.375649Z","level":"info","event":"prev_start_date_success: 2026-05-05 12:27:12.693455+00:00","logger":"task.stdout"}
{"timestamp":"2026-05-05T12:27:15.379992Z","level":"info","event":"prev_end_date_success: 2026-05-05 12:27:15.232515+00:00","logger":"task.stdout"}
{"timestamp":"2026-05-05T12:27:15.381102Z","level":"info","event":"logical_date: 2025-06-01 00:00:00+00:00","logger":"task.stdout"}
{"timestamp":"2026-05-05T12:27:15.382571Z","level":"info","event":"ds: 2025-06-01","logger":"task.stdout"}
{"timestamp":"2026-05-05T12:27:15.385449Z","level":"info","event":"ds_nodash: 20250601","logger":"task.stdout"}
{"timestamp":"2026-05-05T12:27:15.386147Z","level":"info","event":"ts: 2025-06-01T00:00:00+00:00","logger":"task.stdout"}
{"timestamp":"2026-05-05T12:27:15.386648Z","level":"info","event":"ts_nodash: 20250601T000000","logger":"task.stdout"}
{"timestamp":"2026-05-05T12:27:15.387872Z","level":"info","event":"ts_nodash_with_tz: 20250601T000000+0000","logger":"task.stdout"}
{"timestamp":"2026-05-05T12:27:15.388371Z","level":"info","event":"data_interval_end: 2025-06-01 00:00:00+00:00","logger":"task.stdout"}
{"timestamp":"2026-05-05T12:27:15.389438Z","level":"info","event":"data_interval_start: 2025-06-01 00:00:00+00:00","logger":"task.stdout"}
{"timestamp":"2026-05-05T12:27:15.390273Z","level":"info","event":"prev_data_interval_start_success: 2025-05-31 21:00:00+00:00","logger":"task.stdout"}
{"timestamp":"2026-05-05T12:27:15.392054Z","level":"info","event":"prev_data_interval_end_success: 2025-05-31 21:00:00+00:00","logger":"task.stdout"}
{"timestamp":"2026-05-05T12:27:15.392669Z","level":"info","event":"templates_dict: None","logger":"task.stdout"}
{"timestamp":"2026-05-05T12:27:15.376322Z","level":"info","event":"Done. Returned value was: None","logger":"airflow.task.operators.airflow.providers.standard.operators.python.PythonOperator","filename":"python.py","lineno":229}
{"timestamp":"2026-05-05T12:27:15.466576Z","level":"info","event":"Task instance in success state","logger":"task.stdout"}
{"timestamp":"2026-05-05T12:27:15.470984Z","level":"info","event":" Previous state of the Task instance: TaskInstanceState.RUNNING","logger":"task.stdout"}
{"timestamp":"2026-05-05T12:27:15.471452Z","level":"info","event":"Task operator:<Task(PythonOperator): print_interval>","logger":"task.stdout"}
