{"timestamp":"2026-05-08T17:38:04.171534Z","level":"info","event":"DAG bundles loaded: dags-folder, example_dags","logger":"airflow.dag_processing.bundles.manager.DagBundlesManager","filename":"manager.py","lineno":209}
{"timestamp":"2026-05-08T17:38:04.174284Z","level":"info","event":"Filling up the DagBag from /opt/airflow/dags/csv_upsert_pipeline.py","logger":"airflow.dag_processing.dagbag.BundleDagBag","filename":"dagbag.py","lineno":469}
{"timestamp":"2026-05-08T17:38:04.214607Z","level":"warning","event":"airflow.exceptions.AirflowSkipException is deprecated and will be removed in a future version. Use airflow.sdk.exceptions.AirflowSkipException instead.","category":"UserWarning","filename":"/opt/airflow/dags/csv_upsert_pipeline.py","lineno":7,"logger":"py.warnings"}
{"timestamp":"2026-05-08T17:38:04.345624Z","level":"info","event":"Task instance is in running state","logger":"task.stdout"}
{"timestamp":"2026-05-08T17:38:04.347633Z","level":"info","event":" Previous state of the Task instance: TaskInstanceState.QUEUED","logger":"task.stdout"}
{"timestamp":"2026-05-08T17:38:04.351443Z","level":"info","event":"Current task name:process_partition","logger":"task.stdout"}
{"timestamp":"2026-05-08T17:38:04.352080Z","level":"info","event":"Dag name:csv_upsert_pipeline","logger":"task.stdout"}
{"timestamp":"2026-05-08T17:38:04.352506Z","level":"info","event":"[INFO] data_interval_start : 2026-05-03 22:00:00+00:00","logger":"task.stdout"}
{"timestamp":"2026-05-08T17:38:04.353412Z","level":"info","event":"[INFO] data_interval_end   : 2026-05-03 22:00:00+00:00","logger":"task.stdout"}
{"timestamp":"2026-05-08T17:38:04.354408Z","level":"info","event":"[INFO] Processing partition: /data/time_stamp=2026-05-03-22","logger":"task.stdout"}
{"timestamp":"2026-05-08T17:38:04.360062Z","level":"info","event":"[INFO] Sorted files: ['data_1.csv', 'data_2.csv', 'data_3.csv']","logger":"task.stdout"}
{"timestamp":"2026-05-08T17:38:04.361088Z","level":"info","event":"[INFO] Read data_1.csv  (index=1)","logger":"task.stdout"}
{"timestamp":"2026-05-08T17:38:04.361739Z","level":"info","event":"[INFO] Read data_2.csv  (index=2)","logger":"task.stdout"}
{"timestamp":"2026-05-08T17:38:04.362460Z","level":"info","event":"[INFO] Read data_3.csv  (index=3)","logger":"task.stdout"}
{"timestamp":"2026-05-08T17:38:04.362958Z","level":"info","event":"[INFO] Resolved 19 unique IDs for this run:","logger":"task.stdout"}
{"timestamp":"2026-05-08T17:38:04.363986Z","level":"info","event":"       id=1 → {'id': '1', 'name': 'Jack', 'age': '30', 'department': 'HR', 'salary': '103451.25', 'working_hours': '44.3'}","logger":"task.stdout"}
{"timestamp":"2026-05-08T17:38:04.368563Z","level":"info","event":"       id=2 → {'id': '2', 'name': 'Alice', 'age': '42', 'department': 'Engineering', 'salary': '83852.76', 'working_hours': '57.6'}","logger":"task.stdout"}
{"timestamp":"2026-05-08T17:38:04.370686Z","level":"info","event":"       id=3 → {'id': '3', 'name': 'Ivy', 'age': '28', 'department': 'Sales', 'salary': '62469.64', 'working_hours': '29.5'}","logger":"task.stdout"}
{"timestamp":"2026-05-08T17:38:04.372027Z","level":"info","event":"       id=4 → {'id': '4', 'name': 'Hank', 'age': '35', 'department': 'Marketing', 'salary': '69017.31', 'working_hours': '44.5'}","logger":"task.stdout"}
{"timestamp":"2026-05-08T17:38:04.372834Z","level":"info","event":"       id=5 → {'id': '5', 'name': 'Eve', 'age': '39', 'department': 'HR', 'salary': '99540.61', 'working_hours': '44.4'}","logger":"task.stdout"}
{"timestamp":"2026-05-08T17:38:04.391237Z","level":"info","event":"       id=6 → {'id': '6', 'name': 'Diana', 'age': '28', 'department': 'Operations', 'salary': '44601.77', 'working_hours': '55.8'}","logger":"task.stdout"}
{"timestamp":"2026-05-08T17:38:04.396720Z","level":"info","event":"       id=7 → {'id': '7', 'name': 'Frank', 'age': '35', 'department': 'Engineering', 'salary': '39984.56', 'working_hours': '39.2'}","logger":"task.stdout"}
{"timestamp":"2026-05-08T17:38:04.398558Z","level":"info","event":"       id=8 → {'id': '8', 'name': 'Charlie', 'age': '42', 'department': 'Sales', 'salary': '108206.09', 'working_hours': '33.2'}","logger":"task.stdout"}
{"timestamp":"2026-05-08T17:38:04.400959Z","level":"info","event":"       id=9 → {'id': '9', 'name': 'Charlie', 'age': '29', 'department': 'Sales', 'salary': '49263.78', 'working_hours': '58.4'}","logger":"task.stdout"}
{"timestamp":"2026-05-08T17:38:04.403440Z","level":"info","event":"       id=10 → {'id': '10', 'name': 'Ivy', 'age': '35', 'department': 'Engineering', 'salary': '103572.6', 'working_hours': '58.4'}","logger":"task.stdout"}
{"timestamp":"2026-05-08T17:38:04.405349Z","level":"info","event":"       id=11 → {'id': '11', 'name': 'Eve', 'age': '27', 'department': 'HR', 'salary': '52618.34', 'working_hours': '48.7'}","logger":"task.stdout"}
{"timestamp":"2026-05-08T17:38:04.405902Z","level":"info","event":"       id=12 → {'id': '12', 'name': 'Ivy', 'age': '27', 'department': 'Engineering', 'salary': '41666.85', 'working_hours': '44.4'}","logger":"task.stdout"}
{"timestamp":"2026-05-08T17:38:04.406660Z","level":"info","event":"       id=13 → {'id': '13', 'name': 'Eve', 'age': '24', 'department': 'Sales', 'salary': '108878.3', 'working_hours': '38.4'}","logger":"task.stdout"}
{"timestamp":"2026-05-08T17:38:04.407239Z","level":"info","event":"       id=14 → {'id': '14', 'name': 'Ivy', 'age': '54', 'department': 'Sales', 'salary': '75662.32', 'working_hours': '20.1'}","logger":"task.stdout"}
{"timestamp":"2026-05-08T17:38:04.407919Z","level":"info","event":"       id=15 → {'id': '15', 'name': 'Frank', 'age': '35', 'department': 'Operations', 'salary': '75829.97', 'working_hours': '47.0'}","logger":"task.stdout"}
{"timestamp":"2026-05-08T17:38:04.408826Z","level":"info","event":"       id=16 → {'id': '16', 'name': 'Diana', 'age': '43', 'department': 'Sales', 'salary': '92272.73', 'working_hours': '20.2'}","logger":"task.stdout"}
{"timestamp":"2026-05-08T17:38:04.409937Z","level":"info","event":"       id=17 → {'id': '17', 'name': 'Jack', 'age': '49', 'department': 'Operations', 'salary': '49545.28', 'working_hours': '30.5'}","logger":"task.stdout"}
{"timestamp":"2026-05-08T17:38:04.411200Z","level":"info","event":"       id=18 → {'id': '18', 'name': 'Ivy', 'age': '44', 'department': 'Operations', 'salary': '48932.41', 'working_hours': '25.2'}","logger":"task.stdout"}
{"timestamp":"2026-05-08T17:38:04.412618Z","level":"info","event":"       id=19 → {'id': '19', 'name': 'Frank', 'age': '22', 'department': 'Operations', 'salary': '50979.86', 'working_hours': '26.6'}","logger":"task.stdout"}
{"timestamp":"2026-05-08T17:38:04.413204Z","level":"info","event":"[INFO] result.csv mil gayi — upsert karte hain.","logger":"task.stdout"}
{"timestamp":"2026-05-08T17:38:04.415076Z","level":"info","event":"[INFO] Existing result.csv mein 20 rows hain.","logger":"task.stdout"}
{"timestamp":"2026-05-08T17:38:04.415824Z","level":"info","event":"       UPDATE  id=1","logger":"task.stdout"}
{"timestamp":"2026-05-08T17:38:04.417746Z","level":"info","event":"       UPDATE  id=2","logger":"task.stdout"}
{"timestamp":"2026-05-08T17:38:04.433940Z","level":"info","event":"       UPDATE  id=3","logger":"task.stdout"}
{"timestamp":"2026-05-08T17:38:04.440563Z","level":"info","event":"       UPDATE  id=4","logger":"task.stdout"}
{"timestamp":"2026-05-08T17:38:04.441219Z","level":"info","event":"       UPDATE  id=5","logger":"task.stdout"}
{"timestamp":"2026-05-08T17:38:04.443007Z","level":"info","event":"       UPDATE  id=6","logger":"task.stdout"}
{"timestamp":"2026-05-08T17:38:04.443435Z","level":"info","event":"       UPDATE  id=7","logger":"task.stdout"}
{"timestamp":"2026-05-08T17:38:04.444887Z","level":"info","event":"       UPDATE  id=8","logger":"task.stdout"}
{"timestamp":"2026-05-08T17:38:04.447778Z","level":"info","event":"       UPDATE  id=9","logger":"task.stdout"}
{"timestamp":"2026-05-08T17:38:04.448308Z","level":"info","event":"       UPDATE  id=10","logger":"task.stdout"}
{"timestamp":"2026-05-08T17:38:04.448819Z","level":"info","event":"       UPDATE  id=11","logger":"task.stdout"}
{"timestamp":"2026-05-08T17:38:04.450142Z","level":"info","event":"       UPDATE  id=12","logger":"task.stdout"}
{"timestamp":"2026-05-08T17:38:04.455057Z","level":"info","event":"       UPDATE  id=13","logger":"task.stdout"}
{"timestamp":"2026-05-08T17:38:04.455593Z","level":"info","event":"       UPDATE  id=14","logger":"task.stdout"}
{"timestamp":"2026-05-08T17:38:04.456065Z","level":"info","event":"       UPDATE  id=15","logger":"task.stdout"}
{"timestamp":"2026-05-08T17:38:04.456444Z","level":"info","event":"       UPDATE  id=16","logger":"task.stdout"}
{"timestamp":"2026-05-08T17:38:04.456811Z","level":"info","event":"       UPDATE  id=17","logger":"task.stdout"}
{"timestamp":"2026-05-08T17:38:04.457172Z","level":"info","event":"       UPDATE  id=18","logger":"task.stdout"}
{"timestamp":"2026-05-08T17:38:04.457522Z","level":"info","event":"       UPDATE  id=19","logger":"task.stdout"}
{"timestamp":"2026-05-08T17:38:04.457880Z","level":"info","event":"[INFO] result.csv updated — total 20 rows.","logger":"task.stdout"}
{"timestamp":"2026-05-08T17:38:04.365533Z","level":"info","event":"Done. Returned value was: None","logger":"airflow.task.operators.airflow.providers.standard.operators.python.PythonOperator","filename":"python.py","lineno":229}
{"timestamp":"2026-05-08T17:38:04.558108Z","level":"info","event":"Task instance in success state","logger":"task.stdout"}
{"timestamp":"2026-05-08T17:38:04.565187Z","level":"info","event":" Previous state of the Task instance: TaskInstanceState.RUNNING","logger":"task.stdout"}
{"timestamp":"2026-05-08T17:38:04.567443Z","level":"info","event":"Task operator:<Task(PythonOperator): process_partition>","logger":"task.stdout"}
{"timestamp":"2026-05-11T16:47:04.272451Z","level":"info","event":"DAG bundles loaded: dags-folder, example_dags","logger":"airflow.dag_processing.bundles.manager.DagBundlesManager","filename":"manager.py","lineno":209}
{"timestamp":"2026-05-11T16:47:04.274822Z","level":"info","event":"Filling up the DagBag from /opt/airflow/dags/csv_upsert_pipeline.py","logger":"airflow.dag_processing.dagbag.BundleDagBag","filename":"dagbag.py","lineno":469}
{"timestamp":"2026-05-11T16:47:04.642824Z","level":"info","event":"Task instance is in running state","logger":"task.stdout"}
{"timestamp":"2026-05-11T16:47:04.643794Z","level":"info","event":" Previous state of the Task instance: TaskInstanceState.QUEUED","logger":"task.stdout"}
{"timestamp":"2026-05-11T16:47:04.644639Z","level":"info","event":"Current task name:process_partition","logger":"task.stdout"}
{"timestamp":"2026-05-11T16:47:04.646575Z","level":"info","event":"Dag name:csv_upsert_pipeline","logger":"task.stdout"}
{"timestamp":"2026-05-11T16:47:04.648220Z","level":"info","event":"[INFO] data_interval_start : 2026-05-03 22:00:00+00:00","logger":"task.stdout"}
{"timestamp":"2026-05-11T16:47:04.651532Z","level":"info","event":"[INFO] data_interval_end   : 2026-05-03 22:00:00+00:00","logger":"task.stdout"}
{"timestamp":"2026-05-11T16:47:04.653642Z","level":"info","event":"[INFO] Processing partition: /data/time_stamp=2026-05-03-22","logger":"task.stdout"}
{"timestamp":"2026-05-11T16:47:04.745679Z","level":"error","event":"/home/airflow/.local/lib/python3.13/site-packages/pyspark/bin/load-spark-env.sh: line 68: ps: command not found","logger":"task.stderr"}
{"timestamp":"2026-05-11T16:47:04.748620Z","level":"error","event":"JAVA_HOME is not set","logger":"task.stderr"}
{"timestamp":"2026-05-11T16:47:04.809497Z","level":"error","event":"Task failed with exception","logger":"task","filename":"task_runner.py","lineno":1347,"error_detail":[{"exc_type":"PySparkRuntimeError","exc_value":"[JAVA_GATEWAY_EXITED] Java gateway process exited before sending its port number.","exc_notes":[],"syntax_error":null,"is_cause":false,"frames":[{"filename":"/home/airflow/.local/lib/python3.13/site-packages/airflow/sdk/execution_time/task_runner.py","lineno":1263,"name":"run"},{"filename":"/home/airflow/.local/lib/python3.13/site-packages/airflow/sdk/execution_time/task_runner.py","lineno":1678,"name":"_execute_task"},{"filename":"/home/airflow/.local/lib/python3.13/site-packages/airflow/sdk/bases/operator.py","lineno":443,"name":"wrapper"},{"filename":"/home/airflow/.local/lib/python3.13/site-packages/airflow/providers/standard/operators/python.py","lineno":227,"name":"execute"},{"filename":"/home/airflow/.local/lib/python3.13/site-packages/airflow/providers/standard/operators/python.py","lineno":250,"name":"execute_callable"},{"filename":"/home/airflow/.local/lib/python3.13/site-packages/airflow/sdk/execution_time/callback_runner.py","lineno":97,"name":"run"},{"filename":"/opt/airflow/dags/csv_upsert_pipeline.py","lineno":47,"name":"process_partition"},{"filename":"/home/airflow/.local/lib/python3.13/site-packages/pyspark/sql/session.py","lineno":497,"name":"getOrCreate"},{"filename":"/home/airflow/.local/lib/python3.13/site-packages/pyspark/context.py","lineno":515,"name":"getOrCreate"},{"filename":"/home/airflow/.local/lib/python3.13/site-packages/pyspark/context.py","lineno":201,"name":"__init__"},{"filename":"/home/airflow/.local/lib/python3.13/site-packages/pyspark/context.py","lineno":436,"name":"_ensure_initialized"},{"filename":"/home/airflow/.local/lib/python3.13/site-packages/pyspark/java_gateway.py","lineno":107,"name":"launch_gateway"}],"is_group":false,"exceptions":[]}]}
{"timestamp":"2026-05-11T16:47:04.815258Z","level":"info","event":"Task instance in failure state","logger":"task.stdout"}
{"timestamp":"2026-05-11T16:47:04.816824Z","level":"info","event":"Task start","logger":"task.stdout"}
{"timestamp":"2026-05-11T16:47:04.817962Z","level":"info","event":"Task:<Task(PythonOperator): process_partition>","logger":"task.stdout"}
{"timestamp":"2026-05-11T16:47:04.818750Z","level":"info","event":"Failure caused by [JAVA_GATEWAY_EXITED] Java gateway process exited before sending its port number.","logger":"task.stdout"}
{"timestamp":"2026-05-11T17:17:43.291030Z","level":"info","event":"DAG bundles loaded: dags-folder, example_dags","logger":"airflow.dag_processing.bundles.manager.DagBundlesManager","filename":"manager.py","lineno":209}
{"timestamp":"2026-05-11T17:17:43.293153Z","level":"info","event":"Filling up the DagBag from /opt/airflow/dags/__pycache__/csv_upsert_pipeline.py","logger":"airflow.dag_processing.dagbag.BundleDagBag","filename":"dagbag.py","lineno":469}
{"timestamp":"2026-05-11T17:17:43.326467Z","level":"warning","event":"airflow.exceptions.AirflowSkipException is deprecated and will be removed in a future version. Use airflow.sdk.exceptions.AirflowSkipException instead.","category":"UserWarning","filename":"/opt/airflow/dags/__pycache__/csv_upsert_pipeline.py","lineno":7,"logger":"py.warnings"}
{"timestamp":"2026-05-11T17:17:43.609896Z","level":"info","event":"Task instance is in running state","logger":"task.stdout"}
{"timestamp":"2026-05-11T17:17:43.634533Z","level":"info","event":" Previous state of the Task instance: TaskInstanceState.QUEUED","logger":"task.stdout"}
{"timestamp":"2026-05-11T17:17:43.646290Z","level":"info","event":"Current task name:process_partition","logger":"task.stdout"}
{"timestamp":"2026-05-11T17:17:43.649503Z","level":"info","event":"Dag name:csv_upsert_pipeline","logger":"task.stdout"}
{"timestamp":"2026-05-11T17:17:43.696458Z","level":"info","event":"[INFO] data_interval_start : 2026-05-03 22:00:00+00:00","logger":"task.stdout"}
{"timestamp":"2026-05-11T17:17:43.720988Z","level":"info","event":"[INFO] data_interval_end   : 2026-05-03 22:00:00+00:00","logger":"task.stdout"}
{"timestamp":"2026-05-11T17:17:43.767919Z","level":"info","event":"[INFO] Processing partition: /data/time_stamp=2026-05-03-22","logger":"task.stdout"}
{"timestamp":"2026-05-11T17:17:43.812240Z","level":"info","event":"[INFO] Sorted files: ['data_1.csv', 'data_2.csv', 'data_3.csv']","logger":"task.stdout"}
{"timestamp":"2026-05-11T17:17:43.822599Z","level":"info","event":"[INFO] Read data_1.csv  (index=1)","logger":"task.stdout"}
{"timestamp":"2026-05-11T17:17:43.833426Z","level":"info","event":"[INFO] Read data_2.csv  (index=2)","logger":"task.stdout"}
{"timestamp":"2026-05-11T17:17:43.839548Z","level":"info","event":"[INFO] Read data_3.csv  (index=3)","logger":"task.stdout"}
{"timestamp":"2026-05-11T17:17:43.853335Z","level":"info","event":"[INFO] Resolved 19 unique IDs for this run:","logger":"task.stdout"}
{"timestamp":"2026-05-11T17:17:43.854753Z","level":"info","event":"       id=1 → {'id': '1', 'name': 'Jack', 'age': '30', 'department': 'HR', 'salary': '103451.25', 'working_hours': '44.3'}","logger":"task.stdout"}
{"timestamp":"2026-05-11T17:17:43.867356Z","level":"info","event":"       id=2 → {'id': '2', 'name': 'Alice', 'age': '42', 'department': 'Engineering', 'salary': '83852.76', 'working_hours': '57.6'}","logger":"task.stdout"}
{"timestamp":"2026-05-11T17:17:43.868237Z","level":"info","event":"       id=3 → {'id': '3', 'name': 'Ivy', 'age': '28', 'department': 'Sales', 'salary': '62469.64', 'working_hours': '29.5'}","logger":"task.stdout"}
{"timestamp":"2026-05-11T17:17:43.900055Z","level":"info","event":"       id=4 → {'id': '4', 'name': 'Hank', 'age': '35', 'department': 'Marketing', 'salary': '69017.31', 'working_hours': '44.5'}","logger":"task.stdout"}
{"timestamp":"2026-05-11T17:17:43.900587Z","level":"info","event":"       id=5 → {'id': '5', 'name': 'Eve', 'age': '39', 'department': 'HR', 'salary': '99540.61', 'working_hours': '44.4'}","logger":"task.stdout"}
{"timestamp":"2026-05-11T17:17:43.924000Z","level":"info","event":"       id=6 → {'id': '6', 'name': 'Diana', 'age': '28', 'department': 'Operations', 'salary': '44601.77', 'working_hours': '55.8'}","logger":"task.stdout"}
{"timestamp":"2026-05-11T17:17:43.942994Z","level":"info","event":"       id=7 → {'id': '7', 'name': 'Frank', 'age': '35', 'department': 'Engineering', 'salary': '39984.56', 'working_hours': '39.2'}","logger":"task.stdout"}
{"timestamp":"2026-05-11T17:17:43.947831Z","level":"info","event":"       id=8 → {'id': '8', 'name': 'Charlie', 'age': '42', 'department': 'Sales', 'salary': '108206.09', 'working_hours': '33.2'}","logger":"task.stdout"}
{"timestamp":"2026-05-11T17:17:43.951247Z","level":"info","event":"       id=9 → {'id': '9', 'name': 'Charlie', 'age': '29', 'department': 'Sales', 'salary': '49263.78', 'working_hours': '58.4'}","logger":"task.stdout"}
{"timestamp":"2026-05-11T17:17:43.951931Z","level":"info","event":"       id=10 → {'id': '10', 'name': 'Ivy', 'age': '35', 'department': 'Engineering', 'salary': '103572.6', 'working_hours': '58.4'}","logger":"task.stdout"}
{"timestamp":"2026-05-11T17:17:43.961160Z","level":"info","event":"       id=11 → {'id': '11', 'name': 'Eve', 'age': '27', 'department': 'HR', 'salary': '52618.34', 'working_hours': '48.7'}","logger":"task.stdout"}
{"timestamp":"2026-05-11T17:17:43.962149Z","level":"info","event":"       id=12 → {'id': '12', 'name': 'Ivy', 'age': '27', 'department': 'Engineering', 'salary': '41666.85', 'working_hours': '44.4'}","logger":"task.stdout"}
{"timestamp":"2026-05-11T17:17:43.966580Z","level":"info","event":"       id=13 → {'id': '13', 'name': 'Eve', 'age': '24', 'department': 'Sales', 'salary': '108878.3', 'working_hours': '38.4'}","logger":"task.stdout"}
{"timestamp":"2026-05-11T17:17:43.974303Z","level":"info","event":"       id=14 → {'id': '14', 'name': 'Ivy', 'age': '54', 'department': 'Sales', 'salary': '75662.32', 'working_hours': '20.1'}","logger":"task.stdout"}
{"timestamp":"2026-05-11T17:17:43.974955Z","level":"info","event":"       id=15 → {'id': '15', 'name': 'Frank', 'age': '35', 'department': 'Operations', 'salary': '75829.97', 'working_hours': '47.0'}","logger":"task.stdout"}
{"timestamp":"2026-05-11T17:17:43.977466Z","level":"info","event":"       id=16 → {'id': '16', 'name': 'Diana', 'age': '43', 'department': 'Sales', 'salary': '92272.73', 'working_hours': '20.2'}","logger":"task.stdout"}
{"timestamp":"2026-05-11T17:17:43.984012Z","level":"info","event":"       id=17 → {'id': '17', 'name': 'Jack', 'age': '49', 'department': 'Operations', 'salary': '49545.28', 'working_hours': '30.5'}","logger":"task.stdout"}
{"timestamp":"2026-05-11T17:17:43.984538Z","level":"info","event":"       id=18 → {'id': '18', 'name': 'Ivy', 'age': '44', 'department': 'Operations', 'salary': '48932.41', 'working_hours': '25.2'}","logger":"task.stdout"}
{"timestamp":"2026-05-11T17:17:43.988899Z","level":"info","event":"       id=19 → {'id': '19', 'name': 'Frank', 'age': '22', 'department': 'Operations', 'salary': '50979.86', 'working_hours': '26.6'}","logger":"task.stdout"}
{"timestamp":"2026-05-11T17:17:43.989820Z","level":"info","event":"[INFO] result.csv found — upsert.","logger":"task.stdout"}
{"timestamp":"2026-05-11T17:17:43.991857Z","level":"info","event":"[INFO] In existing result.csv 20 rows.","logger":"task.stdout"}
{"timestamp":"2026-05-11T17:17:43.993606Z","level":"info","event":"       UPDATE  id=1","logger":"task.stdout"}
{"timestamp":"2026-05-11T17:17:43.996665Z","level":"info","event":"       UPDATE  id=2","logger":"task.stdout"}
{"timestamp":"2026-05-11T17:17:44.000123Z","level":"info","event":"       UPDATE  id=3","logger":"task.stdout"}
{"timestamp":"2026-05-11T17:17:44.029446Z","level":"info","event":"       UPDATE  id=4","logger":"task.stdout"}
{"timestamp":"2026-05-11T17:17:44.030445Z","level":"info","event":"       UPDATE  id=5","logger":"task.stdout"}
{"timestamp":"2026-05-11T17:17:44.032843Z","level":"info","event":"       UPDATE  id=6","logger":"task.stdout"}
{"timestamp":"2026-05-11T17:17:44.034442Z","level":"info","event":"       UPDATE  id=7","logger":"task.stdout"}
{"timestamp":"2026-05-11T17:17:44.035403Z","level":"info","event":"       UPDATE  id=8","logger":"task.stdout"}
{"timestamp":"2026-05-11T17:17:44.036910Z","level":"info","event":"       UPDATE  id=9","logger":"task.stdout"}
{"timestamp":"2026-05-11T17:17:44.042154Z","level":"info","event":"       UPDATE  id=10","logger":"task.stdout"}
{"timestamp":"2026-05-11T17:17:44.043212Z","level":"info","event":"       UPDATE  id=11","logger":"task.stdout"}
{"timestamp":"2026-05-11T17:17:44.043570Z","level":"info","event":"       UPDATE  id=12","logger":"task.stdout"}
{"timestamp":"2026-05-11T17:17:44.044661Z","level":"info","event":"       UPDATE  id=13","logger":"task.stdout"}
{"timestamp":"2026-05-11T17:17:44.045514Z","level":"info","event":"       UPDATE  id=14","logger":"task.stdout"}
{"timestamp":"2026-05-11T17:17:44.048204Z","level":"info","event":"       UPDATE  id=15","logger":"task.stdout"}
{"timestamp":"2026-05-11T17:17:44.048925Z","level":"info","event":"       UPDATE  id=16","logger":"task.stdout"}
{"timestamp":"2026-05-11T17:17:44.050204Z","level":"info","event":"       UPDATE  id=17","logger":"task.stdout"}
{"timestamp":"2026-05-11T17:17:44.056323Z","level":"info","event":"       UPDATE  id=18","logger":"task.stdout"}
{"timestamp":"2026-05-11T17:17:44.056801Z","level":"info","event":"       UPDATE  id=19","logger":"task.stdout"}
{"timestamp":"2026-05-11T17:17:44.058936Z","level":"info","event":"[INFO] result.csv updated — total 20 rows.","logger":"task.stdout"}
{"timestamp":"2026-05-11T17:17:43.998462Z","level":"info","event":"Done. Returned value was: None","logger":"airflow.task.operators.airflow.providers.standard.operators.python.PythonOperator","filename":"python.py","lineno":229}
{"timestamp":"2026-05-11T17:17:44.253619Z","level":"info","event":"Task instance in success state","logger":"task.stdout"}
{"timestamp":"2026-05-11T17:17:44.254210Z","level":"info","event":" Previous state of the Task instance: TaskInstanceState.RUNNING","logger":"task.stdout"}
{"timestamp":"2026-05-11T17:17:44.255796Z","level":"info","event":"Task operator:<Task(PythonOperator): process_partition>","logger":"task.stdout"}
