{"timestamp":"2026-05-05T10:31:08.105628Z","level":"info","event":"DAG bundles loaded: dags-folder, example_dags","logger":"airflow.dag_processing.bundles.manager.DagBundlesManager","filename":"manager.py","lineno":209}
{"timestamp":"2026-05-05T10:31:08.107558Z","level":"info","event":"Filling up the DagBag from /opt/airflow/dags/print_interval_dag.py","logger":"airflow.dag_processing.dagbag.BundleDagBag","filename":"dagbag.py","lineno":469}
{"timestamp":"2026-05-05T10:31:08.120173Z","level":"warning","event":"The `airflow.operators.python.PythonOperator` attribute is deprecated. Please use `'airflow.providers.standard.operators.python.PythonOperator'`.","category":"UserWarning","filename":"/opt/airflow/dags/print_interval_dag.py","lineno":2,"logger":"py.warnings"}
{"timestamp":"2026-05-05T10:31:08.192360Z","level":"info","event":"Task instance is in running state","logger":"task.stdout"}
{"timestamp":"2026-05-05T10:31:08.193013Z","level":"info","event":" Previous state of the Task instance: TaskInstanceState.QUEUED","logger":"task.stdout"}
{"timestamp":"2026-05-05T10:31:08.193736Z","level":"info","event":"Current task name:print_interval","logger":"task.stdout"}
{"timestamp":"2026-05-05T10:31:08.194710Z","level":"info","event":"Dag name:print_interval_dag","logger":"task.stdout"}
{"timestamp":"2026-05-05T10:31:08.197067Z","level":"info","event":"Interval Start: 2025-05-29 15:00:00+00:00","logger":"task.stdout"}
{"timestamp":"2026-05-05T10:31:08.197832Z","level":"info","event":"Interval End:   2025-05-29 15:00:00+00:00","logger":"task.stdout"}
{"timestamp":"2026-05-05T10:31:08.196566Z","level":"info","event":"Done. Returned value was: None","logger":"airflow.task.operators.airflow.providers.standard.operators.python.PythonOperator","filename":"python.py","lineno":229}
{"timestamp":"2026-05-05T10:31:08.284937Z","level":"info","event":"Task instance in success state","logger":"task.stdout"}
{"timestamp":"2026-05-05T10:31:08.287000Z","level":"info","event":" Previous state of the Task instance: TaskInstanceState.RUNNING","logger":"task.stdout"}
{"timestamp":"2026-05-05T10:31:08.287573Z","level":"info","event":"Task operator:<Task(PythonOperator): print_interval>","logger":"task.stdout"}
{"timestamp":"2026-05-05T12:27:05.301069Z","level":"info","event":"DAG bundles loaded: dags-folder, example_dags","logger":"airflow.dag_processing.bundles.manager.DagBundlesManager","filename":"manager.py","lineno":209}
{"timestamp":"2026-05-05T12:27:05.303009Z","level":"info","event":"Filling up the DagBag from /opt/airflow/dags/print_interval_dag.py","logger":"airflow.dag_processing.dagbag.BundleDagBag","filename":"dagbag.py","lineno":469}
{"timestamp":"2026-05-05T12:27:05.388508Z","level":"info","event":"Task instance is in running state","logger":"task.stdout"}
{"timestamp":"2026-05-05T12:27:05.390910Z","level":"info","event":" Previous state of the Task instance: TaskInstanceState.QUEUED","logger":"task.stdout"}
{"timestamp":"2026-05-05T12:27:05.393383Z","level":"info","event":"Current task name:print_interval","logger":"task.stdout"}
{"timestamp":"2026-05-05T12:27:05.396088Z","level":"info","event":"Dag name:print_interval_dag","logger":"task.stdout"}
{"timestamp":"2026-05-05T12:27:05.397011Z","level":"info","event":"=== ALL AVAILABLE MACROS ===","logger":"task.stdout"}
{"timestamp":"2026-05-05T12:27:05.397463Z","level":"info","event":"dag: <DAG: print_interval_dag>","logger":"task.stdout"}
{"timestamp":"2026-05-05T12:27:05.398048Z","level":"info","event":"inlets: []","logger":"task.stdout"}
{"timestamp":"2026-05-05T12:27:05.398699Z","level":"info","event":"map_index_template: None","logger":"task.stdout"}
{"timestamp":"2026-05-05T12:27:05.399840Z","level":"info","event":"outlets: []","logger":"task.stdout"}
{"timestamp":"2026-05-05T12:27:05.400425Z","level":"info","event":"run_id: scheduled__2025-05-29T15:00:00+00:00","logger":"task.stdout"}
{"timestamp":"2026-05-05T12:27:05.401017Z","level":"info","event":"task: <Task(PythonOperator): print_interval>","logger":"task.stdout"}
{"timestamp":"2026-05-05T12:27:05.401511Z","level":"info","event":"task_instance: id=UUID('019df81b-2cf2-7959-8b53-7de7ce8ff607') task_id='print_interval' dag_id='print_interval_dag' run_id='scheduled__2025-05-29T15:00:00+00:00' try_number=1 dag_version_id=UUID('019df815-a045-750b-bac8-47ced7cc6a45') map_index=-1 hostname='86abe326db93' context_carrier={'traceparent': '00-1e3e5e84820bc365c94fb61baf1f23fa-eecec4934baba581-01'} task=<Task(PythonOperator): print_interval> bundle_instance=LocalDagBundle(name=dags-folder) max_tries=0 start_date=datetime.datetime(2026, 5, 5, 12, 27, 4, 190795, tzinfo=datetime.timezone.utc) end_date=None state=<TaskInstanceState.RUNNING: 'running'> is_mapped=False rendered_map_index=None sentry_integration=''","logger":"task.stdout"}
{"timestamp":"2026-05-05T12:27:05.403294Z","level":"info","event":"ti: id=UUID('019df81b-2cf2-7959-8b53-7de7ce8ff607') task_id='print_interval' dag_id='print_interval_dag' run_id='scheduled__2025-05-29T15:00:00+00:00' try_number=1 dag_version_id=UUID('019df815-a045-750b-bac8-47ced7cc6a45') map_index=-1 hostname='86abe326db93' context_carrier={'traceparent': '00-1e3e5e84820bc365c94fb61baf1f23fa-eecec4934baba581-01'} task=<Task(PythonOperator): print_interval> bundle_instance=LocalDagBundle(name=dags-folder) max_tries=0 start_date=datetime.datetime(2026, 5, 5, 12, 27, 4, 190795, tzinfo=datetime.timezone.utc) end_date=None state=<TaskInstanceState.RUNNING: 'running'> is_mapped=False rendered_map_index=None sentry_integration=''","logger":"task.stdout"}
{"timestamp":"2026-05-05T12:27:05.404141Z","level":"info","event":"outlet_events: OutletEventAccessors(_dict={})","logger":"task.stdout"}
{"timestamp":"2026-05-05T12:27:05.404613Z","level":"info","event":"inlet_events: InletEventsAccessors(_inlets=[], _assets={}, _asset_aliases={})","logger":"task.stdout"}
{"timestamp":"2026-05-05T12:27:05.405253Z","level":"info","event":"macros: <MacrosAccessor (dynamic access to macros)>","logger":"task.stdout"}
{"timestamp":"2026-05-05T12:27:05.407045Z","level":"info","event":"params: {}","logger":"task.stdout"}
{"timestamp":"2026-05-05T12:27:05.407690Z","level":"info","event":"var: {'json': <VariableAccessor (dynamic access)>, 'value': <VariableAccessor (dynamic access)>}","logger":"task.stdout"}
{"timestamp":"2026-05-05T12:27:05.408323Z","level":"info","event":"conn: <ConnectionAccessor (dynamic access)>","logger":"task.stdout"}
{"timestamp":"2026-05-05T12:27:05.412311Z","level":"info","event":"dag_run: dag_id='print_interval_dag' run_id='scheduled__2025-05-29T15:00:00+00:00' logical_date=datetime.datetime(2025, 5, 29, 15, 0, tzinfo=datetime.timezone.utc) data_interval_start=datetime.datetime(2025, 5, 29, 15, 0, tzinfo=datetime.timezone.utc) data_interval_end=datetime.datetime(2025, 5, 29, 15, 0, tzinfo=datetime.timezone.utc) run_after=datetime.datetime(2025, 5, 29, 15, 0, tzinfo=datetime.timezone.utc) start_date=datetime.datetime(2026, 5, 5, 12, 27, 3, 821975, tzinfo=datetime.timezone.utc) end_date=None clear_number=0 run_type=<DagRunType.SCHEDULED: 'scheduled'> state=<DagRunState.RUNNING: 'running'> conf={} triggering_user_name=None consumed_asset_events=[] partition_key=None note=None","logger":"task.stdout"}
{"timestamp":"2026-05-05T12:27:05.412987Z","level":"info","event":"triggering_asset_events: TriggeringAssetEventAccessor(_events=defaultdict(<class 'list'>, {}))","logger":"task.stdout"}
{"timestamp":"2026-05-05T12:27:05.413580Z","level":"info","event":"task_instance_key_str: print_interval_dag__print_interval__20250529","logger":"task.stdout"}
{"timestamp":"2026-05-05T12:27:05.416017Z","level":"info","event":"task_reschedule_count: 0","logger":"task.stdout"}
{"timestamp":"2026-05-05T12:27:05.506245Z","level":"info","event":"prev_start_date_success: 2026-05-05 12:27:02.814802+00:00","logger":"task.stdout"}
{"timestamp":"2026-05-05T12:27:05.508106Z","level":"info","event":"prev_end_date_success: 2026-05-05 12:27:04.938626+00:00","logger":"task.stdout"}
{"timestamp":"2026-05-05T12:27:05.512384Z","level":"info","event":"logical_date: 2025-05-29 15:00:00+00:00","logger":"task.stdout"}
{"timestamp":"2026-05-05T12:27:05.514180Z","level":"info","event":"ds: 2025-05-29","logger":"task.stdout"}
{"timestamp":"2026-05-05T12:27:05.518991Z","level":"info","event":"ds_nodash: 20250529","logger":"task.stdout"}
{"timestamp":"2026-05-05T12:27:05.520309Z","level":"info","event":"ts: 2025-05-29T15:00:00+00:00","logger":"task.stdout"}
{"timestamp":"2026-05-05T12:27:05.521507Z","level":"info","event":"ts_nodash: 20250529T150000","logger":"task.stdout"}
{"timestamp":"2026-05-05T12:27:05.522147Z","level":"info","event":"ts_nodash_with_tz: 20250529T150000+0000","logger":"task.stdout"}
{"timestamp":"2026-05-05T12:27:05.522797Z","level":"info","event":"data_interval_end: 2025-05-29 15:00:00+00:00","logger":"task.stdout"}
{"timestamp":"2026-05-05T12:27:05.523434Z","level":"info","event":"data_interval_start: 2025-05-29 15:00:00+00:00","logger":"task.stdout"}
{"timestamp":"2026-05-05T12:27:05.524017Z","level":"info","event":"prev_data_interval_start_success: 2025-05-29 09:00:00+00:00","logger":"task.stdout"}
{"timestamp":"2026-05-05T12:27:05.524577Z","level":"info","event":"prev_data_interval_end_success: 2025-05-29 09:00:00+00:00","logger":"task.stdout"}
{"timestamp":"2026-05-05T12:27:05.526588Z","level":"info","event":"templates_dict: None","logger":"task.stdout"}
{"timestamp":"2026-05-05T12:27:05.507071Z","level":"info","event":"Done. Returned value was: None","logger":"airflow.task.operators.airflow.providers.standard.operators.python.PythonOperator","filename":"python.py","lineno":229}
{"timestamp":"2026-05-05T12:27:05.605061Z","level":"info","event":"Task instance in success state","logger":"task.stdout"}
{"timestamp":"2026-05-05T12:27:05.608801Z","level":"info","event":" Previous state of the Task instance: TaskInstanceState.RUNNING","logger":"task.stdout"}
{"timestamp":"2026-05-05T12:27:05.621152Z","level":"info","event":"Task operator:<Task(PythonOperator): print_interval>","logger":"task.stdout"}
