{"timestamp":"2026-05-05T10:30:29.827435Z","level":"info","event":"DAG bundles loaded: dags-folder, example_dags","logger":"airflow.dag_processing.bundles.manager.DagBundlesManager","filename":"manager.py","lineno":209}
{"timestamp":"2026-05-05T10:30:29.829395Z","level":"info","event":"Filling up the DagBag from /opt/airflow/dags/print_interval_dag.py","logger":"airflow.dag_processing.dagbag.BundleDagBag","filename":"dagbag.py","lineno":469}
{"timestamp":"2026-05-05T10:30:29.838523Z","level":"warning","event":"The `airflow.operators.python.PythonOperator` attribute is deprecated. Please use `'airflow.providers.standard.operators.python.PythonOperator'`.","category":"UserWarning","filename":"/opt/airflow/dags/print_interval_dag.py","lineno":2,"logger":"py.warnings"}
{"timestamp":"2026-05-05T10:30:29.909466Z","level":"info","event":"Task instance is in running state","logger":"task.stdout"}
{"timestamp":"2026-05-05T10:30:29.910126Z","level":"info","event":" Previous state of the Task instance: TaskInstanceState.QUEUED","logger":"task.stdout"}
{"timestamp":"2026-05-05T10:30:29.910731Z","level":"info","event":"Current task name:print_interval","logger":"task.stdout"}
{"timestamp":"2026-05-05T10:30:29.911244Z","level":"info","event":"Dag name:print_interval_dag","logger":"task.stdout"}
{"timestamp":"2026-05-05T10:30:29.913940Z","level":"info","event":"Interval Start: 2025-05-19 15:00:00+00:00","logger":"task.stdout"}
{"timestamp":"2026-05-05T10:30:29.914565Z","level":"info","event":"Interval End:   2025-05-19 15:00:00+00:00","logger":"task.stdout"}
{"timestamp":"2026-05-05T10:30:29.913961Z","level":"info","event":"Done. Returned value was: None","logger":"airflow.task.operators.airflow.providers.standard.operators.python.PythonOperator","filename":"python.py","lineno":229}
{"timestamp":"2026-05-05T10:30:29.975786Z","level":"info","event":"Task instance in success state","logger":"task.stdout"}
{"timestamp":"2026-05-05T10:30:29.976377Z","level":"info","event":" Previous state of the Task instance: TaskInstanceState.RUNNING","logger":"task.stdout"}
{"timestamp":"2026-05-05T10:30:29.976938Z","level":"info","event":"Task operator:<Task(PythonOperator): print_interval>","logger":"task.stdout"}
{"timestamp":"2026-05-05T12:26:24.760227Z","level":"info","event":"DAG bundles loaded: dags-folder, example_dags","logger":"airflow.dag_processing.bundles.manager.DagBundlesManager","filename":"manager.py","lineno":209}
{"timestamp":"2026-05-05T12:26:24.762189Z","level":"info","event":"Filling up the DagBag from /opt/airflow/dags/print_interval_dag.py","logger":"airflow.dag_processing.dagbag.BundleDagBag","filename":"dagbag.py","lineno":469}
{"timestamp":"2026-05-05T12:26:24.845442Z","level":"info","event":"Task instance is in running state","logger":"task.stdout"}
{"timestamp":"2026-05-05T12:26:24.847459Z","level":"info","event":" Previous state of the Task instance: TaskInstanceState.QUEUED","logger":"task.stdout"}
{"timestamp":"2026-05-05T12:26:24.848024Z","level":"info","event":"Current task name:print_interval","logger":"task.stdout"}
{"timestamp":"2026-05-05T12:26:24.848589Z","level":"info","event":"Dag name:print_interval_dag","logger":"task.stdout"}
{"timestamp":"2026-05-05T12:26:24.849404Z","level":"info","event":"=== ALL AVAILABLE MACROS ===","logger":"task.stdout"}
{"timestamp":"2026-05-05T12:26:24.849874Z","level":"info","event":"dag: <DAG: print_interval_dag>","logger":"task.stdout"}
{"timestamp":"2026-05-05T12:26:24.850270Z","level":"info","event":"inlets: []","logger":"task.stdout"}
{"timestamp":"2026-05-05T12:26:24.850728Z","level":"info","event":"map_index_template: None","logger":"task.stdout"}
{"timestamp":"2026-05-05T12:26:24.851189Z","level":"info","event":"outlets: []","logger":"task.stdout"}
{"timestamp":"2026-05-05T12:26:24.851685Z","level":"info","event":"run_id: scheduled__2025-05-19T15:00:00+00:00","logger":"task.stdout"}
{"timestamp":"2026-05-05T12:26:24.853026Z","level":"info","event":"task: <Task(PythonOperator): print_interval>","logger":"task.stdout"}
{"timestamp":"2026-05-05T12:26:24.853701Z","level":"info","event":"task_instance: id=UUID('019df81a-8fe2-7cb1-a676-73d58f55a81d') task_id='print_interval' dag_id='print_interval_dag' run_id='scheduled__2025-05-19T15:00:00+00:00' try_number=1 dag_version_id=UUID('019df815-a045-750b-bac8-47ced7cc6a45') map_index=-1 hostname='86abe326db93' context_carrier={'traceparent': '00-b30b38320a8ae9c9d420ea316b1c15bd-20c919c422672cd4-01'} task=<Task(PythonOperator): print_interval> bundle_instance=LocalDagBundle(name=dags-folder) max_tries=0 start_date=datetime.datetime(2026, 5, 5, 12, 26, 23, 925249, tzinfo=datetime.timezone.utc) end_date=None state=<TaskInstanceState.RUNNING: 'running'> is_mapped=False rendered_map_index=None sentry_integration=''","logger":"task.stdout"}
{"timestamp":"2026-05-05T12:26:24.854607Z","level":"info","event":"ti: id=UUID('019df81a-8fe2-7cb1-a676-73d58f55a81d') task_id='print_interval' dag_id='print_interval_dag' run_id='scheduled__2025-05-19T15:00:00+00:00' try_number=1 dag_version_id=UUID('019df815-a045-750b-bac8-47ced7cc6a45') map_index=-1 hostname='86abe326db93' context_carrier={'traceparent': '00-b30b38320a8ae9c9d420ea316b1c15bd-20c919c422672cd4-01'} task=<Task(PythonOperator): print_interval> bundle_instance=LocalDagBundle(name=dags-folder) max_tries=0 start_date=datetime.datetime(2026, 5, 5, 12, 26, 23, 925249, tzinfo=datetime.timezone.utc) end_date=None state=<TaskInstanceState.RUNNING: 'running'> is_mapped=False rendered_map_index=None sentry_integration=''","logger":"task.stdout"}
{"timestamp":"2026-05-05T12:26:24.855225Z","level":"info","event":"outlet_events: OutletEventAccessors(_dict={})","logger":"task.stdout"}
{"timestamp":"2026-05-05T12:26:24.855832Z","level":"info","event":"inlet_events: InletEventsAccessors(_inlets=[], _assets={}, _asset_aliases={})","logger":"task.stdout"}
{"timestamp":"2026-05-05T12:26:24.856435Z","level":"info","event":"macros: <MacrosAccessor (dynamic access to macros)>","logger":"task.stdout"}
{"timestamp":"2026-05-05T12:26:24.856937Z","level":"info","event":"params: {}","logger":"task.stdout"}
{"timestamp":"2026-05-05T12:26:24.857699Z","level":"info","event":"var: {'json': <VariableAccessor (dynamic access)>, 'value': <VariableAccessor (dynamic access)>}","logger":"task.stdout"}
{"timestamp":"2026-05-05T12:26:24.858253Z","level":"info","event":"conn: <ConnectionAccessor (dynamic access)>","logger":"task.stdout"}
{"timestamp":"2026-05-05T12:26:24.858665Z","level":"info","event":"dag_run: dag_id='print_interval_dag' run_id='scheduled__2025-05-19T15:00:00+00:00' logical_date=datetime.datetime(2025, 5, 19, 15, 0, tzinfo=datetime.timezone.utc) data_interval_start=datetime.datetime(2025, 5, 19, 15, 0, tzinfo=datetime.timezone.utc) data_interval_end=datetime.datetime(2025, 5, 19, 15, 0, tzinfo=datetime.timezone.utc) run_after=datetime.datetime(2025, 5, 19, 15, 0, tzinfo=datetime.timezone.utc) start_date=datetime.datetime(2026, 5, 5, 12, 26, 23, 607238, tzinfo=datetime.timezone.utc) end_date=None clear_number=0 run_type=<DagRunType.SCHEDULED: 'scheduled'> state=<DagRunState.RUNNING: 'running'> conf={} triggering_user_name=None consumed_asset_events=[] partition_key=None note=None","logger":"task.stdout"}
{"timestamp":"2026-05-05T12:26:24.859048Z","level":"info","event":"triggering_asset_events: TriggeringAssetEventAccessor(_events=defaultdict(<class 'list'>, {}))","logger":"task.stdout"}
{"timestamp":"2026-05-05T12:26:24.859965Z","level":"info","event":"task_instance_key_str: print_interval_dag__print_interval__20250519","logger":"task.stdout"}
{"timestamp":"2026-05-05T12:26:24.861391Z","level":"info","event":"task_reschedule_count: 0","logger":"task.stdout"}
{"timestamp":"2026-05-05T12:26:24.887734Z","level":"info","event":"prev_start_date_success: 2026-05-05 12:26:22.820852+00:00","logger":"task.stdout"}
{"timestamp":"2026-05-05T12:26:24.888577Z","level":"info","event":"prev_end_date_success: 2026-05-05 12:26:24.478719+00:00","logger":"task.stdout"}
{"timestamp":"2026-05-05T12:26:24.889020Z","level":"info","event":"logical_date: 2025-05-19 15:00:00+00:00","logger":"task.stdout"}
{"timestamp":"2026-05-05T12:26:24.889582Z","level":"info","event":"ds: 2025-05-19","logger":"task.stdout"}
{"timestamp":"2026-05-05T12:26:24.890504Z","level":"info","event":"ds_nodash: 20250519","logger":"task.stdout"}
{"timestamp":"2026-05-05T12:26:24.890951Z","level":"info","event":"ts: 2025-05-19T15:00:00+00:00","logger":"task.stdout"}
{"timestamp":"2026-05-05T12:26:24.891621Z","level":"info","event":"ts_nodash: 20250519T150000","logger":"task.stdout"}
{"timestamp":"2026-05-05T12:26:24.892081Z","level":"info","event":"ts_nodash_with_tz: 20250519T150000+0000","logger":"task.stdout"}
{"timestamp":"2026-05-05T12:26:24.892555Z","level":"info","event":"data_interval_end: 2025-05-19 15:00:00+00:00","logger":"task.stdout"}
{"timestamp":"2026-05-05T12:26:24.892873Z","level":"info","event":"data_interval_start: 2025-05-19 15:00:00+00:00","logger":"task.stdout"}
{"timestamp":"2026-05-05T12:26:24.893145Z","level":"info","event":"prev_data_interval_start_success: 2025-05-19 09:00:00+00:00","logger":"task.stdout"}
{"timestamp":"2026-05-05T12:26:24.893536Z","level":"info","event":"prev_data_interval_end_success: 2025-05-19 09:00:00+00:00","logger":"task.stdout"}
{"timestamp":"2026-05-05T12:26:24.893735Z","level":"info","event":"templates_dict: None","logger":"task.stdout"}
{"timestamp":"2026-05-05T12:26:24.888064Z","level":"info","event":"Done. Returned value was: None","logger":"airflow.task.operators.airflow.providers.standard.operators.python.PythonOperator","filename":"python.py","lineno":229}
{"timestamp":"2026-05-05T12:26:24.988453Z","level":"info","event":"Task instance in success state","logger":"task.stdout"}
{"timestamp":"2026-05-05T12:26:24.988894Z","level":"info","event":" Previous state of the Task instance: TaskInstanceState.RUNNING","logger":"task.stdout"}
{"timestamp":"2026-05-05T12:26:24.989647Z","level":"info","event":"Task operator:<Task(PythonOperator): print_interval>","logger":"task.stdout"}
