{"timestamp":"2026-05-05T10:30:46.061749Z","level":"info","event":"DAG bundles loaded: dags-folder, example_dags","logger":"airflow.dag_processing.bundles.manager.DagBundlesManager","filename":"manager.py","lineno":209}
{"timestamp":"2026-05-05T10:30:46.066571Z","level":"info","event":"Filling up the DagBag from /opt/airflow/dags/print_interval_dag.py","logger":"airflow.dag_processing.dagbag.BundleDagBag","filename":"dagbag.py","lineno":469}
{"timestamp":"2026-05-05T10:30:46.081332Z","level":"warning","event":"The `airflow.operators.python.PythonOperator` attribute is deprecated. Please use `'airflow.providers.standard.operators.python.PythonOperator'`.","category":"UserWarning","filename":"/opt/airflow/dags/print_interval_dag.py","lineno":2,"logger":"py.warnings"}
{"timestamp":"2026-05-05T10:30:46.140431Z","level":"info","event":"Task instance is in running state","logger":"task.stdout"}
{"timestamp":"2026-05-05T10:30:46.141148Z","level":"info","event":" Previous state of the Task instance: TaskInstanceState.QUEUED","logger":"task.stdout"}
{"timestamp":"2026-05-05T10:30:46.143232Z","level":"info","event":"Current task name:print_interval","logger":"task.stdout"}
{"timestamp":"2026-05-05T10:30:46.144655Z","level":"info","event":"Dag name:print_interval_dag","logger":"task.stdout"}
{"timestamp":"2026-05-05T10:30:46.146538Z","level":"info","event":"Interval Start: 2025-05-24 00:00:00+00:00","logger":"task.stdout"}
{"timestamp":"2026-05-05T10:30:46.148379Z","level":"info","event":"Interval End:   2025-05-24 00:00:00+00:00","logger":"task.stdout"}
{"timestamp":"2026-05-05T10:30:46.143988Z","level":"info","event":"Done. Returned value was: None","logger":"airflow.task.operators.airflow.providers.standard.operators.python.PythonOperator","filename":"python.py","lineno":229}
{"timestamp":"2026-05-05T10:30:46.199023Z","level":"info","event":"Task instance in success state","logger":"task.stdout"}
{"timestamp":"2026-05-05T10:30:46.200590Z","level":"info","event":" Previous state of the Task instance: TaskInstanceState.RUNNING","logger":"task.stdout"}
{"timestamp":"2026-05-05T10:30:46.201181Z","level":"info","event":"Task operator:<Task(PythonOperator): print_interval>","logger":"task.stdout"}
{"timestamp":"2026-05-05T12:26:41.632616Z","level":"info","event":"DAG bundles loaded: dags-folder, example_dags","logger":"airflow.dag_processing.bundles.manager.DagBundlesManager","filename":"manager.py","lineno":209}
{"timestamp":"2026-05-05T12:26:41.634783Z","level":"info","event":"Filling up the DagBag from /opt/airflow/dags/print_interval_dag.py","logger":"airflow.dag_processing.dagbag.BundleDagBag","filename":"dagbag.py","lineno":469}
{"timestamp":"2026-05-05T12:26:42.445720Z","level":"info","event":"Task instance is in running state","logger":"task.stdout"}
{"timestamp":"2026-05-05T12:26:42.447090Z","level":"info","event":" Previous state of the Task instance: TaskInstanceState.QUEUED","logger":"task.stdout"}
{"timestamp":"2026-05-05T12:26:42.449020Z","level":"info","event":"Current task name:print_interval","logger":"task.stdout"}
{"timestamp":"2026-05-05T12:26:42.450027Z","level":"info","event":"Dag name:print_interval_dag","logger":"task.stdout"}
{"timestamp":"2026-05-05T12:26:42.451311Z","level":"info","event":"=== ALL AVAILABLE MACROS ===","logger":"task.stdout"}
{"timestamp":"2026-05-05T12:26:42.452851Z","level":"info","event":"dag: <DAG: print_interval_dag>","logger":"task.stdout"}
{"timestamp":"2026-05-05T12:26:42.453916Z","level":"info","event":"inlets: []","logger":"task.stdout"}
{"timestamp":"2026-05-05T12:26:42.454743Z","level":"info","event":"map_index_template: None","logger":"task.stdout"}
{"timestamp":"2026-05-05T12:26:42.458720Z","level":"info","event":"outlets: []","logger":"task.stdout"}
{"timestamp":"2026-05-05T12:26:42.459192Z","level":"info","event":"run_id: scheduled__2025-05-24T00:00:00+00:00","logger":"task.stdout"}
{"timestamp":"2026-05-05T12:26:42.459635Z","level":"info","event":"task: <Task(PythonOperator): print_interval>","logger":"task.stdout"}
{"timestamp":"2026-05-05T12:26:42.464062Z","level":"info","event":"task_instance: id=UUID('019df81a-d157-70d2-a3a6-632f74812f03') task_id='print_interval' dag_id='print_interval_dag' run_id='scheduled__2025-05-24T00:00:00+00:00' try_number=1 dag_version_id=UUID('019df815-a045-750b-bac8-47ced7cc6a45') map_index=-1 hostname='86abe326db93' context_carrier={'traceparent': '00-86e79ba08af7eb4fce2371a2486a541a-729742789b544887-01'} task=<Task(PythonOperator): print_interval> bundle_instance=LocalDagBundle(name=dags-folder) max_tries=0 start_date=datetime.datetime(2026, 5, 5, 12, 26, 40, 743481, tzinfo=datetime.timezone.utc) end_date=None state=<TaskInstanceState.RUNNING: 'running'> is_mapped=False rendered_map_index=None sentry_integration=''","logger":"task.stdout"}
{"timestamp":"2026-05-05T12:26:42.466205Z","level":"info","event":"ti: id=UUID('019df81a-d157-70d2-a3a6-632f74812f03') task_id='print_interval' dag_id='print_interval_dag' run_id='scheduled__2025-05-24T00:00:00+00:00' try_number=1 dag_version_id=UUID('019df815-a045-750b-bac8-47ced7cc6a45') map_index=-1 hostname='86abe326db93' context_carrier={'traceparent': '00-86e79ba08af7eb4fce2371a2486a541a-729742789b544887-01'} task=<Task(PythonOperator): print_interval> bundle_instance=LocalDagBundle(name=dags-folder) max_tries=0 start_date=datetime.datetime(2026, 5, 5, 12, 26, 40, 743481, tzinfo=datetime.timezone.utc) end_date=None state=<TaskInstanceState.RUNNING: 'running'> is_mapped=False rendered_map_index=None sentry_integration=''","logger":"task.stdout"}
{"timestamp":"2026-05-05T12:26:42.467483Z","level":"info","event":"outlet_events: OutletEventAccessors(_dict={})","logger":"task.stdout"}
{"timestamp":"2026-05-05T12:26:42.468307Z","level":"info","event":"inlet_events: InletEventsAccessors(_inlets=[], _assets={}, _asset_aliases={})","logger":"task.stdout"}
{"timestamp":"2026-05-05T12:26:42.468908Z","level":"info","event":"macros: <MacrosAccessor (dynamic access to macros)>","logger":"task.stdout"}
{"timestamp":"2026-05-05T12:26:42.469790Z","level":"info","event":"params: {}","logger":"task.stdout"}
{"timestamp":"2026-05-05T12:26:42.470845Z","level":"info","event":"var: {'json': <VariableAccessor (dynamic access)>, 'value': <VariableAccessor (dynamic access)>}","logger":"task.stdout"}
{"timestamp":"2026-05-05T12:26:42.471601Z","level":"info","event":"conn: <ConnectionAccessor (dynamic access)>","logger":"task.stdout"}
{"timestamp":"2026-05-05T12:26:42.472156Z","level":"info","event":"dag_run: dag_id='print_interval_dag' run_id='scheduled__2025-05-24T00:00:00+00:00' logical_date=datetime.datetime(2025, 5, 24, 0, 0, tzinfo=datetime.timezone.utc) data_interval_start=datetime.datetime(2025, 5, 24, 0, 0, tzinfo=datetime.timezone.utc) data_interval_end=datetime.datetime(2025, 5, 24, 0, 0, tzinfo=datetime.timezone.utc) run_after=datetime.datetime(2025, 5, 24, 0, 0, tzinfo=datetime.timezone.utc) start_date=datetime.datetime(2026, 5, 5, 12, 26, 40, 376261, tzinfo=datetime.timezone.utc) end_date=None clear_number=0 run_type=<DagRunType.SCHEDULED: 'scheduled'> state=<DagRunState.RUNNING: 'running'> conf={} triggering_user_name=None consumed_asset_events=[] partition_key=None note=None","logger":"task.stdout"}
{"timestamp":"2026-05-05T12:26:42.473027Z","level":"info","event":"triggering_asset_events: TriggeringAssetEventAccessor(_events=defaultdict(<class 'list'>, {}))","logger":"task.stdout"}
{"timestamp":"2026-05-05T12:26:42.476644Z","level":"info","event":"task_instance_key_str: print_interval_dag__print_interval__20250524","logger":"task.stdout"}
{"timestamp":"2026-05-05T12:26:42.477118Z","level":"info","event":"task_reschedule_count: 0","logger":"task.stdout"}
{"timestamp":"2026-05-05T12:26:42.571374Z","level":"info","event":"prev_start_date_success: 2026-05-05 12:26:39.873076+00:00","logger":"task.stdout"}
{"timestamp":"2026-05-05T12:26:42.572581Z","level":"info","event":"prev_end_date_success: 2026-05-05 12:26:41.789562+00:00","logger":"task.stdout"}
{"timestamp":"2026-05-05T12:26:42.574266Z","level":"info","event":"logical_date: 2025-05-24 00:00:00+00:00","logger":"task.stdout"}
{"timestamp":"2026-05-05T12:26:42.574732Z","level":"info","event":"ds: 2025-05-24","logger":"task.stdout"}
{"timestamp":"2026-05-05T12:26:42.575628Z","level":"info","event":"ds_nodash: 20250524","logger":"task.stdout"}
{"timestamp":"2026-05-05T12:26:42.580247Z","level":"info","event":"ts: 2025-05-24T00:00:00+00:00","logger":"task.stdout"}
{"timestamp":"2026-05-05T12:26:42.580681Z","level":"info","event":"ts_nodash: 20250524T000000","logger":"task.stdout"}
{"timestamp":"2026-05-05T12:26:42.580937Z","level":"info","event":"ts_nodash_with_tz: 20250524T000000+0000","logger":"task.stdout"}
{"timestamp":"2026-05-05T12:26:42.581150Z","level":"info","event":"data_interval_end: 2025-05-24 00:00:00+00:00","logger":"task.stdout"}
{"timestamp":"2026-05-05T12:26:42.581771Z","level":"info","event":"data_interval_start: 2025-05-24 00:00:00+00:00","logger":"task.stdout"}
{"timestamp":"2026-05-05T12:26:42.582431Z","level":"info","event":"prev_data_interval_start_success: 2025-05-23 21:00:00+00:00","logger":"task.stdout"}
{"timestamp":"2026-05-05T12:26:42.582927Z","level":"info","event":"prev_data_interval_end_success: 2025-05-23 21:00:00+00:00","logger":"task.stdout"}
{"timestamp":"2026-05-05T12:26:42.583351Z","level":"info","event":"templates_dict: None","logger":"task.stdout"}
{"timestamp":"2026-05-05T12:26:42.569638Z","level":"info","event":"Done. Returned value was: None","logger":"airflow.task.operators.airflow.providers.standard.operators.python.PythonOperator","filename":"python.py","lineno":229}
{"timestamp":"2026-05-05T12:26:42.734074Z","level":"info","event":"Task instance in success state","logger":"task.stdout"}
{"timestamp":"2026-05-05T12:26:42.738435Z","level":"info","event":" Previous state of the Task instance: TaskInstanceState.RUNNING","logger":"task.stdout"}
{"timestamp":"2026-05-05T12:26:42.743139Z","level":"info","event":"Task operator:<Task(PythonOperator): print_interval>","logger":"task.stdout"}
