{"timestamp":"2026-05-05T10:31:13.828655Z","level":"info","event":"DAG bundles loaded: dags-folder, example_dags","logger":"airflow.dag_processing.bundles.manager.DagBundlesManager","filename":"manager.py","lineno":209}
{"timestamp":"2026-05-05T10:31:13.830610Z","level":"info","event":"Filling up the DagBag from /opt/airflow/dags/print_interval_dag.py","logger":"airflow.dag_processing.dagbag.BundleDagBag","filename":"dagbag.py","lineno":469}
{"timestamp":"2026-05-05T10:31:13.847079Z","level":"warning","event":"The `airflow.operators.python.PythonOperator` attribute is deprecated. Please use `'airflow.providers.standard.operators.python.PythonOperator'`.","category":"UserWarning","filename":"/opt/airflow/dags/print_interval_dag.py","lineno":2,"logger":"py.warnings"}
{"timestamp":"2026-05-05T10:31:13.990053Z","level":"info","event":"Task instance is in running state","logger":"task.stdout"}
{"timestamp":"2026-05-05T10:31:13.993736Z","level":"info","event":" Previous state of the Task instance: TaskInstanceState.QUEUED","logger":"task.stdout"}
{"timestamp":"2026-05-05T10:31:13.994826Z","level":"info","event":"Current task name:print_interval","logger":"task.stdout"}
{"timestamp":"2026-05-05T10:31:13.995648Z","level":"info","event":"Dag name:print_interval_dag","logger":"task.stdout"}
{"timestamp":"2026-05-05T10:31:14.000404Z","level":"info","event":"Interval Start: 2025-05-31 06:00:00+00:00","logger":"task.stdout"}
{"timestamp":"2026-05-05T10:31:14.001425Z","level":"info","event":"Interval End:   2025-05-31 06:00:00+00:00","logger":"task.stdout"}
{"timestamp":"2026-05-05T10:31:14.000349Z","level":"info","event":"Done. Returned value was: None","logger":"airflow.task.operators.airflow.providers.standard.operators.python.PythonOperator","filename":"python.py","lineno":229}
{"timestamp":"2026-05-05T10:31:14.061437Z","level":"info","event":"Task instance in success state","logger":"task.stdout"}
{"timestamp":"2026-05-05T10:31:14.061805Z","level":"info","event":" Previous state of the Task instance: TaskInstanceState.RUNNING","logger":"task.stdout"}
{"timestamp":"2026-05-05T10:31:14.063355Z","level":"info","event":"Task operator:<Task(PythonOperator): print_interval>","logger":"task.stdout"}
{"timestamp":"2026-05-05T12:27:11.875625Z","level":"info","event":"DAG bundles loaded: dags-folder, example_dags","logger":"airflow.dag_processing.bundles.manager.DagBundlesManager","filename":"manager.py","lineno":209}
{"timestamp":"2026-05-05T12:27:11.880567Z","level":"info","event":"Filling up the DagBag from /opt/airflow/dags/print_interval_dag.py","logger":"airflow.dag_processing.dagbag.BundleDagBag","filename":"dagbag.py","lineno":469}
{"timestamp":"2026-05-05T12:27:11.973426Z","level":"info","event":"Task instance is in running state","logger":"task.stdout"}
{"timestamp":"2026-05-05T12:27:11.976890Z","level":"info","event":" Previous state of the Task instance: TaskInstanceState.QUEUED","logger":"task.stdout"}
{"timestamp":"2026-05-05T12:27:11.977363Z","level":"info","event":"Current task name:print_interval","logger":"task.stdout"}
{"timestamp":"2026-05-05T12:27:11.977851Z","level":"info","event":"Dag name:print_interval_dag","logger":"task.stdout"}
{"timestamp":"2026-05-05T12:27:11.985177Z","level":"info","event":"=== ALL AVAILABLE MACROS ===","logger":"task.stdout"}
{"timestamp":"2026-05-05T12:27:11.986001Z","level":"info","event":"dag: <DAG: print_interval_dag>","logger":"task.stdout"}
{"timestamp":"2026-05-05T12:27:11.987173Z","level":"info","event":"inlets: []","logger":"task.stdout"}
{"timestamp":"2026-05-05T12:27:11.987545Z","level":"info","event":"map_index_template: None","logger":"task.stdout"}
{"timestamp":"2026-05-05T12:27:11.987983Z","level":"info","event":"outlets: []","logger":"task.stdout"}
{"timestamp":"2026-05-05T12:27:11.988353Z","level":"info","event":"run_id: scheduled__2025-05-31T06:00:00+00:00","logger":"task.stdout"}
{"timestamp":"2026-05-05T12:27:11.989026Z","level":"info","event":"task: <Task(PythonOperator): print_interval>","logger":"task.stdout"}
{"timestamp":"2026-05-05T12:27:11.989393Z","level":"info","event":"task_instance: id=UUID('019df81b-45db-7964-bbe1-f1d375e8c059') task_id='print_interval' dag_id='print_interval_dag' run_id='scheduled__2025-05-31T06:00:00+00:00' try_number=1 dag_version_id=UUID('019df815-a045-750b-bac8-47ced7cc6a45') map_index=-1 hostname='86abe326db93' context_carrier={'traceparent': '00-ffbd644b13a1c1c13aec382bc9263fc9-53eabc92e6690730-01'} task=<Task(PythonOperator): print_interval> bundle_instance=LocalDagBundle(name=dags-folder) max_tries=0 start_date=datetime.datetime(2026, 5, 5, 12, 27, 10, 655349, tzinfo=datetime.timezone.utc) end_date=None state=<TaskInstanceState.RUNNING: 'running'> is_mapped=False rendered_map_index=None sentry_integration=''","logger":"task.stdout"}
{"timestamp":"2026-05-05T12:27:11.993759Z","level":"info","event":"ti: id=UUID('019df81b-45db-7964-bbe1-f1d375e8c059') task_id='print_interval' dag_id='print_interval_dag' run_id='scheduled__2025-05-31T06:00:00+00:00' try_number=1 dag_version_id=UUID('019df815-a045-750b-bac8-47ced7cc6a45') map_index=-1 hostname='86abe326db93' context_carrier={'traceparent': '00-ffbd644b13a1c1c13aec382bc9263fc9-53eabc92e6690730-01'} task=<Task(PythonOperator): print_interval> bundle_instance=LocalDagBundle(name=dags-folder) max_tries=0 start_date=datetime.datetime(2026, 5, 5, 12, 27, 10, 655349, tzinfo=datetime.timezone.utc) end_date=None state=<TaskInstanceState.RUNNING: 'running'> is_mapped=False rendered_map_index=None sentry_integration=''","logger":"task.stdout"}
{"timestamp":"2026-05-05T12:27:11.994251Z","level":"info","event":"outlet_events: OutletEventAccessors(_dict={})","logger":"task.stdout"}
{"timestamp":"2026-05-05T12:27:11.994591Z","level":"info","event":"inlet_events: InletEventsAccessors(_inlets=[], _assets={}, _asset_aliases={})","logger":"task.stdout"}
{"timestamp":"2026-05-05T12:27:11.995209Z","level":"info","event":"macros: <MacrosAccessor (dynamic access to macros)>","logger":"task.stdout"}
{"timestamp":"2026-05-05T12:27:11.995550Z","level":"info","event":"params: {}","logger":"task.stdout"}
{"timestamp":"2026-05-05T12:27:11.995924Z","level":"info","event":"var: {'json': <VariableAccessor (dynamic access)>, 'value': <VariableAccessor (dynamic access)>}","logger":"task.stdout"}
{"timestamp":"2026-05-05T12:27:11.996356Z","level":"info","event":"conn: <ConnectionAccessor (dynamic access)>","logger":"task.stdout"}
{"timestamp":"2026-05-05T12:27:11.996692Z","level":"info","event":"dag_run: dag_id='print_interval_dag' run_id='scheduled__2025-05-31T06:00:00+00:00' logical_date=datetime.datetime(2025, 5, 31, 6, 0, tzinfo=datetime.timezone.utc) data_interval_start=datetime.datetime(2025, 5, 31, 6, 0, tzinfo=datetime.timezone.utc) data_interval_end=datetime.datetime(2025, 5, 31, 6, 0, tzinfo=datetime.timezone.utc) run_after=datetime.datetime(2025, 5, 31, 6, 0, tzinfo=datetime.timezone.utc) start_date=datetime.datetime(2026, 5, 5, 12, 27, 10, 195747, tzinfo=datetime.timezone.utc) end_date=None clear_number=0 run_type=<DagRunType.SCHEDULED: 'scheduled'> state=<DagRunState.RUNNING: 'running'> conf={} triggering_user_name=None consumed_asset_events=[] partition_key=None note=None","logger":"task.stdout"}
{"timestamp":"2026-05-05T12:27:11.997081Z","level":"info","event":"triggering_asset_events: TriggeringAssetEventAccessor(_events=defaultdict(<class 'list'>, {}))","logger":"task.stdout"}
{"timestamp":"2026-05-05T12:27:11.997429Z","level":"info","event":"task_instance_key_str: print_interval_dag__print_interval__20250531","logger":"task.stdout"}
{"timestamp":"2026-05-05T12:27:11.997865Z","level":"info","event":"task_reschedule_count: 0","logger":"task.stdout"}
{"timestamp":"2026-05-05T12:27:12.048971Z","level":"info","event":"prev_start_date_success: 2026-05-05 12:27:09.711617+00:00","logger":"task.stdout"}
{"timestamp":"2026-05-05T12:27:12.049654Z","level":"info","event":"prev_end_date_success: 2026-05-05 12:27:11.825969+00:00","logger":"task.stdout"}
{"timestamp":"2026-05-05T12:27:12.051719Z","level":"info","event":"logical_date: 2025-05-31 06:00:00+00:00","logger":"task.stdout"}
{"timestamp":"2026-05-05T12:27:12.052805Z","level":"info","event":"ds: 2025-05-31","logger":"task.stdout"}
{"timestamp":"2026-05-05T12:27:12.055515Z","level":"info","event":"ds_nodash: 20250531","logger":"task.stdout"}
{"timestamp":"2026-05-05T12:27:12.059676Z","level":"info","event":"ts: 2025-05-31T06:00:00+00:00","logger":"task.stdout"}
{"timestamp":"2026-05-05T12:27:12.062152Z","level":"info","event":"ts_nodash: 20250531T060000","logger":"task.stdout"}
{"timestamp":"2026-05-05T12:27:12.063098Z","level":"info","event":"ts_nodash_with_tz: 20250531T060000+0000","logger":"task.stdout"}
{"timestamp":"2026-05-05T12:27:12.064550Z","level":"info","event":"data_interval_end: 2025-05-31 06:00:00+00:00","logger":"task.stdout"}
{"timestamp":"2026-05-05T12:27:12.066502Z","level":"info","event":"data_interval_start: 2025-05-31 06:00:00+00:00","logger":"task.stdout"}
{"timestamp":"2026-05-05T12:27:12.067405Z","level":"info","event":"prev_data_interval_start_success: 2025-05-31 03:00:00+00:00","logger":"task.stdout"}
{"timestamp":"2026-05-05T12:27:12.070937Z","level":"info","event":"prev_data_interval_end_success: 2025-05-31 03:00:00+00:00","logger":"task.stdout"}
{"timestamp":"2026-05-05T12:27:12.073245Z","level":"info","event":"templates_dict: None","logger":"task.stdout"}
{"timestamp":"2026-05-05T12:27:12.048108Z","level":"info","event":"Done. Returned value was: None","logger":"airflow.task.operators.airflow.providers.standard.operators.python.PythonOperator","filename":"python.py","lineno":229}
{"timestamp":"2026-05-05T12:27:12.216884Z","level":"info","event":"Task instance in success state","logger":"task.stdout"}
{"timestamp":"2026-05-05T12:27:12.218825Z","level":"info","event":" Previous state of the Task instance: TaskInstanceState.RUNNING","logger":"task.stdout"}
{"timestamp":"2026-05-05T12:27:12.224441Z","level":"info","event":"Task operator:<Task(PythonOperator): print_interval>","logger":"task.stdout"}
