{"timestamp":"2026-05-08T17:38:03.118972Z","level":"info","event":"DAG bundles loaded: dags-folder, example_dags","logger":"airflow.dag_processing.bundles.manager.DagBundlesManager","filename":"manager.py","lineno":209}
{"timestamp":"2026-05-08T17:38:03.122714Z","level":"info","event":"Filling up the DagBag from /opt/airflow/dags/csv_upsert_pipeline.py","logger":"airflow.dag_processing.dagbag.BundleDagBag","filename":"dagbag.py","lineno":469}
{"timestamp":"2026-05-08T17:38:03.134132Z","level":"warning","event":"airflow.exceptions.AirflowSkipException is deprecated and will be removed in a future version. Use airflow.sdk.exceptions.AirflowSkipException instead.","category":"UserWarning","filename":"/opt/airflow/dags/csv_upsert_pipeline.py","lineno":7,"logger":"py.warnings"}
{"timestamp":"2026-05-08T17:38:03.196766Z","level":"info","event":"Task instance is in running state","logger":"task.stdout"}
{"timestamp":"2026-05-08T17:38:03.199209Z","level":"info","event":" Previous state of the Task instance: TaskInstanceState.QUEUED","logger":"task.stdout"}
{"timestamp":"2026-05-08T17:38:03.200833Z","level":"info","event":"Current task name:process_partition","logger":"task.stdout"}
{"timestamp":"2026-05-08T17:38:03.201367Z","level":"info","event":"Dag name:csv_upsert_pipeline","logger":"task.stdout"}
{"timestamp":"2026-05-08T17:38:03.205842Z","level":"info","event":"[INFO] data_interval_start : 2026-05-03 20:00:00+00:00","logger":"task.stdout"}
{"timestamp":"2026-05-08T17:38:03.206670Z","level":"info","event":"[INFO] data_interval_end   : 2026-05-03 20:00:00+00:00","logger":"task.stdout"}
{"timestamp":"2026-05-08T17:38:03.210693Z","level":"info","event":"[INFO] Processing partition: /data/time_stamp=2026-05-03-20","logger":"task.stdout"}
{"timestamp":"2026-05-08T17:38:03.211350Z","level":"info","event":"[INFO] Sorted files: ['data_1.csv', 'data_2.csv', 'data_3.csv']","logger":"task.stdout"}
{"timestamp":"2026-05-08T17:38:03.212728Z","level":"info","event":"[INFO] Read data_1.csv  (index=1)","logger":"task.stdout"}
{"timestamp":"2026-05-08T17:38:03.214301Z","level":"info","event":"[INFO] Read data_2.csv  (index=2)","logger":"task.stdout"}
{"timestamp":"2026-05-08T17:38:03.215200Z","level":"info","event":"[INFO] Read data_3.csv  (index=3)","logger":"task.stdout"}
{"timestamp":"2026-05-08T17:38:03.215849Z","level":"info","event":"[INFO] Resolved 20 unique IDs for this run:","logger":"task.stdout"}
{"timestamp":"2026-05-08T17:38:03.216745Z","level":"info","event":"       id=1 → {'id': '1', 'name': 'Frank', 'age': '39', 'department': 'Finance', 'salary': '49227.23', 'working_hours': '49.1'}","logger":"task.stdout"}
{"timestamp":"2026-05-08T17:38:03.217579Z","level":"info","event":"       id=2 → {'id': '2', 'name': 'Eve', 'age': '57', 'department': 'Operations', 'salary': '69532.27', 'working_hours': '22.1'}","logger":"task.stdout"}
{"timestamp":"2026-05-08T17:38:03.218041Z","level":"info","event":"       id=3 → {'id': '3', 'name': 'Bob', 'age': '55', 'department': 'Operations', 'salary': '31654.17', 'working_hours': '24.5'}","logger":"task.stdout"}
{"timestamp":"2026-05-08T17:38:03.219759Z","level":"info","event":"       id=4 → {'id': '4', 'name': 'Eve', 'age': '34', 'department': 'Marketing', 'salary': '37192.56', 'working_hours': '28.4'}","logger":"task.stdout"}
{"timestamp":"2026-05-08T17:38:03.221314Z","level":"info","event":"       id=5 → {'id': '5', 'name': 'Alice', 'age': '54', 'department': 'Marketing', 'salary': '45630.3', 'working_hours': '37.0'}","logger":"task.stdout"}
{"timestamp":"2026-05-08T17:38:03.222728Z","level":"info","event":"       id=6 → {'id': '6', 'name': 'Grace', 'age': '41', 'department': 'Finance', 'salary': '46037.13', 'working_hours': '32.7'}","logger":"task.stdout"}
{"timestamp":"2026-05-08T17:38:03.224775Z","level":"info","event":"       id=7 → {'id': '7', 'name': 'Diana', 'age': '50', 'department': 'Operations', 'salary': '99111.24', 'working_hours': '49.1'}","logger":"task.stdout"}
{"timestamp":"2026-05-08T17:38:03.225553Z","level":"info","event":"       id=8 → {'id': '8', 'name': 'Hank', 'age': '45', 'department': 'HR', 'salary': '80082.39', 'working_hours': '25.3'}","logger":"task.stdout"}
{"timestamp":"2026-05-08T17:38:03.226415Z","level":"info","event":"       id=9 → {'id': '9', 'name': 'Eve', 'age': '51', 'department': 'Sales', 'salary': '91583.22', 'working_hours': '46.6'}","logger":"task.stdout"}
{"timestamp":"2026-05-08T17:38:03.228775Z","level":"info","event":"       id=10 → {'id': '10', 'name': 'Bob', 'age': '49', 'department': 'Marketing', 'salary': '51326.83', 'working_hours': '58.0'}","logger":"task.stdout"}
{"timestamp":"2026-05-08T17:38:03.229895Z","level":"info","event":"       id=11 → {'id': '11', 'name': 'Bob', 'age': '26', 'department': 'Finance', 'salary': '79130.28', 'working_hours': '34.9'}","logger":"task.stdout"}
{"timestamp":"2026-05-08T17:38:03.230371Z","level":"info","event":"       id=12 → {'id': '12', 'name': 'Bob', 'age': '30', 'department': 'Marketing', 'salary': '94209.42', 'working_hours': '36.2'}","logger":"task.stdout"}
{"timestamp":"2026-05-08T17:38:03.233131Z","level":"info","event":"       id=13 → {'id': '13', 'name': 'Eve', 'age': '32', 'department': 'Operations', 'salary': '33699.41', 'working_hours': '45.7'}","logger":"task.stdout"}
{"timestamp":"2026-05-08T17:38:03.233738Z","level":"info","event":"       id=14 → {'id': '14', 'name': 'Alice', 'age': '57', 'department': 'Finance', 'salary': '75781.32', 'working_hours': '48.1'}","logger":"task.stdout"}
{"timestamp":"2026-05-08T17:38:03.234138Z","level":"info","event":"       id=15 → {'id': '15', 'name': 'Alice', 'age': '27', 'department': 'HR', 'salary': '49382.31', 'working_hours': '27.3'}","logger":"task.stdout"}
{"timestamp":"2026-05-08T17:38:03.235744Z","level":"info","event":"       id=16 → {'id': '16', 'name': 'Alice', 'age': '33', 'department': 'Operations', 'salary': '35000.73', 'working_hours': '53.3'}","logger":"task.stdout"}
{"timestamp":"2026-05-08T17:38:03.236234Z","level":"info","event":"       id=17 → {'id': '17', 'name': 'Grace', 'age': '47', 'department': 'Finance', 'salary': '40515.9', 'working_hours': '46.7'}","logger":"task.stdout"}
{"timestamp":"2026-05-08T17:38:03.238752Z","level":"info","event":"       id=18 → {'id': '18', 'name': 'Diana', 'age': '47', 'department': 'Finance', 'salary': '33249.0', 'working_hours': '57.8'}","logger":"task.stdout"}
{"timestamp":"2026-05-08T17:38:03.239333Z","level":"info","event":"       id=19 → {'id': '19', 'name': 'Grace', 'age': '29', 'department': 'Operations', 'salary': '78156.74', 'working_hours': '26.2'}","logger":"task.stdout"}
{"timestamp":"2026-05-08T17:38:03.239926Z","level":"info","event":"       id=20 → {'id': '20', 'name': 'Charlie', 'age': '27', 'department': 'Marketing', 'salary': '103333.27', 'working_hours': '56.8'}","logger":"task.stdout"}
{"timestamp":"2026-05-08T17:38:03.240757Z","level":"info","event":"[INFO] result.csv mil gayi — upsert karte hain.","logger":"task.stdout"}
{"timestamp":"2026-05-08T17:38:03.243248Z","level":"info","event":"[INFO] Existing result.csv mein 20 rows hain.","logger":"task.stdout"}
{"timestamp":"2026-05-08T17:38:03.243807Z","level":"info","event":"       UPDATE  id=1","logger":"task.stdout"}
{"timestamp":"2026-05-08T17:38:03.244430Z","level":"info","event":"       UPDATE  id=2","logger":"task.stdout"}
{"timestamp":"2026-05-08T17:38:03.244906Z","level":"info","event":"       UPDATE  id=3","logger":"task.stdout"}
{"timestamp":"2026-05-08T17:38:03.247749Z","level":"info","event":"       UPDATE  id=4","logger":"task.stdout"}
{"timestamp":"2026-05-08T17:38:03.248423Z","level":"info","event":"       UPDATE  id=5","logger":"task.stdout"}
{"timestamp":"2026-05-08T17:38:03.248930Z","level":"info","event":"       UPDATE  id=6","logger":"task.stdout"}
{"timestamp":"2026-05-08T17:38:03.249273Z","level":"info","event":"       UPDATE  id=7","logger":"task.stdout"}
{"timestamp":"2026-05-08T17:38:03.249647Z","level":"info","event":"       UPDATE  id=8","logger":"task.stdout"}
{"timestamp":"2026-05-08T17:38:03.250736Z","level":"info","event":"       UPDATE  id=9","logger":"task.stdout"}
{"timestamp":"2026-05-08T17:38:03.251884Z","level":"info","event":"       UPDATE  id=10","logger":"task.stdout"}
{"timestamp":"2026-05-08T17:38:03.252685Z","level":"info","event":"       UPDATE  id=11","logger":"task.stdout"}
{"timestamp":"2026-05-08T17:38:03.253145Z","level":"info","event":"       UPDATE  id=12","logger":"task.stdout"}
{"timestamp":"2026-05-08T17:38:03.254111Z","level":"info","event":"       UPDATE  id=13","logger":"task.stdout"}
{"timestamp":"2026-05-08T17:38:03.255076Z","level":"info","event":"       UPDATE  id=14","logger":"task.stdout"}
{"timestamp":"2026-05-08T17:38:03.255701Z","level":"info","event":"       UPDATE  id=15","logger":"task.stdout"}
{"timestamp":"2026-05-08T17:38:03.256303Z","level":"info","event":"       UPDATE  id=16","logger":"task.stdout"}
{"timestamp":"2026-05-08T17:38:03.257000Z","level":"info","event":"       UPDATE  id=17","logger":"task.stdout"}
{"timestamp":"2026-05-08T17:38:03.257484Z","level":"info","event":"       UPDATE  id=18","logger":"task.stdout"}
{"timestamp":"2026-05-08T17:38:03.260793Z","level":"info","event":"       UPDATE  id=19","logger":"task.stdout"}
{"timestamp":"2026-05-08T17:38:03.262220Z","level":"info","event":"       UPDATE  id=20","logger":"task.stdout"}
{"timestamp":"2026-05-08T17:38:03.262687Z","level":"info","event":"[INFO] result.csv updated — total 20 rows.","logger":"task.stdout"}
{"timestamp":"2026-05-08T17:38:03.219899Z","level":"info","event":"Done. Returned value was: None","logger":"airflow.task.operators.airflow.providers.standard.operators.python.PythonOperator","filename":"python.py","lineno":229}
{"timestamp":"2026-05-08T17:38:03.306276Z","level":"info","event":"Task instance in success state","logger":"task.stdout"}
{"timestamp":"2026-05-08T17:38:03.307055Z","level":"info","event":" Previous state of the Task instance: TaskInstanceState.RUNNING","logger":"task.stdout"}
{"timestamp":"2026-05-08T17:38:03.310669Z","level":"info","event":"Task operator:<Task(PythonOperator): process_partition>","logger":"task.stdout"}
{"timestamp":"2026-05-11T16:47:03.399175Z","level":"info","event":"DAG bundles loaded: dags-folder, example_dags","logger":"airflow.dag_processing.bundles.manager.DagBundlesManager","filename":"manager.py","lineno":209}
{"timestamp":"2026-05-11T16:47:03.401040Z","level":"info","event":"Filling up the DagBag from /opt/airflow/dags/csv_upsert_pipeline.py","logger":"airflow.dag_processing.dagbag.BundleDagBag","filename":"dagbag.py","lineno":469}
{"timestamp":"2026-05-11T16:47:03.580739Z","level":"info","event":"Task instance is in running state","logger":"task.stdout"}
{"timestamp":"2026-05-11T16:47:03.581320Z","level":"info","event":" Previous state of the Task instance: TaskInstanceState.QUEUED","logger":"task.stdout"}
{"timestamp":"2026-05-11T16:47:03.582054Z","level":"info","event":"Current task name:process_partition","logger":"task.stdout"}
{"timestamp":"2026-05-11T16:47:03.582562Z","level":"info","event":"Dag name:csv_upsert_pipeline","logger":"task.stdout"}
{"timestamp":"2026-05-11T16:47:03.584489Z","level":"info","event":"[INFO] data_interval_start : 2026-05-03 20:00:00+00:00","logger":"task.stdout"}
{"timestamp":"2026-05-11T16:47:03.585502Z","level":"info","event":"[INFO] data_interval_end   : 2026-05-03 20:00:00+00:00","logger":"task.stdout"}
{"timestamp":"2026-05-11T16:47:03.586028Z","level":"info","event":"[INFO] Processing partition: /data/time_stamp=2026-05-03-20","logger":"task.stdout"}
{"timestamp":"2026-05-11T16:47:03.676412Z","level":"error","event":"/home/airflow/.local/lib/python3.13/site-packages/pyspark/bin/load-spark-env.sh: line 68: ps: command not found","logger":"task.stderr"}
{"timestamp":"2026-05-11T16:47:03.680584Z","level":"error","event":"JAVA_HOME is not set","logger":"task.stderr"}
{"timestamp":"2026-05-11T16:47:03.738215Z","level":"error","event":"Task failed with exception","logger":"task","filename":"task_runner.py","lineno":1347,"error_detail":[{"exc_type":"PySparkRuntimeError","exc_value":"[JAVA_GATEWAY_EXITED] Java gateway process exited before sending its port number.","exc_notes":[],"syntax_error":null,"is_cause":false,"frames":[{"filename":"/home/airflow/.local/lib/python3.13/site-packages/airflow/sdk/execution_time/task_runner.py","lineno":1263,"name":"run"},{"filename":"/home/airflow/.local/lib/python3.13/site-packages/airflow/sdk/execution_time/task_runner.py","lineno":1678,"name":"_execute_task"},{"filename":"/home/airflow/.local/lib/python3.13/site-packages/airflow/sdk/bases/operator.py","lineno":443,"name":"wrapper"},{"filename":"/home/airflow/.local/lib/python3.13/site-packages/airflow/providers/standard/operators/python.py","lineno":227,"name":"execute"},{"filename":"/home/airflow/.local/lib/python3.13/site-packages/airflow/providers/standard/operators/python.py","lineno":250,"name":"execute_callable"},{"filename":"/home/airflow/.local/lib/python3.13/site-packages/airflow/sdk/execution_time/callback_runner.py","lineno":97,"name":"run"},{"filename":"/opt/airflow/dags/csv_upsert_pipeline.py","lineno":47,"name":"process_partition"},{"filename":"/home/airflow/.local/lib/python3.13/site-packages/pyspark/sql/session.py","lineno":497,"name":"getOrCreate"},{"filename":"/home/airflow/.local/lib/python3.13/site-packages/pyspark/context.py","lineno":515,"name":"getOrCreate"},{"filename":"/home/airflow/.local/lib/python3.13/site-packages/pyspark/context.py","lineno":201,"name":"__init__"},{"filename":"/home/airflow/.local/lib/python3.13/site-packages/pyspark/context.py","lineno":436,"name":"_ensure_initialized"},{"filename":"/home/airflow/.local/lib/python3.13/site-packages/pyspark/java_gateway.py","lineno":107,"name":"launch_gateway"}],"is_group":false,"exceptions":[]}]}
{"timestamp":"2026-05-11T16:47:03.745087Z","level":"info","event":"Task instance in failure state","logger":"task.stdout"}
{"timestamp":"2026-05-11T16:47:03.746654Z","level":"info","event":"Task start","logger":"task.stdout"}
{"timestamp":"2026-05-11T16:47:03.748485Z","level":"info","event":"Task:<Task(PythonOperator): process_partition>","logger":"task.stdout"}
{"timestamp":"2026-05-11T16:47:03.752410Z","level":"info","event":"Failure caused by [JAVA_GATEWAY_EXITED] Java gateway process exited before sending its port number.","logger":"task.stdout"}
{"timestamp":"2026-05-11T17:17:42.305691Z","level":"info","event":"DAG bundles loaded: dags-folder, example_dags","logger":"airflow.dag_processing.bundles.manager.DagBundlesManager","filename":"manager.py","lineno":209}
{"timestamp":"2026-05-11T17:17:42.309955Z","level":"info","event":"Filling up the DagBag from /opt/airflow/dags/__pycache__/csv_upsert_pipeline.py","logger":"airflow.dag_processing.dagbag.BundleDagBag","filename":"dagbag.py","lineno":469}
{"timestamp":"2026-05-11T17:17:42.435765Z","level":"warning","event":"airflow.exceptions.AirflowSkipException is deprecated and will be removed in a future version. Use airflow.sdk.exceptions.AirflowSkipException instead.","category":"UserWarning","filename":"/opt/airflow/dags/__pycache__/csv_upsert_pipeline.py","lineno":7,"logger":"py.warnings"}
{"timestamp":"2026-05-11T17:17:42.790312Z","level":"info","event":"Task instance is in running state","logger":"task.stdout"}
{"timestamp":"2026-05-11T17:17:42.792868Z","level":"info","event":" Previous state of the Task instance: TaskInstanceState.QUEUED","logger":"task.stdout"}
{"timestamp":"2026-05-11T17:17:42.800722Z","level":"info","event":"Current task name:process_partition","logger":"task.stdout"}
{"timestamp":"2026-05-11T17:17:42.815819Z","level":"info","event":"Dag name:csv_upsert_pipeline","logger":"task.stdout"}
{"timestamp":"2026-05-11T17:17:42.817380Z","level":"info","event":"[INFO] data_interval_start : 2026-05-03 20:00:00+00:00","logger":"task.stdout"}
{"timestamp":"2026-05-11T17:17:42.821976Z","level":"info","event":"[INFO] data_interval_end   : 2026-05-03 20:00:00+00:00","logger":"task.stdout"}
{"timestamp":"2026-05-11T17:17:42.826997Z","level":"info","event":"[INFO] Processing partition: /data/time_stamp=2026-05-03-20","logger":"task.stdout"}
{"timestamp":"2026-05-11T17:17:42.828904Z","level":"info","event":"[INFO] Sorted files: ['data_1.csv', 'data_2.csv', 'data_3.csv']","logger":"task.stdout"}
{"timestamp":"2026-05-11T17:17:42.839369Z","level":"info","event":"[INFO] Read data_1.csv  (index=1)","logger":"task.stdout"}
{"timestamp":"2026-05-11T17:17:42.841143Z","level":"info","event":"[INFO] Read data_2.csv  (index=2)","logger":"task.stdout"}
{"timestamp":"2026-05-11T17:17:42.841600Z","level":"info","event":"[INFO] Read data_3.csv  (index=3)","logger":"task.stdout"}
{"timestamp":"2026-05-11T17:17:42.842011Z","level":"info","event":"[INFO] Resolved 20 unique IDs for this run:","logger":"task.stdout"}
{"timestamp":"2026-05-11T17:17:42.842325Z","level":"info","event":"       id=1 → {'id': '1', 'name': 'Frank', 'age': '39', 'department': 'Finance', 'salary': '49227.23', 'working_hours': '49.1'}","logger":"task.stdout"}
{"timestamp":"2026-05-11T17:17:42.842734Z","level":"info","event":"       id=2 → {'id': '2', 'name': 'Eve', 'age': '57', 'department': 'Operations', 'salary': '69532.27', 'working_hours': '22.1'}","logger":"task.stdout"}
{"timestamp":"2026-05-11T17:17:42.843858Z","level":"info","event":"       id=3 → {'id': '3', 'name': 'Bob', 'age': '55', 'department': 'Operations', 'salary': '31654.17', 'working_hours': '24.5'}","logger":"task.stdout"}
{"timestamp":"2026-05-11T17:17:42.844231Z","level":"info","event":"       id=4 → {'id': '4', 'name': 'Eve', 'age': '34', 'department': 'Marketing', 'salary': '37192.56', 'working_hours': '28.4'}","logger":"task.stdout"}
{"timestamp":"2026-05-11T17:17:42.844568Z","level":"info","event":"       id=5 → {'id': '5', 'name': 'Alice', 'age': '54', 'department': 'Marketing', 'salary': '45630.3', 'working_hours': '37.0'}","logger":"task.stdout"}
{"timestamp":"2026-05-11T17:17:42.847790Z","level":"info","event":"       id=6 → {'id': '6', 'name': 'Grace', 'age': '41', 'department': 'Finance', 'salary': '46037.13', 'working_hours': '32.7'}","logger":"task.stdout"}
{"timestamp":"2026-05-11T17:17:42.852433Z","level":"info","event":"       id=7 → {'id': '7', 'name': 'Diana', 'age': '50', 'department': 'Operations', 'salary': '99111.24', 'working_hours': '49.1'}","logger":"task.stdout"}
{"timestamp":"2026-05-11T17:17:42.862886Z","level":"info","event":"       id=8 → {'id': '8', 'name': 'Hank', 'age': '45', 'department': 'HR', 'salary': '80082.39', 'working_hours': '25.3'}","logger":"task.stdout"}
{"timestamp":"2026-05-11T17:17:42.865100Z","level":"info","event":"       id=9 → {'id': '9', 'name': 'Eve', 'age': '51', 'department': 'Sales', 'salary': '91583.22', 'working_hours': '46.6'}","logger":"task.stdout"}
{"timestamp":"2026-05-11T17:17:42.865754Z","level":"info","event":"       id=10 → {'id': '10', 'name': 'Bob', 'age': '49', 'department': 'Marketing', 'salary': '51326.83', 'working_hours': '58.0'}","logger":"task.stdout"}
{"timestamp":"2026-05-11T17:17:42.866127Z","level":"info","event":"       id=11 → {'id': '11', 'name': 'Bob', 'age': '26', 'department': 'Finance', 'salary': '79130.28', 'working_hours': '34.9'}","logger":"task.stdout"}
{"timestamp":"2026-05-11T17:17:42.871942Z","level":"info","event":"       id=12 → {'id': '12', 'name': 'Bob', 'age': '30', 'department': 'Marketing', 'salary': '94209.42', 'working_hours': '36.2'}","logger":"task.stdout"}
{"timestamp":"2026-05-11T17:17:42.872407Z","level":"info","event":"       id=13 → {'id': '13', 'name': 'Eve', 'age': '32', 'department': 'Operations', 'salary': '33699.41', 'working_hours': '45.7'}","logger":"task.stdout"}
{"timestamp":"2026-05-11T17:17:42.873348Z","level":"info","event":"       id=14 → {'id': '14', 'name': 'Alice', 'age': '57', 'department': 'Finance', 'salary': '75781.32', 'working_hours': '48.1'}","logger":"task.stdout"}
{"timestamp":"2026-05-11T17:17:42.873806Z","level":"info","event":"       id=15 → {'id': '15', 'name': 'Alice', 'age': '27', 'department': 'HR', 'salary': '49382.31', 'working_hours': '27.3'}","logger":"task.stdout"}
{"timestamp":"2026-05-11T17:17:42.874121Z","level":"info","event":"       id=16 → {'id': '16', 'name': 'Alice', 'age': '33', 'department': 'Operations', 'salary': '35000.73', 'working_hours': '53.3'}","logger":"task.stdout"}
{"timestamp":"2026-05-11T17:17:42.874414Z","level":"info","event":"       id=17 → {'id': '17', 'name': 'Grace', 'age': '47', 'department': 'Finance', 'salary': '40515.9', 'working_hours': '46.7'}","logger":"task.stdout"}
{"timestamp":"2026-05-11T17:17:42.875249Z","level":"info","event":"       id=18 → {'id': '18', 'name': 'Diana', 'age': '47', 'department': 'Finance', 'salary': '33249.0', 'working_hours': '57.8'}","logger":"task.stdout"}
{"timestamp":"2026-05-11T17:17:42.875569Z","level":"info","event":"       id=19 → {'id': '19', 'name': 'Grace', 'age': '29', 'department': 'Operations', 'salary': '78156.74', 'working_hours': '26.2'}","logger":"task.stdout"}
{"timestamp":"2026-05-11T17:17:42.875905Z","level":"info","event":"       id=20 → {'id': '20', 'name': 'Charlie', 'age': '27', 'department': 'Marketing', 'salary': '103333.27', 'working_hours': '56.8'}","logger":"task.stdout"}
{"timestamp":"2026-05-11T17:17:42.876302Z","level":"info","event":"[INFO] result.csv found — upsert.","logger":"task.stdout"}
{"timestamp":"2026-05-11T17:17:42.877131Z","level":"info","event":"[INFO] In existing result.csv 20 rows.","logger":"task.stdout"}
{"timestamp":"2026-05-11T17:17:42.877668Z","level":"info","event":"       UPDATE  id=1","logger":"task.stdout"}
{"timestamp":"2026-05-11T17:17:42.878443Z","level":"info","event":"       UPDATE  id=2","logger":"task.stdout"}
{"timestamp":"2026-05-11T17:17:42.878840Z","level":"info","event":"       UPDATE  id=3","logger":"task.stdout"}
{"timestamp":"2026-05-11T17:17:42.882300Z","level":"info","event":"       UPDATE  id=4","logger":"task.stdout"}
{"timestamp":"2026-05-11T17:17:42.882869Z","level":"info","event":"       UPDATE  id=5","logger":"task.stdout"}
{"timestamp":"2026-05-11T17:17:42.885318Z","level":"info","event":"       UPDATE  id=6","logger":"task.stdout"}
{"timestamp":"2026-05-11T17:17:42.885923Z","level":"info","event":"       UPDATE  id=7","logger":"task.stdout"}
{"timestamp":"2026-05-11T17:17:42.886267Z","level":"info","event":"       UPDATE  id=8","logger":"task.stdout"}
{"timestamp":"2026-05-11T17:17:42.886588Z","level":"info","event":"       UPDATE  id=9","logger":"task.stdout"}
{"timestamp":"2026-05-11T17:17:42.890768Z","level":"info","event":"       UPDATE  id=10","logger":"task.stdout"}
{"timestamp":"2026-05-11T17:17:42.891243Z","level":"info","event":"       UPDATE  id=11","logger":"task.stdout"}
{"timestamp":"2026-05-11T17:17:42.891603Z","level":"info","event":"       UPDATE  id=12","logger":"task.stdout"}
{"timestamp":"2026-05-11T17:17:42.892590Z","level":"info","event":"       UPDATE  id=13","logger":"task.stdout"}
{"timestamp":"2026-05-11T17:17:42.893192Z","level":"info","event":"       UPDATE  id=14","logger":"task.stdout"}
{"timestamp":"2026-05-11T17:17:42.896890Z","level":"info","event":"       UPDATE  id=15","logger":"task.stdout"}
{"timestamp":"2026-05-11T17:17:42.897361Z","level":"info","event":"       UPDATE  id=16","logger":"task.stdout"}
{"timestamp":"2026-05-11T17:17:42.898346Z","level":"info","event":"       UPDATE  id=17","logger":"task.stdout"}
{"timestamp":"2026-05-11T17:17:42.898811Z","level":"info","event":"       UPDATE  id=18","logger":"task.stdout"}
{"timestamp":"2026-05-11T17:17:42.899170Z","level":"info","event":"       UPDATE  id=19","logger":"task.stdout"}
{"timestamp":"2026-05-11T17:17:42.903951Z","level":"info","event":"       UPDATE  id=20","logger":"task.stdout"}
{"timestamp":"2026-05-11T17:17:42.904425Z","level":"info","event":"[INFO] result.csv updated — total 20 rows.","logger":"task.stdout"}
{"timestamp":"2026-05-11T17:17:42.855256Z","level":"info","event":"Done. Returned value was: None","logger":"airflow.task.operators.airflow.providers.standard.operators.python.PythonOperator","filename":"python.py","lineno":229}
{"timestamp":"2026-05-11T17:17:43.136585Z","level":"info","event":"Task instance in success state","logger":"task.stdout"}
{"timestamp":"2026-05-11T17:17:43.137130Z","level":"info","event":" Previous state of the Task instance: TaskInstanceState.RUNNING","logger":"task.stdout"}
{"timestamp":"2026-05-11T17:17:43.137503Z","level":"info","event":"Task operator:<Task(PythonOperator): process_partition>","logger":"task.stdout"}
