{"timestamp":"2026-05-05T10:30:15.186218Z","level":"info","event":"DAG bundles loaded: dags-folder, example_dags","logger":"airflow.dag_processing.bundles.manager.DagBundlesManager","filename":"manager.py","lineno":209}
{"timestamp":"2026-05-05T10:30:15.188206Z","level":"info","event":"Filling up the DagBag from /opt/airflow/dags/print_interval_dag.py","logger":"airflow.dag_processing.dagbag.BundleDagBag","filename":"dagbag.py","lineno":469}
{"timestamp":"2026-05-05T10:30:15.200243Z","level":"warning","event":"The `airflow.operators.python.PythonOperator` attribute is deprecated. Please use `'airflow.providers.standard.operators.python.PythonOperator'`.","category":"UserWarning","filename":"/opt/airflow/dags/print_interval_dag.py","lineno":2,"logger":"py.warnings"}
{"timestamp":"2026-05-05T10:30:15.264716Z","level":"info","event":"Task instance is in running state","logger":"task.stdout"}
{"timestamp":"2026-05-05T10:30:15.266447Z","level":"info","event":" Previous state of the Task instance: TaskInstanceState.QUEUED","logger":"task.stdout"}
{"timestamp":"2026-05-05T10:30:15.267254Z","level":"info","event":"Current task name:print_interval","logger":"task.stdout"}
{"timestamp":"2026-05-05T10:30:15.269062Z","level":"info","event":"Dag name:print_interval_dag","logger":"task.stdout"}
{"timestamp":"2026-05-05T10:30:15.271743Z","level":"info","event":"Interval Start: 2025-05-16 00:00:00+00:00","logger":"task.stdout"}
{"timestamp":"2026-05-05T10:30:15.273206Z","level":"info","event":"Interval End:   2025-05-16 00:00:00+00:00","logger":"task.stdout"}
{"timestamp":"2026-05-05T10:30:15.270983Z","level":"info","event":"Done. Returned value was: None","logger":"airflow.task.operators.airflow.providers.standard.operators.python.PythonOperator","filename":"python.py","lineno":229}
{"timestamp":"2026-05-05T10:30:15.317885Z","level":"info","event":"Task instance in success state","logger":"task.stdout"}
{"timestamp":"2026-05-05T10:30:15.321700Z","level":"info","event":" Previous state of the Task instance: TaskInstanceState.RUNNING","logger":"task.stdout"}
{"timestamp":"2026-05-05T10:30:15.322337Z","level":"info","event":"Task operator:<Task(PythonOperator): print_interval>","logger":"task.stdout"}
{"timestamp":"2026-05-05T12:26:08.416332Z","level":"info","event":"DAG bundles loaded: dags-folder, example_dags","logger":"airflow.dag_processing.bundles.manager.DagBundlesManager","filename":"manager.py","lineno":209}
{"timestamp":"2026-05-05T12:26:08.426562Z","level":"info","event":"Filling up the DagBag from /opt/airflow/dags/print_interval_dag.py","logger":"airflow.dag_processing.dagbag.BundleDagBag","filename":"dagbag.py","lineno":469}
{"timestamp":"2026-05-05T12:26:08.510085Z","level":"info","event":"Task instance is in running state","logger":"task.stdout"}
{"timestamp":"2026-05-05T12:26:08.510658Z","level":"info","event":" Previous state of the Task instance: TaskInstanceState.QUEUED","logger":"task.stdout"}
{"timestamp":"2026-05-05T12:26:08.511377Z","level":"info","event":"Current task name:print_interval","logger":"task.stdout"}
{"timestamp":"2026-05-05T12:26:08.511974Z","level":"info","event":"Dag name:print_interval_dag","logger":"task.stdout"}
{"timestamp":"2026-05-05T12:26:08.514286Z","level":"info","event":"=== ALL AVAILABLE MACROS ===","logger":"task.stdout"}
{"timestamp":"2026-05-05T12:26:08.514938Z","level":"info","event":"dag: <DAG: print_interval_dag>","logger":"task.stdout"}
{"timestamp":"2026-05-05T12:26:08.515983Z","level":"info","event":"inlets: []","logger":"task.stdout"}
{"timestamp":"2026-05-05T12:26:08.516596Z","level":"info","event":"map_index_template: None","logger":"task.stdout"}
{"timestamp":"2026-05-05T12:26:08.517261Z","level":"info","event":"outlets: []","logger":"task.stdout"}
{"timestamp":"2026-05-05T12:26:08.517691Z","level":"info","event":"run_id: scheduled__2025-05-16T00:00:00+00:00","logger":"task.stdout"}
{"timestamp":"2026-05-05T12:26:08.518134Z","level":"info","event":"task: <Task(PythonOperator): print_interval>","logger":"task.stdout"}
{"timestamp":"2026-05-05T12:26:08.518724Z","level":"info","event":"task_instance: id=UUID('019df81a-4d5a-7c80-b836-f8838a41b961') task_id='print_interval' dag_id='print_interval_dag' run_id='scheduled__2025-05-16T00:00:00+00:00' try_number=1 dag_version_id=UUID('019df815-a045-750b-bac8-47ced7cc6a45') map_index=-1 hostname='86abe326db93' context_carrier={'traceparent': '00-8f8933eac3e2f6838ddddddf05a01e74-56464165d3a91991-01'} task=<Task(PythonOperator): print_interval> bundle_instance=LocalDagBundle(name=dags-folder) max_tries=0 start_date=datetime.datetime(2026, 5, 5, 12, 26, 7, 95824, tzinfo=datetime.timezone.utc) end_date=None state=<TaskInstanceState.RUNNING: 'running'> is_mapped=False rendered_map_index=None sentry_integration=''","logger":"task.stdout"}
{"timestamp":"2026-05-05T12:26:08.519542Z","level":"info","event":"ti: id=UUID('019df81a-4d5a-7c80-b836-f8838a41b961') task_id='print_interval' dag_id='print_interval_dag' run_id='scheduled__2025-05-16T00:00:00+00:00' try_number=1 dag_version_id=UUID('019df815-a045-750b-bac8-47ced7cc6a45') map_index=-1 hostname='86abe326db93' context_carrier={'traceparent': '00-8f8933eac3e2f6838ddddddf05a01e74-56464165d3a91991-01'} task=<Task(PythonOperator): print_interval> bundle_instance=LocalDagBundle(name=dags-folder) max_tries=0 start_date=datetime.datetime(2026, 5, 5, 12, 26, 7, 95824, tzinfo=datetime.timezone.utc) end_date=None state=<TaskInstanceState.RUNNING: 'running'> is_mapped=False rendered_map_index=None sentry_integration=''","logger":"task.stdout"}
{"timestamp":"2026-05-05T12:26:08.519959Z","level":"info","event":"outlet_events: OutletEventAccessors(_dict={})","logger":"task.stdout"}
{"timestamp":"2026-05-05T12:26:08.520434Z","level":"info","event":"inlet_events: InletEventsAccessors(_inlets=[], _assets={}, _asset_aliases={})","logger":"task.stdout"}
{"timestamp":"2026-05-05T12:26:08.520852Z","level":"info","event":"macros: <MacrosAccessor (dynamic access to macros)>","logger":"task.stdout"}
{"timestamp":"2026-05-05T12:26:08.521266Z","level":"info","event":"params: {}","logger":"task.stdout"}
{"timestamp":"2026-05-05T12:26:08.521658Z","level":"info","event":"var: {'json': <VariableAccessor (dynamic access)>, 'value': <VariableAccessor (dynamic access)>}","logger":"task.stdout"}
{"timestamp":"2026-05-05T12:26:08.522138Z","level":"info","event":"conn: <ConnectionAccessor (dynamic access)>","logger":"task.stdout"}
{"timestamp":"2026-05-05T12:26:08.522693Z","level":"info","event":"dag_run: dag_id='print_interval_dag' run_id='scheduled__2025-05-16T00:00:00+00:00' logical_date=datetime.datetime(2025, 5, 16, 0, 0, tzinfo=datetime.timezone.utc) data_interval_start=datetime.datetime(2025, 5, 16, 0, 0, tzinfo=datetime.timezone.utc) data_interval_end=datetime.datetime(2025, 5, 16, 0, 0, tzinfo=datetime.timezone.utc) run_after=datetime.datetime(2025, 5, 16, 0, 0, tzinfo=datetime.timezone.utc) start_date=datetime.datetime(2026, 5, 5, 12, 26, 6, 626130, tzinfo=datetime.timezone.utc) end_date=None clear_number=0 run_type=<DagRunType.SCHEDULED: 'scheduled'> state=<DagRunState.RUNNING: 'running'> conf={} triggering_user_name=None consumed_asset_events=[] partition_key=None note=None","logger":"task.stdout"}
{"timestamp":"2026-05-05T12:26:08.523078Z","level":"info","event":"triggering_asset_events: TriggeringAssetEventAccessor(_events=defaultdict(<class 'list'>, {}))","logger":"task.stdout"}
{"timestamp":"2026-05-05T12:26:08.523581Z","level":"info","event":"task_instance_key_str: print_interval_dag__print_interval__20250516","logger":"task.stdout"}
{"timestamp":"2026-05-05T12:26:08.523960Z","level":"info","event":"task_reschedule_count: 0","logger":"task.stdout"}
{"timestamp":"2026-05-05T12:26:08.555595Z","level":"info","event":"prev_start_date_success: 2026-05-05 12:26:05.596545+00:00","logger":"task.stdout"}
{"timestamp":"2026-05-05T12:26:08.556960Z","level":"info","event":"prev_end_date_success: 2026-05-05 12:26:08.017680+00:00","logger":"task.stdout"}
{"timestamp":"2026-05-05T12:26:08.557520Z","level":"info","event":"logical_date: 2025-05-16 00:00:00+00:00","logger":"task.stdout"}
{"timestamp":"2026-05-05T12:26:08.557982Z","level":"info","event":"ds: 2025-05-16","logger":"task.stdout"}
{"timestamp":"2026-05-05T12:26:08.558811Z","level":"info","event":"ds_nodash: 20250516","logger":"task.stdout"}
{"timestamp":"2026-05-05T12:26:08.559389Z","level":"info","event":"ts: 2025-05-16T00:00:00+00:00","logger":"task.stdout"}
{"timestamp":"2026-05-05T12:26:08.559871Z","level":"info","event":"ts_nodash: 20250516T000000","logger":"task.stdout"}
{"timestamp":"2026-05-05T12:26:08.560408Z","level":"info","event":"ts_nodash_with_tz: 20250516T000000+0000","logger":"task.stdout"}
{"timestamp":"2026-05-05T12:26:08.560891Z","level":"info","event":"data_interval_end: 2025-05-16 00:00:00+00:00","logger":"task.stdout"}
{"timestamp":"2026-05-05T12:26:08.561391Z","level":"info","event":"data_interval_start: 2025-05-16 00:00:00+00:00","logger":"task.stdout"}
{"timestamp":"2026-05-05T12:26:08.562370Z","level":"info","event":"prev_data_interval_start_success: 2025-05-15 18:00:00+00:00","logger":"task.stdout"}
{"timestamp":"2026-05-05T12:26:08.562862Z","level":"info","event":"prev_data_interval_end_success: 2025-05-15 18:00:00+00:00","logger":"task.stdout"}
{"timestamp":"2026-05-05T12:26:08.563364Z","level":"info","event":"templates_dict: None","logger":"task.stdout"}
{"timestamp":"2026-05-05T12:26:08.554861Z","level":"info","event":"Done. Returned value was: None","logger":"airflow.task.operators.airflow.providers.standard.operators.python.PythonOperator","filename":"python.py","lineno":229}
{"timestamp":"2026-05-05T12:26:08.641911Z","level":"info","event":"Task instance in success state","logger":"task.stdout"}
{"timestamp":"2026-05-05T12:26:08.642433Z","level":"info","event":" Previous state of the Task instance: TaskInstanceState.RUNNING","logger":"task.stdout"}
{"timestamp":"2026-05-05T12:26:08.642935Z","level":"info","event":"Task operator:<Task(PythonOperator): print_interval>","logger":"task.stdout"}
