{"timestamp":"2026-05-05T10:30:42.296798Z","level":"info","event":"DAG bundles loaded: dags-folder, example_dags","logger":"airflow.dag_processing.bundles.manager.DagBundlesManager","filename":"manager.py","lineno":209}
{"timestamp":"2026-05-05T10:30:42.303511Z","level":"info","event":"Filling up the DagBag from /opt/airflow/dags/print_interval_dag.py","logger":"airflow.dag_processing.dagbag.BundleDagBag","filename":"dagbag.py","lineno":469}
{"timestamp":"2026-05-05T10:30:42.319873Z","level":"warning","event":"The `airflow.operators.python.PythonOperator` attribute is deprecated. Please use `'airflow.providers.standard.operators.python.PythonOperator'`.","category":"UserWarning","filename":"/opt/airflow/dags/print_interval_dag.py","lineno":2,"logger":"py.warnings"}
{"timestamp":"2026-05-05T10:30:42.410693Z","level":"info","event":"Task instance is in running state","logger":"task.stdout"}
{"timestamp":"2026-05-05T10:30:42.413306Z","level":"info","event":" Previous state of the Task instance: TaskInstanceState.QUEUED","logger":"task.stdout"}
{"timestamp":"2026-05-05T10:30:42.414095Z","level":"info","event":"Current task name:print_interval","logger":"task.stdout"}
{"timestamp":"2026-05-05T10:30:42.415164Z","level":"info","event":"Dag name:print_interval_dag","logger":"task.stdout"}
{"timestamp":"2026-05-05T10:30:42.415820Z","level":"info","event":"Interval Start: 2025-05-23 00:00:00+00:00","logger":"task.stdout"}
{"timestamp":"2026-05-05T10:30:42.416294Z","level":"info","event":"Interval End:   2025-05-23 00:00:00+00:00","logger":"task.stdout"}
{"timestamp":"2026-05-05T10:30:42.414437Z","level":"info","event":"Done. Returned value was: None","logger":"airflow.task.operators.airflow.providers.standard.operators.python.PythonOperator","filename":"python.py","lineno":229}
{"timestamp":"2026-05-05T10:30:42.483865Z","level":"info","event":"Task instance in success state","logger":"task.stdout"}
{"timestamp":"2026-05-05T10:30:42.487381Z","level":"info","event":" Previous state of the Task instance: TaskInstanceState.RUNNING","logger":"task.stdout"}
{"timestamp":"2026-05-05T10:30:42.488562Z","level":"info","event":"Task operator:<Task(PythonOperator): print_interval>","logger":"task.stdout"}
{"timestamp":"2026-05-05T12:26:37.749289Z","level":"info","event":"DAG bundles loaded: dags-folder, example_dags","logger":"airflow.dag_processing.bundles.manager.DagBundlesManager","filename":"manager.py","lineno":209}
{"timestamp":"2026-05-05T12:26:37.752345Z","level":"info","event":"Filling up the DagBag from /opt/airflow/dags/print_interval_dag.py","logger":"airflow.dag_processing.dagbag.BundleDagBag","filename":"dagbag.py","lineno":469}
{"timestamp":"2026-05-05T12:26:37.846646Z","level":"info","event":"Task instance is in running state","logger":"task.stdout"}
{"timestamp":"2026-05-05T12:26:37.847211Z","level":"info","event":" Previous state of the Task instance: TaskInstanceState.QUEUED","logger":"task.stdout"}
{"timestamp":"2026-05-05T12:26:37.847781Z","level":"info","event":"Current task name:print_interval","logger":"task.stdout"}
{"timestamp":"2026-05-05T12:26:37.849634Z","level":"info","event":"Dag name:print_interval_dag","logger":"task.stdout"}
{"timestamp":"2026-05-05T12:26:37.851701Z","level":"info","event":"=== ALL AVAILABLE MACROS ===","logger":"task.stdout"}
{"timestamp":"2026-05-05T12:26:37.852365Z","level":"info","event":"dag: <DAG: print_interval_dag>","logger":"task.stdout"}
{"timestamp":"2026-05-05T12:26:37.852936Z","level":"info","event":"inlets: []","logger":"task.stdout"}
{"timestamp":"2026-05-05T12:26:37.854661Z","level":"info","event":"map_index_template: None","logger":"task.stdout"}
{"timestamp":"2026-05-05T12:26:37.855666Z","level":"info","event":"outlets: []","logger":"task.stdout"}
{"timestamp":"2026-05-05T12:26:37.856195Z","level":"info","event":"run_id: scheduled__2025-05-23T00:00:00+00:00","logger":"task.stdout"}
{"timestamp":"2026-05-05T12:26:37.858835Z","level":"info","event":"task: <Task(PythonOperator): print_interval>","logger":"task.stdout"}
{"timestamp":"2026-05-05T12:26:37.864808Z","level":"info","event":"task_instance: id=UUID('019df81a-c2b1-718f-9561-ce17f5c67a7b') task_id='print_interval' dag_id='print_interval_dag' run_id='scheduled__2025-05-23T00:00:00+00:00' try_number=1 dag_version_id=UUID('019df815-a045-750b-bac8-47ced7cc6a45') map_index=-1 hostname='86abe326db93' context_carrier={'traceparent': '00-e2ba7b7d94c22c9716245d518a023f9c-4194acd39a6c213e-01'} task=<Task(PythonOperator): print_interval> bundle_instance=LocalDagBundle(name=dags-folder) max_tries=0 start_date=datetime.datetime(2026, 5, 5, 12, 26, 36, 903190, tzinfo=datetime.timezone.utc) end_date=None state=<TaskInstanceState.RUNNING: 'running'> is_mapped=False rendered_map_index=None sentry_integration=''","logger":"task.stdout"}
{"timestamp":"2026-05-05T12:26:37.866569Z","level":"info","event":"ti: id=UUID('019df81a-c2b1-718f-9561-ce17f5c67a7b') task_id='print_interval' dag_id='print_interval_dag' run_id='scheduled__2025-05-23T00:00:00+00:00' try_number=1 dag_version_id=UUID('019df815-a045-750b-bac8-47ced7cc6a45') map_index=-1 hostname='86abe326db93' context_carrier={'traceparent': '00-e2ba7b7d94c22c9716245d518a023f9c-4194acd39a6c213e-01'} task=<Task(PythonOperator): print_interval> bundle_instance=LocalDagBundle(name=dags-folder) max_tries=0 start_date=datetime.datetime(2026, 5, 5, 12, 26, 36, 903190, tzinfo=datetime.timezone.utc) end_date=None state=<TaskInstanceState.RUNNING: 'running'> is_mapped=False rendered_map_index=None sentry_integration=''","logger":"task.stdout"}
{"timestamp":"2026-05-05T12:26:37.867061Z","level":"info","event":"outlet_events: OutletEventAccessors(_dict={})","logger":"task.stdout"}
{"timestamp":"2026-05-05T12:26:37.867634Z","level":"info","event":"inlet_events: InletEventsAccessors(_inlets=[], _assets={}, _asset_aliases={})","logger":"task.stdout"}
{"timestamp":"2026-05-05T12:26:37.869905Z","level":"info","event":"macros: <MacrosAccessor (dynamic access to macros)>","logger":"task.stdout"}
{"timestamp":"2026-05-05T12:26:37.870658Z","level":"info","event":"params: {}","logger":"task.stdout"}
{"timestamp":"2026-05-05T12:26:37.871103Z","level":"info","event":"var: {'json': <VariableAccessor (dynamic access)>, 'value': <VariableAccessor (dynamic access)>}","logger":"task.stdout"}
{"timestamp":"2026-05-05T12:26:37.871543Z","level":"info","event":"conn: <ConnectionAccessor (dynamic access)>","logger":"task.stdout"}
{"timestamp":"2026-05-05T12:26:37.871995Z","level":"info","event":"dag_run: dag_id='print_interval_dag' run_id='scheduled__2025-05-23T00:00:00+00:00' logical_date=datetime.datetime(2025, 5, 23, 0, 0, tzinfo=datetime.timezone.utc) data_interval_start=datetime.datetime(2025, 5, 23, 0, 0, tzinfo=datetime.timezone.utc) data_interval_end=datetime.datetime(2025, 5, 23, 0, 0, tzinfo=datetime.timezone.utc) run_after=datetime.datetime(2025, 5, 23, 0, 0, tzinfo=datetime.timezone.utc) start_date=datetime.datetime(2026, 5, 5, 12, 26, 36, 624402, tzinfo=datetime.timezone.utc) end_date=None clear_number=0 run_type=<DagRunType.SCHEDULED: 'scheduled'> state=<DagRunState.RUNNING: 'running'> conf={} triggering_user_name=None consumed_asset_events=[] partition_key=None note=None","logger":"task.stdout"}
{"timestamp":"2026-05-05T12:26:37.873566Z","level":"info","event":"triggering_asset_events: TriggeringAssetEventAccessor(_events=defaultdict(<class 'list'>, {}))","logger":"task.stdout"}
{"timestamp":"2026-05-05T12:26:37.874105Z","level":"info","event":"task_instance_key_str: print_interval_dag__print_interval__20250523","logger":"task.stdout"}
{"timestamp":"2026-05-05T12:26:37.874473Z","level":"info","event":"task_reschedule_count: 0","logger":"task.stdout"}
{"timestamp":"2026-05-05T12:26:37.900137Z","level":"info","event":"prev_start_date_success: 2026-05-05 12:26:35.698591+00:00","logger":"task.stdout"}
{"timestamp":"2026-05-05T12:26:37.900836Z","level":"info","event":"prev_end_date_success: 2026-05-05 12:26:37.517177+00:00","logger":"task.stdout"}
{"timestamp":"2026-05-05T12:26:37.902469Z","level":"info","event":"logical_date: 2025-05-23 00:00:00+00:00","logger":"task.stdout"}
{"timestamp":"2026-05-05T12:26:37.903179Z","level":"info","event":"ds: 2025-05-23","logger":"task.stdout"}
{"timestamp":"2026-05-05T12:26:37.904283Z","level":"info","event":"ds_nodash: 20250523","logger":"task.stdout"}
{"timestamp":"2026-05-05T12:26:37.904798Z","level":"info","event":"ts: 2025-05-23T00:00:00+00:00","logger":"task.stdout"}
{"timestamp":"2026-05-05T12:26:37.905349Z","level":"info","event":"ts_nodash: 20250523T000000","logger":"task.stdout"}
{"timestamp":"2026-05-05T12:26:37.909443Z","level":"info","event":"ts_nodash_with_tz: 20250523T000000+0000","logger":"task.stdout"}
{"timestamp":"2026-05-05T12:26:37.910008Z","level":"info","event":"data_interval_end: 2025-05-23 00:00:00+00:00","logger":"task.stdout"}
{"timestamp":"2026-05-05T12:26:37.911035Z","level":"info","event":"data_interval_start: 2025-05-23 00:00:00+00:00","logger":"task.stdout"}
{"timestamp":"2026-05-05T12:26:37.911780Z","level":"info","event":"prev_data_interval_start_success: 2025-05-22 18:00:00+00:00","logger":"task.stdout"}
{"timestamp":"2026-05-05T12:26:37.914783Z","level":"info","event":"prev_data_interval_end_success: 2025-05-22 18:00:00+00:00","logger":"task.stdout"}
{"timestamp":"2026-05-05T12:26:37.917261Z","level":"info","event":"templates_dict: None","logger":"task.stdout"}
{"timestamp":"2026-05-05T12:26:37.900484Z","level":"info","event":"Done. Returned value was: None","logger":"airflow.task.operators.airflow.providers.standard.operators.python.PythonOperator","filename":"python.py","lineno":229}
{"timestamp":"2026-05-05T12:26:38.023734Z","level":"info","event":"Task instance in success state","logger":"task.stdout"}
{"timestamp":"2026-05-05T12:26:38.026489Z","level":"info","event":" Previous state of the Task instance: TaskInstanceState.RUNNING","logger":"task.stdout"}
{"timestamp":"2026-05-05T12:26:38.029578Z","level":"info","event":"Task operator:<Task(PythonOperator): print_interval>","logger":"task.stdout"}
