{"timestamp":"2026-05-05T10:30:56.580594Z","level":"info","event":"DAG bundles loaded: dags-folder, example_dags","logger":"airflow.dag_processing.bundles.manager.DagBundlesManager","filename":"manager.py","lineno":209}
{"timestamp":"2026-05-05T10:30:56.583136Z","level":"info","event":"Filling up the DagBag from /opt/airflow/dags/print_interval_dag.py","logger":"airflow.dag_processing.dagbag.BundleDagBag","filename":"dagbag.py","lineno":469}
{"timestamp":"2026-05-05T10:30:56.597027Z","level":"warning","event":"The `airflow.operators.python.PythonOperator` attribute is deprecated. Please use `'airflow.providers.standard.operators.python.PythonOperator'`.","category":"UserWarning","filename":"/opt/airflow/dags/print_interval_dag.py","lineno":2,"logger":"py.warnings"}
{"timestamp":"2026-05-05T10:30:56.663361Z","level":"info","event":"Task instance is in running state","logger":"task.stdout"}
{"timestamp":"2026-05-05T10:30:56.666705Z","level":"info","event":" Previous state of the Task instance: TaskInstanceState.QUEUED","logger":"task.stdout"}
{"timestamp":"2026-05-05T10:30:56.667328Z","level":"info","event":"Current task name:print_interval","logger":"task.stdout"}
{"timestamp":"2026-05-05T10:30:56.667776Z","level":"info","event":"Dag name:print_interval_dag","logger":"task.stdout"}
{"timestamp":"2026-05-05T10:30:56.668421Z","level":"info","event":"Interval Start: 2025-05-26 12:00:00+00:00","logger":"task.stdout"}
{"timestamp":"2026-05-05T10:30:56.668896Z","level":"info","event":"Interval End:   2025-05-26 12:00:00+00:00","logger":"task.stdout"}
{"timestamp":"2026-05-05T10:30:56.665880Z","level":"info","event":"Done. Returned value was: None","logger":"airflow.task.operators.airflow.providers.standard.operators.python.PythonOperator","filename":"python.py","lineno":229}
{"timestamp":"2026-05-05T10:30:56.779722Z","level":"info","event":"Task instance in success state","logger":"task.stdout"}
{"timestamp":"2026-05-05T10:30:56.780966Z","level":"info","event":" Previous state of the Task instance: TaskInstanceState.RUNNING","logger":"task.stdout"}
{"timestamp":"2026-05-05T10:30:56.783457Z","level":"info","event":"Task operator:<Task(PythonOperator): print_interval>","logger":"task.stdout"}
{"timestamp":"2026-05-05T12:26:52.031208Z","level":"info","event":"DAG bundles loaded: dags-folder, example_dags","logger":"airflow.dag_processing.bundles.manager.DagBundlesManager","filename":"manager.py","lineno":209}
{"timestamp":"2026-05-05T12:26:52.032926Z","level":"info","event":"Filling up the DagBag from /opt/airflow/dags/print_interval_dag.py","logger":"airflow.dag_processing.dagbag.BundleDagBag","filename":"dagbag.py","lineno":469}
{"timestamp":"2026-05-05T12:26:52.089624Z","level":"info","event":"Task instance is in running state","logger":"task.stdout"}
{"timestamp":"2026-05-05T12:26:52.090299Z","level":"info","event":" Previous state of the Task instance: TaskInstanceState.QUEUED","logger":"task.stdout"}
{"timestamp":"2026-05-05T12:26:52.090757Z","level":"info","event":"Current task name:print_interval","logger":"task.stdout"}
{"timestamp":"2026-05-05T12:26:52.091249Z","level":"info","event":"Dag name:print_interval_dag","logger":"task.stdout"}
{"timestamp":"2026-05-05T12:26:52.093088Z","level":"info","event":"=== ALL AVAILABLE MACROS ===","logger":"task.stdout"}
{"timestamp":"2026-05-05T12:26:52.093798Z","level":"info","event":"dag: <DAG: print_interval_dag>","logger":"task.stdout"}
{"timestamp":"2026-05-05T12:26:52.094972Z","level":"info","event":"inlets: []","logger":"task.stdout"}
{"timestamp":"2026-05-05T12:26:52.095609Z","level":"info","event":"map_index_template: None","logger":"task.stdout"}
{"timestamp":"2026-05-05T12:26:52.096026Z","level":"info","event":"outlets: []","logger":"task.stdout"}
{"timestamp":"2026-05-05T12:26:52.097236Z","level":"info","event":"run_id: scheduled__2025-05-26T12:00:00+00:00","logger":"task.stdout"}
{"timestamp":"2026-05-05T12:26:52.097814Z","level":"info","event":"task: <Task(PythonOperator): print_interval>","logger":"task.stdout"}
{"timestamp":"2026-05-05T12:26:52.098716Z","level":"info","event":"task_instance: id=UUID('019df81a-f935-756d-95d7-41caf93194a5') task_id='print_interval' dag_id='print_interval_dag' run_id='scheduled__2025-05-26T12:00:00+00:00' try_number=1 dag_version_id=UUID('019df815-a045-750b-bac8-47ced7cc6a45') map_index=-1 hostname='86abe326db93' context_carrier={'traceparent': '00-dd9c34e9ec7be582ef03b2215f89fb73-e24d804e9a449be6-01'} task=<Task(PythonOperator): print_interval> bundle_instance=LocalDagBundle(name=dags-folder) max_tries=0 start_date=datetime.datetime(2026, 5, 5, 12, 26, 51, 23413, tzinfo=datetime.timezone.utc) end_date=None state=<TaskInstanceState.RUNNING: 'running'> is_mapped=False rendered_map_index=None sentry_integration=''","logger":"task.stdout"}
{"timestamp":"2026-05-05T12:26:52.099586Z","level":"info","event":"ti: id=UUID('019df81a-f935-756d-95d7-41caf93194a5') task_id='print_interval' dag_id='print_interval_dag' run_id='scheduled__2025-05-26T12:00:00+00:00' try_number=1 dag_version_id=UUID('019df815-a045-750b-bac8-47ced7cc6a45') map_index=-1 hostname='86abe326db93' context_carrier={'traceparent': '00-dd9c34e9ec7be582ef03b2215f89fb73-e24d804e9a449be6-01'} task=<Task(PythonOperator): print_interval> bundle_instance=LocalDagBundle(name=dags-folder) max_tries=0 start_date=datetime.datetime(2026, 5, 5, 12, 26, 51, 23413, tzinfo=datetime.timezone.utc) end_date=None state=<TaskInstanceState.RUNNING: 'running'> is_mapped=False rendered_map_index=None sentry_integration=''","logger":"task.stdout"}
{"timestamp":"2026-05-05T12:26:52.100118Z","level":"info","event":"outlet_events: OutletEventAccessors(_dict={})","logger":"task.stdout"}
{"timestamp":"2026-05-05T12:26:52.100538Z","level":"info","event":"inlet_events: InletEventsAccessors(_inlets=[], _assets={}, _asset_aliases={})","logger":"task.stdout"}
{"timestamp":"2026-05-05T12:26:52.101184Z","level":"info","event":"macros: <MacrosAccessor (dynamic access to macros)>","logger":"task.stdout"}
{"timestamp":"2026-05-05T12:26:52.101655Z","level":"info","event":"params: {}","logger":"task.stdout"}
{"timestamp":"2026-05-05T12:26:52.102615Z","level":"info","event":"var: {'json': <VariableAccessor (dynamic access)>, 'value': <VariableAccessor (dynamic access)>}","logger":"task.stdout"}
{"timestamp":"2026-05-05T12:26:52.103124Z","level":"info","event":"conn: <ConnectionAccessor (dynamic access)>","logger":"task.stdout"}
{"timestamp":"2026-05-05T12:26:52.103840Z","level":"info","event":"dag_run: dag_id='print_interval_dag' run_id='scheduled__2025-05-26T12:00:00+00:00' logical_date=datetime.datetime(2025, 5, 26, 12, 0, tzinfo=datetime.timezone.utc) data_interval_start=datetime.datetime(2025, 5, 26, 12, 0, tzinfo=datetime.timezone.utc) data_interval_end=datetime.datetime(2025, 5, 26, 12, 0, tzinfo=datetime.timezone.utc) run_after=datetime.datetime(2025, 5, 26, 12, 0, tzinfo=datetime.timezone.utc) start_date=datetime.datetime(2026, 5, 5, 12, 26, 50, 580121, tzinfo=datetime.timezone.utc) end_date=None clear_number=0 run_type=<DagRunType.SCHEDULED: 'scheduled'> state=<DagRunState.RUNNING: 'running'> conf={} triggering_user_name=None consumed_asset_events=[] partition_key=None note=None","logger":"task.stdout"}
{"timestamp":"2026-05-05T12:26:52.104255Z","level":"info","event":"triggering_asset_events: TriggeringAssetEventAccessor(_events=defaultdict(<class 'list'>, {}))","logger":"task.stdout"}
{"timestamp":"2026-05-05T12:26:52.104645Z","level":"info","event":"task_instance_key_str: print_interval_dag__print_interval__20250526","logger":"task.stdout"}
{"timestamp":"2026-05-05T12:26:52.105089Z","level":"info","event":"task_reschedule_count: 0","logger":"task.stdout"}
{"timestamp":"2026-05-05T12:26:52.128940Z","level":"info","event":"prev_start_date_success: 2026-05-05 12:26:49.581038+00:00","logger":"task.stdout"}
{"timestamp":"2026-05-05T12:26:52.130553Z","level":"info","event":"prev_end_date_success: 2026-05-05 12:26:51.680622+00:00","logger":"task.stdout"}
{"timestamp":"2026-05-05T12:26:52.131027Z","level":"info","event":"logical_date: 2025-05-26 12:00:00+00:00","logger":"task.stdout"}
{"timestamp":"2026-05-05T12:26:52.131451Z","level":"info","event":"ds: 2025-05-26","logger":"task.stdout"}
{"timestamp":"2026-05-05T12:26:52.132058Z","level":"info","event":"ds_nodash: 20250526","logger":"task.stdout"}
{"timestamp":"2026-05-05T12:26:52.132653Z","level":"info","event":"ts: 2025-05-26T12:00:00+00:00","logger":"task.stdout"}
{"timestamp":"2026-05-05T12:26:52.133151Z","level":"info","event":"ts_nodash: 20250526T120000","logger":"task.stdout"}
{"timestamp":"2026-05-05T12:26:52.133544Z","level":"info","event":"ts_nodash_with_tz: 20250526T120000+0000","logger":"task.stdout"}
{"timestamp":"2026-05-05T12:26:52.133991Z","level":"info","event":"data_interval_end: 2025-05-26 12:00:00+00:00","logger":"task.stdout"}
{"timestamp":"2026-05-05T12:26:52.134567Z","level":"info","event":"data_interval_start: 2025-05-26 12:00:00+00:00","logger":"task.stdout"}
{"timestamp":"2026-05-05T12:26:52.135012Z","level":"info","event":"prev_data_interval_start_success: 2025-05-26 06:00:00+00:00","logger":"task.stdout"}
{"timestamp":"2026-05-05T12:26:52.135456Z","level":"info","event":"prev_data_interval_end_success: 2025-05-26 06:00:00+00:00","logger":"task.stdout"}
{"timestamp":"2026-05-05T12:26:52.135788Z","level":"info","event":"templates_dict: None","logger":"task.stdout"}
{"timestamp":"2026-05-05T12:26:52.129383Z","level":"info","event":"Done. Returned value was: None","logger":"airflow.task.operators.airflow.providers.standard.operators.python.PythonOperator","filename":"python.py","lineno":229}
{"timestamp":"2026-05-05T12:26:52.172867Z","level":"info","event":"Task instance in success state","logger":"task.stdout"}
{"timestamp":"2026-05-05T12:26:52.179401Z","level":"info","event":" Previous state of the Task instance: TaskInstanceState.RUNNING","logger":"task.stdout"}
{"timestamp":"2026-05-05T12:26:52.180685Z","level":"info","event":"Task operator:<Task(PythonOperator): print_interval>","logger":"task.stdout"}
