{"timestamp":"2026-05-11T17:33:09.564451Z","level":"info","event":"DAG bundles loaded: dags-folder, example_dags","logger":"airflow.dag_processing.bundles.manager.DagBundlesManager","filename":"manager.py","lineno":209}
{"timestamp":"2026-05-11T17:33:09.578998Z","level":"info","event":"Filling up the DagBag from /opt/airflow/dags/csv_upsert_pipeline.py","logger":"airflow.dag_processing.dagbag.BundleDagBag","filename":"dagbag.py","lineno":469}
{"timestamp":"2026-05-11T17:33:10.372761Z","level":"info","event":"Task instance is in running state","logger":"task.stdout"}
{"timestamp":"2026-05-11T17:33:10.373592Z","level":"info","event":" Previous state of the Task instance: TaskInstanceState.QUEUED","logger":"task.stdout"}
{"timestamp":"2026-05-11T17:33:10.374061Z","level":"info","event":"Current task name:process_partition","logger":"task.stdout"}
{"timestamp":"2026-05-11T17:33:10.374486Z","level":"info","event":"Dag name:csv_upsert_pipeline","logger":"task.stdout"}
{"timestamp":"2026-05-11T17:33:10.394561Z","level":"info","event":"[INFO] data_interval_start : 2026-05-06 14:00:00+00:00","logger":"task.stdout"}
{"timestamp":"2026-05-11T17:33:10.395474Z","level":"info","event":"[INFO] data_interval_end   : 2026-05-06 14:00:00+00:00","logger":"task.stdout"}
{"timestamp":"2026-05-11T17:33:10.396037Z","level":"info","event":"[INFO] Processing partition: /data/time_stamp=2026-05-06-14","logger":"task.stdout"}
{"timestamp":"2026-05-11T17:33:16.041164Z","level":"error","event":"Setting default log level to \"WARN\".","logger":"task.stderr"}
{"timestamp":"2026-05-11T17:33:16.043055Z","level":"error","event":"To adjust logging level use sc.setLogLevel(newLevel). For SparkR, use setLogLevel(newLevel).","logger":"task.stderr"}
{"timestamp":"2026-05-11T17:33:16.655416Z","level":"error","event":"26/05/11 17:33:16 WARN NativeCodeLoader: Unable to load native-hadoop library for your platform... using builtin-java classes where applicable","logger":"task.stderr"}
{"timestamp":"2026-05-11T17:33:31.331568Z","level":"info","event":"[INFO] Total rows read: 53","logger":"task.stdout"}
{"timestamp":"2026-05-11T17:33:33.836227Z","level":"info","event":"[INFO] Resolved 17 unique IDs.","logger":"task.stdout"}
{"timestamp":"2026-05-11T17:33:33.870805Z","level":"info","event":"[INFO] result.csv found — upsert.","logger":"task.stdout"}
{"timestamp":"2026-05-11T17:33:35.248756Z","level":"info","event":"[INFO] Existing rows: 20","logger":"task.stdout"}
{"timestamp":"2026-05-11T17:33:38.866439Z","level":"error","event":"\r[Stage 0:>                                                          (0 + 1) / 1]\r\r                                                                                \r\r[Stage 21:>                                                         (0 + 1) / 1]\r26/05/11 17:33:38 ERROR Utils: Aborting task","logger":"task.stderr"}
{"timestamp":"2026-05-11T17:33:38.875336Z","level":"error","event":"org.apache.spark.SparkFileNotFoundException: File file:/output/result/part-00000-29bee261-d6cd-4c26-a8cc-c331518d033b-c000.csv does not exist","logger":"task.stderr"}
{"timestamp":"2026-05-11T17:33:38.876790Z","level":"error","event":"It is possible the underlying files have been updated. You can explicitly invalidate the cache in Spark by running 'REFRESH TABLE tableName' command in SQL or by recreating the Dataset/DataFrame involved.","logger":"task.stderr"}
{"timestamp":"2026-05-11T17:33:38.879595Z","level":"error","event":"\tat org.apache.spark.sql.errors.QueryExecutionErrors$.readCurrentFileNotFoundError(QueryExecutionErrors.scala:780)","logger":"task.stderr"}
{"timestamp":"2026-05-11T17:33:38.880310Z","level":"error","event":"\tat org.apache.spark.sql.execution.datasources.FileScanRDD$$anon$1.org$apache$spark$sql$execution$datasources$FileScanRDD$$anon$$readCurrentFile(FileScanRDD.scala:220)","logger":"task.stderr"}
{"timestamp":"2026-05-11T17:33:38.882113Z","level":"error","event":"\tat org.apache.spark.sql.execution.datasources.FileScanRDD$$anon$1.nextIterator(FileScanRDD.scala:279)","logger":"task.stderr"}
{"timestamp":"2026-05-11T17:33:38.884517Z","level":"error","event":"\tat org.apache.spark.sql.execution.datasources.FileScanRDD$$anon$1.hasNext(FileScanRDD.scala:129)","logger":"task.stderr"}
{"timestamp":"2026-05-11T17:33:38.888680Z","level":"error","event":"\tat scala.collection.Iterator$$anon$10.hasNext(Iterator.scala:460)","logger":"task.stderr"}
{"timestamp":"2026-05-11T17:33:38.889750Z","level":"error","event":"\tat org.apache.spark.sql.catalyst.expressions.GeneratedClass$GeneratedIteratorForCodegenStage5.processNext(Unknown Source)","logger":"task.stderr"}
{"timestamp":"2026-05-11T17:33:38.892111Z","level":"error","event":"\tat org.apache.spark.sql.execution.BufferedRowIterator.hasNext(BufferedRowIterator.java:43)","logger":"task.stderr"}
{"timestamp":"2026-05-11T17:33:38.893205Z","level":"error","event":"\tat org.apache.spark.sql.execution.WholeStageCodegenEvaluatorFactory$WholeStageCodegenPartitionEvaluator$$anon$1.hasNext(WholeStageCodegenEvaluatorFactory.scala:43)","logger":"task.stderr"}
{"timestamp":"2026-05-11T17:33:38.895898Z","level":"error","event":"\tat scala.collection.Iterator$$anon$11.hasNext(Iterator.scala:490)","logger":"task.stderr"}
{"timestamp":"2026-05-11T17:33:38.896620Z","level":"error","event":"\tat org.apache.spark.sql.execution.datasources.FileFormatDataWriter.writeWithIterator(FileFormatDataWriter.scala:91)","logger":"task.stderr"}
{"timestamp":"2026-05-11T17:33:38.897529Z","level":"error","event":"\tat org.apache.spark.sql.execution.datasources.FileFormatWriter$.$anonfun$executeTask$1(FileFormatWriter.scala:403)","logger":"task.stderr"}
{"timestamp":"2026-05-11T17:33:38.901049Z","level":"error","event":"\tat org.apache.spark.util.Utils$.tryWithSafeFinallyAndFailureCallbacks(Utils.scala:1397)","logger":"task.stderr"}
{"timestamp":"2026-05-11T17:33:38.903377Z","level":"error","event":"\tat org.apache.spark.sql.execution.datasources.FileFormatWriter$.executeTask(FileFormatWriter.scala:410)","logger":"task.stderr"}
{"timestamp":"2026-05-11T17:33:38.906547Z","level":"error","event":"\tat org.apache.spark.sql.execution.datasources.WriteFilesExec.$anonfun$doExecuteWrite$1(WriteFiles.scala:100)","logger":"task.stderr"}
{"timestamp":"2026-05-11T17:33:38.907258Z","level":"error","event":"\tat org.apache.spark.rdd.RDD.$anonfun$mapPartitionsInternal$2(RDD.scala:893)","logger":"task.stderr"}
{"timestamp":"2026-05-11T17:33:38.907739Z","level":"error","event":"\tat org.apache.spark.rdd.RDD.$anonfun$mapPartitionsInternal$2$adapted(RDD.scala:893)","logger":"task.stderr"}
{"timestamp":"2026-05-11T17:33:38.908181Z","level":"error","event":"\tat org.apache.spark.rdd.MapPartitionsRDD.compute(MapPartitionsRDD.scala:52)","logger":"task.stderr"}
{"timestamp":"2026-05-11T17:33:38.909170Z","level":"error","event":"\tat org.apache.spark.rdd.RDD.computeOrReadCheckpoint(RDD.scala:367)","logger":"task.stderr"}
{"timestamp":"2026-05-11T17:33:38.914391Z","level":"error","event":"\tat org.apache.spark.rdd.RDD.iterator(RDD.scala:331)","logger":"task.stderr"}
{"timestamp":"2026-05-11T17:33:38.916839Z","level":"error","event":"\tat org.apache.spark.scheduler.ResultTask.runTask(ResultTask.scala:93)","logger":"task.stderr"}
{"timestamp":"2026-05-11T17:33:38.923842Z","level":"error","event":"\tat org.apache.spark.TaskContext.runTaskWithListeners(TaskContext.scala:166)","logger":"task.stderr"}
{"timestamp":"2026-05-11T17:33:38.931324Z","level":"error","event":"\tat org.apache.spark.scheduler.Task.run(Task.scala:141)","logger":"task.stderr"}
{"timestamp":"2026-05-11T17:33:38.931834Z","level":"error","event":"\tat org.apache.spark.executor.Executor$TaskRunner.$anonfun$run$4(Executor.scala:620)","logger":"task.stderr"}
{"timestamp":"2026-05-11T17:33:38.932768Z","level":"error","event":"\tat org.apache.spark.util.SparkErrorUtils.tryWithSafeFinally(SparkErrorUtils.scala:64)","logger":"task.stderr"}
{"timestamp":"2026-05-11T17:33:38.937023Z","level":"error","event":"\tat org.apache.spark.util.SparkErrorUtils.tryWithSafeFinally$(SparkErrorUtils.scala:61)","logger":"task.stderr"}
{"timestamp":"2026-05-11T17:33:38.939562Z","level":"error","event":"\tat org.apache.spark.util.Utils$.tryWithSafeFinally(Utils.scala:94)","logger":"task.stderr"}
{"timestamp":"2026-05-11T17:33:38.941056Z","level":"error","event":"\tat org.apache.spark.executor.Executor$TaskRunner.run(Executor.scala:623)","logger":"task.stderr"}
{"timestamp":"2026-05-11T17:33:38.941940Z","level":"error","event":"\tat java.base/java.util.concurrent.ThreadPoolExecutor.runWorker(ThreadPoolExecutor.java:1136)","logger":"task.stderr"}
{"timestamp":"2026-05-11T17:33:38.942554Z","level":"error","event":"\tat java.base/java.util.concurrent.ThreadPoolExecutor$Worker.run(ThreadPoolExecutor.java:635)","logger":"task.stderr"}
{"timestamp":"2026-05-11T17:33:38.943010Z","level":"error","event":"\tat java.base/java.lang.Thread.run(Thread.java:840)","logger":"task.stderr"}
{"timestamp":"2026-05-11T17:33:38.980367Z","level":"error","event":"26/05/11 17:33:38 ERROR FileFormatWriter: Job job_202605111733382652289216668514864_0021 aborted.","logger":"task.stderr"}
{"timestamp":"2026-05-11T17:33:38.981422Z","level":"error","event":"26/05/11 17:33:38 ERROR Executor: Exception in task 0.0 in stage 21.0 (TID 19)","logger":"task.stderr"}
{"timestamp":"2026-05-11T17:33:38.982012Z","level":"error","event":"org.apache.spark.SparkException: [TASK_WRITE_FAILED] Task failed while writing rows to file:/output/result.","logger":"task.stderr"}
{"timestamp":"2026-05-11T17:33:38.985549Z","level":"error","event":"\tat org.apache.spark.sql.errors.QueryExecutionErrors$.taskFailedWhileWritingRowsError(QueryExecutionErrors.scala:774)","logger":"task.stderr"}
{"timestamp":"2026-05-11T17:33:38.988261Z","level":"error","event":"\tat org.apache.spark.sql.execution.datasources.FileFormatWriter$.executeTask(FileFormatWriter.scala:420)","logger":"task.stderr"}
{"timestamp":"2026-05-11T17:33:38.989770Z","level":"error","event":"\tat org.apache.spark.sql.execution.datasources.WriteFilesExec.$anonfun$doExecuteWrite$1(WriteFiles.scala:100)","logger":"task.stderr"}
{"timestamp":"2026-05-11T17:33:38.992344Z","level":"error","event":"\tat org.apache.spark.rdd.RDD.$anonfun$mapPartitionsInternal$2(RDD.scala:893)","logger":"task.stderr"}
{"timestamp":"2026-05-11T17:33:38.996181Z","level":"error","event":"\tat org.apache.spark.rdd.RDD.$anonfun$mapPartitionsInternal$2$adapted(RDD.scala:893)","logger":"task.stderr"}
{"timestamp":"2026-05-11T17:33:38.996772Z","level":"error","event":"\tat org.apache.spark.rdd.MapPartitionsRDD.compute(MapPartitionsRDD.scala:52)","logger":"task.stderr"}
{"timestamp":"2026-05-11T17:33:38.998223Z","level":"error","event":"\tat org.apache.spark.rdd.RDD.computeOrReadCheckpoint(RDD.scala:367)","logger":"task.stderr"}
{"timestamp":"2026-05-11T17:33:39.005349Z","level":"error","event":"\tat org.apache.spark.rdd.RDD.iterator(RDD.scala:331)","logger":"task.stderr"}
{"timestamp":"2026-05-11T17:33:39.005935Z","level":"error","event":"\tat org.apache.spark.scheduler.ResultTask.runTask(ResultTask.scala:93)","logger":"task.stderr"}
{"timestamp":"2026-05-11T17:33:39.006773Z","level":"error","event":"\tat org.apache.spark.TaskContext.runTaskWithListeners(TaskContext.scala:166)","logger":"task.stderr"}
{"timestamp":"2026-05-11T17:33:39.007915Z","level":"error","event":"\tat org.apache.spark.scheduler.Task.run(Task.scala:141)","logger":"task.stderr"}
{"timestamp":"2026-05-11T17:33:39.008558Z","level":"error","event":"\tat org.apache.spark.executor.Executor$TaskRunner.$anonfun$run$4(Executor.scala:620)","logger":"task.stderr"}
{"timestamp":"2026-05-11T17:33:39.015577Z","level":"error","event":"\tat org.apache.spark.util.SparkErrorUtils.tryWithSafeFinally(SparkErrorUtils.scala:64)","logger":"task.stderr"}
{"timestamp":"2026-05-11T17:33:39.016418Z","level":"error","event":"\tat org.apache.spark.util.SparkErrorUtils.tryWithSafeFinally$(SparkErrorUtils.scala:61)","logger":"task.stderr"}
{"timestamp":"2026-05-11T17:33:39.019844Z","level":"error","event":"\tat org.apache.spark.util.Utils$.tryWithSafeFinally(Utils.scala:94)","logger":"task.stderr"}
{"timestamp":"2026-05-11T17:33:39.021151Z","level":"error","event":"\tat org.apache.spark.executor.Executor$TaskRunner.run(Executor.scala:623)","logger":"task.stderr"}
{"timestamp":"2026-05-11T17:33:39.022952Z","level":"error","event":"\tat java.base/java.util.concurrent.ThreadPoolExecutor.runWorker(ThreadPoolExecutor.java:1136)","logger":"task.stderr"}
{"timestamp":"2026-05-11T17:33:39.024473Z","level":"error","event":"\tat java.base/java.util.concurrent.ThreadPoolExecutor$Worker.run(ThreadPoolExecutor.java:635)","logger":"task.stderr"}
{"timestamp":"2026-05-11T17:33:39.025013Z","level":"error","event":"\tat java.base/java.lang.Thread.run(Thread.java:840)","logger":"task.stderr"}
{"timestamp":"2026-05-11T17:33:39.026947Z","level":"error","event":"Caused by: org.apache.spark.SparkFileNotFoundException: File file:/output/result/part-00000-29bee261-d6cd-4c26-a8cc-c331518d033b-c000.csv does not exist","logger":"task.stderr"}
{"timestamp":"2026-05-11T17:33:39.031283Z","level":"error","event":"It is possible the underlying files have been updated. You can explicitly invalidate the cache in Spark by running 'REFRESH TABLE tableName' command in SQL or by recreating the Dataset/DataFrame involved.","logger":"task.stderr"}
{"timestamp":"2026-05-11T17:33:39.031837Z","level":"error","event":"\tat org.apache.spark.sql.errors.QueryExecutionErrors$.readCurrentFileNotFoundError(QueryExecutionErrors.scala:780)","logger":"task.stderr"}
{"timestamp":"2026-05-11T17:33:39.033717Z","level":"error","event":"\tat org.apache.spark.sql.execution.datasources.FileScanRDD$$anon$1.org$apache$spark$sql$execution$datasources$FileScanRDD$$anon$$readCurrentFile(FileScanRDD.scala:220)","logger":"task.stderr"}
{"timestamp":"2026-05-11T17:33:39.034479Z","level":"error","event":"\tat org.apache.spark.sql.execution.datasources.FileScanRDD$$anon$1.nextIterator(FileScanRDD.scala:279)","logger":"task.stderr"}
{"timestamp":"2026-05-11T17:33:39.034969Z","level":"error","event":"\tat org.apache.spark.sql.execution.datasources.FileScanRDD$$anon$1.hasNext(FileScanRDD.scala:129)","logger":"task.stderr"}
{"timestamp":"2026-05-11T17:33:39.039285Z","level":"error","event":"\tat scala.collection.Iterator$$anon$10.hasNext(Iterator.scala:460)","logger":"task.stderr"}
{"timestamp":"2026-05-11T17:33:39.042422Z","level":"error","event":"\tat org.apache.spark.sql.catalyst.expressions.GeneratedClass$GeneratedIteratorForCodegenStage5.processNext(Unknown Source)","logger":"task.stderr"}
{"timestamp":"2026-05-11T17:33:39.044240Z","level":"error","event":"\tat org.apache.spark.sql.execution.BufferedRowIterator.hasNext(BufferedRowIterator.java:43)","logger":"task.stderr"}
{"timestamp":"2026-05-11T17:33:39.046632Z","level":"error","event":"\tat org.apache.spark.sql.execution.WholeStageCodegenEvaluatorFactory$WholeStageCodegenPartitionEvaluator$$anon$1.hasNext(WholeStageCodegenEvaluatorFactory.scala:43)","logger":"task.stderr"}
{"timestamp":"2026-05-11T17:33:39.047309Z","level":"error","event":"\tat scala.collection.Iterator$$anon$11.hasNext(Iterator.scala:490)","logger":"task.stderr"}
{"timestamp":"2026-05-11T17:33:39.047905Z","level":"error","event":"\tat org.apache.spark.sql.execution.datasources.FileFormatDataWriter.writeWithIterator(FileFormatDataWriter.scala:91)","logger":"task.stderr"}
{"timestamp":"2026-05-11T17:33:39.051325Z","level":"error","event":"\tat org.apache.spark.sql.execution.datasources.FileFormatWriter$.$anonfun$executeTask$1(FileFormatWriter.scala:403)","logger":"task.stderr"}
{"timestamp":"2026-05-11T17:33:39.052000Z","level":"error","event":"\tat org.apache.spark.util.Utils$.tryWithSafeFinallyAndFailureCallbacks(Utils.scala:1397)","logger":"task.stderr"}
{"timestamp":"2026-05-11T17:33:39.052754Z","level":"error","event":"\tat org.apache.spark.sql.execution.datasources.FileFormatWriter$.executeTask(FileFormatWriter.scala:410)","logger":"task.stderr"}
{"timestamp":"2026-05-11T17:33:39.053548Z","level":"error","event":"\t... 17 more","logger":"task.stderr"}
{"timestamp":"2026-05-11T17:33:39.054439Z","level":"error","event":"26/05/11 17:33:39 WARN TaskSetManager: Lost task 0.0 in stage 21.0 (TID 19) (5de4ab4cb1ae executor driver): org.apache.spark.SparkException: [TASK_WRITE_FAILED] Task failed while writing rows to file:/output/result.","logger":"task.stderr"}
{"timestamp":"2026-05-11T17:33:39.057329Z","level":"error","event":"\tat org.apache.spark.sql.errors.QueryExecutionErrors$.taskFailedWhileWritingRowsError(QueryExecutionErrors.scala:774)","logger":"task.stderr"}
{"timestamp":"2026-05-11T17:33:39.057880Z","level":"error","event":"\tat org.apache.spark.sql.execution.datasources.FileFormatWriter$.executeTask(FileFormatWriter.scala:420)","logger":"task.stderr"}
{"timestamp":"2026-05-11T17:33:39.060213Z","level":"error","event":"\tat org.apache.spark.sql.execution.datasources.WriteFilesExec.$anonfun$doExecuteWrite$1(WriteFiles.scala:100)","logger":"task.stderr"}
{"timestamp":"2026-05-11T17:33:39.061571Z","level":"error","event":"\tat org.apache.spark.rdd.RDD.$anonfun$mapPartitionsInternal$2(RDD.scala:893)","logger":"task.stderr"}
{"timestamp":"2026-05-11T17:33:39.062529Z","level":"error","event":"\tat org.apache.spark.rdd.RDD.$anonfun$mapPartitionsInternal$2$adapted(RDD.scala:893)","logger":"task.stderr"}
{"timestamp":"2026-05-11T17:33:39.065317Z","level":"error","event":"\tat org.apache.spark.rdd.MapPartitionsRDD.compute(MapPartitionsRDD.scala:52)","logger":"task.stderr"}
{"timestamp":"2026-05-11T17:33:39.066329Z","level":"error","event":"\tat org.apache.spark.rdd.RDD.computeOrReadCheckpoint(RDD.scala:367)","logger":"task.stderr"}
{"timestamp":"2026-05-11T17:33:39.067254Z","level":"error","event":"\tat org.apache.spark.rdd.RDD.iterator(RDD.scala:331)","logger":"task.stderr"}
{"timestamp":"2026-05-11T17:33:39.068239Z","level":"error","event":"\tat org.apache.spark.scheduler.ResultTask.runTask(ResultTask.scala:93)","logger":"task.stderr"}
{"timestamp":"2026-05-11T17:33:39.070517Z","level":"error","event":"\tat org.apache.spark.TaskContext.runTaskWithListeners(TaskContext.scala:166)","logger":"task.stderr"}
{"timestamp":"2026-05-11T17:33:39.072513Z","level":"error","event":"\tat org.apache.spark.scheduler.Task.run(Task.scala:141)","logger":"task.stderr"}
{"timestamp":"2026-05-11T17:33:39.073144Z","level":"error","event":"\tat org.apache.spark.executor.Executor$TaskRunner.$anonfun$run$4(Executor.scala:620)","logger":"task.stderr"}
{"timestamp":"2026-05-11T17:33:39.075851Z","level":"error","event":"\tat org.apache.spark.util.SparkErrorUtils.tryWithSafeFinally(SparkErrorUtils.scala:64)","logger":"task.stderr"}
{"timestamp":"2026-05-11T17:33:39.077225Z","level":"error","event":"\tat org.apache.spark.util.SparkErrorUtils.tryWithSafeFinally$(SparkErrorUtils.scala:61)","logger":"task.stderr"}
{"timestamp":"2026-05-11T17:33:39.079566Z","level":"error","event":"\tat org.apache.spark.util.Utils$.tryWithSafeFinally(Utils.scala:94)","logger":"task.stderr"}
{"timestamp":"2026-05-11T17:33:39.080382Z","level":"error","event":"\tat org.apache.spark.executor.Executor$TaskRunner.run(Executor.scala:623)","logger":"task.stderr"}
{"timestamp":"2026-05-11T17:33:39.081416Z","level":"error","event":"\tat java.base/java.util.concurrent.ThreadPoolExecutor.runWorker(ThreadPoolExecutor.java:1136)","logger":"task.stderr"}
{"timestamp":"2026-05-11T17:33:39.082273Z","level":"error","event":"\tat java.base/java.util.concurrent.ThreadPoolExecutor$Worker.run(ThreadPoolExecutor.java:635)","logger":"task.stderr"}
{"timestamp":"2026-05-11T17:33:39.082808Z","level":"error","event":"\tat java.base/java.lang.Thread.run(Thread.java:840)","logger":"task.stderr"}
{"timestamp":"2026-05-11T17:33:39.084529Z","level":"error","event":"Caused by: org.apache.spark.SparkFileNotFoundException: File file:/output/result/part-00000-29bee261-d6cd-4c26-a8cc-c331518d033b-c000.csv does not exist","logger":"task.stderr"}
{"timestamp":"2026-05-11T17:33:39.086256Z","level":"error","event":"It is possible the underlying files have been updated. You can explicitly invalidate the cache in Spark by running 'REFRESH TABLE tableName' command in SQL or by recreating the Dataset/DataFrame involved.","logger":"task.stderr"}
{"timestamp":"2026-05-11T17:33:39.087188Z","level":"error","event":"\tat org.apache.spark.sql.errors.QueryExecutionErrors$.readCurrentFileNotFoundError(QueryExecutionErrors.scala:780)","logger":"task.stderr"}
{"timestamp":"2026-05-11T17:33:39.088151Z","level":"error","event":"\tat org.apache.spark.sql.execution.datasources.FileScanRDD$$anon$1.org$apache$spark$sql$execution$datasources$FileScanRDD$$anon$$readCurrentFile(FileScanRDD.scala:220)","logger":"task.stderr"}
{"timestamp":"2026-05-11T17:33:39.088783Z","level":"error","event":"\tat org.apache.spark.sql.execution.datasources.FileScanRDD$$anon$1.nextIterator(FileScanRDD.scala:279)","logger":"task.stderr"}
{"timestamp":"2026-05-11T17:33:39.092430Z","level":"error","event":"\tat org.apache.spark.sql.execution.datasources.FileScanRDD$$anon$1.hasNext(FileScanRDD.scala:129)","logger":"task.stderr"}
{"timestamp":"2026-05-11T17:33:39.093647Z","level":"error","event":"\tat scala.collection.Iterator$$anon$10.hasNext(Iterator.scala:460)","logger":"task.stderr"}
{"timestamp":"2026-05-11T17:33:39.094375Z","level":"error","event":"\tat org.apache.spark.sql.catalyst.expressions.GeneratedClass$GeneratedIteratorForCodegenStage5.processNext(Unknown Source)","logger":"task.stderr"}
{"timestamp":"2026-05-11T17:33:39.095203Z","level":"error","event":"\tat org.apache.spark.sql.execution.BufferedRowIterator.hasNext(BufferedRowIterator.java:43)","logger":"task.stderr"}
{"timestamp":"2026-05-11T17:33:39.100840Z","level":"error","event":"\tat org.apache.spark.sql.execution.WholeStageCodegenEvaluatorFactory$WholeStageCodegenPartitionEvaluator$$anon$1.hasNext(WholeStageCodegenEvaluatorFactory.scala:43)","logger":"task.stderr"}
{"timestamp":"2026-05-11T17:33:39.101990Z","level":"error","event":"\tat scala.collection.Iterator$$anon$11.hasNext(Iterator.scala:490)","logger":"task.stderr"}
{"timestamp":"2026-05-11T17:33:39.103955Z","level":"error","event":"\tat org.apache.spark.sql.execution.datasources.FileFormatDataWriter.writeWithIterator(FileFormatDataWriter.scala:91)","logger":"task.stderr"}
{"timestamp":"2026-05-11T17:33:39.105861Z","level":"error","event":"\tat org.apache.spark.sql.execution.datasources.FileFormatWriter$.$anonfun$executeTask$1(FileFormatWriter.scala:403)","logger":"task.stderr"}
{"timestamp":"2026-05-11T17:33:39.106540Z","level":"error","event":"\tat org.apache.spark.util.Utils$.tryWithSafeFinallyAndFailureCallbacks(Utils.scala:1397)","logger":"task.stderr"}
{"timestamp":"2026-05-11T17:33:39.107248Z","level":"error","event":"\tat org.apache.spark.sql.execution.datasources.FileFormatWriter$.executeTask(FileFormatWriter.scala:410)","logger":"task.stderr"}
{"timestamp":"2026-05-11T17:33:39.108193Z","level":"error","event":"\t... 17 more","logger":"task.stderr"}
{"timestamp":"2026-05-11T17:33:39.108821Z","level":"error","event":"","logger":"task.stderr"}
{"timestamp":"2026-05-11T17:33:39.109473Z","level":"error","event":"26/05/11 17:33:39 ERROR TaskSetManager: Task 0 in stage 21.0 failed 1 times; aborting job","logger":"task.stderr"}
{"timestamp":"2026-05-11T17:33:39.111063Z","level":"error","event":"26/05/11 17:33:39 ERROR FileFormatWriter: Aborting job 646e547c-f5fe-44e7-a7b9-1cfd2eccda21.","logger":"task.stderr"}
{"timestamp":"2026-05-11T17:33:39.111782Z","level":"error","event":"org.apache.spark.SparkException: Job aborted due to stage failure: Task 0 in stage 21.0 failed 1 times, most recent failure: Lost task 0.0 in stage 21.0 (TID 19) (5de4ab4cb1ae executor driver): org.apache.spark.SparkException: [TASK_WRITE_FAILED] Task failed while writing rows to file:/output/result.","logger":"task.stderr"}
{"timestamp":"2026-05-11T17:33:39.113966Z","level":"error","event":"\tat org.apache.spark.sql.errors.QueryExecutionErrors$.taskFailedWhileWritingRowsError(QueryExecutionErrors.scala:774)","logger":"task.stderr"}
{"timestamp":"2026-05-11T17:33:39.114840Z","level":"error","event":"\tat org.apache.spark.sql.execution.datasources.FileFormatWriter$.executeTask(FileFormatWriter.scala:420)","logger":"task.stderr"}
{"timestamp":"2026-05-11T17:33:39.115623Z","level":"error","event":"\tat org.apache.spark.sql.execution.datasources.WriteFilesExec.$anonfun$doExecuteWrite$1(WriteFiles.scala:100)","logger":"task.stderr"}
{"timestamp":"2026-05-11T17:33:39.116258Z","level":"error","event":"\tat org.apache.spark.rdd.RDD.$anonfun$mapPartitionsInternal$2(RDD.scala:893)","logger":"task.stderr"}
{"timestamp":"2026-05-11T17:33:39.117630Z","level":"error","event":"\tat org.apache.spark.rdd.RDD.$anonfun$mapPartitionsInternal$2$adapted(RDD.scala:893)","logger":"task.stderr"}
{"timestamp":"2026-05-11T17:33:39.119387Z","level":"error","event":"\tat org.apache.spark.rdd.MapPartitionsRDD.compute(MapPartitionsRDD.scala:52)","logger":"task.stderr"}
{"timestamp":"2026-05-11T17:33:39.120023Z","level":"error","event":"\tat org.apache.spark.rdd.RDD.computeOrReadCheckpoint(RDD.scala:367)","logger":"task.stderr"}
{"timestamp":"2026-05-11T17:33:39.121553Z","level":"error","event":"\tat org.apache.spark.rdd.RDD.iterator(RDD.scala:331)","logger":"task.stderr"}
{"timestamp":"2026-05-11T17:33:39.122454Z","level":"error","event":"\tat org.apache.spark.scheduler.ResultTask.runTask(ResultTask.scala:93)","logger":"task.stderr"}
{"timestamp":"2026-05-11T17:33:39.125391Z","level":"error","event":"\tat org.apache.spark.TaskContext.runTaskWithListeners(TaskContext.scala:166)","logger":"task.stderr"}
{"timestamp":"2026-05-11T17:33:39.126054Z","level":"error","event":"\tat org.apache.spark.scheduler.Task.run(Task.scala:141)","logger":"task.stderr"}
{"timestamp":"2026-05-11T17:33:39.127567Z","level":"error","event":"\tat org.apache.spark.executor.Executor$TaskRunner.$anonfun$run$4(Executor.scala:620)","logger":"task.stderr"}
{"timestamp":"2026-05-11T17:33:39.128656Z","level":"error","event":"\tat org.apache.spark.util.SparkErrorUtils.tryWithSafeFinally(SparkErrorUtils.scala:64)","logger":"task.stderr"}
{"timestamp":"2026-05-11T17:33:39.130694Z","level":"error","event":"\tat org.apache.spark.util.SparkErrorUtils.tryWithSafeFinally$(SparkErrorUtils.scala:61)","logger":"task.stderr"}
{"timestamp":"2026-05-11T17:33:39.131519Z","level":"error","event":"\tat org.apache.spark.util.Utils$.tryWithSafeFinally(Utils.scala:94)","logger":"task.stderr"}
{"timestamp":"2026-05-11T17:33:39.132184Z","level":"error","event":"\tat org.apache.spark.executor.Executor$TaskRunner.run(Executor.scala:623)","logger":"task.stderr"}
{"timestamp":"2026-05-11T17:33:39.132819Z","level":"error","event":"\tat java.base/java.util.concurrent.ThreadPoolExecutor.runWorker(ThreadPoolExecutor.java:1136)","logger":"task.stderr"}
{"timestamp":"2026-05-11T17:33:39.133452Z","level":"error","event":"\tat java.base/java.util.concurrent.ThreadPoolExecutor$Worker.run(ThreadPoolExecutor.java:635)","logger":"task.stderr"}
{"timestamp":"2026-05-11T17:33:39.133891Z","level":"error","event":"\tat java.base/java.lang.Thread.run(Thread.java:840)","logger":"task.stderr"}
{"timestamp":"2026-05-11T17:33:39.134720Z","level":"error","event":"Caused by: org.apache.spark.SparkFileNotFoundException: File file:/output/result/part-00000-29bee261-d6cd-4c26-a8cc-c331518d033b-c000.csv does not exist","logger":"task.stderr"}
{"timestamp":"2026-05-11T17:33:39.135408Z","level":"error","event":"It is possible the underlying files have been updated. You can explicitly invalidate the cache in Spark by running 'REFRESH TABLE tableName' command in SQL or by recreating the Dataset/DataFrame involved.","logger":"task.stderr"}
{"timestamp":"2026-05-11T17:33:39.136042Z","level":"error","event":"\tat org.apache.spark.sql.errors.QueryExecutionErrors$.readCurrentFileNotFoundError(QueryExecutionErrors.scala:780)","logger":"task.stderr"}
{"timestamp":"2026-05-11T17:33:39.136634Z","level":"error","event":"\tat org.apache.spark.sql.execution.datasources.FileScanRDD$$anon$1.org$apache$spark$sql$execution$datasources$FileScanRDD$$anon$$readCurrentFile(FileScanRDD.scala:220)","logger":"task.stderr"}
{"timestamp":"2026-05-11T17:33:39.137148Z","level":"error","event":"\tat org.apache.spark.sql.execution.datasources.FileScanRDD$$anon$1.nextIterator(FileScanRDD.scala:279)","logger":"task.stderr"}
{"timestamp":"2026-05-11T17:33:39.137575Z","level":"error","event":"\tat org.apache.spark.sql.execution.datasources.FileScanRDD$$anon$1.hasNext(FileScanRDD.scala:129)","logger":"task.stderr"}
{"timestamp":"2026-05-11T17:33:39.138072Z","level":"error","event":"\tat scala.collection.Iterator$$anon$10.hasNext(Iterator.scala:460)","logger":"task.stderr"}
{"timestamp":"2026-05-11T17:33:39.138880Z","level":"error","event":"\tat org.apache.spark.sql.catalyst.expressions.GeneratedClass$GeneratedIteratorForCodegenStage5.processNext(Unknown Source)","logger":"task.stderr"}
{"timestamp":"2026-05-11T17:33:39.139558Z","level":"error","event":"\tat org.apache.spark.sql.execution.BufferedRowIterator.hasNext(BufferedRowIterator.java:43)","logger":"task.stderr"}
{"timestamp":"2026-05-11T17:33:39.140017Z","level":"error","event":"\tat org.apache.spark.sql.execution.WholeStageCodegenEvaluatorFactory$WholeStageCodegenPartitionEvaluator$$anon$1.hasNext(WholeStageCodegenEvaluatorFactory.scala:43)","logger":"task.stderr"}
{"timestamp":"2026-05-11T17:33:39.140466Z","level":"error","event":"\tat scala.collection.Iterator$$anon$11.hasNext(Iterator.scala:490)","logger":"task.stderr"}
{"timestamp":"2026-05-11T17:33:39.141306Z","level":"error","event":"\tat org.apache.spark.sql.execution.datasources.FileFormatDataWriter.writeWithIterator(FileFormatDataWriter.scala:91)","logger":"task.stderr"}
{"timestamp":"2026-05-11T17:33:39.141775Z","level":"error","event":"\tat org.apache.spark.sql.execution.datasources.FileFormatWriter$.$anonfun$executeTask$1(FileFormatWriter.scala:403)","logger":"task.stderr"}
{"timestamp":"2026-05-11T17:33:39.142156Z","level":"error","event":"\tat org.apache.spark.util.Utils$.tryWithSafeFinallyAndFailureCallbacks(Utils.scala:1397)","logger":"task.stderr"}
{"timestamp":"2026-05-11T17:33:39.142704Z","level":"error","event":"\tat org.apache.spark.sql.execution.datasources.FileFormatWriter$.executeTask(FileFormatWriter.scala:410)","logger":"task.stderr"}
{"timestamp":"2026-05-11T17:33:39.143208Z","level":"error","event":"\t... 17 more","logger":"task.stderr"}
{"timestamp":"2026-05-11T17:33:39.143826Z","level":"error","event":"","logger":"task.stderr"}
{"timestamp":"2026-05-11T17:33:39.145772Z","level":"error","event":"Driver stacktrace:","logger":"task.stderr"}
{"timestamp":"2026-05-11T17:33:39.146573Z","level":"error","event":"\tat org.apache.spark.scheduler.DAGScheduler.failJobAndIndependentStages(DAGScheduler.scala:2856)","logger":"task.stderr"}
{"timestamp":"2026-05-11T17:33:39.147534Z","level":"error","event":"\tat org.apache.spark.scheduler.DAGScheduler.$anonfun$abortStage$2(DAGScheduler.scala:2792)","logger":"task.stderr"}
{"timestamp":"2026-05-11T17:33:39.151736Z","level":"error","event":"\tat org.apache.spark.scheduler.DAGScheduler.$anonfun$abortStage$2$adapted(DAGScheduler.scala:2791)","logger":"task.stderr"}
{"timestamp":"2026-05-11T17:33:39.152310Z","level":"error","event":"\tat scala.collection.mutable.ResizableArray.foreach(ResizableArray.scala:62)","logger":"task.stderr"}
{"timestamp":"2026-05-11T17:33:39.152787Z","level":"error","event":"\tat scala.collection.mutable.ResizableArray.foreach$(ResizableArray.scala:55)","logger":"task.stderr"}
{"timestamp":"2026-05-11T17:33:39.153285Z","level":"error","event":"\tat scala.collection.mutable.ArrayBuffer.foreach(ArrayBuffer.scala:49)","logger":"task.stderr"}
{"timestamp":"2026-05-11T17:33:39.153768Z","level":"error","event":"\tat org.apache.spark.scheduler.DAGScheduler.abortStage(DAGScheduler.scala:2791)","logger":"task.stderr"}
{"timestamp":"2026-05-11T17:33:39.154241Z","level":"error","event":"\tat org.apache.spark.scheduler.DAGScheduler.$anonfun$handleTaskSetFailed$1(DAGScheduler.scala:1247)","logger":"task.stderr"}
{"timestamp":"2026-05-11T17:33:39.155368Z","level":"error","event":"\tat org.apache.spark.scheduler.DAGScheduler.$anonfun$handleTaskSetFailed$1$adapted(DAGScheduler.scala:1247)","logger":"task.stderr"}
{"timestamp":"2026-05-11T17:33:39.155827Z","level":"error","event":"\tat scala.Option.foreach(Option.scala:407)","logger":"task.stderr"}
{"timestamp":"2026-05-11T17:33:39.157422Z","level":"error","event":"\tat org.apache.spark.scheduler.DAGScheduler.handleTaskSetFailed(DAGScheduler.scala:1247)","logger":"task.stderr"}
{"timestamp":"2026-05-11T17:33:39.157796Z","level":"error","event":"\tat org.apache.spark.scheduler.DAGSchedulerEventProcessLoop.doOnReceive(DAGScheduler.scala:3060)","logger":"task.stderr"}
{"timestamp":"2026-05-11T17:33:39.159810Z","level":"error","event":"\tat org.apache.spark.scheduler.DAGSchedulerEventProcessLoop.onReceive(DAGScheduler.scala:2994)","logger":"task.stderr"}
{"timestamp":"2026-05-11T17:33:39.163113Z","level":"error","event":"\tat org.apache.spark.scheduler.DAGSchedulerEventProcessLoop.onReceive(DAGScheduler.scala:2983)","logger":"task.stderr"}
{"timestamp":"2026-05-11T17:33:39.163695Z","level":"error","event":"\tat org.apache.spark.util.EventLoop$$anon$1.run(EventLoop.scala:49)","logger":"task.stderr"}
{"timestamp":"2026-05-11T17:33:39.164218Z","level":"error","event":"\tat org.apache.spark.scheduler.DAGScheduler.runJob(DAGScheduler.scala:989)","logger":"task.stderr"}
{"timestamp":"2026-05-11T17:33:39.165388Z","level":"error","event":"\tat org.apache.spark.SparkContext.runJob(SparkContext.scala:2398)","logger":"task.stderr"}
{"timestamp":"2026-05-11T17:33:39.166368Z","level":"error","event":"\tat org.apache.spark.sql.execution.datasources.FileFormatWriter$.$anonfun$executeWrite$4(FileFormatWriter.scala:307)","logger":"task.stderr"}
{"timestamp":"2026-05-11T17:33:39.168444Z","level":"error","event":"\tat org.apache.spark.sql.execution.datasources.FileFormatWriter$.writeAndCommit(FileFormatWriter.scala:271)","logger":"task.stderr"}
{"timestamp":"2026-05-11T17:33:39.169090Z","level":"error","event":"\tat org.apache.spark.sql.execution.datasources.FileFormatWriter$.executeWrite(FileFormatWriter.scala:304)","logger":"task.stderr"}
{"timestamp":"2026-05-11T17:33:39.170445Z","level":"error","event":"\tat org.apache.spark.sql.execution.datasources.FileFormatWriter$.write(FileFormatWriter.scala:190)","logger":"task.stderr"}
{"timestamp":"2026-05-11T17:33:39.173235Z","level":"error","event":"\tat org.apache.spark.sql.execution.datasources.InsertIntoHadoopFsRelationCommand.run(InsertIntoHadoopFsRelationCommand.scala:190)","logger":"task.stderr"}
{"timestamp":"2026-05-11T17:33:39.173757Z","level":"error","event":"\tat org.apache.spark.sql.execution.command.DataWritingCommandExec.sideEffectResult$lzycompute(commands.scala:113)","logger":"task.stderr"}
{"timestamp":"2026-05-11T17:33:39.174322Z","level":"error","event":"\tat org.apache.spark.sql.execution.command.DataWritingCommandExec.sideEffectResult(commands.scala:111)","logger":"task.stderr"}
{"timestamp":"2026-05-11T17:33:39.174763Z","level":"error","event":"\tat org.apache.spark.sql.execution.command.DataWritingCommandExec.executeCollect(commands.scala:125)","logger":"task.stderr"}
{"timestamp":"2026-05-11T17:33:39.176367Z","level":"error","event":"\tat org.apache.spark.sql.execution.adaptive.AdaptiveSparkPlanExec.$anonfun$executeCollect$1(AdaptiveSparkPlanExec.scala:390)","logger":"task.stderr"}
{"timestamp":"2026-05-11T17:33:39.176848Z","level":"error","event":"\tat org.apache.spark.sql.execution.adaptive.AdaptiveSparkPlanExec.withFinalPlanUpdate(AdaptiveSparkPlanExec.scala:418)","logger":"task.stderr"}
{"timestamp":"2026-05-11T17:33:39.178349Z","level":"error","event":"\tat org.apache.spark.sql.execution.adaptive.AdaptiveSparkPlanExec.executeCollect(AdaptiveSparkPlanExec.scala:390)","logger":"task.stderr"}
{"timestamp":"2026-05-11T17:33:39.179420Z","level":"error","event":"\tat org.apache.spark.sql.execution.QueryExecution$$anonfun$eagerlyExecuteCommands$1.$anonfun$applyOrElse$1(QueryExecution.scala:107)","logger":"task.stderr"}
{"timestamp":"2026-05-11T17:33:39.182363Z","level":"error","event":"\tat org.apache.spark.sql.execution.SQLExecution$.$anonfun$withNewExecutionId$6(SQLExecution.scala:125)","logger":"task.stderr"}
{"timestamp":"2026-05-11T17:33:39.183168Z","level":"error","event":"\tat org.apache.spark.sql.execution.SQLExecution$.withSQLConfPropagated(SQLExecution.scala:201)","logger":"task.stderr"}
{"timestamp":"2026-05-11T17:33:39.185451Z","level":"error","event":"\tat org.apache.spark.sql.execution.SQLExecution$.$anonfun$withNewExecutionId$1(SQLExecution.scala:108)","logger":"task.stderr"}
{"timestamp":"2026-05-11T17:33:39.186195Z","level":"error","event":"\tat org.apache.spark.sql.SparkSession.withActive(SparkSession.scala:900)","logger":"task.stderr"}
{"timestamp":"2026-05-11T17:33:39.187058Z","level":"error","event":"\tat org.apache.spark.sql.execution.SQLExecution$.withNewExecutionId(SQLExecution.scala:66)","logger":"task.stderr"}
{"timestamp":"2026-05-11T17:33:39.187694Z","level":"error","event":"\tat org.apache.spark.sql.execution.QueryExecution$$anonfun$eagerlyExecuteCommands$1.applyOrElse(QueryExecution.scala:107)","logger":"task.stderr"}
{"timestamp":"2026-05-11T17:33:39.188164Z","level":"error","event":"\tat org.apache.spark.sql.execution.QueryExecution$$anonfun$eagerlyExecuteCommands$1.applyOrElse(QueryExecution.scala:98)","logger":"task.stderr"}
{"timestamp":"2026-05-11T17:33:39.190430Z","level":"error","event":"\tat org.apache.spark.sql.catalyst.trees.TreeNode.$anonfun$transformDownWithPruning$1(TreeNode.scala:461)","logger":"task.stderr"}
{"timestamp":"2026-05-11T17:33:39.191648Z","level":"error","event":"\tat org.apache.spark.sql.catalyst.trees.CurrentOrigin$.withOrigin(origin.scala:76)","logger":"task.stderr"}
{"timestamp":"2026-05-11T17:33:39.192205Z","level":"error","event":"\tat org.apache.spark.sql.catalyst.trees.TreeNode.transformDownWithPruning(TreeNode.scala:461)","logger":"task.stderr"}
{"timestamp":"2026-05-11T17:33:39.192653Z","level":"error","event":"\tat org.apache.spark.sql.catalyst.plans.logical.LogicalPlan.org$apache$spark$sql$catalyst$plans$logical$AnalysisHelper$$super$transformDownWithPruning(LogicalPlan.scala:32)","logger":"task.stderr"}
{"timestamp":"2026-05-11T17:33:39.193035Z","level":"error","event":"\tat org.apache.spark.sql.catalyst.plans.logical.AnalysisHelper.transformDownWithPruning(AnalysisHelper.scala:267)","logger":"task.stderr"}
{"timestamp":"2026-05-11T17:33:39.193552Z","level":"error","event":"\tat org.apache.spark.sql.catalyst.plans.logical.AnalysisHelper.transformDownWithPruning$(AnalysisHelper.scala:263)","logger":"task.stderr"}
{"timestamp":"2026-05-11T17:33:39.194068Z","level":"error","event":"\tat org.apache.spark.sql.catalyst.plans.logical.LogicalPlan.transformDownWithPruning(LogicalPlan.scala:32)","logger":"task.stderr"}
{"timestamp":"2026-05-11T17:33:39.194556Z","level":"error","event":"\tat org.apache.spark.sql.catalyst.plans.logical.LogicalPlan.transformDownWithPruning(LogicalPlan.scala:32)","logger":"task.stderr"}
{"timestamp":"2026-05-11T17:33:39.195129Z","level":"error","event":"\tat org.apache.spark.sql.catalyst.trees.TreeNode.transformDown(TreeNode.scala:437)","logger":"task.stderr"}
{"timestamp":"2026-05-11T17:33:39.195514Z","level":"error","event":"\tat org.apache.spark.sql.execution.QueryExecution.eagerlyExecuteCommands(QueryExecution.scala:98)","logger":"task.stderr"}
{"timestamp":"2026-05-11T17:33:39.196009Z","level":"error","event":"\tat org.apache.spark.sql.execution.QueryExecution.commandExecuted$lzycompute(QueryExecution.scala:85)","logger":"task.stderr"}
{"timestamp":"2026-05-11T17:33:39.196433Z","level":"error","event":"\tat org.apache.spark.sql.execution.QueryExecution.commandExecuted(QueryExecution.scala:83)","logger":"task.stderr"}
{"timestamp":"2026-05-11T17:33:39.196840Z","level":"error","event":"\tat org.apache.spark.sql.execution.QueryExecution.assertCommandExecuted(QueryExecution.scala:142)","logger":"task.stderr"}
{"timestamp":"2026-05-11T17:33:39.198830Z","level":"error","event":"\tat org.apache.spark.sql.DataFrameWriter.runCommand(DataFrameWriter.scala:859)","logger":"task.stderr"}
{"timestamp":"2026-05-11T17:33:39.199375Z","level":"error","event":"\tat org.apache.spark.sql.DataFrameWriter.saveToV1Source(DataFrameWriter.scala:388)","logger":"task.stderr"}
{"timestamp":"2026-05-11T17:33:39.199763Z","level":"error","event":"\tat org.apache.spark.sql.DataFrameWriter.saveInternal(DataFrameWriter.scala:361)","logger":"task.stderr"}
{"timestamp":"2026-05-11T17:33:39.200273Z","level":"error","event":"\tat org.apache.spark.sql.DataFrameWriter.save(DataFrameWriter.scala:240)","logger":"task.stderr"}
{"timestamp":"2026-05-11T17:33:39.201215Z","level":"error","event":"\tat org.apache.spark.sql.DataFrameWriter.csv(DataFrameWriter.scala:850)","logger":"task.stderr"}
{"timestamp":"2026-05-11T17:33:39.202576Z","level":"error","event":"\tat java.base/jdk.internal.reflect.NativeMethodAccessorImpl.invoke0(Native Method)","logger":"task.stderr"}
{"timestamp":"2026-05-11T17:33:39.203228Z","level":"error","event":"\tat java.base/jdk.internal.reflect.NativeMethodAccessorImpl.invoke(NativeMethodAccessorImpl.java:77)","logger":"task.stderr"}
{"timestamp":"2026-05-11T17:33:39.203670Z","level":"error","event":"\tat java.base/jdk.internal.reflect.DelegatingMethodAccessorImpl.invoke(DelegatingMethodAccessorImpl.java:43)","logger":"task.stderr"}
{"timestamp":"2026-05-11T17:33:39.204130Z","level":"error","event":"\tat java.base/java.lang.reflect.Method.invoke(Method.java:569)","logger":"task.stderr"}
{"timestamp":"2026-05-11T17:33:39.204635Z","level":"error","event":"\tat py4j.reflection.MethodInvoker.invoke(MethodInvoker.java:244)","logger":"task.stderr"}
{"timestamp":"2026-05-11T17:33:39.205131Z","level":"error","event":"\tat py4j.reflection.ReflectionEngine.invoke(ReflectionEngine.java:374)","logger":"task.stderr"}
{"timestamp":"2026-05-11T17:33:39.205590Z","level":"error","event":"\tat py4j.Gateway.invoke(Gateway.java:282)","logger":"task.stderr"}
{"timestamp":"2026-05-11T17:33:39.206046Z","level":"error","event":"\tat py4j.commands.AbstractCommand.invokeMethod(AbstractCommand.java:132)","logger":"task.stderr"}
{"timestamp":"2026-05-11T17:33:39.206556Z","level":"error","event":"\tat py4j.commands.CallCommand.execute(CallCommand.java:79)","logger":"task.stderr"}
{"timestamp":"2026-05-11T17:33:39.207022Z","level":"error","event":"\tat py4j.ClientServerConnection.waitForCommands(ClientServerConnection.java:182)","logger":"task.stderr"}
{"timestamp":"2026-05-11T17:33:39.207458Z","level":"error","event":"\tat py4j.ClientServerConnection.run(ClientServerConnection.java:106)","logger":"task.stderr"}
{"timestamp":"2026-05-11T17:33:39.207957Z","level":"error","event":"\tat java.base/java.lang.Thread.run(Thread.java:840)","logger":"task.stderr"}
{"timestamp":"2026-05-11T17:33:39.208582Z","level":"error","event":"Caused by: org.apache.spark.SparkException: [TASK_WRITE_FAILED] Task failed while writing rows to file:/output/result.","logger":"task.stderr"}
{"timestamp":"2026-05-11T17:33:39.209092Z","level":"error","event":"\tat org.apache.spark.sql.errors.QueryExecutionErrors$.taskFailedWhileWritingRowsError(QueryExecutionErrors.scala:774)","logger":"task.stderr"}
{"timestamp":"2026-05-11T17:33:39.209664Z","level":"error","event":"\tat org.apache.spark.sql.execution.datasources.FileFormatWriter$.executeTask(FileFormatWriter.scala:420)","logger":"task.stderr"}
{"timestamp":"2026-05-11T17:33:39.210217Z","level":"error","event":"\tat org.apache.spark.sql.execution.datasources.WriteFilesExec.$anonfun$doExecuteWrite$1(WriteFiles.scala:100)","logger":"task.stderr"}
{"timestamp":"2026-05-11T17:33:39.211173Z","level":"error","event":"\tat org.apache.spark.rdd.RDD.$anonfun$mapPartitionsInternal$2(RDD.scala:893)","logger":"task.stderr"}
{"timestamp":"2026-05-11T17:33:39.212109Z","level":"error","event":"\tat org.apache.spark.rdd.RDD.$anonfun$mapPartitionsInternal$2$adapted(RDD.scala:893)","logger":"task.stderr"}
{"timestamp":"2026-05-11T17:33:39.212774Z","level":"error","event":"\tat org.apache.spark.rdd.MapPartitionsRDD.compute(MapPartitionsRDD.scala:52)","logger":"task.stderr"}
{"timestamp":"2026-05-11T17:33:39.213286Z","level":"error","event":"\tat org.apache.spark.rdd.RDD.computeOrReadCheckpoint(RDD.scala:367)","logger":"task.stderr"}
{"timestamp":"2026-05-11T17:33:39.213945Z","level":"error","event":"\tat org.apache.spark.rdd.RDD.iterator(RDD.scala:331)","logger":"task.stderr"}
{"timestamp":"2026-05-11T17:33:39.214444Z","level":"error","event":"\tat org.apache.spark.scheduler.ResultTask.runTask(ResultTask.scala:93)","logger":"task.stderr"}
{"timestamp":"2026-05-11T17:33:39.218560Z","level":"error","event":"\tat org.apache.spark.TaskContext.runTaskWithListeners(TaskContext.scala:166)","logger":"task.stderr"}
{"timestamp":"2026-05-11T17:33:39.220479Z","level":"error","event":"\tat org.apache.spark.scheduler.Task.run(Task.scala:141)","logger":"task.stderr"}
{"timestamp":"2026-05-11T17:33:39.221048Z","level":"error","event":"\tat org.apache.spark.executor.Executor$TaskRunner.$anonfun$run$4(Executor.scala:620)","logger":"task.stderr"}
{"timestamp":"2026-05-11T17:33:39.222686Z","level":"error","event":"\tat org.apache.spark.util.SparkErrorUtils.tryWithSafeFinally(SparkErrorUtils.scala:64)","logger":"task.stderr"}
{"timestamp":"2026-05-11T17:33:39.223269Z","level":"error","event":"\tat org.apache.spark.util.SparkErrorUtils.tryWithSafeFinally$(SparkErrorUtils.scala:61)","logger":"task.stderr"}
{"timestamp":"2026-05-11T17:33:39.223694Z","level":"error","event":"\tat org.apache.spark.util.Utils$.tryWithSafeFinally(Utils.scala:94)","logger":"task.stderr"}
{"timestamp":"2026-05-11T17:33:39.224398Z","level":"error","event":"\tat org.apache.spark.executor.Executor$TaskRunner.run(Executor.scala:623)","logger":"task.stderr"}
{"timestamp":"2026-05-11T17:33:39.224919Z","level":"error","event":"\tat java.base/java.util.concurrent.ThreadPoolExecutor.runWorker(ThreadPoolExecutor.java:1136)","logger":"task.stderr"}
{"timestamp":"2026-05-11T17:33:39.226613Z","level":"error","event":"\tat java.base/java.util.concurrent.ThreadPoolExecutor$Worker.run(ThreadPoolExecutor.java:635)","logger":"task.stderr"}
{"timestamp":"2026-05-11T17:33:39.228293Z","level":"error","event":"\t... 1 more","logger":"task.stderr"}
{"timestamp":"2026-05-11T17:33:39.228934Z","level":"error","event":"Caused by: org.apache.spark.SparkFileNotFoundException: File file:/output/result/part-00000-29bee261-d6cd-4c26-a8cc-c331518d033b-c000.csv does not exist","logger":"task.stderr"}
{"timestamp":"2026-05-11T17:33:39.230817Z","level":"error","event":"It is possible the underlying files have been updated. You can explicitly invalidate the cache in Spark by running 'REFRESH TABLE tableName' command in SQL or by recreating the Dataset/DataFrame involved.","logger":"task.stderr"}
{"timestamp":"2026-05-11T17:33:39.231736Z","level":"error","event":"\tat org.apache.spark.sql.errors.QueryExecutionErrors$.readCurrentFileNotFoundError(QueryExecutionErrors.scala:780)","logger":"task.stderr"}
{"timestamp":"2026-05-11T17:33:39.232277Z","level":"error","event":"\tat org.apache.spark.sql.execution.datasources.FileScanRDD$$anon$1.org$apache$spark$sql$execution$datasources$FileScanRDD$$anon$$readCurrentFile(FileScanRDD.scala:220)","logger":"task.stderr"}
{"timestamp":"2026-05-11T17:33:39.233027Z","level":"error","event":"\tat org.apache.spark.sql.execution.datasources.FileScanRDD$$anon$1.nextIterator(FileScanRDD.scala:279)","logger":"task.stderr"}
{"timestamp":"2026-05-11T17:33:39.233608Z","level":"error","event":"\tat org.apache.spark.sql.execution.datasources.FileScanRDD$$anon$1.hasNext(FileScanRDD.scala:129)","logger":"task.stderr"}
{"timestamp":"2026-05-11T17:33:39.235596Z","level":"error","event":"\tat scala.collection.Iterator$$anon$10.hasNext(Iterator.scala:460)","logger":"task.stderr"}
{"timestamp":"2026-05-11T17:33:39.236131Z","level":"error","event":"\tat org.apache.spark.sql.catalyst.expressions.GeneratedClass$GeneratedIteratorForCodegenStage5.processNext(Unknown Source)","logger":"task.stderr"}
{"timestamp":"2026-05-11T17:33:39.237165Z","level":"error","event":"\tat org.apache.spark.sql.execution.BufferedRowIterator.hasNext(BufferedRowIterator.java:43)","logger":"task.stderr"}
{"timestamp":"2026-05-11T17:33:39.237922Z","level":"error","event":"\tat org.apache.spark.sql.execution.WholeStageCodegenEvaluatorFactory$WholeStageCodegenPartitionEvaluator$$anon$1.hasNext(WholeStageCodegenEvaluatorFactory.scala:43)","logger":"task.stderr"}
{"timestamp":"2026-05-11T17:33:39.238478Z","level":"error","event":"\tat scala.collection.Iterator$$anon$11.hasNext(Iterator.scala:490)","logger":"task.stderr"}
{"timestamp":"2026-05-11T17:33:39.239055Z","level":"error","event":"\tat org.apache.spark.sql.execution.datasources.FileFormatDataWriter.writeWithIterator(FileFormatDataWriter.scala:91)","logger":"task.stderr"}
{"timestamp":"2026-05-11T17:33:39.239835Z","level":"error","event":"\tat org.apache.spark.sql.execution.datasources.FileFormatWriter$.$anonfun$executeTask$1(FileFormatWriter.scala:403)","logger":"task.stderr"}
{"timestamp":"2026-05-11T17:33:39.241314Z","level":"error","event":"\tat org.apache.spark.util.Utils$.tryWithSafeFinallyAndFailureCallbacks(Utils.scala:1397)","logger":"task.stderr"}
{"timestamp":"2026-05-11T17:33:39.242644Z","level":"error","event":"\tat org.apache.spark.sql.execution.datasources.FileFormatWriter$.executeTask(FileFormatWriter.scala:410)","logger":"task.stderr"}
{"timestamp":"2026-05-11T17:33:39.244384Z","level":"error","event":"\t... 17 more","logger":"task.stderr"}
{"timestamp":"2026-05-11T17:33:39.338195Z","level":"error","event":"Task failed with exception","logger":"task","filename":"task_runner.py","lineno":1347,"error_detail":[{"exc_type":"Py4JJavaError","exc_value":"An error occurred while calling o77.csv.\n: org.apache.spark.SparkException: Job aborted due to stage failure: Task 0 in stage 21.0 failed 1 times, most recent failure: Lost task 0.0 in stage 21.0 (TID 19) (5de4ab4cb1ae executor driver): org.apache.spark.SparkException: [TASK_WRITE_FAILED] Task failed while writing rows to file:/output/result.\n\tat org.apache.spark.sql.errors.QueryExecutionErrors$.taskFailedWhileWritingRowsError(QueryExecutionErrors.scala:774)\n\tat org.apache.spark.sql.execution.datasources.FileFormatWriter$.executeTask(FileFormatWriter.scala:420)\n\tat org.apache.spark.sql.execution.datasources.WriteFilesExec.$anonfun$doExecuteWrite$1(WriteFiles.scala:100)\n\tat org.apache.spark.rdd.RDD.$anonfun$mapPartitionsInternal$2(RDD.scala:893)\n\tat org.apache.spark.rdd.RDD.$anonfun$mapPartitionsInternal$2$adapted(RDD.scala:893)\n\tat org.apache.spark.rdd.MapPartitionsRDD.compute(MapPartitionsRDD.scala:52)\n\tat org.apache.spark.rdd.RDD.computeOrReadCheckpoint(RDD.scala:367)\n\tat org.apache.spark.rdd.RDD.iterator(RDD.scala:331)\n\tat org.apache.spark.scheduler.ResultTask.runTask(ResultTask.scala:93)\n\tat org.apache.spark.TaskContext.runTaskWithListeners(TaskContext.scala:166)\n\tat org.apache.spark.scheduler.Task.run(Task.scala:141)\n\tat org.apache.spark.executor.Executor$TaskRunner.$anonfun$run$4(Executor.scala:620)\n\tat org.apache.spark.util.SparkErrorUtils.tryWithSafeFinally(SparkErrorUtils.scala:64)\n\tat org.apache.spark.util.SparkErrorUtils.tryWithSafeFinally$(SparkErrorUtils.scala:61)\n\tat org.apache.spark.util.Utils$.tryWithSafeFinally(Utils.scala:94)\n\tat org.apache.spark.executor.Executor$TaskRunner.run(Executor.scala:623)\n\tat java.base/java.util.concurrent.ThreadPoolExecutor.runWorker(ThreadPoolExecutor.java:1136)\n\tat java.base/java.util.concurrent.ThreadPoolExecutor$Worker.run(ThreadPoolExecutor.java:635)\n\tat java.base/java.lang.Thread.run(Thread.java:840)\nCaused by: org.apache.spark.SparkFileNotFoundException: File file:/output/result/part-00000-29bee261-d6cd-4c26-a8cc-c331518d033b-c000.csv does not exist\nIt is possible the underlying files have been updated. You can explicitly invalidate the cache in Spark by running 'REFRESH TABLE tableName' command in SQL or by recreating the Dataset/DataFrame involved.\n\tat org.apache.spark.sql.errors.QueryExecutionErrors$.readCurrentFileNotFoundError(QueryExecutionErrors.scala:780)\n\tat org.apache.spark.sql.execution.datasources.FileScanRDD$$anon$1.org$apache$spark$sql$execution$datasources$FileScanRDD$$anon$$readCurrentFile(FileScanRDD.scala:220)\n\tat org.apache.spark.sql.execution.datasources.FileScanRDD$$anon$1.nextIterator(FileScanRDD.scala:279)\n\tat org.apache.spark.sql.execution.datasources.FileScanRDD$$anon$1.hasNext(FileScanRDD.scala:129)\n\tat scala.collection.Iterator$$anon$10.hasNext(Iterator.scala:460)\n\tat org.apache.spark.sql.catalyst.expressions.GeneratedClass$GeneratedIteratorForCodegenStage5.processNext(Unknown Source)\n\tat org.apache.spark.sql.execution.BufferedRowIterator.hasNext(BufferedRowIterator.java:43)\n\tat org.apache.spark.sql.execution.WholeStageCodegenEvaluatorFactory$WholeStageCodegenPartitionEvaluator$$anon$1.hasNext(WholeStageCodegenEvaluatorFactory.scala:43)\n\tat scala.collection.Iterator$$anon$11.hasNext(Iterator.scala:490)\n\tat org.apache.spark.sql.execution.datasources.FileFormatDataWriter.writeWithIterator(FileFormatDataWriter.scala:91)\n\tat org.apache.spark.sql.execution.datasources.FileFormatWriter$.$anonfun$executeTask$1(FileFormatWriter.scala:403)\n\tat org.apache.spark.util.Utils$.tryWithSafeFinallyAndFailureCallbacks(Utils.scala:1397)\n\tat org.apache.spark.sql.execution.datasources.FileFormatWriter$.executeTask(FileFormatWriter.scala:410)\n\t... 17 more\n\nDriver stacktrace:\n\tat org.apache.spark.scheduler.DAGScheduler.failJobAndIndependentStages(DAGScheduler.scala:2856)\n\tat org.apache.spark.scheduler.DAGScheduler.$anonfun$abortStage$2(DAGScheduler.scala:2792)\n\tat org.apache.spark.scheduler.DAGScheduler.$anonfun$abortStage$2$adapted(DAGScheduler.scala:2791)\n\tat scala.collection.mutable.ResizableArray.foreach(ResizableArray.scala:62)\n\tat scala.collection.mutable.ResizableArray.foreach$(ResizableArray.scala:55)\n\tat scala.collection.mutable.ArrayBuffer.foreach(ArrayBuffer.scala:49)\n\tat org.apache.spark.scheduler.DAGScheduler.abortStage(DAGScheduler.scala:2791)\n\tat org.apache.spark.scheduler.DAGScheduler.$anonfun$handleTaskSetFailed$1(DAGScheduler.scala:1247)\n\tat org.apache.spark.scheduler.DAGScheduler.$anonfun$handleTaskSetFailed$1$adapted(DAGScheduler.scala:1247)\n\tat scala.Option.foreach(Option.scala:407)\n\tat org.apache.spark.scheduler.DAGScheduler.handleTaskSetFailed(DAGScheduler.scala:1247)\n\tat org.apache.spark.scheduler.DAGSchedulerEventProcessLoop.doOnReceive(DAGScheduler.scala:3060)\n\tat org.apache.spark.scheduler.DAGSchedulerEventProcessLoop.onReceive(DAGScheduler.scala:2994)\n\tat org.apache.spark.scheduler.DAGSchedulerEventProcessLoop.onReceive(DAGScheduler.scala:2983)\n\tat org.apache.spark.util.EventLoop$$anon$1.run(EventLoop.scala:49)\n\tat org.apache.spark.scheduler.DAGScheduler.runJob(DAGScheduler.scala:989)\n\tat org.apache.spark.SparkContext.runJob(SparkContext.scala:2398)\n\tat org.apache.spark.sql.execution.datasources.FileFormatWriter$.$anonfun$executeWrite$4(FileFormatWriter.scala:307)\n\tat org.apache.spark.sql.execution.datasources.FileFormatWriter$.writeAndCommit(FileFormatWriter.scala:271)\n\tat org.apache.spark.sql.execution.datasources.FileFormatWriter$.executeWrite(FileFormatWriter.scala:304)\n\tat org.apache.spark.sql.execution.datasources.FileFormatWriter$.write(FileFormatWriter.scala:190)\n\tat org.apache.spark.sql.execution.datasources.InsertIntoHadoopFsRelationCommand.run(InsertIntoHadoopFsRelationCommand.scala:190)\n\tat org.apache.spark.sql.execution.command.DataWritingCommandExec.sideEffectResult$lzycompute(commands.scala:113)\n\tat org.apache.spark.sql.execution.command.DataWritingCommandExec.sideEffectResult(commands.scala:111)\n\tat org.apache.spark.sql.execution.command.DataWritingCommandExec.executeCollect(commands.scala:125)\n\tat org.apache.spark.sql.execution.adaptive.AdaptiveSparkPlanExec.$anonfun$executeCollect$1(AdaptiveSparkPlanExec.scala:390)\n\tat org.apache.spark.sql.execution.adaptive.AdaptiveSparkPlanExec.withFinalPlanUpdate(AdaptiveSparkPlanExec.scala:418)\n\tat org.apache.spark.sql.execution.adaptive.AdaptiveSparkPlanExec.executeCollect(AdaptiveSparkPlanExec.scala:390)\n\tat org.apache.spark.sql.execution.QueryExecution$$anonfun$eagerlyExecuteCommands$1.$anonfun$applyOrElse$1(QueryExecution.scala:107)\n\tat org.apache.spark.sql.execution.SQLExecution$.$anonfun$withNewExecutionId$6(SQLExecution.scala:125)\n\tat org.apache.spark.sql.execution.SQLExecution$.withSQLConfPropagated(SQLExecution.scala:201)\n\tat org.apache.spark.sql.execution.SQLExecution$.$anonfun$withNewExecutionId$1(SQLExecution.scala:108)\n\tat org.apache.spark.sql.SparkSession.withActive(SparkSession.scala:900)\n\tat org.apache.spark.sql.execution.SQLExecution$.withNewExecutionId(SQLExecution.scala:66)\n\tat org.apache.spark.sql.execution.QueryExecution$$anonfun$eagerlyExecuteCommands$1.applyOrElse(QueryExecution.scala:107)\n\tat org.apache.spark.sql.execution.QueryExecution$$anonfun$eagerlyExecuteCommands$1.applyOrElse(QueryExecution.scala:98)\n\tat org.apache.spark.sql.catalyst.trees.TreeNode.$anonfun$transformDownWithPruning$1(TreeNode.scala:461)\n\tat org.apache.spark.sql.catalyst.trees.CurrentOrigin$.withOrigin(origin.scala:76)\n\tat org.apache.spark.sql.catalyst.trees.TreeNode.transformDownWithPruning(TreeNode.scala:461)\n\tat org.apache.spark.sql.catalyst.plans.logical.LogicalPlan.org$apache$spark$sql$catalyst$plans$logical$AnalysisHelper$$super$transformDownWithPruning(LogicalPlan.scala:32)\n\tat org.apache.spark.sql.catalyst.plans.logical.AnalysisHelper.transformDownWithPruning(AnalysisHelper.scala:267)\n\tat org.apache.spark.sql.catalyst.plans.logical.AnalysisHelper.transformDownWithPruning$(AnalysisHelper.scala:263)\n\tat org.apache.spark.sql.catalyst.plans.logical.LogicalPlan.transformDownWithPruning(LogicalPlan.scala:32)\n\tat org.apache.spark.sql.catalyst.plans.logical.LogicalPlan.transformDownWithPruning(LogicalPlan.scala:32)\n\tat org.apache.spark.sql.catalyst.trees.TreeNode.transformDown(TreeNode.scala:437)\n\tat org.apache.spark.sql.execution.QueryExecution.eagerlyExecuteCommands(QueryExecution.scala:98)\n\tat org.apache.spark.sql.execution.QueryExecution.commandExecuted$lzycompute(QueryExecution.scala:85)\n\tat org.apache.spark.sql.execution.QueryExecution.commandExecuted(QueryExecution.scala:83)\n\tat org.apache.spark.sql.execution.QueryExecution.assertCommandExecuted(QueryExecution.scala:142)\n\tat org.apache.spark.sql.DataFrameWriter.runCommand(DataFrameWriter.scala:859)\n\tat org.apache.spark.sql.DataFrameWriter.saveToV1Source(DataFrameWriter.scala:388)\n\tat org.apache.spark.sql.DataFrameWriter.saveInternal(DataFrameWriter.scala:361)\n\tat org.apache.spark.sql.DataFrameWriter.save(DataFrameWriter.scala:240)\n\tat org.apache.spark.sql.DataFrameWriter.csv(DataFrameWriter.scala:850)\n\tat java.base/jdk.internal.reflect.NativeMethodAccessorImpl.invoke0(Native Method)\n\tat java.base/jdk.internal.reflect.NativeMethodAccessorImpl.invoke(NativeMethodAccessorImpl.java:77)\n\tat java.base/jdk.internal.reflect.DelegatingMethodAccessorImpl.invoke(DelegatingMethodAccessorImpl.java:43)\n\tat java.base/java.lang.reflect.Method.invoke(Method.java:569)\n\tat py4j.reflection.MethodInvoker.invoke(MethodInvoker.java:244)\n\tat py4j.reflection.ReflectionEngine.invoke(ReflectionEngine.java:374)\n\tat py4j.Gateway.invoke(Gateway.java:282)\n\tat py4j.commands.AbstractCommand.invokeMethod(AbstractCommand.java:132)\n\tat py4j.commands.CallCommand.execute(CallCommand.java:79)\n\tat py4j.ClientServerConnection.waitForCommands(ClientServerConnection.java:182)\n\tat py4j.ClientServerConnection.run(ClientServerConnection.java:106)\n\tat java.base/java.lang.Thread.run(Thread.java:840)\nCaused by: org.apache.spark.SparkException: [TASK_WRITE_FAILED] Task failed while writing rows to file:/output/result.\n\tat org.apache.spark.sql.errors.QueryExecutionErrors$.taskFailedWhileWritingRowsError(QueryExecutionErrors.scala:774)\n\tat org.apache.spark.sql.execution.datasources.FileFormatWriter$.executeTask(FileFormatWriter.scala:420)\n\tat org.apache.spark.sql.execution.datasources.WriteFilesExec.$anonfun$doExecuteWrite$1(WriteFiles.scala:100)\n\tat org.apache.spark.rdd.RDD.$anonfun$mapPartitionsInternal$2(RDD.scala:893)\n\tat org.apache.spark.rdd.RDD.$anonfun$mapPartitionsInternal$2$adapted(RDD.scala:893)\n\tat org.apache.spark.rdd.MapPartitionsRDD.compute(MapPartitionsRDD.scala:52)\n\tat org.apache.spark.rdd.RDD.computeOrReadCheckpoint(RDD.scala:367)\n\tat org.apache.spark.rdd.RDD.iterator(RDD.scala:331)\n\tat org.apache.spark.scheduler.ResultTask.runTask(ResultTask.scala:93)\n\tat org.apache.spark.TaskContext.runTaskWithListeners(TaskContext.scala:166)\n\tat org.apache.spark.scheduler.Task.run(Task.scala:141)\n\tat org.apache.spark.executor.Executor$TaskRunner.$anonfun$run$4(Executor.scala:620)\n\tat org.apache.spark.util.SparkErrorUtils.tryWithSafeFinally(SparkErrorUtils.scala:64)\n\tat org.apache.spark.util.SparkErrorUtils.tryWithSafeFinally$(SparkErrorUtils.scala:61)\n\tat org.apache.spark.util.Utils$.tryWithSafeFinally(Utils.scala:94)\n\tat org.apache.spark.executor.Executor$TaskRunner.run(Executor.scala:623)\n\tat java.base/java.util.concurrent.ThreadPoolExecutor.runWorker(ThreadPoolExecutor.java:1136)\n\tat java.base/java.util.concurrent.ThreadPoolExecutor$Worker.run(ThreadPoolExecutor.java:635)\n\t... 1 more\nCaused by: org.apache.spark.SparkFileNotFoundException: File file:/output/result/part-00000-29bee261-d6cd-4c26-a8cc-c331518d033b-c000.csv does not exist\nIt is possible the underlying files have been updated. You can explicitly invalidate the cache in Spark by running 'REFRESH TABLE tableName' command in SQL or by recreating the Dataset/DataFrame involved.\n\tat org.apache.spark.sql.errors.QueryExecutionErrors$.readCurrentFileNotFoundError(QueryExecutionErrors.scala:780)\n\tat org.apache.spark.sql.execution.datasources.FileScanRDD$$anon$1.org$apache$spark$sql$execution$datasources$FileScanRDD$$anon$$readCurrentFile(FileScanRDD.scala:220)\n\tat org.apache.spark.sql.execution.datasources.FileScanRDD$$anon$1.nextIterator(FileScanRDD.scala:279)\n\tat org.apache.spark.sql.execution.datasources.FileScanRDD$$anon$1.hasNext(FileScanRDD.scala:129)\n\tat scala.collection.Iterator$$anon$10.hasNext(Iterator.scala:460)\n\tat org.apache.spark.sql.catalyst.expressions.GeneratedClass$GeneratedIteratorForCodegenStage5.processNext(Unknown Source)\n\tat org.apache.spark.sql.execution.BufferedRowIterator.hasNext(BufferedRowIterator.java:43)\n\tat org.apache.spark.sql.execution.WholeStageCodegenEvaluatorFactory$WholeStageCodegenPartitionEvaluator$$anon$1.hasNext(WholeStageCodegenEvaluatorFactory.scala:43)\n\tat scala.collection.Iterator$$anon$11.hasNext(Iterator.scala:490)\n\tat org.apache.spark.sql.execution.datasources.FileFormatDataWriter.writeWithIterator(FileFormatDataWriter.scala:91)\n\tat org.apache.spark.sql.execution.datasources.FileFormatWriter$.$anonfun$executeTask$1(FileFormatWriter.scala:403)\n\tat org.apache.spark.util.Utils$.tryWithSafeFinallyAndFailureCallbacks(Utils.scala:1397)\n\tat org.apache.spark.sql.execution.datasources.FileFormatWriter$.executeTask(FileFormatWriter.scala:410)\n\t... 17 more\n","exc_notes":[],"syntax_error":null,"is_cause":false,"frames":[{"filename":"/home/airflow/.local/lib/python3.13/site-packages/airflow/sdk/execution_time/task_runner.py","lineno":1263,"name":"run"},{"filename":"/home/airflow/.local/lib/python3.13/site-packages/airflow/sdk/execution_time/task_runner.py","lineno":1678,"name":"_execute_task"},{"filename":"/home/airflow/.local/lib/python3.13/site-packages/airflow/sdk/bases/operator.py","lineno":443,"name":"wrapper"},{"filename":"/home/airflow/.local/lib/python3.13/site-packages/airflow/providers/standard/operators/python.py","lineno":227,"name":"execute"},{"filename":"/home/airflow/.local/lib/python3.13/site-packages/airflow/providers/standard/operators/python.py","lineno":250,"name":"execute_callable"},{"filename":"/home/airflow/.local/lib/python3.13/site-packages/airflow/sdk/execution_time/callback_runner.py","lineno":97,"name":"run"},{"filename":"/opt/airflow/dags/csv_upsert_pipeline.py","lineno":121,"name":"process_partition"},{"filename":"/home/airflow/.local/lib/python3.13/site-packages/pyspark/sql/readwriter.py","lineno":1864,"name":"csv"},{"filename":"/home/airflow/.local/lib/python3.13/site-packages/py4j/java_gateway.py","lineno":1322,"name":"__call__"},{"filename":"/home/airflow/.local/lib/python3.13/site-packages/pyspark/errors/exceptions/captured.py","lineno":179,"name":"deco"},{"filename":"/home/airflow/.local/lib/python3.13/site-packages/py4j/protocol.py","lineno":326,"name":"get_return_value"}],"is_group":false,"exceptions":[]}]}
{"timestamp":"2026-05-11T17:33:39.392773Z","level":"info","event":"Task instance in failure state","logger":"task.stdout"}
{"timestamp":"2026-05-11T17:33:39.394298Z","level":"info","event":"Task start","logger":"task.stdout"}
{"timestamp":"2026-05-11T17:33:39.394782Z","level":"info","event":"Task:<Task(PythonOperator): process_partition>","logger":"task.stdout"}
{"timestamp":"2026-05-11T17:33:39.430669Z","level":"info","event":"Failure caused by An error occurred while calling o77.csv.","logger":"task.stdout"}
{"timestamp":"2026-05-11T17:33:39.435376Z","level":"info","event":": org.apache.spark.SparkException: Job aborted due to stage failure: Task 0 in stage 21.0 failed 1 times, most recent failure: Lost task 0.0 in stage 21.0 (TID 19) (5de4ab4cb1ae executor driver): org.apache.spark.SparkException: [TASK_WRITE_FAILED] Task failed while writing rows to file:/output/result.","logger":"task.stdout"}
{"timestamp":"2026-05-11T17:33:39.436670Z","level":"info","event":"\tat org.apache.spark.sql.errors.QueryExecutionErrors$.taskFailedWhileWritingRowsError(QueryExecutionErrors.scala:774)","logger":"task.stdout"}
{"timestamp":"2026-05-11T17:33:39.439633Z","level":"info","event":"\tat org.apache.spark.sql.execution.datasources.FileFormatWriter$.executeTask(FileFormatWriter.scala:420)","logger":"task.stdout"}
{"timestamp":"2026-05-11T17:33:39.440200Z","level":"info","event":"\tat org.apache.spark.sql.execution.datasources.WriteFilesExec.$anonfun$doExecuteWrite$1(WriteFiles.scala:100)","logger":"task.stdout"}
{"timestamp":"2026-05-11T17:33:39.440673Z","level":"info","event":"\tat org.apache.spark.rdd.RDD.$anonfun$mapPartitionsInternal$2(RDD.scala:893)","logger":"task.stdout"}
{"timestamp":"2026-05-11T17:33:39.441155Z","level":"info","event":"\tat org.apache.spark.rdd.RDD.$anonfun$mapPartitionsInternal$2$adapted(RDD.scala:893)","logger":"task.stdout"}
{"timestamp":"2026-05-11T17:33:39.442245Z","level":"info","event":"\tat org.apache.spark.rdd.MapPartitionsRDD.compute(MapPartitionsRDD.scala:52)","logger":"task.stdout"}
{"timestamp":"2026-05-11T17:33:39.442797Z","level":"info","event":"\tat org.apache.spark.rdd.RDD.computeOrReadCheckpoint(RDD.scala:367)","logger":"task.stdout"}
{"timestamp":"2026-05-11T17:33:39.443326Z","level":"info","event":"\tat org.apache.spark.rdd.RDD.iterator(RDD.scala:331)","logger":"task.stdout"}
{"timestamp":"2026-05-11T17:33:39.444366Z","level":"info","event":"\tat org.apache.spark.scheduler.ResultTask.runTask(ResultTask.scala:93)","logger":"task.stdout"}
{"timestamp":"2026-05-11T17:33:39.444809Z","level":"info","event":"\tat org.apache.spark.TaskContext.runTaskWithListeners(TaskContext.scala:166)","logger":"task.stdout"}
{"timestamp":"2026-05-11T17:33:39.445239Z","level":"info","event":"\tat org.apache.spark.scheduler.Task.run(Task.scala:141)","logger":"task.stdout"}
{"timestamp":"2026-05-11T17:33:39.446339Z","level":"info","event":"\tat org.apache.spark.executor.Executor$TaskRunner.$anonfun$run$4(Executor.scala:620)","logger":"task.stdout"}
{"timestamp":"2026-05-11T17:33:39.446810Z","level":"info","event":"\tat org.apache.spark.util.SparkErrorUtils.tryWithSafeFinally(SparkErrorUtils.scala:64)","logger":"task.stdout"}
{"timestamp":"2026-05-11T17:33:39.450259Z","level":"info","event":"\tat org.apache.spark.util.SparkErrorUtils.tryWithSafeFinally$(SparkErrorUtils.scala:61)","logger":"task.stdout"}
{"timestamp":"2026-05-11T17:33:39.450776Z","level":"info","event":"\tat org.apache.spark.util.Utils$.tryWithSafeFinally(Utils.scala:94)","logger":"task.stdout"}
{"timestamp":"2026-05-11T17:33:39.451875Z","level":"info","event":"\tat org.apache.spark.executor.Executor$TaskRunner.run(Executor.scala:623)","logger":"task.stdout"}
{"timestamp":"2026-05-11T17:33:39.452780Z","level":"info","event":"\tat java.base/java.util.concurrent.ThreadPoolExecutor.runWorker(ThreadPoolExecutor.java:1136)","logger":"task.stdout"}
{"timestamp":"2026-05-11T17:33:39.454177Z","level":"info","event":"\tat java.base/java.util.concurrent.ThreadPoolExecutor$Worker.run(ThreadPoolExecutor.java:635)","logger":"task.stdout"}
{"timestamp":"2026-05-11T17:33:39.457731Z","level":"info","event":"\tat java.base/java.lang.Thread.run(Thread.java:840)","logger":"task.stdout"}
{"timestamp":"2026-05-11T17:33:39.458569Z","level":"info","event":"Caused by: org.apache.spark.SparkFileNotFoundException: File file:/output/result/part-00000-29bee261-d6cd-4c26-a8cc-c331518d033b-c000.csv does not exist","logger":"task.stdout"}
{"timestamp":"2026-05-11T17:33:39.459049Z","level":"info","event":"It is possible the underlying files have been updated. You can explicitly invalidate the cache in Spark by running 'REFRESH TABLE tableName' command in SQL or by recreating the Dataset/DataFrame involved.","logger":"task.stdout"}
{"timestamp":"2026-05-11T17:33:39.462712Z","level":"info","event":"\tat org.apache.spark.sql.errors.QueryExecutionErrors$.readCurrentFileNotFoundError(QueryExecutionErrors.scala:780)","logger":"task.stdout"}
{"timestamp":"2026-05-11T17:33:39.463288Z","level":"info","event":"\tat org.apache.spark.sql.execution.datasources.FileScanRDD$$anon$1.org$apache$spark$sql$execution$datasources$FileScanRDD$$anon$$readCurrentFile(FileScanRDD.scala:220)","logger":"task.stdout"}
{"timestamp":"2026-05-11T17:33:39.463848Z","level":"info","event":"\tat org.apache.spark.sql.execution.datasources.FileScanRDD$$anon$1.nextIterator(FileScanRDD.scala:279)","logger":"task.stdout"}
{"timestamp":"2026-05-11T17:33:39.464592Z","level":"info","event":"\tat org.apache.spark.sql.execution.datasources.FileScanRDD$$anon$1.hasNext(FileScanRDD.scala:129)","logger":"task.stdout"}
{"timestamp":"2026-05-11T17:33:39.465200Z","level":"info","event":"\tat scala.collection.Iterator$$anon$10.hasNext(Iterator.scala:460)","logger":"task.stdout"}
{"timestamp":"2026-05-11T17:33:39.465744Z","level":"info","event":"\tat org.apache.spark.sql.catalyst.expressions.GeneratedClass$GeneratedIteratorForCodegenStage5.processNext(Unknown Source)","logger":"task.stdout"}
{"timestamp":"2026-05-11T17:33:39.466267Z","level":"info","event":"\tat org.apache.spark.sql.execution.BufferedRowIterator.hasNext(BufferedRowIterator.java:43)","logger":"task.stdout"}
{"timestamp":"2026-05-11T17:33:39.467055Z","level":"info","event":"\tat org.apache.spark.sql.execution.WholeStageCodegenEvaluatorFactory$WholeStageCodegenPartitionEvaluator$$anon$1.hasNext(WholeStageCodegenEvaluatorFactory.scala:43)","logger":"task.stdout"}
{"timestamp":"2026-05-11T17:33:39.467601Z","level":"info","event":"\tat scala.collection.Iterator$$anon$11.hasNext(Iterator.scala:490)","logger":"task.stdout"}
{"timestamp":"2026-05-11T17:33:39.468062Z","level":"info","event":"\tat org.apache.spark.sql.execution.datasources.FileFormatDataWriter.writeWithIterator(FileFormatDataWriter.scala:91)","logger":"task.stdout"}
{"timestamp":"2026-05-11T17:33:39.468630Z","level":"info","event":"\tat org.apache.spark.sql.execution.datasources.FileFormatWriter$.$anonfun$executeTask$1(FileFormatWriter.scala:403)","logger":"task.stdout"}
{"timestamp":"2026-05-11T17:33:39.469104Z","level":"info","event":"\tat org.apache.spark.util.Utils$.tryWithSafeFinallyAndFailureCallbacks(Utils.scala:1397)","logger":"task.stdout"}
{"timestamp":"2026-05-11T17:33:39.470384Z","level":"info","event":"\tat org.apache.spark.sql.execution.datasources.FileFormatWriter$.executeTask(FileFormatWriter.scala:410)","logger":"task.stdout"}
{"timestamp":"2026-05-11T17:33:39.470877Z","level":"info","event":"\t... 17 more","logger":"task.stdout"}
{"timestamp":"2026-05-11T17:33:39.471502Z","level":"info","event":"","logger":"task.stdout"}
{"timestamp":"2026-05-11T17:33:39.473055Z","level":"info","event":"Driver stacktrace:","logger":"task.stdout"}
{"timestamp":"2026-05-11T17:33:39.474656Z","level":"info","event":"\tat org.apache.spark.scheduler.DAGScheduler.failJobAndIndependentStages(DAGScheduler.scala:2856)","logger":"task.stdout"}
{"timestamp":"2026-05-11T17:33:39.475297Z","level":"info","event":"\tat org.apache.spark.scheduler.DAGScheduler.$anonfun$abortStage$2(DAGScheduler.scala:2792)","logger":"task.stdout"}
{"timestamp":"2026-05-11T17:33:39.476420Z","level":"info","event":"\tat org.apache.spark.scheduler.DAGScheduler.$anonfun$abortStage$2$adapted(DAGScheduler.scala:2791)","logger":"task.stdout"}
{"timestamp":"2026-05-11T17:33:39.476970Z","level":"info","event":"\tat scala.collection.mutable.ResizableArray.foreach(ResizableArray.scala:62)","logger":"task.stdout"}
{"timestamp":"2026-05-11T17:33:39.478841Z","level":"info","event":"\tat scala.collection.mutable.ResizableArray.foreach$(ResizableArray.scala:55)","logger":"task.stdout"}
{"timestamp":"2026-05-11T17:33:39.479573Z","level":"info","event":"\tat scala.collection.mutable.ArrayBuffer.foreach(ArrayBuffer.scala:49)","logger":"task.stdout"}
{"timestamp":"2026-05-11T17:33:39.480526Z","level":"info","event":"\tat org.apache.spark.scheduler.DAGScheduler.abortStage(DAGScheduler.scala:2791)","logger":"task.stdout"}
{"timestamp":"2026-05-11T17:33:39.481291Z","level":"info","event":"\tat org.apache.spark.scheduler.DAGScheduler.$anonfun$handleTaskSetFailed$1(DAGScheduler.scala:1247)","logger":"task.stdout"}
{"timestamp":"2026-05-11T17:33:39.482708Z","level":"info","event":"\tat org.apache.spark.scheduler.DAGScheduler.$anonfun$handleTaskSetFailed$1$adapted(DAGScheduler.scala:1247)","logger":"task.stdout"}
{"timestamp":"2026-05-11T17:33:39.483269Z","level":"info","event":"\tat scala.Option.foreach(Option.scala:407)","logger":"task.stdout"}
{"timestamp":"2026-05-11T17:33:39.483721Z","level":"info","event":"\tat org.apache.spark.scheduler.DAGScheduler.handleTaskSetFailed(DAGScheduler.scala:1247)","logger":"task.stdout"}
{"timestamp":"2026-05-11T17:33:39.484552Z","level":"info","event":"\tat org.apache.spark.scheduler.DAGSchedulerEventProcessLoop.doOnReceive(DAGScheduler.scala:3060)","logger":"task.stdout"}
{"timestamp":"2026-05-11T17:33:39.485174Z","level":"info","event":"\tat org.apache.spark.scheduler.DAGSchedulerEventProcessLoop.onReceive(DAGScheduler.scala:2994)","logger":"task.stdout"}
{"timestamp":"2026-05-11T17:33:39.486441Z","level":"info","event":"\tat org.apache.spark.scheduler.DAGSchedulerEventProcessLoop.onReceive(DAGScheduler.scala:2983)","logger":"task.stdout"}
{"timestamp":"2026-05-11T17:33:39.487158Z","level":"info","event":"\tat org.apache.spark.util.EventLoop$$anon$1.run(EventLoop.scala:49)","logger":"task.stdout"}
{"timestamp":"2026-05-11T17:33:39.488452Z","level":"info","event":"\tat org.apache.spark.scheduler.DAGScheduler.runJob(DAGScheduler.scala:989)","logger":"task.stdout"}
{"timestamp":"2026-05-11T17:33:39.489299Z","level":"info","event":"\tat org.apache.spark.SparkContext.runJob(SparkContext.scala:2398)","logger":"task.stdout"}
{"timestamp":"2026-05-11T17:33:39.490324Z","level":"info","event":"\tat org.apache.spark.sql.execution.datasources.FileFormatWriter$.$anonfun$executeWrite$4(FileFormatWriter.scala:307)","logger":"task.stdout"}
{"timestamp":"2026-05-11T17:33:39.492330Z","level":"info","event":"\tat org.apache.spark.sql.execution.datasources.FileFormatWriter$.writeAndCommit(FileFormatWriter.scala:271)","logger":"task.stdout"}
{"timestamp":"2026-05-11T17:33:39.493732Z","level":"info","event":"\tat org.apache.spark.sql.execution.datasources.FileFormatWriter$.executeWrite(FileFormatWriter.scala:304)","logger":"task.stdout"}
{"timestamp":"2026-05-11T17:33:39.494403Z","level":"info","event":"\tat org.apache.spark.sql.execution.datasources.FileFormatWriter$.write(FileFormatWriter.scala:190)","logger":"task.stdout"}
{"timestamp":"2026-05-11T17:33:39.494947Z","level":"info","event":"\tat org.apache.spark.sql.execution.datasources.InsertIntoHadoopFsRelationCommand.run(InsertIntoHadoopFsRelationCommand.scala:190)","logger":"task.stdout"}
{"timestamp":"2026-05-11T17:33:39.495809Z","level":"info","event":"\tat org.apache.spark.sql.execution.command.DataWritingCommandExec.sideEffectResult$lzycompute(commands.scala:113)","logger":"task.stdout"}
{"timestamp":"2026-05-11T17:33:39.497357Z","level":"info","event":"\tat org.apache.spark.sql.execution.command.DataWritingCommandExec.sideEffectResult(commands.scala:111)","logger":"task.stdout"}
{"timestamp":"2026-05-11T17:33:39.498315Z","level":"info","event":"\tat org.apache.spark.sql.execution.command.DataWritingCommandExec.executeCollect(commands.scala:125)","logger":"task.stdout"}
{"timestamp":"2026-05-11T17:33:39.499133Z","level":"info","event":"\tat org.apache.spark.sql.execution.adaptive.AdaptiveSparkPlanExec.$anonfun$executeCollect$1(AdaptiveSparkPlanExec.scala:390)","logger":"task.stdout"}
{"timestamp":"2026-05-11T17:33:39.500075Z","level":"info","event":"\tat org.apache.spark.sql.execution.adaptive.AdaptiveSparkPlanExec.withFinalPlanUpdate(AdaptiveSparkPlanExec.scala:418)","logger":"task.stdout"}
{"timestamp":"2026-05-11T17:33:39.502646Z","level":"info","event":"\tat org.apache.spark.sql.execution.adaptive.AdaptiveSparkPlanExec.executeCollect(AdaptiveSparkPlanExec.scala:390)","logger":"task.stdout"}
{"timestamp":"2026-05-11T17:33:39.503540Z","level":"info","event":"\tat org.apache.spark.sql.execution.QueryExecution$$anonfun$eagerlyExecuteCommands$1.$anonfun$applyOrElse$1(QueryExecution.scala:107)","logger":"task.stdout"}
{"timestamp":"2026-05-11T17:33:39.504235Z","level":"info","event":"\tat org.apache.spark.sql.execution.SQLExecution$.$anonfun$withNewExecutionId$6(SQLExecution.scala:125)","logger":"task.stdout"}
{"timestamp":"2026-05-11T17:33:39.505496Z","level":"info","event":"\tat org.apache.spark.sql.execution.SQLExecution$.withSQLConfPropagated(SQLExecution.scala:201)","logger":"task.stdout"}
{"timestamp":"2026-05-11T17:33:39.506189Z","level":"info","event":"\tat org.apache.spark.sql.execution.SQLExecution$.$anonfun$withNewExecutionId$1(SQLExecution.scala:108)","logger":"task.stdout"}
{"timestamp":"2026-05-11T17:33:39.507632Z","level":"info","event":"\tat org.apache.spark.sql.SparkSession.withActive(SparkSession.scala:900)","logger":"task.stdout"}
{"timestamp":"2026-05-11T17:33:39.508867Z","level":"info","event":"\tat org.apache.spark.sql.execution.SQLExecution$.withNewExecutionId(SQLExecution.scala:66)","logger":"task.stdout"}
{"timestamp":"2026-05-11T17:33:39.509453Z","level":"info","event":"\tat org.apache.spark.sql.execution.QueryExecution$$anonfun$eagerlyExecuteCommands$1.applyOrElse(QueryExecution.scala:107)","logger":"task.stdout"}
{"timestamp":"2026-05-11T17:33:39.510568Z","level":"info","event":"\tat org.apache.spark.sql.execution.QueryExecution$$anonfun$eagerlyExecuteCommands$1.applyOrElse(QueryExecution.scala:98)","logger":"task.stdout"}
{"timestamp":"2026-05-11T17:33:39.514212Z","level":"info","event":"\tat org.apache.spark.sql.catalyst.trees.TreeNode.$anonfun$transformDownWithPruning$1(TreeNode.scala:461)","logger":"task.stdout"}
{"timestamp":"2026-05-11T17:33:39.514772Z","level":"info","event":"\tat org.apache.spark.sql.catalyst.trees.CurrentOrigin$.withOrigin(origin.scala:76)","logger":"task.stdout"}
{"timestamp":"2026-05-11T17:33:39.515299Z","level":"info","event":"\tat org.apache.spark.sql.catalyst.trees.TreeNode.transformDownWithPruning(TreeNode.scala:461)","logger":"task.stdout"}
{"timestamp":"2026-05-11T17:33:39.515840Z","level":"info","event":"\tat org.apache.spark.sql.catalyst.plans.logical.LogicalPlan.org$apache$spark$sql$catalyst$plans$logical$AnalysisHelper$$super$transformDownWithPruning(LogicalPlan.scala:32)","logger":"task.stdout"}
{"timestamp":"2026-05-11T17:33:39.516394Z","level":"info","event":"\tat org.apache.spark.sql.catalyst.plans.logical.AnalysisHelper.transformDownWithPruning(AnalysisHelper.scala:267)","logger":"task.stdout"}
{"timestamp":"2026-05-11T17:33:39.517313Z","level":"info","event":"\tat org.apache.spark.sql.catalyst.plans.logical.AnalysisHelper.transformDownWithPruning$(AnalysisHelper.scala:263)","logger":"task.stdout"}
{"timestamp":"2026-05-11T17:33:39.517765Z","level":"info","event":"\tat org.apache.spark.sql.catalyst.plans.logical.LogicalPlan.transformDownWithPruning(LogicalPlan.scala:32)","logger":"task.stdout"}
{"timestamp":"2026-05-11T17:33:39.518322Z","level":"info","event":"\tat org.apache.spark.sql.catalyst.plans.logical.LogicalPlan.transformDownWithPruning(LogicalPlan.scala:32)","logger":"task.stdout"}
{"timestamp":"2026-05-11T17:33:39.520782Z","level":"info","event":"\tat org.apache.spark.sql.catalyst.trees.TreeNode.transformDown(TreeNode.scala:437)","logger":"task.stdout"}
{"timestamp":"2026-05-11T17:33:39.521642Z","level":"info","event":"\tat org.apache.spark.sql.execution.QueryExecution.eagerlyExecuteCommands(QueryExecution.scala:98)","logger":"task.stdout"}
{"timestamp":"2026-05-11T17:33:39.522457Z","level":"info","event":"\tat org.apache.spark.sql.execution.QueryExecution.commandExecuted$lzycompute(QueryExecution.scala:85)","logger":"task.stdout"}
{"timestamp":"2026-05-11T17:33:39.523221Z","level":"info","event":"\tat org.apache.spark.sql.execution.QueryExecution.commandExecuted(QueryExecution.scala:83)","logger":"task.stdout"}
{"timestamp":"2026-05-11T17:33:39.524143Z","level":"info","event":"\tat org.apache.spark.sql.execution.QueryExecution.assertCommandExecuted(QueryExecution.scala:142)","logger":"task.stdout"}
{"timestamp":"2026-05-11T17:33:39.524656Z","level":"info","event":"\tat org.apache.spark.sql.DataFrameWriter.runCommand(DataFrameWriter.scala:859)","logger":"task.stdout"}
{"timestamp":"2026-05-11T17:33:39.526351Z","level":"info","event":"\tat org.apache.spark.sql.DataFrameWriter.saveToV1Source(DataFrameWriter.scala:388)","logger":"task.stdout"}
{"timestamp":"2026-05-11T17:33:39.526863Z","level":"info","event":"\tat org.apache.spark.sql.DataFrameWriter.saveInternal(DataFrameWriter.scala:361)","logger":"task.stdout"}
{"timestamp":"2026-05-11T17:33:39.527336Z","level":"info","event":"\tat org.apache.spark.sql.DataFrameWriter.save(DataFrameWriter.scala:240)","logger":"task.stdout"}
{"timestamp":"2026-05-11T17:33:39.527671Z","level":"info","event":"\tat org.apache.spark.sql.DataFrameWriter.csv(DataFrameWriter.scala:850)","logger":"task.stdout"}
{"timestamp":"2026-05-11T17:33:39.529144Z","level":"info","event":"\tat java.base/jdk.internal.reflect.NativeMethodAccessorImpl.invoke0(Native Method)","logger":"task.stdout"}
{"timestamp":"2026-05-11T17:33:39.529579Z","level":"info","event":"\tat java.base/jdk.internal.reflect.NativeMethodAccessorImpl.invoke(NativeMethodAccessorImpl.java:77)","logger":"task.stdout"}
{"timestamp":"2026-05-11T17:33:39.530629Z","level":"info","event":"\tat java.base/jdk.internal.reflect.DelegatingMethodAccessorImpl.invoke(DelegatingMethodAccessorImpl.java:43)","logger":"task.stdout"}
{"timestamp":"2026-05-11T17:33:39.531215Z","level":"info","event":"\tat java.base/java.lang.reflect.Method.invoke(Method.java:569)","logger":"task.stdout"}
{"timestamp":"2026-05-11T17:33:39.533550Z","level":"info","event":"\tat py4j.reflection.MethodInvoker.invoke(MethodInvoker.java:244)","logger":"task.stdout"}
{"timestamp":"2026-05-11T17:33:39.534358Z","level":"info","event":"\tat py4j.reflection.ReflectionEngine.invoke(ReflectionEngine.java:374)","logger":"task.stdout"}
{"timestamp":"2026-05-11T17:33:39.535352Z","level":"info","event":"\tat py4j.Gateway.invoke(Gateway.java:282)","logger":"task.stdout"}
{"timestamp":"2026-05-11T17:33:39.535848Z","level":"info","event":"\tat py4j.commands.AbstractCommand.invokeMethod(AbstractCommand.java:132)","logger":"task.stdout"}
{"timestamp":"2026-05-11T17:33:39.537389Z","level":"info","event":"\tat py4j.commands.CallCommand.execute(CallCommand.java:79)","logger":"task.stdout"}
{"timestamp":"2026-05-11T17:33:39.537849Z","level":"info","event":"\tat py4j.ClientServerConnection.waitForCommands(ClientServerConnection.java:182)","logger":"task.stdout"}
{"timestamp":"2026-05-11T17:33:39.538267Z","level":"info","event":"\tat py4j.ClientServerConnection.run(ClientServerConnection.java:106)","logger":"task.stdout"}
{"timestamp":"2026-05-11T17:33:39.539336Z","level":"info","event":"\tat java.base/java.lang.Thread.run(Thread.java:840)","logger":"task.stdout"}
{"timestamp":"2026-05-11T17:33:39.542194Z","level":"info","event":"Caused by: org.apache.spark.SparkException: [TASK_WRITE_FAILED] Task failed while writing rows to file:/output/result.","logger":"task.stdout"}
{"timestamp":"2026-05-11T17:33:39.542703Z","level":"info","event":"\tat org.apache.spark.sql.errors.QueryExecutionErrors$.taskFailedWhileWritingRowsError(QueryExecutionErrors.scala:774)","logger":"task.stdout"}
{"timestamp":"2026-05-11T17:33:39.543564Z","level":"info","event":"\tat org.apache.spark.sql.execution.datasources.FileFormatWriter$.executeTask(FileFormatWriter.scala:420)","logger":"task.stdout"}
{"timestamp":"2026-05-11T17:33:39.546175Z","level":"info","event":"\tat org.apache.spark.sql.execution.datasources.WriteFilesExec.$anonfun$doExecuteWrite$1(WriteFiles.scala:100)","logger":"task.stdout"}
{"timestamp":"2026-05-11T17:33:39.546715Z","level":"info","event":"\tat org.apache.spark.rdd.RDD.$anonfun$mapPartitionsInternal$2(RDD.scala:893)","logger":"task.stdout"}
{"timestamp":"2026-05-11T17:33:39.549386Z","level":"info","event":"\tat org.apache.spark.rdd.RDD.$anonfun$mapPartitionsInternal$2$adapted(RDD.scala:893)","logger":"task.stdout"}
{"timestamp":"2026-05-11T17:33:39.549967Z","level":"info","event":"\tat org.apache.spark.rdd.MapPartitionsRDD.compute(MapPartitionsRDD.scala:52)","logger":"task.stdout"}
{"timestamp":"2026-05-11T17:33:39.551352Z","level":"info","event":"\tat org.apache.spark.rdd.RDD.computeOrReadCheckpoint(RDD.scala:367)","logger":"task.stdout"}
{"timestamp":"2026-05-11T17:33:39.553402Z","level":"info","event":"\tat org.apache.spark.rdd.RDD.iterator(RDD.scala:331)","logger":"task.stdout"}
{"timestamp":"2026-05-11T17:33:39.555002Z","level":"info","event":"\tat org.apache.spark.scheduler.ResultTask.runTask(ResultTask.scala:93)","logger":"task.stdout"}
{"timestamp":"2026-05-11T17:33:39.556116Z","level":"info","event":"\tat org.apache.spark.TaskContext.runTaskWithListeners(TaskContext.scala:166)","logger":"task.stdout"}
{"timestamp":"2026-05-11T17:33:39.556685Z","level":"info","event":"\tat org.apache.spark.scheduler.Task.run(Task.scala:141)","logger":"task.stdout"}
{"timestamp":"2026-05-11T17:33:39.557148Z","level":"info","event":"\tat org.apache.spark.executor.Executor$TaskRunner.$anonfun$run$4(Executor.scala:620)","logger":"task.stdout"}
{"timestamp":"2026-05-11T17:33:39.557631Z","level":"info","event":"\tat org.apache.spark.util.SparkErrorUtils.tryWithSafeFinally(SparkErrorUtils.scala:64)","logger":"task.stdout"}
{"timestamp":"2026-05-11T17:33:39.561228Z","level":"info","event":"\tat org.apache.spark.util.SparkErrorUtils.tryWithSafeFinally$(SparkErrorUtils.scala:61)","logger":"task.stdout"}
{"timestamp":"2026-05-11T17:33:39.561848Z","level":"info","event":"\tat org.apache.spark.util.Utils$.tryWithSafeFinally(Utils.scala:94)","logger":"task.stdout"}
{"timestamp":"2026-05-11T17:33:39.562424Z","level":"info","event":"\tat org.apache.spark.executor.Executor$TaskRunner.run(Executor.scala:623)","logger":"task.stdout"}
{"timestamp":"2026-05-11T17:33:39.563260Z","level":"info","event":"\tat java.base/java.util.concurrent.ThreadPoolExecutor.runWorker(ThreadPoolExecutor.java:1136)","logger":"task.stdout"}
{"timestamp":"2026-05-11T17:33:39.565294Z","level":"info","event":"\tat java.base/java.util.concurrent.ThreadPoolExecutor$Worker.run(ThreadPoolExecutor.java:635)","logger":"task.stdout"}
{"timestamp":"2026-05-11T17:33:39.565874Z","level":"info","event":"\t... 1 more","logger":"task.stdout"}
{"timestamp":"2026-05-11T17:33:39.566834Z","level":"info","event":"Caused by: org.apache.spark.SparkFileNotFoundException: File file:/output/result/part-00000-29bee261-d6cd-4c26-a8cc-c331518d033b-c000.csv does not exist","logger":"task.stdout"}
{"timestamp":"2026-05-11T17:33:39.567639Z","level":"info","event":"It is possible the underlying files have been updated. You can explicitly invalidate the cache in Spark by running 'REFRESH TABLE tableName' command in SQL or by recreating the Dataset/DataFrame involved.","logger":"task.stdout"}
{"timestamp":"2026-05-11T17:33:39.568158Z","level":"info","event":"\tat org.apache.spark.sql.errors.QueryExecutionErrors$.readCurrentFileNotFoundError(QueryExecutionErrors.scala:780)","logger":"task.stdout"}
{"timestamp":"2026-05-11T17:33:39.569541Z","level":"info","event":"\tat org.apache.spark.sql.execution.datasources.FileScanRDD$$anon$1.org$apache$spark$sql$execution$datasources$FileScanRDD$$anon$$readCurrentFile(FileScanRDD.scala:220)","logger":"task.stdout"}
{"timestamp":"2026-05-11T17:33:39.570236Z","level":"info","event":"\tat org.apache.spark.sql.execution.datasources.FileScanRDD$$anon$1.nextIterator(FileScanRDD.scala:279)","logger":"task.stdout"}
{"timestamp":"2026-05-11T17:33:39.571717Z","level":"info","event":"\tat org.apache.spark.sql.execution.datasources.FileScanRDD$$anon$1.hasNext(FileScanRDD.scala:129)","logger":"task.stdout"}
{"timestamp":"2026-05-11T17:33:39.573272Z","level":"info","event":"\tat scala.collection.Iterator$$anon$10.hasNext(Iterator.scala:460)","logger":"task.stdout"}
{"timestamp":"2026-05-11T17:33:39.578623Z","level":"info","event":"\tat org.apache.spark.sql.catalyst.expressions.GeneratedClass$GeneratedIteratorForCodegenStage5.processNext(Unknown Source)","logger":"task.stdout"}
{"timestamp":"2026-05-11T17:33:39.579286Z","level":"info","event":"\tat org.apache.spark.sql.execution.BufferedRowIterator.hasNext(BufferedRowIterator.java:43)","logger":"task.stdout"}
{"timestamp":"2026-05-11T17:33:39.580619Z","level":"info","event":"\tat org.apache.spark.sql.execution.WholeStageCodegenEvaluatorFactory$WholeStageCodegenPartitionEvaluator$$anon$1.hasNext(WholeStageCodegenEvaluatorFactory.scala:43)","logger":"task.stdout"}
{"timestamp":"2026-05-11T17:33:39.581281Z","level":"info","event":"\tat scala.collection.Iterator$$anon$11.hasNext(Iterator.scala:490)","logger":"task.stdout"}
{"timestamp":"2026-05-11T17:33:39.582475Z","level":"info","event":"\tat org.apache.spark.sql.execution.datasources.FileFormatDataWriter.writeWithIterator(FileFormatDataWriter.scala:91)","logger":"task.stdout"}
{"timestamp":"2026-05-11T17:33:39.583968Z","level":"info","event":"\tat org.apache.spark.sql.execution.datasources.FileFormatWriter$.$anonfun$executeTask$1(FileFormatWriter.scala:403)","logger":"task.stdout"}
{"timestamp":"2026-05-11T17:33:39.584651Z","level":"info","event":"\tat org.apache.spark.util.Utils$.tryWithSafeFinallyAndFailureCallbacks(Utils.scala:1397)","logger":"task.stdout"}
{"timestamp":"2026-05-11T17:33:39.588635Z","level":"info","event":"\tat org.apache.spark.sql.execution.datasources.FileFormatWriter$.executeTask(FileFormatWriter.scala:410)","logger":"task.stdout"}
{"timestamp":"2026-05-11T17:33:39.589312Z","level":"info","event":"\t... 17 more","logger":"task.stdout"}
{"timestamp":"2026-05-11T17:33:39.592665Z","level":"info","event":"","logger":"task.stdout"}
