{"timestamp":"2026-05-05T10:31:26.488771Z","level":"info","event":"DAG bundles loaded: dags-folder, example_dags","logger":"airflow.dag_processing.bundles.manager.DagBundlesManager","filename":"manager.py","lineno":209}
{"timestamp":"2026-05-05T10:31:26.490981Z","level":"info","event":"Filling up the DagBag from /opt/airflow/dags/print_interval_dag.py","logger":"airflow.dag_processing.dagbag.BundleDagBag","filename":"dagbag.py","lineno":469}
{"timestamp":"2026-05-05T10:31:26.503578Z","level":"warning","event":"The `airflow.operators.python.PythonOperator` attribute is deprecated. Please use `'airflow.providers.standard.operators.python.PythonOperator'`.","category":"UserWarning","filename":"/opt/airflow/dags/print_interval_dag.py","lineno":2,"logger":"py.warnings"}
{"timestamp":"2026-05-05T10:31:26.573625Z","level":"info","event":"Task instance is in running state","logger":"task.stdout"}
{"timestamp":"2026-05-05T10:31:26.576498Z","level":"info","event":" Previous state of the Task instance: TaskInstanceState.QUEUED","logger":"task.stdout"}
{"timestamp":"2026-05-05T10:31:26.577434Z","level":"info","event":"Current task name:print_interval","logger":"task.stdout"}
{"timestamp":"2026-05-05T10:31:26.579804Z","level":"info","event":"Dag name:print_interval_dag","logger":"task.stdout"}
{"timestamp":"2026-05-05T10:31:26.580679Z","level":"info","event":"Interval Start: 2025-06-03 09:00:00+00:00","logger":"task.stdout"}
{"timestamp":"2026-05-05T10:31:26.581429Z","level":"info","event":"Interval End:   2025-06-03 09:00:00+00:00","logger":"task.stdout"}
{"timestamp":"2026-05-05T10:31:26.578550Z","level":"info","event":"Done. Returned value was: None","logger":"airflow.task.operators.airflow.providers.standard.operators.python.PythonOperator","filename":"python.py","lineno":229}
{"timestamp":"2026-05-05T10:31:26.644028Z","level":"info","event":"Task instance in success state","logger":"task.stdout"}
{"timestamp":"2026-05-05T10:31:26.656701Z","level":"info","event":" Previous state of the Task instance: TaskInstanceState.RUNNING","logger":"task.stdout"}
{"timestamp":"2026-05-05T10:31:26.662400Z","level":"info","event":"Task operator:<Task(PythonOperator): print_interval>","logger":"task.stdout"}
{"timestamp":"2026-05-05T12:27:24.344437Z","level":"info","event":"DAG bundles loaded: dags-folder, example_dags","logger":"airflow.dag_processing.bundles.manager.DagBundlesManager","filename":"manager.py","lineno":209}
{"timestamp":"2026-05-05T12:27:24.347308Z","level":"info","event":"Filling up the DagBag from /opt/airflow/dags/print_interval_dag.py","logger":"airflow.dag_processing.dagbag.BundleDagBag","filename":"dagbag.py","lineno":469}
{"timestamp":"2026-05-05T12:27:24.470882Z","level":"info","event":"Task instance is in running state","logger":"task.stdout"}
{"timestamp":"2026-05-05T12:27:24.472936Z","level":"info","event":" Previous state of the Task instance: TaskInstanceState.QUEUED","logger":"task.stdout"}
{"timestamp":"2026-05-05T12:27:24.473581Z","level":"info","event":"Current task name:print_interval","logger":"task.stdout"}
{"timestamp":"2026-05-05T12:27:24.474963Z","level":"info","event":"Dag name:print_interval_dag","logger":"task.stdout"}
{"timestamp":"2026-05-05T12:27:24.476175Z","level":"info","event":"=== ALL AVAILABLE MACROS ===","logger":"task.stdout"}
{"timestamp":"2026-05-05T12:27:24.476902Z","level":"info","event":"dag: <DAG: print_interval_dag>","logger":"task.stdout"}
{"timestamp":"2026-05-05T12:27:24.477439Z","level":"info","event":"inlets: []","logger":"task.stdout"}
{"timestamp":"2026-05-05T12:27:24.477794Z","level":"info","event":"map_index_template: None","logger":"task.stdout"}
{"timestamp":"2026-05-05T12:27:24.478362Z","level":"info","event":"outlets: []","logger":"task.stdout"}
{"timestamp":"2026-05-05T12:27:24.478746Z","level":"info","event":"run_id: scheduled__2025-06-03T09:00:00+00:00","logger":"task.stdout"}
{"timestamp":"2026-05-05T12:27:24.479155Z","level":"info","event":"task: <Task(PythonOperator): print_interval>","logger":"task.stdout"}
{"timestamp":"2026-05-05T12:27:24.479548Z","level":"info","event":"task_instance: id=UUID('019df81b-778e-7d83-b48a-dae6eb03c52b') task_id='print_interval' dag_id='print_interval_dag' run_id='scheduled__2025-06-03T09:00:00+00:00' try_number=1 dag_version_id=UUID('019df815-a045-750b-bac8-47ced7cc6a45') map_index=-1 hostname='86abe326db93' context_carrier={'traceparent': '00-9370828718aaa1be0c17d8c9c402d4b8-37d48a3e523cd8fb-01'} task=<Task(PythonOperator): print_interval> bundle_instance=LocalDagBundle(name=dags-folder) max_tries=0 start_date=datetime.datetime(2026, 5, 5, 12, 27, 23, 317444, tzinfo=datetime.timezone.utc) end_date=None state=<TaskInstanceState.RUNNING: 'running'> is_mapped=False rendered_map_index=None sentry_integration=''","logger":"task.stdout"}
{"timestamp":"2026-05-05T12:27:24.480570Z","level":"info","event":"ti: id=UUID('019df81b-778e-7d83-b48a-dae6eb03c52b') task_id='print_interval' dag_id='print_interval_dag' run_id='scheduled__2025-06-03T09:00:00+00:00' try_number=1 dag_version_id=UUID('019df815-a045-750b-bac8-47ced7cc6a45') map_index=-1 hostname='86abe326db93' context_carrier={'traceparent': '00-9370828718aaa1be0c17d8c9c402d4b8-37d48a3e523cd8fb-01'} task=<Task(PythonOperator): print_interval> bundle_instance=LocalDagBundle(name=dags-folder) max_tries=0 start_date=datetime.datetime(2026, 5, 5, 12, 27, 23, 317444, tzinfo=datetime.timezone.utc) end_date=None state=<TaskInstanceState.RUNNING: 'running'> is_mapped=False rendered_map_index=None sentry_integration=''","logger":"task.stdout"}
{"timestamp":"2026-05-05T12:27:24.481107Z","level":"info","event":"outlet_events: OutletEventAccessors(_dict={})","logger":"task.stdout"}
{"timestamp":"2026-05-05T12:27:24.482723Z","level":"info","event":"inlet_events: InletEventsAccessors(_inlets=[], _assets={}, _asset_aliases={})","logger":"task.stdout"}
{"timestamp":"2026-05-05T12:27:24.484147Z","level":"info","event":"macros: <MacrosAccessor (dynamic access to macros)>","logger":"task.stdout"}
{"timestamp":"2026-05-05T12:27:24.484675Z","level":"info","event":"params: {}","logger":"task.stdout"}
{"timestamp":"2026-05-05T12:27:24.484966Z","level":"info","event":"var: {'json': <VariableAccessor (dynamic access)>, 'value': <VariableAccessor (dynamic access)>}","logger":"task.stdout"}
{"timestamp":"2026-05-05T12:27:24.485281Z","level":"info","event":"conn: <ConnectionAccessor (dynamic access)>","logger":"task.stdout"}
{"timestamp":"2026-05-05T12:27:24.485610Z","level":"info","event":"dag_run: dag_id='print_interval_dag' run_id='scheduled__2025-06-03T09:00:00+00:00' logical_date=datetime.datetime(2025, 6, 3, 9, 0, tzinfo=datetime.timezone.utc) data_interval_start=datetime.datetime(2025, 6, 3, 9, 0, tzinfo=datetime.timezone.utc) data_interval_end=datetime.datetime(2025, 6, 3, 9, 0, tzinfo=datetime.timezone.utc) run_after=datetime.datetime(2025, 6, 3, 9, 0, tzinfo=datetime.timezone.utc) start_date=datetime.datetime(2026, 5, 5, 12, 27, 22, 919072, tzinfo=datetime.timezone.utc) end_date=None clear_number=0 run_type=<DagRunType.SCHEDULED: 'scheduled'> state=<DagRunState.RUNNING: 'running'> conf={} triggering_user_name=None consumed_asset_events=[] partition_key=None note=None","logger":"task.stdout"}
{"timestamp":"2026-05-05T12:27:24.486043Z","level":"info","event":"triggering_asset_events: TriggeringAssetEventAccessor(_events=defaultdict(<class 'list'>, {}))","logger":"task.stdout"}
{"timestamp":"2026-05-05T12:27:24.486321Z","level":"info","event":"task_instance_key_str: print_interval_dag__print_interval__20250603","logger":"task.stdout"}
{"timestamp":"2026-05-05T12:27:24.486782Z","level":"info","event":"task_reschedule_count: 0","logger":"task.stdout"}
{"timestamp":"2026-05-05T12:27:24.516822Z","level":"info","event":"prev_start_date_success: 2026-05-05 12:27:22.085838+00:00","logger":"task.stdout"}
{"timestamp":"2026-05-05T12:27:24.517619Z","level":"info","event":"prev_end_date_success: 2026-05-05 12:27:24.112302+00:00","logger":"task.stdout"}
{"timestamp":"2026-05-05T12:27:24.518339Z","level":"info","event":"logical_date: 2025-06-03 09:00:00+00:00","logger":"task.stdout"}
{"timestamp":"2026-05-05T12:27:24.518903Z","level":"info","event":"ds: 2025-06-03","logger":"task.stdout"}
{"timestamp":"2026-05-05T12:27:24.521184Z","level":"info","event":"ds_nodash: 20250603","logger":"task.stdout"}
{"timestamp":"2026-05-05T12:27:24.522832Z","level":"info","event":"ts: 2025-06-03T09:00:00+00:00","logger":"task.stdout"}
{"timestamp":"2026-05-05T12:27:24.523731Z","level":"info","event":"ts_nodash: 20250603T090000","logger":"task.stdout"}
{"timestamp":"2026-05-05T12:27:24.525072Z","level":"info","event":"ts_nodash_with_tz: 20250603T090000+0000","logger":"task.stdout"}
{"timestamp":"2026-05-05T12:27:24.528930Z","level":"info","event":"data_interval_end: 2025-06-03 09:00:00+00:00","logger":"task.stdout"}
{"timestamp":"2026-05-05T12:27:24.529620Z","level":"info","event":"data_interval_start: 2025-06-03 09:00:00+00:00","logger":"task.stdout"}
{"timestamp":"2026-05-05T12:27:24.531703Z","level":"info","event":"prev_data_interval_start_success: 2025-06-03 03:00:00+00:00","logger":"task.stdout"}
{"timestamp":"2026-05-05T12:27:24.535359Z","level":"info","event":"prev_data_interval_end_success: 2025-06-03 03:00:00+00:00","logger":"task.stdout"}
{"timestamp":"2026-05-05T12:27:24.536130Z","level":"info","event":"templates_dict: None","logger":"task.stdout"}
{"timestamp":"2026-05-05T12:27:24.515554Z","level":"info","event":"Done. Returned value was: None","logger":"airflow.task.operators.airflow.providers.standard.operators.python.PythonOperator","filename":"python.py","lineno":229}
{"timestamp":"2026-05-05T12:27:24.633429Z","level":"info","event":"Task instance in success state","logger":"task.stdout"}
{"timestamp":"2026-05-05T12:27:24.634335Z","level":"info","event":" Previous state of the Task instance: TaskInstanceState.RUNNING","logger":"task.stdout"}
{"timestamp":"2026-05-05T12:27:24.635614Z","level":"info","event":"Task operator:<Task(PythonOperator): print_interval>","logger":"task.stdout"}
