{"timestamp":"2026-05-06T01:18:48.403754Z","level":"info","event":"DAG bundles loaded: dags-folder, example_dags","logger":"airflow.dag_processing.bundles.manager.DagBundlesManager","filename":"manager.py","lineno":209}
{"timestamp":"2026-05-06T01:18:48.407263Z","level":"info","event":"Filling up the DagBag from /opt/airflow/dags/print_interval_dag.py","logger":"airflow.dag_processing.dagbag.BundleDagBag","filename":"dagbag.py","lineno":469}
{"timestamp":"2026-05-06T01:18:48.522113Z","level":"info","event":"Task instance is in running state","logger":"task.stdout"}
{"timestamp":"2026-05-06T01:18:48.522661Z","level":"info","event":" Previous state of the Task instance: TaskInstanceState.QUEUED","logger":"task.stdout"}
{"timestamp":"2026-05-06T01:18:48.526011Z","level":"info","event":"Current task name:print_interval","logger":"task.stdout"}
{"timestamp":"2026-05-06T01:18:48.526570Z","level":"info","event":"Dag name:print_interval_dag","logger":"task.stdout"}
{"timestamp":"2026-05-06T01:18:48.527337Z","level":"info","event":"=== INTERVAL INFO ===","logger":"task.stdout"}
{"timestamp":"2026-05-06T01:18:48.527848Z","level":"info","event":"Interval Start:  2026-05-06 00:00:00+00:00","logger":"task.stdout"}
{"timestamp":"2026-05-06T01:18:48.528329Z","level":"info","event":"Interval End:    2026-05-06 03:00:00+00:00","logger":"task.stdout"}
{"timestamp":"2026-05-06T01:18:48.528729Z","level":"info","event":"Duration:        3:00:00","logger":"task.stdout"}
{"timestamp":"2026-05-06T01:18:48.529263Z","level":"info","event":"=== ALL AVAILABLE MACROS ===","logger":"task.stdout"}
{"timestamp":"2026-05-06T01:18:48.531108Z","level":"info","event":"dag: <DAG: print_interval_dag>","logger":"task.stdout"}
{"timestamp":"2026-05-06T01:18:48.534561Z","level":"info","event":"inlets: []","logger":"task.stdout"}
{"timestamp":"2026-05-06T01:18:48.538086Z","level":"info","event":"map_index_template: None","logger":"task.stdout"}
{"timestamp":"2026-05-06T01:18:48.539421Z","level":"info","event":"outlets: []","logger":"task.stdout"}
{"timestamp":"2026-05-06T01:18:48.541795Z","level":"info","event":"run_id: scheduled__2026-05-06T00:00:00+00:00","logger":"task.stdout"}
{"timestamp":"2026-05-06T01:18:48.544724Z","level":"info","event":"task: <Task(PythonOperator): print_interval>","logger":"task.stdout"}
{"timestamp":"2026-05-06T01:18:48.545253Z","level":"info","event":"task_instance: id=UUID('019dfadd-afe6-7360-bfba-eb42ad0ed742') task_id='print_interval' dag_id='print_interval_dag' run_id='scheduled__2026-05-06T00:00:00+00:00' try_number=1 dag_version_id=UUID('019df868-e424-75da-84ee-f728e7b06374') map_index=-1 hostname='86abe326db93' context_carrier={'traceparent': '00-f0ee5686ccc8ccdc040deb591f11080d-41dcaab50ea04c68-01'} task=<Task(PythonOperator): print_interval> bundle_instance=LocalDagBundle(name=dags-folder) max_tries=0 start_date=datetime.datetime(2026, 5, 6, 1, 18, 47, 195700, tzinfo=datetime.timezone.utc) end_date=None state=<TaskInstanceState.RUNNING: 'running'> is_mapped=False rendered_map_index=None sentry_integration=''","logger":"task.stdout"}
{"timestamp":"2026-05-06T01:18:48.548412Z","level":"info","event":"ti: id=UUID('019dfadd-afe6-7360-bfba-eb42ad0ed742') task_id='print_interval' dag_id='print_interval_dag' run_id='scheduled__2026-05-06T00:00:00+00:00' try_number=1 dag_version_id=UUID('019df868-e424-75da-84ee-f728e7b06374') map_index=-1 hostname='86abe326db93' context_carrier={'traceparent': '00-f0ee5686ccc8ccdc040deb591f11080d-41dcaab50ea04c68-01'} task=<Task(PythonOperator): print_interval> bundle_instance=LocalDagBundle(name=dags-folder) max_tries=0 start_date=datetime.datetime(2026, 5, 6, 1, 18, 47, 195700, tzinfo=datetime.timezone.utc) end_date=None state=<TaskInstanceState.RUNNING: 'running'> is_mapped=False rendered_map_index=None sentry_integration=''","logger":"task.stdout"}
{"timestamp":"2026-05-06T01:18:48.550226Z","level":"info","event":"outlet_events: OutletEventAccessors(_dict={})","logger":"task.stdout"}
{"timestamp":"2026-05-06T01:18:48.552653Z","level":"info","event":"inlet_events: InletEventsAccessors(_inlets=[], _assets={}, _asset_aliases={})","logger":"task.stdout"}
{"timestamp":"2026-05-06T01:18:48.554293Z","level":"info","event":"macros: <MacrosAccessor (dynamic access to macros)>","logger":"task.stdout"}
{"timestamp":"2026-05-06T01:18:48.555217Z","level":"info","event":"params: {}","logger":"task.stdout"}
{"timestamp":"2026-05-06T01:18:48.556140Z","level":"info","event":"var: {'json': <VariableAccessor (dynamic access)>, 'value': <VariableAccessor (dynamic access)>}","logger":"task.stdout"}
{"timestamp":"2026-05-06T01:18:48.556955Z","level":"info","event":"conn: <ConnectionAccessor (dynamic access)>","logger":"task.stdout"}
{"timestamp":"2026-05-06T01:18:48.558343Z","level":"info","event":"dag_run: dag_id='print_interval_dag' run_id='scheduled__2026-05-06T00:00:00+00:00' logical_date=datetime.datetime(2026, 5, 6, 0, 0, tzinfo=datetime.timezone.utc) data_interval_start=datetime.datetime(2026, 5, 6, 0, 0, tzinfo=datetime.timezone.utc) data_interval_end=datetime.datetime(2026, 5, 6, 0, 0, tzinfo=datetime.timezone.utc) run_after=datetime.datetime(2026, 5, 6, 0, 0, tzinfo=datetime.timezone.utc) start_date=datetime.datetime(2026, 5, 6, 1, 18, 45, 997924, tzinfo=datetime.timezone.utc) end_date=None clear_number=0 run_type=<DagRunType.SCHEDULED: 'scheduled'> state=<DagRunState.RUNNING: 'running'> conf={} triggering_user_name=None consumed_asset_events=[] partition_key=None note=None","logger":"task.stdout"}
{"timestamp":"2026-05-06T01:18:48.563121Z","level":"info","event":"triggering_asset_events: TriggeringAssetEventAccessor(_events=defaultdict(<class 'list'>, {}))","logger":"task.stdout"}
{"timestamp":"2026-05-06T01:18:48.564373Z","level":"info","event":"task_instance_key_str: print_interval_dag__print_interval__20260506","logger":"task.stdout"}
{"timestamp":"2026-05-06T01:18:48.565235Z","level":"info","event":"task_reschedule_count: 0","logger":"task.stdout"}
{"timestamp":"2026-05-06T01:18:48.600416Z","level":"info","event":"prev_start_date_success: 2026-05-05 21:18:59.787721+00:00","logger":"task.stdout"}
{"timestamp":"2026-05-06T01:18:48.601073Z","level":"info","event":"prev_end_date_success: 2026-05-05 21:19:12.678196+00:00","logger":"task.stdout"}
{"timestamp":"2026-05-06T01:18:48.601952Z","level":"info","event":"logical_date: 2026-05-06 00:00:00+00:00","logger":"task.stdout"}
{"timestamp":"2026-05-06T01:18:48.602430Z","level":"info","event":"ds: 2026-05-06","logger":"task.stdout"}
{"timestamp":"2026-05-06T01:18:48.603001Z","level":"info","event":"ds_nodash: 20260506","logger":"task.stdout"}
{"timestamp":"2026-05-06T01:18:48.603543Z","level":"info","event":"ts: 2026-05-06T00:00:00+00:00","logger":"task.stdout"}
{"timestamp":"2026-05-06T01:18:48.606938Z","level":"info","event":"ts_nodash: 20260506T000000","logger":"task.stdout"}
{"timestamp":"2026-05-06T01:18:48.609053Z","level":"info","event":"ts_nodash_with_tz: 20260506T000000+0000","logger":"task.stdout"}
{"timestamp":"2026-05-06T01:18:48.609564Z","level":"info","event":"data_interval_end: 2026-05-06 00:00:00+00:00","logger":"task.stdout"}
{"timestamp":"2026-05-06T01:18:48.610071Z","level":"info","event":"data_interval_start: 2026-05-06 00:00:00+00:00","logger":"task.stdout"}
{"timestamp":"2026-05-06T01:18:48.610535Z","level":"info","event":"prev_data_interval_start_success: 2026-05-05 21:00:00+00:00","logger":"task.stdout"}
{"timestamp":"2026-05-06T01:18:48.611108Z","level":"info","event":"prev_data_interval_end_success: 2026-05-05 21:00:00+00:00","logger":"task.stdout"}
{"timestamp":"2026-05-06T01:18:48.611543Z","level":"info","event":"templates_dict: None","logger":"task.stdout"}
{"timestamp":"2026-05-06T01:18:48.596529Z","level":"info","event":"Done. Returned value was: None","logger":"airflow.task.operators.airflow.providers.standard.operators.python.PythonOperator","filename":"python.py","lineno":229}
{"timestamp":"2026-05-06T01:18:48.733121Z","level":"info","event":"Task instance in success state","logger":"task.stdout"}
{"timestamp":"2026-05-06T01:18:48.734345Z","level":"info","event":" Previous state of the Task instance: TaskInstanceState.RUNNING","logger":"task.stdout"}
{"timestamp":"2026-05-06T01:18:48.740225Z","level":"info","event":"Task operator:<Task(PythonOperator): print_interval>","logger":"task.stdout"}
{"timestamp":"2026-05-06T14:47:30.770991Z","level":"info","event":"DAG bundles loaded: dags-folder, example_dags","logger":"airflow.dag_processing.bundles.manager.DagBundlesManager","filename":"manager.py","lineno":209}
{"timestamp":"2026-05-06T14:47:30.774685Z","level":"info","event":"Filling up the DagBag from /opt/airflow/dags/print_interval_dag.py","logger":"airflow.dag_processing.dagbag.BundleDagBag","filename":"dagbag.py","lineno":469}
{"timestamp":"2026-05-06T14:47:30.894343Z","level":"info","event":"Task instance is in running state","logger":"task.stdout"}
{"timestamp":"2026-05-06T14:47:30.895292Z","level":"info","event":" Previous state of the Task instance: TaskInstanceState.QUEUED","logger":"task.stdout"}
{"timestamp":"2026-05-06T14:47:30.897094Z","level":"info","event":"Current task name:print_interval","logger":"task.stdout"}
{"timestamp":"2026-05-06T14:47:30.903253Z","level":"info","event":"Dag name:print_interval_dag","logger":"task.stdout"}
{"timestamp":"2026-05-06T14:47:30.903947Z","level":"info","event":"=== INTERVAL INFO ===","logger":"task.stdout"}
{"timestamp":"2026-05-06T14:47:30.904433Z","level":"info","event":"Interval Start:  2026-05-06 00:00:00+00:00","logger":"task.stdout"}
{"timestamp":"2026-05-06T14:47:30.904892Z","level":"info","event":"Interval End:    2026-05-06 00:00:00+00:00","logger":"task.stdout"}
{"timestamp":"2026-05-06T14:47:30.905417Z","level":"info","event":"Duration:        0:00:00","logger":"task.stdout"}
{"timestamp":"2026-05-06T14:47:30.905871Z","level":"info","event":"=== ALL AVAILABLE MACROS ===","logger":"task.stdout"}
{"timestamp":"2026-05-06T14:47:30.906310Z","level":"info","event":"dag: <DAG: print_interval_dag>","logger":"task.stdout"}
{"timestamp":"2026-05-06T14:47:30.906744Z","level":"info","event":"inlets: []","logger":"task.stdout"}
{"timestamp":"2026-05-06T14:47:30.907164Z","level":"info","event":"map_index_template: None","logger":"task.stdout"}
{"timestamp":"2026-05-06T14:47:30.907666Z","level":"info","event":"outlets: []","logger":"task.stdout"}
{"timestamp":"2026-05-06T14:47:30.908082Z","level":"info","event":"run_id: scheduled__2026-05-06T00:00:00+00:00","logger":"task.stdout"}
{"timestamp":"2026-05-06T14:47:30.908756Z","level":"info","event":"task: <Task(PythonOperator): print_interval>","logger":"task.stdout"}
{"timestamp":"2026-05-06T14:47:30.909175Z","level":"info","event":"task_instance: id=UUID('019dfdc2-18ab-780c-bf3a-817a5dc30a67') task_id='print_interval' dag_id='print_interval_dag' run_id='scheduled__2026-05-06T00:00:00+00:00' try_number=1 dag_version_id=UUID('019dfdc0-ac2b-7973-9b93-eab8e640e2bd') map_index=-1 hostname='86abe326db93' context_carrier={'traceparent': '00-fe08a302340fa74a674727ca6408ddaa-0a5454b25427716e-01'} task=<Task(PythonOperator): print_interval> bundle_instance=LocalDagBundle(name=dags-folder) max_tries=0 start_date=datetime.datetime(2026, 5, 6, 14, 47, 29, 577726, tzinfo=datetime.timezone.utc) end_date=None state=<TaskInstanceState.RUNNING: 'running'> is_mapped=False rendered_map_index=None sentry_integration=''","logger":"task.stdout"}
{"timestamp":"2026-05-06T14:47:30.909655Z","level":"info","event":"ti: id=UUID('019dfdc2-18ab-780c-bf3a-817a5dc30a67') task_id='print_interval' dag_id='print_interval_dag' run_id='scheduled__2026-05-06T00:00:00+00:00' try_number=1 dag_version_id=UUID('019dfdc0-ac2b-7973-9b93-eab8e640e2bd') map_index=-1 hostname='86abe326db93' context_carrier={'traceparent': '00-fe08a302340fa74a674727ca6408ddaa-0a5454b25427716e-01'} task=<Task(PythonOperator): print_interval> bundle_instance=LocalDagBundle(name=dags-folder) max_tries=0 start_date=datetime.datetime(2026, 5, 6, 14, 47, 29, 577726, tzinfo=datetime.timezone.utc) end_date=None state=<TaskInstanceState.RUNNING: 'running'> is_mapped=False rendered_map_index=None sentry_integration=''","logger":"task.stdout"}
{"timestamp":"2026-05-06T14:47:30.910208Z","level":"info","event":"outlet_events: OutletEventAccessors(_dict={})","logger":"task.stdout"}
{"timestamp":"2026-05-06T14:47:30.910998Z","level":"info","event":"inlet_events: InletEventsAccessors(_inlets=[], _assets={}, _asset_aliases={})","logger":"task.stdout"}
{"timestamp":"2026-05-06T14:47:30.911547Z","level":"info","event":"macros: <MacrosAccessor (dynamic access to macros)>","logger":"task.stdout"}
{"timestamp":"2026-05-06T14:47:30.914429Z","level":"info","event":"params: {}","logger":"task.stdout"}
{"timestamp":"2026-05-06T14:47:30.914950Z","level":"info","event":"var: {'json': <VariableAccessor (dynamic access)>, 'value': <VariableAccessor (dynamic access)>}","logger":"task.stdout"}
{"timestamp":"2026-05-06T14:47:30.915724Z","level":"info","event":"conn: <ConnectionAccessor (dynamic access)>","logger":"task.stdout"}
{"timestamp":"2026-05-06T14:47:30.916241Z","level":"info","event":"dag_run: dag_id='print_interval_dag' run_id='scheduled__2026-05-06T00:00:00+00:00' logical_date=datetime.datetime(2026, 5, 6, 0, 0, tzinfo=datetime.timezone.utc) data_interval_start=datetime.datetime(2026, 5, 6, 0, 0, tzinfo=datetime.timezone.utc) data_interval_end=datetime.datetime(2026, 5, 6, 0, 0, tzinfo=datetime.timezone.utc) run_after=datetime.datetime(2026, 5, 6, 0, 0, tzinfo=datetime.timezone.utc) start_date=datetime.datetime(2026, 5, 6, 14, 47, 29, 221763, tzinfo=datetime.timezone.utc) end_date=None clear_number=0 run_type=<DagRunType.SCHEDULED: 'scheduled'> state=<DagRunState.RUNNING: 'running'> conf={} triggering_user_name=None consumed_asset_events=[] partition_key=None note=None","logger":"task.stdout"}
{"timestamp":"2026-05-06T14:47:30.916677Z","level":"info","event":"triggering_asset_events: TriggeringAssetEventAccessor(_events=defaultdict(<class 'list'>, {}))","logger":"task.stdout"}
{"timestamp":"2026-05-06T14:47:30.917062Z","level":"info","event":"task_instance_key_str: print_interval_dag__print_interval__20260506","logger":"task.stdout"}
{"timestamp":"2026-05-06T14:47:30.917635Z","level":"info","event":"task_reschedule_count: 0","logger":"task.stdout"}
{"timestamp":"2026-05-06T14:47:30.952417Z","level":"info","event":"prev_start_date_success: 2026-05-06 14:47:28.750521+00:00","logger":"task.stdout"}
{"timestamp":"2026-05-06T14:47:30.952937Z","level":"info","event":"prev_end_date_success: 2026-05-06 14:47:30.860057+00:00","logger":"task.stdout"}
{"timestamp":"2026-05-06T14:47:30.953501Z","level":"info","event":"logical_date: 2026-05-06 00:00:00+00:00","logger":"task.stdout"}
{"timestamp":"2026-05-06T14:47:30.954072Z","level":"info","event":"ds: 2026-05-06","logger":"task.stdout"}
{"timestamp":"2026-05-06T14:47:30.955500Z","level":"info","event":"ds_nodash: 20260506","logger":"task.stdout"}
{"timestamp":"2026-05-06T14:47:30.956222Z","level":"info","event":"ts: 2026-05-06T00:00:00+00:00","logger":"task.stdout"}
{"timestamp":"2026-05-06T14:47:30.956789Z","level":"info","event":"ts_nodash: 20260506T000000","logger":"task.stdout"}
{"timestamp":"2026-05-06T14:47:30.957394Z","level":"info","event":"ts_nodash_with_tz: 20260506T000000+0000","logger":"task.stdout"}
{"timestamp":"2026-05-06T14:47:30.957893Z","level":"info","event":"data_interval_end: 2026-05-06 00:00:00+00:00","logger":"task.stdout"}
{"timestamp":"2026-05-06T14:47:30.958301Z","level":"info","event":"data_interval_start: 2026-05-06 00:00:00+00:00","logger":"task.stdout"}
{"timestamp":"2026-05-06T14:47:30.958774Z","level":"info","event":"prev_data_interval_start_success: 2026-05-05 21:00:00+00:00","logger":"task.stdout"}
{"timestamp":"2026-05-06T14:47:30.959284Z","level":"info","event":"prev_data_interval_end_success: 2026-05-05 21:00:00+00:00","logger":"task.stdout"}
{"timestamp":"2026-05-06T14:47:30.959671Z","level":"info","event":"templates_dict: None","logger":"task.stdout"}
{"timestamp":"2026-05-06T14:47:30.951781Z","level":"info","event":"Done. Returned value was: None","logger":"airflow.task.operators.airflow.providers.standard.operators.python.PythonOperator","filename":"python.py","lineno":229}
{"timestamp":"2026-05-06T14:47:31.009909Z","level":"info","event":"Task instance in success state","logger":"task.stdout"}
{"timestamp":"2026-05-06T14:47:31.010884Z","level":"info","event":" Previous state of the Task instance: TaskInstanceState.RUNNING","logger":"task.stdout"}
{"timestamp":"2026-05-06T14:47:31.013604Z","level":"info","event":"Task operator:<Task(PythonOperator): print_interval>","logger":"task.stdout"}
{"timestamp":"2026-05-06T14:50:49.995977Z","level":"info","event":"DAG bundles loaded: dags-folder, example_dags","logger":"airflow.dag_processing.bundles.manager.DagBundlesManager","filename":"manager.py","lineno":209}
{"timestamp":"2026-05-06T14:50:49.999350Z","level":"info","event":"Filling up the DagBag from /opt/airflow/dags/print_interval_dag.py","logger":"airflow.dag_processing.dagbag.BundleDagBag","filename":"dagbag.py","lineno":469}
{"timestamp":"2026-05-06T14:50:50.074411Z","level":"info","event":"Task instance is in running state","logger":"task.stdout"}
{"timestamp":"2026-05-06T14:50:50.075573Z","level":"info","event":" Previous state of the Task instance: TaskInstanceState.QUEUED","logger":"task.stdout"}
{"timestamp":"2026-05-06T14:50:50.076805Z","level":"info","event":"Current task name:print_interval","logger":"task.stdout"}
{"timestamp":"2026-05-06T14:50:50.077873Z","level":"info","event":"Dag name:print_interval_dag","logger":"task.stdout"}
{"timestamp":"2026-05-06T14:50:50.080669Z","level":"error","event":"Task failed with exception","logger":"task","filename":"task_runner.py","lineno":1347,"error_detail":[{"exc_type":"AttributeError","exc_value":"'DAG' object has no attribute 'schedule_interval'","exc_notes":[],"syntax_error":null,"is_cause":false,"frames":[{"filename":"/home/airflow/.local/lib/python3.13/site-packages/airflow/sdk/execution_time/task_runner.py","lineno":1263,"name":"run"},{"filename":"/home/airflow/.local/lib/python3.13/site-packages/airflow/sdk/execution_time/task_runner.py","lineno":1678,"name":"_execute_task"},{"filename":"/home/airflow/.local/lib/python3.13/site-packages/airflow/sdk/bases/operator.py","lineno":443,"name":"wrapper"},{"filename":"/home/airflow/.local/lib/python3.13/site-packages/airflow/providers/standard/operators/python.py","lineno":227,"name":"execute"},{"filename":"/home/airflow/.local/lib/python3.13/site-packages/airflow/providers/standard/operators/python.py","lineno":250,"name":"execute_callable"},{"filename":"/home/airflow/.local/lib/python3.13/site-packages/airflow/sdk/execution_time/callback_runner.py","lineno":97,"name":"run"},{"filename":"/opt/airflow/dags/print_interval_dag.py","lineno":11,"name":"print_interval"}],"is_group":false,"exceptions":[]}]}
{"timestamp":"2026-05-06T14:50:50.084421Z","level":"info","event":"Task instance in failure state","logger":"task.stdout"}
{"timestamp":"2026-05-06T14:50:50.086137Z","level":"info","event":"Task start","logger":"task.stdout"}
{"timestamp":"2026-05-06T14:50:50.087313Z","level":"info","event":"Task:<Task(PythonOperator): print_interval>","logger":"task.stdout"}
{"timestamp":"2026-05-06T14:50:50.088113Z","level":"info","event":"Failure caused by 'DAG' object has no attribute 'schedule_interval'","logger":"task.stdout"}
{"timestamp":"2026-05-06T14:53:32.011796Z","level":"info","event":"DAG bundles loaded: dags-folder, example_dags","logger":"airflow.dag_processing.bundles.manager.DagBundlesManager","filename":"manager.py","lineno":209}
{"timestamp":"2026-05-06T14:53:32.014513Z","level":"info","event":"Filling up the DagBag from /opt/airflow/dags/print_interval_dag.py","logger":"airflow.dag_processing.dagbag.BundleDagBag","filename":"dagbag.py","lineno":469}
{"timestamp":"2026-05-06T14:53:32.257400Z","level":"info","event":"Task instance is in running state","logger":"task.stdout"}
{"timestamp":"2026-05-06T14:53:32.259744Z","level":"info","event":" Previous state of the Task instance: TaskInstanceState.QUEUED","logger":"task.stdout"}
{"timestamp":"2026-05-06T14:53:32.262419Z","level":"info","event":"Current task name:print_interval","logger":"task.stdout"}
{"timestamp":"2026-05-06T14:53:32.264727Z","level":"info","event":"Dag name:print_interval_dag","logger":"task.stdout"}
{"timestamp":"2026-05-06T14:53:32.265831Z","level":"info","event":"=== INTERVAL INFO ===","logger":"task.stdout"}
{"timestamp":"2026-05-06T14:53:32.266998Z","level":"info","event":"Interval Start:  2026-05-06 00:00:00+00:00","logger":"task.stdout"}
{"timestamp":"2026-05-06T14:53:32.267827Z","level":"info","event":"Interval End:    2026-05-06 03:00:00+00:00","logger":"task.stdout"}
{"timestamp":"2026-05-06T14:53:32.269050Z","level":"info","event":"Duration:        3:00:00","logger":"task.stdout"}
{"timestamp":"2026-05-06T14:53:32.264635Z","level":"info","event":"Done. Returned value was: None","logger":"airflow.task.operators.airflow.providers.standard.operators.python.PythonOperator","filename":"python.py","lineno":229}
{"timestamp":"2026-05-06T14:53:32.438706Z","level":"info","event":"Task instance in success state","logger":"task.stdout"}
{"timestamp":"2026-05-06T14:53:32.443570Z","level":"info","event":" Previous state of the Task instance: TaskInstanceState.RUNNING","logger":"task.stdout"}
{"timestamp":"2026-05-06T14:53:32.444151Z","level":"info","event":"Task operator:<Task(PythonOperator): print_interval>","logger":"task.stdout"}
