{"timestamp":"2026-05-05T10:30:20.976841Z","level":"info","event":"DAG bundles loaded: dags-folder, example_dags","logger":"airflow.dag_processing.bundles.manager.DagBundlesManager","filename":"manager.py","lineno":209}
{"timestamp":"2026-05-05T10:30:20.978876Z","level":"info","event":"Filling up the DagBag from /opt/airflow/dags/print_interval_dag.py","logger":"airflow.dag_processing.dagbag.BundleDagBag","filename":"dagbag.py","lineno":469}
{"timestamp":"2026-05-05T10:30:20.997292Z","level":"warning","event":"The `airflow.operators.python.PythonOperator` attribute is deprecated. Please use `'airflow.providers.standard.operators.python.PythonOperator'`.","category":"UserWarning","filename":"/opt/airflow/dags/print_interval_dag.py","lineno":2,"logger":"py.warnings"}
{"timestamp":"2026-05-05T10:30:21.126619Z","level":"info","event":"Task instance is in running state","logger":"task.stdout"}
{"timestamp":"2026-05-05T10:30:21.127187Z","level":"info","event":" Previous state of the Task instance: TaskInstanceState.QUEUED","logger":"task.stdout"}
{"timestamp":"2026-05-05T10:30:21.130144Z","level":"info","event":"Current task name:print_interval","logger":"task.stdout"}
{"timestamp":"2026-05-05T10:30:21.130653Z","level":"info","event":"Dag name:print_interval_dag","logger":"task.stdout"}
{"timestamp":"2026-05-05T10:30:21.131590Z","level":"info","event":"Interval Start: 2025-05-17 06:00:00+00:00","logger":"task.stdout"}
{"timestamp":"2026-05-05T10:30:21.132327Z","level":"info","event":"Interval End:   2025-05-17 06:00:00+00:00","logger":"task.stdout"}
{"timestamp":"2026-05-05T10:30:21.131990Z","level":"info","event":"Done. Returned value was: None","logger":"airflow.task.operators.airflow.providers.standard.operators.python.PythonOperator","filename":"python.py","lineno":229}
{"timestamp":"2026-05-05T10:30:21.223713Z","level":"info","event":"Task instance in success state","logger":"task.stdout"}
{"timestamp":"2026-05-05T10:30:21.225017Z","level":"info","event":" Previous state of the Task instance: TaskInstanceState.RUNNING","logger":"task.stdout"}
{"timestamp":"2026-05-05T10:30:21.225729Z","level":"info","event":"Task operator:<Task(PythonOperator): print_interval>","logger":"task.stdout"}
{"timestamp":"2026-05-05T12:26:15.278131Z","level":"info","event":"DAG bundles loaded: dags-folder, example_dags","logger":"airflow.dag_processing.bundles.manager.DagBundlesManager","filename":"manager.py","lineno":209}
{"timestamp":"2026-05-05T12:26:15.286316Z","level":"info","event":"Filling up the DagBag from /opt/airflow/dags/print_interval_dag.py","logger":"airflow.dag_processing.dagbag.BundleDagBag","filename":"dagbag.py","lineno":469}
{"timestamp":"2026-05-05T12:26:15.446894Z","level":"info","event":"Task instance is in running state","logger":"task.stdout"}
{"timestamp":"2026-05-05T12:26:15.447863Z","level":"info","event":" Previous state of the Task instance: TaskInstanceState.QUEUED","logger":"task.stdout"}
{"timestamp":"2026-05-05T12:26:15.448841Z","level":"info","event":"Current task name:print_interval","logger":"task.stdout"}
{"timestamp":"2026-05-05T12:26:15.450088Z","level":"info","event":"Dag name:print_interval_dag","logger":"task.stdout"}
{"timestamp":"2026-05-05T12:26:15.451788Z","level":"info","event":"=== ALL AVAILABLE MACROS ===","logger":"task.stdout"}
{"timestamp":"2026-05-05T12:26:15.454332Z","level":"info","event":"dag: <DAG: print_interval_dag>","logger":"task.stdout"}
{"timestamp":"2026-05-05T12:26:15.454831Z","level":"info","event":"inlets: []","logger":"task.stdout"}
{"timestamp":"2026-05-05T12:26:15.456556Z","level":"info","event":"map_index_template: None","logger":"task.stdout"}
{"timestamp":"2026-05-05T12:26:15.458755Z","level":"info","event":"outlets: []","logger":"task.stdout"}
{"timestamp":"2026-05-05T12:26:15.462497Z","level":"info","event":"run_id: scheduled__2025-05-17T06:00:00+00:00","logger":"task.stdout"}
{"timestamp":"2026-05-05T12:26:15.463908Z","level":"info","event":"task: <Task(PythonOperator): print_interval>","logger":"task.stdout"}
{"timestamp":"2026-05-05T12:26:15.464609Z","level":"info","event":"task_instance: id=UUID('019df81a-68cd-7c6a-a0bf-48fdd4c407ee') task_id='print_interval' dag_id='print_interval_dag' run_id='scheduled__2025-05-17T06:00:00+00:00' try_number=1 dag_version_id=UUID('019df815-a045-750b-bac8-47ced7cc6a45') map_index=-1 hostname='86abe326db93' context_carrier={'traceparent': '00-2ab3b0872593ce2bf649b40b8ad8223e-682089f02bbd7460-01'} task=<Task(PythonOperator): print_interval> bundle_instance=LocalDagBundle(name=dags-folder) max_tries=0 start_date=datetime.datetime(2026, 5, 5, 12, 26, 13, 913632, tzinfo=datetime.timezone.utc) end_date=None state=<TaskInstanceState.RUNNING: 'running'> is_mapped=False rendered_map_index=None sentry_integration=''","logger":"task.stdout"}
{"timestamp":"2026-05-05T12:26:15.468044Z","level":"info","event":"ti: id=UUID('019df81a-68cd-7c6a-a0bf-48fdd4c407ee') task_id='print_interval' dag_id='print_interval_dag' run_id='scheduled__2025-05-17T06:00:00+00:00' try_number=1 dag_version_id=UUID('019df815-a045-750b-bac8-47ced7cc6a45') map_index=-1 hostname='86abe326db93' context_carrier={'traceparent': '00-2ab3b0872593ce2bf649b40b8ad8223e-682089f02bbd7460-01'} task=<Task(PythonOperator): print_interval> bundle_instance=LocalDagBundle(name=dags-folder) max_tries=0 start_date=datetime.datetime(2026, 5, 5, 12, 26, 13, 913632, tzinfo=datetime.timezone.utc) end_date=None state=<TaskInstanceState.RUNNING: 'running'> is_mapped=False rendered_map_index=None sentry_integration=''","logger":"task.stdout"}
{"timestamp":"2026-05-05T12:26:15.468813Z","level":"info","event":"outlet_events: OutletEventAccessors(_dict={})","logger":"task.stdout"}
{"timestamp":"2026-05-05T12:26:15.469983Z","level":"info","event":"inlet_events: InletEventsAccessors(_inlets=[], _assets={}, _asset_aliases={})","logger":"task.stdout"}
{"timestamp":"2026-05-05T12:26:15.470491Z","level":"info","event":"macros: <MacrosAccessor (dynamic access to macros)>","logger":"task.stdout"}
{"timestamp":"2026-05-05T12:26:15.470925Z","level":"info","event":"params: {}","logger":"task.stdout"}
{"timestamp":"2026-05-05T12:26:15.471430Z","level":"info","event":"var: {'json': <VariableAccessor (dynamic access)>, 'value': <VariableAccessor (dynamic access)>}","logger":"task.stdout"}
{"timestamp":"2026-05-05T12:26:15.471811Z","level":"info","event":"conn: <ConnectionAccessor (dynamic access)>","logger":"task.stdout"}
{"timestamp":"2026-05-05T12:26:15.472224Z","level":"info","event":"dag_run: dag_id='print_interval_dag' run_id='scheduled__2025-05-17T06:00:00+00:00' logical_date=datetime.datetime(2025, 5, 17, 6, 0, tzinfo=datetime.timezone.utc) data_interval_start=datetime.datetime(2025, 5, 17, 6, 0, tzinfo=datetime.timezone.utc) data_interval_end=datetime.datetime(2025, 5, 17, 6, 0, tzinfo=datetime.timezone.utc) run_after=datetime.datetime(2025, 5, 17, 6, 0, tzinfo=datetime.timezone.utc) start_date=datetime.datetime(2026, 5, 5, 12, 26, 13, 605987, tzinfo=datetime.timezone.utc) end_date=None clear_number=0 run_type=<DagRunType.SCHEDULED: 'scheduled'> state=<DagRunState.RUNNING: 'running'> conf={} triggering_user_name=None consumed_asset_events=[] partition_key=None note=None","logger":"task.stdout"}
{"timestamp":"2026-05-05T12:26:15.473495Z","level":"info","event":"triggering_asset_events: TriggeringAssetEventAccessor(_events=defaultdict(<class 'list'>, {}))","logger":"task.stdout"}
{"timestamp":"2026-05-05T12:26:15.473882Z","level":"info","event":"task_instance_key_str: print_interval_dag__print_interval__20250517","logger":"task.stdout"}
{"timestamp":"2026-05-05T12:26:15.474271Z","level":"info","event":"task_reschedule_count: 0","logger":"task.stdout"}
{"timestamp":"2026-05-05T12:26:15.499778Z","level":"info","event":"prev_start_date_success: 2026-05-05 12:26:12.569459+00:00","logger":"task.stdout"}
{"timestamp":"2026-05-05T12:26:15.500564Z","level":"info","event":"prev_end_date_success: 2026-05-05 12:26:14.699361+00:00","logger":"task.stdout"}
{"timestamp":"2026-05-05T12:26:15.501405Z","level":"info","event":"logical_date: 2025-05-17 06:00:00+00:00","logger":"task.stdout"}
{"timestamp":"2026-05-05T12:26:15.501851Z","level":"info","event":"ds: 2025-05-17","logger":"task.stdout"}
{"timestamp":"2026-05-05T12:26:15.506613Z","level":"info","event":"ds_nodash: 20250517","logger":"task.stdout"}
{"timestamp":"2026-05-05T12:26:15.507213Z","level":"info","event":"ts: 2025-05-17T06:00:00+00:00","logger":"task.stdout"}
{"timestamp":"2026-05-05T12:26:15.508081Z","level":"info","event":"ts_nodash: 20250517T060000","logger":"task.stdout"}
{"timestamp":"2026-05-05T12:26:15.508946Z","level":"info","event":"ts_nodash_with_tz: 20250517T060000+0000","logger":"task.stdout"}
{"timestamp":"2026-05-05T12:26:15.509642Z","level":"info","event":"data_interval_end: 2025-05-17 06:00:00+00:00","logger":"task.stdout"}
{"timestamp":"2026-05-05T12:26:15.511709Z","level":"info","event":"data_interval_start: 2025-05-17 06:00:00+00:00","logger":"task.stdout"}
{"timestamp":"2026-05-05T12:26:15.513111Z","level":"info","event":"prev_data_interval_start_success: 2025-05-17 00:00:00+00:00","logger":"task.stdout"}
{"timestamp":"2026-05-05T12:26:15.513884Z","level":"info","event":"prev_data_interval_end_success: 2025-05-17 00:00:00+00:00","logger":"task.stdout"}
{"timestamp":"2026-05-05T12:26:15.516243Z","level":"info","event":"templates_dict: None","logger":"task.stdout"}
{"timestamp":"2026-05-05T12:26:15.500151Z","level":"info","event":"Done. Returned value was: None","logger":"airflow.task.operators.airflow.providers.standard.operators.python.PythonOperator","filename":"python.py","lineno":229}
{"timestamp":"2026-05-05T12:26:15.578772Z","level":"info","event":"Task instance in success state","logger":"task.stdout"}
{"timestamp":"2026-05-05T12:26:15.579654Z","level":"info","event":" Previous state of the Task instance: TaskInstanceState.RUNNING","logger":"task.stdout"}
{"timestamp":"2026-05-05T12:26:15.584748Z","level":"info","event":"Task operator:<Task(PythonOperator): print_interval>","logger":"task.stdout"}
