{"timestamp":"2026-05-05T10:29:46.258175Z","level":"info","event":"DAG bundles loaded: dags-folder, example_dags","logger":"airflow.dag_processing.bundles.manager.DagBundlesManager","filename":"manager.py","lineno":209}
{"timestamp":"2026-05-05T10:29:46.260211Z","level":"info","event":"Filling up the DagBag from /opt/airflow/dags/print_interval_dag.py","logger":"airflow.dag_processing.dagbag.BundleDagBag","filename":"dagbag.py","lineno":469}
{"timestamp":"2026-05-05T10:29:46.271011Z","level":"warning","event":"The `airflow.operators.python.PythonOperator` attribute is deprecated. Please use `'airflow.providers.standard.operators.python.PythonOperator'`.","category":"UserWarning","filename":"/opt/airflow/dags/print_interval_dag.py","lineno":2,"logger":"py.warnings"}
{"timestamp":"2026-05-05T10:29:46.380236Z","level":"info","event":"Task instance is in running state","logger":"task.stdout"}
{"timestamp":"2026-05-05T10:29:46.380930Z","level":"info","event":" Previous state of the Task instance: TaskInstanceState.QUEUED","logger":"task.stdout"}
{"timestamp":"2026-05-05T10:29:46.381544Z","level":"info","event":"Current task name:print_interval","logger":"task.stdout"}
{"timestamp":"2026-05-05T10:29:46.383182Z","level":"info","event":"Dag name:print_interval_dag","logger":"task.stdout"}
{"timestamp":"2026-05-05T10:29:46.385991Z","level":"info","event":"Interval Start: 2025-05-08 06:00:00+00:00","logger":"task.stdout"}
{"timestamp":"2026-05-05T10:29:46.387583Z","level":"info","event":"Interval End:   2025-05-08 06:00:00+00:00","logger":"task.stdout"}
{"timestamp":"2026-05-05T10:29:46.385299Z","level":"info","event":"Done. Returned value was: None","logger":"airflow.task.operators.airflow.providers.standard.operators.python.PythonOperator","filename":"python.py","lineno":229}
{"timestamp":"2026-05-05T10:29:46.447860Z","level":"info","event":"Task instance in success state","logger":"task.stdout"}
{"timestamp":"2026-05-05T10:29:46.448796Z","level":"info","event":" Previous state of the Task instance: TaskInstanceState.RUNNING","logger":"task.stdout"}
{"timestamp":"2026-05-05T10:29:46.450079Z","level":"info","event":"Task operator:<Task(PythonOperator): print_interval>","logger":"task.stdout"}
{"timestamp":"2026-05-05T12:25:35.193159Z","level":"info","event":"DAG bundles loaded: dags-folder, example_dags","logger":"airflow.dag_processing.bundles.manager.DagBundlesManager","filename":"manager.py","lineno":209}
{"timestamp":"2026-05-05T12:25:35.199593Z","level":"info","event":"Filling up the DagBag from /opt/airflow/dags/print_interval_dag.py","logger":"airflow.dag_processing.dagbag.BundleDagBag","filename":"dagbag.py","lineno":469}
{"timestamp":"2026-05-05T12:25:35.343610Z","level":"info","event":"Task instance is in running state","logger":"task.stdout"}
{"timestamp":"2026-05-05T12:25:35.344540Z","level":"info","event":" Previous state of the Task instance: TaskInstanceState.QUEUED","logger":"task.stdout"}
{"timestamp":"2026-05-05T12:25:35.345090Z","level":"info","event":"Current task name:print_interval","logger":"task.stdout"}
{"timestamp":"2026-05-05T12:25:35.345960Z","level":"info","event":"Dag name:print_interval_dag","logger":"task.stdout"}
{"timestamp":"2026-05-05T12:25:35.349200Z","level":"info","event":"=== ALL AVAILABLE MACROS ===","logger":"task.stdout"}
{"timestamp":"2026-05-05T12:25:35.351349Z","level":"info","event":"dag: <DAG: print_interval_dag>","logger":"task.stdout"}
{"timestamp":"2026-05-05T12:25:35.352302Z","level":"info","event":"inlets: []","logger":"task.stdout"}
{"timestamp":"2026-05-05T12:25:35.354219Z","level":"info","event":"map_index_template: None","logger":"task.stdout"}
{"timestamp":"2026-05-05T12:25:35.355864Z","level":"info","event":"outlets: []","logger":"task.stdout"}
{"timestamp":"2026-05-05T12:25:35.357375Z","level":"info","event":"run_id: scheduled__2025-05-08T06:00:00+00:00","logger":"task.stdout"}
{"timestamp":"2026-05-05T12:25:35.359557Z","level":"info","event":"task: <Task(PythonOperator): print_interval>","logger":"task.stdout"}
{"timestamp":"2026-05-05T12:25:35.363085Z","level":"info","event":"task_instance: id=UUID('019df819-cd1a-792d-8ab6-0e5b173fed06') task_id='print_interval' dag_id='print_interval_dag' run_id='scheduled__2025-05-08T06:00:00+00:00' try_number=1 dag_version_id=UUID('019df815-a045-750b-bac8-47ced7cc6a45') map_index=-1 hostname='86abe326db93' context_carrier={'traceparent': '00-fe2232c2af302f9e1d4f97fc97d1b36e-74967dd2c72d3965-01'} task=<Task(PythonOperator): print_interval> bundle_instance=LocalDagBundle(name=dags-folder) max_tries=0 start_date=datetime.datetime(2026, 5, 5, 12, 25, 34, 117289, tzinfo=datetime.timezone.utc) end_date=None state=<TaskInstanceState.RUNNING: 'running'> is_mapped=False rendered_map_index=None sentry_integration=''","logger":"task.stdout"}
{"timestamp":"2026-05-05T12:25:35.368217Z","level":"info","event":"ti: id=UUID('019df819-cd1a-792d-8ab6-0e5b173fed06') task_id='print_interval' dag_id='print_interval_dag' run_id='scheduled__2025-05-08T06:00:00+00:00' try_number=1 dag_version_id=UUID('019df815-a045-750b-bac8-47ced7cc6a45') map_index=-1 hostname='86abe326db93' context_carrier={'traceparent': '00-fe2232c2af302f9e1d4f97fc97d1b36e-74967dd2c72d3965-01'} task=<Task(PythonOperator): print_interval> bundle_instance=LocalDagBundle(name=dags-folder) max_tries=0 start_date=datetime.datetime(2026, 5, 5, 12, 25, 34, 117289, tzinfo=datetime.timezone.utc) end_date=None state=<TaskInstanceState.RUNNING: 'running'> is_mapped=False rendered_map_index=None sentry_integration=''","logger":"task.stdout"}
{"timestamp":"2026-05-05T12:25:35.371431Z","level":"info","event":"outlet_events: OutletEventAccessors(_dict={})","logger":"task.stdout"}
{"timestamp":"2026-05-05T12:25:35.375923Z","level":"info","event":"inlet_events: InletEventsAccessors(_inlets=[], _assets={}, _asset_aliases={})","logger":"task.stdout"}
{"timestamp":"2026-05-05T12:25:35.378295Z","level":"info","event":"macros: <MacrosAccessor (dynamic access to macros)>","logger":"task.stdout"}
{"timestamp":"2026-05-05T12:25:35.384532Z","level":"info","event":"params: {}","logger":"task.stdout"}
{"timestamp":"2026-05-05T12:25:35.390731Z","level":"info","event":"var: {'json': <VariableAccessor (dynamic access)>, 'value': <VariableAccessor (dynamic access)>}","logger":"task.stdout"}
{"timestamp":"2026-05-05T12:25:35.391693Z","level":"info","event":"conn: <ConnectionAccessor (dynamic access)>","logger":"task.stdout"}
{"timestamp":"2026-05-05T12:25:35.392338Z","level":"info","event":"dag_run: dag_id='print_interval_dag' run_id='scheduled__2025-05-08T06:00:00+00:00' logical_date=datetime.datetime(2025, 5, 8, 6, 0, tzinfo=datetime.timezone.utc) data_interval_start=datetime.datetime(2025, 5, 8, 6, 0, tzinfo=datetime.timezone.utc) data_interval_end=datetime.datetime(2025, 5, 8, 6, 0, tzinfo=datetime.timezone.utc) run_after=datetime.datetime(2025, 5, 8, 6, 0, tzinfo=datetime.timezone.utc) start_date=datetime.datetime(2026, 5, 5, 12, 25, 33, 754857, tzinfo=datetime.timezone.utc) end_date=None clear_number=0 run_type=<DagRunType.SCHEDULED: 'scheduled'> state=<DagRunState.RUNNING: 'running'> conf={} triggering_user_name=None consumed_asset_events=[] partition_key=None note=None","logger":"task.stdout"}
{"timestamp":"2026-05-05T12:25:35.392861Z","level":"info","event":"triggering_asset_events: TriggeringAssetEventAccessor(_events=defaultdict(<class 'list'>, {}))","logger":"task.stdout"}
{"timestamp":"2026-05-05T12:25:35.393920Z","level":"info","event":"task_instance_key_str: print_interval_dag__print_interval__20250508","logger":"task.stdout"}
{"timestamp":"2026-05-05T12:25:35.401309Z","level":"info","event":"task_reschedule_count: 0","logger":"task.stdout"}
{"timestamp":"2026-05-05T12:25:35.466902Z","level":"info","event":"prev_start_date_success: 2026-05-05 12:25:32.691873+00:00","logger":"task.stdout"}
{"timestamp":"2026-05-05T12:25:35.468707Z","level":"info","event":"prev_end_date_success: 2026-05-05 12:25:34.815443+00:00","logger":"task.stdout"}
{"timestamp":"2026-05-05T12:25:35.470820Z","level":"info","event":"logical_date: 2025-05-08 06:00:00+00:00","logger":"task.stdout"}
{"timestamp":"2026-05-05T12:25:35.475800Z","level":"info","event":"ds: 2025-05-08","logger":"task.stdout"}
{"timestamp":"2026-05-05T12:25:35.477142Z","level":"info","event":"ds_nodash: 20250508","logger":"task.stdout"}
{"timestamp":"2026-05-05T12:25:35.477910Z","level":"info","event":"ts: 2025-05-08T06:00:00+00:00","logger":"task.stdout"}
{"timestamp":"2026-05-05T12:25:35.478424Z","level":"info","event":"ts_nodash: 20250508T060000","logger":"task.stdout"}
{"timestamp":"2026-05-05T12:25:35.479591Z","level":"info","event":"ts_nodash_with_tz: 20250508T060000+0000","logger":"task.stdout"}
{"timestamp":"2026-05-05T12:25:35.483697Z","level":"info","event":"data_interval_end: 2025-05-08 06:00:00+00:00","logger":"task.stdout"}
{"timestamp":"2026-05-05T12:25:35.484872Z","level":"info","event":"data_interval_start: 2025-05-08 06:00:00+00:00","logger":"task.stdout"}
{"timestamp":"2026-05-05T12:25:35.485685Z","level":"info","event":"prev_data_interval_start_success: 2025-05-08 00:00:00+00:00","logger":"task.stdout"}
{"timestamp":"2026-05-05T12:25:35.488388Z","level":"info","event":"prev_data_interval_end_success: 2025-05-08 00:00:00+00:00","logger":"task.stdout"}
{"timestamp":"2026-05-05T12:25:35.490648Z","level":"info","event":"templates_dict: None","logger":"task.stdout"}
{"timestamp":"2026-05-05T12:25:35.466479Z","level":"info","event":"Done. Returned value was: None","logger":"airflow.task.operators.airflow.providers.standard.operators.python.PythonOperator","filename":"python.py","lineno":229}
{"timestamp":"2026-05-05T12:25:35.569425Z","level":"info","event":"Task instance in success state","logger":"task.stdout"}
{"timestamp":"2026-05-05T12:25:35.570988Z","level":"info","event":" Previous state of the Task instance: TaskInstanceState.RUNNING","logger":"task.stdout"}
{"timestamp":"2026-05-05T12:25:35.576356Z","level":"info","event":"Task operator:<Task(PythonOperator): print_interval>","logger":"task.stdout"}
