{"timestamp":"2026-05-05T10:29:50.105552Z","level":"info","event":"DAG bundles loaded: dags-folder, example_dags","logger":"airflow.dag_processing.bundles.manager.DagBundlesManager","filename":"manager.py","lineno":209}
{"timestamp":"2026-05-05T10:29:50.107944Z","level":"info","event":"Filling up the DagBag from /opt/airflow/dags/print_interval_dag.py","logger":"airflow.dag_processing.dagbag.BundleDagBag","filename":"dagbag.py","lineno":469}
{"timestamp":"2026-05-05T10:29:50.127960Z","level":"warning","event":"The `airflow.operators.python.PythonOperator` attribute is deprecated. Please use `'airflow.providers.standard.operators.python.PythonOperator'`.","category":"UserWarning","filename":"/opt/airflow/dags/print_interval_dag.py","lineno":2,"logger":"py.warnings"}
{"timestamp":"2026-05-05T10:29:50.183934Z","level":"info","event":"Task instance is in running state","logger":"task.stdout"}
{"timestamp":"2026-05-05T10:29:50.184606Z","level":"info","event":" Previous state of the Task instance: TaskInstanceState.QUEUED","logger":"task.stdout"}
{"timestamp":"2026-05-05T10:29:50.185093Z","level":"info","event":"Current task name:print_interval","logger":"task.stdout"}
{"timestamp":"2026-05-05T10:29:50.187781Z","level":"info","event":"Dag name:print_interval_dag","logger":"task.stdout"}
{"timestamp":"2026-05-05T10:29:50.188783Z","level":"info","event":"Interval Start: 2025-05-09 06:00:00+00:00","logger":"task.stdout"}
{"timestamp":"2026-05-05T10:29:50.189532Z","level":"info","event":"Interval End:   2025-05-09 06:00:00+00:00","logger":"task.stdout"}
{"timestamp":"2026-05-05T10:29:50.188916Z","level":"info","event":"Done. Returned value was: None","logger":"airflow.task.operators.airflow.providers.standard.operators.python.PythonOperator","filename":"python.py","lineno":229}
{"timestamp":"2026-05-05T10:29:50.233528Z","level":"info","event":"Task instance in success state","logger":"task.stdout"}
{"timestamp":"2026-05-05T10:29:50.238506Z","level":"info","event":" Previous state of the Task instance: TaskInstanceState.RUNNING","logger":"task.stdout"}
{"timestamp":"2026-05-05T10:29:50.240039Z","level":"info","event":"Task operator:<Task(PythonOperator): print_interval>","logger":"task.stdout"}
{"timestamp":"2026-05-05T12:25:39.392998Z","level":"info","event":"DAG bundles loaded: dags-folder, example_dags","logger":"airflow.dag_processing.bundles.manager.DagBundlesManager","filename":"manager.py","lineno":209}
{"timestamp":"2026-05-05T12:25:39.395574Z","level":"info","event":"Filling up the DagBag from /opt/airflow/dags/print_interval_dag.py","logger":"airflow.dag_processing.dagbag.BundleDagBag","filename":"dagbag.py","lineno":469}
{"timestamp":"2026-05-05T12:25:39.477943Z","level":"info","event":"Task instance is in running state","logger":"task.stdout"}
{"timestamp":"2026-05-05T12:25:39.478774Z","level":"info","event":" Previous state of the Task instance: TaskInstanceState.QUEUED","logger":"task.stdout"}
{"timestamp":"2026-05-05T12:25:39.484910Z","level":"info","event":"Current task name:print_interval","logger":"task.stdout"}
{"timestamp":"2026-05-05T12:25:39.485429Z","level":"info","event":"Dag name:print_interval_dag","logger":"task.stdout"}
{"timestamp":"2026-05-05T12:25:39.487142Z","level":"info","event":"=== ALL AVAILABLE MACROS ===","logger":"task.stdout"}
{"timestamp":"2026-05-05T12:25:39.488858Z","level":"info","event":"dag: <DAG: print_interval_dag>","logger":"task.stdout"}
{"timestamp":"2026-05-05T12:25:39.489641Z","level":"info","event":"inlets: []","logger":"task.stdout"}
{"timestamp":"2026-05-05T12:25:39.490797Z","level":"info","event":"map_index_template: None","logger":"task.stdout"}
{"timestamp":"2026-05-05T12:25:39.491682Z","level":"info","event":"outlets: []","logger":"task.stdout"}
{"timestamp":"2026-05-05T12:25:39.492194Z","level":"info","event":"run_id: scheduled__2025-05-09T06:00:00+00:00","logger":"task.stdout"}
{"timestamp":"2026-05-05T12:25:39.492841Z","level":"info","event":"task: <Task(PythonOperator): print_interval>","logger":"task.stdout"}
{"timestamp":"2026-05-05T12:25:39.494657Z","level":"info","event":"task_instance: id=UUID('019df819-de4f-761f-9d79-ede2dbe26052') task_id='print_interval' dag_id='print_interval_dag' run_id='scheduled__2025-05-09T06:00:00+00:00' try_number=1 dag_version_id=UUID('019df815-a045-750b-bac8-47ced7cc6a45') map_index=-1 hostname='86abe326db93' context_carrier={'traceparent': '00-b04392f47789bb4d4ca8a07ccf36e7a5-aac347b5551a262d-01'} task=<Task(PythonOperator): print_interval> bundle_instance=LocalDagBundle(name=dags-folder) max_tries=0 start_date=datetime.datetime(2026, 5, 5, 12, 25, 38, 509632, tzinfo=datetime.timezone.utc) end_date=None state=<TaskInstanceState.RUNNING: 'running'> is_mapped=False rendered_map_index=None sentry_integration=''","logger":"task.stdout"}
{"timestamp":"2026-05-05T12:25:39.497359Z","level":"info","event":"ti: id=UUID('019df819-de4f-761f-9d79-ede2dbe26052') task_id='print_interval' dag_id='print_interval_dag' run_id='scheduled__2025-05-09T06:00:00+00:00' try_number=1 dag_version_id=UUID('019df815-a045-750b-bac8-47ced7cc6a45') map_index=-1 hostname='86abe326db93' context_carrier={'traceparent': '00-b04392f47789bb4d4ca8a07ccf36e7a5-aac347b5551a262d-01'} task=<Task(PythonOperator): print_interval> bundle_instance=LocalDagBundle(name=dags-folder) max_tries=0 start_date=datetime.datetime(2026, 5, 5, 12, 25, 38, 509632, tzinfo=datetime.timezone.utc) end_date=None state=<TaskInstanceState.RUNNING: 'running'> is_mapped=False rendered_map_index=None sentry_integration=''","logger":"task.stdout"}
{"timestamp":"2026-05-05T12:25:39.498885Z","level":"info","event":"outlet_events: OutletEventAccessors(_dict={})","logger":"task.stdout"}
{"timestamp":"2026-05-05T12:25:39.499492Z","level":"info","event":"inlet_events: InletEventsAccessors(_inlets=[], _assets={}, _asset_aliases={})","logger":"task.stdout"}
{"timestamp":"2026-05-05T12:25:39.501924Z","level":"info","event":"macros: <MacrosAccessor (dynamic access to macros)>","logger":"task.stdout"}
{"timestamp":"2026-05-05T12:25:39.505312Z","level":"info","event":"params: {}","logger":"task.stdout"}
{"timestamp":"2026-05-05T12:25:39.507340Z","level":"info","event":"var: {'json': <VariableAccessor (dynamic access)>, 'value': <VariableAccessor (dynamic access)>}","logger":"task.stdout"}
{"timestamp":"2026-05-05T12:25:39.508223Z","level":"info","event":"conn: <ConnectionAccessor (dynamic access)>","logger":"task.stdout"}
{"timestamp":"2026-05-05T12:25:39.509710Z","level":"info","event":"dag_run: dag_id='print_interval_dag' run_id='scheduled__2025-05-09T06:00:00+00:00' logical_date=datetime.datetime(2025, 5, 9, 6, 0, tzinfo=datetime.timezone.utc) data_interval_start=datetime.datetime(2025, 5, 9, 6, 0, tzinfo=datetime.timezone.utc) data_interval_end=datetime.datetime(2025, 5, 9, 6, 0, tzinfo=datetime.timezone.utc) run_after=datetime.datetime(2025, 5, 9, 6, 0, tzinfo=datetime.timezone.utc) start_date=datetime.datetime(2026, 5, 5, 12, 25, 38, 152951, tzinfo=datetime.timezone.utc) end_date=None clear_number=0 run_type=<DagRunType.SCHEDULED: 'scheduled'> state=<DagRunState.RUNNING: 'running'> conf={} triggering_user_name=None consumed_asset_events=[] partition_key=None note=None","logger":"task.stdout"}
{"timestamp":"2026-05-05T12:25:39.511491Z","level":"info","event":"triggering_asset_events: TriggeringAssetEventAccessor(_events=defaultdict(<class 'list'>, {}))","logger":"task.stdout"}
{"timestamp":"2026-05-05T12:25:39.512927Z","level":"info","event":"task_instance_key_str: print_interval_dag__print_interval__20250509","logger":"task.stdout"}
{"timestamp":"2026-05-05T12:25:39.516710Z","level":"info","event":"task_reschedule_count: 0","logger":"task.stdout"}
{"timestamp":"2026-05-05T12:25:39.543241Z","level":"info","event":"prev_start_date_success: 2026-05-05 12:25:37.047080+00:00","logger":"task.stdout"}
{"timestamp":"2026-05-05T12:25:39.544882Z","level":"info","event":"prev_end_date_success: 2026-05-05 12:25:39.137420+00:00","logger":"task.stdout"}
{"timestamp":"2026-05-05T12:25:39.546386Z","level":"info","event":"logical_date: 2025-05-09 06:00:00+00:00","logger":"task.stdout"}
{"timestamp":"2026-05-05T12:25:39.550347Z","level":"info","event":"ds: 2025-05-09","logger":"task.stdout"}
{"timestamp":"2026-05-05T12:25:39.552716Z","level":"info","event":"ds_nodash: 20250509","logger":"task.stdout"}
{"timestamp":"2026-05-05T12:25:39.553875Z","level":"info","event":"ts: 2025-05-09T06:00:00+00:00","logger":"task.stdout"}
{"timestamp":"2026-05-05T12:25:39.554672Z","level":"info","event":"ts_nodash: 20250509T060000","logger":"task.stdout"}
{"timestamp":"2026-05-05T12:25:39.555372Z","level":"info","event":"ts_nodash_with_tz: 20250509T060000+0000","logger":"task.stdout"}
{"timestamp":"2026-05-05T12:25:39.557082Z","level":"info","event":"data_interval_end: 2025-05-09 06:00:00+00:00","logger":"task.stdout"}
{"timestamp":"2026-05-05T12:25:39.557965Z","level":"info","event":"data_interval_start: 2025-05-09 06:00:00+00:00","logger":"task.stdout"}
{"timestamp":"2026-05-05T12:25:39.559422Z","level":"info","event":"prev_data_interval_start_success: 2025-05-09 00:00:00+00:00","logger":"task.stdout"}
{"timestamp":"2026-05-05T12:25:39.560849Z","level":"info","event":"prev_data_interval_end_success: 2025-05-09 00:00:00+00:00","logger":"task.stdout"}
{"timestamp":"2026-05-05T12:25:39.561658Z","level":"info","event":"templates_dict: None","logger":"task.stdout"}
{"timestamp":"2026-05-05T12:25:39.543031Z","level":"info","event":"Done. Returned value was: None","logger":"airflow.task.operators.airflow.providers.standard.operators.python.PythonOperator","filename":"python.py","lineno":229}
{"timestamp":"2026-05-05T12:25:39.692014Z","level":"info","event":"Task instance in success state","logger":"task.stdout"}
{"timestamp":"2026-05-05T12:25:39.695925Z","level":"info","event":" Previous state of the Task instance: TaskInstanceState.RUNNING","logger":"task.stdout"}
{"timestamp":"2026-05-05T12:25:39.701029Z","level":"info","event":"Task operator:<Task(PythonOperator): print_interval>","logger":"task.stdout"}
