{"timestamp":"2026-05-05T10:30:00.480230Z","level":"info","event":"DAG bundles loaded: dags-folder, example_dags","logger":"airflow.dag_processing.bundles.manager.DagBundlesManager","filename":"manager.py","lineno":209}
{"timestamp":"2026-05-05T10:30:00.481961Z","level":"info","event":"Filling up the DagBag from /opt/airflow/dags/print_interval_dag.py","logger":"airflow.dag_processing.dagbag.BundleDagBag","filename":"dagbag.py","lineno":469}
{"timestamp":"2026-05-05T10:30:00.499386Z","level":"warning","event":"The `airflow.operators.python.PythonOperator` attribute is deprecated. Please use `'airflow.providers.standard.operators.python.PythonOperator'`.","category":"UserWarning","filename":"/opt/airflow/dags/print_interval_dag.py","lineno":2,"logger":"py.warnings"}
{"timestamp":"2026-05-05T10:30:00.546499Z","level":"info","event":"Task instance is in running state","logger":"task.stdout"}
{"timestamp":"2026-05-05T10:30:00.547045Z","level":"info","event":" Previous state of the Task instance: TaskInstanceState.QUEUED","logger":"task.stdout"}
{"timestamp":"2026-05-05T10:30:00.548698Z","level":"info","event":"Current task name:print_interval","logger":"task.stdout"}
{"timestamp":"2026-05-05T10:30:00.549141Z","level":"info","event":"Dag name:print_interval_dag","logger":"task.stdout"}
{"timestamp":"2026-05-05T10:30:00.552924Z","level":"info","event":"Interval Start: 2025-05-12 00:00:00+00:00","logger":"task.stdout"}
{"timestamp":"2026-05-05T10:30:00.553577Z","level":"info","event":"Interval End:   2025-05-12 00:00:00+00:00","logger":"task.stdout"}
{"timestamp":"2026-05-05T10:30:00.552796Z","level":"info","event":"Done. Returned value was: None","logger":"airflow.task.operators.airflow.providers.standard.operators.python.PythonOperator","filename":"python.py","lineno":229}
{"timestamp":"2026-05-05T10:30:00.599063Z","level":"info","event":"Task instance in success state","logger":"task.stdout"}
{"timestamp":"2026-05-05T10:30:00.599873Z","level":"info","event":" Previous state of the Task instance: TaskInstanceState.RUNNING","logger":"task.stdout"}
{"timestamp":"2026-05-05T10:30:00.601894Z","level":"info","event":"Task operator:<Task(PythonOperator): print_interval>","logger":"task.stdout"}
{"timestamp":"2026-05-05T12:25:50.765620Z","level":"info","event":"DAG bundles loaded: dags-folder, example_dags","logger":"airflow.dag_processing.bundles.manager.DagBundlesManager","filename":"manager.py","lineno":209}
{"timestamp":"2026-05-05T12:25:50.769452Z","level":"info","event":"Filling up the DagBag from /opt/airflow/dags/print_interval_dag.py","logger":"airflow.dag_processing.dagbag.BundleDagBag","filename":"dagbag.py","lineno":469}
{"timestamp":"2026-05-05T12:25:51.179859Z","level":"info","event":"Task instance is in running state","logger":"task.stdout"}
{"timestamp":"2026-05-05T12:25:51.181539Z","level":"info","event":" Previous state of the Task instance: TaskInstanceState.QUEUED","logger":"task.stdout"}
{"timestamp":"2026-05-05T12:25:51.182965Z","level":"info","event":"Current task name:print_interval","logger":"task.stdout"}
{"timestamp":"2026-05-05T12:25:51.184028Z","level":"info","event":"Dag name:print_interval_dag","logger":"task.stdout"}
{"timestamp":"2026-05-05T12:25:51.185148Z","level":"info","event":"=== ALL AVAILABLE MACROS ===","logger":"task.stdout"}
{"timestamp":"2026-05-05T12:25:51.186479Z","level":"info","event":"dag: <DAG: print_interval_dag>","logger":"task.stdout"}
{"timestamp":"2026-05-05T12:25:51.187619Z","level":"info","event":"inlets: []","logger":"task.stdout"}
{"timestamp":"2026-05-05T12:25:51.188185Z","level":"info","event":"map_index_template: None","logger":"task.stdout"}
{"timestamp":"2026-05-05T12:25:51.188648Z","level":"info","event":"outlets: []","logger":"task.stdout"}
{"timestamp":"2026-05-05T12:25:51.189112Z","level":"info","event":"run_id: scheduled__2025-05-12T00:00:00+00:00","logger":"task.stdout"}
{"timestamp":"2026-05-05T12:25:51.189878Z","level":"info","event":"task: <Task(PythonOperator): print_interval>","logger":"task.stdout"}
{"timestamp":"2026-05-05T12:25:51.190683Z","level":"info","event":"task_instance: id=UUID('019df81a-0651-7131-b0b8-a5c8e3f93b95') task_id='print_interval' dag_id='print_interval_dag' run_id='scheduled__2025-05-12T00:00:00+00:00' try_number=1 dag_version_id=UUID('019df815-a045-750b-bac8-47ced7cc6a45') map_index=-1 hostname='86abe326db93' context_carrier={'traceparent': '00-d4fcb7b93d421ebd8304eebb8307bb31-05af6ebdc64cb00d-01'} task=<Task(PythonOperator): print_interval> bundle_instance=LocalDagBundle(name=dags-folder) max_tries=0 start_date=datetime.datetime(2026, 5, 5, 12, 25, 49, 16069, tzinfo=datetime.timezone.utc) end_date=None state=<TaskInstanceState.RUNNING: 'running'> is_mapped=False rendered_map_index=None sentry_integration=''","logger":"task.stdout"}
{"timestamp":"2026-05-05T12:25:51.193724Z","level":"info","event":"ti: id=UUID('019df81a-0651-7131-b0b8-a5c8e3f93b95') task_id='print_interval' dag_id='print_interval_dag' run_id='scheduled__2025-05-12T00:00:00+00:00' try_number=1 dag_version_id=UUID('019df815-a045-750b-bac8-47ced7cc6a45') map_index=-1 hostname='86abe326db93' context_carrier={'traceparent': '00-d4fcb7b93d421ebd8304eebb8307bb31-05af6ebdc64cb00d-01'} task=<Task(PythonOperator): print_interval> bundle_instance=LocalDagBundle(name=dags-folder) max_tries=0 start_date=datetime.datetime(2026, 5, 5, 12, 25, 49, 16069, tzinfo=datetime.timezone.utc) end_date=None state=<TaskInstanceState.RUNNING: 'running'> is_mapped=False rendered_map_index=None sentry_integration=''","logger":"task.stdout"}
{"timestamp":"2026-05-05T12:25:51.194874Z","level":"info","event":"outlet_events: OutletEventAccessors(_dict={})","logger":"task.stdout"}
{"timestamp":"2026-05-05T12:25:51.195550Z","level":"info","event":"inlet_events: InletEventsAccessors(_inlets=[], _assets={}, _asset_aliases={})","logger":"task.stdout"}
{"timestamp":"2026-05-05T12:25:51.196126Z","level":"info","event":"macros: <MacrosAccessor (dynamic access to macros)>","logger":"task.stdout"}
{"timestamp":"2026-05-05T12:25:51.196891Z","level":"info","event":"params: {}","logger":"task.stdout"}
{"timestamp":"2026-05-05T12:25:51.197329Z","level":"info","event":"var: {'json': <VariableAccessor (dynamic access)>, 'value': <VariableAccessor (dynamic access)>}","logger":"task.stdout"}
{"timestamp":"2026-05-05T12:25:51.197997Z","level":"info","event":"conn: <ConnectionAccessor (dynamic access)>","logger":"task.stdout"}
{"timestamp":"2026-05-05T12:25:51.198624Z","level":"info","event":"dag_run: dag_id='print_interval_dag' run_id='scheduled__2025-05-12T00:00:00+00:00' logical_date=datetime.datetime(2025, 5, 12, 0, 0, tzinfo=datetime.timezone.utc) data_interval_start=datetime.datetime(2025, 5, 12, 0, 0, tzinfo=datetime.timezone.utc) data_interval_end=datetime.datetime(2025, 5, 12, 0, 0, tzinfo=datetime.timezone.utc) run_after=datetime.datetime(2025, 5, 12, 0, 0, tzinfo=datetime.timezone.utc) start_date=datetime.datetime(2026, 5, 5, 12, 25, 48, 398404, tzinfo=datetime.timezone.utc) end_date=None clear_number=0 run_type=<DagRunType.SCHEDULED: 'scheduled'> state=<DagRunState.RUNNING: 'running'> conf={} triggering_user_name=None consumed_asset_events=[] partition_key=None note=None","logger":"task.stdout"}
{"timestamp":"2026-05-05T12:25:51.199368Z","level":"info","event":"triggering_asset_events: TriggeringAssetEventAccessor(_events=defaultdict(<class 'list'>, {}))","logger":"task.stdout"}
{"timestamp":"2026-05-05T12:25:51.200366Z","level":"info","event":"task_instance_key_str: print_interval_dag__print_interval__20250512","logger":"task.stdout"}
{"timestamp":"2026-05-05T12:25:51.201694Z","level":"info","event":"task_reschedule_count: 0","logger":"task.stdout"}
{"timestamp":"2026-05-05T12:25:51.310830Z","level":"info","event":"prev_start_date_success: 2026-05-05 12:25:47.656382+00:00","logger":"task.stdout"}
{"timestamp":"2026-05-05T12:25:51.315087Z","level":"info","event":"prev_end_date_success: 2026-05-05 12:25:51.160832+00:00","logger":"task.stdout"}
{"timestamp":"2026-05-05T12:25:51.319371Z","level":"info","event":"logical_date: 2025-05-12 00:00:00+00:00","logger":"task.stdout"}
{"timestamp":"2026-05-05T12:25:51.321470Z","level":"info","event":"ds: 2025-05-12","logger":"task.stdout"}
{"timestamp":"2026-05-05T12:25:51.323557Z","level":"info","event":"ds_nodash: 20250512","logger":"task.stdout"}
{"timestamp":"2026-05-05T12:25:51.326116Z","level":"info","event":"ts: 2025-05-12T00:00:00+00:00","logger":"task.stdout"}
{"timestamp":"2026-05-05T12:25:51.326943Z","level":"info","event":"ts_nodash: 20250512T000000","logger":"task.stdout"}
{"timestamp":"2026-05-05T12:25:51.327398Z","level":"info","event":"ts_nodash_with_tz: 20250512T000000+0000","logger":"task.stdout"}
{"timestamp":"2026-05-05T12:25:51.328122Z","level":"info","event":"data_interval_end: 2025-05-12 00:00:00+00:00","logger":"task.stdout"}
{"timestamp":"2026-05-05T12:25:51.328789Z","level":"info","event":"data_interval_start: 2025-05-12 00:00:00+00:00","logger":"task.stdout"}
{"timestamp":"2026-05-05T12:25:51.333459Z","level":"info","event":"prev_data_interval_start_success: 2025-05-11 21:00:00+00:00","logger":"task.stdout"}
{"timestamp":"2026-05-05T12:25:51.334169Z","level":"info","event":"prev_data_interval_end_success: 2025-05-11 21:00:00+00:00","logger":"task.stdout"}
{"timestamp":"2026-05-05T12:25:51.335416Z","level":"info","event":"templates_dict: None","logger":"task.stdout"}
{"timestamp":"2026-05-05T12:25:51.309770Z","level":"info","event":"Done. Returned value was: None","logger":"airflow.task.operators.airflow.providers.standard.operators.python.PythonOperator","filename":"python.py","lineno":229}
{"timestamp":"2026-05-05T12:25:51.435738Z","level":"info","event":"Task instance in success state","logger":"task.stdout"}
{"timestamp":"2026-05-05T12:25:51.436272Z","level":"info","event":" Previous state of the Task instance: TaskInstanceState.RUNNING","logger":"task.stdout"}
{"timestamp":"2026-05-05T12:25:51.436746Z","level":"info","event":"Task operator:<Task(PythonOperator): print_interval>","logger":"task.stdout"}
