{"timestamp":"2026-05-08T17:38:45.059564Z","level":"info","event":"DAG bundles loaded: dags-folder, example_dags","logger":"airflow.dag_processing.bundles.manager.DagBundlesManager","filename":"manager.py","lineno":209}
{"timestamp":"2026-05-08T17:38:45.063115Z","level":"info","event":"Filling up the DagBag from /opt/airflow/dags/csv_upsert_pipeline.py","logger":"airflow.dag_processing.dagbag.BundleDagBag","filename":"dagbag.py","lineno":469}
{"timestamp":"2026-05-08T17:38:45.078126Z","level":"warning","event":"airflow.exceptions.AirflowSkipException is deprecated and will be removed in a future version. Use airflow.sdk.exceptions.AirflowSkipException instead.","category":"UserWarning","filename":"/opt/airflow/dags/csv_upsert_pipeline.py","lineno":7,"logger":"py.warnings"}
{"timestamp":"2026-05-08T17:38:45.198299Z","level":"info","event":"Task instance is in running state","logger":"task.stdout"}
{"timestamp":"2026-05-08T17:38:45.207977Z","level":"info","event":" Previous state of the Task instance: TaskInstanceState.QUEUED","logger":"task.stdout"}
{"timestamp":"2026-05-08T17:38:45.214181Z","level":"info","event":"Current task name:process_partition","logger":"task.stdout"}
{"timestamp":"2026-05-08T17:38:45.219534Z","level":"info","event":"Dag name:csv_upsert_pipeline","logger":"task.stdout"}
{"timestamp":"2026-05-08T17:38:45.224218Z","level":"info","event":"[INFO] data_interval_start : 2026-05-06 21:00:00+00:00","logger":"task.stdout"}
{"timestamp":"2026-05-08T17:38:45.228909Z","level":"info","event":"[INFO] data_interval_end   : 2026-05-06 21:00:00+00:00","logger":"task.stdout"}
{"timestamp":"2026-05-08T17:38:45.232645Z","level":"info","event":"[INFO] Processing partition: /data/time_stamp=2026-05-06-21","logger":"task.stdout"}
{"timestamp":"2026-05-08T17:38:45.234239Z","level":"info","event":"[INFO] Sorted files: ['data_1.csv', 'data_2.csv', 'data_3.csv', 'data_4.csv', 'data_5.csv']","logger":"task.stdout"}
{"timestamp":"2026-05-08T17:38:45.237431Z","level":"info","event":"[INFO] Read data_1.csv  (index=1)","logger":"task.stdout"}
{"timestamp":"2026-05-08T17:38:45.241372Z","level":"info","event":"[INFO] Read data_2.csv  (index=2)","logger":"task.stdout"}
{"timestamp":"2026-05-08T17:38:45.263173Z","level":"info","event":"[INFO] Read data_3.csv  (index=3)","logger":"task.stdout"}
{"timestamp":"2026-05-08T17:38:45.265945Z","level":"info","event":"[INFO] Read data_4.csv  (index=4)","logger":"task.stdout"}
{"timestamp":"2026-05-08T17:38:45.272688Z","level":"info","event":"[INFO] Read data_5.csv  (index=5)","logger":"task.stdout"}
{"timestamp":"2026-05-08T17:38:45.276953Z","level":"info","event":"[INFO] Resolved 13 unique IDs for this run:","logger":"task.stdout"}
{"timestamp":"2026-05-08T17:38:45.286992Z","level":"info","event":"       id=1 → {'id': '1', 'name': 'Hank', 'age': '27', 'department': 'Marketing', 'salary': '109036.03', 'working_hours': '34.2'}","logger":"task.stdout"}
{"timestamp":"2026-05-08T17:38:45.288776Z","level":"info","event":"       id=2 → {'id': '2', 'name': 'Frank', 'age': '40', 'department': 'Engineering', 'salary': '74932.36', 'working_hours': '33.2'}","logger":"task.stdout"}
{"timestamp":"2026-05-08T17:38:45.289463Z","level":"info","event":"       id=3 → {'id': '3', 'name': 'Charlie', 'age': '29', 'department': 'Operations', 'salary': '38009.46', 'working_hours': '37.4'}","logger":"task.stdout"}
{"timestamp":"2026-05-08T17:38:45.290033Z","level":"info","event":"       id=4 → {'id': '4', 'name': 'Diana', 'age': '44', 'department': 'Engineering', 'salary': '51810.45', 'working_hours': '27.3'}","logger":"task.stdout"}
{"timestamp":"2026-05-08T17:38:45.290538Z","level":"info","event":"       id=5 → {'id': '5', 'name': 'Frank', 'age': '51', 'department': 'Marketing', 'salary': '112934.12', 'working_hours': '57.8'}","logger":"task.stdout"}
{"timestamp":"2026-05-08T17:38:45.291019Z","level":"info","event":"       id=6 → {'id': '6', 'name': 'Grace', 'age': '23', 'department': 'Marketing', 'salary': '109065.39', 'working_hours': '41.1'}","logger":"task.stdout"}
{"timestamp":"2026-05-08T17:38:45.292375Z","level":"info","event":"       id=7 → {'id': '7', 'name': 'Bob', 'age': '41', 'department': 'Sales', 'salary': '33186.48', 'working_hours': '21.4'}","logger":"task.stdout"}
{"timestamp":"2026-05-08T17:38:45.293519Z","level":"info","event":"       id=8 → {'id': '8', 'name': 'Hank', 'age': '27', 'department': 'Marketing', 'salary': '77515.21', 'working_hours': '36.7'}","logger":"task.stdout"}
{"timestamp":"2026-05-08T17:38:45.293928Z","level":"info","event":"       id=9 → {'id': '9', 'name': 'Bob', 'age': '39', 'department': 'HR', 'salary': '114944.17', 'working_hours': '40.9'}","logger":"task.stdout"}
{"timestamp":"2026-05-08T17:38:45.294348Z","level":"info","event":"       id=10 → {'id': '10', 'name': 'Alice', 'age': '47', 'department': 'Finance', 'salary': '34381.52', 'working_hours': '30.3'}","logger":"task.stdout"}
{"timestamp":"2026-05-08T17:38:45.296645Z","level":"info","event":"       id=11 → {'id': '11', 'name': 'Frank', 'age': '60', 'department': 'Operations', 'salary': '116365.94', 'working_hours': '30.1'}","logger":"task.stdout"}
{"timestamp":"2026-05-08T17:38:45.300440Z","level":"info","event":"       id=12 → {'id': '12', 'name': 'Ivy', 'age': '35', 'department': 'Marketing', 'salary': '116659.44', 'working_hours': '28.1'}","logger":"task.stdout"}
{"timestamp":"2026-05-08T17:38:45.301124Z","level":"info","event":"       id=13 → {'id': '13', 'name': 'Diana', 'age': '59', 'department': 'Sales', 'salary': '97150.66', 'working_hours': '45.2'}","logger":"task.stdout"}
{"timestamp":"2026-05-08T17:38:45.301855Z","level":"info","event":"[INFO] result.csv mil gayi — upsert karte hain.","logger":"task.stdout"}
{"timestamp":"2026-05-08T17:38:45.304711Z","level":"info","event":"[INFO] Existing result.csv mein 20 rows hain.","logger":"task.stdout"}
{"timestamp":"2026-05-08T17:38:45.305267Z","level":"info","event":"       UPDATE  id=1","logger":"task.stdout"}
{"timestamp":"2026-05-08T17:38:45.305761Z","level":"info","event":"       UPDATE  id=2","logger":"task.stdout"}
{"timestamp":"2026-05-08T17:38:45.306886Z","level":"info","event":"       UPDATE  id=3","logger":"task.stdout"}
{"timestamp":"2026-05-08T17:38:45.307753Z","level":"info","event":"       UPDATE  id=4","logger":"task.stdout"}
{"timestamp":"2026-05-08T17:38:45.309759Z","level":"info","event":"       UPDATE  id=5","logger":"task.stdout"}
{"timestamp":"2026-05-08T17:38:45.310407Z","level":"info","event":"       UPDATE  id=6","logger":"task.stdout"}
{"timestamp":"2026-05-08T17:38:45.310919Z","level":"info","event":"       UPDATE  id=7","logger":"task.stdout"}
{"timestamp":"2026-05-08T17:38:45.311372Z","level":"info","event":"       UPDATE  id=8","logger":"task.stdout"}
{"timestamp":"2026-05-08T17:38:45.311951Z","level":"info","event":"       UPDATE  id=9","logger":"task.stdout"}
{"timestamp":"2026-05-08T17:38:45.312600Z","level":"info","event":"       UPDATE  id=10","logger":"task.stdout"}
{"timestamp":"2026-05-08T17:38:45.313079Z","level":"info","event":"       UPDATE  id=11","logger":"task.stdout"}
{"timestamp":"2026-05-08T17:38:45.313570Z","level":"info","event":"       UPDATE  id=12","logger":"task.stdout"}
{"timestamp":"2026-05-08T17:38:45.314053Z","level":"info","event":"       UPDATE  id=13","logger":"task.stdout"}
{"timestamp":"2026-05-08T17:38:45.314797Z","level":"info","event":"[INFO] result.csv updated — total 20 rows.","logger":"task.stdout"}
{"timestamp":"2026-05-08T17:38:45.293113Z","level":"info","event":"Done. Returned value was: None","logger":"airflow.task.operators.airflow.providers.standard.operators.python.PythonOperator","filename":"python.py","lineno":229}
{"timestamp":"2026-05-08T17:38:45.352442Z","level":"info","event":"Task instance in success state","logger":"task.stdout"}
{"timestamp":"2026-05-08T17:38:45.352867Z","level":"info","event":" Previous state of the Task instance: TaskInstanceState.RUNNING","logger":"task.stdout"}
{"timestamp":"2026-05-08T17:38:45.353256Z","level":"info","event":"Task operator:<Task(PythonOperator): process_partition>","logger":"task.stdout"}
{"timestamp":"2026-05-11T16:47:46.260496Z","level":"info","event":"DAG bundles loaded: dags-folder, example_dags","logger":"airflow.dag_processing.bundles.manager.DagBundlesManager","filename":"manager.py","lineno":209}
{"timestamp":"2026-05-11T16:47:46.262170Z","level":"info","event":"Filling up the DagBag from /opt/airflow/dags/csv_upsert_pipeline.py","logger":"airflow.dag_processing.dagbag.BundleDagBag","filename":"dagbag.py","lineno":469}
{"timestamp":"2026-05-11T16:47:46.450358Z","level":"info","event":"Task instance is in running state","logger":"task.stdout"}
{"timestamp":"2026-05-11T16:47:46.450913Z","level":"info","event":" Previous state of the Task instance: TaskInstanceState.QUEUED","logger":"task.stdout"}
{"timestamp":"2026-05-11T16:47:46.451455Z","level":"info","event":"Current task name:process_partition","logger":"task.stdout"}
{"timestamp":"2026-05-11T16:47:46.451821Z","level":"info","event":"Dag name:csv_upsert_pipeline","logger":"task.stdout"}
{"timestamp":"2026-05-11T16:47:46.453481Z","level":"info","event":"[INFO] data_interval_start : 2026-05-06 21:00:00+00:00","logger":"task.stdout"}
{"timestamp":"2026-05-11T16:47:46.453817Z","level":"info","event":"[INFO] data_interval_end   : 2026-05-06 21:00:00+00:00","logger":"task.stdout"}
{"timestamp":"2026-05-11T16:47:46.454138Z","level":"info","event":"[INFO] Processing partition: /data/time_stamp=2026-05-06-21","logger":"task.stdout"}
{"timestamp":"2026-05-11T16:47:46.512303Z","level":"error","event":"/home/airflow/.local/lib/python3.13/site-packages/pyspark/bin/load-spark-env.sh: line 68: ps: command not found","logger":"task.stderr"}
{"timestamp":"2026-05-11T16:47:46.515143Z","level":"error","event":"JAVA_HOME is not set","logger":"task.stderr"}
{"timestamp":"2026-05-11T16:47:46.584335Z","level":"error","event":"Task failed with exception","logger":"task","filename":"task_runner.py","lineno":1347,"error_detail":[{"exc_type":"PySparkRuntimeError","exc_value":"[JAVA_GATEWAY_EXITED] Java gateway process exited before sending its port number.","exc_notes":[],"syntax_error":null,"is_cause":false,"frames":[{"filename":"/home/airflow/.local/lib/python3.13/site-packages/airflow/sdk/execution_time/task_runner.py","lineno":1263,"name":"run"},{"filename":"/home/airflow/.local/lib/python3.13/site-packages/airflow/sdk/execution_time/task_runner.py","lineno":1678,"name":"_execute_task"},{"filename":"/home/airflow/.local/lib/python3.13/site-packages/airflow/sdk/bases/operator.py","lineno":443,"name":"wrapper"},{"filename":"/home/airflow/.local/lib/python3.13/site-packages/airflow/providers/standard/operators/python.py","lineno":227,"name":"execute"},{"filename":"/home/airflow/.local/lib/python3.13/site-packages/airflow/providers/standard/operators/python.py","lineno":250,"name":"execute_callable"},{"filename":"/home/airflow/.local/lib/python3.13/site-packages/airflow/sdk/execution_time/callback_runner.py","lineno":97,"name":"run"},{"filename":"/opt/airflow/dags/csv_upsert_pipeline.py","lineno":47,"name":"process_partition"},{"filename":"/home/airflow/.local/lib/python3.13/site-packages/pyspark/sql/session.py","lineno":497,"name":"getOrCreate"},{"filename":"/home/airflow/.local/lib/python3.13/site-packages/pyspark/context.py","lineno":515,"name":"getOrCreate"},{"filename":"/home/airflow/.local/lib/python3.13/site-packages/pyspark/context.py","lineno":201,"name":"__init__"},{"filename":"/home/airflow/.local/lib/python3.13/site-packages/pyspark/context.py","lineno":436,"name":"_ensure_initialized"},{"filename":"/home/airflow/.local/lib/python3.13/site-packages/pyspark/java_gateway.py","lineno":107,"name":"launch_gateway"}],"is_group":false,"exceptions":[]}]}
{"timestamp":"2026-05-11T16:47:46.590874Z","level":"info","event":"Task instance in failure state","logger":"task.stdout"}
{"timestamp":"2026-05-11T16:47:46.591473Z","level":"info","event":"Task start","logger":"task.stdout"}
{"timestamp":"2026-05-11T16:47:46.591862Z","level":"info","event":"Task:<Task(PythonOperator): process_partition>","logger":"task.stdout"}
{"timestamp":"2026-05-11T16:47:46.592387Z","level":"info","event":"Failure caused by [JAVA_GATEWAY_EXITED] Java gateway process exited before sending its port number.","logger":"task.stdout"}
{"timestamp":"2026-05-11T17:18:43.021891Z","level":"info","event":"DAG bundles loaded: dags-folder, example_dags","logger":"airflow.dag_processing.bundles.manager.DagBundlesManager","filename":"manager.py","lineno":209}
{"timestamp":"2026-05-11T17:18:43.039772Z","level":"info","event":"Filling up the DagBag from /opt/airflow/dags/csv_upsert_pipeline.py","logger":"airflow.dag_processing.dagbag.BundleDagBag","filename":"dagbag.py","lineno":469}
{"timestamp":"2026-05-11T17:18:44.235009Z","level":"info","event":"Task instance is in running state","logger":"task.stdout"}
{"timestamp":"2026-05-11T17:18:44.236467Z","level":"info","event":" Previous state of the Task instance: TaskInstanceState.QUEUED","logger":"task.stdout"}
{"timestamp":"2026-05-11T17:18:44.237197Z","level":"info","event":"Current task name:process_partition","logger":"task.stdout"}
{"timestamp":"2026-05-11T17:18:44.238289Z","level":"info","event":"Dag name:csv_upsert_pipeline","logger":"task.stdout"}
{"timestamp":"2026-05-11T17:18:44.249763Z","level":"info","event":"[INFO] data_interval_start : 2026-05-06 21:00:00+00:00","logger":"task.stdout"}
{"timestamp":"2026-05-11T17:18:44.252963Z","level":"info","event":"[INFO] data_interval_end   : 2026-05-06 21:00:00+00:00","logger":"task.stdout"}
{"timestamp":"2026-05-11T17:18:44.253736Z","level":"info","event":"[INFO] Processing partition: /data/time_stamp=2026-05-06-21","logger":"task.stdout"}
{"timestamp":"2026-05-11T17:19:08.656353Z","level":"error","event":"Setting default log level to \"WARN\".","logger":"task.stderr"}
{"timestamp":"2026-05-11T17:19:08.661354Z","level":"error","event":"To adjust logging level use sc.setLogLevel(newLevel). For SparkR, use setLogLevel(newLevel).","logger":"task.stderr"}
{"timestamp":"2026-05-11T17:19:10.999932Z","level":"error","event":"26/05/11 17:19:10 WARN NativeCodeLoader: Unable to load native-hadoop library for your platform... using builtin-java classes where applicable","logger":"task.stderr"}
{"timestamp":"2026-05-11T17:19:19.330176Z","level":"error","event":"26/05/11 17:19:19 WARN Utils: Service 'SparkUI' could not bind on port 4040. Attempting port 4041.","logger":"task.stderr"}
{"timestamp":"2026-05-11T17:19:19.361957Z","level":"error","event":"26/05/11 17:19:19 WARN Utils: Service 'SparkUI' could not bind on port 4041. Attempting port 4042.","logger":"task.stderr"}
{"timestamp":"2026-05-11T17:19:19.367236Z","level":"error","event":"26/05/11 17:19:19 WARN Utils: Service 'SparkUI' could not bind on port 4042. Attempting port 4043.","logger":"task.stderr"}
{"timestamp":"2026-05-11T17:19:19.376469Z","level":"error","event":"26/05/11 17:19:19 WARN Utils: Service 'SparkUI' could not bind on port 4043. Attempting port 4044.","logger":"task.stderr"}
{"timestamp":"2026-05-11T17:21:43.530503Z","level":"info","event":"[INFO] Total rows read: 50","logger":"task.stdout"}
{"timestamp":"2026-05-11T17:25:24.443153Z","level":"error","event":"\r[Stage 0:>                                                          (0 + 0) / 1]\r\r[Stage 0:>                                                          (0 + 1) / 1]\r\r[Stage 0:===========================================================(1 + 0) / 1]\r\r                                                                                \r\r[Stage 1:>                                                          (0 + 5) / 5]\r\r[Stage 1:===============================================>           (4 + 1) / 5]\r\r                                                                                \r\r[Stage 2:>                                                          (0 + 5) / 5]\r\r[Stage 2:===================================>                       (3 + 2) / 5]\r\r[Stage 4:>                                                          (0 + 0) / 1]\r\r[Stage 4:>                                                          (0 + 1) / 1]\r\r                                                                                \r\r[Stage 5:>                                                          (0 + 0) / 5]\r\r[Stage 5:>                                                          (0 + 2) / 5]\r\r[Stage 5:>                                                          (0 + 5) / 5]\r\r[Stage 5:===================================>                       (3 + 2) / 5]\r26/05/11 17:25:08 WARN NettyRpcEnv: Ignored failure: java.util.concurrent.TimeoutException: Cannot receive any reply from 5de4ab4cb1ae:36075 in 10000 milliseconds","logger":"task.stderr"}
{"timestamp":"2026-05-11T17:25:24.453773Z","level":"error","event":"26/05/11 17:25:10 WARN Executor: Issue communicating with driver in heartbeater","logger":"task.stderr"}
{"timestamp":"2026-05-11T17:25:24.455474Z","level":"error","event":"org.apache.spark.rpc.RpcTimeoutException: Futures timed out after [10000 milliseconds]. This timeout is controlled by spark.executor.heartbeatInterval","logger":"task.stderr"}
{"timestamp":"2026-05-11T17:25:24.459331Z","level":"error","event":"\tat org.apache.spark.rpc.RpcTimeout.org$apache$spark$rpc$RpcTimeout$$createRpcTimeoutException(RpcTimeout.scala:47)","logger":"task.stderr"}
{"timestamp":"2026-05-11T17:25:24.460291Z","level":"error","event":"\tat org.apache.spark.rpc.RpcTimeout$$anonfun$addMessageIfTimeout$1.applyOrElse(RpcTimeout.scala:62)","logger":"task.stderr"}
{"timestamp":"2026-05-11T17:25:24.460917Z","level":"error","event":"\tat org.apache.spark.rpc.RpcTimeout$$anonfun$addMessageIfTimeout$1.applyOrElse(RpcTimeout.scala:58)","logger":"task.stderr"}
{"timestamp":"2026-05-11T17:25:24.461628Z","level":"error","event":"\tat scala.runtime.AbstractPartialFunction.apply(AbstractPartialFunction.scala:38)","logger":"task.stderr"}
{"timestamp":"2026-05-11T17:25:24.463264Z","level":"error","event":"\tat org.apache.spark.rpc.RpcTimeout.awaitResult(RpcTimeout.scala:76)","logger":"task.stderr"}
{"timestamp":"2026-05-11T17:25:24.464966Z","level":"error","event":"\tat org.apache.spark.rpc.RpcEndpointRef.askSync(RpcEndpointRef.scala:101)","logger":"task.stderr"}
{"timestamp":"2026-05-11T17:25:24.466229Z","level":"error","event":"\tat org.apache.spark.executor.Executor.reportHeartBeat(Executor.scala:1219)","logger":"task.stderr"}
{"timestamp":"2026-05-11T17:25:24.467022Z","level":"error","event":"\tat org.apache.spark.executor.Executor.$anonfun$heartbeater$1(Executor.scala:295)","logger":"task.stderr"}
{"timestamp":"2026-05-11T17:25:24.468373Z","level":"error","event":"\tat scala.runtime.java8.JFunction0$mcV$sp.apply(JFunction0$mcV$sp.java:23)","logger":"task.stderr"}
{"timestamp":"2026-05-11T17:25:24.470420Z","level":"error","event":"\tat org.apache.spark.util.Utils$.logUncaughtExceptions(Utils.scala:1928)","logger":"task.stderr"}
{"timestamp":"2026-05-11T17:25:24.471688Z","level":"error","event":"\tat org.apache.spark.Heartbeater$$anon$1.run(Heartbeater.scala:46)","logger":"task.stderr"}
{"timestamp":"2026-05-11T17:25:24.472506Z","level":"error","event":"\tat java.base/java.util.concurrent.Executors$RunnableAdapter.call(Executors.java:539)","logger":"task.stderr"}
{"timestamp":"2026-05-11T17:25:24.473859Z","level":"error","event":"\tat java.base/java.util.concurrent.FutureTask.runAndReset(FutureTask.java:305)","logger":"task.stderr"}
{"timestamp":"2026-05-11T17:25:24.474874Z","level":"error","event":"\tat java.base/java.util.concurrent.ScheduledThreadPoolExecutor$ScheduledFutureTask.run(ScheduledThreadPoolExecutor.java:305)","logger":"task.stderr"}
{"timestamp":"2026-05-11T17:25:24.475663Z","level":"error","event":"\tat java.base/java.util.concurrent.ThreadPoolExecutor.runWorker(ThreadPoolExecutor.java:1136)","logger":"task.stderr"}
{"timestamp":"2026-05-11T17:25:24.476385Z","level":"error","event":"\tat java.base/java.util.concurrent.ThreadPoolExecutor$Worker.run(ThreadPoolExecutor.java:635)","logger":"task.stderr"}
{"timestamp":"2026-05-11T17:25:24.476845Z","level":"error","event":"\tat java.base/java.lang.Thread.run(Thread.java:840)","logger":"task.stderr"}
{"timestamp":"2026-05-11T17:25:24.477399Z","level":"error","event":"Caused by: java.util.concurrent.TimeoutException: Futures timed out after [10000 milliseconds]","logger":"task.stderr"}
{"timestamp":"2026-05-11T17:25:24.478343Z","level":"error","event":"\tat scala.concurrent.impl.Promise$DefaultPromise.ready(Promise.scala:259)","logger":"task.stderr"}
{"timestamp":"2026-05-11T17:25:24.479075Z","level":"error","event":"\tat scala.concurrent.impl.Promise$DefaultPromise.result(Promise.scala:263)","logger":"task.stderr"}
{"timestamp":"2026-05-11T17:25:24.480968Z","level":"error","event":"\tat org.apache.spark.util.SparkThreadUtils$.awaitResult(SparkThreadUtils.scala:48)","logger":"task.stderr"}
{"timestamp":"2026-05-11T17:25:24.482256Z","level":"error","event":"\tat org.apache.spark.util.ThreadUtils$.awaitResult(ThreadUtils.scala:310)","logger":"task.stderr"}
{"timestamp":"2026-05-11T17:25:24.483398Z","level":"error","event":"\tat org.apache.spark.rpc.RpcTimeout.awaitResult(RpcTimeout.scala:75)","logger":"task.stderr"}
{"timestamp":"2026-05-11T17:25:24.486094Z","level":"error","event":"\t... 12 more","logger":"task.stderr"}
{"timestamp":"2026-05-11T17:25:24.487196Z","level":"info","event":"[INFO] Resolved 13 unique IDs.","logger":"task.stdout"}
{"timestamp":"2026-05-11T17:25:24.487804Z","level":"info","event":"[INFO] result.csv found — upsert.","logger":"task.stdout"}
{"timestamp":"2026-05-11T17:27:33.099280Z","level":"error","event":"\r[Stage 7:>                                                          (0 + 0) / 1]\r\r[Stage 7:>                                                          (0 + 1) / 1]\r\r[Stage 10:>                                                         (0 + 1) / 1]\r\r                                                                                \r26/05/11 17:26:46 WARN NettyRpcEnv: Ignored failure: java.util.concurrent.TimeoutException: Cannot receive any reply from 5de4ab4cb1ae:36075 in 10000 milliseconds","logger":"task.stderr"}
{"timestamp":"2026-05-11T17:27:33.712448Z","level":"error","event":"26/05/11 17:26:49 WARN Executor: Issue communicating with driver in heartbeater","logger":"task.stderr"}
{"timestamp":"2026-05-11T17:27:35.086898Z","level":"error","event":"org.apache.spark.rpc.RpcTimeoutException: Futures timed out after [10000 milliseconds]. This timeout is controlled by spark.executor.heartbeatInterval","logger":"task.stderr"}
{"timestamp":"2026-05-11T17:27:35.502342Z","level":"error","event":"\tat org.apache.spark.rpc.RpcTimeout.org$apache$spark$rpc$RpcTimeout$$createRpcTimeoutException(RpcTimeout.scala:47)","logger":"task.stderr"}
{"timestamp":"2026-05-11T17:27:35.848243Z","level":"error","event":"\tat org.apache.spark.rpc.RpcTimeout$$anonfun$addMessageIfTimeout$1.applyOrElse(RpcTimeout.scala:62)","logger":"task.stderr"}
{"timestamp":"2026-05-11T17:27:35.908926Z","level":"error","event":"\tat org.apache.spark.rpc.RpcTimeout$$anonfun$addMessageIfTimeout$1.applyOrElse(RpcTimeout.scala:58)","logger":"task.stderr"}
{"timestamp":"2026-05-11T17:27:36.368223Z","level":"error","event":"\tat scala.runtime.AbstractPartialFunction.apply(AbstractPartialFunction.scala:38)","logger":"task.stderr"}
{"timestamp":"2026-05-11T17:27:37.016542Z","level":"error","event":"\tat org.apache.spark.rpc.RpcTimeout.awaitResult(RpcTimeout.scala:76)","logger":"task.stderr"}
{"timestamp":"2026-05-11T17:27:38.872927Z","level":"error","event":"\tat org.apache.spark.rpc.RpcEndpointRef.askSync(RpcEndpointRef.scala:101)","logger":"task.stderr"}
{"timestamp":"2026-05-11T17:27:39.373725Z","level":"error","event":"\tat org.apache.spark.executor.Executor.reportHeartBeat(Executor.scala:1219)","logger":"task.stderr"}
{"timestamp":"2026-05-11T17:27:39.408099Z","level":"error","event":"\tat org.apache.spark.executor.Executor.$anonfun$heartbeater$1(Executor.scala:295)","logger":"task.stderr"}
{"timestamp":"2026-05-11T17:27:39.467356Z","level":"error","event":"\tat scala.runtime.java8.JFunction0$mcV$sp.apply(JFunction0$mcV$sp.java:23)","logger":"task.stderr"}
{"timestamp":"2026-05-11T17:27:39.665988Z","level":"error","event":"\tat org.apache.spark.util.Utils$.logUncaughtExceptions(Utils.scala:1928)","logger":"task.stderr"}
{"timestamp":"2026-05-11T17:27:39.729246Z","level":"error","event":"\tat org.apache.spark.Heartbeater$$anon$1.run(Heartbeater.scala:46)","logger":"task.stderr"}
{"timestamp":"2026-05-11T17:27:39.814429Z","level":"error","event":"\tat java.base/java.util.concurrent.Executors$RunnableAdapter.call(Executors.java:539)","logger":"task.stderr"}
{"timestamp":"2026-05-11T17:27:39.918414Z","level":"error","event":"\tat java.base/java.util.concurrent.FutureTask.runAndReset(FutureTask.java:305)","logger":"task.stderr"}
{"timestamp":"2026-05-11T17:27:40.031911Z","level":"error","event":"\tat java.base/java.util.concurrent.ScheduledThreadPoolExecutor$ScheduledFutureTask.run(ScheduledThreadPoolExecutor.java:305)","logger":"task.stderr"}
{"timestamp":"2026-05-11T17:27:42.033053Z","level":"error","event":"\tat java.base/java.util.concurrent.ThreadPoolExecutor.runWorker(ThreadPoolExecutor.java:1136)","logger":"task.stderr"}
{"timestamp":"2026-05-11T17:27:42.705141Z","level":"error","event":"\tat java.base/java.util.concurrent.ThreadPoolExecutor$Worker.run(ThreadPoolExecutor.java:635)","logger":"task.stderr"}
{"timestamp":"2026-05-11T17:27:42.879106Z","level":"error","event":"\tat java.base/java.lang.Thread.run(Thread.java:840)","logger":"task.stderr"}
{"timestamp":"2026-05-11T17:27:42.900016Z","level":"error","event":"Caused by: java.util.concurrent.TimeoutException: Futures timed out after [10000 milliseconds]","logger":"task.stderr"}
{"timestamp":"2026-05-11T17:27:42.902950Z","level":"error","event":"\tat scala.concurrent.impl.Promise$DefaultPromise.ready(Promise.scala:259)","logger":"task.stderr"}
{"timestamp":"2026-05-11T17:27:42.905288Z","level":"error","event":"\tat scala.concurrent.impl.Promise$DefaultPromise.result(Promise.scala:263)","logger":"task.stderr"}
{"timestamp":"2026-05-11T17:27:42.911533Z","level":"error","event":"\tat org.apache.spark.util.SparkThreadUtils$.awaitResult(SparkThreadUtils.scala:48)","logger":"task.stderr"}
{"timestamp":"2026-05-11T17:27:43.399414Z","level":"error","event":"\tat org.apache.spark.util.ThreadUtils$.awaitResult(ThreadUtils.scala:310)","logger":"task.stderr"}
{"timestamp":"2026-05-11T17:27:44.013584Z","level":"error","event":"\tat org.apache.spark.rpc.RpcTimeout.awaitResult(RpcTimeout.scala:75)","logger":"task.stderr"}
{"timestamp":"2026-05-11T17:27:44.084999Z","level":"error","event":"\t... 12 more","logger":"task.stderr"}
{"timestamp":"2026-05-11T17:29:07.506963Z","level":"error","event":"\r[Stage 11:>                                                         (0 + 1) / 1]\r\r[Stage 11:==========================================================(1 + 0) / 1]\r\r                                                                                \r\r[Stage 12:>                                                         (0 + 0) / 1]\r\r[Stage 12:>                                                         (0 + 1) / 1]","logger":"task.stderr"}
