{"timestamp":"2026-05-05T10:29:20.152889Z","level":"info","event":"DAG bundles loaded: dags-folder, example_dags","logger":"airflow.dag_processing.bundles.manager.DagBundlesManager","filename":"manager.py","lineno":209}
{"timestamp":"2026-05-05T10:29:20.157144Z","level":"info","event":"Filling up the DagBag from /opt/airflow/dags/print_interval_dag.py","logger":"airflow.dag_processing.dagbag.BundleDagBag","filename":"dagbag.py","lineno":469}
{"timestamp":"2026-05-05T10:29:20.170158Z","level":"warning","event":"The `airflow.operators.python.PythonOperator` attribute is deprecated. Please use `'airflow.providers.standard.operators.python.PythonOperator'`.","category":"UserWarning","filename":"/opt/airflow/dags/print_interval_dag.py","lineno":2,"logger":"py.warnings"}
{"timestamp":"2026-05-05T10:29:20.226865Z","level":"info","event":"Task instance is in running state","logger":"task.stdout"}
{"timestamp":"2026-05-05T10:29:20.228105Z","level":"info","event":" Previous state of the Task instance: TaskInstanceState.QUEUED","logger":"task.stdout"}
{"timestamp":"2026-05-05T10:29:20.229276Z","level":"info","event":"Current task name:print_interval","logger":"task.stdout"}
{"timestamp":"2026-05-05T10:29:20.231162Z","level":"info","event":"Dag name:print_interval_dag","logger":"task.stdout"}
{"timestamp":"2026-05-05T10:29:20.233006Z","level":"info","event":"Interval Start: 2025-05-02 06:00:00+00:00","logger":"task.stdout"}
{"timestamp":"2026-05-05T10:29:20.234140Z","level":"info","event":"Interval End:   2025-05-02 06:00:00+00:00","logger":"task.stdout"}
{"timestamp":"2026-05-05T10:29:20.232421Z","level":"info","event":"Done. Returned value was: None","logger":"airflow.task.operators.airflow.providers.standard.operators.python.PythonOperator","filename":"python.py","lineno":229}
{"timestamp":"2026-05-05T10:29:20.305893Z","level":"info","event":"Task instance in success state","logger":"task.stdout"}
{"timestamp":"2026-05-05T10:29:20.307808Z","level":"info","event":" Previous state of the Task instance: TaskInstanceState.RUNNING","logger":"task.stdout"}
{"timestamp":"2026-05-05T10:29:20.308514Z","level":"info","event":"Task operator:<Task(PythonOperator): print_interval>","logger":"task.stdout"}
{"timestamp":"2026-05-05T12:25:11.807520Z","level":"info","event":"DAG bundles loaded: dags-folder, example_dags","logger":"airflow.dag_processing.bundles.manager.DagBundlesManager","filename":"manager.py","lineno":209}
{"timestamp":"2026-05-05T12:25:11.809333Z","level":"info","event":"Filling up the DagBag from /opt/airflow/dags/print_interval_dag.py","logger":"airflow.dag_processing.dagbag.BundleDagBag","filename":"dagbag.py","lineno":469}
{"timestamp":"2026-05-05T12:25:11.882142Z","level":"info","event":"Task instance is in running state","logger":"task.stdout"}
{"timestamp":"2026-05-05T12:25:11.882860Z","level":"info","event":" Previous state of the Task instance: TaskInstanceState.QUEUED","logger":"task.stdout"}
{"timestamp":"2026-05-05T12:25:11.883668Z","level":"info","event":"Current task name:print_interval","logger":"task.stdout"}
{"timestamp":"2026-05-05T12:25:11.884514Z","level":"info","event":"Dag name:print_interval_dag","logger":"task.stdout"}
{"timestamp":"2026-05-05T12:25:11.886986Z","level":"info","event":"=== ALL AVAILABLE MACROS ===","logger":"task.stdout"}
{"timestamp":"2026-05-05T12:25:11.887573Z","level":"info","event":"dag: <DAG: print_interval_dag>","logger":"task.stdout"}
{"timestamp":"2026-05-05T12:25:11.888268Z","level":"info","event":"inlets: []","logger":"task.stdout"}
{"timestamp":"2026-05-05T12:25:11.888742Z","level":"info","event":"map_index_template: None","logger":"task.stdout"}
{"timestamp":"2026-05-05T12:25:11.889172Z","level":"info","event":"outlets: []","logger":"task.stdout"}
{"timestamp":"2026-05-05T12:25:11.889973Z","level":"info","event":"run_id: scheduled__2025-05-02T06:00:00+00:00","logger":"task.stdout"}
{"timestamp":"2026-05-05T12:25:11.890434Z","level":"info","event":"task: <Task(PythonOperator): print_interval>","logger":"task.stdout"}
{"timestamp":"2026-05-05T12:25:11.891074Z","level":"info","event":"task_instance: id=UUID('019df819-731f-7f53-8370-2b5c45071df8') task_id='print_interval' dag_id='print_interval_dag' run_id='scheduled__2025-05-02T06:00:00+00:00' try_number=1 dag_version_id=UUID('019df815-a045-750b-bac8-47ced7cc6a45') map_index=-1 hostname='86abe326db93' context_carrier={'traceparent': '00-3533e7e5858fe2cd41d38e34019c6c0f-203ca4744e9f2502-01'} task=<Task(PythonOperator): print_interval> bundle_instance=LocalDagBundle(name=dags-folder) max_tries=0 start_date=datetime.datetime(2026, 5, 5, 12, 25, 11, 65867, tzinfo=datetime.timezone.utc) end_date=None state=<TaskInstanceState.RUNNING: 'running'> is_mapped=False rendered_map_index=None sentry_integration=''","logger":"task.stdout"}
{"timestamp":"2026-05-05T12:25:11.891908Z","level":"info","event":"ti: id=UUID('019df819-731f-7f53-8370-2b5c45071df8') task_id='print_interval' dag_id='print_interval_dag' run_id='scheduled__2025-05-02T06:00:00+00:00' try_number=1 dag_version_id=UUID('019df815-a045-750b-bac8-47ced7cc6a45') map_index=-1 hostname='86abe326db93' context_carrier={'traceparent': '00-3533e7e5858fe2cd41d38e34019c6c0f-203ca4744e9f2502-01'} task=<Task(PythonOperator): print_interval> bundle_instance=LocalDagBundle(name=dags-folder) max_tries=0 start_date=datetime.datetime(2026, 5, 5, 12, 25, 11, 65867, tzinfo=datetime.timezone.utc) end_date=None state=<TaskInstanceState.RUNNING: 'running'> is_mapped=False rendered_map_index=None sentry_integration=''","logger":"task.stdout"}
{"timestamp":"2026-05-05T12:25:11.892389Z","level":"info","event":"outlet_events: OutletEventAccessors(_dict={})","logger":"task.stdout"}
{"timestamp":"2026-05-05T12:25:11.892748Z","level":"info","event":"inlet_events: InletEventsAccessors(_inlets=[], _assets={}, _asset_aliases={})","logger":"task.stdout"}
{"timestamp":"2026-05-05T12:25:11.893420Z","level":"info","event":"macros: <MacrosAccessor (dynamic access to macros)>","logger":"task.stdout"}
{"timestamp":"2026-05-05T12:25:11.894175Z","level":"info","event":"params: {}","logger":"task.stdout"}
{"timestamp":"2026-05-05T12:25:11.895055Z","level":"info","event":"var: {'json': <VariableAccessor (dynamic access)>, 'value': <VariableAccessor (dynamic access)>}","logger":"task.stdout"}
{"timestamp":"2026-05-05T12:25:11.895585Z","level":"info","event":"conn: <ConnectionAccessor (dynamic access)>","logger":"task.stdout"}
{"timestamp":"2026-05-05T12:25:11.896162Z","level":"info","event":"dag_run: dag_id='print_interval_dag' run_id='scheduled__2025-05-02T06:00:00+00:00' logical_date=datetime.datetime(2025, 5, 2, 6, 0, tzinfo=datetime.timezone.utc) data_interval_start=datetime.datetime(2025, 5, 2, 6, 0, tzinfo=datetime.timezone.utc) data_interval_end=datetime.datetime(2025, 5, 2, 6, 0, tzinfo=datetime.timezone.utc) run_after=datetime.datetime(2025, 5, 2, 6, 0, tzinfo=datetime.timezone.utc) start_date=datetime.datetime(2026, 5, 5, 12, 25, 10, 729748, tzinfo=datetime.timezone.utc) end_date=None clear_number=0 run_type=<DagRunType.SCHEDULED: 'scheduled'> state=<DagRunState.RUNNING: 'running'> conf={} triggering_user_name=None consumed_asset_events=[] partition_key=None note=None","logger":"task.stdout"}
{"timestamp":"2026-05-05T12:25:11.896577Z","level":"info","event":"triggering_asset_events: TriggeringAssetEventAccessor(_events=defaultdict(<class 'list'>, {}))","logger":"task.stdout"}
{"timestamp":"2026-05-05T12:25:11.898185Z","level":"info","event":"task_instance_key_str: print_interval_dag__print_interval__20250502","logger":"task.stdout"}
{"timestamp":"2026-05-05T12:25:11.898697Z","level":"info","event":"task_reschedule_count: 0","logger":"task.stdout"}
{"timestamp":"2026-05-05T12:25:11.931240Z","level":"info","event":"prev_start_date_success: 2026-05-05 12:25:09.695293+00:00","logger":"task.stdout"}
{"timestamp":"2026-05-05T12:25:11.931736Z","level":"info","event":"prev_end_date_success: 2026-05-05 12:25:11.642820+00:00","logger":"task.stdout"}
{"timestamp":"2026-05-05T12:25:11.932195Z","level":"info","event":"logical_date: 2025-05-02 06:00:00+00:00","logger":"task.stdout"}
{"timestamp":"2026-05-05T12:25:11.932817Z","level":"info","event":"ds: 2025-05-02","logger":"task.stdout"}
{"timestamp":"2026-05-05T12:25:11.933732Z","level":"info","event":"ds_nodash: 20250502","logger":"task.stdout"}
{"timestamp":"2026-05-05T12:25:11.934164Z","level":"info","event":"ts: 2025-05-02T06:00:00+00:00","logger":"task.stdout"}
{"timestamp":"2026-05-05T12:25:11.934551Z","level":"info","event":"ts_nodash: 20250502T060000","logger":"task.stdout"}
{"timestamp":"2026-05-05T12:25:11.935061Z","level":"info","event":"ts_nodash_with_tz: 20250502T060000+0000","logger":"task.stdout"}
{"timestamp":"2026-05-05T12:25:11.936253Z","level":"info","event":"data_interval_end: 2025-05-02 06:00:00+00:00","logger":"task.stdout"}
{"timestamp":"2026-05-05T12:25:11.936732Z","level":"info","event":"data_interval_start: 2025-05-02 06:00:00+00:00","logger":"task.stdout"}
{"timestamp":"2026-05-05T12:25:11.937941Z","level":"info","event":"prev_data_interval_start_success: 2025-05-02 00:00:00+00:00","logger":"task.stdout"}
{"timestamp":"2026-05-05T12:25:11.938451Z","level":"info","event":"prev_data_interval_end_success: 2025-05-02 00:00:00+00:00","logger":"task.stdout"}
{"timestamp":"2026-05-05T12:25:11.939387Z","level":"info","event":"templates_dict: None","logger":"task.stdout"}
{"timestamp":"2026-05-05T12:25:11.930488Z","level":"info","event":"Done. Returned value was: None","logger":"airflow.task.operators.airflow.providers.standard.operators.python.PythonOperator","filename":"python.py","lineno":229}
{"timestamp":"2026-05-05T12:25:11.976616Z","level":"info","event":"Task instance in success state","logger":"task.stdout"}
{"timestamp":"2026-05-05T12:25:11.977330Z","level":"info","event":" Previous state of the Task instance: TaskInstanceState.RUNNING","logger":"task.stdout"}
{"timestamp":"2026-05-05T12:25:11.978052Z","level":"info","event":"Task operator:<Task(PythonOperator): print_interval>","logger":"task.stdout"}
