{"timestamp":"2026-05-05T10:30:48.242078Z","level":"info","event":"DAG bundles loaded: dags-folder, example_dags","logger":"airflow.dag_processing.bundles.manager.DagBundlesManager","filename":"manager.py","lineno":209}
{"timestamp":"2026-05-05T10:30:48.244105Z","level":"info","event":"Filling up the DagBag from /opt/airflow/dags/print_interval_dag.py","logger":"airflow.dag_processing.dagbag.BundleDagBag","filename":"dagbag.py","lineno":469}
{"timestamp":"2026-05-05T10:30:48.255884Z","level":"warning","event":"The `airflow.operators.python.PythonOperator` attribute is deprecated. Please use `'airflow.providers.standard.operators.python.PythonOperator'`.","category":"UserWarning","filename":"/opt/airflow/dags/print_interval_dag.py","lineno":2,"logger":"py.warnings"}
{"timestamp":"2026-05-05T10:30:48.302419Z","level":"info","event":"Task instance is in running state","logger":"task.stdout"}
{"timestamp":"2026-05-05T10:30:48.307894Z","level":"info","event":" Previous state of the Task instance: TaskInstanceState.QUEUED","logger":"task.stdout"}
{"timestamp":"2026-05-05T10:30:48.312133Z","level":"info","event":"Current task name:print_interval","logger":"task.stdout"}
{"timestamp":"2026-05-05T10:30:48.312896Z","level":"info","event":"Dag name:print_interval_dag","logger":"task.stdout"}
{"timestamp":"2026-05-05T10:30:48.313655Z","level":"info","event":"Interval Start: 2025-05-24 09:00:00+00:00","logger":"task.stdout"}
{"timestamp":"2026-05-05T10:30:48.314110Z","level":"info","event":"Interval End:   2025-05-24 09:00:00+00:00","logger":"task.stdout"}
{"timestamp":"2026-05-05T10:30:48.307391Z","level":"info","event":"Done. Returned value was: None","logger":"airflow.task.operators.airflow.providers.standard.operators.python.PythonOperator","filename":"python.py","lineno":229}
{"timestamp":"2026-05-05T10:30:48.359159Z","level":"info","event":"Task instance in success state","logger":"task.stdout"}
{"timestamp":"2026-05-05T10:30:48.361510Z","level":"info","event":" Previous state of the Task instance: TaskInstanceState.RUNNING","logger":"task.stdout"}
{"timestamp":"2026-05-05T10:30:48.364191Z","level":"info","event":"Task operator:<Task(PythonOperator): print_interval>","logger":"task.stdout"}
{"timestamp":"2026-05-05T12:26:43.373318Z","level":"info","event":"DAG bundles loaded: dags-folder, example_dags","logger":"airflow.dag_processing.bundles.manager.DagBundlesManager","filename":"manager.py","lineno":209}
{"timestamp":"2026-05-05T12:26:43.375807Z","level":"info","event":"Filling up the DagBag from /opt/airflow/dags/print_interval_dag.py","logger":"airflow.dag_processing.dagbag.BundleDagBag","filename":"dagbag.py","lineno":469}
{"timestamp":"2026-05-05T12:26:43.471480Z","level":"info","event":"Task instance is in running state","logger":"task.stdout"}
{"timestamp":"2026-05-05T12:26:43.477369Z","level":"info","event":" Previous state of the Task instance: TaskInstanceState.QUEUED","logger":"task.stdout"}
{"timestamp":"2026-05-05T12:26:43.477849Z","level":"info","event":"Current task name:print_interval","logger":"task.stdout"}
{"timestamp":"2026-05-05T12:26:43.478271Z","level":"info","event":"Dag name:print_interval_dag","logger":"task.stdout"}
{"timestamp":"2026-05-05T12:26:43.487230Z","level":"info","event":"=== ALL AVAILABLE MACROS ===","logger":"task.stdout"}
{"timestamp":"2026-05-05T12:26:43.488875Z","level":"info","event":"dag: <DAG: print_interval_dag>","logger":"task.stdout"}
{"timestamp":"2026-05-05T12:26:43.489434Z","level":"info","event":"inlets: []","logger":"task.stdout"}
{"timestamp":"2026-05-05T12:26:43.489817Z","level":"info","event":"map_index_template: None","logger":"task.stdout"}
{"timestamp":"2026-05-05T12:26:43.490247Z","level":"info","event":"outlets: []","logger":"task.stdout"}
{"timestamp":"2026-05-05T12:26:43.490568Z","level":"info","event":"run_id: scheduled__2025-05-24T09:00:00+00:00","logger":"task.stdout"}
{"timestamp":"2026-05-05T12:26:43.490984Z","level":"info","event":"task: <Task(PythonOperator): print_interval>","logger":"task.stdout"}
{"timestamp":"2026-05-05T12:26:43.494829Z","level":"info","event":"task_instance: id=UUID('019df81a-d68e-7198-883f-45eb2b435d91') task_id='print_interval' dag_id='print_interval_dag' run_id='scheduled__2025-05-24T09:00:00+00:00' try_number=1 dag_version_id=UUID('019df815-a045-750b-bac8-47ced7cc6a45') map_index=-1 hostname='86abe326db93' context_carrier={'traceparent': '00-419c4af0093d0f17a2495b196cf55071-74b69f01270dd989-01'} task=<Task(PythonOperator): print_interval> bundle_instance=LocalDagBundle(name=dags-folder) max_tries=0 start_date=datetime.datetime(2026, 5, 5, 12, 26, 42, 1942, tzinfo=datetime.timezone.utc) end_date=None state=<TaskInstanceState.RUNNING: 'running'> is_mapped=False rendered_map_index=None sentry_integration=''","logger":"task.stdout"}
{"timestamp":"2026-05-05T12:26:43.495905Z","level":"info","event":"ti: id=UUID('019df81a-d68e-7198-883f-45eb2b435d91') task_id='print_interval' dag_id='print_interval_dag' run_id='scheduled__2025-05-24T09:00:00+00:00' try_number=1 dag_version_id=UUID('019df815-a045-750b-bac8-47ced7cc6a45') map_index=-1 hostname='86abe326db93' context_carrier={'traceparent': '00-419c4af0093d0f17a2495b196cf55071-74b69f01270dd989-01'} task=<Task(PythonOperator): print_interval> bundle_instance=LocalDagBundle(name=dags-folder) max_tries=0 start_date=datetime.datetime(2026, 5, 5, 12, 26, 42, 1942, tzinfo=datetime.timezone.utc) end_date=None state=<TaskInstanceState.RUNNING: 'running'> is_mapped=False rendered_map_index=None sentry_integration=''","logger":"task.stdout"}
{"timestamp":"2026-05-05T12:26:43.500679Z","level":"info","event":"outlet_events: OutletEventAccessors(_dict={})","logger":"task.stdout"}
{"timestamp":"2026-05-05T12:26:43.501368Z","level":"info","event":"inlet_events: InletEventsAccessors(_inlets=[], _assets={}, _asset_aliases={})","logger":"task.stdout"}
{"timestamp":"2026-05-05T12:26:43.501865Z","level":"info","event":"macros: <MacrosAccessor (dynamic access to macros)>","logger":"task.stdout"}
{"timestamp":"2026-05-05T12:26:43.502285Z","level":"info","event":"params: {}","logger":"task.stdout"}
{"timestamp":"2026-05-05T12:26:43.506369Z","level":"info","event":"var: {'json': <VariableAccessor (dynamic access)>, 'value': <VariableAccessor (dynamic access)>}","logger":"task.stdout"}
{"timestamp":"2026-05-05T12:26:43.507384Z","level":"info","event":"conn: <ConnectionAccessor (dynamic access)>","logger":"task.stdout"}
{"timestamp":"2026-05-05T12:26:43.507803Z","level":"info","event":"dag_run: dag_id='print_interval_dag' run_id='scheduled__2025-05-24T09:00:00+00:00' logical_date=datetime.datetime(2025, 5, 24, 9, 0, tzinfo=datetime.timezone.utc) data_interval_start=datetime.datetime(2025, 5, 24, 9, 0, tzinfo=datetime.timezone.utc) data_interval_end=datetime.datetime(2025, 5, 24, 9, 0, tzinfo=datetime.timezone.utc) run_after=datetime.datetime(2025, 5, 24, 9, 0, tzinfo=datetime.timezone.utc) start_date=datetime.datetime(2026, 5, 5, 12, 26, 41, 699994, tzinfo=datetime.timezone.utc) end_date=None clear_number=0 run_type=<DagRunType.SCHEDULED: 'scheduled'> state=<DagRunState.RUNNING: 'running'> conf={} triggering_user_name=None consumed_asset_events=[] partition_key=None note=None","logger":"task.stdout"}
{"timestamp":"2026-05-05T12:26:43.508250Z","level":"info","event":"triggering_asset_events: TriggeringAssetEventAccessor(_events=defaultdict(<class 'list'>, {}))","logger":"task.stdout"}
{"timestamp":"2026-05-05T12:26:43.511700Z","level":"info","event":"task_instance_key_str: print_interval_dag__print_interval__20250524","logger":"task.stdout"}
{"timestamp":"2026-05-05T12:26:43.520858Z","level":"info","event":"task_reschedule_count: 0","logger":"task.stdout"}
{"timestamp":"2026-05-05T12:26:43.582556Z","level":"info","event":"prev_start_date_success: 2026-05-05 12:26:40.842405+00:00","logger":"task.stdout"}
{"timestamp":"2026-05-05T12:26:43.584355Z","level":"info","event":"prev_end_date_success: 2026-05-05 12:26:43.042630+00:00","logger":"task.stdout"}
{"timestamp":"2026-05-05T12:26:43.585460Z","level":"info","event":"logical_date: 2025-05-24 09:00:00+00:00","logger":"task.stdout"}
{"timestamp":"2026-05-05T12:26:43.585984Z","level":"info","event":"ds: 2025-05-24","logger":"task.stdout"}
{"timestamp":"2026-05-05T12:26:43.586557Z","level":"info","event":"ds_nodash: 20250524","logger":"task.stdout"}
{"timestamp":"2026-05-05T12:26:43.586804Z","level":"info","event":"ts: 2025-05-24T09:00:00+00:00","logger":"task.stdout"}
{"timestamp":"2026-05-05T12:26:43.587082Z","level":"info","event":"ts_nodash: 20250524T090000","logger":"task.stdout"}
{"timestamp":"2026-05-05T12:26:43.587447Z","level":"info","event":"ts_nodash_with_tz: 20250524T090000+0000","logger":"task.stdout"}
{"timestamp":"2026-05-05T12:26:43.587746Z","level":"info","event":"data_interval_end: 2025-05-24 09:00:00+00:00","logger":"task.stdout"}
{"timestamp":"2026-05-05T12:26:43.588069Z","level":"info","event":"data_interval_start: 2025-05-24 09:00:00+00:00","logger":"task.stdout"}
{"timestamp":"2026-05-05T12:26:43.588677Z","level":"info","event":"prev_data_interval_start_success: 2025-05-24 03:00:00+00:00","logger":"task.stdout"}
{"timestamp":"2026-05-05T12:26:43.589717Z","level":"info","event":"prev_data_interval_end_success: 2025-05-24 03:00:00+00:00","logger":"task.stdout"}
{"timestamp":"2026-05-05T12:26:43.591214Z","level":"info","event":"templates_dict: None","logger":"task.stdout"}
{"timestamp":"2026-05-05T12:26:43.581634Z","level":"info","event":"Done. Returned value was: None","logger":"airflow.task.operators.airflow.providers.standard.operators.python.PythonOperator","filename":"python.py","lineno":229}
{"timestamp":"2026-05-05T12:26:43.752062Z","level":"info","event":"Task instance in success state","logger":"task.stdout"}
{"timestamp":"2026-05-05T12:26:43.752886Z","level":"info","event":" Previous state of the Task instance: TaskInstanceState.RUNNING","logger":"task.stdout"}
{"timestamp":"2026-05-05T12:26:43.753667Z","level":"info","event":"Task operator:<Task(PythonOperator): print_interval>","logger":"task.stdout"}
