{"timestamp":"2026-05-05T10:31:07.669110Z","level":"info","event":"DAG bundles loaded: dags-folder, example_dags","logger":"airflow.dag_processing.bundles.manager.DagBundlesManager","filename":"manager.py","lineno":209}
{"timestamp":"2026-05-05T10:31:07.670639Z","level":"info","event":"Filling up the DagBag from /opt/airflow/dags/print_interval_dag.py","logger":"airflow.dag_processing.dagbag.BundleDagBag","filename":"dagbag.py","lineno":469}
{"timestamp":"2026-05-05T10:31:07.739678Z","level":"warning","event":"The `airflow.operators.python.PythonOperator` attribute is deprecated. Please use `'airflow.providers.standard.operators.python.PythonOperator'`.","category":"UserWarning","filename":"/opt/airflow/dags/print_interval_dag.py","lineno":2,"logger":"py.warnings"}
{"timestamp":"2026-05-05T10:31:07.786670Z","level":"info","event":"Task instance is in running state","logger":"task.stdout"}
{"timestamp":"2026-05-05T10:31:07.787562Z","level":"info","event":" Previous state of the Task instance: TaskInstanceState.QUEUED","logger":"task.stdout"}
{"timestamp":"2026-05-05T10:31:07.788166Z","level":"info","event":"Current task name:print_interval","logger":"task.stdout"}
{"timestamp":"2026-05-05T10:31:07.789273Z","level":"info","event":"Dag name:print_interval_dag","logger":"task.stdout"}
{"timestamp":"2026-05-05T10:31:07.791721Z","level":"info","event":"Interval Start: 2025-05-29 12:00:00+00:00","logger":"task.stdout"}
{"timestamp":"2026-05-05T10:31:07.793360Z","level":"info","event":"Interval End:   2025-05-29 12:00:00+00:00","logger":"task.stdout"}
{"timestamp":"2026-05-05T10:31:07.792273Z","level":"info","event":"Done. Returned value was: None","logger":"airflow.task.operators.airflow.providers.standard.operators.python.PythonOperator","filename":"python.py","lineno":229}
{"timestamp":"2026-05-05T10:31:07.863365Z","level":"info","event":"Task instance in success state","logger":"task.stdout"}
{"timestamp":"2026-05-05T10:31:07.863954Z","level":"info","event":" Previous state of the Task instance: TaskInstanceState.RUNNING","logger":"task.stdout"}
{"timestamp":"2026-05-05T10:31:07.864744Z","level":"info","event":"Task operator:<Task(PythonOperator): print_interval>","logger":"task.stdout"}
{"timestamp":"2026-05-05T12:27:04.680359Z","level":"info","event":"DAG bundles loaded: dags-folder, example_dags","logger":"airflow.dag_processing.bundles.manager.DagBundlesManager","filename":"manager.py","lineno":209}
{"timestamp":"2026-05-05T12:27:04.683083Z","level":"info","event":"Filling up the DagBag from /opt/airflow/dags/print_interval_dag.py","logger":"airflow.dag_processing.dagbag.BundleDagBag","filename":"dagbag.py","lineno":469}
{"timestamp":"2026-05-05T12:27:04.771271Z","level":"info","event":"Task instance is in running state","logger":"task.stdout"}
{"timestamp":"2026-05-05T12:27:04.773066Z","level":"info","event":" Previous state of the Task instance: TaskInstanceState.QUEUED","logger":"task.stdout"}
{"timestamp":"2026-05-05T12:27:04.777442Z","level":"info","event":"Current task name:print_interval","logger":"task.stdout"}
{"timestamp":"2026-05-05T12:27:04.779660Z","level":"info","event":"Dag name:print_interval_dag","logger":"task.stdout"}
{"timestamp":"2026-05-05T12:27:04.781609Z","level":"info","event":"=== ALL AVAILABLE MACROS ===","logger":"task.stdout"}
{"timestamp":"2026-05-05T12:27:04.782723Z","level":"info","event":"dag: <DAG: print_interval_dag>","logger":"task.stdout"}
{"timestamp":"2026-05-05T12:27:04.784030Z","level":"info","event":"inlets: []","logger":"task.stdout"}
{"timestamp":"2026-05-05T12:27:04.785085Z","level":"info","event":"map_index_template: None","logger":"task.stdout"}
{"timestamp":"2026-05-05T12:27:04.786189Z","level":"info","event":"outlets: []","logger":"task.stdout"}
{"timestamp":"2026-05-05T12:27:04.787183Z","level":"info","event":"run_id: scheduled__2025-05-29T12:00:00+00:00","logger":"task.stdout"}
{"timestamp":"2026-05-05T12:27:04.788184Z","level":"info","event":"task: <Task(PythonOperator): print_interval>","logger":"task.stdout"}
{"timestamp":"2026-05-05T12:27:04.789674Z","level":"info","event":"task_instance: id=UUID('019df81b-2ad1-74cc-bdc7-625db909d151') task_id='print_interval' dag_id='print_interval_dag' run_id='scheduled__2025-05-29T12:00:00+00:00' try_number=1 dag_version_id=UUID('019df815-a045-750b-bac8-47ced7cc6a45') map_index=-1 hostname='86abe326db93' context_carrier={'traceparent': '00-de73841456b773b544ebd1b287f30dad-a6ce0aa299360f4d-01'} task=<Task(PythonOperator): print_interval> bundle_instance=LocalDagBundle(name=dags-folder) max_tries=0 start_date=datetime.datetime(2026, 5, 5, 12, 27, 3, 676155, tzinfo=datetime.timezone.utc) end_date=None state=<TaskInstanceState.RUNNING: 'running'> is_mapped=False rendered_map_index=None sentry_integration=''","logger":"task.stdout"}
{"timestamp":"2026-05-05T12:27:04.793377Z","level":"info","event":"ti: id=UUID('019df81b-2ad1-74cc-bdc7-625db909d151') task_id='print_interval' dag_id='print_interval_dag' run_id='scheduled__2025-05-29T12:00:00+00:00' try_number=1 dag_version_id=UUID('019df815-a045-750b-bac8-47ced7cc6a45') map_index=-1 hostname='86abe326db93' context_carrier={'traceparent': '00-de73841456b773b544ebd1b287f30dad-a6ce0aa299360f4d-01'} task=<Task(PythonOperator): print_interval> bundle_instance=LocalDagBundle(name=dags-folder) max_tries=0 start_date=datetime.datetime(2026, 5, 5, 12, 27, 3, 676155, tzinfo=datetime.timezone.utc) end_date=None state=<TaskInstanceState.RUNNING: 'running'> is_mapped=False rendered_map_index=None sentry_integration=''","logger":"task.stdout"}
{"timestamp":"2026-05-05T12:27:04.794409Z","level":"info","event":"outlet_events: OutletEventAccessors(_dict={})","logger":"task.stdout"}
{"timestamp":"2026-05-05T12:27:04.796401Z","level":"info","event":"inlet_events: InletEventsAccessors(_inlets=[], _assets={}, _asset_aliases={})","logger":"task.stdout"}
{"timestamp":"2026-05-05T12:27:04.798388Z","level":"info","event":"macros: <MacrosAccessor (dynamic access to macros)>","logger":"task.stdout"}
{"timestamp":"2026-05-05T12:27:04.800071Z","level":"info","event":"params: {}","logger":"task.stdout"}
{"timestamp":"2026-05-05T12:27:04.803302Z","level":"info","event":"var: {'json': <VariableAccessor (dynamic access)>, 'value': <VariableAccessor (dynamic access)>}","logger":"task.stdout"}
{"timestamp":"2026-05-05T12:27:04.804195Z","level":"info","event":"conn: <ConnectionAccessor (dynamic access)>","logger":"task.stdout"}
{"timestamp":"2026-05-05T12:27:04.805574Z","level":"info","event":"dag_run: dag_id='print_interval_dag' run_id='scheduled__2025-05-29T12:00:00+00:00' logical_date=datetime.datetime(2025, 5, 29, 12, 0, tzinfo=datetime.timezone.utc) data_interval_start=datetime.datetime(2025, 5, 29, 12, 0, tzinfo=datetime.timezone.utc) data_interval_end=datetime.datetime(2025, 5, 29, 12, 0, tzinfo=datetime.timezone.utc) run_after=datetime.datetime(2025, 5, 29, 12, 0, tzinfo=datetime.timezone.utc) start_date=datetime.datetime(2026, 5, 5, 12, 27, 3, 292481, tzinfo=datetime.timezone.utc) end_date=None clear_number=0 run_type=<DagRunType.SCHEDULED: 'scheduled'> state=<DagRunState.RUNNING: 'running'> conf={} triggering_user_name=None consumed_asset_events=[] partition_key=None note=None","logger":"task.stdout"}
{"timestamp":"2026-05-05T12:27:04.806396Z","level":"info","event":"triggering_asset_events: TriggeringAssetEventAccessor(_events=defaultdict(<class 'list'>, {}))","logger":"task.stdout"}
{"timestamp":"2026-05-05T12:27:04.807860Z","level":"info","event":"task_instance_key_str: print_interval_dag__print_interval__20250529","logger":"task.stdout"}
{"timestamp":"2026-05-05T12:27:04.808440Z","level":"info","event":"task_reschedule_count: 0","logger":"task.stdout"}
{"timestamp":"2026-05-05T12:27:04.840161Z","level":"info","event":"prev_start_date_success: 2026-05-05 12:27:02.225734+00:00","logger":"task.stdout"}
{"timestamp":"2026-05-05T12:27:04.840662Z","level":"info","event":"prev_end_date_success: 2026-05-05 12:27:04.397221+00:00","logger":"task.stdout"}
{"timestamp":"2026-05-05T12:27:04.841394Z","level":"info","event":"logical_date: 2025-05-29 12:00:00+00:00","logger":"task.stdout"}
{"timestamp":"2026-05-05T12:27:04.843892Z","level":"info","event":"ds: 2025-05-29","logger":"task.stdout"}
{"timestamp":"2026-05-05T12:27:04.844701Z","level":"info","event":"ds_nodash: 20250529","logger":"task.stdout"}
{"timestamp":"2026-05-05T12:27:04.845166Z","level":"info","event":"ts: 2025-05-29T12:00:00+00:00","logger":"task.stdout"}
{"timestamp":"2026-05-05T12:27:04.845696Z","level":"info","event":"ts_nodash: 20250529T120000","logger":"task.stdout"}
{"timestamp":"2026-05-05T12:27:04.846300Z","level":"info","event":"ts_nodash_with_tz: 20250529T120000+0000","logger":"task.stdout"}
{"timestamp":"2026-05-05T12:27:04.846859Z","level":"info","event":"data_interval_end: 2025-05-29 12:00:00+00:00","logger":"task.stdout"}
{"timestamp":"2026-05-05T12:27:04.847279Z","level":"info","event":"data_interval_start: 2025-05-29 12:00:00+00:00","logger":"task.stdout"}
{"timestamp":"2026-05-05T12:27:04.847758Z","level":"info","event":"prev_data_interval_start_success: 2025-05-29 06:00:00+00:00","logger":"task.stdout"}
{"timestamp":"2026-05-05T12:27:04.848375Z","level":"info","event":"prev_data_interval_end_success: 2025-05-29 06:00:00+00:00","logger":"task.stdout"}
{"timestamp":"2026-05-05T12:27:04.848814Z","level":"info","event":"templates_dict: None","logger":"task.stdout"}
{"timestamp":"2026-05-05T12:27:04.839328Z","level":"info","event":"Done. Returned value was: None","logger":"airflow.task.operators.airflow.providers.standard.operators.python.PythonOperator","filename":"python.py","lineno":229}
{"timestamp":"2026-05-05T12:27:05.004077Z","level":"info","event":"Task instance in success state","logger":"task.stdout"}
{"timestamp":"2026-05-05T12:27:05.005544Z","level":"info","event":" Previous state of the Task instance: TaskInstanceState.RUNNING","logger":"task.stdout"}
{"timestamp":"2026-05-05T12:27:05.010298Z","level":"info","event":"Task operator:<Task(PythonOperator): print_interval>","logger":"task.stdout"}
