{"timestamp":"2026-05-08T17:37:29.499701Z","level":"info","event":"DAG bundles loaded: dags-folder, example_dags","logger":"airflow.dag_processing.bundles.manager.DagBundlesManager","filename":"manager.py","lineno":209}
{"timestamp":"2026-05-08T17:37:29.503055Z","level":"info","event":"Filling up the DagBag from /opt/airflow/dags/csv_upsert_pipeline.py","logger":"airflow.dag_processing.dagbag.BundleDagBag","filename":"dagbag.py","lineno":469}
{"timestamp":"2026-05-08T17:37:29.515520Z","level":"warning","event":"airflow.exceptions.AirflowSkipException is deprecated and will be removed in a future version. Use airflow.sdk.exceptions.AirflowSkipException instead.","category":"UserWarning","filename":"/opt/airflow/dags/csv_upsert_pipeline.py","lineno":7,"logger":"py.warnings"}
{"timestamp":"2026-05-08T17:37:29.565050Z","level":"info","event":"Task instance is in running state","logger":"task.stdout"}
{"timestamp":"2026-05-08T17:37:29.565852Z","level":"info","event":" Previous state of the Task instance: TaskInstanceState.QUEUED","logger":"task.stdout"}
{"timestamp":"2026-05-08T17:37:29.568184Z","level":"info","event":"Current task name:process_partition","logger":"task.stdout"}
{"timestamp":"2026-05-08T17:37:29.569254Z","level":"info","event":"Dag name:csv_upsert_pipeline","logger":"task.stdout"}
{"timestamp":"2026-05-08T17:37:29.569991Z","level":"info","event":"[INFO] data_interval_start : 2026-05-01 07:00:00+00:00","logger":"task.stdout"}
{"timestamp":"2026-05-08T17:37:29.570463Z","level":"info","event":"[INFO] data_interval_end   : 2026-05-01 07:00:00+00:00","logger":"task.stdout"}
{"timestamp":"2026-05-08T17:37:29.571321Z","level":"info","event":"[INFO] Processing partition: /data/time_stamp=2026-05-01-07","logger":"task.stdout"}
{"timestamp":"2026-05-08T17:37:29.572552Z","level":"info","event":"[INFO] Sorted files: ['data_1.csv', 'data_2.csv', 'data_3.csv', 'data_4.csv']","logger":"task.stdout"}
{"timestamp":"2026-05-08T17:37:29.574173Z","level":"info","event":"[INFO] Read data_1.csv  (index=1)","logger":"task.stdout"}
{"timestamp":"2026-05-08T17:37:29.575427Z","level":"info","event":"[INFO] Read data_2.csv  (index=2)","logger":"task.stdout"}
{"timestamp":"2026-05-08T17:37:29.578095Z","level":"info","event":"[INFO] Read data_3.csv  (index=3)","logger":"task.stdout"}
{"timestamp":"2026-05-08T17:37:29.581202Z","level":"info","event":"[INFO] Read data_4.csv  (index=4)","logger":"task.stdout"}
{"timestamp":"2026-05-08T17:37:29.581817Z","level":"info","event":"[INFO] Resolved 16 unique IDs for this run:","logger":"task.stdout"}
{"timestamp":"2026-05-08T17:37:29.582151Z","level":"info","event":"       id=1 → {'id': '1', 'name': 'Hank', 'age': '50', 'department': 'Marketing', 'salary': '54993.6', 'working_hours': '27.9'}","logger":"task.stdout"}
{"timestamp":"2026-05-08T17:37:29.582531Z","level":"info","event":"       id=2 → {'id': '2', 'name': 'Frank', 'age': '55', 'department': 'Engineering', 'salary': '63405.84', 'working_hours': '52.1'}","logger":"task.stdout"}
{"timestamp":"2026-05-08T17:37:29.583748Z","level":"info","event":"       id=3 → {'id': '3', 'name': 'Frank', 'age': '25', 'department': 'Sales', 'salary': '83371.38', 'working_hours': '54.3'}","logger":"task.stdout"}
{"timestamp":"2026-05-08T17:37:29.584615Z","level":"info","event":"       id=4 → {'id': '4', 'name': 'Grace', 'age': '35', 'department': 'Marketing', 'salary': '112832.96', 'working_hours': '51.8'}","logger":"task.stdout"}
{"timestamp":"2026-05-08T17:37:29.585163Z","level":"info","event":"       id=5 → {'id': '5', 'name': 'Jack', 'age': '33', 'department': 'Sales', 'salary': '89782.71', 'working_hours': '24.1'}","logger":"task.stdout"}
{"timestamp":"2026-05-08T17:37:29.586289Z","level":"info","event":"       id=6 → {'id': '6', 'name': 'Eve', 'age': '45', 'department': 'Sales', 'salary': '62996.41', 'working_hours': '20.9'}","logger":"task.stdout"}
{"timestamp":"2026-05-08T17:37:29.587389Z","level":"info","event":"       id=7 → {'id': '7', 'name': 'Frank', 'age': '51', 'department': 'Operations', 'salary': '84617.54', 'working_hours': '35.2'}","logger":"task.stdout"}
{"timestamp":"2026-05-08T17:37:29.588149Z","level":"info","event":"       id=8 → {'id': '8', 'name': 'Jack', 'age': '35', 'department': 'Sales', 'salary': '116028.45', 'working_hours': '30.0'}","logger":"task.stdout"}
{"timestamp":"2026-05-08T17:37:29.588696Z","level":"info","event":"       id=9 → {'id': '9', 'name': 'Alice', 'age': '51', 'department': 'Engineering', 'salary': '102878.07', 'working_hours': '22.2'}","logger":"task.stdout"}
{"timestamp":"2026-05-08T17:37:29.589099Z","level":"info","event":"       id=10 → {'id': '10', 'name': 'Hank', 'age': '53', 'department': 'Sales', 'salary': '104958.18', 'working_hours': '50.3'}","logger":"task.stdout"}
{"timestamp":"2026-05-08T17:37:29.589448Z","level":"info","event":"       id=11 → {'id': '11', 'name': 'Frank', 'age': '37', 'department': 'Finance', 'salary': '79024.95', 'working_hours': '55.7'}","logger":"task.stdout"}
{"timestamp":"2026-05-08T17:37:29.589817Z","level":"info","event":"       id=12 → {'id': '12', 'name': 'Bob', 'age': '55', 'department': 'Marketing', 'salary': '65208.23', 'working_hours': '32.7'}","logger":"task.stdout"}
{"timestamp":"2026-05-08T17:37:29.590186Z","level":"info","event":"       id=13 → {'id': '13', 'name': 'Eve', 'age': '43', 'department': 'Operations', 'salary': '36407.53', 'working_hours': '40.5'}","logger":"task.stdout"}
{"timestamp":"2026-05-08T17:37:29.590568Z","level":"info","event":"       id=14 → {'id': '14', 'name': 'Diana', 'age': '54', 'department': 'Engineering', 'salary': '112126.41', 'working_hours': '59.3'}","logger":"task.stdout"}
{"timestamp":"2026-05-08T17:37:29.591113Z","level":"info","event":"       id=15 → {'id': '15', 'name': 'Eve', 'age': '50', 'department': 'Sales', 'salary': '40222.8', 'working_hours': '55.1'}","logger":"task.stdout"}
{"timestamp":"2026-05-08T17:37:29.591451Z","level":"info","event":"       id=16 → {'id': '16', 'name': 'Diana', 'age': '26', 'department': 'Marketing', 'salary': '79111.37', 'working_hours': '54.7'}","logger":"task.stdout"}
{"timestamp":"2026-05-08T17:37:29.592074Z","level":"info","event":"[INFO] result.csv mil gayi — upsert karte hain.","logger":"task.stdout"}
{"timestamp":"2026-05-08T17:37:29.592449Z","level":"info","event":"[INFO] Existing result.csv mein 20 rows hain.","logger":"task.stdout"}
{"timestamp":"2026-05-08T17:37:29.592811Z","level":"info","event":"       UPDATE  id=1","logger":"task.stdout"}
{"timestamp":"2026-05-08T17:37:29.593171Z","level":"info","event":"       UPDATE  id=2","logger":"task.stdout"}
{"timestamp":"2026-05-08T17:37:29.593566Z","level":"info","event":"       UPDATE  id=3","logger":"task.stdout"}
{"timestamp":"2026-05-08T17:37:29.594073Z","level":"info","event":"       UPDATE  id=4","logger":"task.stdout"}
{"timestamp":"2026-05-08T17:37:29.594434Z","level":"info","event":"       UPDATE  id=5","logger":"task.stdout"}
{"timestamp":"2026-05-08T17:37:29.596203Z","level":"info","event":"       UPDATE  id=6","logger":"task.stdout"}
{"timestamp":"2026-05-08T17:37:29.597092Z","level":"info","event":"       UPDATE  id=7","logger":"task.stdout"}
{"timestamp":"2026-05-08T17:37:29.597632Z","level":"info","event":"       UPDATE  id=8","logger":"task.stdout"}
{"timestamp":"2026-05-08T17:37:29.598128Z","level":"info","event":"       UPDATE  id=9","logger":"task.stdout"}
{"timestamp":"2026-05-08T17:37:29.598730Z","level":"info","event":"       UPDATE  id=10","logger":"task.stdout"}
{"timestamp":"2026-05-08T17:37:29.599267Z","level":"info","event":"       UPDATE  id=11","logger":"task.stdout"}
{"timestamp":"2026-05-08T17:37:29.599787Z","level":"info","event":"       UPDATE  id=12","logger":"task.stdout"}
{"timestamp":"2026-05-08T17:37:29.600877Z","level":"info","event":"       UPDATE  id=13","logger":"task.stdout"}
{"timestamp":"2026-05-08T17:37:29.601560Z","level":"info","event":"       UPDATE  id=14","logger":"task.stdout"}
{"timestamp":"2026-05-08T17:37:29.602226Z","level":"info","event":"       UPDATE  id=15","logger":"task.stdout"}
{"timestamp":"2026-05-08T17:37:29.602719Z","level":"info","event":"       UPDATE  id=16","logger":"task.stdout"}
{"timestamp":"2026-05-08T17:37:29.603518Z","level":"info","event":"[INFO] result.csv updated — total 20 rows.","logger":"task.stdout"}
{"timestamp":"2026-05-08T17:37:29.586807Z","level":"info","event":"Done. Returned value was: None","logger":"airflow.task.operators.airflow.providers.standard.operators.python.PythonOperator","filename":"python.py","lineno":229}
{"timestamp":"2026-05-08T17:37:29.650502Z","level":"info","event":"Task instance in success state","logger":"task.stdout"}
{"timestamp":"2026-05-08T17:37:29.652086Z","level":"info","event":" Previous state of the Task instance: TaskInstanceState.RUNNING","logger":"task.stdout"}
{"timestamp":"2026-05-08T17:37:29.652885Z","level":"info","event":"Task operator:<Task(PythonOperator): process_partition>","logger":"task.stdout"}
{"timestamp":"2026-05-11T16:46:29.582585Z","level":"info","event":"DAG bundles loaded: dags-folder, example_dags","logger":"airflow.dag_processing.bundles.manager.DagBundlesManager","filename":"manager.py","lineno":209}
{"timestamp":"2026-05-11T16:46:29.588607Z","level":"info","event":"Filling up the DagBag from /opt/airflow/dags/__pycache__/csv_upsert_pipeline.py","logger":"airflow.dag_processing.dagbag.BundleDagBag","filename":"dagbag.py","lineno":469}
{"timestamp":"2026-05-11T16:46:29.697499Z","level":"warning","event":"airflow.exceptions.AirflowSkipException is deprecated and will be removed in a future version. Use airflow.sdk.exceptions.AirflowSkipException instead.","category":"UserWarning","filename":"/opt/airflow/dags/__pycache__/csv_upsert_pipeline.py","lineno":7,"logger":"py.warnings"}
{"timestamp":"2026-05-11T16:46:30.300187Z","level":"info","event":"Task instance is in running state","logger":"task.stdout"}
{"timestamp":"2026-05-11T16:46:30.300667Z","level":"info","event":" Previous state of the Task instance: TaskInstanceState.QUEUED","logger":"task.stdout"}
{"timestamp":"2026-05-11T16:46:30.303741Z","level":"info","event":"Current task name:process_partition","logger":"task.stdout"}
{"timestamp":"2026-05-11T16:46:30.304399Z","level":"info","event":"Dag name:csv_upsert_pipeline","logger":"task.stdout"}
{"timestamp":"2026-05-11T16:46:30.306191Z","level":"info","event":"[INFO] data_interval_start : 2026-05-01 07:00:00+00:00","logger":"task.stdout"}
{"timestamp":"2026-05-11T16:46:30.306984Z","level":"info","event":"[INFO] data_interval_end   : 2026-05-01 07:00:00+00:00","logger":"task.stdout"}
{"timestamp":"2026-05-11T16:46:30.307635Z","level":"info","event":"[INFO] Processing partition: /data/time_stamp=2026-05-01-07","logger":"task.stdout"}
{"timestamp":"2026-05-11T16:46:30.308434Z","level":"info","event":"[INFO] Sorted files: ['data_1.csv', 'data_2.csv', 'data_3.csv', 'data_4.csv']","logger":"task.stdout"}
{"timestamp":"2026-05-11T16:46:30.310474Z","level":"info","event":"[INFO] Read data_1.csv  (index=1)","logger":"task.stdout"}
{"timestamp":"2026-05-11T16:46:30.312686Z","level":"info","event":"[INFO] Read data_2.csv  (index=2)","logger":"task.stdout"}
{"timestamp":"2026-05-11T16:46:30.314434Z","level":"info","event":"[INFO] Read data_3.csv  (index=3)","logger":"task.stdout"}
{"timestamp":"2026-05-11T16:46:30.316191Z","level":"info","event":"[INFO] Read data_4.csv  (index=4)","logger":"task.stdout"}
{"timestamp":"2026-05-11T16:46:30.316887Z","level":"info","event":"[INFO] Resolved 16 unique IDs for this run:","logger":"task.stdout"}
{"timestamp":"2026-05-11T16:46:30.317424Z","level":"info","event":"       id=1 → {'id': '1', 'name': 'Hank', 'age': '50', 'department': 'Marketing', 'salary': '54993.6', 'working_hours': '27.9'}","logger":"task.stdout"}
{"timestamp":"2026-05-11T16:46:30.318129Z","level":"info","event":"       id=2 → {'id': '2', 'name': 'Frank', 'age': '55', 'department': 'Engineering', 'salary': '63405.84', 'working_hours': '52.1'}","logger":"task.stdout"}
{"timestamp":"2026-05-11T16:46:30.319122Z","level":"info","event":"       id=3 → {'id': '3', 'name': 'Frank', 'age': '25', 'department': 'Sales', 'salary': '83371.38', 'working_hours': '54.3'}","logger":"task.stdout"}
{"timestamp":"2026-05-11T16:46:30.319778Z","level":"info","event":"       id=4 → {'id': '4', 'name': 'Grace', 'age': '35', 'department': 'Marketing', 'salary': '112832.96', 'working_hours': '51.8'}","logger":"task.stdout"}
{"timestamp":"2026-05-11T16:46:30.320818Z","level":"info","event":"       id=5 → {'id': '5', 'name': 'Jack', 'age': '33', 'department': 'Sales', 'salary': '89782.71', 'working_hours': '24.1'}","logger":"task.stdout"}
{"timestamp":"2026-05-11T16:46:30.321506Z","level":"info","event":"       id=6 → {'id': '6', 'name': 'Eve', 'age': '45', 'department': 'Sales', 'salary': '62996.41', 'working_hours': '20.9'}","logger":"task.stdout"}
{"timestamp":"2026-05-11T16:46:30.322130Z","level":"info","event":"       id=7 → {'id': '7', 'name': 'Frank', 'age': '51', 'department': 'Operations', 'salary': '84617.54', 'working_hours': '35.2'}","logger":"task.stdout"}
{"timestamp":"2026-05-11T16:46:30.322735Z","level":"info","event":"       id=8 → {'id': '8', 'name': 'Jack', 'age': '35', 'department': 'Sales', 'salary': '116028.45', 'working_hours': '30.0'}","logger":"task.stdout"}
{"timestamp":"2026-05-11T16:46:30.323375Z","level":"info","event":"       id=9 → {'id': '9', 'name': 'Alice', 'age': '51', 'department': 'Engineering', 'salary': '102878.07', 'working_hours': '22.2'}","logger":"task.stdout"}
{"timestamp":"2026-05-11T16:46:30.323872Z","level":"info","event":"       id=10 → {'id': '10', 'name': 'Hank', 'age': '53', 'department': 'Sales', 'salary': '104958.18', 'working_hours': '50.3'}","logger":"task.stdout"}
{"timestamp":"2026-05-11T16:46:30.324382Z","level":"info","event":"       id=11 → {'id': '11', 'name': 'Frank', 'age': '37', 'department': 'Finance', 'salary': '79024.95', 'working_hours': '55.7'}","logger":"task.stdout"}
{"timestamp":"2026-05-11T16:46:30.325123Z","level":"info","event":"       id=12 → {'id': '12', 'name': 'Bob', 'age': '55', 'department': 'Marketing', 'salary': '65208.23', 'working_hours': '32.7'}","logger":"task.stdout"}
{"timestamp":"2026-05-11T16:46:30.325996Z","level":"info","event":"       id=13 → {'id': '13', 'name': 'Eve', 'age': '43', 'department': 'Operations', 'salary': '36407.53', 'working_hours': '40.5'}","logger":"task.stdout"}
{"timestamp":"2026-05-11T16:46:30.326707Z","level":"info","event":"       id=14 → {'id': '14', 'name': 'Diana', 'age': '54', 'department': 'Engineering', 'salary': '112126.41', 'working_hours': '59.3'}","logger":"task.stdout"}
{"timestamp":"2026-05-11T16:46:30.327573Z","level":"info","event":"       id=15 → {'id': '15', 'name': 'Eve', 'age': '50', 'department': 'Sales', 'salary': '40222.8', 'working_hours': '55.1'}","logger":"task.stdout"}
{"timestamp":"2026-05-11T16:46:30.328022Z","level":"info","event":"       id=16 → {'id': '16', 'name': 'Diana', 'age': '26', 'department': 'Marketing', 'salary': '79111.37', 'working_hours': '54.7'}","logger":"task.stdout"}
{"timestamp":"2026-05-11T16:46:30.328602Z","level":"info","event":"[INFO] result.csv found — upsert.","logger":"task.stdout"}
{"timestamp":"2026-05-11T16:46:30.329217Z","level":"info","event":"[INFO] In existing result.csv 20 rows.","logger":"task.stdout"}
{"timestamp":"2026-05-11T16:46:30.330103Z","level":"info","event":"       UPDATE  id=1","logger":"task.stdout"}
{"timestamp":"2026-05-11T16:46:30.330567Z","level":"info","event":"       UPDATE  id=2","logger":"task.stdout"}
{"timestamp":"2026-05-11T16:46:30.331558Z","level":"info","event":"       UPDATE  id=3","logger":"task.stdout"}
{"timestamp":"2026-05-11T16:46:30.332270Z","level":"info","event":"       UPDATE  id=4","logger":"task.stdout"}
{"timestamp":"2026-05-11T16:46:30.332774Z","level":"info","event":"       UPDATE  id=5","logger":"task.stdout"}
{"timestamp":"2026-05-11T16:46:30.333431Z","level":"info","event":"       UPDATE  id=6","logger":"task.stdout"}
{"timestamp":"2026-05-11T16:46:30.333890Z","level":"info","event":"       UPDATE  id=7","logger":"task.stdout"}
{"timestamp":"2026-05-11T16:46:30.334551Z","level":"info","event":"       UPDATE  id=8","logger":"task.stdout"}
{"timestamp":"2026-05-11T16:46:30.335097Z","level":"info","event":"       UPDATE  id=9","logger":"task.stdout"}
{"timestamp":"2026-05-11T16:46:30.335954Z","level":"info","event":"       UPDATE  id=10","logger":"task.stdout"}
{"timestamp":"2026-05-11T16:46:30.336878Z","level":"info","event":"       UPDATE  id=11","logger":"task.stdout"}
{"timestamp":"2026-05-11T16:46:30.337410Z","level":"info","event":"       UPDATE  id=12","logger":"task.stdout"}
{"timestamp":"2026-05-11T16:46:30.338254Z","level":"info","event":"       UPDATE  id=13","logger":"task.stdout"}
{"timestamp":"2026-05-11T16:46:30.339051Z","level":"info","event":"       UPDATE  id=14","logger":"task.stdout"}
{"timestamp":"2026-05-11T16:46:30.339459Z","level":"info","event":"       UPDATE  id=15","logger":"task.stdout"}
{"timestamp":"2026-05-11T16:46:30.340184Z","level":"info","event":"       UPDATE  id=16","logger":"task.stdout"}
{"timestamp":"2026-05-11T16:46:30.341199Z","level":"info","event":"[INFO] result.csv updated — total 20 rows.","logger":"task.stdout"}
{"timestamp":"2026-05-11T16:46:30.320782Z","level":"info","event":"Done. Returned value was: None","logger":"airflow.task.operators.airflow.providers.standard.operators.python.PythonOperator","filename":"python.py","lineno":229}
{"timestamp":"2026-05-11T16:46:31.042821Z","level":"info","event":"Task instance in success state","logger":"task.stdout"}
{"timestamp":"2026-05-11T16:46:31.045468Z","level":"info","event":" Previous state of the Task instance: TaskInstanceState.RUNNING","logger":"task.stdout"}
{"timestamp":"2026-05-11T16:46:31.047756Z","level":"info","event":"Task operator:<Task(PythonOperator): process_partition>","logger":"task.stdout"}
{"timestamp":"2026-05-11T17:17:09.813813Z","level":"info","event":"DAG bundles loaded: dags-folder, example_dags","logger":"airflow.dag_processing.bundles.manager.DagBundlesManager","filename":"manager.py","lineno":209}
{"timestamp":"2026-05-11T17:17:09.815446Z","level":"info","event":"Filling up the DagBag from /opt/airflow/dags/__pycache__/csv_upsert_pipeline.py","logger":"airflow.dag_processing.dagbag.BundleDagBag","filename":"dagbag.py","lineno":469}
{"timestamp":"2026-05-11T17:17:09.826157Z","level":"warning","event":"airflow.exceptions.AirflowSkipException is deprecated and will be removed in a future version. Use airflow.sdk.exceptions.AirflowSkipException instead.","category":"UserWarning","filename":"/opt/airflow/dags/__pycache__/csv_upsert_pipeline.py","lineno":7,"logger":"py.warnings"}
{"timestamp":"2026-05-11T17:17:10.025003Z","level":"info","event":"Task instance is in running state","logger":"task.stdout"}
{"timestamp":"2026-05-11T17:17:10.029842Z","level":"info","event":" Previous state of the Task instance: TaskInstanceState.QUEUED","logger":"task.stdout"}
{"timestamp":"2026-05-11T17:17:10.030774Z","level":"info","event":"Current task name:process_partition","logger":"task.stdout"}
{"timestamp":"2026-05-11T17:17:10.031622Z","level":"info","event":"Dag name:csv_upsert_pipeline","logger":"task.stdout"}
{"timestamp":"2026-05-11T17:17:10.032914Z","level":"info","event":"[INFO] data_interval_start : 2026-05-01 07:00:00+00:00","logger":"task.stdout"}
{"timestamp":"2026-05-11T17:17:10.034651Z","level":"info","event":"[INFO] data_interval_end   : 2026-05-01 07:00:00+00:00","logger":"task.stdout"}
{"timestamp":"2026-05-11T17:17:10.035837Z","level":"info","event":"[INFO] Processing partition: /data/time_stamp=2026-05-01-07","logger":"task.stdout"}
{"timestamp":"2026-05-11T17:17:10.037813Z","level":"info","event":"[INFO] Sorted files: ['data_1.csv', 'data_2.csv', 'data_3.csv', 'data_4.csv']","logger":"task.stdout"}
{"timestamp":"2026-05-11T17:17:10.040734Z","level":"info","event":"[INFO] Read data_1.csv  (index=1)","logger":"task.stdout"}
{"timestamp":"2026-05-11T17:17:10.043722Z","level":"info","event":"[INFO] Read data_2.csv  (index=2)","logger":"task.stdout"}
{"timestamp":"2026-05-11T17:17:10.046479Z","level":"info","event":"[INFO] Read data_3.csv  (index=3)","logger":"task.stdout"}
{"timestamp":"2026-05-11T17:17:10.051464Z","level":"info","event":"[INFO] Read data_4.csv  (index=4)","logger":"task.stdout"}
{"timestamp":"2026-05-11T17:17:10.052883Z","level":"info","event":"[INFO] Resolved 16 unique IDs for this run:","logger":"task.stdout"}
{"timestamp":"2026-05-11T17:17:10.053957Z","level":"info","event":"       id=1 → {'id': '1', 'name': 'Hank', 'age': '50', 'department': 'Marketing', 'salary': '54993.6', 'working_hours': '27.9'}","logger":"task.stdout"}
{"timestamp":"2026-05-11T17:17:10.055635Z","level":"info","event":"       id=2 → {'id': '2', 'name': 'Frank', 'age': '55', 'department': 'Engineering', 'salary': '63405.84', 'working_hours': '52.1'}","logger":"task.stdout"}
{"timestamp":"2026-05-11T17:17:10.056864Z","level":"info","event":"       id=3 → {'id': '3', 'name': 'Frank', 'age': '25', 'department': 'Sales', 'salary': '83371.38', 'working_hours': '54.3'}","logger":"task.stdout"}
{"timestamp":"2026-05-11T17:17:10.057706Z","level":"info","event":"       id=4 → {'id': '4', 'name': 'Grace', 'age': '35', 'department': 'Marketing', 'salary': '112832.96', 'working_hours': '51.8'}","logger":"task.stdout"}
{"timestamp":"2026-05-11T17:17:10.060558Z","level":"info","event":"       id=5 → {'id': '5', 'name': 'Jack', 'age': '33', 'department': 'Sales', 'salary': '89782.71', 'working_hours': '24.1'}","logger":"task.stdout"}
{"timestamp":"2026-05-11T17:17:10.061887Z","level":"info","event":"       id=6 → {'id': '6', 'name': 'Eve', 'age': '45', 'department': 'Sales', 'salary': '62996.41', 'working_hours': '20.9'}","logger":"task.stdout"}
{"timestamp":"2026-05-11T17:17:10.063888Z","level":"info","event":"       id=7 → {'id': '7', 'name': 'Frank', 'age': '51', 'department': 'Operations', 'salary': '84617.54', 'working_hours': '35.2'}","logger":"task.stdout"}
{"timestamp":"2026-05-11T17:17:10.065637Z","level":"info","event":"       id=8 → {'id': '8', 'name': 'Jack', 'age': '35', 'department': 'Sales', 'salary': '116028.45', 'working_hours': '30.0'}","logger":"task.stdout"}
{"timestamp":"2026-05-11T17:17:10.069198Z","level":"info","event":"       id=9 → {'id': '9', 'name': 'Alice', 'age': '51', 'department': 'Engineering', 'salary': '102878.07', 'working_hours': '22.2'}","logger":"task.stdout"}
{"timestamp":"2026-05-11T17:17:10.070030Z","level":"info","event":"       id=10 → {'id': '10', 'name': 'Hank', 'age': '53', 'department': 'Sales', 'salary': '104958.18', 'working_hours': '50.3'}","logger":"task.stdout"}
{"timestamp":"2026-05-11T17:17:10.072874Z","level":"info","event":"       id=11 → {'id': '11', 'name': 'Frank', 'age': '37', 'department': 'Finance', 'salary': '79024.95', 'working_hours': '55.7'}","logger":"task.stdout"}
{"timestamp":"2026-05-11T17:17:10.074236Z","level":"info","event":"       id=12 → {'id': '12', 'name': 'Bob', 'age': '55', 'department': 'Marketing', 'salary': '65208.23', 'working_hours': '32.7'}","logger":"task.stdout"}
{"timestamp":"2026-05-11T17:17:10.075461Z","level":"info","event":"       id=13 → {'id': '13', 'name': 'Eve', 'age': '43', 'department': 'Operations', 'salary': '36407.53', 'working_hours': '40.5'}","logger":"task.stdout"}
{"timestamp":"2026-05-11T17:17:10.076577Z","level":"info","event":"       id=14 → {'id': '14', 'name': 'Diana', 'age': '54', 'department': 'Engineering', 'salary': '112126.41', 'working_hours': '59.3'}","logger":"task.stdout"}
{"timestamp":"2026-05-11T17:17:10.081151Z","level":"info","event":"       id=15 → {'id': '15', 'name': 'Eve', 'age': '50', 'department': 'Sales', 'salary': '40222.8', 'working_hours': '55.1'}","logger":"task.stdout"}
{"timestamp":"2026-05-11T17:17:10.087345Z","level":"info","event":"       id=16 → {'id': '16', 'name': 'Diana', 'age': '26', 'department': 'Marketing', 'salary': '79111.37', 'working_hours': '54.7'}","logger":"task.stdout"}
{"timestamp":"2026-05-11T17:17:10.089857Z","level":"info","event":"[INFO] result.csv found — upsert.","logger":"task.stdout"}
{"timestamp":"2026-05-11T17:17:10.090873Z","level":"info","event":"[INFO] In existing result.csv 20 rows.","logger":"task.stdout"}
{"timestamp":"2026-05-11T17:17:10.091707Z","level":"info","event":"       UPDATE  id=1","logger":"task.stdout"}
{"timestamp":"2026-05-11T17:17:10.095176Z","level":"info","event":"       UPDATE  id=2","logger":"task.stdout"}
{"timestamp":"2026-05-11T17:17:10.102512Z","level":"info","event":"       UPDATE  id=3","logger":"task.stdout"}
{"timestamp":"2026-05-11T17:17:10.106802Z","level":"info","event":"       UPDATE  id=4","logger":"task.stdout"}
{"timestamp":"2026-05-11T17:17:10.111731Z","level":"info","event":"       UPDATE  id=5","logger":"task.stdout"}
{"timestamp":"2026-05-11T17:17:10.120340Z","level":"info","event":"       UPDATE  id=6","logger":"task.stdout"}
{"timestamp":"2026-05-11T17:17:10.121117Z","level":"info","event":"       UPDATE  id=7","logger":"task.stdout"}
{"timestamp":"2026-05-11T17:17:10.126702Z","level":"info","event":"       UPDATE  id=8","logger":"task.stdout"}
{"timestamp":"2026-05-11T17:17:10.128096Z","level":"info","event":"       UPDATE  id=9","logger":"task.stdout"}
{"timestamp":"2026-05-11T17:17:10.130320Z","level":"info","event":"       UPDATE  id=10","logger":"task.stdout"}
{"timestamp":"2026-05-11T17:17:10.135864Z","level":"info","event":"       UPDATE  id=11","logger":"task.stdout"}
{"timestamp":"2026-05-11T17:17:10.136504Z","level":"info","event":"       UPDATE  id=12","logger":"task.stdout"}
{"timestamp":"2026-05-11T17:17:10.140406Z","level":"info","event":"       UPDATE  id=13","logger":"task.stdout"}
{"timestamp":"2026-05-11T17:17:10.141704Z","level":"info","event":"       UPDATE  id=14","logger":"task.stdout"}
{"timestamp":"2026-05-11T17:17:10.142157Z","level":"info","event":"       UPDATE  id=15","logger":"task.stdout"}
{"timestamp":"2026-05-11T17:17:10.142771Z","level":"info","event":"       UPDATE  id=16","logger":"task.stdout"}
{"timestamp":"2026-05-11T17:17:10.143173Z","level":"info","event":"[INFO] result.csv updated — total 20 rows.","logger":"task.stdout"}
{"timestamp":"2026-05-11T17:17:10.062864Z","level":"info","event":"Done. Returned value was: None","logger":"airflow.task.operators.airflow.providers.standard.operators.python.PythonOperator","filename":"python.py","lineno":229}
{"timestamp":"2026-05-11T17:17:10.226698Z","level":"info","event":"Task instance in success state","logger":"task.stdout"}
{"timestamp":"2026-05-11T17:17:10.229839Z","level":"info","event":" Previous state of the Task instance: TaskInstanceState.RUNNING","logger":"task.stdout"}
{"timestamp":"2026-05-11T17:17:10.231685Z","level":"info","event":"Task operator:<Task(PythonOperator): process_partition>","logger":"task.stdout"}
