{"timestamp":"2026-05-05T10:31:06.761343Z","level":"info","event":"DAG bundles loaded: dags-folder, example_dags","logger":"airflow.dag_processing.bundles.manager.DagBundlesManager","filename":"manager.py","lineno":209}
{"timestamp":"2026-05-05T10:31:06.764766Z","level":"info","event":"Filling up the DagBag from /opt/airflow/dags/print_interval_dag.py","logger":"airflow.dag_processing.dagbag.BundleDagBag","filename":"dagbag.py","lineno":469}
{"timestamp":"2026-05-05T10:31:06.778960Z","level":"warning","event":"The `airflow.operators.python.PythonOperator` attribute is deprecated. Please use `'airflow.providers.standard.operators.python.PythonOperator'`.","category":"UserWarning","filename":"/opt/airflow/dags/print_interval_dag.py","lineno":2,"logger":"py.warnings"}
{"timestamp":"2026-05-05T10:31:06.877580Z","level":"info","event":"Task instance is in running state","logger":"task.stdout"}
{"timestamp":"2026-05-05T10:31:06.880177Z","level":"info","event":" Previous state of the Task instance: TaskInstanceState.QUEUED","logger":"task.stdout"}
{"timestamp":"2026-05-05T10:31:06.880906Z","level":"info","event":"Current task name:print_interval","logger":"task.stdout"}
{"timestamp":"2026-05-05T10:31:06.881545Z","level":"info","event":"Dag name:print_interval_dag","logger":"task.stdout"}
{"timestamp":"2026-05-05T10:31:06.882181Z","level":"info","event":"Interval Start: 2025-05-29 06:00:00+00:00","logger":"task.stdout"}
{"timestamp":"2026-05-05T10:31:06.882814Z","level":"info","event":"Interval End:   2025-05-29 06:00:00+00:00","logger":"task.stdout"}
{"timestamp":"2026-05-05T10:31:06.881434Z","level":"info","event":"Done. Returned value was: None","logger":"airflow.task.operators.airflow.providers.standard.operators.python.PythonOperator","filename":"python.py","lineno":229}
{"timestamp":"2026-05-05T10:31:06.981994Z","level":"info","event":"Task instance in success state","logger":"task.stdout"}
{"timestamp":"2026-05-05T10:31:06.982615Z","level":"info","event":" Previous state of the Task instance: TaskInstanceState.RUNNING","logger":"task.stdout"}
{"timestamp":"2026-05-05T10:31:06.983240Z","level":"info","event":"Task operator:<Task(PythonOperator): print_interval>","logger":"task.stdout"}
{"timestamp":"2026-05-05T12:27:03.701972Z","level":"info","event":"DAG bundles loaded: dags-folder, example_dags","logger":"airflow.dag_processing.bundles.manager.DagBundlesManager","filename":"manager.py","lineno":209}
{"timestamp":"2026-05-05T12:27:03.704373Z","level":"info","event":"Filling up the DagBag from /opt/airflow/dags/print_interval_dag.py","logger":"airflow.dag_processing.dagbag.BundleDagBag","filename":"dagbag.py","lineno":469}
{"timestamp":"2026-05-05T12:27:03.788522Z","level":"info","event":"Task instance is in running state","logger":"task.stdout"}
{"timestamp":"2026-05-05T12:27:03.789964Z","level":"info","event":" Previous state of the Task instance: TaskInstanceState.QUEUED","logger":"task.stdout"}
{"timestamp":"2026-05-05T12:27:03.791334Z","level":"info","event":"Current task name:print_interval","logger":"task.stdout"}
{"timestamp":"2026-05-05T12:27:03.793327Z","level":"info","event":"Dag name:print_interval_dag","logger":"task.stdout"}
{"timestamp":"2026-05-05T12:27:03.805348Z","level":"info","event":"=== ALL AVAILABLE MACROS ===","logger":"task.stdout"}
{"timestamp":"2026-05-05T12:27:03.806088Z","level":"info","event":"dag: <DAG: print_interval_dag>","logger":"task.stdout"}
{"timestamp":"2026-05-05T12:27:03.806745Z","level":"info","event":"inlets: []","logger":"task.stdout"}
{"timestamp":"2026-05-05T12:27:03.807181Z","level":"info","event":"map_index_template: None","logger":"task.stdout"}
{"timestamp":"2026-05-05T12:27:03.807547Z","level":"info","event":"outlets: []","logger":"task.stdout"}
{"timestamp":"2026-05-05T12:27:03.808081Z","level":"info","event":"run_id: scheduled__2025-05-29T06:00:00+00:00","logger":"task.stdout"}
{"timestamp":"2026-05-05T12:27:03.808410Z","level":"info","event":"task: <Task(PythonOperator): print_interval>","logger":"task.stdout"}
{"timestamp":"2026-05-05T12:27:03.809591Z","level":"info","event":"task_instance: id=UUID('019df81b-26b0-75b2-a539-5e82216c6b53') task_id='print_interval' dag_id='print_interval_dag' run_id='scheduled__2025-05-29T06:00:00+00:00' try_number=1 dag_version_id=UUID('019df815-a045-750b-bac8-47ced7cc6a45') map_index=-1 hostname='86abe326db93' context_carrier={'traceparent': '00-d73f4fab1d4a708a143429463771536e-3c3987a9acd5b45f-01'} task=<Task(PythonOperator): print_interval> bundle_instance=LocalDagBundle(name=dags-folder) max_tries=0 start_date=datetime.datetime(2026, 5, 5, 12, 27, 2, 696207, tzinfo=datetime.timezone.utc) end_date=None state=<TaskInstanceState.RUNNING: 'running'> is_mapped=False rendered_map_index=None sentry_integration=''","logger":"task.stdout"}
{"timestamp":"2026-05-05T12:27:03.810463Z","level":"info","event":"ti: id=UUID('019df81b-26b0-75b2-a539-5e82216c6b53') task_id='print_interval' dag_id='print_interval_dag' run_id='scheduled__2025-05-29T06:00:00+00:00' try_number=1 dag_version_id=UUID('019df815-a045-750b-bac8-47ced7cc6a45') map_index=-1 hostname='86abe326db93' context_carrier={'traceparent': '00-d73f4fab1d4a708a143429463771536e-3c3987a9acd5b45f-01'} task=<Task(PythonOperator): print_interval> bundle_instance=LocalDagBundle(name=dags-folder) max_tries=0 start_date=datetime.datetime(2026, 5, 5, 12, 27, 2, 696207, tzinfo=datetime.timezone.utc) end_date=None state=<TaskInstanceState.RUNNING: 'running'> is_mapped=False rendered_map_index=None sentry_integration=''","logger":"task.stdout"}
{"timestamp":"2026-05-05T12:27:03.813958Z","level":"info","event":"outlet_events: OutletEventAccessors(_dict={})","logger":"task.stdout"}
{"timestamp":"2026-05-05T12:27:03.817470Z","level":"info","event":"inlet_events: InletEventsAccessors(_inlets=[], _assets={}, _asset_aliases={})","logger":"task.stdout"}
{"timestamp":"2026-05-05T12:27:03.820248Z","level":"info","event":"macros: <MacrosAccessor (dynamic access to macros)>","logger":"task.stdout"}
{"timestamp":"2026-05-05T12:27:03.820738Z","level":"info","event":"params: {}","logger":"task.stdout"}
{"timestamp":"2026-05-05T12:27:03.821182Z","level":"info","event":"var: {'json': <VariableAccessor (dynamic access)>, 'value': <VariableAccessor (dynamic access)>}","logger":"task.stdout"}
{"timestamp":"2026-05-05T12:27:03.821544Z","level":"info","event":"conn: <ConnectionAccessor (dynamic access)>","logger":"task.stdout"}
{"timestamp":"2026-05-05T12:27:03.822052Z","level":"info","event":"dag_run: dag_id='print_interval_dag' run_id='scheduled__2025-05-29T06:00:00+00:00' logical_date=datetime.datetime(2025, 5, 29, 6, 0, tzinfo=datetime.timezone.utc) data_interval_start=datetime.datetime(2025, 5, 29, 6, 0, tzinfo=datetime.timezone.utc) data_interval_end=datetime.datetime(2025, 5, 29, 6, 0, tzinfo=datetime.timezone.utc) run_after=datetime.datetime(2025, 5, 29, 6, 0, tzinfo=datetime.timezone.utc) start_date=datetime.datetime(2026, 5, 5, 12, 27, 2, 225734, tzinfo=datetime.timezone.utc) end_date=None clear_number=0 run_type=<DagRunType.SCHEDULED: 'scheduled'> state=<DagRunState.RUNNING: 'running'> conf={} triggering_user_name=None consumed_asset_events=[] partition_key=None note=None","logger":"task.stdout"}
{"timestamp":"2026-05-05T12:27:03.822427Z","level":"info","event":"triggering_asset_events: TriggeringAssetEventAccessor(_events=defaultdict(<class 'list'>, {}))","logger":"task.stdout"}
{"timestamp":"2026-05-05T12:27:03.822890Z","level":"info","event":"task_instance_key_str: print_interval_dag__print_interval__20250529","logger":"task.stdout"}
{"timestamp":"2026-05-05T12:27:03.823223Z","level":"info","event":"task_reschedule_count: 0","logger":"task.stdout"}
{"timestamp":"2026-05-05T12:27:03.890008Z","level":"info","event":"prev_start_date_success: 2026-05-05 12:27:01.181859+00:00","logger":"task.stdout"}
{"timestamp":"2026-05-05T12:27:03.893071Z","level":"info","event":"prev_end_date_success: 2026-05-05 12:27:03.425077+00:00","logger":"task.stdout"}
{"timestamp":"2026-05-05T12:27:03.894370Z","level":"info","event":"logical_date: 2025-05-29 06:00:00+00:00","logger":"task.stdout"}
{"timestamp":"2026-05-05T12:27:03.894825Z","level":"info","event":"ds: 2025-05-29","logger":"task.stdout"}
{"timestamp":"2026-05-05T12:27:03.895443Z","level":"info","event":"ds_nodash: 20250529","logger":"task.stdout"}
{"timestamp":"2026-05-05T12:27:03.895855Z","level":"info","event":"ts: 2025-05-29T06:00:00+00:00","logger":"task.stdout"}
{"timestamp":"2026-05-05T12:27:03.896262Z","level":"info","event":"ts_nodash: 20250529T060000","logger":"task.stdout"}
{"timestamp":"2026-05-05T12:27:03.896679Z","level":"info","event":"ts_nodash_with_tz: 20250529T060000+0000","logger":"task.stdout"}
{"timestamp":"2026-05-05T12:27:03.897054Z","level":"info","event":"data_interval_end: 2025-05-29 06:00:00+00:00","logger":"task.stdout"}
{"timestamp":"2026-05-05T12:27:03.897411Z","level":"info","event":"data_interval_start: 2025-05-29 06:00:00+00:00","logger":"task.stdout"}
{"timestamp":"2026-05-05T12:27:03.898948Z","level":"info","event":"prev_data_interval_start_success: 2025-05-29 00:00:00+00:00","logger":"task.stdout"}
{"timestamp":"2026-05-05T12:27:03.899424Z","level":"info","event":"prev_data_interval_end_success: 2025-05-29 00:00:00+00:00","logger":"task.stdout"}
{"timestamp":"2026-05-05T12:27:03.901001Z","level":"info","event":"templates_dict: None","logger":"task.stdout"}
{"timestamp":"2026-05-05T12:27:03.892223Z","level":"info","event":"Done. Returned value was: None","logger":"airflow.task.operators.airflow.providers.standard.operators.python.PythonOperator","filename":"python.py","lineno":229}
{"timestamp":"2026-05-05T12:27:03.984807Z","level":"info","event":"Task instance in success state","logger":"task.stdout"}
{"timestamp":"2026-05-05T12:27:03.985252Z","level":"info","event":" Previous state of the Task instance: TaskInstanceState.RUNNING","logger":"task.stdout"}
{"timestamp":"2026-05-05T12:27:03.985815Z","level":"info","event":"Task operator:<Task(PythonOperator): print_interval>","logger":"task.stdout"}
