{"timestamp":"2026-05-05T10:29:32.580124Z","level":"info","event":"DAG bundles loaded: dags-folder, example_dags","logger":"airflow.dag_processing.bundles.manager.DagBundlesManager","filename":"manager.py","lineno":209}
{"timestamp":"2026-05-05T10:29:32.584634Z","level":"info","event":"Filling up the DagBag from /opt/airflow/dags/print_interval_dag.py","logger":"airflow.dag_processing.dagbag.BundleDagBag","filename":"dagbag.py","lineno":469}
{"timestamp":"2026-05-05T10:29:32.619357Z","level":"warning","event":"The `airflow.operators.python.PythonOperator` attribute is deprecated. Please use `'airflow.providers.standard.operators.python.PythonOperator'`.","category":"UserWarning","filename":"/opt/airflow/dags/print_interval_dag.py","lineno":2,"logger":"py.warnings"}
{"timestamp":"2026-05-05T10:29:32.728938Z","level":"info","event":"Task instance is in running state","logger":"task.stdout"}
{"timestamp":"2026-05-05T10:29:32.729739Z","level":"info","event":" Previous state of the Task instance: TaskInstanceState.QUEUED","logger":"task.stdout"}
{"timestamp":"2026-05-05T10:29:32.730765Z","level":"info","event":"Current task name:print_interval","logger":"task.stdout"}
{"timestamp":"2026-05-05T10:29:32.732562Z","level":"info","event":"Dag name:print_interval_dag","logger":"task.stdout"}
{"timestamp":"2026-05-05T10:29:32.737107Z","level":"info","event":"Interval Start: 2025-05-05 03:00:00+00:00","logger":"task.stdout"}
{"timestamp":"2026-05-05T10:29:32.738397Z","level":"info","event":"Interval End:   2025-05-05 03:00:00+00:00","logger":"task.stdout"}
{"timestamp":"2026-05-05T10:29:32.737700Z","level":"info","event":"Done. Returned value was: None","logger":"airflow.task.operators.airflow.providers.standard.operators.python.PythonOperator","filename":"python.py","lineno":229}
{"timestamp":"2026-05-05T10:29:32.811848Z","level":"info","event":"Task instance in success state","logger":"task.stdout"}
{"timestamp":"2026-05-05T10:29:32.812690Z","level":"info","event":" Previous state of the Task instance: TaskInstanceState.RUNNING","logger":"task.stdout"}
{"timestamp":"2026-05-05T10:29:32.813573Z","level":"info","event":"Task operator:<Task(PythonOperator): print_interval>","logger":"task.stdout"}
{"timestamp":"2026-05-05T12:25:23.328913Z","level":"info","event":"DAG bundles loaded: dags-folder, example_dags","logger":"airflow.dag_processing.bundles.manager.DagBundlesManager","filename":"manager.py","lineno":209}
{"timestamp":"2026-05-05T12:25:23.330976Z","level":"info","event":"Filling up the DagBag from /opt/airflow/dags/print_interval_dag.py","logger":"airflow.dag_processing.dagbag.BundleDagBag","filename":"dagbag.py","lineno":469}
{"timestamp":"2026-05-05T12:25:23.471331Z","level":"info","event":"Task instance is in running state","logger":"task.stdout"}
{"timestamp":"2026-05-05T12:25:23.472972Z","level":"info","event":" Previous state of the Task instance: TaskInstanceState.QUEUED","logger":"task.stdout"}
{"timestamp":"2026-05-05T12:25:23.476065Z","level":"info","event":"Current task name:print_interval","logger":"task.stdout"}
{"timestamp":"2026-05-05T12:25:23.476589Z","level":"info","event":"Dag name:print_interval_dag","logger":"task.stdout"}
{"timestamp":"2026-05-05T12:25:23.480132Z","level":"info","event":"=== ALL AVAILABLE MACROS ===","logger":"task.stdout"}
{"timestamp":"2026-05-05T12:25:23.480738Z","level":"info","event":"dag: <DAG: print_interval_dag>","logger":"task.stdout"}
{"timestamp":"2026-05-05T12:25:23.481356Z","level":"info","event":"inlets: []","logger":"task.stdout"}
{"timestamp":"2026-05-05T12:25:23.481771Z","level":"info","event":"map_index_template: None","logger":"task.stdout"}
{"timestamp":"2026-05-05T12:25:23.482248Z","level":"info","event":"outlets: []","logger":"task.stdout"}
{"timestamp":"2026-05-05T12:25:23.482600Z","level":"info","event":"run_id: scheduled__2025-05-05T03:00:00+00:00","logger":"task.stdout"}
{"timestamp":"2026-05-05T12:25:23.483014Z","level":"info","event":"task: <Task(PythonOperator): print_interval>","logger":"task.stdout"}
{"timestamp":"2026-05-05T12:25:23.484284Z","level":"info","event":"task_instance: id=UUID('019df819-9f0e-7556-81d3-6a85351fcd3d') task_id='print_interval' dag_id='print_interval_dag' run_id='scheduled__2025-05-05T03:00:00+00:00' try_number=1 dag_version_id=UUID('019df815-a045-750b-bac8-47ced7cc6a45') map_index=-1 hostname='86abe326db93' context_carrier={'traceparent': '00-618a1f77cf6d1fe3accbf50bbd165b05-3d253d0c60d51229-01'} task=<Task(PythonOperator): print_interval> bundle_instance=LocalDagBundle(name=dags-folder) max_tries=0 start_date=datetime.datetime(2026, 5, 5, 12, 25, 22, 303873, tzinfo=datetime.timezone.utc) end_date=None state=<TaskInstanceState.RUNNING: 'running'> is_mapped=False rendered_map_index=None sentry_integration=''","logger":"task.stdout"}
{"timestamp":"2026-05-05T12:25:23.486407Z","level":"info","event":"ti: id=UUID('019df819-9f0e-7556-81d3-6a85351fcd3d') task_id='print_interval' dag_id='print_interval_dag' run_id='scheduled__2025-05-05T03:00:00+00:00' try_number=1 dag_version_id=UUID('019df815-a045-750b-bac8-47ced7cc6a45') map_index=-1 hostname='86abe326db93' context_carrier={'traceparent': '00-618a1f77cf6d1fe3accbf50bbd165b05-3d253d0c60d51229-01'} task=<Task(PythonOperator): print_interval> bundle_instance=LocalDagBundle(name=dags-folder) max_tries=0 start_date=datetime.datetime(2026, 5, 5, 12, 25, 22, 303873, tzinfo=datetime.timezone.utc) end_date=None state=<TaskInstanceState.RUNNING: 'running'> is_mapped=False rendered_map_index=None sentry_integration=''","logger":"task.stdout"}
{"timestamp":"2026-05-05T12:25:23.488295Z","level":"info","event":"outlet_events: OutletEventAccessors(_dict={})","logger":"task.stdout"}
{"timestamp":"2026-05-05T12:25:23.488871Z","level":"info","event":"inlet_events: InletEventsAccessors(_inlets=[], _assets={}, _asset_aliases={})","logger":"task.stdout"}
{"timestamp":"2026-05-05T12:25:23.489372Z","level":"info","event":"macros: <MacrosAccessor (dynamic access to macros)>","logger":"task.stdout"}
{"timestamp":"2026-05-05T12:25:23.489981Z","level":"info","event":"params: {}","logger":"task.stdout"}
{"timestamp":"2026-05-05T12:25:23.490496Z","level":"info","event":"var: {'json': <VariableAccessor (dynamic access)>, 'value': <VariableAccessor (dynamic access)>}","logger":"task.stdout"}
{"timestamp":"2026-05-05T12:25:23.491034Z","level":"info","event":"conn: <ConnectionAccessor (dynamic access)>","logger":"task.stdout"}
{"timestamp":"2026-05-05T12:25:23.491450Z","level":"info","event":"dag_run: dag_id='print_interval_dag' run_id='scheduled__2025-05-05T03:00:00+00:00' logical_date=datetime.datetime(2025, 5, 5, 3, 0, tzinfo=datetime.timezone.utc) data_interval_start=datetime.datetime(2025, 5, 5, 3, 0, tzinfo=datetime.timezone.utc) data_interval_end=datetime.datetime(2025, 5, 5, 3, 0, tzinfo=datetime.timezone.utc) run_after=datetime.datetime(2025, 5, 5, 3, 0, tzinfo=datetime.timezone.utc) start_date=datetime.datetime(2026, 5, 5, 12, 25, 21, 959177, tzinfo=datetime.timezone.utc) end_date=None clear_number=0 run_type=<DagRunType.SCHEDULED: 'scheduled'> state=<DagRunState.RUNNING: 'running'> conf={} triggering_user_name=None consumed_asset_events=[] partition_key=None note=None","logger":"task.stdout"}
{"timestamp":"2026-05-05T12:25:23.492322Z","level":"info","event":"triggering_asset_events: TriggeringAssetEventAccessor(_events=defaultdict(<class 'list'>, {}))","logger":"task.stdout"}
{"timestamp":"2026-05-05T12:25:23.492743Z","level":"info","event":"task_instance_key_str: print_interval_dag__print_interval__20250505","logger":"task.stdout"}
{"timestamp":"2026-05-05T12:25:23.493154Z","level":"info","event":"task_reschedule_count: 0","logger":"task.stdout"}
{"timestamp":"2026-05-05T12:25:23.536674Z","level":"info","event":"prev_start_date_success: 2026-05-05 12:25:21.544237+00:00","logger":"task.stdout"}
{"timestamp":"2026-05-05T12:25:23.537279Z","level":"info","event":"prev_end_date_success: 2026-05-05 12:25:23.395287+00:00","logger":"task.stdout"}
{"timestamp":"2026-05-05T12:25:23.537758Z","level":"info","event":"logical_date: 2025-05-05 03:00:00+00:00","logger":"task.stdout"}
{"timestamp":"2026-05-05T12:25:23.538110Z","level":"info","event":"ds: 2025-05-05","logger":"task.stdout"}
{"timestamp":"2026-05-05T12:25:23.540078Z","level":"info","event":"ds_nodash: 20250505","logger":"task.stdout"}
{"timestamp":"2026-05-05T12:25:23.540943Z","level":"info","event":"ts: 2025-05-05T03:00:00+00:00","logger":"task.stdout"}
{"timestamp":"2026-05-05T12:25:23.541665Z","level":"info","event":"ts_nodash: 20250505T030000","logger":"task.stdout"}
{"timestamp":"2026-05-05T12:25:23.542946Z","level":"info","event":"ts_nodash_with_tz: 20250505T030000+0000","logger":"task.stdout"}
{"timestamp":"2026-05-05T12:25:23.546494Z","level":"info","event":"data_interval_end: 2025-05-05 03:00:00+00:00","logger":"task.stdout"}
{"timestamp":"2026-05-05T12:25:23.547326Z","level":"info","event":"data_interval_start: 2025-05-05 03:00:00+00:00","logger":"task.stdout"}
{"timestamp":"2026-05-05T12:25:23.547880Z","level":"info","event":"prev_data_interval_start_success: 2025-05-05 00:00:00+00:00","logger":"task.stdout"}
{"timestamp":"2026-05-05T12:25:23.548498Z","level":"info","event":"prev_data_interval_end_success: 2025-05-05 00:00:00+00:00","logger":"task.stdout"}
{"timestamp":"2026-05-05T12:25:23.556284Z","level":"info","event":"templates_dict: None","logger":"task.stdout"}
{"timestamp":"2026-05-05T12:25:23.534316Z","level":"info","event":"Done. Returned value was: None","logger":"airflow.task.operators.airflow.providers.standard.operators.python.PythonOperator","filename":"python.py","lineno":229}
{"timestamp":"2026-05-05T12:25:23.612037Z","level":"info","event":"Task instance in success state","logger":"task.stdout"}
{"timestamp":"2026-05-05T12:25:23.612649Z","level":"info","event":" Previous state of the Task instance: TaskInstanceState.RUNNING","logger":"task.stdout"}
{"timestamp":"2026-05-05T12:25:23.614521Z","level":"info","event":"Task operator:<Task(PythonOperator): print_interval>","logger":"task.stdout"}
