{"timestamp":"2026-05-05T10:31:21.319836Z","level":"info","event":"DAG bundles loaded: dags-folder, example_dags","logger":"airflow.dag_processing.bundles.manager.DagBundlesManager","filename":"manager.py","lineno":209}
{"timestamp":"2026-05-05T10:31:21.321500Z","level":"info","event":"Filling up the DagBag from /opt/airflow/dags/print_interval_dag.py","logger":"airflow.dag_processing.dagbag.BundleDagBag","filename":"dagbag.py","lineno":469}
{"timestamp":"2026-05-05T10:31:21.336362Z","level":"warning","event":"The `airflow.operators.python.PythonOperator` attribute is deprecated. Please use `'airflow.providers.standard.operators.python.PythonOperator'`.","category":"UserWarning","filename":"/opt/airflow/dags/print_interval_dag.py","lineno":2,"logger":"py.warnings"}
{"timestamp":"2026-05-05T10:31:21.388589Z","level":"info","event":"Task instance is in running state","logger":"task.stdout"}
{"timestamp":"2026-05-05T10:31:21.389340Z","level":"info","event":" Previous state of the Task instance: TaskInstanceState.QUEUED","logger":"task.stdout"}
{"timestamp":"2026-05-05T10:31:21.390417Z","level":"info","event":"Current task name:print_interval","logger":"task.stdout"}
{"timestamp":"2026-05-05T10:31:21.391910Z","level":"info","event":"Dag name:print_interval_dag","logger":"task.stdout"}
{"timestamp":"2026-05-05T10:31:21.393785Z","level":"info","event":"Interval Start: 2025-06-02 06:00:00+00:00","logger":"task.stdout"}
{"timestamp":"2026-05-05T10:31:21.394368Z","level":"info","event":"Interval End:   2025-06-02 06:00:00+00:00","logger":"task.stdout"}
{"timestamp":"2026-05-05T10:31:21.394611Z","level":"info","event":"Done. Returned value was: None","logger":"airflow.task.operators.airflow.providers.standard.operators.python.PythonOperator","filename":"python.py","lineno":229}
{"timestamp":"2026-05-05T10:31:21.437427Z","level":"info","event":"Task instance in success state","logger":"task.stdout"}
{"timestamp":"2026-05-05T10:31:21.442811Z","level":"info","event":" Previous state of the Task instance: TaskInstanceState.RUNNING","logger":"task.stdout"}
{"timestamp":"2026-05-05T10:31:21.443705Z","level":"info","event":"Task operator:<Task(PythonOperator): print_interval>","logger":"task.stdout"}
{"timestamp":"2026-05-05T12:27:20.302040Z","level":"info","event":"DAG bundles loaded: dags-folder, example_dags","logger":"airflow.dag_processing.bundles.manager.DagBundlesManager","filename":"manager.py","lineno":209}
{"timestamp":"2026-05-05T12:27:20.304392Z","level":"info","event":"Filling up the DagBag from /opt/airflow/dags/print_interval_dag.py","logger":"airflow.dag_processing.dagbag.BundleDagBag","filename":"dagbag.py","lineno":469}
{"timestamp":"2026-05-05T12:27:20.396698Z","level":"info","event":"Task instance is in running state","logger":"task.stdout"}
{"timestamp":"2026-05-05T12:27:20.403008Z","level":"info","event":" Previous state of the Task instance: TaskInstanceState.QUEUED","logger":"task.stdout"}
{"timestamp":"2026-05-05T12:27:20.404468Z","level":"info","event":"Current task name:print_interval","logger":"task.stdout"}
{"timestamp":"2026-05-05T12:27:20.406816Z","level":"info","event":"Dag name:print_interval_dag","logger":"task.stdout"}
{"timestamp":"2026-05-05T12:27:20.408533Z","level":"info","event":"=== ALL AVAILABLE MACROS ===","logger":"task.stdout"}
{"timestamp":"2026-05-05T12:27:20.410428Z","level":"info","event":"dag: <DAG: print_interval_dag>","logger":"task.stdout"}
{"timestamp":"2026-05-05T12:27:20.413731Z","level":"info","event":"inlets: []","logger":"task.stdout"}
{"timestamp":"2026-05-05T12:27:20.414941Z","level":"info","event":"map_index_template: None","logger":"task.stdout"}
{"timestamp":"2026-05-05T12:27:20.418541Z","level":"info","event":"outlets: []","logger":"task.stdout"}
{"timestamp":"2026-05-05T12:27:20.421381Z","level":"info","event":"run_id: scheduled__2025-06-02T06:00:00+00:00","logger":"task.stdout"}
{"timestamp":"2026-05-05T12:27:20.423699Z","level":"info","event":"task: <Task(PythonOperator): print_interval>","logger":"task.stdout"}
{"timestamp":"2026-05-05T12:27:20.424316Z","level":"info","event":"task_instance: id=UUID('019df81b-6787-78f9-9a6d-99abea7ae749') task_id='print_interval' dag_id='print_interval_dag' run_id='scheduled__2025-06-02T06:00:00+00:00' try_number=1 dag_version_id=UUID('019df815-a045-750b-bac8-47ced7cc6a45') map_index=-1 hostname='86abe326db93' context_carrier={'traceparent': '00-55d7f3e39071aa88cb1eb88e4d86849c-4dbc227ce6a968c4-01'} task=<Task(PythonOperator): print_interval> bundle_instance=LocalDagBundle(name=dags-folder) max_tries=0 start_date=datetime.datetime(2026, 5, 5, 12, 27, 19, 187518, tzinfo=datetime.timezone.utc) end_date=None state=<TaskInstanceState.RUNNING: 'running'> is_mapped=False rendered_map_index=None sentry_integration=''","logger":"task.stdout"}
{"timestamp":"2026-05-05T12:27:20.433656Z","level":"info","event":"ti: id=UUID('019df81b-6787-78f9-9a6d-99abea7ae749') task_id='print_interval' dag_id='print_interval_dag' run_id='scheduled__2025-06-02T06:00:00+00:00' try_number=1 dag_version_id=UUID('019df815-a045-750b-bac8-47ced7cc6a45') map_index=-1 hostname='86abe326db93' context_carrier={'traceparent': '00-55d7f3e39071aa88cb1eb88e4d86849c-4dbc227ce6a968c4-01'} task=<Task(PythonOperator): print_interval> bundle_instance=LocalDagBundle(name=dags-folder) max_tries=0 start_date=datetime.datetime(2026, 5, 5, 12, 27, 19, 187518, tzinfo=datetime.timezone.utc) end_date=None state=<TaskInstanceState.RUNNING: 'running'> is_mapped=False rendered_map_index=None sentry_integration=''","logger":"task.stdout"}
{"timestamp":"2026-05-05T12:27:20.434247Z","level":"info","event":"outlet_events: OutletEventAccessors(_dict={})","logger":"task.stdout"}
{"timestamp":"2026-05-05T12:27:20.434653Z","level":"info","event":"inlet_events: InletEventsAccessors(_inlets=[], _assets={}, _asset_aliases={})","logger":"task.stdout"}
{"timestamp":"2026-05-05T12:27:20.435181Z","level":"info","event":"macros: <MacrosAccessor (dynamic access to macros)>","logger":"task.stdout"}
{"timestamp":"2026-05-05T12:27:20.435506Z","level":"info","event":"params: {}","logger":"task.stdout"}
{"timestamp":"2026-05-05T12:27:20.435851Z","level":"info","event":"var: {'json': <VariableAccessor (dynamic access)>, 'value': <VariableAccessor (dynamic access)>}","logger":"task.stdout"}
{"timestamp":"2026-05-05T12:27:20.436152Z","level":"info","event":"conn: <ConnectionAccessor (dynamic access)>","logger":"task.stdout"}
{"timestamp":"2026-05-05T12:27:20.436511Z","level":"info","event":"dag_run: dag_id='print_interval_dag' run_id='scheduled__2025-06-02T06:00:00+00:00' logical_date=datetime.datetime(2025, 6, 2, 6, 0, tzinfo=datetime.timezone.utc) data_interval_start=datetime.datetime(2025, 6, 2, 6, 0, tzinfo=datetime.timezone.utc) data_interval_end=datetime.datetime(2025, 6, 2, 6, 0, tzinfo=datetime.timezone.utc) run_after=datetime.datetime(2025, 6, 2, 6, 0, tzinfo=datetime.timezone.utc) start_date=datetime.datetime(2026, 5, 5, 12, 27, 18, 817370, tzinfo=datetime.timezone.utc) end_date=None clear_number=0 run_type=<DagRunType.SCHEDULED: 'scheduled'> state=<DagRunState.RUNNING: 'running'> conf={} triggering_user_name=None consumed_asset_events=[] partition_key=None note=None","logger":"task.stdout"}
{"timestamp":"2026-05-05T12:27:20.437592Z","level":"info","event":"triggering_asset_events: TriggeringAssetEventAccessor(_events=defaultdict(<class 'list'>, {}))","logger":"task.stdout"}
{"timestamp":"2026-05-05T12:27:20.438626Z","level":"info","event":"task_instance_key_str: print_interval_dag__print_interval__20250602","logger":"task.stdout"}
{"timestamp":"2026-05-05T12:27:20.439230Z","level":"info","event":"task_reschedule_count: 0","logger":"task.stdout"}
{"timestamp":"2026-05-05T12:27:20.476525Z","level":"info","event":"prev_start_date_success: 2026-05-05 12:27:18.357588+00:00","logger":"task.stdout"}
{"timestamp":"2026-05-05T12:27:20.477182Z","level":"info","event":"prev_end_date_success: 2026-05-05 12:27:20.435628+00:00","logger":"task.stdout"}
{"timestamp":"2026-05-05T12:27:20.477758Z","level":"info","event":"logical_date: 2025-06-02 06:00:00+00:00","logger":"task.stdout"}
{"timestamp":"2026-05-05T12:27:20.478432Z","level":"info","event":"ds: 2025-06-02","logger":"task.stdout"}
{"timestamp":"2026-05-05T12:27:20.482333Z","level":"info","event":"ds_nodash: 20250602","logger":"task.stdout"}
{"timestamp":"2026-05-05T12:27:20.482964Z","level":"info","event":"ts: 2025-06-02T06:00:00+00:00","logger":"task.stdout"}
{"timestamp":"2026-05-05T12:27:20.484422Z","level":"info","event":"ts_nodash: 20250602T060000","logger":"task.stdout"}
{"timestamp":"2026-05-05T12:27:20.485558Z","level":"info","event":"ts_nodash_with_tz: 20250602T060000+0000","logger":"task.stdout"}
{"timestamp":"2026-05-05T12:27:20.486224Z","level":"info","event":"data_interval_end: 2025-06-02 06:00:00+00:00","logger":"task.stdout"}
{"timestamp":"2026-05-05T12:27:20.487642Z","level":"info","event":"data_interval_start: 2025-06-02 06:00:00+00:00","logger":"task.stdout"}
{"timestamp":"2026-05-05T12:27:20.488866Z","level":"info","event":"prev_data_interval_start_success: 2025-06-02 03:00:00+00:00","logger":"task.stdout"}
{"timestamp":"2026-05-05T12:27:20.490082Z","level":"info","event":"prev_data_interval_end_success: 2025-06-02 03:00:00+00:00","logger":"task.stdout"}
{"timestamp":"2026-05-05T12:27:20.490863Z","level":"info","event":"templates_dict: None","logger":"task.stdout"}
{"timestamp":"2026-05-05T12:27:20.476831Z","level":"info","event":"Done. Returned value was: None","logger":"airflow.task.operators.airflow.providers.standard.operators.python.PythonOperator","filename":"python.py","lineno":229}
{"timestamp":"2026-05-05T12:27:20.548172Z","level":"info","event":"Task instance in success state","logger":"task.stdout"}
{"timestamp":"2026-05-05T12:27:20.549316Z","level":"info","event":" Previous state of the Task instance: TaskInstanceState.RUNNING","logger":"task.stdout"}
{"timestamp":"2026-05-05T12:27:20.549928Z","level":"info","event":"Task operator:<Task(PythonOperator): print_interval>","logger":"task.stdout"}
