{"timestamp":"2026-05-08T17:38:02.349947Z","level":"info","event":"DAG bundles loaded: dags-folder, example_dags","logger":"airflow.dag_processing.bundles.manager.DagBundlesManager","filename":"manager.py","lineno":209}
{"timestamp":"2026-05-08T17:38:02.352207Z","level":"info","event":"Filling up the DagBag from /opt/airflow/dags/csv_upsert_pipeline.py","logger":"airflow.dag_processing.dagbag.BundleDagBag","filename":"dagbag.py","lineno":469}
{"timestamp":"2026-05-08T17:38:02.369727Z","level":"warning","event":"airflow.exceptions.AirflowSkipException is deprecated and will be removed in a future version. Use airflow.sdk.exceptions.AirflowSkipException instead.","category":"UserWarning","filename":"/opt/airflow/dags/csv_upsert_pipeline.py","lineno":7,"logger":"py.warnings"}
{"timestamp":"2026-05-08T17:38:02.422336Z","level":"info","event":"Task instance is in running state","logger":"task.stdout"}
{"timestamp":"2026-05-08T17:38:02.423068Z","level":"info","event":" Previous state of the Task instance: TaskInstanceState.QUEUED","logger":"task.stdout"}
{"timestamp":"2026-05-08T17:38:02.425329Z","level":"info","event":"Current task name:process_partition","logger":"task.stdout"}
{"timestamp":"2026-05-08T17:38:02.426561Z","level":"info","event":"Dag name:csv_upsert_pipeline","logger":"task.stdout"}
{"timestamp":"2026-05-08T17:38:02.427267Z","level":"info","event":"[INFO] data_interval_start : 2026-05-03 18:00:00+00:00","logger":"task.stdout"}
{"timestamp":"2026-05-08T17:38:02.428252Z","level":"info","event":"[INFO] data_interval_end   : 2026-05-03 18:00:00+00:00","logger":"task.stdout"}
{"timestamp":"2026-05-08T17:38:02.428733Z","level":"info","event":"[INFO] Processing partition: /data/time_stamp=2026-05-03-18","logger":"task.stdout"}
{"timestamp":"2026-05-08T17:38:02.430459Z","level":"info","event":"[INFO] Sorted files: ['data_1.csv']","logger":"task.stdout"}
{"timestamp":"2026-05-08T17:38:02.433384Z","level":"info","event":"[INFO] Read data_1.csv  (index=1)","logger":"task.stdout"}
{"timestamp":"2026-05-08T17:38:02.433989Z","level":"info","event":"[INFO] Resolved 9 unique IDs for this run:","logger":"task.stdout"}
{"timestamp":"2026-05-08T17:38:02.434859Z","level":"info","event":"       id=1 → {'id': '1', 'name': 'Eve', 'age': '44', 'department': 'HR', 'salary': '84131.81', 'working_hours': '42.5'}","logger":"task.stdout"}
{"timestamp":"2026-05-08T17:38:02.436075Z","level":"info","event":"       id=2 → {'id': '2', 'name': 'Grace', 'age': '50', 'department': 'Operations', 'salary': '39680.06', 'working_hours': '56.4'}","logger":"task.stdout"}
{"timestamp":"2026-05-08T17:38:02.436613Z","level":"info","event":"       id=3 → {'id': '3', 'name': 'Charlie', 'age': '35', 'department': 'Engineering', 'salary': '109803.91', 'working_hours': '50.5'}","logger":"task.stdout"}
{"timestamp":"2026-05-08T17:38:02.437125Z","level":"info","event":"       id=4 → {'id': '4', 'name': 'Eve', 'age': '31', 'department': 'Engineering', 'salary': '43880.72', 'working_hours': '22.1'}","logger":"task.stdout"}
{"timestamp":"2026-05-08T17:38:02.437999Z","level":"info","event":"       id=5 → {'id': '5', 'name': 'Hank', 'age': '26', 'department': 'Finance', 'salary': '92900.14', 'working_hours': '28.7'}","logger":"task.stdout"}
{"timestamp":"2026-05-08T17:38:02.438971Z","level":"info","event":"       id=6 → {'id': '6', 'name': 'Grace', 'age': '53', 'department': 'HR', 'salary': '100929.56', 'working_hours': '23.8'}","logger":"task.stdout"}
{"timestamp":"2026-05-08T17:38:02.439918Z","level":"info","event":"       id=7 → {'id': '7', 'name': 'Frank', 'age': '32', 'department': 'Sales', 'salary': '109508.04', 'working_hours': '23.9'}","logger":"task.stdout"}
{"timestamp":"2026-05-08T17:38:02.441656Z","level":"info","event":"       id=8 → {'id': '8', 'name': 'Bob', 'age': '47', 'department': 'Finance', 'salary': '79600.78', 'working_hours': '21.9'}","logger":"task.stdout"}
{"timestamp":"2026-05-08T17:38:02.442313Z","level":"info","event":"       id=9 → {'id': '9', 'name': 'Hank', 'age': '22', 'department': 'Finance', 'salary': '87079.59', 'working_hours': '39.8'}","logger":"task.stdout"}
{"timestamp":"2026-05-08T17:38:02.443714Z","level":"info","event":"[INFO] result.csv mil gayi — upsert karte hain.","logger":"task.stdout"}
{"timestamp":"2026-05-08T17:38:02.444240Z","level":"info","event":"[INFO] Existing result.csv mein 20 rows hain.","logger":"task.stdout"}
{"timestamp":"2026-05-08T17:38:02.445234Z","level":"info","event":"       UPDATE  id=1","logger":"task.stdout"}
{"timestamp":"2026-05-08T17:38:02.445761Z","level":"info","event":"       UPDATE  id=2","logger":"task.stdout"}
{"timestamp":"2026-05-08T17:38:02.446095Z","level":"info","event":"       UPDATE  id=3","logger":"task.stdout"}
{"timestamp":"2026-05-08T17:38:02.446940Z","level":"info","event":"       UPDATE  id=4","logger":"task.stdout"}
{"timestamp":"2026-05-08T17:38:02.447281Z","level":"info","event":"       UPDATE  id=5","logger":"task.stdout"}
{"timestamp":"2026-05-08T17:38:02.447710Z","level":"info","event":"       UPDATE  id=6","logger":"task.stdout"}
{"timestamp":"2026-05-08T17:38:02.448281Z","level":"info","event":"       UPDATE  id=7","logger":"task.stdout"}
{"timestamp":"2026-05-08T17:38:02.449128Z","level":"info","event":"       UPDATE  id=8","logger":"task.stdout"}
{"timestamp":"2026-05-08T17:38:02.449628Z","level":"info","event":"       UPDATE  id=9","logger":"task.stdout"}
{"timestamp":"2026-05-08T17:38:02.450461Z","level":"info","event":"[INFO] result.csv updated — total 20 rows.","logger":"task.stdout"}
{"timestamp":"2026-05-08T17:38:02.440251Z","level":"info","event":"Done. Returned value was: None","logger":"airflow.task.operators.airflow.providers.standard.operators.python.PythonOperator","filename":"python.py","lineno":229}
{"timestamp":"2026-05-08T17:38:02.503512Z","level":"info","event":"Task instance in success state","logger":"task.stdout"}
{"timestamp":"2026-05-08T17:38:02.504018Z","level":"info","event":" Previous state of the Task instance: TaskInstanceState.RUNNING","logger":"task.stdout"}
{"timestamp":"2026-05-08T17:38:02.504423Z","level":"info","event":"Task operator:<Task(PythonOperator): process_partition>","logger":"task.stdout"}
{"timestamp":"2026-05-11T16:47:02.624715Z","level":"info","event":"DAG bundles loaded: dags-folder, example_dags","logger":"airflow.dag_processing.bundles.manager.DagBundlesManager","filename":"manager.py","lineno":209}
{"timestamp":"2026-05-11T16:47:02.626675Z","level":"info","event":"Filling up the DagBag from /opt/airflow/dags/csv_upsert_pipeline.py","logger":"airflow.dag_processing.dagbag.BundleDagBag","filename":"dagbag.py","lineno":469}
{"timestamp":"2026-05-11T16:47:02.806947Z","level":"info","event":"Task instance is in running state","logger":"task.stdout"}
{"timestamp":"2026-05-11T16:47:02.807606Z","level":"info","event":" Previous state of the Task instance: TaskInstanceState.QUEUED","logger":"task.stdout"}
{"timestamp":"2026-05-11T16:47:02.811882Z","level":"info","event":"Current task name:process_partition","logger":"task.stdout"}
{"timestamp":"2026-05-11T16:47:02.812509Z","level":"info","event":"Dag name:csv_upsert_pipeline","logger":"task.stdout"}
{"timestamp":"2026-05-11T16:47:02.813610Z","level":"info","event":"[INFO] data_interval_start : 2026-05-03 18:00:00+00:00","logger":"task.stdout"}
{"timestamp":"2026-05-11T16:47:02.815183Z","level":"info","event":"[INFO] data_interval_end   : 2026-05-03 18:00:00+00:00","logger":"task.stdout"}
{"timestamp":"2026-05-11T16:47:02.815847Z","level":"info","event":"[INFO] Processing partition: /data/time_stamp=2026-05-03-18","logger":"task.stdout"}
{"timestamp":"2026-05-11T16:47:02.909678Z","level":"error","event":"/home/airflow/.local/lib/python3.13/site-packages/pyspark/bin/load-spark-env.sh: line 68: ps: command not found","logger":"task.stderr"}
{"timestamp":"2026-05-11T16:47:02.913033Z","level":"error","event":"JAVA_HOME is not set","logger":"task.stderr"}
{"timestamp":"2026-05-11T16:47:02.972608Z","level":"error","event":"Task failed with exception","logger":"task","filename":"task_runner.py","lineno":1347,"error_detail":[{"exc_type":"PySparkRuntimeError","exc_value":"[JAVA_GATEWAY_EXITED] Java gateway process exited before sending its port number.","exc_notes":[],"syntax_error":null,"is_cause":false,"frames":[{"filename":"/home/airflow/.local/lib/python3.13/site-packages/airflow/sdk/execution_time/task_runner.py","lineno":1263,"name":"run"},{"filename":"/home/airflow/.local/lib/python3.13/site-packages/airflow/sdk/execution_time/task_runner.py","lineno":1678,"name":"_execute_task"},{"filename":"/home/airflow/.local/lib/python3.13/site-packages/airflow/sdk/bases/operator.py","lineno":443,"name":"wrapper"},{"filename":"/home/airflow/.local/lib/python3.13/site-packages/airflow/providers/standard/operators/python.py","lineno":227,"name":"execute"},{"filename":"/home/airflow/.local/lib/python3.13/site-packages/airflow/providers/standard/operators/python.py","lineno":250,"name":"execute_callable"},{"filename":"/home/airflow/.local/lib/python3.13/site-packages/airflow/sdk/execution_time/callback_runner.py","lineno":97,"name":"run"},{"filename":"/opt/airflow/dags/csv_upsert_pipeline.py","lineno":47,"name":"process_partition"},{"filename":"/home/airflow/.local/lib/python3.13/site-packages/pyspark/sql/session.py","lineno":497,"name":"getOrCreate"},{"filename":"/home/airflow/.local/lib/python3.13/site-packages/pyspark/context.py","lineno":515,"name":"getOrCreate"},{"filename":"/home/airflow/.local/lib/python3.13/site-packages/pyspark/context.py","lineno":201,"name":"__init__"},{"filename":"/home/airflow/.local/lib/python3.13/site-packages/pyspark/context.py","lineno":436,"name":"_ensure_initialized"},{"filename":"/home/airflow/.local/lib/python3.13/site-packages/pyspark/java_gateway.py","lineno":107,"name":"launch_gateway"}],"is_group":false,"exceptions":[]}]}
{"timestamp":"2026-05-11T16:47:02.978155Z","level":"info","event":"Task instance in failure state","logger":"task.stdout"}
{"timestamp":"2026-05-11T16:47:02.981840Z","level":"info","event":"Task start","logger":"task.stdout"}
{"timestamp":"2026-05-11T16:47:02.982673Z","level":"info","event":"Task:<Task(PythonOperator): process_partition>","logger":"task.stdout"}
{"timestamp":"2026-05-11T16:47:02.983195Z","level":"info","event":"Failure caused by [JAVA_GATEWAY_EXITED] Java gateway process exited before sending its port number.","logger":"task.stdout"}
{"timestamp":"2026-05-11T17:17:42.906738Z","level":"info","event":"DAG bundles loaded: dags-folder, example_dags","logger":"airflow.dag_processing.bundles.manager.DagBundlesManager","filename":"manager.py","lineno":209}
{"timestamp":"2026-05-11T17:17:42.908525Z","level":"info","event":"Filling up the DagBag from /opt/airflow/dags/__pycache__/csv_upsert_pipeline.py","logger":"airflow.dag_processing.dagbag.BundleDagBag","filename":"dagbag.py","lineno":469}
{"timestamp":"2026-05-11T17:17:42.934041Z","level":"warning","event":"airflow.exceptions.AirflowSkipException is deprecated and will be removed in a future version. Use airflow.sdk.exceptions.AirflowSkipException instead.","category":"UserWarning","filename":"/opt/airflow/dags/__pycache__/csv_upsert_pipeline.py","lineno":7,"logger":"py.warnings"}
{"timestamp":"2026-05-11T17:17:43.322258Z","level":"info","event":"Task instance is in running state","logger":"task.stdout"}
{"timestamp":"2026-05-11T17:17:43.323133Z","level":"info","event":" Previous state of the Task instance: TaskInstanceState.QUEUED","logger":"task.stdout"}
{"timestamp":"2026-05-11T17:17:43.323589Z","level":"info","event":"Current task name:process_partition","logger":"task.stdout"}
{"timestamp":"2026-05-11T17:17:43.324220Z","level":"info","event":"Dag name:csv_upsert_pipeline","logger":"task.stdout"}
{"timestamp":"2026-05-11T17:17:43.336430Z","level":"info","event":"[INFO] data_interval_start : 2026-05-03 18:00:00+00:00","logger":"task.stdout"}
{"timestamp":"2026-05-11T17:17:43.337314Z","level":"info","event":"[INFO] data_interval_end   : 2026-05-03 18:00:00+00:00","logger":"task.stdout"}
{"timestamp":"2026-05-11T17:17:43.337988Z","level":"info","event":"[INFO] Processing partition: /data/time_stamp=2026-05-03-18","logger":"task.stdout"}
{"timestamp":"2026-05-11T17:17:43.363927Z","level":"info","event":"[INFO] Sorted files: ['data_1.csv']","logger":"task.stdout"}
{"timestamp":"2026-05-11T17:17:43.392053Z","level":"info","event":"[INFO] Read data_1.csv  (index=1)","logger":"task.stdout"}
{"timestamp":"2026-05-11T17:17:43.392610Z","level":"info","event":"[INFO] Resolved 9 unique IDs for this run:","logger":"task.stdout"}
{"timestamp":"2026-05-11T17:17:43.396270Z","level":"info","event":"       id=1 → {'id': '1', 'name': 'Eve', 'age': '44', 'department': 'HR', 'salary': '84131.81', 'working_hours': '42.5'}","logger":"task.stdout"}
{"timestamp":"2026-05-11T17:17:43.399100Z","level":"info","event":"       id=2 → {'id': '2', 'name': 'Grace', 'age': '50', 'department': 'Operations', 'salary': '39680.06', 'working_hours': '56.4'}","logger":"task.stdout"}
{"timestamp":"2026-05-11T17:17:43.400632Z","level":"info","event":"       id=3 → {'id': '3', 'name': 'Charlie', 'age': '35', 'department': 'Engineering', 'salary': '109803.91', 'working_hours': '50.5'}","logger":"task.stdout"}
{"timestamp":"2026-05-11T17:17:43.405125Z","level":"info","event":"       id=4 → {'id': '4', 'name': 'Eve', 'age': '31', 'department': 'Engineering', 'salary': '43880.72', 'working_hours': '22.1'}","logger":"task.stdout"}
{"timestamp":"2026-05-11T17:17:43.410052Z","level":"info","event":"       id=5 → {'id': '5', 'name': 'Hank', 'age': '26', 'department': 'Finance', 'salary': '92900.14', 'working_hours': '28.7'}","logger":"task.stdout"}
{"timestamp":"2026-05-11T17:17:43.414252Z","level":"info","event":"       id=6 → {'id': '6', 'name': 'Grace', 'age': '53', 'department': 'HR', 'salary': '100929.56', 'working_hours': '23.8'}","logger":"task.stdout"}
{"timestamp":"2026-05-11T17:17:43.427855Z","level":"info","event":"       id=7 → {'id': '7', 'name': 'Frank', 'age': '32', 'department': 'Sales', 'salary': '109508.04', 'working_hours': '23.9'}","logger":"task.stdout"}
{"timestamp":"2026-05-11T17:17:43.432824Z","level":"info","event":"       id=8 → {'id': '8', 'name': 'Bob', 'age': '47', 'department': 'Finance', 'salary': '79600.78', 'working_hours': '21.9'}","logger":"task.stdout"}
{"timestamp":"2026-05-11T17:17:43.436470Z","level":"info","event":"       id=9 → {'id': '9', 'name': 'Hank', 'age': '22', 'department': 'Finance', 'salary': '87079.59', 'working_hours': '39.8'}","logger":"task.stdout"}
{"timestamp":"2026-05-11T17:17:43.442328Z","level":"info","event":"[INFO] result.csv found — upsert.","logger":"task.stdout"}
{"timestamp":"2026-05-11T17:17:43.448115Z","level":"info","event":"[INFO] In existing result.csv 20 rows.","logger":"task.stdout"}
{"timestamp":"2026-05-11T17:17:43.452913Z","level":"info","event":"       UPDATE  id=1","logger":"task.stdout"}
{"timestamp":"2026-05-11T17:17:43.460689Z","level":"info","event":"       UPDATE  id=2","logger":"task.stdout"}
{"timestamp":"2026-05-11T17:17:43.465111Z","level":"info","event":"       UPDATE  id=3","logger":"task.stdout"}
{"timestamp":"2026-05-11T17:17:43.469751Z","level":"info","event":"       UPDATE  id=4","logger":"task.stdout"}
{"timestamp":"2026-05-11T17:17:43.502441Z","level":"info","event":"       UPDATE  id=5","logger":"task.stdout"}
{"timestamp":"2026-05-11T17:17:43.504394Z","level":"info","event":"       UPDATE  id=6","logger":"task.stdout"}
{"timestamp":"2026-05-11T17:17:43.508163Z","level":"info","event":"       UPDATE  id=7","logger":"task.stdout"}
{"timestamp":"2026-05-11T17:17:43.521321Z","level":"info","event":"       UPDATE  id=8","logger":"task.stdout"}
{"timestamp":"2026-05-11T17:17:43.530001Z","level":"info","event":"       UPDATE  id=9","logger":"task.stdout"}
{"timestamp":"2026-05-11T17:17:43.534993Z","level":"info","event":"[INFO] result.csv updated — total 20 rows.","logger":"task.stdout"}
{"timestamp":"2026-05-11T17:17:43.392910Z","level":"info","event":"Done. Returned value was: None","logger":"airflow.task.operators.airflow.providers.standard.operators.python.PythonOperator","filename":"python.py","lineno":229}
{"timestamp":"2026-05-11T17:17:43.669370Z","level":"info","event":"Task instance in success state","logger":"task.stdout"}
{"timestamp":"2026-05-11T17:17:43.674730Z","level":"info","event":" Previous state of the Task instance: TaskInstanceState.RUNNING","logger":"task.stdout"}
{"timestamp":"2026-05-11T17:17:43.676795Z","level":"info","event":"Task operator:<Task(PythonOperator): process_partition>","logger":"task.stdout"}
