{"timestamp":"2026-05-05T10:59:51.854308Z","level":"info","event":"DAG bundles loaded: dags-folder, example_dags","logger":"airflow.dag_processing.bundles.manager.DagBundlesManager","filename":"manager.py","lineno":209}
{"timestamp":"2026-05-05T10:59:51.856803Z","level":"info","event":"Filling up the DagBag from /opt/airflow/dags/print_interval_dag.py","logger":"airflow.dag_processing.dagbag.BundleDagBag","filename":"dagbag.py","lineno":469}
{"timestamp":"2026-05-05T10:59:51.869954Z","level":"warning","event":"The `airflow.operators.python.PythonOperator` attribute is deprecated. Please use `'airflow.providers.standard.operators.python.PythonOperator'`.","category":"UserWarning","filename":"/opt/airflow/dags/print_interval_dag.py","lineno":2,"logger":"py.warnings"}
{"timestamp":"2026-05-05T10:59:51.922489Z","level":"info","event":"Task instance is in running state","logger":"task.stdout"}
{"timestamp":"2026-05-05T10:59:51.923271Z","level":"info","event":" Previous state of the Task instance: TaskInstanceState.QUEUED","logger":"task.stdout"}
{"timestamp":"2026-05-05T10:59:51.926001Z","level":"info","event":"Current task name:print_interval","logger":"task.stdout"}
{"timestamp":"2026-05-05T10:59:51.926615Z","level":"info","event":"Dag name:print_interval_dag","logger":"task.stdout"}
{"timestamp":"2026-05-05T10:59:51.927406Z","level":"info","event":"Interval Start: 2026-05-03 03:00:00+00:00","logger":"task.stdout"}
{"timestamp":"2026-05-05T10:59:51.927984Z","level":"info","event":"Interval End:   2026-05-03 03:00:00+00:00","logger":"task.stdout"}
{"timestamp":"2026-05-05T10:59:51.925143Z","level":"info","event":"Done. Returned value was: None","logger":"airflow.task.operators.airflow.providers.standard.operators.python.PythonOperator","filename":"python.py","lineno":229}
{"timestamp":"2026-05-05T10:59:52.021733Z","level":"info","event":"Task instance in success state","logger":"task.stdout"}
{"timestamp":"2026-05-05T10:59:52.024107Z","level":"info","event":" Previous state of the Task instance: TaskInstanceState.RUNNING","logger":"task.stdout"}
{"timestamp":"2026-05-05T10:59:52.025428Z","level":"info","event":"Task operator:<Task(PythonOperator): print_interval>","logger":"task.stdout"}
{"timestamp":"2026-05-05T12:36:38.667732Z","level":"info","event":"DAG bundles loaded: dags-folder, example_dags","logger":"airflow.dag_processing.bundles.manager.DagBundlesManager","filename":"manager.py","lineno":209}
{"timestamp":"2026-05-05T12:36:38.669051Z","level":"info","event":"Filling up the DagBag from /opt/airflow/dags/print_interval_dag.py","logger":"airflow.dag_processing.dagbag.BundleDagBag","filename":"dagbag.py","lineno":469}
{"timestamp":"2026-05-05T12:36:38.941051Z","level":"info","event":"Task instance is in running state","logger":"task.stdout"}
{"timestamp":"2026-05-05T12:36:38.951852Z","level":"info","event":" Previous state of the Task instance: TaskInstanceState.QUEUED","logger":"task.stdout"}
{"timestamp":"2026-05-05T12:36:38.954295Z","level":"info","event":"Current task name:print_interval","logger":"task.stdout"}
{"timestamp":"2026-05-05T12:36:38.957157Z","level":"info","event":"Dag name:print_interval_dag","logger":"task.stdout"}
{"timestamp":"2026-05-05T12:36:38.959614Z","level":"info","event":"=== INTERVAL INFO ===","logger":"task.stdout"}
{"timestamp":"2026-05-05T12:36:38.965865Z","level":"info","event":"Interval Start:  2026-05-03 03:00:00+00:00","logger":"task.stdout"}
{"timestamp":"2026-05-05T12:36:38.969226Z","level":"info","event":"Interval End:    2026-05-03 03:00:00+00:00","logger":"task.stdout"}
{"timestamp":"2026-05-05T12:36:38.970321Z","level":"info","event":"Duration:        <Interval [2026-05-03 03:00:00+00:00 -> 2026-05-03 03:00:00+00:00]>","logger":"task.stdout"}
{"timestamp":"2026-05-05T12:36:38.971359Z","level":"info","event":"=== ALL AVAILABLE MACROS ===","logger":"task.stdout"}
{"timestamp":"2026-05-05T12:36:38.972580Z","level":"info","event":"dag: <DAG: print_interval_dag>","logger":"task.stdout"}
{"timestamp":"2026-05-05T12:36:38.976664Z","level":"info","event":"inlets: []","logger":"task.stdout"}
{"timestamp":"2026-05-05T12:36:38.977540Z","level":"info","event":"map_index_template: None","logger":"task.stdout"}
{"timestamp":"2026-05-05T12:36:38.978043Z","level":"info","event":"outlets: []","logger":"task.stdout"}
{"timestamp":"2026-05-05T12:36:38.978844Z","level":"info","event":"run_id: scheduled__2026-05-03T03:00:00+00:00","logger":"task.stdout"}
{"timestamp":"2026-05-05T12:36:38.980566Z","level":"info","event":"task: <Task(PythonOperator): print_interval>","logger":"task.stdout"}
{"timestamp":"2026-05-05T12:36:38.981993Z","level":"info","event":"task_instance: id=UUID('019df823-ec42-72d6-b394-db34d6b71f24') task_id='print_interval' dag_id='print_interval_dag' run_id='scheduled__2026-05-03T03:00:00+00:00' try_number=1 dag_version_id=UUID('019df823-45c2-7d20-afca-e010bf7e0ba7') map_index=-1 hostname='86abe326db93' context_carrier={'traceparent': '00-fa309a38e875e633f02dff58258f0333-6453bda7ca7cb726-01'} task=<Task(PythonOperator): print_interval> bundle_instance=LocalDagBundle(name=dags-folder) max_tries=0 start_date=datetime.datetime(2026, 5, 5, 12, 36, 37, 533699, tzinfo=datetime.timezone.utc) end_date=None state=<TaskInstanceState.RUNNING: 'running'> is_mapped=False rendered_map_index=None sentry_integration=''","logger":"task.stdout"}
{"timestamp":"2026-05-05T12:36:38.983507Z","level":"info","event":"ti: id=UUID('019df823-ec42-72d6-b394-db34d6b71f24') task_id='print_interval' dag_id='print_interval_dag' run_id='scheduled__2026-05-03T03:00:00+00:00' try_number=1 dag_version_id=UUID('019df823-45c2-7d20-afca-e010bf7e0ba7') map_index=-1 hostname='86abe326db93' context_carrier={'traceparent': '00-fa309a38e875e633f02dff58258f0333-6453bda7ca7cb726-01'} task=<Task(PythonOperator): print_interval> bundle_instance=LocalDagBundle(name=dags-folder) max_tries=0 start_date=datetime.datetime(2026, 5, 5, 12, 36, 37, 533699, tzinfo=datetime.timezone.utc) end_date=None state=<TaskInstanceState.RUNNING: 'running'> is_mapped=False rendered_map_index=None sentry_integration=''","logger":"task.stdout"}
{"timestamp":"2026-05-05T12:36:38.984546Z","level":"info","event":"outlet_events: OutletEventAccessors(_dict={})","logger":"task.stdout"}
{"timestamp":"2026-05-05T12:36:38.989034Z","level":"info","event":"inlet_events: InletEventsAccessors(_inlets=[], _assets={}, _asset_aliases={})","logger":"task.stdout"}
{"timestamp":"2026-05-05T12:36:38.991532Z","level":"info","event":"macros: <MacrosAccessor (dynamic access to macros)>","logger":"task.stdout"}
{"timestamp":"2026-05-05T12:36:38.992505Z","level":"info","event":"params: {}","logger":"task.stdout"}
{"timestamp":"2026-05-05T12:36:38.993365Z","level":"info","event":"var: {'json': <VariableAccessor (dynamic access)>, 'value': <VariableAccessor (dynamic access)>}","logger":"task.stdout"}
{"timestamp":"2026-05-05T12:36:38.993971Z","level":"info","event":"conn: <ConnectionAccessor (dynamic access)>","logger":"task.stdout"}
{"timestamp":"2026-05-05T12:36:38.995426Z","level":"info","event":"dag_run: dag_id='print_interval_dag' run_id='scheduled__2026-05-03T03:00:00+00:00' logical_date=datetime.datetime(2026, 5, 3, 3, 0, tzinfo=datetime.timezone.utc) data_interval_start=datetime.datetime(2026, 5, 3, 3, 0, tzinfo=datetime.timezone.utc) data_interval_end=datetime.datetime(2026, 5, 3, 3, 0, tzinfo=datetime.timezone.utc) run_after=datetime.datetime(2026, 5, 3, 3, 0, tzinfo=datetime.timezone.utc) start_date=datetime.datetime(2026, 5, 5, 12, 36, 37, 89744, tzinfo=datetime.timezone.utc) end_date=None clear_number=0 run_type=<DagRunType.SCHEDULED: 'scheduled'> state=<DagRunState.RUNNING: 'running'> conf={} triggering_user_name=None consumed_asset_events=[] partition_key=None note=None","logger":"task.stdout"}
{"timestamp":"2026-05-05T12:36:38.996066Z","level":"info","event":"triggering_asset_events: TriggeringAssetEventAccessor(_events=defaultdict(<class 'list'>, {}))","logger":"task.stdout"}
{"timestamp":"2026-05-05T12:36:38.998098Z","level":"info","event":"task_instance_key_str: print_interval_dag__print_interval__20260503","logger":"task.stdout"}
{"timestamp":"2026-05-05T12:36:38.998942Z","level":"info","event":"task_reschedule_count: 0","logger":"task.stdout"}
{"timestamp":"2026-05-05T12:36:39.139164Z","level":"info","event":"prev_start_date_success: 2026-05-05 12:36:36.610438+00:00","logger":"task.stdout"}
{"timestamp":"2026-05-05T12:36:39.140897Z","level":"info","event":"prev_end_date_success: 2026-05-05 12:36:38.852719+00:00","logger":"task.stdout"}
{"timestamp":"2026-05-05T12:36:39.142365Z","level":"info","event":"logical_date: 2026-05-03 03:00:00+00:00","logger":"task.stdout"}
{"timestamp":"2026-05-05T12:36:39.144369Z","level":"info","event":"ds: 2026-05-03","logger":"task.stdout"}
{"timestamp":"2026-05-05T12:36:39.149047Z","level":"info","event":"ds_nodash: 20260503","logger":"task.stdout"}
{"timestamp":"2026-05-05T12:36:39.150883Z","level":"info","event":"ts: 2026-05-03T03:00:00+00:00","logger":"task.stdout"}
{"timestamp":"2026-05-05T12:36:39.152207Z","level":"info","event":"ts_nodash: 20260503T030000","logger":"task.stdout"}
{"timestamp":"2026-05-05T12:36:39.153359Z","level":"info","event":"ts_nodash_with_tz: 20260503T030000+0000","logger":"task.stdout"}
{"timestamp":"2026-05-05T12:36:39.155543Z","level":"info","event":"data_interval_end: 2026-05-03 03:00:00+00:00","logger":"task.stdout"}
{"timestamp":"2026-05-05T12:36:39.156611Z","level":"info","event":"data_interval_start: 2026-05-03 03:00:00+00:00","logger":"task.stdout"}
{"timestamp":"2026-05-05T12:36:39.157346Z","level":"info","event":"prev_data_interval_start_success: 2026-05-03 00:00:00+00:00","logger":"task.stdout"}
{"timestamp":"2026-05-05T12:36:39.158872Z","level":"info","event":"prev_data_interval_end_success: 2026-05-03 00:00:00+00:00","logger":"task.stdout"}
{"timestamp":"2026-05-05T12:36:39.159381Z","level":"info","event":"templates_dict: None","logger":"task.stdout"}
{"timestamp":"2026-05-05T12:36:39.139895Z","level":"info","event":"Done. Returned value was: None","logger":"airflow.task.operators.airflow.providers.standard.operators.python.PythonOperator","filename":"python.py","lineno":229}
{"timestamp":"2026-05-05T12:36:39.445242Z","level":"info","event":"Task instance in success state","logger":"task.stdout"}
{"timestamp":"2026-05-05T12:36:39.446197Z","level":"info","event":" Previous state of the Task instance: TaskInstanceState.RUNNING","logger":"task.stdout"}
{"timestamp":"2026-05-05T12:36:39.447818Z","level":"info","event":"Task operator:<Task(PythonOperator): print_interval>","logger":"task.stdout"}
{"timestamp":"2026-05-05T13:23:51.523395Z","level":"info","event":"DAG bundles loaded: dags-folder, example_dags","logger":"airflow.dag_processing.bundles.manager.DagBundlesManager","filename":"manager.py","lineno":209}
{"timestamp":"2026-05-05T13:23:51.525848Z","level":"info","event":"Filling up the DagBag from /opt/airflow/dags/print_interval_dag.py","logger":"airflow.dag_processing.dagbag.BundleDagBag","filename":"dagbag.py","lineno":469}
{"timestamp":"2026-05-05T13:23:51.595611Z","level":"info","event":"Task instance is in running state","logger":"task.stdout"}
{"timestamp":"2026-05-05T13:23:51.597646Z","level":"info","event":" Previous state of the Task instance: TaskInstanceState.QUEUED","logger":"task.stdout"}
{"timestamp":"2026-05-05T13:23:51.601542Z","level":"info","event":"Current task name:print_interval","logger":"task.stdout"}
{"timestamp":"2026-05-05T13:23:51.602072Z","level":"info","event":"Dag name:print_interval_dag","logger":"task.stdout"}
{"timestamp":"2026-05-05T13:23:51.602518Z","level":"info","event":"=== INTERVAL INFO ===","logger":"task.stdout"}
{"timestamp":"2026-05-05T13:23:51.603142Z","level":"info","event":"Interval Start:  2026-05-03 03:00:00+00:00","logger":"task.stdout"}
{"timestamp":"2026-05-05T13:23:51.603615Z","level":"info","event":"Interval End:    2026-05-03 03:00:00+00:00","logger":"task.stdout"}
{"timestamp":"2026-05-05T13:23:51.604024Z","level":"info","event":"Duration:        0:00:00","logger":"task.stdout"}
{"timestamp":"2026-05-05T13:23:51.604392Z","level":"info","event":"=== ALL AVAILABLE MACROS ===","logger":"task.stdout"}
{"timestamp":"2026-05-05T13:23:51.605004Z","level":"info","event":"dag: <DAG: print_interval_dag>","logger":"task.stdout"}
{"timestamp":"2026-05-05T13:23:51.605586Z","level":"info","event":"inlets: []","logger":"task.stdout"}
{"timestamp":"2026-05-05T13:23:51.605890Z","level":"info","event":"map_index_template: None","logger":"task.stdout"}
{"timestamp":"2026-05-05T13:23:51.606306Z","level":"info","event":"outlets: []","logger":"task.stdout"}
{"timestamp":"2026-05-05T13:23:51.606698Z","level":"info","event":"run_id: scheduled__2026-05-03T03:00:00+00:00","logger":"task.stdout"}
{"timestamp":"2026-05-05T13:23:51.609568Z","level":"info","event":"task: <Task(PythonOperator): print_interval>","logger":"task.stdout"}
{"timestamp":"2026-05-05T13:23:51.610297Z","level":"info","event":"task_instance: id=UUID('019df84f-27a4-7551-a945-39cc84a34560') task_id='print_interval' dag_id='print_interval_dag' run_id='scheduled__2026-05-03T03:00:00+00:00' try_number=1 dag_version_id=UUID('019df84c-bf62-7f14-8fe7-d050202e4827') map_index=-1 hostname='86abe326db93' context_carrier={'traceparent': '00-6dee58fc63760c86d0214b0e5a9329d0-ace97093d4b13aac-01'} task=<Task(PythonOperator): print_interval> bundle_instance=LocalDagBundle(name=dags-folder) max_tries=0 start_date=datetime.datetime(2026, 5, 5, 13, 23, 50, 638642, tzinfo=datetime.timezone.utc) end_date=None state=<TaskInstanceState.RUNNING: 'running'> is_mapped=False rendered_map_index=None sentry_integration=''","logger":"task.stdout"}
{"timestamp":"2026-05-05T13:23:51.613577Z","level":"info","event":"ti: id=UUID('019df84f-27a4-7551-a945-39cc84a34560') task_id='print_interval' dag_id='print_interval_dag' run_id='scheduled__2026-05-03T03:00:00+00:00' try_number=1 dag_version_id=UUID('019df84c-bf62-7f14-8fe7-d050202e4827') map_index=-1 hostname='86abe326db93' context_carrier={'traceparent': '00-6dee58fc63760c86d0214b0e5a9329d0-ace97093d4b13aac-01'} task=<Task(PythonOperator): print_interval> bundle_instance=LocalDagBundle(name=dags-folder) max_tries=0 start_date=datetime.datetime(2026, 5, 5, 13, 23, 50, 638642, tzinfo=datetime.timezone.utc) end_date=None state=<TaskInstanceState.RUNNING: 'running'> is_mapped=False rendered_map_index=None sentry_integration=''","logger":"task.stdout"}
{"timestamp":"2026-05-05T13:23:51.614297Z","level":"info","event":"outlet_events: OutletEventAccessors(_dict={})","logger":"task.stdout"}
{"timestamp":"2026-05-05T13:23:51.614936Z","level":"info","event":"inlet_events: InletEventsAccessors(_inlets=[], _assets={}, _asset_aliases={})","logger":"task.stdout"}
{"timestamp":"2026-05-05T13:23:51.615462Z","level":"info","event":"macros: <MacrosAccessor (dynamic access to macros)>","logger":"task.stdout"}
{"timestamp":"2026-05-05T13:23:51.616090Z","level":"info","event":"params: {}","logger":"task.stdout"}
{"timestamp":"2026-05-05T13:23:51.617360Z","level":"info","event":"var: {'json': <VariableAccessor (dynamic access)>, 'value': <VariableAccessor (dynamic access)>}","logger":"task.stdout"}
{"timestamp":"2026-05-05T13:23:51.617876Z","level":"info","event":"conn: <ConnectionAccessor (dynamic access)>","logger":"task.stdout"}
{"timestamp":"2026-05-05T13:23:51.618369Z","level":"info","event":"dag_run: dag_id='print_interval_dag' run_id='scheduled__2026-05-03T03:00:00+00:00' logical_date=datetime.datetime(2026, 5, 3, 3, 0, tzinfo=datetime.timezone.utc) data_interval_start=datetime.datetime(2026, 5, 3, 3, 0, tzinfo=datetime.timezone.utc) data_interval_end=datetime.datetime(2026, 5, 3, 3, 0, tzinfo=datetime.timezone.utc) run_after=datetime.datetime(2026, 5, 3, 3, 0, tzinfo=datetime.timezone.utc) start_date=datetime.datetime(2026, 5, 5, 13, 23, 50, 331559, tzinfo=datetime.timezone.utc) end_date=None clear_number=0 run_type=<DagRunType.SCHEDULED: 'scheduled'> state=<DagRunState.RUNNING: 'running'> conf={} triggering_user_name=None consumed_asset_events=[] partition_key=None note=None","logger":"task.stdout"}
{"timestamp":"2026-05-05T13:23:51.618811Z","level":"info","event":"triggering_asset_events: TriggeringAssetEventAccessor(_events=defaultdict(<class 'list'>, {}))","logger":"task.stdout"}
{"timestamp":"2026-05-05T13:23:51.619241Z","level":"info","event":"task_instance_key_str: print_interval_dag__print_interval__20260503","logger":"task.stdout"}
{"timestamp":"2026-05-05T13:23:51.623749Z","level":"info","event":"task_reschedule_count: 0","logger":"task.stdout"}
{"timestamp":"2026-05-05T13:23:51.673164Z","level":"info","event":"prev_start_date_success: 2026-05-05 13:23:49.927290+00:00","logger":"task.stdout"}
{"timestamp":"2026-05-05T13:23:51.673754Z","level":"info","event":"prev_end_date_success: 2026-05-05 13:23:51.641685+00:00","logger":"task.stdout"}
{"timestamp":"2026-05-05T13:23:51.674361Z","level":"info","event":"logical_date: 2026-05-03 03:00:00+00:00","logger":"task.stdout"}
{"timestamp":"2026-05-05T13:23:51.674963Z","level":"info","event":"ds: 2026-05-03","logger":"task.stdout"}
{"timestamp":"2026-05-05T13:23:51.675508Z","level":"info","event":"ds_nodash: 20260503","logger":"task.stdout"}
{"timestamp":"2026-05-05T13:23:51.676058Z","level":"info","event":"ts: 2026-05-03T03:00:00+00:00","logger":"task.stdout"}
{"timestamp":"2026-05-05T13:23:51.676506Z","level":"info","event":"ts_nodash: 20260503T030000","logger":"task.stdout"}
{"timestamp":"2026-05-05T13:23:51.676932Z","level":"info","event":"ts_nodash_with_tz: 20260503T030000+0000","logger":"task.stdout"}
{"timestamp":"2026-05-05T13:23:51.677389Z","level":"info","event":"data_interval_end: 2026-05-03 03:00:00+00:00","logger":"task.stdout"}
{"timestamp":"2026-05-05T13:23:51.677854Z","level":"info","event":"data_interval_start: 2026-05-03 03:00:00+00:00","logger":"task.stdout"}
{"timestamp":"2026-05-05T13:23:51.678362Z","level":"info","event":"prev_data_interval_start_success: 2026-05-03 00:00:00+00:00","logger":"task.stdout"}
{"timestamp":"2026-05-05T13:23:51.679136Z","level":"info","event":"prev_data_interval_end_success: 2026-05-03 00:00:00+00:00","logger":"task.stdout"}
{"timestamp":"2026-05-05T13:23:51.679704Z","level":"info","event":"templates_dict: None","logger":"task.stdout"}
{"timestamp":"2026-05-05T13:23:51.672059Z","level":"info","event":"Done. Returned value was: None","logger":"airflow.task.operators.airflow.providers.standard.operators.python.PythonOperator","filename":"python.py","lineno":229}
{"timestamp":"2026-05-05T13:23:51.729707Z","level":"info","event":"Task instance in success state","logger":"task.stdout"}
{"timestamp":"2026-05-05T13:23:51.730848Z","level":"info","event":" Previous state of the Task instance: TaskInstanceState.RUNNING","logger":"task.stdout"}
{"timestamp":"2026-05-05T13:23:51.732373Z","level":"info","event":"Task operator:<Task(PythonOperator): print_interval>","logger":"task.stdout"}
{"timestamp":"2026-05-05T13:53:59.269246Z","level":"info","event":"DAG bundles loaded: dags-folder, example_dags","logger":"airflow.dag_processing.bundles.manager.DagBundlesManager","filename":"manager.py","lineno":209}
{"timestamp":"2026-05-05T13:53:59.271942Z","level":"info","event":"Filling up the DagBag from /opt/airflow/dags/print_interval_dag.py","logger":"airflow.dag_processing.dagbag.BundleDagBag","filename":"dagbag.py","lineno":469}
{"timestamp":"2026-05-05T13:53:59.337806Z","level":"info","event":"Task instance is in running state","logger":"task.stdout"}
{"timestamp":"2026-05-05T13:53:59.338561Z","level":"info","event":" Previous state of the Task instance: TaskInstanceState.QUEUED","logger":"task.stdout"}
{"timestamp":"2026-05-05T13:53:59.339407Z","level":"info","event":"Current task name:print_interval","logger":"task.stdout"}
{"timestamp":"2026-05-05T13:53:59.340890Z","level":"info","event":"Dag name:print_interval_dag","logger":"task.stdout"}
{"timestamp":"2026-05-05T13:53:59.344992Z","level":"info","event":"=== INTERVAL INFO ===","logger":"task.stdout"}
{"timestamp":"2026-05-05T13:53:59.346785Z","level":"info","event":"Interval Start:  2026-05-03 03:00:00+00:00","logger":"task.stdout"}
{"timestamp":"2026-05-05T13:53:59.347750Z","level":"info","event":"Interval End:    2026-05-03 06:00:00+00:00","logger":"task.stdout"}
{"timestamp":"2026-05-05T13:53:59.348347Z","level":"info","event":"Duration:        3:00:00","logger":"task.stdout"}
{"timestamp":"2026-05-05T13:53:59.349822Z","level":"info","event":"=== ALL AVAILABLE MACROS ===","logger":"task.stdout"}
{"timestamp":"2026-05-05T13:53:59.350747Z","level":"info","event":"dag: <DAG: print_interval_dag>","logger":"task.stdout"}
{"timestamp":"2026-05-05T13:53:59.351196Z","level":"info","event":"inlets: []","logger":"task.stdout"}
{"timestamp":"2026-05-05T13:53:59.354787Z","level":"info","event":"map_index_template: None","logger":"task.stdout"}
{"timestamp":"2026-05-05T13:53:59.355337Z","level":"info","event":"outlets: []","logger":"task.stdout"}
{"timestamp":"2026-05-05T13:53:59.355884Z","level":"info","event":"run_id: scheduled__2026-05-03T03:00:00+00:00","logger":"task.stdout"}
{"timestamp":"2026-05-05T13:53:59.356430Z","level":"info","event":"task: <Task(PythonOperator): print_interval>","logger":"task.stdout"}
{"timestamp":"2026-05-05T13:53:59.357173Z","level":"info","event":"task_instance: id=UUID('019df86a-bb30-731f-bacd-ee2bb0c05285') task_id='print_interval' dag_id='print_interval_dag' run_id='scheduled__2026-05-03T03:00:00+00:00' try_number=1 dag_version_id=UUID('019df868-e424-75da-84ee-f728e7b06374') map_index=-1 hostname='86abe326db93' context_carrier={'traceparent': '00-fca02f12a514ec22e49ab09f250b53f6-ad815bbf1681a5c0-01'} task=<Task(PythonOperator): print_interval> bundle_instance=LocalDagBundle(name=dags-folder) max_tries=0 start_date=datetime.datetime(2026, 5, 5, 13, 53, 58, 38872, tzinfo=datetime.timezone.utc) end_date=None state=<TaskInstanceState.RUNNING: 'running'> is_mapped=False rendered_map_index=None sentry_integration=''","logger":"task.stdout"}
{"timestamp":"2026-05-05T13:53:59.357965Z","level":"info","event":"ti: id=UUID('019df86a-bb30-731f-bacd-ee2bb0c05285') task_id='print_interval' dag_id='print_interval_dag' run_id='scheduled__2026-05-03T03:00:00+00:00' try_number=1 dag_version_id=UUID('019df868-e424-75da-84ee-f728e7b06374') map_index=-1 hostname='86abe326db93' context_carrier={'traceparent': '00-fca02f12a514ec22e49ab09f250b53f6-ad815bbf1681a5c0-01'} task=<Task(PythonOperator): print_interval> bundle_instance=LocalDagBundle(name=dags-folder) max_tries=0 start_date=datetime.datetime(2026, 5, 5, 13, 53, 58, 38872, tzinfo=datetime.timezone.utc) end_date=None state=<TaskInstanceState.RUNNING: 'running'> is_mapped=False rendered_map_index=None sentry_integration=''","logger":"task.stdout"}
{"timestamp":"2026-05-05T13:53:59.358585Z","level":"info","event":"outlet_events: OutletEventAccessors(_dict={})","logger":"task.stdout"}
{"timestamp":"2026-05-05T13:53:59.360075Z","level":"info","event":"inlet_events: InletEventsAccessors(_inlets=[], _assets={}, _asset_aliases={})","logger":"task.stdout"}
{"timestamp":"2026-05-05T13:53:59.360680Z","level":"info","event":"macros: <MacrosAccessor (dynamic access to macros)>","logger":"task.stdout"}
{"timestamp":"2026-05-05T13:53:59.361134Z","level":"info","event":"params: {}","logger":"task.stdout"}
{"timestamp":"2026-05-05T13:53:59.362569Z","level":"info","event":"var: {'json': <VariableAccessor (dynamic access)>, 'value': <VariableAccessor (dynamic access)>}","logger":"task.stdout"}
{"timestamp":"2026-05-05T13:53:59.363092Z","level":"info","event":"conn: <ConnectionAccessor (dynamic access)>","logger":"task.stdout"}
{"timestamp":"2026-05-05T13:53:59.363684Z","level":"info","event":"dag_run: dag_id='print_interval_dag' run_id='scheduled__2026-05-03T03:00:00+00:00' logical_date=datetime.datetime(2026, 5, 3, 3, 0, tzinfo=datetime.timezone.utc) data_interval_start=datetime.datetime(2026, 5, 3, 3, 0, tzinfo=datetime.timezone.utc) data_interval_end=datetime.datetime(2026, 5, 3, 3, 0, tzinfo=datetime.timezone.utc) run_after=datetime.datetime(2026, 5, 3, 3, 0, tzinfo=datetime.timezone.utc) start_date=datetime.datetime(2026, 5, 5, 13, 53, 57, 626451, tzinfo=datetime.timezone.utc) end_date=None clear_number=0 run_type=<DagRunType.SCHEDULED: 'scheduled'> state=<DagRunState.RUNNING: 'running'> conf={} triggering_user_name=None consumed_asset_events=[] partition_key=None note=None","logger":"task.stdout"}
{"timestamp":"2026-05-05T13:53:59.365510Z","level":"info","event":"triggering_asset_events: TriggeringAssetEventAccessor(_events=defaultdict(<class 'list'>, {}))","logger":"task.stdout"}
{"timestamp":"2026-05-05T13:53:59.366393Z","level":"info","event":"task_instance_key_str: print_interval_dag__print_interval__20260503","logger":"task.stdout"}
{"timestamp":"2026-05-05T13:53:59.366847Z","level":"info","event":"task_reschedule_count: 0","logger":"task.stdout"}
{"timestamp":"2026-05-05T13:53:59.395704Z","level":"info","event":"prev_start_date_success: 2026-05-05 13:53:57.053075+00:00","logger":"task.stdout"}
{"timestamp":"2026-05-05T13:53:59.396885Z","level":"info","event":"prev_end_date_success: 2026-05-05 13:53:59.303964+00:00","logger":"task.stdout"}
{"timestamp":"2026-05-05T13:53:59.397503Z","level":"info","event":"logical_date: 2026-05-03 03:00:00+00:00","logger":"task.stdout"}
{"timestamp":"2026-05-05T13:53:59.398763Z","level":"info","event":"ds: 2026-05-03","logger":"task.stdout"}
{"timestamp":"2026-05-05T13:53:59.399239Z","level":"info","event":"ds_nodash: 20260503","logger":"task.stdout"}
{"timestamp":"2026-05-05T13:53:59.400229Z","level":"info","event":"ts: 2026-05-03T03:00:00+00:00","logger":"task.stdout"}
{"timestamp":"2026-05-05T13:53:59.400641Z","level":"info","event":"ts_nodash: 20260503T030000","logger":"task.stdout"}
{"timestamp":"2026-05-05T13:53:59.401052Z","level":"info","event":"ts_nodash_with_tz: 20260503T030000+0000","logger":"task.stdout"}
{"timestamp":"2026-05-05T13:53:59.401479Z","level":"info","event":"data_interval_end: 2026-05-03 03:00:00+00:00","logger":"task.stdout"}
{"timestamp":"2026-05-05T13:53:59.401919Z","level":"info","event":"data_interval_start: 2026-05-03 03:00:00+00:00","logger":"task.stdout"}
{"timestamp":"2026-05-05T13:53:59.402363Z","level":"info","event":"prev_data_interval_start_success: 2026-05-03 00:00:00+00:00","logger":"task.stdout"}
{"timestamp":"2026-05-05T13:53:59.403163Z","level":"info","event":"prev_data_interval_end_success: 2026-05-03 00:00:00+00:00","logger":"task.stdout"}
{"timestamp":"2026-05-05T13:53:59.403911Z","level":"info","event":"templates_dict: None","logger":"task.stdout"}
{"timestamp":"2026-05-05T13:53:59.395949Z","level":"info","event":"Done. Returned value was: None","logger":"airflow.task.operators.airflow.providers.standard.operators.python.PythonOperator","filename":"python.py","lineno":229}
{"timestamp":"2026-05-05T13:53:59.442110Z","level":"info","event":"Task instance in success state","logger":"task.stdout"}
{"timestamp":"2026-05-05T13:53:59.442828Z","level":"info","event":" Previous state of the Task instance: TaskInstanceState.RUNNING","logger":"task.stdout"}
{"timestamp":"2026-05-05T13:53:59.443642Z","level":"info","event":"Task operator:<Task(PythonOperator): print_interval>","logger":"task.stdout"}
{"timestamp":"2026-05-06T14:47:17.213838Z","level":"info","event":"DAG bundles loaded: dags-folder, example_dags","logger":"airflow.dag_processing.bundles.manager.DagBundlesManager","filename":"manager.py","lineno":209}
{"timestamp":"2026-05-06T14:47:17.217788Z","level":"info","event":"Filling up the DagBag from /opt/airflow/dags/print_interval_dag.py","logger":"airflow.dag_processing.dagbag.BundleDagBag","filename":"dagbag.py","lineno":469}
{"timestamp":"2026-05-06T14:47:17.290329Z","level":"info","event":"Task instance is in running state","logger":"task.stdout"}
{"timestamp":"2026-05-06T14:47:17.290864Z","level":"info","event":" Previous state of the Task instance: TaskInstanceState.QUEUED","logger":"task.stdout"}
{"timestamp":"2026-05-06T14:47:17.291383Z","level":"info","event":"Current task name:print_interval","logger":"task.stdout"}
{"timestamp":"2026-05-06T14:47:17.291754Z","level":"info","event":"Dag name:print_interval_dag","logger":"task.stdout"}
{"timestamp":"2026-05-06T14:47:17.294164Z","level":"info","event":"=== INTERVAL INFO ===","logger":"task.stdout"}
{"timestamp":"2026-05-06T14:47:17.294953Z","level":"info","event":"Interval Start:  2026-05-03 03:00:00+00:00","logger":"task.stdout"}
{"timestamp":"2026-05-06T14:47:17.295580Z","level":"info","event":"Interval End:    2026-05-03 03:00:00+00:00","logger":"task.stdout"}
{"timestamp":"2026-05-06T14:47:17.296503Z","level":"info","event":"Duration:        0:00:00","logger":"task.stdout"}
{"timestamp":"2026-05-06T14:47:17.297121Z","level":"info","event":"=== ALL AVAILABLE MACROS ===","logger":"task.stdout"}
{"timestamp":"2026-05-06T14:47:17.297983Z","level":"info","event":"dag: <DAG: print_interval_dag>","logger":"task.stdout"}
{"timestamp":"2026-05-06T14:47:17.298844Z","level":"info","event":"inlets: []","logger":"task.stdout"}
{"timestamp":"2026-05-06T14:47:17.299422Z","level":"info","event":"map_index_template: None","logger":"task.stdout"}
{"timestamp":"2026-05-06T14:47:17.299867Z","level":"info","event":"outlets: []","logger":"task.stdout"}
{"timestamp":"2026-05-06T14:47:17.300302Z","level":"info","event":"run_id: scheduled__2026-05-03T03:00:00+00:00","logger":"task.stdout"}
{"timestamp":"2026-05-06T14:47:17.303050Z","level":"info","event":"task: <Task(PythonOperator): print_interval>","logger":"task.stdout"}
{"timestamp":"2026-05-06T14:47:17.304439Z","level":"info","event":"task_instance: id=UUID('019dfdc1-e287-79a9-8cda-653039db8e1a') task_id='print_interval' dag_id='print_interval_dag' run_id='scheduled__2026-05-03T03:00:00+00:00' try_number=1 dag_version_id=UUID('019dfdc0-ac2b-7973-9b93-eab8e640e2bd') map_index=-1 hostname='86abe326db93' context_carrier={'traceparent': '00-6a6dd0e561fe1718adb2affc93ebd81e-eea2214da24edd32-01'} task=<Task(PythonOperator): print_interval> bundle_instance=LocalDagBundle(name=dags-folder) max_tries=0 start_date=datetime.datetime(2026, 5, 6, 14, 47, 15, 877089, tzinfo=datetime.timezone.utc) end_date=None state=<TaskInstanceState.RUNNING: 'running'> is_mapped=False rendered_map_index=None sentry_integration=''","logger":"task.stdout"}
{"timestamp":"2026-05-06T14:47:17.305136Z","level":"info","event":"ti: id=UUID('019dfdc1-e287-79a9-8cda-653039db8e1a') task_id='print_interval' dag_id='print_interval_dag' run_id='scheduled__2026-05-03T03:00:00+00:00' try_number=1 dag_version_id=UUID('019dfdc0-ac2b-7973-9b93-eab8e640e2bd') map_index=-1 hostname='86abe326db93' context_carrier={'traceparent': '00-6a6dd0e561fe1718adb2affc93ebd81e-eea2214da24edd32-01'} task=<Task(PythonOperator): print_interval> bundle_instance=LocalDagBundle(name=dags-folder) max_tries=0 start_date=datetime.datetime(2026, 5, 6, 14, 47, 15, 877089, tzinfo=datetime.timezone.utc) end_date=None state=<TaskInstanceState.RUNNING: 'running'> is_mapped=False rendered_map_index=None sentry_integration=''","logger":"task.stdout"}
{"timestamp":"2026-05-06T14:47:17.305808Z","level":"info","event":"outlet_events: OutletEventAccessors(_dict={})","logger":"task.stdout"}
{"timestamp":"2026-05-06T14:47:17.306567Z","level":"info","event":"inlet_events: InletEventsAccessors(_inlets=[], _assets={}, _asset_aliases={})","logger":"task.stdout"}
{"timestamp":"2026-05-06T14:47:17.307095Z","level":"info","event":"macros: <MacrosAccessor (dynamic access to macros)>","logger":"task.stdout"}
{"timestamp":"2026-05-06T14:47:17.307570Z","level":"info","event":"params: {}","logger":"task.stdout"}
{"timestamp":"2026-05-06T14:47:17.308128Z","level":"info","event":"var: {'json': <VariableAccessor (dynamic access)>, 'value': <VariableAccessor (dynamic access)>}","logger":"task.stdout"}
{"timestamp":"2026-05-06T14:47:17.309115Z","level":"info","event":"conn: <ConnectionAccessor (dynamic access)>","logger":"task.stdout"}
{"timestamp":"2026-05-06T14:47:17.309822Z","level":"info","event":"dag_run: dag_id='print_interval_dag' run_id='scheduled__2026-05-03T03:00:00+00:00' logical_date=datetime.datetime(2026, 5, 3, 3, 0, tzinfo=datetime.timezone.utc) data_interval_start=datetime.datetime(2026, 5, 3, 3, 0, tzinfo=datetime.timezone.utc) data_interval_end=datetime.datetime(2026, 5, 3, 3, 0, tzinfo=datetime.timezone.utc) run_after=datetime.datetime(2026, 5, 3, 3, 0, tzinfo=datetime.timezone.utc) start_date=datetime.datetime(2026, 5, 6, 14, 47, 15, 371594, tzinfo=datetime.timezone.utc) end_date=None clear_number=0 run_type=<DagRunType.SCHEDULED: 'scheduled'> state=<DagRunState.RUNNING: 'running'> conf={} triggering_user_name=None consumed_asset_events=[] partition_key=None note=None","logger":"task.stdout"}
{"timestamp":"2026-05-06T14:47:17.311123Z","level":"info","event":"triggering_asset_events: TriggeringAssetEventAccessor(_events=defaultdict(<class 'list'>, {}))","logger":"task.stdout"}
{"timestamp":"2026-05-06T14:47:17.312778Z","level":"info","event":"task_instance_key_str: print_interval_dag__print_interval__20260503","logger":"task.stdout"}
{"timestamp":"2026-05-06T14:47:17.313626Z","level":"info","event":"task_reschedule_count: 0","logger":"task.stdout"}
{"timestamp":"2026-05-06T14:47:17.350786Z","level":"info","event":"prev_start_date_success: 2026-05-06 14:47:14.305550+00:00","logger":"task.stdout"}
{"timestamp":"2026-05-06T14:47:17.353299Z","level":"info","event":"prev_end_date_success: 2026-05-06 14:47:16.775701+00:00","logger":"task.stdout"}
{"timestamp":"2026-05-06T14:47:17.354205Z","level":"info","event":"logical_date: 2026-05-03 03:00:00+00:00","logger":"task.stdout"}
{"timestamp":"2026-05-06T14:47:17.354821Z","level":"info","event":"ds: 2026-05-03","logger":"task.stdout"}
{"timestamp":"2026-05-06T14:47:17.355339Z","level":"info","event":"ds_nodash: 20260503","logger":"task.stdout"}
{"timestamp":"2026-05-06T14:47:17.355926Z","level":"info","event":"ts: 2026-05-03T03:00:00+00:00","logger":"task.stdout"}
{"timestamp":"2026-05-06T14:47:17.356648Z","level":"info","event":"ts_nodash: 20260503T030000","logger":"task.stdout"}
{"timestamp":"2026-05-06T14:47:17.357353Z","level":"info","event":"ts_nodash_with_tz: 20260503T030000+0000","logger":"task.stdout"}
{"timestamp":"2026-05-06T14:47:17.357970Z","level":"info","event":"data_interval_end: 2026-05-03 03:00:00+00:00","logger":"task.stdout"}
{"timestamp":"2026-05-06T14:47:17.358771Z","level":"info","event":"data_interval_start: 2026-05-03 03:00:00+00:00","logger":"task.stdout"}
{"timestamp":"2026-05-06T14:47:17.359311Z","level":"info","event":"prev_data_interval_start_success: 2026-05-02 21:00:00+00:00","logger":"task.stdout"}
{"timestamp":"2026-05-06T14:47:17.359721Z","level":"info","event":"prev_data_interval_end_success: 2026-05-02 21:00:00+00:00","logger":"task.stdout"}
{"timestamp":"2026-05-06T14:47:17.360272Z","level":"info","event":"templates_dict: None","logger":"task.stdout"}
{"timestamp":"2026-05-06T14:47:17.351743Z","level":"info","event":"Done. Returned value was: None","logger":"airflow.task.operators.airflow.providers.standard.operators.python.PythonOperator","filename":"python.py","lineno":229}
{"timestamp":"2026-05-06T14:47:17.455850Z","level":"info","event":"Task instance in success state","logger":"task.stdout"}
{"timestamp":"2026-05-06T14:47:17.458560Z","level":"info","event":" Previous state of the Task instance: TaskInstanceState.RUNNING","logger":"task.stdout"}
{"timestamp":"2026-05-06T14:47:17.460253Z","level":"info","event":"Task operator:<Task(PythonOperator): print_interval>","logger":"task.stdout"}
{"timestamp":"2026-05-06T14:50:36.774970Z","level":"info","event":"DAG bundles loaded: dags-folder, example_dags","logger":"airflow.dag_processing.bundles.manager.DagBundlesManager","filename":"manager.py","lineno":209}
{"timestamp":"2026-05-06T14:50:36.776817Z","level":"info","event":"Filling up the DagBag from /opt/airflow/dags/print_interval_dag.py","logger":"airflow.dag_processing.dagbag.BundleDagBag","filename":"dagbag.py","lineno":469}
{"timestamp":"2026-05-06T14:50:36.911915Z","level":"info","event":"Task instance is in running state","logger":"task.stdout"}
{"timestamp":"2026-05-06T14:50:36.915890Z","level":"info","event":" Previous state of the Task instance: TaskInstanceState.QUEUED","logger":"task.stdout"}
{"timestamp":"2026-05-06T14:50:36.916589Z","level":"info","event":"Current task name:print_interval","logger":"task.stdout"}
{"timestamp":"2026-05-06T14:50:36.917259Z","level":"info","event":"Dag name:print_interval_dag","logger":"task.stdout"}
{"timestamp":"2026-05-06T14:50:36.915406Z","level":"error","event":"Task failed with exception","logger":"task","filename":"task_runner.py","lineno":1347,"error_detail":[{"exc_type":"AttributeError","exc_value":"'DAG' object has no attribute 'schedule_interval'","exc_notes":[],"syntax_error":null,"is_cause":false,"frames":[{"filename":"/home/airflow/.local/lib/python3.13/site-packages/airflow/sdk/execution_time/task_runner.py","lineno":1263,"name":"run"},{"filename":"/home/airflow/.local/lib/python3.13/site-packages/airflow/sdk/execution_time/task_runner.py","lineno":1678,"name":"_execute_task"},{"filename":"/home/airflow/.local/lib/python3.13/site-packages/airflow/sdk/bases/operator.py","lineno":443,"name":"wrapper"},{"filename":"/home/airflow/.local/lib/python3.13/site-packages/airflow/providers/standard/operators/python.py","lineno":227,"name":"execute"},{"filename":"/home/airflow/.local/lib/python3.13/site-packages/airflow/providers/standard/operators/python.py","lineno":250,"name":"execute_callable"},{"filename":"/home/airflow/.local/lib/python3.13/site-packages/airflow/sdk/execution_time/callback_runner.py","lineno":97,"name":"run"},{"filename":"/opt/airflow/dags/print_interval_dag.py","lineno":11,"name":"print_interval"}],"is_group":false,"exceptions":[]}]}
{"timestamp":"2026-05-06T14:50:36.920521Z","level":"info","event":"Task instance in failure state","logger":"task.stdout"}
{"timestamp":"2026-05-06T14:50:36.921268Z","level":"info","event":"Task start","logger":"task.stdout"}
{"timestamp":"2026-05-06T14:50:36.921843Z","level":"info","event":"Task:<Task(PythonOperator): print_interval>","logger":"task.stdout"}
{"timestamp":"2026-05-06T14:50:36.922494Z","level":"info","event":"Failure caused by 'DAG' object has no attribute 'schedule_interval'","logger":"task.stdout"}
{"timestamp":"2026-05-06T14:53:19.249197Z","level":"info","event":"DAG bundles loaded: dags-folder, example_dags","logger":"airflow.dag_processing.bundles.manager.DagBundlesManager","filename":"manager.py","lineno":209}
{"timestamp":"2026-05-06T14:53:19.251263Z","level":"info","event":"Filling up the DagBag from /opt/airflow/dags/print_interval_dag.py","logger":"airflow.dag_processing.dagbag.BundleDagBag","filename":"dagbag.py","lineno":469}
{"timestamp":"2026-05-06T14:53:19.324638Z","level":"info","event":"Task instance is in running state","logger":"task.stdout"}
{"timestamp":"2026-05-06T14:53:19.325320Z","level":"info","event":" Previous state of the Task instance: TaskInstanceState.QUEUED","logger":"task.stdout"}
{"timestamp":"2026-05-06T14:53:19.326618Z","level":"info","event":"Current task name:print_interval","logger":"task.stdout"}
{"timestamp":"2026-05-06T14:53:19.329138Z","level":"info","event":"Dag name:print_interval_dag","logger":"task.stdout"}
{"timestamp":"2026-05-06T14:53:19.331473Z","level":"info","event":"=== INTERVAL INFO ===","logger":"task.stdout"}
{"timestamp":"2026-05-06T14:53:19.332179Z","level":"info","event":"Interval Start:  2026-05-03 03:00:00+00:00","logger":"task.stdout"}
{"timestamp":"2026-05-06T14:53:19.332766Z","level":"info","event":"Interval End:    2026-05-03 06:00:00+00:00","logger":"task.stdout"}
{"timestamp":"2026-05-06T14:53:19.333250Z","level":"info","event":"Duration:        3:00:00","logger":"task.stdout"}
{"timestamp":"2026-05-06T14:53:19.330490Z","level":"info","event":"Done. Returned value was: None","logger":"airflow.task.operators.airflow.providers.standard.operators.python.PythonOperator","filename":"python.py","lineno":229}
{"timestamp":"2026-05-06T14:53:19.379253Z","level":"info","event":"Task instance in success state","logger":"task.stdout"}
{"timestamp":"2026-05-06T14:53:19.381019Z","level":"info","event":" Previous state of the Task instance: TaskInstanceState.RUNNING","logger":"task.stdout"}
{"timestamp":"2026-05-06T14:53:19.383470Z","level":"info","event":"Task operator:<Task(PythonOperator): print_interval>","logger":"task.stdout"}
