{"timestamp":"2026-05-08T17:38:35.902403Z","level":"info","event":"DAG bundles loaded: dags-folder, example_dags","logger":"airflow.dag_processing.bundles.manager.DagBundlesManager","filename":"manager.py","lineno":209}
{"timestamp":"2026-05-08T17:38:35.904133Z","level":"info","event":"Filling up the DagBag from /opt/airflow/dags/csv_upsert_pipeline.py","logger":"airflow.dag_processing.dagbag.BundleDagBag","filename":"dagbag.py","lineno":469}
{"timestamp":"2026-05-08T17:38:35.916124Z","level":"warning","event":"airflow.exceptions.AirflowSkipException is deprecated and will be removed in a future version. Use airflow.sdk.exceptions.AirflowSkipException instead.","category":"UserWarning","filename":"/opt/airflow/dags/csv_upsert_pipeline.py","lineno":7,"logger":"py.warnings"}
{"timestamp":"2026-05-08T17:38:35.968148Z","level":"info","event":"Task instance is in running state","logger":"task.stdout"}
{"timestamp":"2026-05-08T17:38:35.968810Z","level":"info","event":" Previous state of the Task instance: TaskInstanceState.QUEUED","logger":"task.stdout"}
{"timestamp":"2026-05-08T17:38:35.969147Z","level":"info","event":"Current task name:process_partition","logger":"task.stdout"}
{"timestamp":"2026-05-08T17:38:35.969491Z","level":"info","event":"Dag name:csv_upsert_pipeline","logger":"task.stdout"}
{"timestamp":"2026-05-08T17:38:35.973614Z","level":"info","event":"[INFO] data_interval_start : 2026-05-06 06:00:00+00:00","logger":"task.stdout"}
{"timestamp":"2026-05-08T17:38:35.974264Z","level":"info","event":"[INFO] data_interval_end   : 2026-05-06 06:00:00+00:00","logger":"task.stdout"}
{"timestamp":"2026-05-08T17:38:35.974946Z","level":"info","event":"[INFO] Processing partition: /data/time_stamp=2026-05-06-06","logger":"task.stdout"}
{"timestamp":"2026-05-08T17:38:35.976904Z","level":"info","event":"[INFO] Sorted files: ['data_1.csv', 'data_2.csv', 'data_3.csv', 'data_4.csv', 'data_5.csv']","logger":"task.stdout"}
{"timestamp":"2026-05-08T17:38:35.979927Z","level":"info","event":"[INFO] Read data_1.csv  (index=1)","logger":"task.stdout"}
{"timestamp":"2026-05-08T17:38:35.982162Z","level":"info","event":"[INFO] Read data_2.csv  (index=2)","logger":"task.stdout"}
{"timestamp":"2026-05-08T17:38:35.983967Z","level":"info","event":"[INFO] Read data_3.csv  (index=3)","logger":"task.stdout"}
{"timestamp":"2026-05-08T17:38:35.985440Z","level":"info","event":"[INFO] Read data_4.csv  (index=4)","logger":"task.stdout"}
{"timestamp":"2026-05-08T17:38:35.987300Z","level":"info","event":"[INFO] Read data_5.csv  (index=5)","logger":"task.stdout"}
{"timestamp":"2026-05-08T17:38:35.988247Z","level":"info","event":"[INFO] Resolved 19 unique IDs for this run:","logger":"task.stdout"}
{"timestamp":"2026-05-08T17:38:35.988839Z","level":"info","event":"       id=1 → {'id': '1', 'name': 'Alice', 'age': '31', 'department': 'Sales', 'salary': '101356.44', 'working_hours': '25.9'}","logger":"task.stdout"}
{"timestamp":"2026-05-08T17:38:35.989820Z","level":"info","event":"       id=2 → {'id': '2', 'name': 'Charlie', 'age': '45', 'department': 'Operations', 'salary': '36106.2', 'working_hours': '33.7'}","logger":"task.stdout"}
{"timestamp":"2026-05-08T17:38:35.990434Z","level":"info","event":"       id=3 → {'id': '3', 'name': 'Ivy', 'age': '35', 'department': 'Operations', 'salary': '95951.24', 'working_hours': '49.3'}","logger":"task.stdout"}
{"timestamp":"2026-05-08T17:38:35.991376Z","level":"info","event":"       id=4 → {'id': '4', 'name': 'Alice', 'age': '45', 'department': 'Finance', 'salary': '87447.2', 'working_hours': '24.8'}","logger":"task.stdout"}
{"timestamp":"2026-05-08T17:38:35.991828Z","level":"info","event":"       id=5 → {'id': '5', 'name': 'Ivy', 'age': '32', 'department': 'Finance', 'salary': '114675.76', 'working_hours': '46.0'}","logger":"task.stdout"}
{"timestamp":"2026-05-08T17:38:35.992302Z","level":"info","event":"       id=6 → {'id': '6', 'name': 'Hank', 'age': '38', 'department': 'Marketing', 'salary': '66542.66', 'working_hours': '53.4'}","logger":"task.stdout"}
{"timestamp":"2026-05-08T17:38:35.992734Z","level":"info","event":"       id=7 → {'id': '7', 'name': 'Frank', 'age': '40', 'department': 'Sales', 'salary': '74110.74', 'working_hours': '39.3'}","logger":"task.stdout"}
{"timestamp":"2026-05-08T17:38:35.993404Z","level":"info","event":"       id=8 → {'id': '8', 'name': 'Eve', 'age': '24', 'department': 'Operations', 'salary': '59303.74', 'working_hours': '41.0'}","logger":"task.stdout"}
{"timestamp":"2026-05-08T17:38:35.993839Z","level":"info","event":"       id=9 → {'id': '9', 'name': 'Grace', 'age': '37', 'department': 'Marketing', 'salary': '90391.3', 'working_hours': '40.7'}","logger":"task.stdout"}
{"timestamp":"2026-05-08T17:38:35.994247Z","level":"info","event":"       id=10 → {'id': '10', 'name': 'Eve', 'age': '54', 'department': 'Engineering', 'salary': '99267.58', 'working_hours': '41.9'}","logger":"task.stdout"}
{"timestamp":"2026-05-08T17:38:35.994697Z","level":"info","event":"       id=11 → {'id': '11', 'name': 'Grace', 'age': '47', 'department': 'Engineering', 'salary': '102287.99', 'working_hours': '57.9'}","logger":"task.stdout"}
{"timestamp":"2026-05-08T17:38:35.995069Z","level":"info","event":"       id=12 → {'id': '12', 'name': 'Jack', 'age': '41', 'department': 'Sales', 'salary': '74193.35', 'working_hours': '51.2'}","logger":"task.stdout"}
{"timestamp":"2026-05-08T17:38:35.995461Z","level":"info","event":"       id=13 → {'id': '13', 'name': 'Charlie', 'age': '46', 'department': 'Sales', 'salary': '86165.38', 'working_hours': '53.3'}","logger":"task.stdout"}
{"timestamp":"2026-05-08T17:38:35.995797Z","level":"info","event":"       id=14 → {'id': '14', 'name': 'Bob', 'age': '37', 'department': 'Operations', 'salary': '33263.01', 'working_hours': '29.8'}","logger":"task.stdout"}
{"timestamp":"2026-05-08T17:38:35.996156Z","level":"info","event":"       id=15 → {'id': '15', 'name': 'Bob', 'age': '26', 'department': 'Sales', 'salary': '90876.53', 'working_hours': '44.5'}","logger":"task.stdout"}
{"timestamp":"2026-05-08T17:38:35.996600Z","level":"info","event":"       id=16 → {'id': '16', 'name': 'Ivy', 'age': '32', 'department': 'HR', 'salary': '66838.87', 'working_hours': '59.9'}","logger":"task.stdout"}
{"timestamp":"2026-05-08T17:38:35.996930Z","level":"info","event":"       id=17 → {'id': '17', 'name': 'Eve', 'age': '53', 'department': 'Marketing', 'salary': '70939.86', 'working_hours': '41.0'}","logger":"task.stdout"}
{"timestamp":"2026-05-08T17:38:35.997256Z","level":"info","event":"       id=18 → {'id': '18', 'name': 'Grace', 'age': '44', 'department': 'Operations', 'salary': '36250.79', 'working_hours': '25.1'}","logger":"task.stdout"}
{"timestamp":"2026-05-08T17:38:35.997614Z","level":"info","event":"       id=19 → {'id': '19', 'name': 'Alice', 'age': '57', 'department': 'HR', 'salary': '113200.71', 'working_hours': '51.7'}","logger":"task.stdout"}
{"timestamp":"2026-05-08T17:38:35.998119Z","level":"info","event":"[INFO] result.csv mil gayi — upsert karte hain.","logger":"task.stdout"}
{"timestamp":"2026-05-08T17:38:35.998857Z","level":"info","event":"[INFO] Existing result.csv mein 20 rows hain.","logger":"task.stdout"}
{"timestamp":"2026-05-08T17:38:35.999883Z","level":"info","event":"       UPDATE  id=1","logger":"task.stdout"}
{"timestamp":"2026-05-08T17:38:36.000839Z","level":"info","event":"       UPDATE  id=2","logger":"task.stdout"}
{"timestamp":"2026-05-08T17:38:36.001448Z","level":"info","event":"       UPDATE  id=3","logger":"task.stdout"}
{"timestamp":"2026-05-08T17:38:36.001904Z","level":"info","event":"       UPDATE  id=4","logger":"task.stdout"}
{"timestamp":"2026-05-08T17:38:36.002218Z","level":"info","event":"       UPDATE  id=5","logger":"task.stdout"}
{"timestamp":"2026-05-08T17:38:36.002526Z","level":"info","event":"       UPDATE  id=6","logger":"task.stdout"}
{"timestamp":"2026-05-08T17:38:36.002837Z","level":"info","event":"       UPDATE  id=7","logger":"task.stdout"}
{"timestamp":"2026-05-08T17:38:36.003487Z","level":"info","event":"       UPDATE  id=8","logger":"task.stdout"}
{"timestamp":"2026-05-08T17:38:36.004720Z","level":"info","event":"       UPDATE  id=9","logger":"task.stdout"}
{"timestamp":"2026-05-08T17:38:36.006052Z","level":"info","event":"       UPDATE  id=10","logger":"task.stdout"}
{"timestamp":"2026-05-08T17:38:36.006748Z","level":"info","event":"       UPDATE  id=11","logger":"task.stdout"}
{"timestamp":"2026-05-08T17:38:36.007583Z","level":"info","event":"       UPDATE  id=12","logger":"task.stdout"}
{"timestamp":"2026-05-08T17:38:36.008107Z","level":"info","event":"       UPDATE  id=13","logger":"task.stdout"}
{"timestamp":"2026-05-08T17:38:36.008889Z","level":"info","event":"       UPDATE  id=14","logger":"task.stdout"}
{"timestamp":"2026-05-08T17:38:36.009918Z","level":"info","event":"       UPDATE  id=15","logger":"task.stdout"}
{"timestamp":"2026-05-08T17:38:36.010306Z","level":"info","event":"       UPDATE  id=16","logger":"task.stdout"}
{"timestamp":"2026-05-08T17:38:36.010614Z","level":"info","event":"       UPDATE  id=17","logger":"task.stdout"}
{"timestamp":"2026-05-08T17:38:36.010818Z","level":"info","event":"       UPDATE  id=18","logger":"task.stdout"}
{"timestamp":"2026-05-08T17:38:36.011383Z","level":"info","event":"       UPDATE  id=19","logger":"task.stdout"}
{"timestamp":"2026-05-08T17:38:36.012377Z","level":"info","event":"[INFO] result.csv updated — total 20 rows.","logger":"task.stdout"}
{"timestamp":"2026-05-08T17:38:35.990526Z","level":"info","event":"Done. Returned value was: None","logger":"airflow.task.operators.airflow.providers.standard.operators.python.PythonOperator","filename":"python.py","lineno":229}
{"timestamp":"2026-05-08T17:38:36.166990Z","level":"info","event":"Task instance in success state","logger":"task.stdout"}
{"timestamp":"2026-05-08T17:38:36.167576Z","level":"info","event":" Previous state of the Task instance: TaskInstanceState.RUNNING","logger":"task.stdout"}
{"timestamp":"2026-05-08T17:38:36.171911Z","level":"info","event":"Task operator:<Task(PythonOperator): process_partition>","logger":"task.stdout"}
{"timestamp":"2026-05-11T16:47:38.835386Z","level":"info","event":"DAG bundles loaded: dags-folder, example_dags","logger":"airflow.dag_processing.bundles.manager.DagBundlesManager","filename":"manager.py","lineno":209}
{"timestamp":"2026-05-11T16:47:38.838167Z","level":"info","event":"Filling up the DagBag from /opt/airflow/dags/csv_upsert_pipeline.py","logger":"airflow.dag_processing.dagbag.BundleDagBag","filename":"dagbag.py","lineno":469}
{"timestamp":"2026-05-11T16:47:39.219718Z","level":"info","event":"Task instance is in running state","logger":"task.stdout"}
{"timestamp":"2026-05-11T16:47:39.221281Z","level":"info","event":" Previous state of the Task instance: TaskInstanceState.QUEUED","logger":"task.stdout"}
{"timestamp":"2026-05-11T16:47:39.222133Z","level":"info","event":"Current task name:process_partition","logger":"task.stdout"}
{"timestamp":"2026-05-11T16:47:39.224530Z","level":"info","event":"Dag name:csv_upsert_pipeline","logger":"task.stdout"}
{"timestamp":"2026-05-11T16:47:39.234134Z","level":"info","event":"[INFO] data_interval_start : 2026-05-06 06:00:00+00:00","logger":"task.stdout"}
{"timestamp":"2026-05-11T16:47:39.236460Z","level":"info","event":"[INFO] data_interval_end   : 2026-05-06 06:00:00+00:00","logger":"task.stdout"}
{"timestamp":"2026-05-11T16:47:39.238043Z","level":"info","event":"[INFO] Processing partition: /data/time_stamp=2026-05-06-06","logger":"task.stdout"}
{"timestamp":"2026-05-11T16:47:39.388184Z","level":"error","event":"/home/airflow/.local/lib/python3.13/site-packages/pyspark/bin/load-spark-env.sh: line 68: ps: command not found","logger":"task.stderr"}
{"timestamp":"2026-05-11T16:47:39.395108Z","level":"error","event":"JAVA_HOME is not set","logger":"task.stderr"}
{"timestamp":"2026-05-11T16:47:39.423639Z","level":"error","event":"Task failed with exception","logger":"task","filename":"task_runner.py","lineno":1347,"error_detail":[{"exc_type":"PySparkRuntimeError","exc_value":"[JAVA_GATEWAY_EXITED] Java gateway process exited before sending its port number.","exc_notes":[],"syntax_error":null,"is_cause":false,"frames":[{"filename":"/home/airflow/.local/lib/python3.13/site-packages/airflow/sdk/execution_time/task_runner.py","lineno":1263,"name":"run"},{"filename":"/home/airflow/.local/lib/python3.13/site-packages/airflow/sdk/execution_time/task_runner.py","lineno":1678,"name":"_execute_task"},{"filename":"/home/airflow/.local/lib/python3.13/site-packages/airflow/sdk/bases/operator.py","lineno":443,"name":"wrapper"},{"filename":"/home/airflow/.local/lib/python3.13/site-packages/airflow/providers/standard/operators/python.py","lineno":227,"name":"execute"},{"filename":"/home/airflow/.local/lib/python3.13/site-packages/airflow/providers/standard/operators/python.py","lineno":250,"name":"execute_callable"},{"filename":"/home/airflow/.local/lib/python3.13/site-packages/airflow/sdk/execution_time/callback_runner.py","lineno":97,"name":"run"},{"filename":"/opt/airflow/dags/csv_upsert_pipeline.py","lineno":47,"name":"process_partition"},{"filename":"/home/airflow/.local/lib/python3.13/site-packages/pyspark/sql/session.py","lineno":497,"name":"getOrCreate"},{"filename":"/home/airflow/.local/lib/python3.13/site-packages/pyspark/context.py","lineno":515,"name":"getOrCreate"},{"filename":"/home/airflow/.local/lib/python3.13/site-packages/pyspark/context.py","lineno":201,"name":"__init__"},{"filename":"/home/airflow/.local/lib/python3.13/site-packages/pyspark/context.py","lineno":436,"name":"_ensure_initialized"},{"filename":"/home/airflow/.local/lib/python3.13/site-packages/pyspark/java_gateway.py","lineno":107,"name":"launch_gateway"}],"is_group":false,"exceptions":[]}]}
{"timestamp":"2026-05-11T16:47:39.435486Z","level":"info","event":"Task instance in failure state","logger":"task.stdout"}
{"timestamp":"2026-05-11T16:47:39.443261Z","level":"info","event":"Task start","logger":"task.stdout"}
{"timestamp":"2026-05-11T16:47:39.444431Z","level":"info","event":"Task:<Task(PythonOperator): process_partition>","logger":"task.stdout"}
{"timestamp":"2026-05-11T16:47:39.445382Z","level":"info","event":"Failure caused by [JAVA_GATEWAY_EXITED] Java gateway process exited before sending its port number.","logger":"task.stdout"}
{"timestamp":"2026-05-11T17:18:28.135340Z","level":"info","event":"DAG bundles loaded: dags-folder, example_dags","logger":"airflow.dag_processing.bundles.manager.DagBundlesManager","filename":"manager.py","lineno":209}
{"timestamp":"2026-05-11T17:18:28.138404Z","level":"info","event":"Filling up the DagBag from /opt/airflow/dags/__pycache__/csv_upsert_pipeline.py","logger":"airflow.dag_processing.dagbag.BundleDagBag","filename":"dagbag.py","lineno":469}
{"timestamp":"2026-05-11T17:18:28.169488Z","level":"warning","event":"airflow.exceptions.AirflowSkipException is deprecated and will be removed in a future version. Use airflow.sdk.exceptions.AirflowSkipException instead.","category":"UserWarning","filename":"/opt/airflow/dags/__pycache__/csv_upsert_pipeline.py","lineno":7,"logger":"py.warnings"}
{"timestamp":"2026-05-11T17:18:29.026342Z","level":"info","event":"Task instance is in running state","logger":"task.stdout"}
{"timestamp":"2026-05-11T17:18:29.043903Z","level":"info","event":" Previous state of the Task instance: TaskInstanceState.QUEUED","logger":"task.stdout"}
{"timestamp":"2026-05-11T17:18:29.049413Z","level":"info","event":"Current task name:process_partition","logger":"task.stdout"}
{"timestamp":"2026-05-11T17:18:29.055425Z","level":"info","event":"Dag name:csv_upsert_pipeline","logger":"task.stdout"}
{"timestamp":"2026-05-11T17:18:29.056152Z","level":"info","event":"[INFO] data_interval_start : 2026-05-06 06:00:00+00:00","logger":"task.stdout"}
{"timestamp":"2026-05-11T17:18:29.056944Z","level":"info","event":"[INFO] data_interval_end   : 2026-05-06 06:00:00+00:00","logger":"task.stdout"}
{"timestamp":"2026-05-11T17:18:29.059054Z","level":"info","event":"[INFO] Processing partition: /data/time_stamp=2026-05-06-06","logger":"task.stdout"}
{"timestamp":"2026-05-11T17:18:29.062699Z","level":"info","event":"[INFO] Sorted files: ['data_1.csv', 'data_2.csv', 'data_3.csv', 'data_4.csv', 'data_5.csv']","logger":"task.stdout"}
{"timestamp":"2026-05-11T17:18:29.080034Z","level":"info","event":"[INFO] Read data_1.csv  (index=1)","logger":"task.stdout"}
{"timestamp":"2026-05-11T17:18:29.122341Z","level":"info","event":"[INFO] Read data_2.csv  (index=2)","logger":"task.stdout"}
{"timestamp":"2026-05-11T17:18:29.131104Z","level":"info","event":"[INFO] Read data_3.csv  (index=3)","logger":"task.stdout"}
{"timestamp":"2026-05-11T17:18:29.137955Z","level":"info","event":"[INFO] Read data_4.csv  (index=4)","logger":"task.stdout"}
{"timestamp":"2026-05-11T17:18:29.143983Z","level":"info","event":"[INFO] Read data_5.csv  (index=5)","logger":"task.stdout"}
{"timestamp":"2026-05-11T17:18:29.172181Z","level":"info","event":"[INFO] Resolved 19 unique IDs for this run:","logger":"task.stdout"}
{"timestamp":"2026-05-11T17:18:29.173731Z","level":"info","event":"       id=1 → {'id': '1', 'name': 'Alice', 'age': '31', 'department': 'Sales', 'salary': '101356.44', 'working_hours': '25.9'}","logger":"task.stdout"}
{"timestamp":"2026-05-11T17:18:29.177979Z","level":"info","event":"       id=2 → {'id': '2', 'name': 'Charlie', 'age': '45', 'department': 'Operations', 'salary': '36106.2', 'working_hours': '33.7'}","logger":"task.stdout"}
{"timestamp":"2026-05-11T17:18:29.178447Z","level":"info","event":"       id=3 → {'id': '3', 'name': 'Ivy', 'age': '35', 'department': 'Operations', 'salary': '95951.24', 'working_hours': '49.3'}","logger":"task.stdout"}
{"timestamp":"2026-05-11T17:18:29.190008Z","level":"info","event":"       id=4 → {'id': '4', 'name': 'Alice', 'age': '45', 'department': 'Finance', 'salary': '87447.2', 'working_hours': '24.8'}","logger":"task.stdout"}
{"timestamp":"2026-05-11T17:18:29.210028Z","level":"info","event":"       id=5 → {'id': '5', 'name': 'Ivy', 'age': '32', 'department': 'Finance', 'salary': '114675.76', 'working_hours': '46.0'}","logger":"task.stdout"}
{"timestamp":"2026-05-11T17:18:29.210504Z","level":"info","event":"       id=6 → {'id': '6', 'name': 'Hank', 'age': '38', 'department': 'Marketing', 'salary': '66542.66', 'working_hours': '53.4'}","logger":"task.stdout"}
{"timestamp":"2026-05-11T17:18:29.211821Z","level":"info","event":"       id=7 → {'id': '7', 'name': 'Frank', 'age': '40', 'department': 'Sales', 'salary': '74110.74', 'working_hours': '39.3'}","logger":"task.stdout"}
{"timestamp":"2026-05-11T17:18:29.212762Z","level":"info","event":"       id=8 → {'id': '8', 'name': 'Eve', 'age': '24', 'department': 'Operations', 'salary': '59303.74', 'working_hours': '41.0'}","logger":"task.stdout"}
{"timestamp":"2026-05-11T17:18:29.213208Z","level":"info","event":"       id=9 → {'id': '9', 'name': 'Grace', 'age': '37', 'department': 'Marketing', 'salary': '90391.3', 'working_hours': '40.7'}","logger":"task.stdout"}
{"timestamp":"2026-05-11T17:18:29.214701Z","level":"info","event":"       id=10 → {'id': '10', 'name': 'Eve', 'age': '54', 'department': 'Engineering', 'salary': '99267.58', 'working_hours': '41.9'}","logger":"task.stdout"}
{"timestamp":"2026-05-11T17:18:29.215180Z","level":"info","event":"       id=11 → {'id': '11', 'name': 'Grace', 'age': '47', 'department': 'Engineering', 'salary': '102287.99', 'working_hours': '57.9'}","logger":"task.stdout"}
{"timestamp":"2026-05-11T17:18:29.215753Z","level":"info","event":"       id=12 → {'id': '12', 'name': 'Jack', 'age': '41', 'department': 'Sales', 'salary': '74193.35', 'working_hours': '51.2'}","logger":"task.stdout"}
{"timestamp":"2026-05-11T17:18:29.216121Z","level":"info","event":"       id=13 → {'id': '13', 'name': 'Charlie', 'age': '46', 'department': 'Sales', 'salary': '86165.38', 'working_hours': '53.3'}","logger":"task.stdout"}
{"timestamp":"2026-05-11T17:18:29.220943Z","level":"info","event":"       id=14 → {'id': '14', 'name': 'Bob', 'age': '37', 'department': 'Operations', 'salary': '33263.01', 'working_hours': '29.8'}","logger":"task.stdout"}
{"timestamp":"2026-05-11T17:18:29.221633Z","level":"info","event":"       id=15 → {'id': '15', 'name': 'Bob', 'age': '26', 'department': 'Sales', 'salary': '90876.53', 'working_hours': '44.5'}","logger":"task.stdout"}
{"timestamp":"2026-05-11T17:18:29.222873Z","level":"info","event":"       id=16 → {'id': '16', 'name': 'Ivy', 'age': '32', 'department': 'HR', 'salary': '66838.87', 'working_hours': '59.9'}","logger":"task.stdout"}
{"timestamp":"2026-05-11T17:18:29.226780Z","level":"info","event":"       id=17 → {'id': '17', 'name': 'Eve', 'age': '53', 'department': 'Marketing', 'salary': '70939.86', 'working_hours': '41.0'}","logger":"task.stdout"}
{"timestamp":"2026-05-11T17:18:29.227150Z","level":"info","event":"       id=18 → {'id': '18', 'name': 'Grace', 'age': '44', 'department': 'Operations', 'salary': '36250.79', 'working_hours': '25.1'}","logger":"task.stdout"}
{"timestamp":"2026-05-11T17:18:29.227459Z","level":"info","event":"       id=19 → {'id': '19', 'name': 'Alice', 'age': '57', 'department': 'HR', 'salary': '113200.71', 'working_hours': '51.7'}","logger":"task.stdout"}
{"timestamp":"2026-05-11T17:18:29.228459Z","level":"info","event":"[INFO] result.csv found — upsert.","logger":"task.stdout"}
{"timestamp":"2026-05-11T17:18:29.232884Z","level":"info","event":"[INFO] In existing result.csv 20 rows.","logger":"task.stdout"}
{"timestamp":"2026-05-11T17:18:29.236597Z","level":"info","event":"       UPDATE  id=1","logger":"task.stdout"}
{"timestamp":"2026-05-11T17:18:29.240654Z","level":"info","event":"       UPDATE  id=2","logger":"task.stdout"}
{"timestamp":"2026-05-11T17:18:29.241844Z","level":"info","event":"       UPDATE  id=3","logger":"task.stdout"}
{"timestamp":"2026-05-11T17:18:29.244166Z","level":"info","event":"       UPDATE  id=4","logger":"task.stdout"}
{"timestamp":"2026-05-11T17:18:29.247211Z","level":"info","event":"       UPDATE  id=5","logger":"task.stdout"}
{"timestamp":"2026-05-11T17:18:29.248542Z","level":"info","event":"       UPDATE  id=6","logger":"task.stdout"}
{"timestamp":"2026-05-11T17:18:29.249910Z","level":"info","event":"       UPDATE  id=7","logger":"task.stdout"}
{"timestamp":"2026-05-11T17:18:29.253831Z","level":"info","event":"       UPDATE  id=8","logger":"task.stdout"}
{"timestamp":"2026-05-11T17:18:29.255821Z","level":"info","event":"       UPDATE  id=9","logger":"task.stdout"}
{"timestamp":"2026-05-11T17:18:29.259760Z","level":"info","event":"       UPDATE  id=10","logger":"task.stdout"}
{"timestamp":"2026-05-11T17:18:29.260220Z","level":"info","event":"       UPDATE  id=11","logger":"task.stdout"}
{"timestamp":"2026-05-11T17:18:29.263461Z","level":"info","event":"       UPDATE  id=12","logger":"task.stdout"}
{"timestamp":"2026-05-11T17:18:29.264243Z","level":"info","event":"       UPDATE  id=13","logger":"task.stdout"}
{"timestamp":"2026-05-11T17:18:29.264650Z","level":"info","event":"       UPDATE  id=14","logger":"task.stdout"}
{"timestamp":"2026-05-11T17:18:29.268768Z","level":"info","event":"       UPDATE  id=15","logger":"task.stdout"}
{"timestamp":"2026-05-11T17:18:29.269350Z","level":"info","event":"       UPDATE  id=16","logger":"task.stdout"}
{"timestamp":"2026-05-11T17:18:29.271275Z","level":"info","event":"       UPDATE  id=17","logger":"task.stdout"}
{"timestamp":"2026-05-11T17:18:29.274800Z","level":"info","event":"       UPDATE  id=18","logger":"task.stdout"}
{"timestamp":"2026-05-11T17:18:29.275256Z","level":"info","event":"       UPDATE  id=19","logger":"task.stdout"}
{"timestamp":"2026-05-11T17:18:29.299876Z","level":"info","event":"[INFO] result.csv updated — total 20 rows.","logger":"task.stdout"}
{"timestamp":"2026-05-11T17:18:29.178895Z","level":"info","event":"Done. Returned value was: None","logger":"airflow.task.operators.airflow.providers.standard.operators.python.PythonOperator","filename":"python.py","lineno":229}
{"timestamp":"2026-05-11T17:18:29.779108Z","level":"info","event":"Task instance in success state","logger":"task.stdout"}
{"timestamp":"2026-05-11T17:18:29.781711Z","level":"info","event":" Previous state of the Task instance: TaskInstanceState.RUNNING","logger":"task.stdout"}
{"timestamp":"2026-05-11T17:18:29.816835Z","level":"info","event":"Task operator:<Task(PythonOperator): process_partition>","logger":"task.stdout"}
