{"timestamp":"2026-05-05T10:31:26.050590Z","level":"info","event":"DAG bundles loaded: dags-folder, example_dags","logger":"airflow.dag_processing.bundles.manager.DagBundlesManager","filename":"manager.py","lineno":209}
{"timestamp":"2026-05-05T10:31:26.053692Z","level":"info","event":"Filling up the DagBag from /opt/airflow/dags/print_interval_dag.py","logger":"airflow.dag_processing.dagbag.BundleDagBag","filename":"dagbag.py","lineno":469}
{"timestamp":"2026-05-05T10:31:26.069062Z","level":"warning","event":"The `airflow.operators.python.PythonOperator` attribute is deprecated. Please use `'airflow.providers.standard.operators.python.PythonOperator'`.","category":"UserWarning","filename":"/opt/airflow/dags/print_interval_dag.py","lineno":2,"logger":"py.warnings"}
{"timestamp":"2026-05-05T10:31:26.117839Z","level":"info","event":"Task instance is in running state","logger":"task.stdout"}
{"timestamp":"2026-05-05T10:31:26.120409Z","level":"info","event":" Previous state of the Task instance: TaskInstanceState.QUEUED","logger":"task.stdout"}
{"timestamp":"2026-05-05T10:31:26.121423Z","level":"info","event":"Current task name:print_interval","logger":"task.stdout"}
{"timestamp":"2026-05-05T10:31:26.121966Z","level":"info","event":"Dag name:print_interval_dag","logger":"task.stdout"}
{"timestamp":"2026-05-05T10:31:26.123780Z","level":"info","event":"Interval Start: 2025-06-03 06:00:00+00:00","logger":"task.stdout"}
{"timestamp":"2026-05-05T10:31:26.124390Z","level":"info","event":"Interval End:   2025-06-03 06:00:00+00:00","logger":"task.stdout"}
{"timestamp":"2026-05-05T10:31:26.123810Z","level":"info","event":"Done. Returned value was: None","logger":"airflow.task.operators.airflow.providers.standard.operators.python.PythonOperator","filename":"python.py","lineno":229}
{"timestamp":"2026-05-05T10:31:26.191477Z","level":"info","event":"Task instance in success state","logger":"task.stdout"}
{"timestamp":"2026-05-05T10:31:26.192832Z","level":"info","event":" Previous state of the Task instance: TaskInstanceState.RUNNING","logger":"task.stdout"}
{"timestamp":"2026-05-05T10:31:26.194522Z","level":"info","event":"Task operator:<Task(PythonOperator): print_interval>","logger":"task.stdout"}
{"timestamp":"2026-05-05T12:27:24.008900Z","level":"info","event":"DAG bundles loaded: dags-folder, example_dags","logger":"airflow.dag_processing.bundles.manager.DagBundlesManager","filename":"manager.py","lineno":209}
{"timestamp":"2026-05-05T12:27:24.011184Z","level":"info","event":"Filling up the DagBag from /opt/airflow/dags/print_interval_dag.py","logger":"airflow.dag_processing.dagbag.BundleDagBag","filename":"dagbag.py","lineno":469}
{"timestamp":"2026-05-05T12:27:24.083153Z","level":"info","event":"Task instance is in running state","logger":"task.stdout"}
{"timestamp":"2026-05-05T12:27:24.083723Z","level":"info","event":" Previous state of the Task instance: TaskInstanceState.QUEUED","logger":"task.stdout"}
{"timestamp":"2026-05-05T12:27:24.085370Z","level":"info","event":"Current task name:print_interval","logger":"task.stdout"}
{"timestamp":"2026-05-05T12:27:24.086020Z","level":"info","event":"Dag name:print_interval_dag","logger":"task.stdout"}
{"timestamp":"2026-05-05T12:27:24.088142Z","level":"info","event":"=== ALL AVAILABLE MACROS ===","logger":"task.stdout"}
{"timestamp":"2026-05-05T12:27:24.089479Z","level":"info","event":"dag: <DAG: print_interval_dag>","logger":"task.stdout"}
{"timestamp":"2026-05-05T12:27:24.090130Z","level":"info","event":"inlets: []","logger":"task.stdout"}
{"timestamp":"2026-05-05T12:27:24.090705Z","level":"info","event":"map_index_template: None","logger":"task.stdout"}
{"timestamp":"2026-05-05T12:27:24.091213Z","level":"info","event":"outlets: []","logger":"task.stdout"}
{"timestamp":"2026-05-05T12:27:24.091886Z","level":"info","event":"run_id: scheduled__2025-06-03T06:00:00+00:00","logger":"task.stdout"}
{"timestamp":"2026-05-05T12:27:24.093147Z","level":"info","event":"task: <Task(PythonOperator): print_interval>","logger":"task.stdout"}
{"timestamp":"2026-05-05T12:27:24.094006Z","level":"info","event":"task_instance: id=UUID('019df81b-75d8-7ae3-b555-fc1bb5bd98fa') task_id='print_interval' dag_id='print_interval_dag' run_id='scheduled__2025-06-03T06:00:00+00:00' try_number=1 dag_version_id=UUID('019df815-a045-750b-bac8-47ced7cc6a45') map_index=-1 hostname='86abe326db93' context_carrier={'traceparent': '00-0c6448f0d97c6fa3810da2e7768e45a3-ddf09c629ea8ee78-01'} task=<Task(PythonOperator): print_interval> bundle_instance=LocalDagBundle(name=dags-folder) max_tries=0 start_date=datetime.datetime(2026, 5, 5, 12, 27, 22, 826438, tzinfo=datetime.timezone.utc) end_date=None state=<TaskInstanceState.RUNNING: 'running'> is_mapped=False rendered_map_index=None sentry_integration=''","logger":"task.stdout"}
{"timestamp":"2026-05-05T12:27:24.094802Z","level":"info","event":"ti: id=UUID('019df81b-75d8-7ae3-b555-fc1bb5bd98fa') task_id='print_interval' dag_id='print_interval_dag' run_id='scheduled__2025-06-03T06:00:00+00:00' try_number=1 dag_version_id=UUID('019df815-a045-750b-bac8-47ced7cc6a45') map_index=-1 hostname='86abe326db93' context_carrier={'traceparent': '00-0c6448f0d97c6fa3810da2e7768e45a3-ddf09c629ea8ee78-01'} task=<Task(PythonOperator): print_interval> bundle_instance=LocalDagBundle(name=dags-folder) max_tries=0 start_date=datetime.datetime(2026, 5, 5, 12, 27, 22, 826438, tzinfo=datetime.timezone.utc) end_date=None state=<TaskInstanceState.RUNNING: 'running'> is_mapped=False rendered_map_index=None sentry_integration=''","logger":"task.stdout"}
{"timestamp":"2026-05-05T12:27:24.095386Z","level":"info","event":"outlet_events: OutletEventAccessors(_dict={})","logger":"task.stdout"}
{"timestamp":"2026-05-05T12:27:24.095927Z","level":"info","event":"inlet_events: InletEventsAccessors(_inlets=[], _assets={}, _asset_aliases={})","logger":"task.stdout"}
{"timestamp":"2026-05-05T12:27:24.097900Z","level":"info","event":"macros: <MacrosAccessor (dynamic access to macros)>","logger":"task.stdout"}
{"timestamp":"2026-05-05T12:27:24.098961Z","level":"info","event":"params: {}","logger":"task.stdout"}
{"timestamp":"2026-05-05T12:27:24.099480Z","level":"info","event":"var: {'json': <VariableAccessor (dynamic access)>, 'value': <VariableAccessor (dynamic access)>}","logger":"task.stdout"}
{"timestamp":"2026-05-05T12:27:24.099965Z","level":"info","event":"conn: <ConnectionAccessor (dynamic access)>","logger":"task.stdout"}
{"timestamp":"2026-05-05T12:27:24.100468Z","level":"info","event":"dag_run: dag_id='print_interval_dag' run_id='scheduled__2025-06-03T06:00:00+00:00' logical_date=datetime.datetime(2025, 6, 3, 6, 0, tzinfo=datetime.timezone.utc) data_interval_start=datetime.datetime(2025, 6, 3, 6, 0, tzinfo=datetime.timezone.utc) data_interval_end=datetime.datetime(2025, 6, 3, 6, 0, tzinfo=datetime.timezone.utc) run_after=datetime.datetime(2025, 6, 3, 6, 0, tzinfo=datetime.timezone.utc) start_date=datetime.datetime(2026, 5, 5, 12, 27, 22, 479441, tzinfo=datetime.timezone.utc) end_date=None clear_number=0 run_type=<DagRunType.SCHEDULED: 'scheduled'> state=<DagRunState.RUNNING: 'running'> conf={} triggering_user_name=None consumed_asset_events=[] partition_key=None note=None","logger":"task.stdout"}
{"timestamp":"2026-05-05T12:27:24.100997Z","level":"info","event":"triggering_asset_events: TriggeringAssetEventAccessor(_events=defaultdict(<class 'list'>, {}))","logger":"task.stdout"}
{"timestamp":"2026-05-05T12:27:24.101505Z","level":"info","event":"task_instance_key_str: print_interval_dag__print_interval__20250603","logger":"task.stdout"}
{"timestamp":"2026-05-05T12:27:24.102079Z","level":"info","event":"task_reschedule_count: 0","logger":"task.stdout"}
{"timestamp":"2026-05-05T12:27:24.139782Z","level":"info","event":"prev_start_date_success: 2026-05-05 12:27:21.682749+00:00","logger":"task.stdout"}
{"timestamp":"2026-05-05T12:27:24.140568Z","level":"info","event":"prev_end_date_success: 2026-05-05 12:27:23.563408+00:00","logger":"task.stdout"}
{"timestamp":"2026-05-05T12:27:24.141516Z","level":"info","event":"logical_date: 2025-06-03 06:00:00+00:00","logger":"task.stdout"}
{"timestamp":"2026-05-05T12:27:24.142163Z","level":"info","event":"ds: 2025-06-03","logger":"task.stdout"}
{"timestamp":"2026-05-05T12:27:24.142978Z","level":"info","event":"ds_nodash: 20250603","logger":"task.stdout"}
{"timestamp":"2026-05-05T12:27:24.143957Z","level":"info","event":"ts: 2025-06-03T06:00:00+00:00","logger":"task.stdout"}
{"timestamp":"2026-05-05T12:27:24.144492Z","level":"info","event":"ts_nodash: 20250603T060000","logger":"task.stdout"}
{"timestamp":"2026-05-05T12:27:24.145024Z","level":"info","event":"ts_nodash_with_tz: 20250603T060000+0000","logger":"task.stdout"}
{"timestamp":"2026-05-05T12:27:24.145584Z","level":"info","event":"data_interval_end: 2025-06-03 06:00:00+00:00","logger":"task.stdout"}
{"timestamp":"2026-05-05T12:27:24.147166Z","level":"info","event":"data_interval_start: 2025-06-03 06:00:00+00:00","logger":"task.stdout"}
{"timestamp":"2026-05-05T12:27:24.147961Z","level":"info","event":"prev_data_interval_start_success: 2025-06-03 00:00:00+00:00","logger":"task.stdout"}
{"timestamp":"2026-05-05T12:27:24.148679Z","level":"info","event":"prev_data_interval_end_success: 2025-06-03 00:00:00+00:00","logger":"task.stdout"}
{"timestamp":"2026-05-05T12:27:24.149171Z","level":"info","event":"templates_dict: None","logger":"task.stdout"}
{"timestamp":"2026-05-05T12:27:24.140423Z","level":"info","event":"Done. Returned value was: None","logger":"airflow.task.operators.airflow.providers.standard.operators.python.PythonOperator","filename":"python.py","lineno":229}
{"timestamp":"2026-05-05T12:27:24.224212Z","level":"info","event":"Task instance in success state","logger":"task.stdout"}
{"timestamp":"2026-05-05T12:27:24.224965Z","level":"info","event":" Previous state of the Task instance: TaskInstanceState.RUNNING","logger":"task.stdout"}
{"timestamp":"2026-05-05T12:27:24.225902Z","level":"info","event":"Task operator:<Task(PythonOperator): print_interval>","logger":"task.stdout"}
