{"timestamp":"2026-05-05T10:31:08.598231Z","level":"info","event":"DAG bundles loaded: dags-folder, example_dags","logger":"airflow.dag_processing.bundles.manager.DagBundlesManager","filename":"manager.py","lineno":209}
{"timestamp":"2026-05-05T10:31:08.600143Z","level":"info","event":"Filling up the DagBag from /opt/airflow/dags/print_interval_dag.py","logger":"airflow.dag_processing.dagbag.BundleDagBag","filename":"dagbag.py","lineno":469}
{"timestamp":"2026-05-05T10:31:08.612588Z","level":"warning","event":"The `airflow.operators.python.PythonOperator` attribute is deprecated. Please use `'airflow.providers.standard.operators.python.PythonOperator'`.","category":"UserWarning","filename":"/opt/airflow/dags/print_interval_dag.py","lineno":2,"logger":"py.warnings"}
{"timestamp":"2026-05-05T10:31:08.697719Z","level":"info","event":"Task instance is in running state","logger":"task.stdout"}
{"timestamp":"2026-05-05T10:31:08.698838Z","level":"info","event":" Previous state of the Task instance: TaskInstanceState.QUEUED","logger":"task.stdout"}
{"timestamp":"2026-05-05T10:31:08.700477Z","level":"info","event":"Current task name:print_interval","logger":"task.stdout"}
{"timestamp":"2026-05-05T10:31:08.701566Z","level":"info","event":"Dag name:print_interval_dag","logger":"task.stdout"}
{"timestamp":"2026-05-05T10:31:08.703411Z","level":"info","event":"Interval Start: 2025-05-29 18:00:00+00:00","logger":"task.stdout"}
{"timestamp":"2026-05-05T10:31:08.704115Z","level":"info","event":"Interval End:   2025-05-29 18:00:00+00:00","logger":"task.stdout"}
{"timestamp":"2026-05-05T10:31:08.701892Z","level":"info","event":"Done. Returned value was: None","logger":"airflow.task.operators.airflow.providers.standard.operators.python.PythonOperator","filename":"python.py","lineno":229}
{"timestamp":"2026-05-05T10:31:08.772294Z","level":"info","event":"Task instance in success state","logger":"task.stdout"}
{"timestamp":"2026-05-05T10:31:08.772821Z","level":"info","event":" Previous state of the Task instance: TaskInstanceState.RUNNING","logger":"task.stdout"}
{"timestamp":"2026-05-05T10:31:08.773274Z","level":"info","event":"Task operator:<Task(PythonOperator): print_interval>","logger":"task.stdout"}
{"timestamp":"2026-05-05T12:27:05.872619Z","level":"info","event":"DAG bundles loaded: dags-folder, example_dags","logger":"airflow.dag_processing.bundles.manager.DagBundlesManager","filename":"manager.py","lineno":209}
{"timestamp":"2026-05-05T12:27:05.874453Z","level":"info","event":"Filling up the DagBag from /opt/airflow/dags/print_interval_dag.py","logger":"airflow.dag_processing.dagbag.BundleDagBag","filename":"dagbag.py","lineno":469}
{"timestamp":"2026-05-05T12:27:05.996526Z","level":"info","event":"Task instance is in running state","logger":"task.stdout"}
{"timestamp":"2026-05-05T12:27:05.998069Z","level":"info","event":" Previous state of the Task instance: TaskInstanceState.QUEUED","logger":"task.stdout"}
{"timestamp":"2026-05-05T12:27:06.001749Z","level":"info","event":"Current task name:print_interval","logger":"task.stdout"}
{"timestamp":"2026-05-05T12:27:06.004765Z","level":"info","event":"Dag name:print_interval_dag","logger":"task.stdout"}
{"timestamp":"2026-05-05T12:27:06.007207Z","level":"info","event":"=== ALL AVAILABLE MACROS ===","logger":"task.stdout"}
{"timestamp":"2026-05-05T12:27:06.007977Z","level":"info","event":"dag: <DAG: print_interval_dag>","logger":"task.stdout"}
{"timestamp":"2026-05-05T12:27:06.008765Z","level":"info","event":"inlets: []","logger":"task.stdout"}
{"timestamp":"2026-05-05T12:27:06.009959Z","level":"info","event":"map_index_template: None","logger":"task.stdout"}
{"timestamp":"2026-05-05T12:27:06.011240Z","level":"info","event":"outlets: []","logger":"task.stdout"}
{"timestamp":"2026-05-05T12:27:06.011907Z","level":"info","event":"run_id: scheduled__2025-05-29T18:00:00+00:00","logger":"task.stdout"}
{"timestamp":"2026-05-05T12:27:06.013278Z","level":"info","event":"task: <Task(PythonOperator): print_interval>","logger":"task.stdout"}
{"timestamp":"2026-05-05T12:27:06.017825Z","level":"info","event":"task_instance: id=UUID('019df81b-2ece-7c9b-b73c-89fefef5d3ce') task_id='print_interval' dag_id='print_interval_dag' run_id='scheduled__2025-05-29T18:00:00+00:00' try_number=1 dag_version_id=UUID('019df815-a045-750b-bac8-47ced7cc6a45') map_index=-1 hostname='86abe326db93' context_carrier={'traceparent': '00-4d6478e53ab27b8f0e414569a1a72ea4-60bf928c3319240e-01'} task=<Task(PythonOperator): print_interval> bundle_instance=LocalDagBundle(name=dags-folder) max_tries=0 start_date=datetime.datetime(2026, 5, 5, 12, 27, 4, 664349, tzinfo=datetime.timezone.utc) end_date=None state=<TaskInstanceState.RUNNING: 'running'> is_mapped=False rendered_map_index=None sentry_integration=''","logger":"task.stdout"}
{"timestamp":"2026-05-05T12:27:06.020008Z","level":"info","event":"ti: id=UUID('019df81b-2ece-7c9b-b73c-89fefef5d3ce') task_id='print_interval' dag_id='print_interval_dag' run_id='scheduled__2025-05-29T18:00:00+00:00' try_number=1 dag_version_id=UUID('019df815-a045-750b-bac8-47ced7cc6a45') map_index=-1 hostname='86abe326db93' context_carrier={'traceparent': '00-4d6478e53ab27b8f0e414569a1a72ea4-60bf928c3319240e-01'} task=<Task(PythonOperator): print_interval> bundle_instance=LocalDagBundle(name=dags-folder) max_tries=0 start_date=datetime.datetime(2026, 5, 5, 12, 27, 4, 664349, tzinfo=datetime.timezone.utc) end_date=None state=<TaskInstanceState.RUNNING: 'running'> is_mapped=False rendered_map_index=None sentry_integration=''","logger":"task.stdout"}
{"timestamp":"2026-05-05T12:27:06.022468Z","level":"info","event":"outlet_events: OutletEventAccessors(_dict={})","logger":"task.stdout"}
{"timestamp":"2026-05-05T12:27:06.023069Z","level":"info","event":"inlet_events: InletEventsAccessors(_inlets=[], _assets={}, _asset_aliases={})","logger":"task.stdout"}
{"timestamp":"2026-05-05T12:27:06.026473Z","level":"info","event":"macros: <MacrosAccessor (dynamic access to macros)>","logger":"task.stdout"}
{"timestamp":"2026-05-05T12:27:06.028816Z","level":"info","event":"params: {}","logger":"task.stdout"}
{"timestamp":"2026-05-05T12:27:06.033059Z","level":"info","event":"var: {'json': <VariableAccessor (dynamic access)>, 'value': <VariableAccessor (dynamic access)>}","logger":"task.stdout"}
{"timestamp":"2026-05-05T12:27:06.034090Z","level":"info","event":"conn: <ConnectionAccessor (dynamic access)>","logger":"task.stdout"}
{"timestamp":"2026-05-05T12:27:06.034703Z","level":"info","event":"dag_run: dag_id='print_interval_dag' run_id='scheduled__2025-05-29T18:00:00+00:00' logical_date=datetime.datetime(2025, 5, 29, 18, 0, tzinfo=datetime.timezone.utc) data_interval_start=datetime.datetime(2025, 5, 29, 18, 0, tzinfo=datetime.timezone.utc) data_interval_end=datetime.datetime(2025, 5, 29, 18, 0, tzinfo=datetime.timezone.utc) run_after=datetime.datetime(2025, 5, 29, 18, 0, tzinfo=datetime.timezone.utc) start_date=datetime.datetime(2026, 5, 5, 12, 27, 4, 296194, tzinfo=datetime.timezone.utc) end_date=None clear_number=0 run_type=<DagRunType.SCHEDULED: 'scheduled'> state=<DagRunState.RUNNING: 'running'> conf={} triggering_user_name=None consumed_asset_events=[] partition_key=None note=None","logger":"task.stdout"}
{"timestamp":"2026-05-05T12:27:06.036980Z","level":"info","event":"triggering_asset_events: TriggeringAssetEventAccessor(_events=defaultdict(<class 'list'>, {}))","logger":"task.stdout"}
{"timestamp":"2026-05-05T12:27:06.038874Z","level":"info","event":"task_instance_key_str: print_interval_dag__print_interval__20250529","logger":"task.stdout"}
{"timestamp":"2026-05-05T12:27:06.039602Z","level":"info","event":"task_reschedule_count: 0","logger":"task.stdout"}
{"timestamp":"2026-05-05T12:27:06.089744Z","level":"info","event":"prev_start_date_success: 2026-05-05 12:27:03.821975+00:00","logger":"task.stdout"}
{"timestamp":"2026-05-05T12:27:06.093953Z","level":"info","event":"prev_end_date_success: 2026-05-05 12:27:06.042056+00:00","logger":"task.stdout"}
{"timestamp":"2026-05-05T12:27:06.094534Z","level":"info","event":"logical_date: 2025-05-29 18:00:00+00:00","logger":"task.stdout"}
{"timestamp":"2026-05-05T12:27:06.095145Z","level":"info","event":"ds: 2025-05-29","logger":"task.stdout"}
{"timestamp":"2026-05-05T12:27:06.095940Z","level":"info","event":"ds_nodash: 20250529","logger":"task.stdout"}
{"timestamp":"2026-05-05T12:27:06.096406Z","level":"info","event":"ts: 2025-05-29T18:00:00+00:00","logger":"task.stdout"}
{"timestamp":"2026-05-05T12:27:06.096881Z","level":"info","event":"ts_nodash: 20250529T180000","logger":"task.stdout"}
{"timestamp":"2026-05-05T12:27:06.097262Z","level":"info","event":"ts_nodash_with_tz: 20250529T180000+0000","logger":"task.stdout"}
{"timestamp":"2026-05-05T12:27:06.100070Z","level":"info","event":"data_interval_end: 2025-05-29 18:00:00+00:00","logger":"task.stdout"}
{"timestamp":"2026-05-05T12:27:06.100760Z","level":"info","event":"data_interval_start: 2025-05-29 18:00:00+00:00","logger":"task.stdout"}
{"timestamp":"2026-05-05T12:27:06.101290Z","level":"info","event":"prev_data_interval_start_success: 2025-05-29 15:00:00+00:00","logger":"task.stdout"}
{"timestamp":"2026-05-05T12:27:06.101880Z","level":"info","event":"prev_data_interval_end_success: 2025-05-29 15:00:00+00:00","logger":"task.stdout"}
{"timestamp":"2026-05-05T12:27:06.104838Z","level":"info","event":"templates_dict: None","logger":"task.stdout"}
{"timestamp":"2026-05-05T12:27:06.088366Z","level":"info","event":"Done. Returned value was: None","logger":"airflow.task.operators.airflow.providers.standard.operators.python.PythonOperator","filename":"python.py","lineno":229}
{"timestamp":"2026-05-05T12:27:06.194852Z","level":"info","event":"Task instance in success state","logger":"task.stdout"}
{"timestamp":"2026-05-05T12:27:06.198853Z","level":"info","event":" Previous state of the Task instance: TaskInstanceState.RUNNING","logger":"task.stdout"}
{"timestamp":"2026-05-05T12:27:06.202951Z","level":"info","event":"Task operator:<Task(PythonOperator): print_interval>","logger":"task.stdout"}
