{"timestamp":"2026-05-11T17:08:18.192068Z","level":"info","event":"DAG bundles loaded: dags-folder, example_dags","logger":"airflow.dag_processing.bundles.manager.DagBundlesManager","filename":"manager.py","lineno":209}
{"timestamp":"2026-05-11T17:08:18.194601Z","level":"info","event":"Filling up the DagBag from /opt/airflow/dags/__pycache__/csv_upsert_pipeline.py","logger":"airflow.dag_processing.dagbag.BundleDagBag","filename":"dagbag.py","lineno":469}
{"timestamp":"2026-05-11T17:08:18.206475Z","level":"warning","event":"airflow.exceptions.AirflowSkipException is deprecated and will be removed in a future version. Use airflow.sdk.exceptions.AirflowSkipException instead.","category":"UserWarning","filename":"/opt/airflow/dags/__pycache__/csv_upsert_pipeline.py","lineno":7,"logger":"py.warnings"}
{"timestamp":"2026-05-11T17:08:18.256396Z","level":"info","event":"Task instance is in running state","logger":"task.stdout"}
{"timestamp":"2026-05-11T17:08:18.259307Z","level":"info","event":" Previous state of the Task instance: TaskInstanceState.QUEUED","logger":"task.stdout"}
{"timestamp":"2026-05-11T17:08:18.260762Z","level":"info","event":"Current task name:process_partition","logger":"task.stdout"}
{"timestamp":"2026-05-11T17:08:18.261647Z","level":"info","event":"Dag name:csv_upsert_pipeline","logger":"task.stdout"}
{"timestamp":"2026-05-11T17:08:18.262578Z","level":"info","event":"[INFO] data_interval_start : 2026-05-06 03:00:00+00:00","logger":"task.stdout"}
{"timestamp":"2026-05-11T17:08:18.263518Z","level":"info","event":"[INFO] data_interval_end   : 2026-05-06 03:00:00+00:00","logger":"task.stdout"}
{"timestamp":"2026-05-11T17:08:18.264153Z","level":"info","event":"[INFO] Processing partition: /data/time_stamp=2026-05-06-03","logger":"task.stdout"}
{"timestamp":"2026-05-11T17:08:18.264614Z","level":"info","event":"[INFO] Sorted files: ['data_1.csv']","logger":"task.stdout"}
{"timestamp":"2026-05-11T17:08:18.265330Z","level":"info","event":"[INFO] Read data_1.csv  (index=1)","logger":"task.stdout"}
{"timestamp":"2026-05-11T17:08:18.265751Z","level":"info","event":"[INFO] Resolved 11 unique IDs for this run:","logger":"task.stdout"}
{"timestamp":"2026-05-11T17:08:18.266781Z","level":"info","event":"       id=1 → {'id': '1', 'name': 'Frank', 'age': '41', 'department': 'Marketing', 'salary': '70263.36', 'working_hours': '25.3'}","logger":"task.stdout"}
{"timestamp":"2026-05-11T17:08:18.267592Z","level":"info","event":"       id=2 → {'id': '2', 'name': 'Bob', 'age': '38', 'department': 'Engineering', 'salary': '41482.78', 'working_hours': '58.1'}","logger":"task.stdout"}
{"timestamp":"2026-05-11T17:08:18.268350Z","level":"info","event":"       id=3 → {'id': '3', 'name': 'Alice', 'age': '24', 'department': 'Marketing', 'salary': '49287.76', 'working_hours': '26.7'}","logger":"task.stdout"}
{"timestamp":"2026-05-11T17:08:18.269105Z","level":"info","event":"       id=4 → {'id': '4', 'name': 'Ivy', 'age': '49', 'department': 'Marketing', 'salary': '65339.56', 'working_hours': '20.7'}","logger":"task.stdout"}
{"timestamp":"2026-05-11T17:08:18.270376Z","level":"info","event":"       id=5 → {'id': '5', 'name': 'Diana', 'age': '24', 'department': 'HR', 'salary': '47463.66', 'working_hours': '25.7'}","logger":"task.stdout"}
{"timestamp":"2026-05-11T17:08:18.270849Z","level":"info","event":"       id=6 → {'id': '6', 'name': 'Jack', 'age': '34', 'department': 'Engineering', 'salary': '94979.41', 'working_hours': '50.6'}","logger":"task.stdout"}
{"timestamp":"2026-05-11T17:08:18.271223Z","level":"info","event":"       id=7 → {'id': '7', 'name': 'Hank', 'age': '41', 'department': 'HR', 'salary': '61391.17', 'working_hours': '50.7'}","logger":"task.stdout"}
{"timestamp":"2026-05-11T17:08:18.271676Z","level":"info","event":"       id=8 → {'id': '8', 'name': 'Diana', 'age': '58', 'department': 'Finance', 'salary': '94944.93', 'working_hours': '33.4'}","logger":"task.stdout"}
{"timestamp":"2026-05-11T17:08:18.272078Z","level":"info","event":"       id=9 → {'id': '9', 'name': 'Grace', 'age': '37', 'department': 'Operations', 'salary': '34394.12', 'working_hours': '33.4'}","logger":"task.stdout"}
{"timestamp":"2026-05-11T17:08:18.272771Z","level":"info","event":"       id=10 → {'id': '10', 'name': 'Hank', 'age': '36', 'department': 'Operations', 'salary': '82663.87', 'working_hours': '54.2'}","logger":"task.stdout"}
{"timestamp":"2026-05-11T17:08:18.273160Z","level":"info","event":"       id=11 → {'id': '11', 'name': 'Diana', 'age': '58', 'department': 'Engineering', 'salary': '109863.09', 'working_hours': '50.1'}","logger":"task.stdout"}
{"timestamp":"2026-05-11T17:08:18.273560Z","level":"info","event":"[INFO] result.csv found — upsert.","logger":"task.stdout"}
{"timestamp":"2026-05-11T17:08:18.274180Z","level":"info","event":"[INFO] In existing result.csv 20 rows.","logger":"task.stdout"}
{"timestamp":"2026-05-11T17:08:18.274522Z","level":"info","event":"       UPDATE  id=1","logger":"task.stdout"}
{"timestamp":"2026-05-11T17:08:18.274859Z","level":"info","event":"       UPDATE  id=2","logger":"task.stdout"}
{"timestamp":"2026-05-11T17:08:18.275220Z","level":"info","event":"       UPDATE  id=3","logger":"task.stdout"}
{"timestamp":"2026-05-11T17:08:18.275566Z","level":"info","event":"       UPDATE  id=4","logger":"task.stdout"}
{"timestamp":"2026-05-11T17:08:18.275904Z","level":"info","event":"       UPDATE  id=5","logger":"task.stdout"}
{"timestamp":"2026-05-11T17:08:18.276241Z","level":"info","event":"       UPDATE  id=6","logger":"task.stdout"}
{"timestamp":"2026-05-11T17:08:18.276625Z","level":"info","event":"       UPDATE  id=7","logger":"task.stdout"}
{"timestamp":"2026-05-11T17:08:18.276916Z","level":"info","event":"       UPDATE  id=8","logger":"task.stdout"}
{"timestamp":"2026-05-11T17:08:18.277223Z","level":"info","event":"       UPDATE  id=9","logger":"task.stdout"}
{"timestamp":"2026-05-11T17:08:18.277545Z","level":"info","event":"       UPDATE  id=10","logger":"task.stdout"}
{"timestamp":"2026-05-11T17:08:18.277839Z","level":"info","event":"       UPDATE  id=11","logger":"task.stdout"}
{"timestamp":"2026-05-11T17:08:18.278089Z","level":"info","event":"[INFO] result.csv updated — total 20 rows.","logger":"task.stdout"}
{"timestamp":"2026-05-11T17:08:18.269718Z","level":"info","event":"Done. Returned value was: None","logger":"airflow.task.operators.airflow.providers.standard.operators.python.PythonOperator","filename":"python.py","lineno":229}
{"timestamp":"2026-05-11T17:08:18.315532Z","level":"info","event":"Task instance in success state","logger":"task.stdout"}
{"timestamp":"2026-05-11T17:08:18.315990Z","level":"info","event":" Previous state of the Task instance: TaskInstanceState.RUNNING","logger":"task.stdout"}
{"timestamp":"2026-05-11T17:08:18.316501Z","level":"info","event":"Task operator:<Task(PythonOperator): process_partition>","logger":"task.stdout"}
