{"timestamp":"2026-05-06T10:22:28.019985Z","level":"info","event":"DAG bundles loaded: dags-folder, example_dags","logger":"airflow.dag_processing.bundles.manager.DagBundlesManager","filename":"manager.py","lineno":209}
{"timestamp":"2026-05-06T10:22:28.021487Z","level":"info","event":"Filling up the DagBag from /opt/airflow/dags/dynamic_dag_pipeline.py","logger":"airflow.dag_processing.dagbag.BundleDagBag","filename":"dagbag.py","lineno":469}
{"timestamp":"2026-05-06T10:22:30.102278Z","level":"warning","event":"The `airflow.operators.python.PythonOperator` attribute is deprecated. Please use `'airflow.providers.standard.operators.python.PythonOperator'`.","category":"UserWarning","filename":"/opt/airflow/dags/dynamic_dag_pipeline.py","lineno":2,"logger":"py.warnings"}
{"timestamp":"2026-05-06T10:22:30.197416Z","level":"info","event":"Task instance is in running state","logger":"task.stdout"}
{"timestamp":"2026-05-06T10:22:30.200384Z","level":"info","event":" Previous state of the Task instance: TaskInstanceState.QUEUED","logger":"task.stdout"}
{"timestamp":"2026-05-06T10:22:30.201274Z","level":"info","event":"Current task name:transform_sales","logger":"task.stdout"}
{"timestamp":"2026-05-06T10:22:30.201739Z","level":"info","event":"Dag name:dynamic_pipeline_dag","logger":"task.stdout"}
{"timestamp":"2026-05-06T10:22:30.202293Z","level":"info","event":"Transforming data for: sales","logger":"task.stdout"}
{"timestamp":"2026-05-06T10:22:30.202713Z","level":"info","event":"Applying business rules to: raw.sales_data","logger":"task.stdout"}
{"timestamp":"2026-05-06T10:22:30.203100Z","level":"info","event":"Partitioning output by: sale_date","logger":"task.stdout"}
{"timestamp":"2026-05-06T10:22:30.201665Z","level":"info","event":"Done. Returned value was: None","logger":"airflow.task.operators.airflow.providers.standard.operators.python.PythonOperator","filename":"python.py","lineno":229}
{"timestamp":"2026-05-06T10:22:30.319244Z","level":"info","event":"Task instance in success state","logger":"task.stdout"}
{"timestamp":"2026-05-06T10:22:30.321607Z","level":"info","event":" Previous state of the Task instance: TaskInstanceState.RUNNING","logger":"task.stdout"}
{"timestamp":"2026-05-06T10:22:30.322199Z","level":"info","event":"Task operator:<Task(PythonOperator): transform_sales>","logger":"task.stdout"}
{"timestamp":"2026-05-06T10:37:30.108397Z","level":"info","event":"DAG bundles loaded: dags-folder, example_dags","logger":"airflow.dag_processing.bundles.manager.DagBundlesManager","filename":"manager.py","lineno":209}
{"timestamp":"2026-05-06T10:37:30.110086Z","level":"info","event":"Filling up the DagBag from /opt/airflow/dags/dynamic_dag_pipeline.py","logger":"airflow.dag_processing.dagbag.BundleDagBag","filename":"dagbag.py","lineno":469}
{"timestamp":"2026-05-06T10:37:30.270027Z","level":"info","event":"Task instance is in running state","logger":"task.stdout"}
{"timestamp":"2026-05-06T10:37:30.271437Z","level":"info","event":" Previous state of the Task instance: TaskInstanceState.QUEUED","logger":"task.stdout"}
{"timestamp":"2026-05-06T10:37:30.273014Z","level":"info","event":"Current task name:transform_sales","logger":"task.stdout"}
{"timestamp":"2026-05-06T10:37:30.273556Z","level":"info","event":"Dag name:dynamic_pipeline_dag","logger":"task.stdout"}
{"timestamp":"2026-05-06T10:37:30.276163Z","level":"info","event":"Transforming data for: sales","logger":"task.stdout"}
{"timestamp":"2026-05-06T10:37:30.277353Z","level":"info","event":"Applying business rules to: raw.sales_data","logger":"task.stdout"}
{"timestamp":"2026-05-06T10:37:30.278147Z","level":"info","event":"Partitioning output by: sale_date","logger":"task.stdout"}
{"timestamp":"2026-05-06T10:37:30.274539Z","level":"info","event":"Done. Returned value was: None","logger":"airflow.task.operators.airflow.providers.standard.operators.python.PythonOperator","filename":"python.py","lineno":229}
{"timestamp":"2026-05-06T10:37:30.375380Z","level":"info","event":"Task instance in success state","logger":"task.stdout"}
{"timestamp":"2026-05-06T10:37:30.376363Z","level":"info","event":" Previous state of the Task instance: TaskInstanceState.RUNNING","logger":"task.stdout"}
{"timestamp":"2026-05-06T10:37:30.377535Z","level":"info","event":"Task operator:<Task(PythonOperator): transform_sales>","logger":"task.stdout"}
{"timestamp":"2026-05-06T10:41:04.954602Z","level":"info","event":"DAG bundles loaded: dags-folder, example_dags","logger":"airflow.dag_processing.bundles.manager.DagBundlesManager","filename":"manager.py","lineno":209}
{"timestamp":"2026-05-06T10:41:04.956440Z","level":"info","event":"Filling up the DagBag from /opt/airflow/dags/dynamic_dag_pipeline.py","logger":"airflow.dag_processing.dagbag.BundleDagBag","filename":"dagbag.py","lineno":469}
{"timestamp":"2026-05-06T10:41:05.108653Z","level":"info","event":"Task instance is in running state","logger":"task.stdout"}
{"timestamp":"2026-05-06T10:41:05.109220Z","level":"info","event":" Previous state of the Task instance: TaskInstanceState.QUEUED","logger":"task.stdout"}
{"timestamp":"2026-05-06T10:41:05.109886Z","level":"info","event":"Current task name:transform_sales","logger":"task.stdout"}
{"timestamp":"2026-05-06T10:41:05.110494Z","level":"info","event":"Dag name:dynamic_pipeline_dag","logger":"task.stdout"}
{"timestamp":"2026-05-06T10:41:05.112919Z","level":"info","event":"Transforming data for: sales","logger":"task.stdout"}
{"timestamp":"2026-05-06T10:41:05.115308Z","level":"info","event":"Applying business rules to: raw.sales_data","logger":"task.stdout"}
{"timestamp":"2026-05-06T10:41:05.115944Z","level":"info","event":"Partitioning output by: sale_date","logger":"task.stdout"}
{"timestamp":"2026-05-06T10:41:05.112879Z","level":"info","event":"Done. Returned value was: None","logger":"airflow.task.operators.airflow.providers.standard.operators.python.PythonOperator","filename":"python.py","lineno":229}
{"timestamp":"2026-05-06T10:41:05.198534Z","level":"info","event":"Task instance in success state","logger":"task.stdout"}
{"timestamp":"2026-05-06T10:41:05.199415Z","level":"info","event":" Previous state of the Task instance: TaskInstanceState.RUNNING","logger":"task.stdout"}
{"timestamp":"2026-05-06T10:41:05.204440Z","level":"info","event":"Task operator:<Task(PythonOperator): transform_sales>","logger":"task.stdout"}
{"timestamp":"2026-05-06T11:36:53.640989Z","level":"info","event":"DAG bundles loaded: dags-folder, example_dags","logger":"airflow.dag_processing.bundles.manager.DagBundlesManager","filename":"manager.py","lineno":209}
{"timestamp":"2026-05-06T11:36:53.642454Z","level":"info","event":"Filling up the DagBag from /opt/airflow/dags/dynamic_dag_pipeline.py","logger":"airflow.dag_processing.dagbag.BundleDagBag","filename":"dagbag.py","lineno":469}
{"timestamp":"2026-05-06T11:36:53.789249Z","level":"info","event":"Task instance is in running state","logger":"task.stdout"}
{"timestamp":"2026-05-06T11:36:53.790017Z","level":"info","event":" Previous state of the Task instance: TaskInstanceState.QUEUED","logger":"task.stdout"}
{"timestamp":"2026-05-06T11:36:53.790906Z","level":"info","event":"Current task name:transform_sales","logger":"task.stdout"}
{"timestamp":"2026-05-06T11:36:53.791389Z","level":"info","event":"Dag name:dynamic_pipeline_dag","logger":"task.stdout"}
{"timestamp":"2026-05-06T11:36:53.794775Z","level":"info","event":"Transforming data for: sales","logger":"task.stdout"}
{"timestamp":"2026-05-06T11:36:53.796150Z","level":"info","event":"Applying business rules to: raw.sales_data","logger":"task.stdout"}
{"timestamp":"2026-05-06T11:36:53.797850Z","level":"info","event":"Partitioning output by: sale_date","logger":"task.stdout"}
{"timestamp":"2026-05-06T11:36:53.794765Z","level":"info","event":"Done. Returned value was: None","logger":"airflow.task.operators.airflow.providers.standard.operators.python.PythonOperator","filename":"python.py","lineno":229}
{"timestamp":"2026-05-06T11:36:53.874981Z","level":"info","event":"Task instance in success state","logger":"task.stdout"}
{"timestamp":"2026-05-06T11:36:53.875790Z","level":"info","event":" Previous state of the Task instance: TaskInstanceState.RUNNING","logger":"task.stdout"}
{"timestamp":"2026-05-06T11:36:53.876732Z","level":"info","event":"Task operator:<Task(PythonOperator): transform_sales>","logger":"task.stdout"}
