{"timestamp":"2026-05-05T10:29:38.896572Z","level":"info","event":"DAG bundles loaded: dags-folder, example_dags","logger":"airflow.dag_processing.bundles.manager.DagBundlesManager","filename":"manager.py","lineno":209}
{"timestamp":"2026-05-05T10:29:38.898901Z","level":"info","event":"Filling up the DagBag from /opt/airflow/dags/print_interval_dag.py","logger":"airflow.dag_processing.dagbag.BundleDagBag","filename":"dagbag.py","lineno":469}
{"timestamp":"2026-05-05T10:29:38.931976Z","level":"warning","event":"The `airflow.operators.python.PythonOperator` attribute is deprecated. Please use `'airflow.providers.standard.operators.python.PythonOperator'`.","category":"UserWarning","filename":"/opt/airflow/dags/print_interval_dag.py","lineno":2,"logger":"py.warnings"}
{"timestamp":"2026-05-05T10:29:39.039205Z","level":"info","event":"Task instance is in running state","logger":"task.stdout"}
{"timestamp":"2026-05-05T10:29:39.040968Z","level":"info","event":" Previous state of the Task instance: TaskInstanceState.QUEUED","logger":"task.stdout"}
{"timestamp":"2026-05-05T10:29:39.041736Z","level":"info","event":"Current task name:print_interval","logger":"task.stdout"}
{"timestamp":"2026-05-05T10:29:39.042868Z","level":"info","event":"Dag name:print_interval_dag","logger":"task.stdout"}
{"timestamp":"2026-05-05T10:29:39.045189Z","level":"info","event":"Interval Start: 2025-05-06 15:00:00+00:00","logger":"task.stdout"}
{"timestamp":"2026-05-05T10:29:39.046334Z","level":"info","event":"Interval End:   2025-05-06 15:00:00+00:00","logger":"task.stdout"}
{"timestamp":"2026-05-05T10:29:39.044690Z","level":"info","event":"Done. Returned value was: None","logger":"airflow.task.operators.airflow.providers.standard.operators.python.PythonOperator","filename":"python.py","lineno":229}
{"timestamp":"2026-05-05T10:29:39.135523Z","level":"info","event":"Task instance in success state","logger":"task.stdout"}
{"timestamp":"2026-05-05T10:29:39.136221Z","level":"info","event":" Previous state of the Task instance: TaskInstanceState.RUNNING","logger":"task.stdout"}
{"timestamp":"2026-05-05T10:29:39.136689Z","level":"info","event":"Task operator:<Task(PythonOperator): print_interval>","logger":"task.stdout"}
{"timestamp":"2026-05-05T12:25:28.594581Z","level":"info","event":"DAG bundles loaded: dags-folder, example_dags","logger":"airflow.dag_processing.bundles.manager.DagBundlesManager","filename":"manager.py","lineno":209}
{"timestamp":"2026-05-05T12:25:28.597441Z","level":"info","event":"Filling up the DagBag from /opt/airflow/dags/print_interval_dag.py","logger":"airflow.dag_processing.dagbag.BundleDagBag","filename":"dagbag.py","lineno":469}
{"timestamp":"2026-05-05T12:25:28.722036Z","level":"info","event":"Task instance is in running state","logger":"task.stdout"}
{"timestamp":"2026-05-05T12:25:28.724028Z","level":"info","event":" Previous state of the Task instance: TaskInstanceState.QUEUED","logger":"task.stdout"}
{"timestamp":"2026-05-05T12:25:28.725730Z","level":"info","event":"Current task name:print_interval","logger":"task.stdout"}
{"timestamp":"2026-05-05T12:25:28.729477Z","level":"info","event":"Dag name:print_interval_dag","logger":"task.stdout"}
{"timestamp":"2026-05-05T12:25:28.730432Z","level":"info","event":"=== ALL AVAILABLE MACROS ===","logger":"task.stdout"}
{"timestamp":"2026-05-05T12:25:28.731210Z","level":"info","event":"dag: <DAG: print_interval_dag>","logger":"task.stdout"}
{"timestamp":"2026-05-05T12:25:28.731797Z","level":"info","event":"inlets: []","logger":"task.stdout"}
{"timestamp":"2026-05-05T12:25:28.732301Z","level":"info","event":"map_index_template: None","logger":"task.stdout"}
{"timestamp":"2026-05-05T12:25:28.737289Z","level":"info","event":"outlets: []","logger":"task.stdout"}
{"timestamp":"2026-05-05T12:25:28.739615Z","level":"info","event":"run_id: scheduled__2025-05-06T15:00:00+00:00","logger":"task.stdout"}
{"timestamp":"2026-05-05T12:25:28.740413Z","level":"info","event":"task: <Task(PythonOperator): print_interval>","logger":"task.stdout"}
{"timestamp":"2026-05-05T12:25:28.741118Z","level":"info","event":"task_instance: id=UUID('019df819-b417-7ebd-8a94-ae53e1f8ea6b') task_id='print_interval' dag_id='print_interval_dag' run_id='scheduled__2025-05-06T15:00:00+00:00' try_number=1 dag_version_id=UUID('019df815-a045-750b-bac8-47ced7cc6a45') map_index=-1 hostname='86abe326db93' context_carrier={'traceparent': '00-026182b0fc6417ce6edd432935427058-9d69ef347c14e381-01'} task=<Task(PythonOperator): print_interval> bundle_instance=LocalDagBundle(name=dags-folder) max_tries=0 start_date=datetime.datetime(2026, 5, 5, 12, 25, 27, 667554, tzinfo=datetime.timezone.utc) end_date=None state=<TaskInstanceState.RUNNING: 'running'> is_mapped=False rendered_map_index=None sentry_integration=''","logger":"task.stdout"}
{"timestamp":"2026-05-05T12:25:28.743911Z","level":"info","event":"ti: id=UUID('019df819-b417-7ebd-8a94-ae53e1f8ea6b') task_id='print_interval' dag_id='print_interval_dag' run_id='scheduled__2025-05-06T15:00:00+00:00' try_number=1 dag_version_id=UUID('019df815-a045-750b-bac8-47ced7cc6a45') map_index=-1 hostname='86abe326db93' context_carrier={'traceparent': '00-026182b0fc6417ce6edd432935427058-9d69ef347c14e381-01'} task=<Task(PythonOperator): print_interval> bundle_instance=LocalDagBundle(name=dags-folder) max_tries=0 start_date=datetime.datetime(2026, 5, 5, 12, 25, 27, 667554, tzinfo=datetime.timezone.utc) end_date=None state=<TaskInstanceState.RUNNING: 'running'> is_mapped=False rendered_map_index=None sentry_integration=''","logger":"task.stdout"}
{"timestamp":"2026-05-05T12:25:28.744554Z","level":"info","event":"outlet_events: OutletEventAccessors(_dict={})","logger":"task.stdout"}
{"timestamp":"2026-05-05T12:25:28.745086Z","level":"info","event":"inlet_events: InletEventsAccessors(_inlets=[], _assets={}, _asset_aliases={})","logger":"task.stdout"}
{"timestamp":"2026-05-05T12:25:28.745550Z","level":"info","event":"macros: <MacrosAccessor (dynamic access to macros)>","logger":"task.stdout"}
{"timestamp":"2026-05-05T12:25:28.747440Z","level":"info","event":"params: {}","logger":"task.stdout"}
{"timestamp":"2026-05-05T12:25:28.749563Z","level":"info","event":"var: {'json': <VariableAccessor (dynamic access)>, 'value': <VariableAccessor (dynamic access)>}","logger":"task.stdout"}
{"timestamp":"2026-05-05T12:25:28.751686Z","level":"info","event":"conn: <ConnectionAccessor (dynamic access)>","logger":"task.stdout"}
{"timestamp":"2026-05-05T12:25:28.752442Z","level":"info","event":"dag_run: dag_id='print_interval_dag' run_id='scheduled__2025-05-06T15:00:00+00:00' logical_date=datetime.datetime(2025, 5, 6, 15, 0, tzinfo=datetime.timezone.utc) data_interval_start=datetime.datetime(2025, 5, 6, 15, 0, tzinfo=datetime.timezone.utc) data_interval_end=datetime.datetime(2025, 5, 6, 15, 0, tzinfo=datetime.timezone.utc) run_after=datetime.datetime(2025, 5, 6, 15, 0, tzinfo=datetime.timezone.utc) start_date=datetime.datetime(2026, 5, 5, 12, 25, 27, 346482, tzinfo=datetime.timezone.utc) end_date=None clear_number=0 run_type=<DagRunType.SCHEDULED: 'scheduled'> state=<DagRunState.RUNNING: 'running'> conf={} triggering_user_name=None consumed_asset_events=[] partition_key=None note=None","logger":"task.stdout"}
{"timestamp":"2026-05-05T12:25:28.753361Z","level":"info","event":"triggering_asset_events: TriggeringAssetEventAccessor(_events=defaultdict(<class 'list'>, {}))","logger":"task.stdout"}
{"timestamp":"2026-05-05T12:25:28.753939Z","level":"info","event":"task_instance_key_str: print_interval_dag__print_interval__20250506","logger":"task.stdout"}
{"timestamp":"2026-05-05T12:25:28.754478Z","level":"info","event":"task_reschedule_count: 0","logger":"task.stdout"}
{"timestamp":"2026-05-05T12:25:28.797026Z","level":"info","event":"prev_start_date_success: 2026-05-05 12:25:26.388992+00:00","logger":"task.stdout"}
{"timestamp":"2026-05-05T12:25:28.798085Z","level":"info","event":"prev_end_date_success: 2026-05-05 12:25:28.316576+00:00","logger":"task.stdout"}
{"timestamp":"2026-05-05T12:25:28.799348Z","level":"info","event":"logical_date: 2025-05-06 15:00:00+00:00","logger":"task.stdout"}
{"timestamp":"2026-05-05T12:25:28.801037Z","level":"info","event":"ds: 2025-05-06","logger":"task.stdout"}
{"timestamp":"2026-05-05T12:25:28.803712Z","level":"info","event":"ds_nodash: 20250506","logger":"task.stdout"}
{"timestamp":"2026-05-05T12:25:28.804902Z","level":"info","event":"ts: 2025-05-06T15:00:00+00:00","logger":"task.stdout"}
{"timestamp":"2026-05-05T12:25:28.805934Z","level":"info","event":"ts_nodash: 20250506T150000","logger":"task.stdout"}
{"timestamp":"2026-05-05T12:25:28.806685Z","level":"info","event":"ts_nodash_with_tz: 20250506T150000+0000","logger":"task.stdout"}
{"timestamp":"2026-05-05T12:25:28.807388Z","level":"info","event":"data_interval_end: 2025-05-06 15:00:00+00:00","logger":"task.stdout"}
{"timestamp":"2026-05-05T12:25:28.807993Z","level":"info","event":"data_interval_start: 2025-05-06 15:00:00+00:00","logger":"task.stdout"}
{"timestamp":"2026-05-05T12:25:28.809151Z","level":"info","event":"prev_data_interval_start_success: 2025-05-06 09:00:00+00:00","logger":"task.stdout"}
{"timestamp":"2026-05-05T12:25:28.809939Z","level":"info","event":"prev_data_interval_end_success: 2025-05-06 09:00:00+00:00","logger":"task.stdout"}
{"timestamp":"2026-05-05T12:25:28.810618Z","level":"info","event":"templates_dict: None","logger":"task.stdout"}
{"timestamp":"2026-05-05T12:25:28.795457Z","level":"info","event":"Done. Returned value was: None","logger":"airflow.task.operators.airflow.providers.standard.operators.python.PythonOperator","filename":"python.py","lineno":229}
{"timestamp":"2026-05-05T12:25:28.868468Z","level":"info","event":"Task instance in success state","logger":"task.stdout"}
{"timestamp":"2026-05-05T12:25:28.869083Z","level":"info","event":" Previous state of the Task instance: TaskInstanceState.RUNNING","logger":"task.stdout"}
{"timestamp":"2026-05-05T12:25:28.870015Z","level":"info","event":"Task operator:<Task(PythonOperator): print_interval>","logger":"task.stdout"}
