{"timestamp":"2026-05-05T10:30:35.705928Z","level":"info","event":"DAG bundles loaded: dags-folder, example_dags","logger":"airflow.dag_processing.bundles.manager.DagBundlesManager","filename":"manager.py","lineno":209}
{"timestamp":"2026-05-05T10:30:35.708047Z","level":"info","event":"Filling up the DagBag from /opt/airflow/dags/print_interval_dag.py","logger":"airflow.dag_processing.dagbag.BundleDagBag","filename":"dagbag.py","lineno":469}
{"timestamp":"2026-05-05T10:30:35.718173Z","level":"warning","event":"The `airflow.operators.python.PythonOperator` attribute is deprecated. Please use `'airflow.providers.standard.operators.python.PythonOperator'`.","category":"UserWarning","filename":"/opt/airflow/dags/print_interval_dag.py","lineno":2,"logger":"py.warnings"}
{"timestamp":"2026-05-05T10:30:35.766295Z","level":"info","event":"Task instance is in running state","logger":"task.stdout"}
{"timestamp":"2026-05-05T10:30:35.769613Z","level":"info","event":" Previous state of the Task instance: TaskInstanceState.QUEUED","logger":"task.stdout"}
{"timestamp":"2026-05-05T10:30:35.770249Z","level":"info","event":"Current task name:print_interval","logger":"task.stdout"}
{"timestamp":"2026-05-05T10:30:35.774126Z","level":"info","event":"Dag name:print_interval_dag","logger":"task.stdout"}
{"timestamp":"2026-05-05T10:30:35.776618Z","level":"info","event":"Interval Start: 2025-05-21 03:00:00+00:00","logger":"task.stdout"}
{"timestamp":"2026-05-05T10:30:35.777260Z","level":"info","event":"Interval End:   2025-05-21 03:00:00+00:00","logger":"task.stdout"}
{"timestamp":"2026-05-05T10:30:35.771453Z","level":"info","event":"Done. Returned value was: None","logger":"airflow.task.operators.airflow.providers.standard.operators.python.PythonOperator","filename":"python.py","lineno":229}
{"timestamp":"2026-05-05T10:30:35.849094Z","level":"info","event":"Task instance in success state","logger":"task.stdout"}
{"timestamp":"2026-05-05T10:30:35.849682Z","level":"info","event":" Previous state of the Task instance: TaskInstanceState.RUNNING","logger":"task.stdout"}
{"timestamp":"2026-05-05T10:30:35.851318Z","level":"info","event":"Task operator:<Task(PythonOperator): print_interval>","logger":"task.stdout"}
{"timestamp":"2026-05-05T12:26:30.487751Z","level":"info","event":"DAG bundles loaded: dags-folder, example_dags","logger":"airflow.dag_processing.bundles.manager.DagBundlesManager","filename":"manager.py","lineno":209}
{"timestamp":"2026-05-05T12:26:30.489398Z","level":"info","event":"Filling up the DagBag from /opt/airflow/dags/print_interval_dag.py","logger":"airflow.dag_processing.dagbag.BundleDagBag","filename":"dagbag.py","lineno":469}
{"timestamp":"2026-05-05T12:26:30.595300Z","level":"info","event":"Task instance is in running state","logger":"task.stdout"}
{"timestamp":"2026-05-05T12:26:30.599329Z","level":"info","event":" Previous state of the Task instance: TaskInstanceState.QUEUED","logger":"task.stdout"}
{"timestamp":"2026-05-05T12:26:30.599807Z","level":"info","event":"Current task name:print_interval","logger":"task.stdout"}
{"timestamp":"2026-05-05T12:26:30.600312Z","level":"info","event":"Dag name:print_interval_dag","logger":"task.stdout"}
{"timestamp":"2026-05-05T12:26:30.600823Z","level":"info","event":"=== ALL AVAILABLE MACROS ===","logger":"task.stdout"}
{"timestamp":"2026-05-05T12:26:30.601342Z","level":"info","event":"dag: <DAG: print_interval_dag>","logger":"task.stdout"}
{"timestamp":"2026-05-05T12:26:30.602636Z","level":"info","event":"inlets: []","logger":"task.stdout"}
{"timestamp":"2026-05-05T12:26:30.603504Z","level":"info","event":"map_index_template: None","logger":"task.stdout"}
{"timestamp":"2026-05-05T12:26:30.604049Z","level":"info","event":"outlets: []","logger":"task.stdout"}
{"timestamp":"2026-05-05T12:26:30.606130Z","level":"info","event":"run_id: scheduled__2025-05-21T03:00:00+00:00","logger":"task.stdout"}
{"timestamp":"2026-05-05T12:26:30.606819Z","level":"info","event":"task: <Task(PythonOperator): print_interval>","logger":"task.stdout"}
{"timestamp":"2026-05-05T12:26:30.607466Z","level":"info","event":"task_instance: id=UUID('019df81a-a5c5-7fa4-a20a-1388cb4ce57f') task_id='print_interval' dag_id='print_interval_dag' run_id='scheduled__2025-05-21T03:00:00+00:00' try_number=1 dag_version_id=UUID('019df815-a045-750b-bac8-47ced7cc6a45') map_index=-1 hostname='86abe326db93' context_carrier={'traceparent': '00-dc8807f6fd8ed1eafc1b5775d222047c-20b6f650a444c824-01'} task=<Task(PythonOperator): print_interval> bundle_instance=LocalDagBundle(name=dags-folder) max_tries=0 start_date=datetime.datetime(2026, 5, 5, 12, 26, 29, 598028, tzinfo=datetime.timezone.utc) end_date=None state=<TaskInstanceState.RUNNING: 'running'> is_mapped=False rendered_map_index=None sentry_integration=''","logger":"task.stdout"}
{"timestamp":"2026-05-05T12:26:30.608411Z","level":"info","event":"ti: id=UUID('019df81a-a5c5-7fa4-a20a-1388cb4ce57f') task_id='print_interval' dag_id='print_interval_dag' run_id='scheduled__2025-05-21T03:00:00+00:00' try_number=1 dag_version_id=UUID('019df815-a045-750b-bac8-47ced7cc6a45') map_index=-1 hostname='86abe326db93' context_carrier={'traceparent': '00-dc8807f6fd8ed1eafc1b5775d222047c-20b6f650a444c824-01'} task=<Task(PythonOperator): print_interval> bundle_instance=LocalDagBundle(name=dags-folder) max_tries=0 start_date=datetime.datetime(2026, 5, 5, 12, 26, 29, 598028, tzinfo=datetime.timezone.utc) end_date=None state=<TaskInstanceState.RUNNING: 'running'> is_mapped=False rendered_map_index=None sentry_integration=''","logger":"task.stdout"}
{"timestamp":"2026-05-05T12:26:30.609184Z","level":"info","event":"outlet_events: OutletEventAccessors(_dict={})","logger":"task.stdout"}
{"timestamp":"2026-05-05T12:26:30.609824Z","level":"info","event":"inlet_events: InletEventsAccessors(_inlets=[], _assets={}, _asset_aliases={})","logger":"task.stdout"}
{"timestamp":"2026-05-05T12:26:30.610506Z","level":"info","event":"macros: <MacrosAccessor (dynamic access to macros)>","logger":"task.stdout"}
{"timestamp":"2026-05-05T12:26:30.611300Z","level":"info","event":"params: {}","logger":"task.stdout"}
{"timestamp":"2026-05-05T12:26:30.611905Z","level":"info","event":"var: {'json': <VariableAccessor (dynamic access)>, 'value': <VariableAccessor (dynamic access)>}","logger":"task.stdout"}
{"timestamp":"2026-05-05T12:26:30.615169Z","level":"info","event":"conn: <ConnectionAccessor (dynamic access)>","logger":"task.stdout"}
{"timestamp":"2026-05-05T12:26:30.616475Z","level":"info","event":"dag_run: dag_id='print_interval_dag' run_id='scheduled__2025-05-21T03:00:00+00:00' logical_date=datetime.datetime(2025, 5, 21, 3, 0, tzinfo=datetime.timezone.utc) data_interval_start=datetime.datetime(2025, 5, 21, 3, 0, tzinfo=datetime.timezone.utc) data_interval_end=datetime.datetime(2025, 5, 21, 3, 0, tzinfo=datetime.timezone.utc) run_after=datetime.datetime(2025, 5, 21, 3, 0, tzinfo=datetime.timezone.utc) start_date=datetime.datetime(2026, 5, 5, 12, 26, 29, 223744, tzinfo=datetime.timezone.utc) end_date=None clear_number=0 run_type=<DagRunType.SCHEDULED: 'scheduled'> state=<DagRunState.RUNNING: 'running'> conf={} triggering_user_name=None consumed_asset_events=[] partition_key=None note=None","logger":"task.stdout"}
{"timestamp":"2026-05-05T12:26:30.617157Z","level":"info","event":"triggering_asset_events: TriggeringAssetEventAccessor(_events=defaultdict(<class 'list'>, {}))","logger":"task.stdout"}
{"timestamp":"2026-05-05T12:26:30.617818Z","level":"info","event":"task_instance_key_str: print_interval_dag__print_interval__20250521","logger":"task.stdout"}
{"timestamp":"2026-05-05T12:26:30.618410Z","level":"info","event":"task_reschedule_count: 0","logger":"task.stdout"}
{"timestamp":"2026-05-05T12:26:30.640615Z","level":"info","event":"prev_start_date_success: 2026-05-05 12:26:28.255691+00:00","logger":"task.stdout"}
{"timestamp":"2026-05-05T12:26:30.641151Z","level":"info","event":"prev_end_date_success: 2026-05-05 12:26:30.249950+00:00","logger":"task.stdout"}
{"timestamp":"2026-05-05T12:26:30.642392Z","level":"info","event":"logical_date: 2025-05-21 03:00:00+00:00","logger":"task.stdout"}
{"timestamp":"2026-05-05T12:26:30.642890Z","level":"info","event":"ds: 2025-05-21","logger":"task.stdout"}
{"timestamp":"2026-05-05T12:26:30.644411Z","level":"info","event":"ds_nodash: 20250521","logger":"task.stdout"}
{"timestamp":"2026-05-05T12:26:30.645170Z","level":"info","event":"ts: 2025-05-21T03:00:00+00:00","logger":"task.stdout"}
{"timestamp":"2026-05-05T12:26:30.645818Z","level":"info","event":"ts_nodash: 20250521T030000","logger":"task.stdout"}
{"timestamp":"2026-05-05T12:26:30.646238Z","level":"info","event":"ts_nodash_with_tz: 20250521T030000+0000","logger":"task.stdout"}
{"timestamp":"2026-05-05T12:26:30.646632Z","level":"info","event":"data_interval_end: 2025-05-21 03:00:00+00:00","logger":"task.stdout"}
{"timestamp":"2026-05-05T12:26:30.647001Z","level":"info","event":"data_interval_start: 2025-05-21 03:00:00+00:00","logger":"task.stdout"}
{"timestamp":"2026-05-05T12:26:30.648015Z","level":"info","event":"prev_data_interval_start_success: 2025-05-20 21:00:00+00:00","logger":"task.stdout"}
{"timestamp":"2026-05-05T12:26:30.648612Z","level":"info","event":"prev_data_interval_end_success: 2025-05-20 21:00:00+00:00","logger":"task.stdout"}
{"timestamp":"2026-05-05T12:26:30.649008Z","level":"info","event":"templates_dict: None","logger":"task.stdout"}
{"timestamp":"2026-05-05T12:26:30.639342Z","level":"info","event":"Done. Returned value was: None","logger":"airflow.task.operators.airflow.providers.standard.operators.python.PythonOperator","filename":"python.py","lineno":229}
{"timestamp":"2026-05-05T12:26:30.718977Z","level":"info","event":"Task instance in success state","logger":"task.stdout"}
{"timestamp":"2026-05-05T12:26:30.720808Z","level":"info","event":" Previous state of the Task instance: TaskInstanceState.RUNNING","logger":"task.stdout"}
{"timestamp":"2026-05-05T12:26:30.721921Z","level":"info","event":"Task operator:<Task(PythonOperator): print_interval>","logger":"task.stdout"}
