{"timestamp":"2026-05-05T10:29:28.311231Z","level":"info","event":"DAG bundles loaded: dags-folder, example_dags","logger":"airflow.dag_processing.bundles.manager.DagBundlesManager","filename":"manager.py","lineno":209}
{"timestamp":"2026-05-05T10:29:28.313093Z","level":"info","event":"Filling up the DagBag from /opt/airflow/dags/print_interval_dag.py","logger":"airflow.dag_processing.dagbag.BundleDagBag","filename":"dagbag.py","lineno":469}
{"timestamp":"2026-05-05T10:29:28.329033Z","level":"warning","event":"The `airflow.operators.python.PythonOperator` attribute is deprecated. Please use `'airflow.providers.standard.operators.python.PythonOperator'`.","category":"UserWarning","filename":"/opt/airflow/dags/print_interval_dag.py","lineno":2,"logger":"py.warnings"}
{"timestamp":"2026-05-05T10:29:28.394025Z","level":"info","event":"Task instance is in running state","logger":"task.stdout"}
{"timestamp":"2026-05-05T10:29:28.394982Z","level":"info","event":" Previous state of the Task instance: TaskInstanceState.QUEUED","logger":"task.stdout"}
{"timestamp":"2026-05-05T10:29:28.395716Z","level":"info","event":"Current task name:print_interval","logger":"task.stdout"}
{"timestamp":"2026-05-05T10:29:28.399798Z","level":"info","event":"Dag name:print_interval_dag","logger":"task.stdout"}
{"timestamp":"2026-05-05T10:29:28.402642Z","level":"info","event":"Interval Start: 2025-05-04 06:00:00+00:00","logger":"task.stdout"}
{"timestamp":"2026-05-05T10:29:28.404325Z","level":"info","event":"Interval End:   2025-05-04 06:00:00+00:00","logger":"task.stdout"}
{"timestamp":"2026-05-05T10:29:28.403243Z","level":"info","event":"Done. Returned value was: None","logger":"airflow.task.operators.airflow.providers.standard.operators.python.PythonOperator","filename":"python.py","lineno":229}
{"timestamp":"2026-05-05T10:29:28.515696Z","level":"info","event":"Task instance in success state","logger":"task.stdout"}
{"timestamp":"2026-05-05T10:29:28.517209Z","level":"info","event":" Previous state of the Task instance: TaskInstanceState.RUNNING","logger":"task.stdout"}
{"timestamp":"2026-05-05T10:29:28.522603Z","level":"info","event":"Task operator:<Task(PythonOperator): print_interval>","logger":"task.stdout"}
{"timestamp":"2026-05-05T12:25:19.943332Z","level":"info","event":"DAG bundles loaded: dags-folder, example_dags","logger":"airflow.dag_processing.bundles.manager.DagBundlesManager","filename":"manager.py","lineno":209}
{"timestamp":"2026-05-05T12:25:19.945927Z","level":"info","event":"Filling up the DagBag from /opt/airflow/dags/print_interval_dag.py","logger":"airflow.dag_processing.dagbag.BundleDagBag","filename":"dagbag.py","lineno":469}
{"timestamp":"2026-05-05T12:25:20.202326Z","level":"info","event":"Task instance is in running state","logger":"task.stdout"}
{"timestamp":"2026-05-05T12:25:20.202965Z","level":"info","event":" Previous state of the Task instance: TaskInstanceState.QUEUED","logger":"task.stdout"}
{"timestamp":"2026-05-05T12:25:20.203282Z","level":"info","event":"Current task name:print_interval","logger":"task.stdout"}
{"timestamp":"2026-05-05T12:25:20.203988Z","level":"info","event":"Dag name:print_interval_dag","logger":"task.stdout"}
{"timestamp":"2026-05-05T12:25:20.207258Z","level":"info","event":"=== ALL AVAILABLE MACROS ===","logger":"task.stdout"}
{"timestamp":"2026-05-05T12:25:20.208041Z","level":"info","event":"dag: <DAG: print_interval_dag>","logger":"task.stdout"}
{"timestamp":"2026-05-05T12:25:20.208856Z","level":"info","event":"inlets: []","logger":"task.stdout"}
{"timestamp":"2026-05-05T12:25:20.209305Z","level":"info","event":"map_index_template: None","logger":"task.stdout"}
{"timestamp":"2026-05-05T12:25:20.209836Z","level":"info","event":"outlets: []","logger":"task.stdout"}
{"timestamp":"2026-05-05T12:25:20.210700Z","level":"info","event":"run_id: scheduled__2025-05-04T06:00:00+00:00","logger":"task.stdout"}
{"timestamp":"2026-05-05T12:25:20.211293Z","level":"info","event":"task: <Task(PythonOperator): print_interval>","logger":"task.stdout"}
{"timestamp":"2026-05-05T12:25:20.211922Z","level":"info","event":"task_instance: id=UUID('019df819-91ec-70a2-b634-3ee62378a552') task_id='print_interval' dag_id='print_interval_dag' run_id='scheduled__2025-05-04T06:00:00+00:00' try_number=1 dag_version_id=UUID('019df815-a045-750b-bac8-47ced7cc6a45') map_index=-1 hostname='86abe326db93' context_carrier={'traceparent': '00-2250a3dfbbdb2d0e2d27740ec87806ef-4d962cdb18c10b53-01'} task=<Task(PythonOperator): print_interval> bundle_instance=LocalDagBundle(name=dags-folder) max_tries=0 start_date=datetime.datetime(2026, 5, 5, 12, 25, 18, 947780, tzinfo=datetime.timezone.utc) end_date=None state=<TaskInstanceState.RUNNING: 'running'> is_mapped=False rendered_map_index=None sentry_integration=''","logger":"task.stdout"}
{"timestamp":"2026-05-05T12:25:20.212639Z","level":"info","event":"ti: id=UUID('019df819-91ec-70a2-b634-3ee62378a552') task_id='print_interval' dag_id='print_interval_dag' run_id='scheduled__2025-05-04T06:00:00+00:00' try_number=1 dag_version_id=UUID('019df815-a045-750b-bac8-47ced7cc6a45') map_index=-1 hostname='86abe326db93' context_carrier={'traceparent': '00-2250a3dfbbdb2d0e2d27740ec87806ef-4d962cdb18c10b53-01'} task=<Task(PythonOperator): print_interval> bundle_instance=LocalDagBundle(name=dags-folder) max_tries=0 start_date=datetime.datetime(2026, 5, 5, 12, 25, 18, 947780, tzinfo=datetime.timezone.utc) end_date=None state=<TaskInstanceState.RUNNING: 'running'> is_mapped=False rendered_map_index=None sentry_integration=''","logger":"task.stdout"}
{"timestamp":"2026-05-05T12:25:20.213138Z","level":"info","event":"outlet_events: OutletEventAccessors(_dict={})","logger":"task.stdout"}
{"timestamp":"2026-05-05T12:25:20.213522Z","level":"info","event":"inlet_events: InletEventsAccessors(_inlets=[], _assets={}, _asset_aliases={})","logger":"task.stdout"}
{"timestamp":"2026-05-05T12:25:20.213947Z","level":"info","event":"macros: <MacrosAccessor (dynamic access to macros)>","logger":"task.stdout"}
{"timestamp":"2026-05-05T12:25:20.214984Z","level":"info","event":"params: {}","logger":"task.stdout"}
{"timestamp":"2026-05-05T12:25:20.215461Z","level":"info","event":"var: {'json': <VariableAccessor (dynamic access)>, 'value': <VariableAccessor (dynamic access)>}","logger":"task.stdout"}
{"timestamp":"2026-05-05T12:25:20.216119Z","level":"info","event":"conn: <ConnectionAccessor (dynamic access)>","logger":"task.stdout"}
{"timestamp":"2026-05-05T12:25:20.216527Z","level":"info","event":"dag_run: dag_id='print_interval_dag' run_id='scheduled__2025-05-04T06:00:00+00:00' logical_date=datetime.datetime(2025, 5, 4, 6, 0, tzinfo=datetime.timezone.utc) data_interval_start=datetime.datetime(2025, 5, 4, 6, 0, tzinfo=datetime.timezone.utc) data_interval_end=datetime.datetime(2025, 5, 4, 6, 0, tzinfo=datetime.timezone.utc) run_after=datetime.datetime(2025, 5, 4, 6, 0, tzinfo=datetime.timezone.utc) start_date=datetime.datetime(2026, 5, 5, 12, 25, 18, 602757, tzinfo=datetime.timezone.utc) end_date=None clear_number=0 run_type=<DagRunType.SCHEDULED: 'scheduled'> state=<DagRunState.RUNNING: 'running'> conf={} triggering_user_name=None consumed_asset_events=[] partition_key=None note=None","logger":"task.stdout"}
{"timestamp":"2026-05-05T12:25:20.217030Z","level":"info","event":"triggering_asset_events: TriggeringAssetEventAccessor(_events=defaultdict(<class 'list'>, {}))","logger":"task.stdout"}
{"timestamp":"2026-05-05T12:25:20.217456Z","level":"info","event":"task_instance_key_str: print_interval_dag__print_interval__20250504","logger":"task.stdout"}
{"timestamp":"2026-05-05T12:25:20.217864Z","level":"info","event":"task_reschedule_count: 0","logger":"task.stdout"}
{"timestamp":"2026-05-05T12:25:20.294225Z","level":"info","event":"prev_start_date_success: 2026-05-05 12:25:17.610584+00:00","logger":"task.stdout"}
{"timestamp":"2026-05-05T12:25:20.294973Z","level":"info","event":"prev_end_date_success: 2026-05-05 12:25:19.635553+00:00","logger":"task.stdout"}
{"timestamp":"2026-05-05T12:25:20.295388Z","level":"info","event":"logical_date: 2025-05-04 06:00:00+00:00","logger":"task.stdout"}
{"timestamp":"2026-05-05T12:25:20.296338Z","level":"info","event":"ds: 2025-05-04","logger":"task.stdout"}
{"timestamp":"2026-05-05T12:25:20.297169Z","level":"info","event":"ds_nodash: 20250504","logger":"task.stdout"}
{"timestamp":"2026-05-05T12:25:20.297623Z","level":"info","event":"ts: 2025-05-04T06:00:00+00:00","logger":"task.stdout"}
{"timestamp":"2026-05-05T12:25:20.298215Z","level":"info","event":"ts_nodash: 20250504T060000","logger":"task.stdout"}
{"timestamp":"2026-05-05T12:25:20.299280Z","level":"info","event":"ts_nodash_with_tz: 20250504T060000+0000","logger":"task.stdout"}
{"timestamp":"2026-05-05T12:25:20.300410Z","level":"info","event":"data_interval_end: 2025-05-04 06:00:00+00:00","logger":"task.stdout"}
{"timestamp":"2026-05-05T12:25:20.301966Z","level":"info","event":"data_interval_start: 2025-05-04 06:00:00+00:00","logger":"task.stdout"}
{"timestamp":"2026-05-05T12:25:20.302936Z","level":"info","event":"prev_data_interval_start_success: 2025-05-04 00:00:00+00:00","logger":"task.stdout"}
{"timestamp":"2026-05-05T12:25:20.304340Z","level":"info","event":"prev_data_interval_end_success: 2025-05-04 00:00:00+00:00","logger":"task.stdout"}
{"timestamp":"2026-05-05T12:25:20.305501Z","level":"info","event":"templates_dict: None","logger":"task.stdout"}
{"timestamp":"2026-05-05T12:25:20.294550Z","level":"info","event":"Done. Returned value was: None","logger":"airflow.task.operators.airflow.providers.standard.operators.python.PythonOperator","filename":"python.py","lineno":229}
{"timestamp":"2026-05-05T12:25:20.400134Z","level":"info","event":"Task instance in success state","logger":"task.stdout"}
{"timestamp":"2026-05-05T12:25:20.406320Z","level":"info","event":" Previous state of the Task instance: TaskInstanceState.RUNNING","logger":"task.stdout"}
{"timestamp":"2026-05-05T12:25:20.412726Z","level":"info","event":"Task operator:<Task(PythonOperator): print_interval>","logger":"task.stdout"}
