{"timestamp":"2026-05-08T17:37:33.390595Z","level":"info","event":"DAG bundles loaded: dags-folder, example_dags","logger":"airflow.dag_processing.bundles.manager.DagBundlesManager","filename":"manager.py","lineno":209}
{"timestamp":"2026-05-08T17:37:33.392538Z","level":"info","event":"Filling up the DagBag from /opt/airflow/dags/csv_upsert_pipeline.py","logger":"airflow.dag_processing.dagbag.BundleDagBag","filename":"dagbag.py","lineno":469}
{"timestamp":"2026-05-08T17:37:33.404190Z","level":"warning","event":"airflow.exceptions.AirflowSkipException is deprecated and will be removed in a future version. Use airflow.sdk.exceptions.AirflowSkipException instead.","category":"UserWarning","filename":"/opt/airflow/dags/csv_upsert_pipeline.py","lineno":7,"logger":"py.warnings"}
{"timestamp":"2026-05-08T17:37:33.470227Z","level":"info","event":"Task instance is in running state","logger":"task.stdout"}
{"timestamp":"2026-05-08T17:37:33.470753Z","level":"info","event":" Previous state of the Task instance: TaskInstanceState.QUEUED","logger":"task.stdout"}
{"timestamp":"2026-05-08T17:37:33.471284Z","level":"info","event":"Current task name:process_partition","logger":"task.stdout"}
{"timestamp":"2026-05-08T17:37:33.473886Z","level":"info","event":"Dag name:csv_upsert_pipeline","logger":"task.stdout"}
{"timestamp":"2026-05-08T17:37:33.474915Z","level":"info","event":"[INFO] data_interval_start : 2026-05-01 16:00:00+00:00","logger":"task.stdout"}
{"timestamp":"2026-05-08T17:37:33.475627Z","level":"info","event":"[INFO] data_interval_end   : 2026-05-01 16:00:00+00:00","logger":"task.stdout"}
{"timestamp":"2026-05-08T17:37:33.476100Z","level":"info","event":"[INFO] Processing partition: /data/time_stamp=2026-05-01-16","logger":"task.stdout"}
{"timestamp":"2026-05-08T17:37:33.476998Z","level":"info","event":"[INFO] Sorted files: ['data_1.csv', 'data_2.csv']","logger":"task.stdout"}
{"timestamp":"2026-05-08T17:37:33.478980Z","level":"info","event":"[INFO] Read data_1.csv  (index=1)","logger":"task.stdout"}
{"timestamp":"2026-05-08T17:37:33.481447Z","level":"info","event":"[INFO] Read data_2.csv  (index=2)","logger":"task.stdout"}
{"timestamp":"2026-05-08T17:37:33.482092Z","level":"info","event":"[INFO] Resolved 16 unique IDs for this run:","logger":"task.stdout"}
{"timestamp":"2026-05-08T17:37:33.482657Z","level":"info","event":"       id=1 → {'id': '1', 'name': 'Ivy', 'age': '29', 'department': 'Operations', 'salary': '78692.33', 'working_hours': '51.9'}","logger":"task.stdout"}
{"timestamp":"2026-05-08T17:37:33.483215Z","level":"info","event":"       id=2 → {'id': '2', 'name': 'Eve', 'age': '43', 'department': 'Marketing', 'salary': '48679.51', 'working_hours': '25.7'}","logger":"task.stdout"}
{"timestamp":"2026-05-08T17:37:33.483574Z","level":"info","event":"       id=3 → {'id': '3', 'name': 'Hank', 'age': '45', 'department': 'Sales', 'salary': '45317.04', 'working_hours': '52.1'}","logger":"task.stdout"}
{"timestamp":"2026-05-08T17:37:33.484399Z","level":"info","event":"       id=4 → {'id': '4', 'name': 'Eve', 'age': '52', 'department': 'Engineering', 'salary': '112874.39', 'working_hours': '27.2'}","logger":"task.stdout"}
{"timestamp":"2026-05-08T17:37:33.485067Z","level":"info","event":"       id=5 → {'id': '5', 'name': 'Diana', 'age': '41', 'department': 'Operations', 'salary': '97974.53', 'working_hours': '27.8'}","logger":"task.stdout"}
{"timestamp":"2026-05-08T17:37:33.485478Z","level":"info","event":"       id=6 → {'id': '6', 'name': 'Grace', 'age': '45', 'department': 'Sales', 'salary': '33945.94', 'working_hours': '27.6'}","logger":"task.stdout"}
{"timestamp":"2026-05-08T17:37:33.486462Z","level":"info","event":"       id=7 → {'id': '7', 'name': 'Bob', 'age': '54', 'department': 'Marketing', 'salary': '71316.07', 'working_hours': '20.5'}","logger":"task.stdout"}
{"timestamp":"2026-05-08T17:37:33.486860Z","level":"info","event":"       id=8 → {'id': '8', 'name': 'Diana', 'age': '45', 'department': 'Operations', 'salary': '51950.99', 'working_hours': '39.5'}","logger":"task.stdout"}
{"timestamp":"2026-05-08T17:37:33.487263Z","level":"info","event":"       id=9 → {'id': '9', 'name': 'Jack', 'age': '38', 'department': 'Marketing', 'salary': '86817.28', 'working_hours': '49.4'}","logger":"task.stdout"}
{"timestamp":"2026-05-08T17:37:33.488533Z","level":"info","event":"       id=10 → {'id': '10', 'name': 'Diana', 'age': '33', 'department': 'Finance', 'salary': '63934.03', 'working_hours': '42.1'}","logger":"task.stdout"}
{"timestamp":"2026-05-08T17:37:33.489386Z","level":"info","event":"       id=11 → {'id': '11', 'name': 'Grace', 'age': '23', 'department': 'Operations', 'salary': '51947.69', 'working_hours': '20.3'}","logger":"task.stdout"}
{"timestamp":"2026-05-08T17:37:33.490144Z","level":"info","event":"       id=12 → {'id': '12', 'name': 'Diana', 'age': '50', 'department': 'Operations', 'salary': '62551.58', 'working_hours': '22.5'}","logger":"task.stdout"}
{"timestamp":"2026-05-08T17:37:33.490809Z","level":"info","event":"       id=13 → {'id': '13', 'name': 'Ivy', 'age': '23', 'department': 'Sales', 'salary': '117543.35', 'working_hours': '28.0'}","logger":"task.stdout"}
{"timestamp":"2026-05-08T17:37:33.491203Z","level":"info","event":"       id=14 → {'id': '14', 'name': 'Hank', 'age': '36', 'department': 'Engineering', 'salary': '94828.03', 'working_hours': '22.2'}","logger":"task.stdout"}
{"timestamp":"2026-05-08T17:37:33.491569Z","level":"info","event":"       id=15 → {'id': '15', 'name': 'Frank', 'age': '26', 'department': 'HR', 'salary': '62707.06', 'working_hours': '27.1'}","logger":"task.stdout"}
{"timestamp":"2026-05-08T17:37:33.492093Z","level":"info","event":"       id=16 → {'id': '16', 'name': 'Hank', 'age': '38', 'department': 'Sales', 'salary': '35298.04', 'working_hours': '33.9'}","logger":"task.stdout"}
{"timestamp":"2026-05-08T17:37:33.492811Z","level":"info","event":"[INFO] result.csv mil gayi — upsert karte hain.","logger":"task.stdout"}
{"timestamp":"2026-05-08T17:37:33.493195Z","level":"info","event":"[INFO] Existing result.csv mein 20 rows hain.","logger":"task.stdout"}
{"timestamp":"2026-05-08T17:37:33.493548Z","level":"info","event":"       UPDATE  id=1","logger":"task.stdout"}
{"timestamp":"2026-05-08T17:37:33.494186Z","level":"info","event":"       UPDATE  id=2","logger":"task.stdout"}
{"timestamp":"2026-05-08T17:37:33.494745Z","level":"info","event":"       UPDATE  id=3","logger":"task.stdout"}
{"timestamp":"2026-05-08T17:37:33.495346Z","level":"info","event":"       UPDATE  id=4","logger":"task.stdout"}
{"timestamp":"2026-05-08T17:37:33.496167Z","level":"info","event":"       UPDATE  id=5","logger":"task.stdout"}
{"timestamp":"2026-05-08T17:37:33.497114Z","level":"info","event":"       UPDATE  id=6","logger":"task.stdout"}
{"timestamp":"2026-05-08T17:37:33.497960Z","level":"info","event":"       UPDATE  id=7","logger":"task.stdout"}
{"timestamp":"2026-05-08T17:37:33.498865Z","level":"info","event":"       UPDATE  id=8","logger":"task.stdout"}
{"timestamp":"2026-05-08T17:37:33.499360Z","level":"info","event":"       UPDATE  id=9","logger":"task.stdout"}
{"timestamp":"2026-05-08T17:37:33.499953Z","level":"info","event":"       UPDATE  id=10","logger":"task.stdout"}
{"timestamp":"2026-05-08T17:37:33.500349Z","level":"info","event":"       UPDATE  id=11","logger":"task.stdout"}
{"timestamp":"2026-05-08T17:37:33.500716Z","level":"info","event":"       UPDATE  id=12","logger":"task.stdout"}
{"timestamp":"2026-05-08T17:37:33.501101Z","level":"info","event":"       UPDATE  id=13","logger":"task.stdout"}
{"timestamp":"2026-05-08T17:37:33.501499Z","level":"info","event":"       UPDATE  id=14","logger":"task.stdout"}
{"timestamp":"2026-05-08T17:37:33.501904Z","level":"info","event":"       UPDATE  id=15","logger":"task.stdout"}
{"timestamp":"2026-05-08T17:37:33.502309Z","level":"info","event":"       UPDATE  id=16","logger":"task.stdout"}
{"timestamp":"2026-05-08T17:37:33.502828Z","level":"info","event":"[INFO] result.csv updated — total 20 rows.","logger":"task.stdout"}
{"timestamp":"2026-05-08T17:37:33.485900Z","level":"info","event":"Done. Returned value was: None","logger":"airflow.task.operators.airflow.providers.standard.operators.python.PythonOperator","filename":"python.py","lineno":229}
{"timestamp":"2026-05-08T17:37:33.549849Z","level":"info","event":"Task instance in success state","logger":"task.stdout"}
{"timestamp":"2026-05-08T17:37:33.550804Z","level":"info","event":" Previous state of the Task instance: TaskInstanceState.RUNNING","logger":"task.stdout"}
{"timestamp":"2026-05-08T17:37:33.551522Z","level":"info","event":"Task operator:<Task(PythonOperator): process_partition>","logger":"task.stdout"}
{"timestamp":"2026-05-11T16:46:34.081526Z","level":"info","event":"DAG bundles loaded: dags-folder, example_dags","logger":"airflow.dag_processing.bundles.manager.DagBundlesManager","filename":"manager.py","lineno":209}
{"timestamp":"2026-05-11T16:46:34.083649Z","level":"info","event":"Filling up the DagBag from /opt/airflow/dags/csv_upsert_pipeline.py","logger":"airflow.dag_processing.dagbag.BundleDagBag","filename":"dagbag.py","lineno":469}
{"timestamp":"2026-05-11T16:46:34.711875Z","level":"info","event":"Task instance is in running state","logger":"task.stdout"}
{"timestamp":"2026-05-11T16:46:34.713106Z","level":"info","event":" Previous state of the Task instance: TaskInstanceState.QUEUED","logger":"task.stdout"}
{"timestamp":"2026-05-11T16:46:34.715802Z","level":"info","event":"Current task name:process_partition","logger":"task.stdout"}
{"timestamp":"2026-05-11T16:46:34.719525Z","level":"info","event":"Dag name:csv_upsert_pipeline","logger":"task.stdout"}
{"timestamp":"2026-05-11T16:46:34.735727Z","level":"info","event":"[INFO] data_interval_start : 2026-05-01 16:00:00+00:00","logger":"task.stdout"}
{"timestamp":"2026-05-11T16:46:34.744979Z","level":"info","event":"[INFO] data_interval_end   : 2026-05-01 16:00:00+00:00","logger":"task.stdout"}
{"timestamp":"2026-05-11T16:46:34.749193Z","level":"info","event":"[INFO] Processing partition: /data/time_stamp=2026-05-01-16","logger":"task.stdout"}
{"timestamp":"2026-05-11T16:46:35.056246Z","level":"error","event":"/home/airflow/.local/lib/python3.13/site-packages/pyspark/bin/load-spark-env.sh: line 68: ps: command not found","logger":"task.stderr"}
{"timestamp":"2026-05-11T16:46:35.061968Z","level":"error","event":"JAVA_HOME is not set","logger":"task.stderr"}
{"timestamp":"2026-05-11T16:46:35.081371Z","level":"error","event":"Task failed with exception","logger":"task","filename":"task_runner.py","lineno":1347,"error_detail":[{"exc_type":"PySparkRuntimeError","exc_value":"[JAVA_GATEWAY_EXITED] Java gateway process exited before sending its port number.","exc_notes":[],"syntax_error":null,"is_cause":false,"frames":[{"filename":"/home/airflow/.local/lib/python3.13/site-packages/airflow/sdk/execution_time/task_runner.py","lineno":1263,"name":"run"},{"filename":"/home/airflow/.local/lib/python3.13/site-packages/airflow/sdk/execution_time/task_runner.py","lineno":1678,"name":"_execute_task"},{"filename":"/home/airflow/.local/lib/python3.13/site-packages/airflow/sdk/bases/operator.py","lineno":443,"name":"wrapper"},{"filename":"/home/airflow/.local/lib/python3.13/site-packages/airflow/providers/standard/operators/python.py","lineno":227,"name":"execute"},{"filename":"/home/airflow/.local/lib/python3.13/site-packages/airflow/providers/standard/operators/python.py","lineno":250,"name":"execute_callable"},{"filename":"/home/airflow/.local/lib/python3.13/site-packages/airflow/sdk/execution_time/callback_runner.py","lineno":97,"name":"run"},{"filename":"/opt/airflow/dags/csv_upsert_pipeline.py","lineno":47,"name":"process_partition"},{"filename":"/home/airflow/.local/lib/python3.13/site-packages/pyspark/sql/session.py","lineno":497,"name":"getOrCreate"},{"filename":"/home/airflow/.local/lib/python3.13/site-packages/pyspark/context.py","lineno":515,"name":"getOrCreate"},{"filename":"/home/airflow/.local/lib/python3.13/site-packages/pyspark/context.py","lineno":201,"name":"__init__"},{"filename":"/home/airflow/.local/lib/python3.13/site-packages/pyspark/context.py","lineno":436,"name":"_ensure_initialized"},{"filename":"/home/airflow/.local/lib/python3.13/site-packages/pyspark/java_gateway.py","lineno":107,"name":"launch_gateway"}],"is_group":false,"exceptions":[]}]}
{"timestamp":"2026-05-11T16:46:35.104705Z","level":"info","event":"Task instance in failure state","logger":"task.stdout"}
{"timestamp":"2026-05-11T16:46:35.107979Z","level":"info","event":"Task start","logger":"task.stdout"}
{"timestamp":"2026-05-11T16:46:35.131842Z","level":"info","event":"Task:<Task(PythonOperator): process_partition>","logger":"task.stdout"}
{"timestamp":"2026-05-11T16:46:35.134425Z","level":"info","event":"Failure caused by [JAVA_GATEWAY_EXITED] Java gateway process exited before sending its port number.","logger":"task.stdout"}
{"timestamp":"2026-05-11T17:17:13.917189Z","level":"info","event":"DAG bundles loaded: dags-folder, example_dags","logger":"airflow.dag_processing.bundles.manager.DagBundlesManager","filename":"manager.py","lineno":209}
{"timestamp":"2026-05-11T17:17:13.918897Z","level":"info","event":"Filling up the DagBag from /opt/airflow/dags/__pycache__/csv_upsert_pipeline.py","logger":"airflow.dag_processing.dagbag.BundleDagBag","filename":"dagbag.py","lineno":469}
{"timestamp":"2026-05-11T17:17:13.929702Z","level":"warning","event":"airflow.exceptions.AirflowSkipException is deprecated and will be removed in a future version. Use airflow.sdk.exceptions.AirflowSkipException instead.","category":"UserWarning","filename":"/opt/airflow/dags/__pycache__/csv_upsert_pipeline.py","lineno":7,"logger":"py.warnings"}
{"timestamp":"2026-05-11T17:17:13.982568Z","level":"info","event":"Task instance is in running state","logger":"task.stdout"}
{"timestamp":"2026-05-11T17:17:13.984375Z","level":"info","event":" Previous state of the Task instance: TaskInstanceState.QUEUED","logger":"task.stdout"}
{"timestamp":"2026-05-11T17:17:13.985742Z","level":"info","event":"Current task name:process_partition","logger":"task.stdout"}
{"timestamp":"2026-05-11T17:17:13.986237Z","level":"info","event":"Dag name:csv_upsert_pipeline","logger":"task.stdout"}
{"timestamp":"2026-05-11T17:17:13.988390Z","level":"info","event":"[INFO] data_interval_start : 2026-05-01 16:00:00+00:00","logger":"task.stdout"}
{"timestamp":"2026-05-11T17:17:13.989009Z","level":"info","event":"[INFO] data_interval_end   : 2026-05-01 16:00:00+00:00","logger":"task.stdout"}
{"timestamp":"2026-05-11T17:17:13.989355Z","level":"info","event":"[INFO] Processing partition: /data/time_stamp=2026-05-01-16","logger":"task.stdout"}
{"timestamp":"2026-05-11T17:17:13.990580Z","level":"info","event":"[INFO] Sorted files: ['data_1.csv', 'data_2.csv']","logger":"task.stdout"}
{"timestamp":"2026-05-11T17:17:13.993278Z","level":"info","event":"[INFO] Read data_1.csv  (index=1)","logger":"task.stdout"}
{"timestamp":"2026-05-11T17:17:13.994918Z","level":"info","event":"[INFO] Read data_2.csv  (index=2)","logger":"task.stdout"}
{"timestamp":"2026-05-11T17:17:13.995416Z","level":"info","event":"[INFO] Resolved 16 unique IDs for this run:","logger":"task.stdout"}
{"timestamp":"2026-05-11T17:17:13.996316Z","level":"info","event":"       id=1 → {'id': '1', 'name': 'Ivy', 'age': '29', 'department': 'Operations', 'salary': '78692.33', 'working_hours': '51.9'}","logger":"task.stdout"}
{"timestamp":"2026-05-11T17:17:13.996744Z","level":"info","event":"       id=2 → {'id': '2', 'name': 'Eve', 'age': '43', 'department': 'Marketing', 'salary': '48679.51', 'working_hours': '25.7'}","logger":"task.stdout"}
{"timestamp":"2026-05-11T17:17:13.997134Z","level":"info","event":"       id=3 → {'id': '3', 'name': 'Hank', 'age': '45', 'department': 'Sales', 'salary': '45317.04', 'working_hours': '52.1'}","logger":"task.stdout"}
{"timestamp":"2026-05-11T17:17:13.998339Z","level":"info","event":"       id=4 → {'id': '4', 'name': 'Eve', 'age': '52', 'department': 'Engineering', 'salary': '112874.39', 'working_hours': '27.2'}","logger":"task.stdout"}
{"timestamp":"2026-05-11T17:17:13.999228Z","level":"info","event":"       id=5 → {'id': '5', 'name': 'Diana', 'age': '41', 'department': 'Operations', 'salary': '97974.53', 'working_hours': '27.8'}","logger":"task.stdout"}
{"timestamp":"2026-05-11T17:17:14.000237Z","level":"info","event":"       id=6 → {'id': '6', 'name': 'Grace', 'age': '45', 'department': 'Sales', 'salary': '33945.94', 'working_hours': '27.6'}","logger":"task.stdout"}
{"timestamp":"2026-05-11T17:17:14.001166Z","level":"info","event":"       id=7 → {'id': '7', 'name': 'Bob', 'age': '54', 'department': 'Marketing', 'salary': '71316.07', 'working_hours': '20.5'}","logger":"task.stdout"}
{"timestamp":"2026-05-11T17:17:14.001736Z","level":"info","event":"       id=8 → {'id': '8', 'name': 'Diana', 'age': '45', 'department': 'Operations', 'salary': '51950.99', 'working_hours': '39.5'}","logger":"task.stdout"}
{"timestamp":"2026-05-11T17:17:14.002777Z","level":"info","event":"       id=9 → {'id': '9', 'name': 'Jack', 'age': '38', 'department': 'Marketing', 'salary': '86817.28', 'working_hours': '49.4'}","logger":"task.stdout"}
{"timestamp":"2026-05-11T17:17:14.003108Z","level":"info","event":"       id=10 → {'id': '10', 'name': 'Diana', 'age': '33', 'department': 'Finance', 'salary': '63934.03', 'working_hours': '42.1'}","logger":"task.stdout"}
{"timestamp":"2026-05-11T17:17:14.003688Z","level":"info","event":"       id=11 → {'id': '11', 'name': 'Grace', 'age': '23', 'department': 'Operations', 'salary': '51947.69', 'working_hours': '20.3'}","logger":"task.stdout"}
{"timestamp":"2026-05-11T17:17:14.004145Z","level":"info","event":"       id=12 → {'id': '12', 'name': 'Diana', 'age': '50', 'department': 'Operations', 'salary': '62551.58', 'working_hours': '22.5'}","logger":"task.stdout"}
{"timestamp":"2026-05-11T17:17:14.004697Z","level":"info","event":"       id=13 → {'id': '13', 'name': 'Ivy', 'age': '23', 'department': 'Sales', 'salary': '117543.35', 'working_hours': '28.0'}","logger":"task.stdout"}
{"timestamp":"2026-05-11T17:17:14.005393Z","level":"info","event":"       id=14 → {'id': '14', 'name': 'Hank', 'age': '36', 'department': 'Engineering', 'salary': '94828.03', 'working_hours': '22.2'}","logger":"task.stdout"}
{"timestamp":"2026-05-11T17:17:14.005956Z","level":"info","event":"       id=15 → {'id': '15', 'name': 'Frank', 'age': '26', 'department': 'HR', 'salary': '62707.06', 'working_hours': '27.1'}","logger":"task.stdout"}
{"timestamp":"2026-05-11T17:17:14.006590Z","level":"info","event":"       id=16 → {'id': '16', 'name': 'Hank', 'age': '38', 'department': 'Sales', 'salary': '35298.04', 'working_hours': '33.9'}","logger":"task.stdout"}
{"timestamp":"2026-05-11T17:17:14.007937Z","level":"info","event":"[INFO] result.csv found — upsert.","logger":"task.stdout"}
{"timestamp":"2026-05-11T17:17:14.008662Z","level":"info","event":"[INFO] In existing result.csv 20 rows.","logger":"task.stdout"}
{"timestamp":"2026-05-11T17:17:14.009253Z","level":"info","event":"       UPDATE  id=1","logger":"task.stdout"}
{"timestamp":"2026-05-11T17:17:14.009957Z","level":"info","event":"       UPDATE  id=2","logger":"task.stdout"}
{"timestamp":"2026-05-11T17:17:14.010644Z","level":"info","event":"       UPDATE  id=3","logger":"task.stdout"}
{"timestamp":"2026-05-11T17:17:14.011432Z","level":"info","event":"       UPDATE  id=4","logger":"task.stdout"}
{"timestamp":"2026-05-11T17:17:14.012081Z","level":"info","event":"       UPDATE  id=5","logger":"task.stdout"}
{"timestamp":"2026-05-11T17:17:14.012678Z","level":"info","event":"       UPDATE  id=6","logger":"task.stdout"}
{"timestamp":"2026-05-11T17:17:14.013131Z","level":"info","event":"       UPDATE  id=7","logger":"task.stdout"}
{"timestamp":"2026-05-11T17:17:14.013681Z","level":"info","event":"       UPDATE  id=8","logger":"task.stdout"}
{"timestamp":"2026-05-11T17:17:14.014082Z","level":"info","event":"       UPDATE  id=9","logger":"task.stdout"}
{"timestamp":"2026-05-11T17:17:14.014560Z","level":"info","event":"       UPDATE  id=10","logger":"task.stdout"}
{"timestamp":"2026-05-11T17:17:14.015240Z","level":"info","event":"       UPDATE  id=11","logger":"task.stdout"}
{"timestamp":"2026-05-11T17:17:14.015803Z","level":"info","event":"       UPDATE  id=12","logger":"task.stdout"}
{"timestamp":"2026-05-11T17:17:14.016255Z","level":"info","event":"       UPDATE  id=13","logger":"task.stdout"}
{"timestamp":"2026-05-11T17:17:14.017033Z","level":"info","event":"       UPDATE  id=14","logger":"task.stdout"}
{"timestamp":"2026-05-11T17:17:14.017441Z","level":"info","event":"       UPDATE  id=15","logger":"task.stdout"}
{"timestamp":"2026-05-11T17:17:14.017772Z","level":"info","event":"       UPDATE  id=16","logger":"task.stdout"}
{"timestamp":"2026-05-11T17:17:14.018152Z","level":"info","event":"[INFO] result.csv updated — total 20 rows.","logger":"task.stdout"}
{"timestamp":"2026-05-11T17:17:14.000168Z","level":"info","event":"Done. Returned value was: None","logger":"airflow.task.operators.airflow.providers.standard.operators.python.PythonOperator","filename":"python.py","lineno":229}
{"timestamp":"2026-05-11T17:17:14.091202Z","level":"info","event":"Task instance in success state","logger":"task.stdout"}
{"timestamp":"2026-05-11T17:17:14.091788Z","level":"info","event":" Previous state of the Task instance: TaskInstanceState.RUNNING","logger":"task.stdout"}
{"timestamp":"2026-05-11T17:17:14.092210Z","level":"info","event":"Task operator:<Task(PythonOperator): process_partition>","logger":"task.stdout"}
