{"timestamp":"2026-05-05T11:00:00.193075Z","level":"info","event":"DAG bundles loaded: dags-folder, example_dags","logger":"airflow.dag_processing.bundles.manager.DagBundlesManager","filename":"manager.py","lineno":209}
{"timestamp":"2026-05-05T11:00:00.195770Z","level":"info","event":"Filling up the DagBag from /opt/airflow/dags/print_interval_dag.py","logger":"airflow.dag_processing.dagbag.BundleDagBag","filename":"dagbag.py","lineno":469}
{"timestamp":"2026-05-05T11:00:00.211487Z","level":"warning","event":"The `airflow.operators.python.PythonOperator` attribute is deprecated. Please use `'airflow.providers.standard.operators.python.PythonOperator'`.","category":"UserWarning","filename":"/opt/airflow/dags/print_interval_dag.py","lineno":2,"logger":"py.warnings"}
{"timestamp":"2026-05-05T11:00:00.265603Z","level":"info","event":"Task instance is in running state","logger":"task.stdout"}
{"timestamp":"2026-05-05T11:00:00.269494Z","level":"info","event":" Previous state of the Task instance: TaskInstanceState.QUEUED","logger":"task.stdout"}
{"timestamp":"2026-05-05T11:00:00.270940Z","level":"info","event":"Current task name:print_interval","logger":"task.stdout"}
{"timestamp":"2026-05-05T11:00:00.271579Z","level":"info","event":"Dag name:print_interval_dag","logger":"task.stdout"}
{"timestamp":"2026-05-05T11:00:00.274265Z","level":"info","event":"Interval Start: 2026-05-05 03:00:00+00:00","logger":"task.stdout"}
{"timestamp":"2026-05-05T11:00:00.275786Z","level":"info","event":"Interval End:   2026-05-05 03:00:00+00:00","logger":"task.stdout"}
{"timestamp":"2026-05-05T11:00:00.267170Z","level":"info","event":"Done. Returned value was: None","logger":"airflow.task.operators.airflow.providers.standard.operators.python.PythonOperator","filename":"python.py","lineno":229}
{"timestamp":"2026-05-05T11:00:00.318574Z","level":"info","event":"Task instance in success state","logger":"task.stdout"}
{"timestamp":"2026-05-05T11:00:00.319309Z","level":"info","event":" Previous state of the Task instance: TaskInstanceState.RUNNING","logger":"task.stdout"}
{"timestamp":"2026-05-05T11:00:00.322711Z","level":"info","event":"Task operator:<Task(PythonOperator): print_interval>","logger":"task.stdout"}
{"timestamp":"2026-05-05T12:36:47.337464Z","level":"info","event":"DAG bundles loaded: dags-folder, example_dags","logger":"airflow.dag_processing.bundles.manager.DagBundlesManager","filename":"manager.py","lineno":209}
{"timestamp":"2026-05-05T12:36:47.339027Z","level":"info","event":"Filling up the DagBag from /opt/airflow/dags/print_interval_dag.py","logger":"airflow.dag_processing.dagbag.BundleDagBag","filename":"dagbag.py","lineno":469}
{"timestamp":"2026-05-05T12:36:47.414869Z","level":"info","event":"Task instance is in running state","logger":"task.stdout"}
{"timestamp":"2026-05-05T12:36:47.416240Z","level":"info","event":" Previous state of the Task instance: TaskInstanceState.QUEUED","logger":"task.stdout"}
{"timestamp":"2026-05-05T12:36:47.417094Z","level":"info","event":"Current task name:print_interval","logger":"task.stdout"}
{"timestamp":"2026-05-05T12:36:47.418028Z","level":"info","event":"Dag name:print_interval_dag","logger":"task.stdout"}
{"timestamp":"2026-05-05T12:36:47.421354Z","level":"info","event":"=== INTERVAL INFO ===","logger":"task.stdout"}
{"timestamp":"2026-05-05T12:36:47.423493Z","level":"info","event":"Interval Start:  2026-05-05 03:00:00+00:00","logger":"task.stdout"}
{"timestamp":"2026-05-05T12:36:47.424143Z","level":"info","event":"Interval End:    2026-05-05 03:00:00+00:00","logger":"task.stdout"}
{"timestamp":"2026-05-05T12:36:47.424724Z","level":"info","event":"Duration:        <Interval [2026-05-05 03:00:00+00:00 -> 2026-05-05 03:00:00+00:00]>","logger":"task.stdout"}
{"timestamp":"2026-05-05T12:36:47.427004Z","level":"info","event":"=== ALL AVAILABLE MACROS ===","logger":"task.stdout"}
{"timestamp":"2026-05-05T12:36:47.427568Z","level":"info","event":"dag: <DAG: print_interval_dag>","logger":"task.stdout"}
{"timestamp":"2026-05-05T12:36:47.428375Z","level":"info","event":"inlets: []","logger":"task.stdout"}
{"timestamp":"2026-05-05T12:36:47.429323Z","level":"info","event":"map_index_template: None","logger":"task.stdout"}
{"timestamp":"2026-05-05T12:36:47.430099Z","level":"info","event":"outlets: []","logger":"task.stdout"}
{"timestamp":"2026-05-05T12:36:47.430743Z","level":"info","event":"run_id: scheduled__2026-05-05T03:00:00+00:00","logger":"task.stdout"}
{"timestamp":"2026-05-05T12:36:47.431376Z","level":"info","event":"task: <Task(PythonOperator): print_interval>","logger":"task.stdout"}
{"timestamp":"2026-05-05T12:36:47.432550Z","level":"info","event":"task_instance: id=UUID('019df824-0caa-79da-9323-7534369f4a96') task_id='print_interval' dag_id='print_interval_dag' run_id='scheduled__2026-05-05T03:00:00+00:00' try_number=1 dag_version_id=UUID('019df823-45c2-7d20-afca-e010bf7e0ba7') map_index=-1 hostname='86abe326db93' context_carrier={'traceparent': '00-6c631988fe60c633912dabc3f65d383a-7257b60069d3679d-01'} task=<Task(PythonOperator): print_interval> bundle_instance=LocalDagBundle(name=dags-folder) max_tries=0 start_date=datetime.datetime(2026, 5, 5, 12, 36, 46, 114197, tzinfo=datetime.timezone.utc) end_date=None state=<TaskInstanceState.RUNNING: 'running'> is_mapped=False rendered_map_index=None sentry_integration=''","logger":"task.stdout"}
{"timestamp":"2026-05-05T12:36:47.433405Z","level":"info","event":"ti: id=UUID('019df824-0caa-79da-9323-7534369f4a96') task_id='print_interval' dag_id='print_interval_dag' run_id='scheduled__2026-05-05T03:00:00+00:00' try_number=1 dag_version_id=UUID('019df823-45c2-7d20-afca-e010bf7e0ba7') map_index=-1 hostname='86abe326db93' context_carrier={'traceparent': '00-6c631988fe60c633912dabc3f65d383a-7257b60069d3679d-01'} task=<Task(PythonOperator): print_interval> bundle_instance=LocalDagBundle(name=dags-folder) max_tries=0 start_date=datetime.datetime(2026, 5, 5, 12, 36, 46, 114197, tzinfo=datetime.timezone.utc) end_date=None state=<TaskInstanceState.RUNNING: 'running'> is_mapped=False rendered_map_index=None sentry_integration=''","logger":"task.stdout"}
{"timestamp":"2026-05-05T12:36:47.434759Z","level":"info","event":"outlet_events: OutletEventAccessors(_dict={})","logger":"task.stdout"}
{"timestamp":"2026-05-05T12:36:47.435349Z","level":"info","event":"inlet_events: InletEventsAccessors(_inlets=[], _assets={}, _asset_aliases={})","logger":"task.stdout"}
{"timestamp":"2026-05-05T12:36:47.439338Z","level":"info","event":"macros: <MacrosAccessor (dynamic access to macros)>","logger":"task.stdout"}
{"timestamp":"2026-05-05T12:36:47.440592Z","level":"info","event":"params: {}","logger":"task.stdout"}
{"timestamp":"2026-05-05T12:36:47.442659Z","level":"info","event":"var: {'json': <VariableAccessor (dynamic access)>, 'value': <VariableAccessor (dynamic access)>}","logger":"task.stdout"}
{"timestamp":"2026-05-05T12:36:47.443401Z","level":"info","event":"conn: <ConnectionAccessor (dynamic access)>","logger":"task.stdout"}
{"timestamp":"2026-05-05T12:36:47.443983Z","level":"info","event":"dag_run: dag_id='print_interval_dag' run_id='scheduled__2026-05-05T03:00:00+00:00' logical_date=datetime.datetime(2026, 5, 5, 3, 0, tzinfo=datetime.timezone.utc) data_interval_start=datetime.datetime(2026, 5, 5, 3, 0, tzinfo=datetime.timezone.utc) data_interval_end=datetime.datetime(2026, 5, 5, 3, 0, tzinfo=datetime.timezone.utc) run_after=datetime.datetime(2026, 5, 5, 3, 0, tzinfo=datetime.timezone.utc) start_date=datetime.datetime(2026, 5, 5, 12, 36, 45, 404534, tzinfo=datetime.timezone.utc) end_date=None clear_number=0 run_type=<DagRunType.SCHEDULED: 'scheduled'> state=<DagRunState.RUNNING: 'running'> conf={} triggering_user_name=None consumed_asset_events=[] partition_key=None note=None","logger":"task.stdout"}
{"timestamp":"2026-05-05T12:36:47.444492Z","level":"info","event":"triggering_asset_events: TriggeringAssetEventAccessor(_events=defaultdict(<class 'list'>, {}))","logger":"task.stdout"}
{"timestamp":"2026-05-05T12:36:47.445166Z","level":"info","event":"task_instance_key_str: print_interval_dag__print_interval__20260505","logger":"task.stdout"}
{"timestamp":"2026-05-05T12:36:47.445792Z","level":"info","event":"task_reschedule_count: 0","logger":"task.stdout"}
{"timestamp":"2026-05-05T12:36:47.477148Z","level":"info","event":"prev_start_date_success: 2026-05-05 12:36:44.698889+00:00","logger":"task.stdout"}
{"timestamp":"2026-05-05T12:36:47.479566Z","level":"info","event":"prev_end_date_success: 2026-05-05 12:36:47.428999+00:00","logger":"task.stdout"}
{"timestamp":"2026-05-05T12:36:47.480468Z","level":"info","event":"logical_date: 2026-05-05 03:00:00+00:00","logger":"task.stdout"}
{"timestamp":"2026-05-05T12:36:47.484953Z","level":"info","event":"ds: 2026-05-05","logger":"task.stdout"}
{"timestamp":"2026-05-05T12:36:47.486102Z","level":"info","event":"ds_nodash: 20260505","logger":"task.stdout"}
{"timestamp":"2026-05-05T12:36:47.486894Z","level":"info","event":"ts: 2026-05-05T03:00:00+00:00","logger":"task.stdout"}
{"timestamp":"2026-05-05T12:36:47.487790Z","level":"info","event":"ts_nodash: 20260505T030000","logger":"task.stdout"}
{"timestamp":"2026-05-05T12:36:47.488542Z","level":"info","event":"ts_nodash_with_tz: 20260505T030000+0000","logger":"task.stdout"}
{"timestamp":"2026-05-05T12:36:47.489243Z","level":"info","event":"data_interval_end: 2026-05-05 03:00:00+00:00","logger":"task.stdout"}
{"timestamp":"2026-05-05T12:36:47.490058Z","level":"info","event":"data_interval_start: 2026-05-05 03:00:00+00:00","logger":"task.stdout"}
{"timestamp":"2026-05-05T12:36:47.490561Z","level":"info","event":"prev_data_interval_start_success: 2026-05-05 00:00:00+00:00","logger":"task.stdout"}
{"timestamp":"2026-05-05T12:36:47.491215Z","level":"info","event":"prev_data_interval_end_success: 2026-05-05 00:00:00+00:00","logger":"task.stdout"}
{"timestamp":"2026-05-05T12:36:47.491718Z","level":"info","event":"templates_dict: None","logger":"task.stdout"}
{"timestamp":"2026-05-05T12:36:47.477509Z","level":"info","event":"Done. Returned value was: None","logger":"airflow.task.operators.airflow.providers.standard.operators.python.PythonOperator","filename":"python.py","lineno":229}
{"timestamp":"2026-05-05T12:36:47.534557Z","level":"info","event":"Task instance in success state","logger":"task.stdout"}
{"timestamp":"2026-05-05T12:36:47.538599Z","level":"info","event":" Previous state of the Task instance: TaskInstanceState.RUNNING","logger":"task.stdout"}
{"timestamp":"2026-05-05T12:36:47.547877Z","level":"info","event":"Task operator:<Task(PythonOperator): print_interval>","logger":"task.stdout"}
{"timestamp":"2026-05-05T13:23:59.059934Z","level":"info","event":"DAG bundles loaded: dags-folder, example_dags","logger":"airflow.dag_processing.bundles.manager.DagBundlesManager","filename":"manager.py","lineno":209}
{"timestamp":"2026-05-05T13:23:59.062627Z","level":"info","event":"Filling up the DagBag from /opt/airflow/dags/print_interval_dag.py","logger":"airflow.dag_processing.dagbag.BundleDagBag","filename":"dagbag.py","lineno":469}
{"timestamp":"2026-05-05T13:23:59.154290Z","level":"info","event":"Task instance is in running state","logger":"task.stdout"}
{"timestamp":"2026-05-05T13:23:59.156111Z","level":"info","event":" Previous state of the Task instance: TaskInstanceState.QUEUED","logger":"task.stdout"}
{"timestamp":"2026-05-05T13:23:59.156656Z","level":"info","event":"Current task name:print_interval","logger":"task.stdout"}
{"timestamp":"2026-05-05T13:23:59.158334Z","level":"info","event":"Dag name:print_interval_dag","logger":"task.stdout"}
{"timestamp":"2026-05-05T13:23:59.160349Z","level":"info","event":"=== INTERVAL INFO ===","logger":"task.stdout"}
{"timestamp":"2026-05-05T13:23:59.161118Z","level":"info","event":"Interval Start:  2026-05-05 03:00:00+00:00","logger":"task.stdout"}
{"timestamp":"2026-05-05T13:23:59.161619Z","level":"info","event":"Interval End:    2026-05-05 03:00:00+00:00","logger":"task.stdout"}
{"timestamp":"2026-05-05T13:23:59.163957Z","level":"info","event":"Duration:        0:00:00","logger":"task.stdout"}
{"timestamp":"2026-05-05T13:23:59.164540Z","level":"info","event":"=== ALL AVAILABLE MACROS ===","logger":"task.stdout"}
{"timestamp":"2026-05-05T13:23:59.165168Z","level":"info","event":"dag: <DAG: print_interval_dag>","logger":"task.stdout"}
{"timestamp":"2026-05-05T13:23:59.167160Z","level":"info","event":"inlets: []","logger":"task.stdout"}
{"timestamp":"2026-05-05T13:23:59.167695Z","level":"info","event":"map_index_template: None","logger":"task.stdout"}
{"timestamp":"2026-05-05T13:23:59.169280Z","level":"info","event":"outlets: []","logger":"task.stdout"}
{"timestamp":"2026-05-05T13:23:59.171901Z","level":"info","event":"run_id: scheduled__2026-05-05T03:00:00+00:00","logger":"task.stdout"}
{"timestamp":"2026-05-05T13:23:59.173072Z","level":"info","event":"task: <Task(PythonOperator): print_interval>","logger":"task.stdout"}
{"timestamp":"2026-05-05T13:23:59.173992Z","level":"info","event":"task_instance: id=UUID('019df84f-440c-79d1-a3dd-dff084e9b238') task_id='print_interval' dag_id='print_interval_dag' run_id='scheduled__2026-05-05T03:00:00+00:00' try_number=1 dag_version_id=UUID('019df84c-bf62-7f14-8fe7-d050202e4827') map_index=-1 hostname='86abe326db93' context_carrier={'traceparent': '00-3b6111afc4c13a6e5f9ca0a4816036ba-861f1d014f8a9f27-01'} task=<Task(PythonOperator): print_interval> bundle_instance=LocalDagBundle(name=dags-folder) max_tries=0 start_date=datetime.datetime(2026, 5, 5, 13, 23, 57, 977661, tzinfo=datetime.timezone.utc) end_date=None state=<TaskInstanceState.RUNNING: 'running'> is_mapped=False rendered_map_index=None sentry_integration=''","logger":"task.stdout"}
{"timestamp":"2026-05-05T13:23:59.174512Z","level":"info","event":"ti: id=UUID('019df84f-440c-79d1-a3dd-dff084e9b238') task_id='print_interval' dag_id='print_interval_dag' run_id='scheduled__2026-05-05T03:00:00+00:00' try_number=1 dag_version_id=UUID('019df84c-bf62-7f14-8fe7-d050202e4827') map_index=-1 hostname='86abe326db93' context_carrier={'traceparent': '00-3b6111afc4c13a6e5f9ca0a4816036ba-861f1d014f8a9f27-01'} task=<Task(PythonOperator): print_interval> bundle_instance=LocalDagBundle(name=dags-folder) max_tries=0 start_date=datetime.datetime(2026, 5, 5, 13, 23, 57, 977661, tzinfo=datetime.timezone.utc) end_date=None state=<TaskInstanceState.RUNNING: 'running'> is_mapped=False rendered_map_index=None sentry_integration=''","logger":"task.stdout"}
{"timestamp":"2026-05-05T13:23:59.176169Z","level":"info","event":"outlet_events: OutletEventAccessors(_dict={})","logger":"task.stdout"}
{"timestamp":"2026-05-05T13:23:59.176685Z","level":"info","event":"inlet_events: InletEventsAccessors(_inlets=[], _assets={}, _asset_aliases={})","logger":"task.stdout"}
{"timestamp":"2026-05-05T13:23:59.177327Z","level":"info","event":"macros: <MacrosAccessor (dynamic access to macros)>","logger":"task.stdout"}
{"timestamp":"2026-05-05T13:23:59.179593Z","level":"info","event":"params: {}","logger":"task.stdout"}
{"timestamp":"2026-05-05T13:23:59.180920Z","level":"info","event":"var: {'json': <VariableAccessor (dynamic access)>, 'value': <VariableAccessor (dynamic access)>}","logger":"task.stdout"}
{"timestamp":"2026-05-05T13:23:59.181576Z","level":"info","event":"conn: <ConnectionAccessor (dynamic access)>","logger":"task.stdout"}
{"timestamp":"2026-05-05T13:23:59.182209Z","level":"info","event":"dag_run: dag_id='print_interval_dag' run_id='scheduled__2026-05-05T03:00:00+00:00' logical_date=datetime.datetime(2026, 5, 5, 3, 0, tzinfo=datetime.timezone.utc) data_interval_start=datetime.datetime(2026, 5, 5, 3, 0, tzinfo=datetime.timezone.utc) data_interval_end=datetime.datetime(2026, 5, 5, 3, 0, tzinfo=datetime.timezone.utc) run_after=datetime.datetime(2026, 5, 5, 3, 0, tzinfo=datetime.timezone.utc) start_date=datetime.datetime(2026, 5, 5, 13, 23, 57, 605795, tzinfo=datetime.timezone.utc) end_date=None clear_number=0 run_type=<DagRunType.SCHEDULED: 'scheduled'> state=<DagRunState.RUNNING: 'running'> conf={} triggering_user_name=None consumed_asset_events=[] partition_key=None note=None","logger":"task.stdout"}
{"timestamp":"2026-05-05T13:23:59.183181Z","level":"info","event":"triggering_asset_events: TriggeringAssetEventAccessor(_events=defaultdict(<class 'list'>, {}))","logger":"task.stdout"}
{"timestamp":"2026-05-05T13:23:59.184656Z","level":"info","event":"task_instance_key_str: print_interval_dag__print_interval__20260505","logger":"task.stdout"}
{"timestamp":"2026-05-05T13:23:59.189211Z","level":"info","event":"task_reschedule_count: 0","logger":"task.stdout"}
{"timestamp":"2026-05-05T13:23:59.243552Z","level":"info","event":"prev_start_date_success: 2026-05-05 13:23:57.122019+00:00","logger":"task.stdout"}
{"timestamp":"2026-05-05T13:23:59.244581Z","level":"info","event":"prev_end_date_success: 2026-05-05 13:23:59.172297+00:00","logger":"task.stdout"}
{"timestamp":"2026-05-05T13:23:59.245933Z","level":"info","event":"logical_date: 2026-05-05 03:00:00+00:00","logger":"task.stdout"}
{"timestamp":"2026-05-05T13:23:59.246312Z","level":"info","event":"ds: 2026-05-05","logger":"task.stdout"}
{"timestamp":"2026-05-05T13:23:59.247376Z","level":"info","event":"ds_nodash: 20260505","logger":"task.stdout"}
{"timestamp":"2026-05-05T13:23:59.247908Z","level":"info","event":"ts: 2026-05-05T03:00:00+00:00","logger":"task.stdout"}
{"timestamp":"2026-05-05T13:23:59.248632Z","level":"info","event":"ts_nodash: 20260505T030000","logger":"task.stdout"}
{"timestamp":"2026-05-05T13:23:59.249190Z","level":"info","event":"ts_nodash_with_tz: 20260505T030000+0000","logger":"task.stdout"}
{"timestamp":"2026-05-05T13:23:59.250707Z","level":"info","event":"data_interval_end: 2026-05-05 03:00:00+00:00","logger":"task.stdout"}
{"timestamp":"2026-05-05T13:23:59.251470Z","level":"info","event":"data_interval_start: 2026-05-05 03:00:00+00:00","logger":"task.stdout"}
{"timestamp":"2026-05-05T13:23:59.256483Z","level":"info","event":"prev_data_interval_start_success: 2026-05-05 00:00:00+00:00","logger":"task.stdout"}
{"timestamp":"2026-05-05T13:23:59.256997Z","level":"info","event":"prev_data_interval_end_success: 2026-05-05 00:00:00+00:00","logger":"task.stdout"}
{"timestamp":"2026-05-05T13:23:59.259132Z","level":"info","event":"templates_dict: None","logger":"task.stdout"}
{"timestamp":"2026-05-05T13:23:59.244297Z","level":"info","event":"Done. Returned value was: None","logger":"airflow.task.operators.airflow.providers.standard.operators.python.PythonOperator","filename":"python.py","lineno":229}
{"timestamp":"2026-05-05T13:23:59.325943Z","level":"info","event":"Task instance in success state","logger":"task.stdout"}
{"timestamp":"2026-05-05T13:23:59.341413Z","level":"info","event":" Previous state of the Task instance: TaskInstanceState.RUNNING","logger":"task.stdout"}
{"timestamp":"2026-05-05T13:23:59.342275Z","level":"info","event":"Task operator:<Task(PythonOperator): print_interval>","logger":"task.stdout"}
{"timestamp":"2026-05-05T13:54:05.927435Z","level":"info","event":"DAG bundles loaded: dags-folder, example_dags","logger":"airflow.dag_processing.bundles.manager.DagBundlesManager","filename":"manager.py","lineno":209}
{"timestamp":"2026-05-05T13:54:05.929254Z","level":"info","event":"Filling up the DagBag from /opt/airflow/dags/print_interval_dag.py","logger":"airflow.dag_processing.dagbag.BundleDagBag","filename":"dagbag.py","lineno":469}
{"timestamp":"2026-05-05T13:54:05.990303Z","level":"info","event":"Task instance is in running state","logger":"task.stdout"}
{"timestamp":"2026-05-05T13:54:05.991161Z","level":"info","event":" Previous state of the Task instance: TaskInstanceState.QUEUED","logger":"task.stdout"}
{"timestamp":"2026-05-05T13:54:05.994935Z","level":"info","event":"Current task name:print_interval","logger":"task.stdout"}
{"timestamp":"2026-05-05T13:54:05.996070Z","level":"info","event":"Dag name:print_interval_dag","logger":"task.stdout"}
{"timestamp":"2026-05-05T13:54:05.997619Z","level":"info","event":"=== INTERVAL INFO ===","logger":"task.stdout"}
{"timestamp":"2026-05-05T13:54:05.998664Z","level":"info","event":"Interval Start:  2026-05-05 03:00:00+00:00","logger":"task.stdout"}
{"timestamp":"2026-05-05T13:54:06.000293Z","level":"info","event":"Interval End:    2026-05-05 06:00:00+00:00","logger":"task.stdout"}
{"timestamp":"2026-05-05T13:54:06.001526Z","level":"info","event":"Duration:        3:00:00","logger":"task.stdout"}
{"timestamp":"2026-05-05T13:54:06.002264Z","level":"info","event":"=== ALL AVAILABLE MACROS ===","logger":"task.stdout"}
{"timestamp":"2026-05-05T13:54:06.003413Z","level":"info","event":"dag: <DAG: print_interval_dag>","logger":"task.stdout"}
{"timestamp":"2026-05-05T13:54:06.003959Z","level":"info","event":"inlets: []","logger":"task.stdout"}
{"timestamp":"2026-05-05T13:54:06.004501Z","level":"info","event":"map_index_template: None","logger":"task.stdout"}
{"timestamp":"2026-05-05T13:54:06.005174Z","level":"info","event":"outlets: []","logger":"task.stdout"}
{"timestamp":"2026-05-05T13:54:06.005734Z","level":"info","event":"run_id: scheduled__2026-05-05T03:00:00+00:00","logger":"task.stdout"}
{"timestamp":"2026-05-05T13:54:06.006640Z","level":"info","event":"task: <Task(PythonOperator): print_interval>","logger":"task.stdout"}
{"timestamp":"2026-05-05T13:54:06.008953Z","level":"info","event":"task_instance: id=UUID('019df86a-d645-78c0-bbb2-ff7405912d4d') task_id='print_interval' dag_id='print_interval_dag' run_id='scheduled__2026-05-05T03:00:00+00:00' try_number=1 dag_version_id=UUID('019df868-e424-75da-84ee-f728e7b06374') map_index=-1 hostname='86abe326db93' context_carrier={'traceparent': '00-41b85f6e1d1e23a59ff014a0ed1f6584-c84b5c899723e49e-01'} task=<Task(PythonOperator): print_interval> bundle_instance=LocalDagBundle(name=dags-folder) max_tries=0 start_date=datetime.datetime(2026, 5, 5, 13, 54, 4, 815289, tzinfo=datetime.timezone.utc) end_date=None state=<TaskInstanceState.RUNNING: 'running'> is_mapped=False rendered_map_index=None sentry_integration=''","logger":"task.stdout"}
{"timestamp":"2026-05-05T13:54:06.010099Z","level":"info","event":"ti: id=UUID('019df86a-d645-78c0-bbb2-ff7405912d4d') task_id='print_interval' dag_id='print_interval_dag' run_id='scheduled__2026-05-05T03:00:00+00:00' try_number=1 dag_version_id=UUID('019df868-e424-75da-84ee-f728e7b06374') map_index=-1 hostname='86abe326db93' context_carrier={'traceparent': '00-41b85f6e1d1e23a59ff014a0ed1f6584-c84b5c899723e49e-01'} task=<Task(PythonOperator): print_interval> bundle_instance=LocalDagBundle(name=dags-folder) max_tries=0 start_date=datetime.datetime(2026, 5, 5, 13, 54, 4, 815289, tzinfo=datetime.timezone.utc) end_date=None state=<TaskInstanceState.RUNNING: 'running'> is_mapped=False rendered_map_index=None sentry_integration=''","logger":"task.stdout"}
{"timestamp":"2026-05-05T13:54:06.010761Z","level":"info","event":"outlet_events: OutletEventAccessors(_dict={})","logger":"task.stdout"}
{"timestamp":"2026-05-05T13:54:06.011170Z","level":"info","event":"inlet_events: InletEventsAccessors(_inlets=[], _assets={}, _asset_aliases={})","logger":"task.stdout"}
{"timestamp":"2026-05-05T13:54:06.011597Z","level":"info","event":"macros: <MacrosAccessor (dynamic access to macros)>","logger":"task.stdout"}
{"timestamp":"2026-05-05T13:54:06.012150Z","level":"info","event":"params: {}","logger":"task.stdout"}
{"timestamp":"2026-05-05T13:54:06.012569Z","level":"info","event":"var: {'json': <VariableAccessor (dynamic access)>, 'value': <VariableAccessor (dynamic access)>}","logger":"task.stdout"}
{"timestamp":"2026-05-05T13:54:06.013013Z","level":"info","event":"conn: <ConnectionAccessor (dynamic access)>","logger":"task.stdout"}
{"timestamp":"2026-05-05T13:54:06.013437Z","level":"info","event":"dag_run: dag_id='print_interval_dag' run_id='scheduled__2026-05-05T03:00:00+00:00' logical_date=datetime.datetime(2026, 5, 5, 3, 0, tzinfo=datetime.timezone.utc) data_interval_start=datetime.datetime(2026, 5, 5, 3, 0, tzinfo=datetime.timezone.utc) data_interval_end=datetime.datetime(2026, 5, 5, 3, 0, tzinfo=datetime.timezone.utc) run_after=datetime.datetime(2026, 5, 5, 3, 0, tzinfo=datetime.timezone.utc) start_date=datetime.datetime(2026, 5, 5, 13, 54, 4, 512496, tzinfo=datetime.timezone.utc) end_date=None clear_number=0 run_type=<DagRunType.SCHEDULED: 'scheduled'> state=<DagRunState.RUNNING: 'running'> conf={} triggering_user_name=None consumed_asset_events=[] partition_key=None note=None","logger":"task.stdout"}
{"timestamp":"2026-05-05T13:54:06.013931Z","level":"info","event":"triggering_asset_events: TriggeringAssetEventAccessor(_events=defaultdict(<class 'list'>, {}))","logger":"task.stdout"}
{"timestamp":"2026-05-05T13:54:06.014986Z","level":"info","event":"task_instance_key_str: print_interval_dag__print_interval__20260505","logger":"task.stdout"}
{"timestamp":"2026-05-05T13:54:06.015705Z","level":"info","event":"task_reschedule_count: 0","logger":"task.stdout"}
{"timestamp":"2026-05-05T13:54:06.044261Z","level":"info","event":"prev_start_date_success: 2026-05-05 13:54:03.814706+00:00","logger":"task.stdout"}
{"timestamp":"2026-05-05T13:54:06.045570Z","level":"info","event":"prev_end_date_success: 2026-05-05 13:54:05.813156+00:00","logger":"task.stdout"}
{"timestamp":"2026-05-05T13:54:06.047096Z","level":"info","event":"logical_date: 2026-05-05 03:00:00+00:00","logger":"task.stdout"}
{"timestamp":"2026-05-05T13:54:06.047632Z","level":"info","event":"ds: 2026-05-05","logger":"task.stdout"}
{"timestamp":"2026-05-05T13:54:06.048483Z","level":"info","event":"ds_nodash: 20260505","logger":"task.stdout"}
{"timestamp":"2026-05-05T13:54:06.049491Z","level":"info","event":"ts: 2026-05-05T03:00:00+00:00","logger":"task.stdout"}
{"timestamp":"2026-05-05T13:54:06.050329Z","level":"info","event":"ts_nodash: 20260505T030000","logger":"task.stdout"}
{"timestamp":"2026-05-05T13:54:06.050756Z","level":"info","event":"ts_nodash_with_tz: 20260505T030000+0000","logger":"task.stdout"}
{"timestamp":"2026-05-05T13:54:06.051787Z","level":"info","event":"data_interval_end: 2026-05-05 03:00:00+00:00","logger":"task.stdout"}
{"timestamp":"2026-05-05T13:54:06.052425Z","level":"info","event":"data_interval_start: 2026-05-05 03:00:00+00:00","logger":"task.stdout"}
{"timestamp":"2026-05-05T13:54:06.052886Z","level":"info","event":"prev_data_interval_start_success: 2026-05-04 21:00:00+00:00","logger":"task.stdout"}
{"timestamp":"2026-05-05T13:54:06.053435Z","level":"info","event":"prev_data_interval_end_success: 2026-05-04 21:00:00+00:00","logger":"task.stdout"}
{"timestamp":"2026-05-05T13:54:06.054127Z","level":"info","event":"templates_dict: None","logger":"task.stdout"}
{"timestamp":"2026-05-05T13:54:06.044557Z","level":"info","event":"Done. Returned value was: None","logger":"airflow.task.operators.airflow.providers.standard.operators.python.PythonOperator","filename":"python.py","lineno":229}
{"timestamp":"2026-05-05T13:54:06.106650Z","level":"info","event":"Task instance in success state","logger":"task.stdout"}
{"timestamp":"2026-05-05T13:54:06.110297Z","level":"info","event":" Previous state of the Task instance: TaskInstanceState.RUNNING","logger":"task.stdout"}
{"timestamp":"2026-05-05T13:54:06.110853Z","level":"info","event":"Task operator:<Task(PythonOperator): print_interval>","logger":"task.stdout"}
{"timestamp":"2026-05-06T14:47:27.186824Z","level":"info","event":"DAG bundles loaded: dags-folder, example_dags","logger":"airflow.dag_processing.bundles.manager.DagBundlesManager","filename":"manager.py","lineno":209}
{"timestamp":"2026-05-06T14:47:27.189824Z","level":"info","event":"Filling up the DagBag from /opt/airflow/dags/print_interval_dag.py","logger":"airflow.dag_processing.dagbag.BundleDagBag","filename":"dagbag.py","lineno":469}
{"timestamp":"2026-05-06T14:47:27.344755Z","level":"info","event":"Task instance is in running state","logger":"task.stdout"}
{"timestamp":"2026-05-06T14:47:27.347573Z","level":"info","event":" Previous state of the Task instance: TaskInstanceState.QUEUED","logger":"task.stdout"}
{"timestamp":"2026-05-06T14:47:27.348083Z","level":"info","event":"Current task name:print_interval","logger":"task.stdout"}
{"timestamp":"2026-05-06T14:47:27.348673Z","level":"info","event":"Dag name:print_interval_dag","logger":"task.stdout"}
{"timestamp":"2026-05-06T14:47:27.353134Z","level":"info","event":"=== INTERVAL INFO ===","logger":"task.stdout"}
{"timestamp":"2026-05-06T14:47:27.357804Z","level":"info","event":"Interval Start:  2026-05-05 03:00:00+00:00","logger":"task.stdout"}
{"timestamp":"2026-05-06T14:47:27.358516Z","level":"info","event":"Interval End:    2026-05-05 03:00:00+00:00","logger":"task.stdout"}
{"timestamp":"2026-05-06T14:47:27.359360Z","level":"info","event":"Duration:        0:00:00","logger":"task.stdout"}
{"timestamp":"2026-05-06T14:47:27.359782Z","level":"info","event":"=== ALL AVAILABLE MACROS ===","logger":"task.stdout"}
{"timestamp":"2026-05-06T14:47:27.360241Z","level":"info","event":"dag: <DAG: print_interval_dag>","logger":"task.stdout"}
{"timestamp":"2026-05-06T14:47:27.365890Z","level":"info","event":"inlets: []","logger":"task.stdout"}
{"timestamp":"2026-05-06T14:47:27.374863Z","level":"info","event":"map_index_template: None","logger":"task.stdout"}
{"timestamp":"2026-05-06T14:47:27.388726Z","level":"info","event":"outlets: []","logger":"task.stdout"}
{"timestamp":"2026-05-06T14:47:27.390354Z","level":"info","event":"run_id: scheduled__2026-05-05T03:00:00+00:00","logger":"task.stdout"}
{"timestamp":"2026-05-06T14:47:27.391929Z","level":"info","event":"task: <Task(PythonOperator): print_interval>","logger":"task.stdout"}
{"timestamp":"2026-05-06T14:47:27.396897Z","level":"info","event":"task_instance: id=UUID('019dfdc2-0a14-71f5-aed3-cb1948a41a4e') task_id='print_interval' dag_id='print_interval_dag' run_id='scheduled__2026-05-05T03:00:00+00:00' try_number=1 dag_version_id=UUID('019dfdc0-ac2b-7973-9b93-eab8e640e2bd') map_index=-1 hostname='86abe326db93' context_carrier={'traceparent': '00-adcff57fe3c9d2780d62837a3f41f1b5-262e4e3ad8d86356-01'} task=<Task(PythonOperator): print_interval> bundle_instance=LocalDagBundle(name=dags-folder) max_tries=0 start_date=datetime.datetime(2026, 5, 6, 14, 47, 25, 987083, tzinfo=datetime.timezone.utc) end_date=None state=<TaskInstanceState.RUNNING: 'running'> is_mapped=False rendered_map_index=None sentry_integration=''","logger":"task.stdout"}
{"timestamp":"2026-05-06T14:47:27.406221Z","level":"info","event":"ti: id=UUID('019dfdc2-0a14-71f5-aed3-cb1948a41a4e') task_id='print_interval' dag_id='print_interval_dag' run_id='scheduled__2026-05-05T03:00:00+00:00' try_number=1 dag_version_id=UUID('019dfdc0-ac2b-7973-9b93-eab8e640e2bd') map_index=-1 hostname='86abe326db93' context_carrier={'traceparent': '00-adcff57fe3c9d2780d62837a3f41f1b5-262e4e3ad8d86356-01'} task=<Task(PythonOperator): print_interval> bundle_instance=LocalDagBundle(name=dags-folder) max_tries=0 start_date=datetime.datetime(2026, 5, 6, 14, 47, 25, 987083, tzinfo=datetime.timezone.utc) end_date=None state=<TaskInstanceState.RUNNING: 'running'> is_mapped=False rendered_map_index=None sentry_integration=''","logger":"task.stdout"}
{"timestamp":"2026-05-06T14:47:27.406751Z","level":"info","event":"outlet_events: OutletEventAccessors(_dict={})","logger":"task.stdout"}
{"timestamp":"2026-05-06T14:47:27.407608Z","level":"info","event":"inlet_events: InletEventsAccessors(_inlets=[], _assets={}, _asset_aliases={})","logger":"task.stdout"}
{"timestamp":"2026-05-06T14:47:27.408513Z","level":"info","event":"macros: <MacrosAccessor (dynamic access to macros)>","logger":"task.stdout"}
{"timestamp":"2026-05-06T14:47:27.408919Z","level":"info","event":"params: {}","logger":"task.stdout"}
{"timestamp":"2026-05-06T14:47:27.409543Z","level":"info","event":"var: {'json': <VariableAccessor (dynamic access)>, 'value': <VariableAccessor (dynamic access)>}","logger":"task.stdout"}
{"timestamp":"2026-05-06T14:47:27.410456Z","level":"info","event":"conn: <ConnectionAccessor (dynamic access)>","logger":"task.stdout"}
{"timestamp":"2026-05-06T14:47:27.412337Z","level":"info","event":"dag_run: dag_id='print_interval_dag' run_id='scheduled__2026-05-05T03:00:00+00:00' logical_date=datetime.datetime(2026, 5, 5, 3, 0, tzinfo=datetime.timezone.utc) data_interval_start=datetime.datetime(2026, 5, 5, 3, 0, tzinfo=datetime.timezone.utc) data_interval_end=datetime.datetime(2026, 5, 5, 3, 0, tzinfo=datetime.timezone.utc) run_after=datetime.datetime(2026, 5, 5, 3, 0, tzinfo=datetime.timezone.utc) start_date=datetime.datetime(2026, 5, 6, 14, 47, 25, 534082, tzinfo=datetime.timezone.utc) end_date=None clear_number=0 run_type=<DagRunType.SCHEDULED: 'scheduled'> state=<DagRunState.RUNNING: 'running'> conf={} triggering_user_name=None consumed_asset_events=[] partition_key=None note=None","logger":"task.stdout"}
{"timestamp":"2026-05-06T14:47:27.414054Z","level":"info","event":"triggering_asset_events: TriggeringAssetEventAccessor(_events=defaultdict(<class 'list'>, {}))","logger":"task.stdout"}
{"timestamp":"2026-05-06T14:47:27.420774Z","level":"info","event":"task_instance_key_str: print_interval_dag__print_interval__20260505","logger":"task.stdout"}
{"timestamp":"2026-05-06T14:47:27.423279Z","level":"info","event":"task_reschedule_count: 0","logger":"task.stdout"}
{"timestamp":"2026-05-06T14:47:27.458987Z","level":"info","event":"prev_start_date_success: 2026-05-06 14:47:24.694041+00:00","logger":"task.stdout"}
{"timestamp":"2026-05-06T14:47:27.460486Z","level":"info","event":"prev_end_date_success: 2026-05-06 14:47:27.374739+00:00","logger":"task.stdout"}
{"timestamp":"2026-05-06T14:47:27.461344Z","level":"info","event":"logical_date: 2026-05-05 03:00:00+00:00","logger":"task.stdout"}
{"timestamp":"2026-05-06T14:47:27.462943Z","level":"info","event":"ds: 2026-05-05","logger":"task.stdout"}
{"timestamp":"2026-05-06T14:47:27.463832Z","level":"info","event":"ds_nodash: 20260505","logger":"task.stdout"}
{"timestamp":"2026-05-06T14:47:27.464487Z","level":"info","event":"ts: 2026-05-05T03:00:00+00:00","logger":"task.stdout"}
{"timestamp":"2026-05-06T14:47:27.467325Z","level":"info","event":"ts_nodash: 20260505T030000","logger":"task.stdout"}
{"timestamp":"2026-05-06T14:47:27.468325Z","level":"info","event":"ts_nodash_with_tz: 20260505T030000+0000","logger":"task.stdout"}
{"timestamp":"2026-05-06T14:47:27.471081Z","level":"info","event":"data_interval_end: 2026-05-05 03:00:00+00:00","logger":"task.stdout"}
{"timestamp":"2026-05-06T14:47:27.472343Z","level":"info","event":"data_interval_start: 2026-05-05 03:00:00+00:00","logger":"task.stdout"}
{"timestamp":"2026-05-06T14:47:27.477444Z","level":"info","event":"prev_data_interval_start_success: 2026-05-05 00:00:00+00:00","logger":"task.stdout"}
{"timestamp":"2026-05-06T14:47:27.478748Z","level":"info","event":"prev_data_interval_end_success: 2026-05-05 00:00:00+00:00","logger":"task.stdout"}
{"timestamp":"2026-05-06T14:47:27.485893Z","level":"info","event":"templates_dict: None","logger":"task.stdout"}
{"timestamp":"2026-05-06T14:47:27.458212Z","level":"info","event":"Done. Returned value was: None","logger":"airflow.task.operators.airflow.providers.standard.operators.python.PythonOperator","filename":"python.py","lineno":229}
{"timestamp":"2026-05-06T14:47:27.635140Z","level":"info","event":"Task instance in success state","logger":"task.stdout"}
{"timestamp":"2026-05-06T14:47:27.636442Z","level":"info","event":" Previous state of the Task instance: TaskInstanceState.RUNNING","logger":"task.stdout"}
{"timestamp":"2026-05-06T14:47:27.639687Z","level":"info","event":"Task operator:<Task(PythonOperator): print_interval>","logger":"task.stdout"}
{"timestamp":"2026-05-06T14:50:45.850630Z","level":"info","event":"DAG bundles loaded: dags-folder, example_dags","logger":"airflow.dag_processing.bundles.manager.DagBundlesManager","filename":"manager.py","lineno":209}
{"timestamp":"2026-05-06T14:50:45.859851Z","level":"info","event":"Filling up the DagBag from /opt/airflow/dags/print_interval_dag.py","logger":"airflow.dag_processing.dagbag.BundleDagBag","filename":"dagbag.py","lineno":469}
{"timestamp":"2026-05-06T14:50:45.944096Z","level":"info","event":"Task instance is in running state","logger":"task.stdout"}
{"timestamp":"2026-05-06T14:50:45.946371Z","level":"info","event":" Previous state of the Task instance: TaskInstanceState.QUEUED","logger":"task.stdout"}
{"timestamp":"2026-05-06T14:50:45.950074Z","level":"info","event":"Current task name:print_interval","logger":"task.stdout"}
{"timestamp":"2026-05-06T14:50:45.950859Z","level":"info","event":"Dag name:print_interval_dag","logger":"task.stdout"}
{"timestamp":"2026-05-06T14:50:45.948702Z","level":"error","event":"Task failed with exception","logger":"task","filename":"task_runner.py","lineno":1347,"error_detail":[{"exc_type":"AttributeError","exc_value":"'DAG' object has no attribute 'schedule_interval'","exc_notes":[],"syntax_error":null,"is_cause":false,"frames":[{"filename":"/home/airflow/.local/lib/python3.13/site-packages/airflow/sdk/execution_time/task_runner.py","lineno":1263,"name":"run"},{"filename":"/home/airflow/.local/lib/python3.13/site-packages/airflow/sdk/execution_time/task_runner.py","lineno":1678,"name":"_execute_task"},{"filename":"/home/airflow/.local/lib/python3.13/site-packages/airflow/sdk/bases/operator.py","lineno":443,"name":"wrapper"},{"filename":"/home/airflow/.local/lib/python3.13/site-packages/airflow/providers/standard/operators/python.py","lineno":227,"name":"execute"},{"filename":"/home/airflow/.local/lib/python3.13/site-packages/airflow/providers/standard/operators/python.py","lineno":250,"name":"execute_callable"},{"filename":"/home/airflow/.local/lib/python3.13/site-packages/airflow/sdk/execution_time/callback_runner.py","lineno":97,"name":"run"},{"filename":"/opt/airflow/dags/print_interval_dag.py","lineno":11,"name":"print_interval"}],"is_group":false,"exceptions":[]}]}
{"timestamp":"2026-05-06T14:50:45.955633Z","level":"info","event":"Task instance in failure state","logger":"task.stdout"}
{"timestamp":"2026-05-06T14:50:45.963021Z","level":"info","event":"Task start","logger":"task.stdout"}
{"timestamp":"2026-05-06T14:50:45.964365Z","level":"info","event":"Task:<Task(PythonOperator): print_interval>","logger":"task.stdout"}
{"timestamp":"2026-05-06T14:50:45.966185Z","level":"info","event":"Failure caused by 'DAG' object has no attribute 'schedule_interval'","logger":"task.stdout"}
{"timestamp":"2026-05-06T14:53:28.645492Z","level":"info","event":"DAG bundles loaded: dags-folder, example_dags","logger":"airflow.dag_processing.bundles.manager.DagBundlesManager","filename":"manager.py","lineno":209}
{"timestamp":"2026-05-06T14:53:28.651082Z","level":"info","event":"Filling up the DagBag from /opt/airflow/dags/print_interval_dag.py","logger":"airflow.dag_processing.dagbag.BundleDagBag","filename":"dagbag.py","lineno":469}
{"timestamp":"2026-05-06T14:53:28.772668Z","level":"info","event":"Task instance is in running state","logger":"task.stdout"}
{"timestamp":"2026-05-06T14:53:28.784641Z","level":"info","event":" Previous state of the Task instance: TaskInstanceState.QUEUED","logger":"task.stdout"}
{"timestamp":"2026-05-06T14:53:28.799352Z","level":"info","event":"Current task name:print_interval","logger":"task.stdout"}
{"timestamp":"2026-05-06T14:53:28.800076Z","level":"info","event":"Dag name:print_interval_dag","logger":"task.stdout"}
{"timestamp":"2026-05-06T14:53:28.800584Z","level":"info","event":"=== INTERVAL INFO ===","logger":"task.stdout"}
{"timestamp":"2026-05-06T14:53:28.801449Z","level":"info","event":"Interval Start:  2026-05-05 03:00:00+00:00","logger":"task.stdout"}
{"timestamp":"2026-05-06T14:53:28.804511Z","level":"info","event":"Interval End:    2026-05-05 06:00:00+00:00","logger":"task.stdout"}
{"timestamp":"2026-05-06T14:53:28.806054Z","level":"info","event":"Duration:        3:00:00","logger":"task.stdout"}
{"timestamp":"2026-05-06T14:53:28.783166Z","level":"info","event":"Done. Returned value was: None","logger":"airflow.task.operators.airflow.providers.standard.operators.python.PythonOperator","filename":"python.py","lineno":229}
{"timestamp":"2026-05-06T14:53:28.931616Z","level":"info","event":"Task instance in success state","logger":"task.stdout"}
{"timestamp":"2026-05-06T14:53:28.932466Z","level":"info","event":" Previous state of the Task instance: TaskInstanceState.RUNNING","logger":"task.stdout"}
{"timestamp":"2026-05-06T14:53:28.934133Z","level":"info","event":"Task operator:<Task(PythonOperator): print_interval>","logger":"task.stdout"}
