{"timestamp":"2026-05-08T17:38:27.197809Z","level":"info","event":"DAG bundles loaded: dags-folder, example_dags","logger":"airflow.dag_processing.bundles.manager.DagBundlesManager","filename":"manager.py","lineno":209}
{"timestamp":"2026-05-08T17:38:27.199897Z","level":"info","event":"Filling up the DagBag from /opt/airflow/dags/csv_upsert_pipeline.py","logger":"airflow.dag_processing.dagbag.BundleDagBag","filename":"dagbag.py","lineno":469}
{"timestamp":"2026-05-08T17:38:27.216008Z","level":"warning","event":"airflow.exceptions.AirflowSkipException is deprecated and will be removed in a future version. Use airflow.sdk.exceptions.AirflowSkipException instead.","category":"UserWarning","filename":"/opt/airflow/dags/csv_upsert_pipeline.py","lineno":7,"logger":"py.warnings"}
{"timestamp":"2026-05-08T17:38:27.364364Z","level":"info","event":"Task instance is in running state","logger":"task.stdout"}
{"timestamp":"2026-05-08T17:38:27.382264Z","level":"info","event":" Previous state of the Task instance: TaskInstanceState.QUEUED","logger":"task.stdout"}
{"timestamp":"2026-05-08T17:38:27.383201Z","level":"info","event":"Current task name:process_partition","logger":"task.stdout"}
{"timestamp":"2026-05-08T17:38:27.386763Z","level":"info","event":"Dag name:csv_upsert_pipeline","logger":"task.stdout"}
{"timestamp":"2026-05-08T17:38:27.396680Z","level":"info","event":"[INFO] data_interval_start : 2026-05-05 16:00:00+00:00","logger":"task.stdout"}
{"timestamp":"2026-05-08T17:38:27.399004Z","level":"info","event":"[INFO] data_interval_end   : 2026-05-05 16:00:00+00:00","logger":"task.stdout"}
{"timestamp":"2026-05-08T17:38:27.400419Z","level":"info","event":"[INFO] Processing partition: /data/time_stamp=2026-05-05-16","logger":"task.stdout"}
{"timestamp":"2026-05-08T17:38:27.405124Z","level":"info","event":"[INFO] Sorted files: ['data_1.csv', 'data_2.csv']","logger":"task.stdout"}
{"timestamp":"2026-05-08T17:38:27.416171Z","level":"info","event":"[INFO] Read data_1.csv  (index=1)","logger":"task.stdout"}
{"timestamp":"2026-05-08T17:38:27.420877Z","level":"info","event":"[INFO] Read data_2.csv  (index=2)","logger":"task.stdout"}
{"timestamp":"2026-05-08T17:38:27.427573Z","level":"info","event":"[INFO] Resolved 13 unique IDs for this run:","logger":"task.stdout"}
{"timestamp":"2026-05-08T17:38:27.432124Z","level":"info","event":"       id=1 → {'id': '1', 'name': 'Eve', 'age': '42', 'department': 'Operations', 'salary': '40345.94', 'working_hours': '35.1'}","logger":"task.stdout"}
{"timestamp":"2026-05-08T17:38:27.437993Z","level":"info","event":"       id=2 → {'id': '2', 'name': 'Eve', 'age': '44', 'department': 'HR', 'salary': '40433.73', 'working_hours': '24.9'}","logger":"task.stdout"}
{"timestamp":"2026-05-08T17:38:27.442014Z","level":"info","event":"       id=3 → {'id': '3', 'name': 'Hank', 'age': '27', 'department': 'Marketing', 'salary': '36359.97', 'working_hours': '52.2'}","logger":"task.stdout"}
{"timestamp":"2026-05-08T17:38:27.446656Z","level":"info","event":"       id=4 → {'id': '4', 'name': 'Bob', 'age': '35', 'department': 'Finance', 'salary': '61985.72', 'working_hours': '45.9'}","logger":"task.stdout"}
{"timestamp":"2026-05-08T17:38:27.453721Z","level":"info","event":"       id=5 → {'id': '5', 'name': 'Frank', 'age': '29', 'department': 'Finance', 'salary': '41813.64', 'working_hours': '30.6'}","logger":"task.stdout"}
{"timestamp":"2026-05-08T17:38:27.455902Z","level":"info","event":"       id=6 → {'id': '6', 'name': 'Bob', 'age': '24', 'department': 'Finance', 'salary': '44548.88', 'working_hours': '33.6'}","logger":"task.stdout"}
{"timestamp":"2026-05-08T17:38:27.458116Z","level":"info","event":"       id=7 → {'id': '7', 'name': 'Grace', 'age': '23', 'department': 'Engineering', 'salary': '83569.82', 'working_hours': '31.1'}","logger":"task.stdout"}
{"timestamp":"2026-05-08T17:38:27.463703Z","level":"info","event":"       id=8 → {'id': '8', 'name': 'Alice', 'age': '55', 'department': 'Sales', 'salary': '50123.31', 'working_hours': '36.4'}","logger":"task.stdout"}
{"timestamp":"2026-05-08T17:38:27.469016Z","level":"info","event":"       id=9 → {'id': '9', 'name': 'Frank', 'age': '54', 'department': 'Finance', 'salary': '112305.88', 'working_hours': '33.9'}","logger":"task.stdout"}
{"timestamp":"2026-05-08T17:38:27.481516Z","level":"info","event":"       id=10 → {'id': '10', 'name': 'Hank', 'age': '54', 'department': 'Sales', 'salary': '47476.57', 'working_hours': '58.0'}","logger":"task.stdout"}
{"timestamp":"2026-05-08T17:38:27.483103Z","level":"info","event":"       id=11 → {'id': '11', 'name': 'Frank', 'age': '25', 'department': 'Operations', 'salary': '32623.11', 'working_hours': '22.3'}","logger":"task.stdout"}
{"timestamp":"2026-05-08T17:38:27.484591Z","level":"info","event":"       id=12 → {'id': '12', 'name': 'Ivy', 'age': '34', 'department': 'Operations', 'salary': '59943.5', 'working_hours': '27.8'}","logger":"task.stdout"}
{"timestamp":"2026-05-08T17:38:27.495589Z","level":"info","event":"       id=13 → {'id': '13', 'name': 'Charlie', 'age': '25', 'department': 'Sales', 'salary': '96088.76', 'working_hours': '36.6'}","logger":"task.stdout"}
{"timestamp":"2026-05-08T17:38:27.503688Z","level":"info","event":"[INFO] result.csv mil gayi — upsert karte hain.","logger":"task.stdout"}
{"timestamp":"2026-05-08T17:38:27.518832Z","level":"info","event":"[INFO] Existing result.csv mein 20 rows hain.","logger":"task.stdout"}
{"timestamp":"2026-05-08T17:38:27.524008Z","level":"info","event":"       UPDATE  id=1","logger":"task.stdout"}
{"timestamp":"2026-05-08T17:38:27.526115Z","level":"info","event":"       UPDATE  id=2","logger":"task.stdout"}
{"timestamp":"2026-05-08T17:38:27.531043Z","level":"info","event":"       UPDATE  id=3","logger":"task.stdout"}
{"timestamp":"2026-05-08T17:38:27.531589Z","level":"info","event":"       UPDATE  id=4","logger":"task.stdout"}
{"timestamp":"2026-05-08T17:38:27.532105Z","level":"info","event":"       UPDATE  id=5","logger":"task.stdout"}
{"timestamp":"2026-05-08T17:38:27.532484Z","level":"info","event":"       UPDATE  id=6","logger":"task.stdout"}
{"timestamp":"2026-05-08T17:38:27.536510Z","level":"info","event":"       UPDATE  id=7","logger":"task.stdout"}
{"timestamp":"2026-05-08T17:38:27.537327Z","level":"info","event":"       UPDATE  id=8","logger":"task.stdout"}
{"timestamp":"2026-05-08T17:38:27.539076Z","level":"info","event":"       UPDATE  id=9","logger":"task.stdout"}
{"timestamp":"2026-05-08T17:38:27.540866Z","level":"info","event":"       UPDATE  id=10","logger":"task.stdout"}
{"timestamp":"2026-05-08T17:38:27.541492Z","level":"info","event":"       UPDATE  id=11","logger":"task.stdout"}
{"timestamp":"2026-05-08T17:38:27.543404Z","level":"info","event":"       UPDATE  id=12","logger":"task.stdout"}
{"timestamp":"2026-05-08T17:38:27.545320Z","level":"info","event":"       UPDATE  id=13","logger":"task.stdout"}
{"timestamp":"2026-05-08T17:38:27.546064Z","level":"info","event":"[INFO] result.csv updated — total 20 rows.","logger":"task.stdout"}
{"timestamp":"2026-05-08T17:38:27.465255Z","level":"info","event":"Done. Returned value was: None","logger":"airflow.task.operators.airflow.providers.standard.operators.python.PythonOperator","filename":"python.py","lineno":229}
{"timestamp":"2026-05-08T17:38:27.652759Z","level":"info","event":"Task instance in success state","logger":"task.stdout"}
{"timestamp":"2026-05-08T17:38:27.654841Z","level":"info","event":" Previous state of the Task instance: TaskInstanceState.RUNNING","logger":"task.stdout"}
{"timestamp":"2026-05-08T17:38:27.657665Z","level":"info","event":"Task operator:<Task(PythonOperator): process_partition>","logger":"task.stdout"}
{"timestamp":"2026-05-11T16:47:31.266672Z","level":"info","event":"DAG bundles loaded: dags-folder, example_dags","logger":"airflow.dag_processing.bundles.manager.DagBundlesManager","filename":"manager.py","lineno":209}
{"timestamp":"2026-05-11T16:47:31.269632Z","level":"info","event":"Filling up the DagBag from /opt/airflow/dags/__pycache__/csv_upsert_pipeline.py","logger":"airflow.dag_processing.dagbag.BundleDagBag","filename":"dagbag.py","lineno":469}
{"timestamp":"2026-05-11T16:47:31.282031Z","level":"warning","event":"airflow.exceptions.AirflowSkipException is deprecated and will be removed in a future version. Use airflow.sdk.exceptions.AirflowSkipException instead.","category":"UserWarning","filename":"/opt/airflow/dags/__pycache__/csv_upsert_pipeline.py","lineno":7,"logger":"py.warnings"}
{"timestamp":"2026-05-11T16:47:31.690368Z","level":"info","event":"Task instance is in running state","logger":"task.stdout"}
{"timestamp":"2026-05-11T16:47:31.690807Z","level":"info","event":" Previous state of the Task instance: TaskInstanceState.QUEUED","logger":"task.stdout"}
{"timestamp":"2026-05-11T16:47:31.693311Z","level":"info","event":"Current task name:process_partition","logger":"task.stdout"}
{"timestamp":"2026-05-11T16:47:31.693790Z","level":"info","event":"Dag name:csv_upsert_pipeline","logger":"task.stdout"}
{"timestamp":"2026-05-11T16:47:31.697207Z","level":"info","event":"[INFO] data_interval_start : 2026-05-05 16:00:00+00:00","logger":"task.stdout"}
{"timestamp":"2026-05-11T16:47:31.697980Z","level":"info","event":"[INFO] data_interval_end   : 2026-05-05 16:00:00+00:00","logger":"task.stdout"}
{"timestamp":"2026-05-11T16:47:31.700076Z","level":"info","event":"[INFO] Processing partition: /data/time_stamp=2026-05-05-16","logger":"task.stdout"}
{"timestamp":"2026-05-11T16:47:31.701609Z","level":"info","event":"[INFO] Sorted files: ['data_1.csv', 'data_2.csv']","logger":"task.stdout"}
{"timestamp":"2026-05-11T16:47:31.703365Z","level":"info","event":"[INFO] Read data_1.csv  (index=1)","logger":"task.stdout"}
{"timestamp":"2026-05-11T16:47:31.705577Z","level":"info","event":"[INFO] Read data_2.csv  (index=2)","logger":"task.stdout"}
{"timestamp":"2026-05-11T16:47:31.706091Z","level":"info","event":"[INFO] Resolved 13 unique IDs for this run:","logger":"task.stdout"}
{"timestamp":"2026-05-11T16:47:31.706944Z","level":"info","event":"       id=1 → {'id': '1', 'name': 'Eve', 'age': '42', 'department': 'Operations', 'salary': '40345.94', 'working_hours': '35.1'}","logger":"task.stdout"}
{"timestamp":"2026-05-11T16:47:31.707538Z","level":"info","event":"       id=2 → {'id': '2', 'name': 'Eve', 'age': '44', 'department': 'HR', 'salary': '40433.73', 'working_hours': '24.9'}","logger":"task.stdout"}
{"timestamp":"2026-05-11T16:47:31.708094Z","level":"info","event":"       id=3 → {'id': '3', 'name': 'Hank', 'age': '27', 'department': 'Marketing', 'salary': '36359.97', 'working_hours': '52.2'}","logger":"task.stdout"}
{"timestamp":"2026-05-11T16:47:31.708579Z","level":"info","event":"       id=4 → {'id': '4', 'name': 'Bob', 'age': '35', 'department': 'Finance', 'salary': '61985.72', 'working_hours': '45.9'}","logger":"task.stdout"}
{"timestamp":"2026-05-11T16:47:31.709452Z","level":"info","event":"       id=5 → {'id': '5', 'name': 'Frank', 'age': '29', 'department': 'Finance', 'salary': '41813.64', 'working_hours': '30.6'}","logger":"task.stdout"}
{"timestamp":"2026-05-11T16:47:31.709917Z","level":"info","event":"       id=6 → {'id': '6', 'name': 'Bob', 'age': '24', 'department': 'Finance', 'salary': '44548.88', 'working_hours': '33.6'}","logger":"task.stdout"}
{"timestamp":"2026-05-11T16:47:31.711260Z","level":"info","event":"       id=7 → {'id': '7', 'name': 'Grace', 'age': '23', 'department': 'Engineering', 'salary': '83569.82', 'working_hours': '31.1'}","logger":"task.stdout"}
{"timestamp":"2026-05-11T16:47:31.711896Z","level":"info","event":"       id=8 → {'id': '8', 'name': 'Alice', 'age': '55', 'department': 'Sales', 'salary': '50123.31', 'working_hours': '36.4'}","logger":"task.stdout"}
{"timestamp":"2026-05-11T16:47:31.712357Z","level":"info","event":"       id=9 → {'id': '9', 'name': 'Frank', 'age': '54', 'department': 'Finance', 'salary': '112305.88', 'working_hours': '33.9'}","logger":"task.stdout"}
{"timestamp":"2026-05-11T16:47:31.712800Z","level":"info","event":"       id=10 → {'id': '10', 'name': 'Hank', 'age': '54', 'department': 'Sales', 'salary': '47476.57', 'working_hours': '58.0'}","logger":"task.stdout"}
{"timestamp":"2026-05-11T16:47:31.713279Z","level":"info","event":"       id=11 → {'id': '11', 'name': 'Frank', 'age': '25', 'department': 'Operations', 'salary': '32623.11', 'working_hours': '22.3'}","logger":"task.stdout"}
{"timestamp":"2026-05-11T16:47:31.713947Z","level":"info","event":"       id=12 → {'id': '12', 'name': 'Ivy', 'age': '34', 'department': 'Operations', 'salary': '59943.5', 'working_hours': '27.8'}","logger":"task.stdout"}
{"timestamp":"2026-05-11T16:47:31.714261Z","level":"info","event":"       id=13 → {'id': '13', 'name': 'Charlie', 'age': '25', 'department': 'Sales', 'salary': '96088.76', 'working_hours': '36.6'}","logger":"task.stdout"}
{"timestamp":"2026-05-11T16:47:31.714598Z","level":"info","event":"[INFO] result.csv found — upsert.","logger":"task.stdout"}
{"timestamp":"2026-05-11T16:47:31.715085Z","level":"info","event":"[INFO] In existing result.csv 20 rows.","logger":"task.stdout"}
{"timestamp":"2026-05-11T16:47:31.715417Z","level":"info","event":"       UPDATE  id=1","logger":"task.stdout"}
{"timestamp":"2026-05-11T16:47:31.715644Z","level":"info","event":"       UPDATE  id=2","logger":"task.stdout"}
{"timestamp":"2026-05-11T16:47:31.715957Z","level":"info","event":"       UPDATE  id=3","logger":"task.stdout"}
{"timestamp":"2026-05-11T16:47:31.716471Z","level":"info","event":"       UPDATE  id=4","logger":"task.stdout"}
{"timestamp":"2026-05-11T16:47:31.717190Z","level":"info","event":"       UPDATE  id=5","logger":"task.stdout"}
{"timestamp":"2026-05-11T16:47:31.717625Z","level":"info","event":"       UPDATE  id=6","logger":"task.stdout"}
{"timestamp":"2026-05-11T16:47:31.717953Z","level":"info","event":"       UPDATE  id=7","logger":"task.stdout"}
{"timestamp":"2026-05-11T16:47:31.718251Z","level":"info","event":"       UPDATE  id=8","logger":"task.stdout"}
{"timestamp":"2026-05-11T16:47:31.718536Z","level":"info","event":"       UPDATE  id=9","logger":"task.stdout"}
{"timestamp":"2026-05-11T16:47:31.719039Z","level":"info","event":"       UPDATE  id=10","logger":"task.stdout"}
{"timestamp":"2026-05-11T16:47:31.719388Z","level":"info","event":"       UPDATE  id=11","logger":"task.stdout"}
{"timestamp":"2026-05-11T16:47:31.719777Z","level":"info","event":"       UPDATE  id=12","logger":"task.stdout"}
{"timestamp":"2026-05-11T16:47:31.721098Z","level":"info","event":"       UPDATE  id=13","logger":"task.stdout"}
{"timestamp":"2026-05-11T16:47:31.721543Z","level":"info","event":"[INFO] result.csv updated — total 20 rows.","logger":"task.stdout"}
{"timestamp":"2026-05-11T16:47:31.710417Z","level":"info","event":"Done. Returned value was: None","logger":"airflow.task.operators.airflow.providers.standard.operators.python.PythonOperator","filename":"python.py","lineno":229}
{"timestamp":"2026-05-11T16:47:31.998668Z","level":"info","event":"Task instance in success state","logger":"task.stdout"}
{"timestamp":"2026-05-11T16:47:32.000063Z","level":"info","event":" Previous state of the Task instance: TaskInstanceState.RUNNING","logger":"task.stdout"}
{"timestamp":"2026-05-11T16:47:32.008725Z","level":"info","event":"Task operator:<Task(PythonOperator): process_partition>","logger":"task.stdout"}
{"timestamp":"2026-05-11T17:18:15.598097Z","level":"info","event":"DAG bundles loaded: dags-folder, example_dags","logger":"airflow.dag_processing.bundles.manager.DagBundlesManager","filename":"manager.py","lineno":209}
{"timestamp":"2026-05-11T17:18:15.600624Z","level":"info","event":"Filling up the DagBag from /opt/airflow/dags/__pycache__/csv_upsert_pipeline.py","logger":"airflow.dag_processing.dagbag.BundleDagBag","filename":"dagbag.py","lineno":469}
{"timestamp":"2026-05-11T17:18:15.626614Z","level":"warning","event":"airflow.exceptions.AirflowSkipException is deprecated and will be removed in a future version. Use airflow.sdk.exceptions.AirflowSkipException instead.","category":"UserWarning","filename":"/opt/airflow/dags/__pycache__/csv_upsert_pipeline.py","lineno":7,"logger":"py.warnings"}
{"timestamp":"2026-05-11T17:18:15.746897Z","level":"info","event":"Task instance is in running state","logger":"task.stdout"}
{"timestamp":"2026-05-11T17:18:15.747416Z","level":"info","event":" Previous state of the Task instance: TaskInstanceState.QUEUED","logger":"task.stdout"}
{"timestamp":"2026-05-11T17:18:15.756584Z","level":"info","event":"Current task name:process_partition","logger":"task.stdout"}
{"timestamp":"2026-05-11T17:18:15.758752Z","level":"info","event":"Dag name:csv_upsert_pipeline","logger":"task.stdout"}
{"timestamp":"2026-05-11T17:18:15.772255Z","level":"info","event":"[INFO] data_interval_start : 2026-05-05 16:00:00+00:00","logger":"task.stdout"}
{"timestamp":"2026-05-11T17:18:15.772746Z","level":"info","event":"[INFO] data_interval_end   : 2026-05-05 16:00:00+00:00","logger":"task.stdout"}
{"timestamp":"2026-05-11T17:18:15.773338Z","level":"info","event":"[INFO] Processing partition: /data/time_stamp=2026-05-05-16","logger":"task.stdout"}
{"timestamp":"2026-05-11T17:18:15.777960Z","level":"info","event":"[INFO] Sorted files: ['data_1.csv', 'data_2.csv']","logger":"task.stdout"}
{"timestamp":"2026-05-11T17:18:15.781945Z","level":"info","event":"[INFO] Read data_1.csv  (index=1)","logger":"task.stdout"}
{"timestamp":"2026-05-11T17:18:15.788643Z","level":"info","event":"[INFO] Read data_2.csv  (index=2)","logger":"task.stdout"}
{"timestamp":"2026-05-11T17:18:15.789535Z","level":"info","event":"[INFO] Resolved 13 unique IDs for this run:","logger":"task.stdout"}
{"timestamp":"2026-05-11T17:18:15.790384Z","level":"info","event":"       id=1 → {'id': '1', 'name': 'Eve', 'age': '42', 'department': 'Operations', 'salary': '40345.94', 'working_hours': '35.1'}","logger":"task.stdout"}
{"timestamp":"2026-05-11T17:18:15.791260Z","level":"info","event":"       id=2 → {'id': '2', 'name': 'Eve', 'age': '44', 'department': 'HR', 'salary': '40433.73', 'working_hours': '24.9'}","logger":"task.stdout"}
{"timestamp":"2026-05-11T17:18:15.792302Z","level":"info","event":"       id=3 → {'id': '3', 'name': 'Hank', 'age': '27', 'department': 'Marketing', 'salary': '36359.97', 'working_hours': '52.2'}","logger":"task.stdout"}
{"timestamp":"2026-05-11T17:18:15.792815Z","level":"info","event":"       id=4 → {'id': '4', 'name': 'Bob', 'age': '35', 'department': 'Finance', 'salary': '61985.72', 'working_hours': '45.9'}","logger":"task.stdout"}
{"timestamp":"2026-05-11T17:18:15.793586Z","level":"info","event":"       id=5 → {'id': '5', 'name': 'Frank', 'age': '29', 'department': 'Finance', 'salary': '41813.64', 'working_hours': '30.6'}","logger":"task.stdout"}
{"timestamp":"2026-05-11T17:18:15.795181Z","level":"info","event":"       id=6 → {'id': '6', 'name': 'Bob', 'age': '24', 'department': 'Finance', 'salary': '44548.88', 'working_hours': '33.6'}","logger":"task.stdout"}
{"timestamp":"2026-05-11T17:18:15.796150Z","level":"info","event":"       id=7 → {'id': '7', 'name': 'Grace', 'age': '23', 'department': 'Engineering', 'salary': '83569.82', 'working_hours': '31.1'}","logger":"task.stdout"}
{"timestamp":"2026-05-11T17:18:15.796657Z","level":"info","event":"       id=8 → {'id': '8', 'name': 'Alice', 'age': '55', 'department': 'Sales', 'salary': '50123.31', 'working_hours': '36.4'}","logger":"task.stdout"}
{"timestamp":"2026-05-11T17:18:15.797240Z","level":"info","event":"       id=9 → {'id': '9', 'name': 'Frank', 'age': '54', 'department': 'Finance', 'salary': '112305.88', 'working_hours': '33.9'}","logger":"task.stdout"}
{"timestamp":"2026-05-11T17:18:15.797674Z","level":"info","event":"       id=10 → {'id': '10', 'name': 'Hank', 'age': '54', 'department': 'Sales', 'salary': '47476.57', 'working_hours': '58.0'}","logger":"task.stdout"}
{"timestamp":"2026-05-11T17:18:15.799476Z","level":"info","event":"       id=11 → {'id': '11', 'name': 'Frank', 'age': '25', 'department': 'Operations', 'salary': '32623.11', 'working_hours': '22.3'}","logger":"task.stdout"}
{"timestamp":"2026-05-11T17:18:15.801251Z","level":"info","event":"       id=12 → {'id': '12', 'name': 'Ivy', 'age': '34', 'department': 'Operations', 'salary': '59943.5', 'working_hours': '27.8'}","logger":"task.stdout"}
{"timestamp":"2026-05-11T17:18:15.803459Z","level":"info","event":"       id=13 → {'id': '13', 'name': 'Charlie', 'age': '25', 'department': 'Sales', 'salary': '96088.76', 'working_hours': '36.6'}","logger":"task.stdout"}
{"timestamp":"2026-05-11T17:18:15.804306Z","level":"info","event":"[INFO] result.csv found — upsert.","logger":"task.stdout"}
{"timestamp":"2026-05-11T17:18:15.804734Z","level":"info","event":"[INFO] In existing result.csv 20 rows.","logger":"task.stdout"}
{"timestamp":"2026-05-11T17:18:15.805177Z","level":"info","event":"       UPDATE  id=1","logger":"task.stdout"}
{"timestamp":"2026-05-11T17:18:15.805558Z","level":"info","event":"       UPDATE  id=2","logger":"task.stdout"}
{"timestamp":"2026-05-11T17:18:15.806135Z","level":"info","event":"       UPDATE  id=3","logger":"task.stdout"}
{"timestamp":"2026-05-11T17:18:15.806585Z","level":"info","event":"       UPDATE  id=4","logger":"task.stdout"}
{"timestamp":"2026-05-11T17:18:15.806981Z","level":"info","event":"       UPDATE  id=5","logger":"task.stdout"}
{"timestamp":"2026-05-11T17:18:15.807374Z","level":"info","event":"       UPDATE  id=6","logger":"task.stdout"}
{"timestamp":"2026-05-11T17:18:15.807739Z","level":"info","event":"       UPDATE  id=7","logger":"task.stdout"}
{"timestamp":"2026-05-11T17:18:15.808152Z","level":"info","event":"       UPDATE  id=8","logger":"task.stdout"}
{"timestamp":"2026-05-11T17:18:15.808498Z","level":"info","event":"       UPDATE  id=9","logger":"task.stdout"}
{"timestamp":"2026-05-11T17:18:15.808820Z","level":"info","event":"       UPDATE  id=10","logger":"task.stdout"}
{"timestamp":"2026-05-11T17:18:15.809151Z","level":"info","event":"       UPDATE  id=11","logger":"task.stdout"}
{"timestamp":"2026-05-11T17:18:15.809783Z","level":"info","event":"       UPDATE  id=12","logger":"task.stdout"}
{"timestamp":"2026-05-11T17:18:15.813050Z","level":"info","event":"       UPDATE  id=13","logger":"task.stdout"}
{"timestamp":"2026-05-11T17:18:15.813703Z","level":"info","event":"[INFO] result.csv updated — total 20 rows.","logger":"task.stdout"}
{"timestamp":"2026-05-11T17:18:15.794374Z","level":"info","event":"Done. Returned value was: None","logger":"airflow.task.operators.airflow.providers.standard.operators.python.PythonOperator","filename":"python.py","lineno":229}
{"timestamp":"2026-05-11T17:18:16.196361Z","level":"info","event":"Task instance in success state","logger":"task.stdout"}
{"timestamp":"2026-05-11T17:18:16.246560Z","level":"info","event":" Previous state of the Task instance: TaskInstanceState.RUNNING","logger":"task.stdout"}
{"timestamp":"2026-05-11T17:18:16.247155Z","level":"info","event":"Task operator:<Task(PythonOperator): process_partition>","logger":"task.stdout"}
