{"timestamp":"2026-05-05T10:30:35.097639Z","level":"info","event":"DAG bundles loaded: dags-folder, example_dags","logger":"airflow.dag_processing.bundles.manager.DagBundlesManager","filename":"manager.py","lineno":209}
{"timestamp":"2026-05-05T10:30:35.099751Z","level":"info","event":"Filling up the DagBag from /opt/airflow/dags/print_interval_dag.py","logger":"airflow.dag_processing.dagbag.BundleDagBag","filename":"dagbag.py","lineno":469}
{"timestamp":"2026-05-05T10:30:35.120754Z","level":"warning","event":"The `airflow.operators.python.PythonOperator` attribute is deprecated. Please use `'airflow.providers.standard.operators.python.PythonOperator'`.","category":"UserWarning","filename":"/opt/airflow/dags/print_interval_dag.py","lineno":2,"logger":"py.warnings"}
{"timestamp":"2026-05-05T10:30:35.258633Z","level":"info","event":"Task instance is in running state","logger":"task.stdout"}
{"timestamp":"2026-05-05T10:30:35.271890Z","level":"info","event":" Previous state of the Task instance: TaskInstanceState.QUEUED","logger":"task.stdout"}
{"timestamp":"2026-05-05T10:30:35.277540Z","level":"info","event":"Current task name:print_interval","logger":"task.stdout"}
{"timestamp":"2026-05-05T10:30:35.279294Z","level":"info","event":"Dag name:print_interval_dag","logger":"task.stdout"}
{"timestamp":"2026-05-05T10:30:35.282496Z","level":"info","event":"Interval Start: 2025-05-20 21:00:00+00:00","logger":"task.stdout"}
{"timestamp":"2026-05-05T10:30:35.291999Z","level":"info","event":"Interval End:   2025-05-20 21:00:00+00:00","logger":"task.stdout"}
{"timestamp":"2026-05-05T10:30:35.264169Z","level":"info","event":"Done. Returned value was: None","logger":"airflow.task.operators.airflow.providers.standard.operators.python.PythonOperator","filename":"python.py","lineno":229}
{"timestamp":"2026-05-05T10:30:35.383386Z","level":"info","event":"Task instance in success state","logger":"task.stdout"}
{"timestamp":"2026-05-05T10:30:35.384970Z","level":"info","event":" Previous state of the Task instance: TaskInstanceState.RUNNING","logger":"task.stdout"}
{"timestamp":"2026-05-05T10:30:35.385799Z","level":"info","event":"Task operator:<Task(PythonOperator): print_interval>","logger":"task.stdout"}
{"timestamp":"2026-05-05T12:26:29.670349Z","level":"info","event":"DAG bundles loaded: dags-folder, example_dags","logger":"airflow.dag_processing.bundles.manager.DagBundlesManager","filename":"manager.py","lineno":209}
{"timestamp":"2026-05-05T12:26:29.671603Z","level":"info","event":"Filling up the DagBag from /opt/airflow/dags/print_interval_dag.py","logger":"airflow.dag_processing.dagbag.BundleDagBag","filename":"dagbag.py","lineno":469}
{"timestamp":"2026-05-05T12:26:29.754952Z","level":"info","event":"Task instance is in running state","logger":"task.stdout"}
{"timestamp":"2026-05-05T12:26:29.755876Z","level":"info","event":" Previous state of the Task instance: TaskInstanceState.QUEUED","logger":"task.stdout"}
{"timestamp":"2026-05-05T12:26:29.756502Z","level":"info","event":"Current task name:print_interval","logger":"task.stdout"}
{"timestamp":"2026-05-05T12:26:29.757029Z","level":"info","event":"Dag name:print_interval_dag","logger":"task.stdout"}
{"timestamp":"2026-05-05T12:26:29.759223Z","level":"info","event":"=== ALL AVAILABLE MACROS ===","logger":"task.stdout"}
{"timestamp":"2026-05-05T12:26:29.760378Z","level":"info","event":"dag: <DAG: print_interval_dag>","logger":"task.stdout"}
{"timestamp":"2026-05-05T12:26:29.761016Z","level":"info","event":"inlets: []","logger":"task.stdout"}
{"timestamp":"2026-05-05T12:26:29.761806Z","level":"info","event":"map_index_template: None","logger":"task.stdout"}
{"timestamp":"2026-05-05T12:26:29.762751Z","level":"info","event":"outlets: []","logger":"task.stdout"}
{"timestamp":"2026-05-05T12:26:29.763729Z","level":"info","event":"run_id: scheduled__2025-05-20T21:00:00+00:00","logger":"task.stdout"}
{"timestamp":"2026-05-05T12:26:29.764324Z","level":"info","event":"task: <Task(PythonOperator): print_interval>","logger":"task.stdout"}
{"timestamp":"2026-05-05T12:26:29.764810Z","level":"info","event":"task_instance: id=UUID('019df81a-a208-7822-b95b-b4bfc0849db6') task_id='print_interval' dag_id='print_interval_dag' run_id='scheduled__2025-05-20T21:00:00+00:00' try_number=1 dag_version_id=UUID('019df815-a045-750b-bac8-47ced7cc6a45') map_index=-1 hostname='86abe326db93' context_carrier={'traceparent': '00-0cc48e7165b1099b2b8e22127e31f15e-e85d5211e78b7646-01'} task=<Task(PythonOperator): print_interval> bundle_instance=LocalDagBundle(name=dags-folder) max_tries=0 start_date=datetime.datetime(2026, 5, 5, 12, 26, 28, 594724, tzinfo=datetime.timezone.utc) end_date=None state=<TaskInstanceState.RUNNING: 'running'> is_mapped=False rendered_map_index=None sentry_integration=''","logger":"task.stdout"}
{"timestamp":"2026-05-05T12:26:29.765650Z","level":"info","event":"ti: id=UUID('019df81a-a208-7822-b95b-b4bfc0849db6') task_id='print_interval' dag_id='print_interval_dag' run_id='scheduled__2025-05-20T21:00:00+00:00' try_number=1 dag_version_id=UUID('019df815-a045-750b-bac8-47ced7cc6a45') map_index=-1 hostname='86abe326db93' context_carrier={'traceparent': '00-0cc48e7165b1099b2b8e22127e31f15e-e85d5211e78b7646-01'} task=<Task(PythonOperator): print_interval> bundle_instance=LocalDagBundle(name=dags-folder) max_tries=0 start_date=datetime.datetime(2026, 5, 5, 12, 26, 28, 594724, tzinfo=datetime.timezone.utc) end_date=None state=<TaskInstanceState.RUNNING: 'running'> is_mapped=False rendered_map_index=None sentry_integration=''","logger":"task.stdout"}
{"timestamp":"2026-05-05T12:26:29.766196Z","level":"info","event":"outlet_events: OutletEventAccessors(_dict={})","logger":"task.stdout"}
{"timestamp":"2026-05-05T12:26:29.766774Z","level":"info","event":"inlet_events: InletEventsAccessors(_inlets=[], _assets={}, _asset_aliases={})","logger":"task.stdout"}
{"timestamp":"2026-05-05T12:26:29.767301Z","level":"info","event":"macros: <MacrosAccessor (dynamic access to macros)>","logger":"task.stdout"}
{"timestamp":"2026-05-05T12:26:29.767776Z","level":"info","event":"params: {}","logger":"task.stdout"}
{"timestamp":"2026-05-05T12:26:29.768233Z","level":"info","event":"var: {'json': <VariableAccessor (dynamic access)>, 'value': <VariableAccessor (dynamic access)>}","logger":"task.stdout"}
{"timestamp":"2026-05-05T12:26:29.768692Z","level":"info","event":"conn: <ConnectionAccessor (dynamic access)>","logger":"task.stdout"}
{"timestamp":"2026-05-05T12:26:29.769139Z","level":"info","event":"dag_run: dag_id='print_interval_dag' run_id='scheduled__2025-05-20T21:00:00+00:00' logical_date=datetime.datetime(2025, 5, 20, 21, 0, tzinfo=datetime.timezone.utc) data_interval_start=datetime.datetime(2025, 5, 20, 21, 0, tzinfo=datetime.timezone.utc) data_interval_end=datetime.datetime(2025, 5, 20, 21, 0, tzinfo=datetime.timezone.utc) run_after=datetime.datetime(2025, 5, 20, 21, 0, tzinfo=datetime.timezone.utc) start_date=datetime.datetime(2026, 5, 5, 12, 26, 28, 255691, tzinfo=datetime.timezone.utc) end_date=None clear_number=0 run_type=<DagRunType.SCHEDULED: 'scheduled'> state=<DagRunState.RUNNING: 'running'> conf={} triggering_user_name=None consumed_asset_events=[] partition_key=None note=None","logger":"task.stdout"}
{"timestamp":"2026-05-05T12:26:29.769551Z","level":"info","event":"triggering_asset_events: TriggeringAssetEventAccessor(_events=defaultdict(<class 'list'>, {}))","logger":"task.stdout"}
{"timestamp":"2026-05-05T12:26:29.769908Z","level":"info","event":"task_instance_key_str: print_interval_dag__print_interval__20250520","logger":"task.stdout"}
{"timestamp":"2026-05-05T12:26:29.770447Z","level":"info","event":"task_reschedule_count: 0","logger":"task.stdout"}
{"timestamp":"2026-05-05T12:26:29.804987Z","level":"info","event":"prev_start_date_success: 2026-05-05 12:26:27.487566+00:00","logger":"task.stdout"}
{"timestamp":"2026-05-05T12:26:29.805740Z","level":"info","event":"prev_end_date_success: 2026-05-05 12:26:29.327166+00:00","logger":"task.stdout"}
{"timestamp":"2026-05-05T12:26:29.806925Z","level":"info","event":"logical_date: 2025-05-20 21:00:00+00:00","logger":"task.stdout"}
{"timestamp":"2026-05-05T12:26:29.808601Z","level":"info","event":"ds: 2025-05-20","logger":"task.stdout"}
{"timestamp":"2026-05-05T12:26:29.810049Z","level":"info","event":"ds_nodash: 20250520","logger":"task.stdout"}
{"timestamp":"2026-05-05T12:26:29.810815Z","level":"info","event":"ts: 2025-05-20T21:00:00+00:00","logger":"task.stdout"}
{"timestamp":"2026-05-05T12:26:29.811441Z","level":"info","event":"ts_nodash: 20250520T210000","logger":"task.stdout"}
{"timestamp":"2026-05-05T12:26:29.812331Z","level":"info","event":"ts_nodash_with_tz: 20250520T210000+0000","logger":"task.stdout"}
{"timestamp":"2026-05-05T12:26:29.812973Z","level":"info","event":"data_interval_end: 2025-05-20 21:00:00+00:00","logger":"task.stdout"}
{"timestamp":"2026-05-05T12:26:29.813706Z","level":"info","event":"data_interval_start: 2025-05-20 21:00:00+00:00","logger":"task.stdout"}
{"timestamp":"2026-05-05T12:26:29.814299Z","level":"info","event":"prev_data_interval_start_success: 2025-05-20 15:00:00+00:00","logger":"task.stdout"}
{"timestamp":"2026-05-05T12:26:29.815110Z","level":"info","event":"prev_data_interval_end_success: 2025-05-20 15:00:00+00:00","logger":"task.stdout"}
{"timestamp":"2026-05-05T12:26:29.815561Z","level":"info","event":"templates_dict: None","logger":"task.stdout"}
{"timestamp":"2026-05-05T12:26:29.803629Z","level":"info","event":"Done. Returned value was: None","logger":"airflow.task.operators.airflow.providers.standard.operators.python.PythonOperator","filename":"python.py","lineno":229}
{"timestamp":"2026-05-05T12:26:29.881501Z","level":"info","event":"Task instance in success state","logger":"task.stdout"}
{"timestamp":"2026-05-05T12:26:29.882219Z","level":"info","event":" Previous state of the Task instance: TaskInstanceState.RUNNING","logger":"task.stdout"}
{"timestamp":"2026-05-05T12:26:29.886298Z","level":"info","event":"Task operator:<Task(PythonOperator): print_interval>","logger":"task.stdout"}
