{"timestamp":"2026-05-05T10:29:34.289604Z","level":"info","event":"DAG bundles loaded: dags-folder, example_dags","logger":"airflow.dag_processing.bundles.manager.DagBundlesManager","filename":"manager.py","lineno":209}
{"timestamp":"2026-05-05T10:29:34.299347Z","level":"info","event":"Filling up the DagBag from /opt/airflow/dags/print_interval_dag.py","logger":"airflow.dag_processing.dagbag.BundleDagBag","filename":"dagbag.py","lineno":469}
{"timestamp":"2026-05-05T10:29:34.353645Z","level":"warning","event":"The `airflow.operators.python.PythonOperator` attribute is deprecated. Please use `'airflow.providers.standard.operators.python.PythonOperator'`.","category":"UserWarning","filename":"/opt/airflow/dags/print_interval_dag.py","lineno":2,"logger":"py.warnings"}
{"timestamp":"2026-05-05T10:29:34.429191Z","level":"info","event":"Task instance is in running state","logger":"task.stdout"}
{"timestamp":"2026-05-05T10:29:34.430000Z","level":"info","event":" Previous state of the Task instance: TaskInstanceState.QUEUED","logger":"task.stdout"}
{"timestamp":"2026-05-05T10:29:34.430968Z","level":"info","event":"Current task name:print_interval","logger":"task.stdout"}
{"timestamp":"2026-05-05T10:29:34.431679Z","level":"info","event":"Dag name:print_interval_dag","logger":"task.stdout"}
{"timestamp":"2026-05-05T10:29:34.435504Z","level":"info","event":"Interval Start: 2025-05-05 12:00:00+00:00","logger":"task.stdout"}
{"timestamp":"2026-05-05T10:29:34.436272Z","level":"info","event":"Interval End:   2025-05-05 12:00:00+00:00","logger":"task.stdout"}
{"timestamp":"2026-05-05T10:29:34.435097Z","level":"info","event":"Done. Returned value was: None","logger":"airflow.task.operators.airflow.providers.standard.operators.python.PythonOperator","filename":"python.py","lineno":229}
{"timestamp":"2026-05-05T10:29:34.501153Z","level":"info","event":"Task instance in success state","logger":"task.stdout"}
{"timestamp":"2026-05-05T10:29:34.501919Z","level":"info","event":" Previous state of the Task instance: TaskInstanceState.RUNNING","logger":"task.stdout"}
{"timestamp":"2026-05-05T10:29:34.504598Z","level":"info","event":"Task operator:<Task(PythonOperator): print_interval>","logger":"task.stdout"}
{"timestamp":"2026-05-05T12:25:24.568520Z","level":"info","event":"DAG bundles loaded: dags-folder, example_dags","logger":"airflow.dag_processing.bundles.manager.DagBundlesManager","filename":"manager.py","lineno":209}
{"timestamp":"2026-05-05T12:25:24.571310Z","level":"info","event":"Filling up the DagBag from /opt/airflow/dags/print_interval_dag.py","logger":"airflow.dag_processing.dagbag.BundleDagBag","filename":"dagbag.py","lineno":469}
{"timestamp":"2026-05-05T12:25:24.627918Z","level":"info","event":"Task instance is in running state","logger":"task.stdout"}
{"timestamp":"2026-05-05T12:25:24.628595Z","level":"info","event":" Previous state of the Task instance: TaskInstanceState.QUEUED","logger":"task.stdout"}
{"timestamp":"2026-05-05T12:25:24.629371Z","level":"info","event":"Current task name:print_interval","logger":"task.stdout"}
{"timestamp":"2026-05-05T12:25:24.630433Z","level":"info","event":"Dag name:print_interval_dag","logger":"task.stdout"}
{"timestamp":"2026-05-05T12:25:24.633371Z","level":"info","event":"=== ALL AVAILABLE MACROS ===","logger":"task.stdout"}
{"timestamp":"2026-05-05T12:25:24.634962Z","level":"info","event":"dag: <DAG: print_interval_dag>","logger":"task.stdout"}
{"timestamp":"2026-05-05T12:25:24.635653Z","level":"info","event":"inlets: []","logger":"task.stdout"}
{"timestamp":"2026-05-05T12:25:24.636371Z","level":"info","event":"map_index_template: None","logger":"task.stdout"}
{"timestamp":"2026-05-05T12:25:24.636848Z","level":"info","event":"outlets: []","logger":"task.stdout"}
{"timestamp":"2026-05-05T12:25:24.637280Z","level":"info","event":"run_id: scheduled__2025-05-05T12:00:00+00:00","logger":"task.stdout"}
{"timestamp":"2026-05-05T12:25:24.637769Z","level":"info","event":"task: <Task(PythonOperator): print_interval>","logger":"task.stdout"}
{"timestamp":"2026-05-05T12:25:24.638480Z","level":"info","event":"task_instance: id=UUID('019df819-a42d-740c-88a9-4f6eda930655') task_id='print_interval' dag_id='print_interval_dag' run_id='scheduled__2025-05-05T12:00:00+00:00' try_number=1 dag_version_id=UUID('019df815-a045-750b-bac8-47ced7cc6a45') map_index=-1 hostname='86abe326db93' context_carrier={'traceparent': '00-fc8daa2a797e6feb668016a68e39fed2-148b8f72565fcf9c-01'} task=<Task(PythonOperator): print_interval> bundle_instance=LocalDagBundle(name=dags-folder) max_tries=0 start_date=datetime.datetime(2026, 5, 5, 12, 25, 23, 685447, tzinfo=datetime.timezone.utc) end_date=None state=<TaskInstanceState.RUNNING: 'running'> is_mapped=False rendered_map_index=None sentry_integration=''","logger":"task.stdout"}
{"timestamp":"2026-05-05T12:25:24.639433Z","level":"info","event":"ti: id=UUID('019df819-a42d-740c-88a9-4f6eda930655') task_id='print_interval' dag_id='print_interval_dag' run_id='scheduled__2025-05-05T12:00:00+00:00' try_number=1 dag_version_id=UUID('019df815-a045-750b-bac8-47ced7cc6a45') map_index=-1 hostname='86abe326db93' context_carrier={'traceparent': '00-fc8daa2a797e6feb668016a68e39fed2-148b8f72565fcf9c-01'} task=<Task(PythonOperator): print_interval> bundle_instance=LocalDagBundle(name=dags-folder) max_tries=0 start_date=datetime.datetime(2026, 5, 5, 12, 25, 23, 685447, tzinfo=datetime.timezone.utc) end_date=None state=<TaskInstanceState.RUNNING: 'running'> is_mapped=False rendered_map_index=None sentry_integration=''","logger":"task.stdout"}
{"timestamp":"2026-05-05T12:25:24.640211Z","level":"info","event":"outlet_events: OutletEventAccessors(_dict={})","logger":"task.stdout"}
{"timestamp":"2026-05-05T12:25:24.640974Z","level":"info","event":"inlet_events: InletEventsAccessors(_inlets=[], _assets={}, _asset_aliases={})","logger":"task.stdout"}
{"timestamp":"2026-05-05T12:25:24.641407Z","level":"info","event":"macros: <MacrosAccessor (dynamic access to macros)>","logger":"task.stdout"}
{"timestamp":"2026-05-05T12:25:24.641926Z","level":"info","event":"params: {}","logger":"task.stdout"}
{"timestamp":"2026-05-05T12:25:24.642374Z","level":"info","event":"var: {'json': <VariableAccessor (dynamic access)>, 'value': <VariableAccessor (dynamic access)>}","logger":"task.stdout"}
{"timestamp":"2026-05-05T12:25:24.642841Z","level":"info","event":"conn: <ConnectionAccessor (dynamic access)>","logger":"task.stdout"}
{"timestamp":"2026-05-05T12:25:24.643271Z","level":"info","event":"dag_run: dag_id='print_interval_dag' run_id='scheduled__2025-05-05T12:00:00+00:00' logical_date=datetime.datetime(2025, 5, 5, 12, 0, tzinfo=datetime.timezone.utc) data_interval_start=datetime.datetime(2025, 5, 5, 12, 0, tzinfo=datetime.timezone.utc) data_interval_end=datetime.datetime(2025, 5, 5, 12, 0, tzinfo=datetime.timezone.utc) run_after=datetime.datetime(2025, 5, 5, 12, 0, tzinfo=datetime.timezone.utc) start_date=datetime.datetime(2026, 5, 5, 12, 25, 23, 273350, tzinfo=datetime.timezone.utc) end_date=None clear_number=0 run_type=<DagRunType.SCHEDULED: 'scheduled'> state=<DagRunState.RUNNING: 'running'> conf={} triggering_user_name=None consumed_asset_events=[] partition_key=None note=None","logger":"task.stdout"}
{"timestamp":"2026-05-05T12:25:24.643855Z","level":"info","event":"triggering_asset_events: TriggeringAssetEventAccessor(_events=defaultdict(<class 'list'>, {}))","logger":"task.stdout"}
{"timestamp":"2026-05-05T12:25:24.644933Z","level":"info","event":"task_instance_key_str: print_interval_dag__print_interval__20250505","logger":"task.stdout"}
{"timestamp":"2026-05-05T12:25:24.645475Z","level":"info","event":"task_reschedule_count: 0","logger":"task.stdout"}
{"timestamp":"2026-05-05T12:25:24.665363Z","level":"info","event":"prev_start_date_success: 2026-05-05 12:25:22.380201+00:00","logger":"task.stdout"}
{"timestamp":"2026-05-05T12:25:24.666677Z","level":"info","event":"prev_end_date_success: 2026-05-05 12:25:24.313824+00:00","logger":"task.stdout"}
{"timestamp":"2026-05-05T12:25:24.667443Z","level":"info","event":"logical_date: 2025-05-05 12:00:00+00:00","logger":"task.stdout"}
{"timestamp":"2026-05-05T12:25:24.667988Z","level":"info","event":"ds: 2025-05-05","logger":"task.stdout"}
{"timestamp":"2026-05-05T12:25:24.668782Z","level":"info","event":"ds_nodash: 20250505","logger":"task.stdout"}
{"timestamp":"2026-05-05T12:25:24.669231Z","level":"info","event":"ts: 2025-05-05T12:00:00+00:00","logger":"task.stdout"}
{"timestamp":"2026-05-05T12:25:24.669668Z","level":"info","event":"ts_nodash: 20250505T120000","logger":"task.stdout"}
{"timestamp":"2026-05-05T12:25:24.670206Z","level":"info","event":"ts_nodash_with_tz: 20250505T120000+0000","logger":"task.stdout"}
{"timestamp":"2026-05-05T12:25:24.670563Z","level":"info","event":"data_interval_end: 2025-05-05 12:00:00+00:00","logger":"task.stdout"}
{"timestamp":"2026-05-05T12:25:24.671646Z","level":"info","event":"data_interval_start: 2025-05-05 12:00:00+00:00","logger":"task.stdout"}
{"timestamp":"2026-05-05T12:25:24.672164Z","level":"info","event":"prev_data_interval_start_success: 2025-05-05 06:00:00+00:00","logger":"task.stdout"}
{"timestamp":"2026-05-05T12:25:24.672870Z","level":"info","event":"prev_data_interval_end_success: 2025-05-05 06:00:00+00:00","logger":"task.stdout"}
{"timestamp":"2026-05-05T12:25:24.673405Z","level":"info","event":"templates_dict: None","logger":"task.stdout"}
{"timestamp":"2026-05-05T12:25:24.665482Z","level":"info","event":"Done. Returned value was: None","logger":"airflow.task.operators.airflow.providers.standard.operators.python.PythonOperator","filename":"python.py","lineno":229}
{"timestamp":"2026-05-05T12:25:24.755441Z","level":"info","event":"Task instance in success state","logger":"task.stdout"}
{"timestamp":"2026-05-05T12:25:24.757038Z","level":"info","event":" Previous state of the Task instance: TaskInstanceState.RUNNING","logger":"task.stdout"}
{"timestamp":"2026-05-05T12:25:24.759064Z","level":"info","event":"Task operator:<Task(PythonOperator): print_interval>","logger":"task.stdout"}
