{"timestamp":"2026-05-08T17:37:47.047815Z","level":"info","event":"DAG bundles loaded: dags-folder, example_dags","logger":"airflow.dag_processing.bundles.manager.DagBundlesManager","filename":"manager.py","lineno":209}
{"timestamp":"2026-05-08T17:37:47.049292Z","level":"info","event":"Filling up the DagBag from /opt/airflow/dags/csv_upsert_pipeline.py","logger":"airflow.dag_processing.dagbag.BundleDagBag","filename":"dagbag.py","lineno":469}
{"timestamp":"2026-05-08T17:37:47.078622Z","level":"warning","event":"airflow.exceptions.AirflowSkipException is deprecated and will be removed in a future version. Use airflow.sdk.exceptions.AirflowSkipException instead.","category":"UserWarning","filename":"/opt/airflow/dags/csv_upsert_pipeline.py","lineno":7,"logger":"py.warnings"}
{"timestamp":"2026-05-08T17:37:47.135394Z","level":"info","event":"Task instance is in running state","logger":"task.stdout"}
{"timestamp":"2026-05-08T17:37:47.136105Z","level":"info","event":" Previous state of the Task instance: TaskInstanceState.QUEUED","logger":"task.stdout"}
{"timestamp":"2026-05-08T17:37:47.136739Z","level":"info","event":"Current task name:process_partition","logger":"task.stdout"}
{"timestamp":"2026-05-08T17:37:47.137304Z","level":"info","event":"Dag name:csv_upsert_pipeline","logger":"task.stdout"}
{"timestamp":"2026-05-08T17:37:47.140933Z","level":"info","event":"[INFO] data_interval_start : 2026-05-02 17:00:00+00:00","logger":"task.stdout"}
{"timestamp":"2026-05-08T17:37:47.141626Z","level":"info","event":"[INFO] data_interval_end   : 2026-05-02 17:00:00+00:00","logger":"task.stdout"}
{"timestamp":"2026-05-08T17:37:47.141996Z","level":"info","event":"[INFO] Processing partition: /data/time_stamp=2026-05-02-17","logger":"task.stdout"}
{"timestamp":"2026-05-08T17:37:47.142749Z","level":"info","event":"[INFO] Sorted files: ['data_1.csv', 'data_2.csv', 'data_3.csv', 'data_4.csv', 'data_5.csv']","logger":"task.stdout"}
{"timestamp":"2026-05-08T17:37:47.146455Z","level":"info","event":"[INFO] Read data_1.csv  (index=1)","logger":"task.stdout"}
{"timestamp":"2026-05-08T17:37:47.149282Z","level":"info","event":"[INFO] Read data_2.csv  (index=2)","logger":"task.stdout"}
{"timestamp":"2026-05-08T17:37:47.151453Z","level":"info","event":"[INFO] Read data_3.csv  (index=3)","logger":"task.stdout"}
{"timestamp":"2026-05-08T17:37:47.156724Z","level":"info","event":"[INFO] Read data_4.csv  (index=4)","logger":"task.stdout"}
{"timestamp":"2026-05-08T17:37:47.159182Z","level":"info","event":"[INFO] Read data_5.csv  (index=5)","logger":"task.stdout"}
{"timestamp":"2026-05-08T17:37:47.159810Z","level":"info","event":"[INFO] Resolved 20 unique IDs for this run:","logger":"task.stdout"}
{"timestamp":"2026-05-08T17:37:47.161104Z","level":"info","event":"       id=1 → {'id': '1', 'name': 'Diana', 'age': '25', 'department': 'Engineering', 'salary': '52207.05', 'working_hours': '36.3'}","logger":"task.stdout"}
{"timestamp":"2026-05-08T17:37:47.161696Z","level":"info","event":"       id=2 → {'id': '2', 'name': 'Hank', 'age': '56', 'department': 'Engineering', 'salary': '34537.45', 'working_hours': '29.2'}","logger":"task.stdout"}
{"timestamp":"2026-05-08T17:37:47.162797Z","level":"info","event":"       id=3 → {'id': '3', 'name': 'Charlie', 'age': '45', 'department': 'Finance', 'salary': '38604.29', 'working_hours': '47.3'}","logger":"task.stdout"}
{"timestamp":"2026-05-08T17:37:47.163971Z","level":"info","event":"       id=4 → {'id': '4', 'name': 'Hank', 'age': '49', 'department': 'Finance', 'salary': '61821.16', 'working_hours': '31.0'}","logger":"task.stdout"}
{"timestamp":"2026-05-08T17:37:47.164733Z","level":"info","event":"       id=5 → {'id': '5', 'name': 'Alice', 'age': '25', 'department': 'Engineering', 'salary': '109834.68', 'working_hours': '20.1'}","logger":"task.stdout"}
{"timestamp":"2026-05-08T17:37:47.165450Z","level":"info","event":"       id=6 → {'id': '6', 'name': 'Alice', 'age': '36', 'department': 'Sales', 'salary': '32663.93', 'working_hours': '31.6'}","logger":"task.stdout"}
{"timestamp":"2026-05-08T17:37:47.166509Z","level":"info","event":"       id=7 → {'id': '7', 'name': 'Alice', 'age': '37', 'department': 'Operations', 'salary': '118482.91', 'working_hours': '21.3'}","logger":"task.stdout"}
{"timestamp":"2026-05-08T17:37:47.167969Z","level":"info","event":"       id=8 → {'id': '8', 'name': 'Hank', 'age': '54', 'department': 'Sales', 'salary': '66263.56', 'working_hours': '34.9'}","logger":"task.stdout"}
{"timestamp":"2026-05-08T17:37:47.168864Z","level":"info","event":"       id=9 → {'id': '9', 'name': 'Eve', 'age': '53', 'department': 'Engineering', 'salary': '74408.38', 'working_hours': '45.8'}","logger":"task.stdout"}
{"timestamp":"2026-05-08T17:37:47.169451Z","level":"info","event":"       id=10 → {'id': '10', 'name': 'Frank', 'age': '22', 'department': 'Marketing', 'salary': '90700.45', 'working_hours': '41.9'}","logger":"task.stdout"}
{"timestamp":"2026-05-08T17:37:47.170063Z","level":"info","event":"       id=11 → {'id': '11', 'name': 'Charlie', 'age': '40', 'department': 'Finance', 'salary': '94435.11', 'working_hours': '59.6'}","logger":"task.stdout"}
{"timestamp":"2026-05-08T17:37:47.170942Z","level":"info","event":"       id=12 → {'id': '12', 'name': 'Bob', 'age': '48', 'department': 'HR', 'salary': '86462.71', 'working_hours': '37.5'}","logger":"task.stdout"}
{"timestamp":"2026-05-08T17:37:47.171718Z","level":"info","event":"       id=13 → {'id': '13', 'name': 'Eve', 'age': '28', 'department': 'Operations', 'salary': '92881.1', 'working_hours': '39.0'}","logger":"task.stdout"}
{"timestamp":"2026-05-08T17:37:47.172295Z","level":"info","event":"       id=14 → {'id': '14', 'name': 'Eve', 'age': '24', 'department': 'Engineering', 'salary': '75835.15', 'working_hours': '38.9'}","logger":"task.stdout"}
{"timestamp":"2026-05-08T17:37:47.173316Z","level":"info","event":"       id=15 → {'id': '15', 'name': 'Ivy', 'age': '28', 'department': 'Sales', 'salary': '77216.69', 'working_hours': '32.7'}","logger":"task.stdout"}
{"timestamp":"2026-05-08T17:37:47.174295Z","level":"info","event":"       id=16 → {'id': '16', 'name': 'Frank', 'age': '52', 'department': 'Operations', 'salary': '96687.52', 'working_hours': '47.5'}","logger":"task.stdout"}
{"timestamp":"2026-05-08T17:37:47.174919Z","level":"info","event":"       id=17 → {'id': '17', 'name': 'Hank', 'age': '28', 'department': 'Operations', 'salary': '60591.0', 'working_hours': '43.6'}","logger":"task.stdout"}
{"timestamp":"2026-05-08T17:37:47.175416Z","level":"info","event":"       id=18 → {'id': '18', 'name': 'Ivy', 'age': '55', 'department': 'HR', 'salary': '33847.41', 'working_hours': '46.8'}","logger":"task.stdout"}
{"timestamp":"2026-05-08T17:37:47.176056Z","level":"info","event":"       id=19 → {'id': '19', 'name': 'Frank', 'age': '50', 'department': 'Operations', 'salary': '110632.66', 'working_hours': '33.6'}","logger":"task.stdout"}
{"timestamp":"2026-05-08T17:37:47.177064Z","level":"info","event":"       id=20 → {'id': '20', 'name': 'Ivy', 'age': '29', 'department': 'Engineering', 'salary': '92768.22', 'working_hours': '42.8'}","logger":"task.stdout"}
{"timestamp":"2026-05-08T17:37:47.178153Z","level":"info","event":"[INFO] result.csv mil gayi — upsert karte hain.","logger":"task.stdout"}
{"timestamp":"2026-05-08T17:37:47.178994Z","level":"info","event":"[INFO] Existing result.csv mein 20 rows hain.","logger":"task.stdout"}
{"timestamp":"2026-05-08T17:37:47.179397Z","level":"info","event":"       UPDATE  id=1","logger":"task.stdout"}
{"timestamp":"2026-05-08T17:37:47.179970Z","level":"info","event":"       UPDATE  id=2","logger":"task.stdout"}
{"timestamp":"2026-05-08T17:37:47.180374Z","level":"info","event":"       UPDATE  id=3","logger":"task.stdout"}
{"timestamp":"2026-05-08T17:37:47.180822Z","level":"info","event":"       UPDATE  id=4","logger":"task.stdout"}
{"timestamp":"2026-05-08T17:37:47.181129Z","level":"info","event":"       UPDATE  id=5","logger":"task.stdout"}
{"timestamp":"2026-05-08T17:37:47.181522Z","level":"info","event":"       UPDATE  id=6","logger":"task.stdout"}
{"timestamp":"2026-05-08T17:37:47.181966Z","level":"info","event":"       UPDATE  id=7","logger":"task.stdout"}
{"timestamp":"2026-05-08T17:37:47.182682Z","level":"info","event":"       UPDATE  id=8","logger":"task.stdout"}
{"timestamp":"2026-05-08T17:37:47.183372Z","level":"info","event":"       UPDATE  id=9","logger":"task.stdout"}
{"timestamp":"2026-05-08T17:37:47.184711Z","level":"info","event":"       UPDATE  id=10","logger":"task.stdout"}
{"timestamp":"2026-05-08T17:37:47.185250Z","level":"info","event":"       UPDATE  id=11","logger":"task.stdout"}
{"timestamp":"2026-05-08T17:37:47.185960Z","level":"info","event":"       UPDATE  id=12","logger":"task.stdout"}
{"timestamp":"2026-05-08T17:37:47.186433Z","level":"info","event":"       UPDATE  id=13","logger":"task.stdout"}
{"timestamp":"2026-05-08T17:37:47.187391Z","level":"info","event":"       UPDATE  id=14","logger":"task.stdout"}
{"timestamp":"2026-05-08T17:37:47.188012Z","level":"info","event":"       UPDATE  id=15","logger":"task.stdout"}
{"timestamp":"2026-05-08T17:37:47.188658Z","level":"info","event":"       UPDATE  id=16","logger":"task.stdout"}
{"timestamp":"2026-05-08T17:37:47.189072Z","level":"info","event":"       UPDATE  id=17","logger":"task.stdout"}
{"timestamp":"2026-05-08T17:37:47.189738Z","level":"info","event":"       UPDATE  id=18","logger":"task.stdout"}
{"timestamp":"2026-05-08T17:37:47.190122Z","level":"info","event":"       UPDATE  id=19","logger":"task.stdout"}
{"timestamp":"2026-05-08T17:37:47.190532Z","level":"info","event":"       UPDATE  id=20","logger":"task.stdout"}
{"timestamp":"2026-05-08T17:37:47.191774Z","level":"info","event":"[INFO] result.csv updated — total 20 rows.","logger":"task.stdout"}
{"timestamp":"2026-05-08T17:37:47.167481Z","level":"info","event":"Done. Returned value was: None","logger":"airflow.task.operators.airflow.providers.standard.operators.python.PythonOperator","filename":"python.py","lineno":229}
{"timestamp":"2026-05-08T17:37:47.251604Z","level":"info","event":"Task instance in success state","logger":"task.stdout"}
{"timestamp":"2026-05-08T17:37:47.257029Z","level":"info","event":" Previous state of the Task instance: TaskInstanceState.RUNNING","logger":"task.stdout"}
{"timestamp":"2026-05-08T17:37:47.258005Z","level":"info","event":"Task operator:<Task(PythonOperator): process_partition>","logger":"task.stdout"}
{"timestamp":"2026-05-11T16:46:49.662120Z","level":"info","event":"DAG bundles loaded: dags-folder, example_dags","logger":"airflow.dag_processing.bundles.manager.DagBundlesManager","filename":"manager.py","lineno":209}
{"timestamp":"2026-05-11T16:46:49.663993Z","level":"info","event":"Filling up the DagBag from /opt/airflow/dags/__pycache__/csv_upsert_pipeline.py","logger":"airflow.dag_processing.dagbag.BundleDagBag","filename":"dagbag.py","lineno":469}
{"timestamp":"2026-05-11T16:46:49.674063Z","level":"warning","event":"airflow.exceptions.AirflowSkipException is deprecated and will be removed in a future version. Use airflow.sdk.exceptions.AirflowSkipException instead.","category":"UserWarning","filename":"/opt/airflow/dags/__pycache__/csv_upsert_pipeline.py","lineno":7,"logger":"py.warnings"}
{"timestamp":"2026-05-11T16:46:49.737510Z","level":"info","event":"Task instance is in running state","logger":"task.stdout"}
{"timestamp":"2026-05-11T16:46:49.738541Z","level":"info","event":" Previous state of the Task instance: TaskInstanceState.QUEUED","logger":"task.stdout"}
{"timestamp":"2026-05-11T16:46:49.743560Z","level":"info","event":"Current task name:process_partition","logger":"task.stdout"}
{"timestamp":"2026-05-11T16:46:49.745029Z","level":"info","event":"Dag name:csv_upsert_pipeline","logger":"task.stdout"}
{"timestamp":"2026-05-11T16:46:49.746606Z","level":"info","event":"[INFO] data_interval_start : 2026-05-02 17:00:00+00:00","logger":"task.stdout"}
{"timestamp":"2026-05-11T16:46:49.749110Z","level":"info","event":"[INFO] data_interval_end   : 2026-05-02 17:00:00+00:00","logger":"task.stdout"}
{"timestamp":"2026-05-11T16:46:49.754542Z","level":"info","event":"[INFO] Processing partition: /data/time_stamp=2026-05-02-17","logger":"task.stdout"}
{"timestamp":"2026-05-11T16:46:49.756913Z","level":"info","event":"[INFO] Sorted files: ['data_1.csv', 'data_2.csv', 'data_3.csv', 'data_4.csv', 'data_5.csv']","logger":"task.stdout"}
{"timestamp":"2026-05-11T16:46:49.757348Z","level":"info","event":"[INFO] Read data_1.csv  (index=1)","logger":"task.stdout"}
{"timestamp":"2026-05-11T16:46:49.762503Z","level":"info","event":"[INFO] Read data_2.csv  (index=2)","logger":"task.stdout"}
{"timestamp":"2026-05-11T16:46:49.763115Z","level":"info","event":"[INFO] Read data_3.csv  (index=3)","logger":"task.stdout"}
{"timestamp":"2026-05-11T16:46:49.763665Z","level":"info","event":"[INFO] Read data_4.csv  (index=4)","logger":"task.stdout"}
{"timestamp":"2026-05-11T16:46:49.764606Z","level":"info","event":"[INFO] Read data_5.csv  (index=5)","logger":"task.stdout"}
{"timestamp":"2026-05-11T16:46:49.765055Z","level":"info","event":"[INFO] Resolved 20 unique IDs for this run:","logger":"task.stdout"}
{"timestamp":"2026-05-11T16:46:49.767434Z","level":"info","event":"       id=1 → {'id': '1', 'name': 'Diana', 'age': '25', 'department': 'Engineering', 'salary': '52207.05', 'working_hours': '36.3'}","logger":"task.stdout"}
{"timestamp":"2026-05-11T16:46:49.767880Z","level":"info","event":"       id=2 → {'id': '2', 'name': 'Hank', 'age': '56', 'department': 'Engineering', 'salary': '34537.45', 'working_hours': '29.2'}","logger":"task.stdout"}
{"timestamp":"2026-05-11T16:46:49.768249Z","level":"info","event":"       id=3 → {'id': '3', 'name': 'Charlie', 'age': '45', 'department': 'Finance', 'salary': '38604.29', 'working_hours': '47.3'}","logger":"task.stdout"}
{"timestamp":"2026-05-11T16:46:49.768655Z","level":"info","event":"       id=4 → {'id': '4', 'name': 'Hank', 'age': '49', 'department': 'Finance', 'salary': '61821.16', 'working_hours': '31.0'}","logger":"task.stdout"}
{"timestamp":"2026-05-11T16:46:49.771541Z","level":"info","event":"       id=5 → {'id': '5', 'name': 'Alice', 'age': '25', 'department': 'Engineering', 'salary': '109834.68', 'working_hours': '20.1'}","logger":"task.stdout"}
{"timestamp":"2026-05-11T16:46:49.772012Z","level":"info","event":"       id=6 → {'id': '6', 'name': 'Alice', 'age': '36', 'department': 'Sales', 'salary': '32663.93', 'working_hours': '31.6'}","logger":"task.stdout"}
{"timestamp":"2026-05-11T16:46:49.772558Z","level":"info","event":"       id=7 → {'id': '7', 'name': 'Alice', 'age': '37', 'department': 'Operations', 'salary': '118482.91', 'working_hours': '21.3'}","logger":"task.stdout"}
{"timestamp":"2026-05-11T16:46:49.772898Z","level":"info","event":"       id=8 → {'id': '8', 'name': 'Hank', 'age': '54', 'department': 'Sales', 'salary': '66263.56', 'working_hours': '34.9'}","logger":"task.stdout"}
{"timestamp":"2026-05-11T16:46:49.773201Z","level":"info","event":"       id=9 → {'id': '9', 'name': 'Eve', 'age': '53', 'department': 'Engineering', 'salary': '74408.38', 'working_hours': '45.8'}","logger":"task.stdout"}
{"timestamp":"2026-05-11T16:46:49.774675Z","level":"info","event":"       id=10 → {'id': '10', 'name': 'Frank', 'age': '22', 'department': 'Marketing', 'salary': '90700.45', 'working_hours': '41.9'}","logger":"task.stdout"}
{"timestamp":"2026-05-11T16:46:49.775111Z","level":"info","event":"       id=11 → {'id': '11', 'name': 'Charlie', 'age': '40', 'department': 'Finance', 'salary': '94435.11', 'working_hours': '59.6'}","logger":"task.stdout"}
{"timestamp":"2026-05-11T16:46:49.775496Z","level":"info","event":"       id=12 → {'id': '12', 'name': 'Bob', 'age': '48', 'department': 'HR', 'salary': '86462.71', 'working_hours': '37.5'}","logger":"task.stdout"}
{"timestamp":"2026-05-11T16:46:49.775889Z","level":"info","event":"       id=13 → {'id': '13', 'name': 'Eve', 'age': '28', 'department': 'Operations', 'salary': '92881.1', 'working_hours': '39.0'}","logger":"task.stdout"}
{"timestamp":"2026-05-11T16:46:49.777529Z","level":"info","event":"       id=14 → {'id': '14', 'name': 'Eve', 'age': '24', 'department': 'Engineering', 'salary': '75835.15', 'working_hours': '38.9'}","logger":"task.stdout"}
{"timestamp":"2026-05-11T16:46:49.778075Z","level":"info","event":"       id=15 → {'id': '15', 'name': 'Ivy', 'age': '28', 'department': 'Sales', 'salary': '77216.69', 'working_hours': '32.7'}","logger":"task.stdout"}
{"timestamp":"2026-05-11T16:46:49.780959Z","level":"info","event":"       id=16 → {'id': '16', 'name': 'Frank', 'age': '52', 'department': 'Operations', 'salary': '96687.52', 'working_hours': '47.5'}","logger":"task.stdout"}
{"timestamp":"2026-05-11T16:46:49.781488Z","level":"info","event":"       id=17 → {'id': '17', 'name': 'Hank', 'age': '28', 'department': 'Operations', 'salary': '60591.0', 'working_hours': '43.6'}","logger":"task.stdout"}
{"timestamp":"2026-05-11T16:46:49.783662Z","level":"info","event":"       id=18 → {'id': '18', 'name': 'Ivy', 'age': '55', 'department': 'HR', 'salary': '33847.41', 'working_hours': '46.8'}","logger":"task.stdout"}
{"timestamp":"2026-05-11T16:46:49.784300Z","level":"info","event":"       id=19 → {'id': '19', 'name': 'Frank', 'age': '50', 'department': 'Operations', 'salary': '110632.66', 'working_hours': '33.6'}","logger":"task.stdout"}
{"timestamp":"2026-05-11T16:46:49.784760Z","level":"info","event":"       id=20 → {'id': '20', 'name': 'Ivy', 'age': '29', 'department': 'Engineering', 'salary': '92768.22', 'working_hours': '42.8'}","logger":"task.stdout"}
{"timestamp":"2026-05-11T16:46:49.785708Z","level":"info","event":"[INFO] result.csv found — upsert.","logger":"task.stdout"}
{"timestamp":"2026-05-11T16:46:49.786226Z","level":"info","event":"[INFO] In existing result.csv 20 rows.","logger":"task.stdout"}
{"timestamp":"2026-05-11T16:46:49.788501Z","level":"info","event":"       UPDATE  id=1","logger":"task.stdout"}
{"timestamp":"2026-05-11T16:46:49.789014Z","level":"info","event":"       UPDATE  id=2","logger":"task.stdout"}
{"timestamp":"2026-05-11T16:46:49.789393Z","level":"info","event":"       UPDATE  id=3","logger":"task.stdout"}
{"timestamp":"2026-05-11T16:46:49.790390Z","level":"info","event":"       UPDATE  id=4","logger":"task.stdout"}
{"timestamp":"2026-05-11T16:46:49.790791Z","level":"info","event":"       UPDATE  id=5","logger":"task.stdout"}
{"timestamp":"2026-05-11T16:46:49.791098Z","level":"info","event":"       UPDATE  id=6","logger":"task.stdout"}
{"timestamp":"2026-05-11T16:46:49.792457Z","level":"info","event":"       UPDATE  id=7","logger":"task.stdout"}
{"timestamp":"2026-05-11T16:46:49.792905Z","level":"info","event":"       UPDATE  id=8","logger":"task.stdout"}
{"timestamp":"2026-05-11T16:46:49.793267Z","level":"info","event":"       UPDATE  id=9","logger":"task.stdout"}
{"timestamp":"2026-05-11T16:46:49.794541Z","level":"info","event":"       UPDATE  id=10","logger":"task.stdout"}
{"timestamp":"2026-05-11T16:46:49.794990Z","level":"info","event":"       UPDATE  id=11","logger":"task.stdout"}
{"timestamp":"2026-05-11T16:46:49.795414Z","level":"info","event":"       UPDATE  id=12","logger":"task.stdout"}
{"timestamp":"2026-05-11T16:46:49.796540Z","level":"info","event":"       UPDATE  id=13","logger":"task.stdout"}
{"timestamp":"2026-05-11T16:46:49.796990Z","level":"info","event":"       UPDATE  id=14","logger":"task.stdout"}
{"timestamp":"2026-05-11T16:46:49.797404Z","level":"info","event":"       UPDATE  id=15","logger":"task.stdout"}
{"timestamp":"2026-05-11T16:46:49.799749Z","level":"info","event":"       UPDATE  id=16","logger":"task.stdout"}
{"timestamp":"2026-05-11T16:46:49.800284Z","level":"info","event":"       UPDATE  id=17","logger":"task.stdout"}
{"timestamp":"2026-05-11T16:46:49.800813Z","level":"info","event":"       UPDATE  id=18","logger":"task.stdout"}
{"timestamp":"2026-05-11T16:46:49.801323Z","level":"info","event":"       UPDATE  id=19","logger":"task.stdout"}
{"timestamp":"2026-05-11T16:46:49.802677Z","level":"info","event":"       UPDATE  id=20","logger":"task.stdout"}
{"timestamp":"2026-05-11T16:46:49.803175Z","level":"info","event":"[INFO] result.csv updated — total 20 rows.","logger":"task.stdout"}
{"timestamp":"2026-05-11T16:46:49.771884Z","level":"info","event":"Done. Returned value was: None","logger":"airflow.task.operators.airflow.providers.standard.operators.python.PythonOperator","filename":"python.py","lineno":229}
{"timestamp":"2026-05-11T16:46:49.840660Z","level":"info","event":"Task instance in success state","logger":"task.stdout"}
{"timestamp":"2026-05-11T16:46:49.841885Z","level":"info","event":" Previous state of the Task instance: TaskInstanceState.RUNNING","logger":"task.stdout"}
{"timestamp":"2026-05-11T16:46:49.842877Z","level":"info","event":"Task operator:<Task(PythonOperator): process_partition>","logger":"task.stdout"}
{"timestamp":"2026-05-11T17:17:24.496616Z","level":"info","event":"DAG bundles loaded: dags-folder, example_dags","logger":"airflow.dag_processing.bundles.manager.DagBundlesManager","filename":"manager.py","lineno":209}
{"timestamp":"2026-05-11T17:17:24.498924Z","level":"info","event":"Filling up the DagBag from /opt/airflow/dags/csv_upsert_pipeline.py","logger":"airflow.dag_processing.dagbag.BundleDagBag","filename":"dagbag.py","lineno":469}
{"timestamp":"2026-05-11T17:17:24.804079Z","level":"info","event":"Task instance is in running state","logger":"task.stdout"}
{"timestamp":"2026-05-11T17:17:24.805005Z","level":"info","event":" Previous state of the Task instance: TaskInstanceState.QUEUED","logger":"task.stdout"}
{"timestamp":"2026-05-11T17:17:24.807389Z","level":"info","event":"Current task name:process_partition","logger":"task.stdout"}
{"timestamp":"2026-05-11T17:17:24.807983Z","level":"info","event":"Dag name:csv_upsert_pipeline","logger":"task.stdout"}
{"timestamp":"2026-05-11T17:17:24.812661Z","level":"info","event":"[INFO] data_interval_start : 2026-05-02 17:00:00+00:00","logger":"task.stdout"}
{"timestamp":"2026-05-11T17:17:24.816849Z","level":"info","event":"[INFO] data_interval_end   : 2026-05-02 17:00:00+00:00","logger":"task.stdout"}
{"timestamp":"2026-05-11T17:17:24.818807Z","level":"info","event":"[INFO] Processing partition: /data/time_stamp=2026-05-02-17","logger":"task.stdout"}
{"timestamp":"2026-05-11T17:17:33.895313Z","level":"error","event":"Setting default log level to \"WARN\".","logger":"task.stderr"}
{"timestamp":"2026-05-11T17:17:33.895961Z","level":"error","event":"To adjust logging level use sc.setLogLevel(newLevel). For SparkR, use setLogLevel(newLevel).","logger":"task.stderr"}
{"timestamp":"2026-05-11T17:17:34.981604Z","level":"error","event":"26/05/11 17:17:34 WARN NativeCodeLoader: Unable to load native-hadoop library for your platform... using builtin-java classes where applicable","logger":"task.stderr"}
{"timestamp":"2026-05-11T17:17:41.616144Z","level":"error","event":"26/05/11 17:17:41 WARN Utils: Service 'SparkUI' could not bind on port 4040. Attempting port 4041.","logger":"task.stderr"}
{"timestamp":"2026-05-11T17:18:28.886342Z","level":"info","event":"[INFO] Total rows read: 77","logger":"task.stdout"}
{"timestamp":"2026-05-11T17:18:42.485617Z","level":"info","event":"[INFO] Resolved 20 unique IDs.","logger":"task.stdout"}
{"timestamp":"2026-05-11T17:18:42.488457Z","level":"info","event":"[INFO] result.csv not found — create new.","logger":"task.stdout"}
{"timestamp":"2026-05-11T17:18:50.999623Z","level":"error","event":"\r[Stage 0:>                                                          (0 + 0) / 1]\r\r[Stage 0:>                                                          (0 + 1) / 1]\r\r                                                                                \r\r[Stage 1:>                                                          (0 + 5) / 5]\r\r                                                                                \r\r[Stage 2:>                                                          (0 + 5) / 5]\r\r[Stage 2:===============================================>           (4 + 1) / 5]\r\r[Stage 4:>                                                          (0 + 1) / 1]\r\r                                                                                \r\r[Stage 5:>                                                          (0 + 5) / 5]\r\r[Stage 5:===========>                                               (1 + 4) / 5]\r\r[Stage 7:>                                                          (0 + 1) / 1]\r\r[Stage 10:>                                                         (0 + 1) / 1]\r\r                                                                                \r\r[Stage 11:>                                                         (0 + 5) / 5]\r\r[Stage 11:=======================>                                  (2 + 3) / 5]\r\r[Stage 13:>                                                         (0 + 0) / 1]\r\r[Stage 13:>                                                         (0 + 1) / 1]\r26/05/11 17:18:50 WARN BasicWriteTaskStatsTracker: Expected 1 files, but only saw 0. This could be due to the output format not writing empty files, or files being not immediately visible in the filesystem.","logger":"task.stderr"}
{"timestamp":"2026-05-11T17:18:51.312442Z","level":"error","event":"\r                                                                                \r26/05/11 17:18:51 ERROR FileFormatWriter: Aborting job 9777deb1-74f6-46f1-a786-62f157edffb2.","logger":"task.stderr"}
{"timestamp":"2026-05-11T17:18:51.313071Z","level":"error","event":"java.io.FileNotFoundException: File file:/output/result/_temporary/0 does not exist","logger":"task.stderr"}
{"timestamp":"2026-05-11T17:18:51.313701Z","level":"error","event":"\tat org.apache.hadoop.fs.RawLocalFileSystem.listStatus(RawLocalFileSystem.java:597)","logger":"task.stderr"}
{"timestamp":"2026-05-11T17:18:51.314319Z","level":"error","event":"\tat org.apache.hadoop.fs.FileSystem.listStatus(FileSystem.java:1972)","logger":"task.stderr"}
{"timestamp":"2026-05-11T17:18:51.314842Z","level":"error","event":"\tat org.apache.hadoop.fs.FileSystem.listStatus(FileSystem.java:2014)","logger":"task.stderr"}
{"timestamp":"2026-05-11T17:18:51.315444Z","level":"error","event":"\tat org.apache.hadoop.fs.ChecksumFileSystem.listStatus(ChecksumFileSystem.java:761)","logger":"task.stderr"}
{"timestamp":"2026-05-11T17:18:51.315925Z","level":"error","event":"\tat org.apache.hadoop.fs.FileSystem.listStatus(FileSystem.java:1972)","logger":"task.stderr"}
{"timestamp":"2026-05-11T17:18:51.316522Z","level":"error","event":"\tat org.apache.hadoop.fs.FileSystem.listStatus(FileSystem.java:2014)","logger":"task.stderr"}
{"timestamp":"2026-05-11T17:18:51.317221Z","level":"error","event":"\tat org.apache.hadoop.mapreduce.lib.output.FileOutputCommitter.getAllCommittedTaskPaths(FileOutputCommitter.java:334)","logger":"task.stderr"}
{"timestamp":"2026-05-11T17:18:51.319100Z","level":"error","event":"\tat org.apache.hadoop.mapreduce.lib.output.FileOutputCommitter.commitJobInternal(FileOutputCommitter.java:404)","logger":"task.stderr"}
{"timestamp":"2026-05-11T17:18:51.319893Z","level":"error","event":"\tat org.apache.hadoop.mapreduce.lib.output.FileOutputCommitter.commitJob(FileOutputCommitter.java:377)","logger":"task.stderr"}
{"timestamp":"2026-05-11T17:18:51.323466Z","level":"error","event":"\tat org.apache.spark.internal.io.HadoopMapReduceCommitProtocol.commitJob(HadoopMapReduceCommitProtocol.scala:192)","logger":"task.stderr"}
{"timestamp":"2026-05-11T17:18:51.325079Z","level":"error","event":"\tat org.apache.spark.sql.execution.datasources.FileFormatWriter$.$anonfun$writeAndCommit$3(FileFormatWriter.scala:275)","logger":"task.stderr"}
{"timestamp":"2026-05-11T17:18:51.325732Z","level":"error","event":"\tat scala.runtime.java8.JFunction0$mcV$sp.apply(JFunction0$mcV$sp.java:23)","logger":"task.stderr"}
{"timestamp":"2026-05-11T17:18:51.326294Z","level":"error","event":"\tat org.apache.spark.util.Utils$.timeTakenMs(Utils.scala:552)","logger":"task.stderr"}
{"timestamp":"2026-05-11T17:18:51.326782Z","level":"error","event":"\tat org.apache.spark.sql.execution.datasources.FileFormatWriter$.writeAndCommit(FileFormatWriter.scala:275)","logger":"task.stderr"}
{"timestamp":"2026-05-11T17:18:51.327285Z","level":"error","event":"\tat org.apache.spark.sql.execution.datasources.FileFormatWriter$.executeWrite(FileFormatWriter.scala:304)","logger":"task.stderr"}
{"timestamp":"2026-05-11T17:18:51.327886Z","level":"error","event":"\tat org.apache.spark.sql.execution.datasources.FileFormatWriter$.write(FileFormatWriter.scala:190)","logger":"task.stderr"}
{"timestamp":"2026-05-11T17:18:51.328759Z","level":"error","event":"\tat org.apache.spark.sql.execution.datasources.InsertIntoHadoopFsRelationCommand.run(InsertIntoHadoopFsRelationCommand.scala:190)","logger":"task.stderr"}
{"timestamp":"2026-05-11T17:18:51.329333Z","level":"error","event":"\tat org.apache.spark.sql.execution.command.DataWritingCommandExec.sideEffectResult$lzycompute(commands.scala:113)","logger":"task.stderr"}
{"timestamp":"2026-05-11T17:18:51.329777Z","level":"error","event":"\tat org.apache.spark.sql.execution.command.DataWritingCommandExec.sideEffectResult(commands.scala:111)","logger":"task.stderr"}
{"timestamp":"2026-05-11T17:18:51.330975Z","level":"error","event":"\tat org.apache.spark.sql.execution.command.DataWritingCommandExec.executeCollect(commands.scala:125)","logger":"task.stderr"}
{"timestamp":"2026-05-11T17:18:51.334316Z","level":"error","event":"\tat org.apache.spark.sql.execution.adaptive.AdaptiveSparkPlanExec.$anonfun$executeCollect$1(AdaptiveSparkPlanExec.scala:390)","logger":"task.stderr"}
{"timestamp":"2026-05-11T17:18:51.338318Z","level":"error","event":"\tat org.apache.spark.sql.execution.adaptive.AdaptiveSparkPlanExec.withFinalPlanUpdate(AdaptiveSparkPlanExec.scala:418)","logger":"task.stderr"}
{"timestamp":"2026-05-11T17:18:51.339013Z","level":"error","event":"\tat org.apache.spark.sql.execution.adaptive.AdaptiveSparkPlanExec.executeCollect(AdaptiveSparkPlanExec.scala:390)","logger":"task.stderr"}
{"timestamp":"2026-05-11T17:18:51.339584Z","level":"error","event":"\tat org.apache.spark.sql.execution.QueryExecution$$anonfun$eagerlyExecuteCommands$1.$anonfun$applyOrElse$1(QueryExecution.scala:107)","logger":"task.stderr"}
{"timestamp":"2026-05-11T17:18:51.340025Z","level":"error","event":"\tat org.apache.spark.sql.execution.SQLExecution$.$anonfun$withNewExecutionId$6(SQLExecution.scala:125)","logger":"task.stderr"}
{"timestamp":"2026-05-11T17:18:51.347323Z","level":"error","event":"\tat org.apache.spark.sql.execution.SQLExecution$.withSQLConfPropagated(SQLExecution.scala:201)","logger":"task.stderr"}
{"timestamp":"2026-05-11T17:18:51.350769Z","level":"error","event":"\tat org.apache.spark.sql.execution.SQLExecution$.$anonfun$withNewExecutionId$1(SQLExecution.scala:108)","logger":"task.stderr"}
{"timestamp":"2026-05-11T17:18:51.353753Z","level":"error","event":"\tat org.apache.spark.sql.SparkSession.withActive(SparkSession.scala:900)","logger":"task.stderr"}
{"timestamp":"2026-05-11T17:18:51.354375Z","level":"error","event":"\tat org.apache.spark.sql.execution.SQLExecution$.withNewExecutionId(SQLExecution.scala:66)","logger":"task.stderr"}
{"timestamp":"2026-05-11T17:18:51.358322Z","level":"error","event":"\tat org.apache.spark.sql.execution.QueryExecution$$anonfun$eagerlyExecuteCommands$1.applyOrElse(QueryExecution.scala:107)","logger":"task.stderr"}
{"timestamp":"2026-05-11T17:18:51.364754Z","level":"error","event":"\tat org.apache.spark.sql.execution.QueryExecution$$anonfun$eagerlyExecuteCommands$1.applyOrElse(QueryExecution.scala:98)","logger":"task.stderr"}
{"timestamp":"2026-05-11T17:18:51.365349Z","level":"error","event":"\tat org.apache.spark.sql.catalyst.trees.TreeNode.$anonfun$transformDownWithPruning$1(TreeNode.scala:461)","logger":"task.stderr"}
{"timestamp":"2026-05-11T17:18:51.365823Z","level":"error","event":"\tat org.apache.spark.sql.catalyst.trees.CurrentOrigin$.withOrigin(origin.scala:76)","logger":"task.stderr"}
{"timestamp":"2026-05-11T17:18:51.374511Z","level":"error","event":"\tat org.apache.spark.sql.catalyst.trees.TreeNode.transformDownWithPruning(TreeNode.scala:461)","logger":"task.stderr"}
{"timestamp":"2026-05-11T17:18:51.379594Z","level":"error","event":"\tat org.apache.spark.sql.catalyst.plans.logical.LogicalPlan.org$apache$spark$sql$catalyst$plans$logical$AnalysisHelper$$super$transformDownWithPruning(LogicalPlan.scala:32)","logger":"task.stderr"}
{"timestamp":"2026-05-11T17:18:51.383261Z","level":"error","event":"\tat org.apache.spark.sql.catalyst.plans.logical.AnalysisHelper.transformDownWithPruning(AnalysisHelper.scala:267)","logger":"task.stderr"}
{"timestamp":"2026-05-11T17:18:51.393883Z","level":"error","event":"\tat org.apache.spark.sql.catalyst.plans.logical.AnalysisHelper.transformDownWithPruning$(AnalysisHelper.scala:263)","logger":"task.stderr"}
{"timestamp":"2026-05-11T17:18:51.397113Z","level":"error","event":"\tat org.apache.spark.sql.catalyst.plans.logical.LogicalPlan.transformDownWithPruning(LogicalPlan.scala:32)","logger":"task.stderr"}
{"timestamp":"2026-05-11T17:18:51.398365Z","level":"error","event":"\tat org.apache.spark.sql.catalyst.plans.logical.LogicalPlan.transformDownWithPruning(LogicalPlan.scala:32)","logger":"task.stderr"}
{"timestamp":"2026-05-11T17:18:51.402808Z","level":"error","event":"\tat org.apache.spark.sql.catalyst.trees.TreeNode.transformDown(TreeNode.scala:437)","logger":"task.stderr"}
{"timestamp":"2026-05-11T17:18:51.403856Z","level":"error","event":"\tat org.apache.spark.sql.execution.QueryExecution.eagerlyExecuteCommands(QueryExecution.scala:98)","logger":"task.stderr"}
{"timestamp":"2026-05-11T17:18:51.407739Z","level":"error","event":"\tat org.apache.spark.sql.execution.QueryExecution.commandExecuted$lzycompute(QueryExecution.scala:85)","logger":"task.stderr"}
{"timestamp":"2026-05-11T17:18:51.411117Z","level":"error","event":"\tat org.apache.spark.sql.execution.QueryExecution.commandExecuted(QueryExecution.scala:83)","logger":"task.stderr"}
{"timestamp":"2026-05-11T17:18:51.415334Z","level":"error","event":"\tat org.apache.spark.sql.execution.QueryExecution.assertCommandExecuted(QueryExecution.scala:142)","logger":"task.stderr"}
{"timestamp":"2026-05-11T17:18:51.416010Z","level":"error","event":"\tat org.apache.spark.sql.DataFrameWriter.runCommand(DataFrameWriter.scala:859)","logger":"task.stderr"}
{"timestamp":"2026-05-11T17:18:51.419982Z","level":"error","event":"\tat org.apache.spark.sql.DataFrameWriter.saveToV1Source(DataFrameWriter.scala:388)","logger":"task.stderr"}
{"timestamp":"2026-05-11T17:18:51.420687Z","level":"error","event":"\tat org.apache.spark.sql.DataFrameWriter.saveInternal(DataFrameWriter.scala:361)","logger":"task.stderr"}
{"timestamp":"2026-05-11T17:18:51.421210Z","level":"error","event":"\tat org.apache.spark.sql.DataFrameWriter.save(DataFrameWriter.scala:240)","logger":"task.stderr"}
{"timestamp":"2026-05-11T17:18:51.424412Z","level":"error","event":"\tat org.apache.spark.sql.DataFrameWriter.csv(DataFrameWriter.scala:850)","logger":"task.stderr"}
{"timestamp":"2026-05-11T17:18:51.425163Z","level":"error","event":"\tat java.base/jdk.internal.reflect.NativeMethodAccessorImpl.invoke0(Native Method)","logger":"task.stderr"}
{"timestamp":"2026-05-11T17:18:51.431385Z","level":"error","event":"\tat java.base/jdk.internal.reflect.NativeMethodAccessorImpl.invoke(NativeMethodAccessorImpl.java:77)","logger":"task.stderr"}
{"timestamp":"2026-05-11T17:18:51.432665Z","level":"error","event":"\tat java.base/jdk.internal.reflect.DelegatingMethodAccessorImpl.invoke(DelegatingMethodAccessorImpl.java:43)","logger":"task.stderr"}
{"timestamp":"2026-05-11T17:18:51.434500Z","level":"error","event":"\tat java.base/java.lang.reflect.Method.invoke(Method.java:569)","logger":"task.stderr"}
{"timestamp":"2026-05-11T17:18:51.438580Z","level":"error","event":"\tat py4j.reflection.MethodInvoker.invoke(MethodInvoker.java:244)","logger":"task.stderr"}
{"timestamp":"2026-05-11T17:18:51.443093Z","level":"error","event":"\tat py4j.reflection.ReflectionEngine.invoke(ReflectionEngine.java:374)","logger":"task.stderr"}
{"timestamp":"2026-05-11T17:18:51.443762Z","level":"error","event":"\tat py4j.Gateway.invoke(Gateway.java:282)","logger":"task.stderr"}
{"timestamp":"2026-05-11T17:18:51.444286Z","level":"error","event":"\tat py4j.commands.AbstractCommand.invokeMethod(AbstractCommand.java:132)","logger":"task.stderr"}
{"timestamp":"2026-05-11T17:18:51.461352Z","level":"error","event":"\tat py4j.commands.CallCommand.execute(CallCommand.java:79)","logger":"task.stderr"}
{"timestamp":"2026-05-11T17:18:51.461898Z","level":"error","event":"\tat py4j.ClientServerConnection.waitForCommands(ClientServerConnection.java:182)","logger":"task.stderr"}
{"timestamp":"2026-05-11T17:18:51.465613Z","level":"error","event":"\tat py4j.ClientServerConnection.run(ClientServerConnection.java:106)","logger":"task.stderr"}
{"timestamp":"2026-05-11T17:18:51.467587Z","level":"error","event":"\tat java.base/java.lang.Thread.run(Thread.java:840)","logger":"task.stderr"}
{"timestamp":"2026-05-11T17:18:51.751075Z","level":"error","event":"Task failed with exception","logger":"task","filename":"task_runner.py","lineno":1347,"error_detail":[{"exc_type":"Py4JJavaError","exc_value":"An error occurred while calling o57.csv.\n: java.io.FileNotFoundException: File file:/output/result/_temporary/0 does not exist\n\tat org.apache.hadoop.fs.RawLocalFileSystem.listStatus(RawLocalFileSystem.java:597)\n\tat org.apache.hadoop.fs.FileSystem.listStatus(FileSystem.java:1972)\n\tat org.apache.hadoop.fs.FileSystem.listStatus(FileSystem.java:2014)\n\tat org.apache.hadoop.fs.ChecksumFileSystem.listStatus(ChecksumFileSystem.java:761)\n\tat org.apache.hadoop.fs.FileSystem.listStatus(FileSystem.java:1972)\n\tat org.apache.hadoop.fs.FileSystem.listStatus(FileSystem.java:2014)\n\tat org.apache.hadoop.mapreduce.lib.output.FileOutputCommitter.getAllCommittedTaskPaths(FileOutputCommitter.java:334)\n\tat org.apache.hadoop.mapreduce.lib.output.FileOutputCommitter.commitJobInternal(FileOutputCommitter.java:404)\n\tat org.apache.hadoop.mapreduce.lib.output.FileOutputCommitter.commitJob(FileOutputCommitter.java:377)\n\tat org.apache.spark.internal.io.HadoopMapReduceCommitProtocol.commitJob(HadoopMapReduceCommitProtocol.scala:192)\n\tat org.apache.spark.sql.execution.datasources.FileFormatWriter$.$anonfun$writeAndCommit$3(FileFormatWriter.scala:275)\n\tat scala.runtime.java8.JFunction0$mcV$sp.apply(JFunction0$mcV$sp.java:23)\n\tat org.apache.spark.util.Utils$.timeTakenMs(Utils.scala:552)\n\tat org.apache.spark.sql.execution.datasources.FileFormatWriter$.writeAndCommit(FileFormatWriter.scala:275)\n\tat org.apache.spark.sql.execution.datasources.FileFormatWriter$.executeWrite(FileFormatWriter.scala:304)\n\tat org.apache.spark.sql.execution.datasources.FileFormatWriter$.write(FileFormatWriter.scala:190)\n\tat org.apache.spark.sql.execution.datasources.InsertIntoHadoopFsRelationCommand.run(InsertIntoHadoopFsRelationCommand.scala:190)\n\tat org.apache.spark.sql.execution.command.DataWritingCommandExec.sideEffectResult$lzycompute(commands.scala:113)\n\tat org.apache.spark.sql.execution.command.DataWritingCommandExec.sideEffectResult(commands.scala:111)\n\tat org.apache.spark.sql.execution.command.DataWritingCommandExec.executeCollect(commands.scala:125)\n\tat org.apache.spark.sql.execution.adaptive.AdaptiveSparkPlanExec.$anonfun$executeCollect$1(AdaptiveSparkPlanExec.scala:390)\n\tat org.apache.spark.sql.execution.adaptive.AdaptiveSparkPlanExec.withFinalPlanUpdate(AdaptiveSparkPlanExec.scala:418)\n\tat org.apache.spark.sql.execution.adaptive.AdaptiveSparkPlanExec.executeCollect(AdaptiveSparkPlanExec.scala:390)\n\tat org.apache.spark.sql.execution.QueryExecution$$anonfun$eagerlyExecuteCommands$1.$anonfun$applyOrElse$1(QueryExecution.scala:107)\n\tat org.apache.spark.sql.execution.SQLExecution$.$anonfun$withNewExecutionId$6(SQLExecution.scala:125)\n\tat org.apache.spark.sql.execution.SQLExecution$.withSQLConfPropagated(SQLExecution.scala:201)\n\tat org.apache.spark.sql.execution.SQLExecution$.$anonfun$withNewExecutionId$1(SQLExecution.scala:108)\n\tat org.apache.spark.sql.SparkSession.withActive(SparkSession.scala:900)\n\tat org.apache.spark.sql.execution.SQLExecution$.withNewExecutionId(SQLExecution.scala:66)\n\tat org.apache.spark.sql.execution.QueryExecution$$anonfun$eagerlyExecuteCommands$1.applyOrElse(QueryExecution.scala:107)\n\tat org.apache.spark.sql.execution.QueryExecution$$anonfun$eagerlyExecuteCommands$1.applyOrElse(QueryExecution.scala:98)\n\tat org.apache.spark.sql.catalyst.trees.TreeNode.$anonfun$transformDownWithPruning$1(TreeNode.scala:461)\n\tat org.apache.spark.sql.catalyst.trees.CurrentOrigin$.withOrigin(origin.scala:76)\n\tat org.apache.spark.sql.catalyst.trees.TreeNode.transformDownWithPruning(TreeNode.scala:461)\n\tat org.apache.spark.sql.catalyst.plans.logical.LogicalPlan.org$apache$spark$sql$catalyst$plans$logical$AnalysisHelper$$super$transformDownWithPruning(LogicalPlan.scala:32)\n\tat org.apache.spark.sql.catalyst.plans.logical.AnalysisHelper.transformDownWithPruning(AnalysisHelper.scala:267)\n\tat org.apache.spark.sql.catalyst.plans.logical.AnalysisHelper.transformDownWithPruning$(AnalysisHelper.scala:263)\n\tat org.apache.spark.sql.catalyst.plans.logical.LogicalPlan.transformDownWithPruning(LogicalPlan.scala:32)\n\tat org.apache.spark.sql.catalyst.plans.logical.LogicalPlan.transformDownWithPruning(LogicalPlan.scala:32)\n\tat org.apache.spark.sql.catalyst.trees.TreeNode.transformDown(TreeNode.scala:437)\n\tat org.apache.spark.sql.execution.QueryExecution.eagerlyExecuteCommands(QueryExecution.scala:98)\n\tat org.apache.spark.sql.execution.QueryExecution.commandExecuted$lzycompute(QueryExecution.scala:85)\n\tat org.apache.spark.sql.execution.QueryExecution.commandExecuted(QueryExecution.scala:83)\n\tat org.apache.spark.sql.execution.QueryExecution.assertCommandExecuted(QueryExecution.scala:142)\n\tat org.apache.spark.sql.DataFrameWriter.runCommand(DataFrameWriter.scala:859)\n\tat org.apache.spark.sql.DataFrameWriter.saveToV1Source(DataFrameWriter.scala:388)\n\tat org.apache.spark.sql.DataFrameWriter.saveInternal(DataFrameWriter.scala:361)\n\tat org.apache.spark.sql.DataFrameWriter.save(DataFrameWriter.scala:240)\n\tat org.apache.spark.sql.DataFrameWriter.csv(DataFrameWriter.scala:850)\n\tat java.base/jdk.internal.reflect.NativeMethodAccessorImpl.invoke0(Native Method)\n\tat java.base/jdk.internal.reflect.NativeMethodAccessorImpl.invoke(NativeMethodAccessorImpl.java:77)\n\tat java.base/jdk.internal.reflect.DelegatingMethodAccessorImpl.invoke(DelegatingMethodAccessorImpl.java:43)\n\tat java.base/java.lang.reflect.Method.invoke(Method.java:569)\n\tat py4j.reflection.MethodInvoker.invoke(MethodInvoker.java:244)\n\tat py4j.reflection.ReflectionEngine.invoke(ReflectionEngine.java:374)\n\tat py4j.Gateway.invoke(Gateway.java:282)\n\tat py4j.commands.AbstractCommand.invokeMethod(AbstractCommand.java:132)\n\tat py4j.commands.CallCommand.execute(CallCommand.java:79)\n\tat py4j.ClientServerConnection.waitForCommands(ClientServerConnection.java:182)\n\tat py4j.ClientServerConnection.run(ClientServerConnection.java:106)\n\tat java.base/java.lang.Thread.run(Thread.java:840)\n","exc_notes":[],"syntax_error":null,"is_cause":false,"frames":[{"filename":"/home/airflow/.local/lib/python3.13/site-packages/airflow/sdk/execution_time/task_runner.py","lineno":1263,"name":"run"},{"filename":"/home/airflow/.local/lib/python3.13/site-packages/airflow/sdk/execution_time/task_runner.py","lineno":1678,"name":"_execute_task"},{"filename":"/home/airflow/.local/lib/python3.13/site-packages/airflow/sdk/bases/operator.py","lineno":443,"name":"wrapper"},{"filename":"/home/airflow/.local/lib/python3.13/site-packages/airflow/providers/standard/operators/python.py","lineno":227,"name":"execute"},{"filename":"/home/airflow/.local/lib/python3.13/site-packages/airflow/providers/standard/operators/python.py","lineno":250,"name":"execute_callable"},{"filename":"/home/airflow/.local/lib/python3.13/site-packages/airflow/sdk/execution_time/callback_runner.py","lineno":97,"name":"run"},{"filename":"/opt/airflow/dags/csv_upsert_pipeline.py","lineno":89,"name":"process_partition"},{"filename":"/home/airflow/.local/lib/python3.13/site-packages/pyspark/sql/readwriter.py","lineno":1864,"name":"csv"},{"filename":"/home/airflow/.local/lib/python3.13/site-packages/py4j/java_gateway.py","lineno":1322,"name":"__call__"},{"filename":"/home/airflow/.local/lib/python3.13/site-packages/pyspark/errors/exceptions/captured.py","lineno":179,"name":"deco"},{"filename":"/home/airflow/.local/lib/python3.13/site-packages/py4j/protocol.py","lineno":326,"name":"get_return_value"}],"is_group":false,"exceptions":[]}]}
{"timestamp":"2026-05-11T17:18:51.792149Z","level":"info","event":"Task instance in failure state","logger":"task.stdout"}
{"timestamp":"2026-05-11T17:18:51.799157Z","level":"info","event":"Task start","logger":"task.stdout"}
{"timestamp":"2026-05-11T17:18:51.804411Z","level":"info","event":"Task:<Task(PythonOperator): process_partition>","logger":"task.stdout"}
{"timestamp":"2026-05-11T17:18:51.809325Z","level":"info","event":"Failure caused by An error occurred while calling o57.csv.","logger":"task.stdout"}
{"timestamp":"2026-05-11T17:18:51.810433Z","level":"info","event":": java.io.FileNotFoundException: File file:/output/result/_temporary/0 does not exist","logger":"task.stdout"}
{"timestamp":"2026-05-11T17:18:51.814408Z","level":"info","event":"\tat org.apache.hadoop.fs.RawLocalFileSystem.listStatus(RawLocalFileSystem.java:597)","logger":"task.stdout"}
{"timestamp":"2026-05-11T17:18:51.817334Z","level":"info","event":"\tat org.apache.hadoop.fs.FileSystem.listStatus(FileSystem.java:1972)","logger":"task.stdout"}
{"timestamp":"2026-05-11T17:18:51.819530Z","level":"info","event":"\tat org.apache.hadoop.fs.FileSystem.listStatus(FileSystem.java:2014)","logger":"task.stdout"}
{"timestamp":"2026-05-11T17:18:51.822824Z","level":"info","event":"\tat org.apache.hadoop.fs.ChecksumFileSystem.listStatus(ChecksumFileSystem.java:761)","logger":"task.stdout"}
{"timestamp":"2026-05-11T17:18:51.852009Z","level":"info","event":"\tat org.apache.hadoop.fs.FileSystem.listStatus(FileSystem.java:1972)","logger":"task.stdout"}
{"timestamp":"2026-05-11T17:18:51.853801Z","level":"info","event":"\tat org.apache.hadoop.fs.FileSystem.listStatus(FileSystem.java:2014)","logger":"task.stdout"}
{"timestamp":"2026-05-11T17:18:51.858209Z","level":"info","event":"\tat org.apache.hadoop.mapreduce.lib.output.FileOutputCommitter.getAllCommittedTaskPaths(FileOutputCommitter.java:334)","logger":"task.stdout"}
{"timestamp":"2026-05-11T17:18:51.881396Z","level":"info","event":"\tat org.apache.hadoop.mapreduce.lib.output.FileOutputCommitter.commitJobInternal(FileOutputCommitter.java:404)","logger":"task.stdout"}
{"timestamp":"2026-05-11T17:18:51.884513Z","level":"info","event":"\tat org.apache.hadoop.mapreduce.lib.output.FileOutputCommitter.commitJob(FileOutputCommitter.java:377)","logger":"task.stdout"}
{"timestamp":"2026-05-11T17:18:51.885788Z","level":"info","event":"\tat org.apache.spark.internal.io.HadoopMapReduceCommitProtocol.commitJob(HadoopMapReduceCommitProtocol.scala:192)","logger":"task.stdout"}
{"timestamp":"2026-05-11T17:18:51.889649Z","level":"info","event":"\tat org.apache.spark.sql.execution.datasources.FileFormatWriter$.$anonfun$writeAndCommit$3(FileFormatWriter.scala:275)","logger":"task.stdout"}
{"timestamp":"2026-05-11T17:18:51.890695Z","level":"info","event":"\tat scala.runtime.java8.JFunction0$mcV$sp.apply(JFunction0$mcV$sp.java:23)","logger":"task.stdout"}
{"timestamp":"2026-05-11T17:18:51.893091Z","level":"info","event":"\tat org.apache.spark.util.Utils$.timeTakenMs(Utils.scala:552)","logger":"task.stdout"}
{"timestamp":"2026-05-11T17:18:51.895410Z","level":"info","event":"\tat org.apache.spark.sql.execution.datasources.FileFormatWriter$.writeAndCommit(FileFormatWriter.scala:275)","logger":"task.stdout"}
{"timestamp":"2026-05-11T17:18:51.919926Z","level":"info","event":"\tat org.apache.spark.sql.execution.datasources.FileFormatWriter$.executeWrite(FileFormatWriter.scala:304)","logger":"task.stdout"}
{"timestamp":"2026-05-11T17:18:51.927979Z","level":"info","event":"\tat org.apache.spark.sql.execution.datasources.FileFormatWriter$.write(FileFormatWriter.scala:190)","logger":"task.stdout"}
{"timestamp":"2026-05-11T17:18:51.932261Z","level":"info","event":"\tat org.apache.spark.sql.execution.datasources.InsertIntoHadoopFsRelationCommand.run(InsertIntoHadoopFsRelationCommand.scala:190)","logger":"task.stdout"}
{"timestamp":"2026-05-11T17:18:51.935175Z","level":"info","event":"\tat org.apache.spark.sql.execution.command.DataWritingCommandExec.sideEffectResult$lzycompute(commands.scala:113)","logger":"task.stdout"}
{"timestamp":"2026-05-11T17:18:51.936350Z","level":"info","event":"\tat org.apache.spark.sql.execution.command.DataWritingCommandExec.sideEffectResult(commands.scala:111)","logger":"task.stdout"}
{"timestamp":"2026-05-11T17:18:51.942208Z","level":"info","event":"\tat org.apache.spark.sql.execution.command.DataWritingCommandExec.executeCollect(commands.scala:125)","logger":"task.stdout"}
{"timestamp":"2026-05-11T17:18:51.943424Z","level":"info","event":"\tat org.apache.spark.sql.execution.adaptive.AdaptiveSparkPlanExec.$anonfun$executeCollect$1(AdaptiveSparkPlanExec.scala:390)","logger":"task.stdout"}
{"timestamp":"2026-05-11T17:18:51.945444Z","level":"info","event":"\tat org.apache.spark.sql.execution.adaptive.AdaptiveSparkPlanExec.withFinalPlanUpdate(AdaptiveSparkPlanExec.scala:418)","logger":"task.stdout"}
{"timestamp":"2026-05-11T17:18:51.947385Z","level":"info","event":"\tat org.apache.spark.sql.execution.adaptive.AdaptiveSparkPlanExec.executeCollect(AdaptiveSparkPlanExec.scala:390)","logger":"task.stdout"}
{"timestamp":"2026-05-11T17:18:51.948929Z","level":"info","event":"\tat org.apache.spark.sql.execution.QueryExecution$$anonfun$eagerlyExecuteCommands$1.$anonfun$applyOrElse$1(QueryExecution.scala:107)","logger":"task.stdout"}
{"timestamp":"2026-05-11T17:18:51.951363Z","level":"info","event":"\tat org.apache.spark.sql.execution.SQLExecution$.$anonfun$withNewExecutionId$6(SQLExecution.scala:125)","logger":"task.stdout"}
{"timestamp":"2026-05-11T17:18:51.955348Z","level":"info","event":"\tat org.apache.spark.sql.execution.SQLExecution$.withSQLConfPropagated(SQLExecution.scala:201)","logger":"task.stdout"}
{"timestamp":"2026-05-11T17:18:51.958740Z","level":"info","event":"\tat org.apache.spark.sql.execution.SQLExecution$.$anonfun$withNewExecutionId$1(SQLExecution.scala:108)","logger":"task.stdout"}
{"timestamp":"2026-05-11T17:18:51.959403Z","level":"info","event":"\tat org.apache.spark.sql.SparkSession.withActive(SparkSession.scala:900)","logger":"task.stdout"}
{"timestamp":"2026-05-11T17:18:51.960087Z","level":"info","event":"\tat org.apache.spark.sql.execution.SQLExecution$.withNewExecutionId(SQLExecution.scala:66)","logger":"task.stdout"}
{"timestamp":"2026-05-11T17:18:51.962096Z","level":"info","event":"\tat org.apache.spark.sql.execution.QueryExecution$$anonfun$eagerlyExecuteCommands$1.applyOrElse(QueryExecution.scala:107)","logger":"task.stdout"}
{"timestamp":"2026-05-11T17:18:51.963884Z","level":"info","event":"\tat org.apache.spark.sql.execution.QueryExecution$$anonfun$eagerlyExecuteCommands$1.applyOrElse(QueryExecution.scala:98)","logger":"task.stdout"}
{"timestamp":"2026-05-11T17:18:51.967481Z","level":"info","event":"\tat org.apache.spark.sql.catalyst.trees.TreeNode.$anonfun$transformDownWithPruning$1(TreeNode.scala:461)","logger":"task.stdout"}
{"timestamp":"2026-05-11T17:18:51.969139Z","level":"info","event":"\tat org.apache.spark.sql.catalyst.trees.CurrentOrigin$.withOrigin(origin.scala:76)","logger":"task.stdout"}
{"timestamp":"2026-05-11T17:18:51.970480Z","level":"info","event":"\tat org.apache.spark.sql.catalyst.trees.TreeNode.transformDownWithPruning(TreeNode.scala:461)","logger":"task.stdout"}
{"timestamp":"2026-05-11T17:18:51.971459Z","level":"info","event":"\tat org.apache.spark.sql.catalyst.plans.logical.LogicalPlan.org$apache$spark$sql$catalyst$plans$logical$AnalysisHelper$$super$transformDownWithPruning(LogicalPlan.scala:32)","logger":"task.stdout"}
{"timestamp":"2026-05-11T17:18:51.975453Z","level":"info","event":"\tat org.apache.spark.sql.catalyst.plans.logical.AnalysisHelper.transformDownWithPruning(AnalysisHelper.scala:267)","logger":"task.stdout"}
{"timestamp":"2026-05-11T17:18:51.976148Z","level":"info","event":"\tat org.apache.spark.sql.catalyst.plans.logical.AnalysisHelper.transformDownWithPruning$(AnalysisHelper.scala:263)","logger":"task.stdout"}
{"timestamp":"2026-05-11T17:18:51.976991Z","level":"info","event":"\tat org.apache.spark.sql.catalyst.plans.logical.LogicalPlan.transformDownWithPruning(LogicalPlan.scala:32)","logger":"task.stdout"}
{"timestamp":"2026-05-11T17:18:51.977886Z","level":"info","event":"\tat org.apache.spark.sql.catalyst.plans.logical.LogicalPlan.transformDownWithPruning(LogicalPlan.scala:32)","logger":"task.stdout"}
{"timestamp":"2026-05-11T17:18:51.982747Z","level":"info","event":"\tat org.apache.spark.sql.catalyst.trees.TreeNode.transformDown(TreeNode.scala:437)","logger":"task.stdout"}
{"timestamp":"2026-05-11T17:18:51.984664Z","level":"info","event":"\tat org.apache.spark.sql.execution.QueryExecution.eagerlyExecuteCommands(QueryExecution.scala:98)","logger":"task.stdout"}
{"timestamp":"2026-05-11T17:18:51.990326Z","level":"info","event":"\tat org.apache.spark.sql.execution.QueryExecution.commandExecuted$lzycompute(QueryExecution.scala:85)","logger":"task.stdout"}
{"timestamp":"2026-05-11T17:18:51.991325Z","level":"info","event":"\tat org.apache.spark.sql.execution.QueryExecution.commandExecuted(QueryExecution.scala:83)","logger":"task.stdout"}
{"timestamp":"2026-05-11T17:18:51.992690Z","level":"info","event":"\tat org.apache.spark.sql.execution.QueryExecution.assertCommandExecuted(QueryExecution.scala:142)","logger":"task.stdout"}
{"timestamp":"2026-05-11T17:18:51.994295Z","level":"info","event":"\tat org.apache.spark.sql.DataFrameWriter.runCommand(DataFrameWriter.scala:859)","logger":"task.stdout"}
{"timestamp":"2026-05-11T17:18:51.995282Z","level":"info","event":"\tat org.apache.spark.sql.DataFrameWriter.saveToV1Source(DataFrameWriter.scala:388)","logger":"task.stdout"}
{"timestamp":"2026-05-11T17:18:51.995802Z","level":"info","event":"\tat org.apache.spark.sql.DataFrameWriter.saveInternal(DataFrameWriter.scala:361)","logger":"task.stdout"}
{"timestamp":"2026-05-11T17:18:52.016481Z","level":"info","event":"\tat org.apache.spark.sql.DataFrameWriter.save(DataFrameWriter.scala:240)","logger":"task.stdout"}
{"timestamp":"2026-05-11T17:18:52.017640Z","level":"info","event":"\tat org.apache.spark.sql.DataFrameWriter.csv(DataFrameWriter.scala:850)","logger":"task.stdout"}
{"timestamp":"2026-05-11T17:18:52.021451Z","level":"info","event":"\tat java.base/jdk.internal.reflect.NativeMethodAccessorImpl.invoke0(Native Method)","logger":"task.stdout"}
{"timestamp":"2026-05-11T17:18:52.024924Z","level":"info","event":"\tat java.base/jdk.internal.reflect.NativeMethodAccessorImpl.invoke(NativeMethodAccessorImpl.java:77)","logger":"task.stdout"}
{"timestamp":"2026-05-11T17:18:52.027533Z","level":"info","event":"\tat java.base/jdk.internal.reflect.DelegatingMethodAccessorImpl.invoke(DelegatingMethodAccessorImpl.java:43)","logger":"task.stdout"}
{"timestamp":"2026-05-11T17:18:52.031355Z","level":"info","event":"\tat java.base/java.lang.reflect.Method.invoke(Method.java:569)","logger":"task.stdout"}
{"timestamp":"2026-05-11T17:18:52.033460Z","level":"info","event":"\tat py4j.reflection.MethodInvoker.invoke(MethodInvoker.java:244)","logger":"task.stdout"}
{"timestamp":"2026-05-11T17:18:52.036533Z","level":"info","event":"\tat py4j.reflection.ReflectionEngine.invoke(ReflectionEngine.java:374)","logger":"task.stdout"}
{"timestamp":"2026-05-11T17:18:52.037124Z","level":"info","event":"\tat py4j.Gateway.invoke(Gateway.java:282)","logger":"task.stdout"}
{"timestamp":"2026-05-11T17:18:52.037771Z","level":"info","event":"\tat py4j.commands.AbstractCommand.invokeMethod(AbstractCommand.java:132)","logger":"task.stdout"}
{"timestamp":"2026-05-11T17:18:52.038354Z","level":"info","event":"\tat py4j.commands.CallCommand.execute(CallCommand.java:79)","logger":"task.stdout"}
{"timestamp":"2026-05-11T17:18:52.038818Z","level":"info","event":"\tat py4j.ClientServerConnection.waitForCommands(ClientServerConnection.java:182)","logger":"task.stdout"}
{"timestamp":"2026-05-11T17:18:52.039596Z","level":"info","event":"\tat py4j.ClientServerConnection.run(ClientServerConnection.java:106)","logger":"task.stdout"}
{"timestamp":"2026-05-11T17:18:52.040095Z","level":"info","event":"\tat java.base/java.lang.Thread.run(Thread.java:840)","logger":"task.stdout"}
{"timestamp":"2026-05-11T17:18:52.040752Z","level":"info","event":"","logger":"task.stdout"}
