{"timestamp":"2026-05-08T17:37:28.983511Z","level":"info","event":"DAG bundles loaded: dags-folder, example_dags","logger":"airflow.dag_processing.bundles.manager.DagBundlesManager","filename":"manager.py","lineno":209}
{"timestamp":"2026-05-08T17:37:28.989014Z","level":"info","event":"Filling up the DagBag from /opt/airflow/dags/csv_upsert_pipeline.py","logger":"airflow.dag_processing.dagbag.BundleDagBag","filename":"dagbag.py","lineno":469}
{"timestamp":"2026-05-08T17:37:29.021321Z","level":"warning","event":"airflow.exceptions.AirflowSkipException is deprecated and will be removed in a future version. Use airflow.sdk.exceptions.AirflowSkipException instead.","category":"UserWarning","filename":"/opt/airflow/dags/csv_upsert_pipeline.py","lineno":7,"logger":"py.warnings"}
{"timestamp":"2026-05-08T17:37:29.102768Z","level":"info","event":"Task instance is in running state","logger":"task.stdout"}
{"timestamp":"2026-05-08T17:37:29.107045Z","level":"info","event":" Previous state of the Task instance: TaskInstanceState.QUEUED","logger":"task.stdout"}
{"timestamp":"2026-05-08T17:37:29.107591Z","level":"info","event":"Current task name:process_partition","logger":"task.stdout"}
{"timestamp":"2026-05-08T17:37:29.108493Z","level":"info","event":"Dag name:csv_upsert_pipeline","logger":"task.stdout"}
{"timestamp":"2026-05-08T17:37:29.109726Z","level":"info","event":"[INFO] data_interval_start : 2026-05-01 06:00:00+00:00","logger":"task.stdout"}
{"timestamp":"2026-05-08T17:37:29.110246Z","level":"info","event":"[INFO] data_interval_end   : 2026-05-01 06:00:00+00:00","logger":"task.stdout"}
{"timestamp":"2026-05-08T17:37:29.111019Z","level":"info","event":"[INFO] Processing partition: /data/time_stamp=2026-05-01-06","logger":"task.stdout"}
{"timestamp":"2026-05-08T17:37:29.112152Z","level":"info","event":"[INFO] Sorted files: ['data_1.csv', 'data_2.csv']","logger":"task.stdout"}
{"timestamp":"2026-05-08T17:37:29.112835Z","level":"info","event":"[INFO] Read data_1.csv  (index=1)","logger":"task.stdout"}
{"timestamp":"2026-05-08T17:37:29.115085Z","level":"info","event":"[INFO] Read data_2.csv  (index=2)","logger":"task.stdout"}
{"timestamp":"2026-05-08T17:37:29.115674Z","level":"info","event":"[INFO] Resolved 20 unique IDs for this run:","logger":"task.stdout"}
{"timestamp":"2026-05-08T17:37:29.116273Z","level":"info","event":"       id=1 → {'id': '1', 'name': 'Charlie', 'age': '23', 'department': 'Operations', 'salary': '63448.22', 'working_hours': '35.8'}","logger":"task.stdout"}
{"timestamp":"2026-05-08T17:37:29.117880Z","level":"info","event":"       id=2 → {'id': '2', 'name': 'Frank', 'age': '29', 'department': 'Marketing', 'salary': '94283.63', 'working_hours': '51.6'}","logger":"task.stdout"}
{"timestamp":"2026-05-08T17:37:29.118935Z","level":"info","event":"       id=3 → {'id': '3', 'name': 'Jack', 'age': '38', 'department': 'HR', 'salary': '63174.38', 'working_hours': '43.4'}","logger":"task.stdout"}
{"timestamp":"2026-05-08T17:37:29.119904Z","level":"info","event":"       id=4 → {'id': '4', 'name': 'Alice', 'age': '59', 'department': 'Marketing', 'salary': '45312.99', 'working_hours': '57.7'}","logger":"task.stdout"}
{"timestamp":"2026-05-08T17:37:29.120635Z","level":"info","event":"       id=5 → {'id': '5', 'name': 'Hank', 'age': '38', 'department': 'Engineering', 'salary': '63583.16', 'working_hours': '52.2'}","logger":"task.stdout"}
{"timestamp":"2026-05-08T17:37:29.121312Z","level":"info","event":"       id=6 → {'id': '6', 'name': 'Ivy', 'age': '58', 'department': 'Finance', 'salary': '90655.51', 'working_hours': '49.2'}","logger":"task.stdout"}
{"timestamp":"2026-05-08T17:37:29.122734Z","level":"info","event":"       id=7 → {'id': '7', 'name': 'Jack', 'age': '51', 'department': 'Operations', 'salary': '77165.21', 'working_hours': '33.7'}","logger":"task.stdout"}
{"timestamp":"2026-05-08T17:37:29.123481Z","level":"info","event":"       id=8 → {'id': '8', 'name': 'Grace', 'age': '29', 'department': 'Marketing', 'salary': '44633.76', 'working_hours': '36.5'}","logger":"task.stdout"}
{"timestamp":"2026-05-08T17:37:29.124051Z","level":"info","event":"       id=9 → {'id': '9', 'name': 'Ivy', 'age': '51', 'department': 'Operations', 'salary': '42688.54', 'working_hours': '55.2'}","logger":"task.stdout"}
{"timestamp":"2026-05-08T17:37:29.125002Z","level":"info","event":"       id=10 → {'id': '10', 'name': 'Diana', 'age': '48', 'department': 'Marketing', 'salary': '55629.92', 'working_hours': '32.0'}","logger":"task.stdout"}
{"timestamp":"2026-05-08T17:37:29.125438Z","level":"info","event":"       id=11 → {'id': '11', 'name': 'Diana', 'age': '27', 'department': 'Operations', 'salary': '99815.31', 'working_hours': '30.9'}","logger":"task.stdout"}
{"timestamp":"2026-05-08T17:37:29.125922Z","level":"info","event":"       id=12 → {'id': '12', 'name': 'Bob', 'age': '52', 'department': 'Engineering', 'salary': '104852.62', 'working_hours': '58.9'}","logger":"task.stdout"}
{"timestamp":"2026-05-08T17:37:29.126419Z","level":"info","event":"       id=13 → {'id': '13', 'name': 'Diana', 'age': '32', 'department': 'Operations', 'salary': '89089.03', 'working_hours': '26.9'}","logger":"task.stdout"}
{"timestamp":"2026-05-08T17:37:29.127374Z","level":"info","event":"       id=14 → {'id': '14', 'name': 'Jack', 'age': '43', 'department': 'Operations', 'salary': '71415.13', 'working_hours': '47.3'}","logger":"task.stdout"}
{"timestamp":"2026-05-08T17:37:29.128014Z","level":"info","event":"       id=15 → {'id': '15', 'name': 'Jack', 'age': '33', 'department': 'Engineering', 'salary': '61692.1', 'working_hours': '59.1'}","logger":"task.stdout"}
{"timestamp":"2026-05-08T17:37:29.128467Z","level":"info","event":"       id=16 → {'id': '16', 'name': 'Eve', 'age': '54', 'department': 'Sales', 'salary': '32511.27', 'working_hours': '33.0'}","logger":"task.stdout"}
{"timestamp":"2026-05-08T17:37:29.129121Z","level":"info","event":"       id=17 → {'id': '17', 'name': 'Diana', 'age': '52', 'department': 'Sales', 'salary': '59084.01', 'working_hours': '51.0'}","logger":"task.stdout"}
{"timestamp":"2026-05-08T17:37:29.129555Z","level":"info","event":"       id=18 → {'id': '18', 'name': 'Eve', 'age': '35', 'department': 'Sales', 'salary': '74771.61', 'working_hours': '55.1'}","logger":"task.stdout"}
{"timestamp":"2026-05-08T17:37:29.130211Z","level":"info","event":"       id=19 → {'id': '19', 'name': 'Charlie', 'age': '50', 'department': 'HR', 'salary': '98548.68', 'working_hours': '20.0'}","logger":"task.stdout"}
{"timestamp":"2026-05-08T17:37:29.130716Z","level":"info","event":"       id=20 → {'id': '20', 'name': 'Ivy', 'age': '35', 'department': 'Sales', 'salary': '99606.48', 'working_hours': '48.7'}","logger":"task.stdout"}
{"timestamp":"2026-05-08T17:37:29.132023Z","level":"info","event":"[INFO] result.csv mil gayi — upsert karte hain.","logger":"task.stdout"}
{"timestamp":"2026-05-08T17:37:29.132649Z","level":"info","event":"[INFO] Existing result.csv mein 20 rows hain.","logger":"task.stdout"}
{"timestamp":"2026-05-08T17:37:29.133215Z","level":"info","event":"       UPDATE  id=1","logger":"task.stdout"}
{"timestamp":"2026-05-08T17:37:29.134744Z","level":"info","event":"       UPDATE  id=2","logger":"task.stdout"}
{"timestamp":"2026-05-08T17:37:29.135410Z","level":"info","event":"       UPDATE  id=3","logger":"task.stdout"}
{"timestamp":"2026-05-08T17:37:29.136562Z","level":"info","event":"       UPDATE  id=4","logger":"task.stdout"}
{"timestamp":"2026-05-08T17:37:29.137125Z","level":"info","event":"       UPDATE  id=5","logger":"task.stdout"}
{"timestamp":"2026-05-08T17:37:29.137639Z","level":"info","event":"       UPDATE  id=6","logger":"task.stdout"}
{"timestamp":"2026-05-08T17:37:29.138441Z","level":"info","event":"       UPDATE  id=7","logger":"task.stdout"}
{"timestamp":"2026-05-08T17:37:29.139018Z","level":"info","event":"       UPDATE  id=8","logger":"task.stdout"}
{"timestamp":"2026-05-08T17:37:29.139533Z","level":"info","event":"       UPDATE  id=9","logger":"task.stdout"}
{"timestamp":"2026-05-08T17:37:29.139897Z","level":"info","event":"       UPDATE  id=10","logger":"task.stdout"}
{"timestamp":"2026-05-08T17:37:29.140293Z","level":"info","event":"       UPDATE  id=11","logger":"task.stdout"}
{"timestamp":"2026-05-08T17:37:29.141975Z","level":"info","event":"       UPDATE  id=12","logger":"task.stdout"}
{"timestamp":"2026-05-08T17:37:29.142421Z","level":"info","event":"       UPDATE  id=13","logger":"task.stdout"}
{"timestamp":"2026-05-08T17:37:29.142825Z","level":"info","event":"       UPDATE  id=14","logger":"task.stdout"}
{"timestamp":"2026-05-08T17:37:29.143789Z","level":"info","event":"       UPDATE  id=15","logger":"task.stdout"}
{"timestamp":"2026-05-08T17:37:29.145121Z","level":"info","event":"       UPDATE  id=16","logger":"task.stdout"}
{"timestamp":"2026-05-08T17:37:29.145699Z","level":"info","event":"       UPDATE  id=17","logger":"task.stdout"}
{"timestamp":"2026-05-08T17:37:29.146145Z","level":"info","event":"       UPDATE  id=18","logger":"task.stdout"}
{"timestamp":"2026-05-08T17:37:29.146576Z","level":"info","event":"       UPDATE  id=19","logger":"task.stdout"}
{"timestamp":"2026-05-08T17:37:29.147275Z","level":"info","event":"       UPDATE  id=20","logger":"task.stdout"}
{"timestamp":"2026-05-08T17:37:29.147757Z","level":"info","event":"[INFO] result.csv updated — total 20 rows.","logger":"task.stdout"}
{"timestamp":"2026-05-08T17:37:29.121876Z","level":"info","event":"Done. Returned value was: None","logger":"airflow.task.operators.airflow.providers.standard.operators.python.PythonOperator","filename":"python.py","lineno":229}
{"timestamp":"2026-05-08T17:37:29.192114Z","level":"info","event":"Task instance in success state","logger":"task.stdout"}
{"timestamp":"2026-05-08T17:37:29.192669Z","level":"info","event":" Previous state of the Task instance: TaskInstanceState.RUNNING","logger":"task.stdout"}
{"timestamp":"2026-05-08T17:37:29.193079Z","level":"info","event":"Task operator:<Task(PythonOperator): process_partition>","logger":"task.stdout"}
{"timestamp":"2026-05-11T16:46:29.750207Z","level":"info","event":"DAG bundles loaded: dags-folder, example_dags","logger":"airflow.dag_processing.bundles.manager.DagBundlesManager","filename":"manager.py","lineno":209}
{"timestamp":"2026-05-11T16:46:29.757165Z","level":"info","event":"Filling up the DagBag from /opt/airflow/dags/__pycache__/csv_upsert_pipeline.py","logger":"airflow.dag_processing.dagbag.BundleDagBag","filename":"dagbag.py","lineno":469}
{"timestamp":"2026-05-11T16:46:29.782219Z","level":"warning","event":"airflow.exceptions.AirflowSkipException is deprecated and will be removed in a future version. Use airflow.sdk.exceptions.AirflowSkipException instead.","category":"UserWarning","filename":"/opt/airflow/dags/__pycache__/csv_upsert_pipeline.py","lineno":7,"logger":"py.warnings"}
{"timestamp":"2026-05-11T16:46:30.506618Z","level":"info","event":"Task instance is in running state","logger":"task.stdout"}
{"timestamp":"2026-05-11T16:46:30.507070Z","level":"info","event":" Previous state of the Task instance: TaskInstanceState.QUEUED","logger":"task.stdout"}
{"timestamp":"2026-05-11T16:46:30.507840Z","level":"info","event":"Current task name:process_partition","logger":"task.stdout"}
{"timestamp":"2026-05-11T16:46:30.509401Z","level":"info","event":"Dag name:csv_upsert_pipeline","logger":"task.stdout"}
{"timestamp":"2026-05-11T16:46:30.511984Z","level":"info","event":"[INFO] data_interval_start : 2026-05-01 06:00:00+00:00","logger":"task.stdout"}
{"timestamp":"2026-05-11T16:46:30.514853Z","level":"info","event":"[INFO] data_interval_end   : 2026-05-01 06:00:00+00:00","logger":"task.stdout"}
{"timestamp":"2026-05-11T16:46:30.515336Z","level":"info","event":"[INFO] Processing partition: /data/time_stamp=2026-05-01-06","logger":"task.stdout"}
{"timestamp":"2026-05-11T16:46:30.516600Z","level":"info","event":"[INFO] Sorted files: ['data_1.csv', 'data_2.csv']","logger":"task.stdout"}
{"timestamp":"2026-05-11T16:46:30.518849Z","level":"info","event":"[INFO] Read data_1.csv  (index=1)","logger":"task.stdout"}
{"timestamp":"2026-05-11T16:46:30.520928Z","level":"info","event":"[INFO] Read data_2.csv  (index=2)","logger":"task.stdout"}
{"timestamp":"2026-05-11T16:46:30.521666Z","level":"info","event":"[INFO] Resolved 20 unique IDs for this run:","logger":"task.stdout"}
{"timestamp":"2026-05-11T16:46:30.522553Z","level":"info","event":"       id=1 → {'id': '1', 'name': 'Charlie', 'age': '23', 'department': 'Operations', 'salary': '63448.22', 'working_hours': '35.8'}","logger":"task.stdout"}
{"timestamp":"2026-05-11T16:46:30.523477Z","level":"info","event":"       id=2 → {'id': '2', 'name': 'Frank', 'age': '29', 'department': 'Marketing', 'salary': '94283.63', 'working_hours': '51.6'}","logger":"task.stdout"}
{"timestamp":"2026-05-11T16:46:30.524177Z","level":"info","event":"       id=3 → {'id': '3', 'name': 'Jack', 'age': '38', 'department': 'HR', 'salary': '63174.38', 'working_hours': '43.4'}","logger":"task.stdout"}
{"timestamp":"2026-05-11T16:46:30.525341Z","level":"info","event":"       id=4 → {'id': '4', 'name': 'Alice', 'age': '59', 'department': 'Marketing', 'salary': '45312.99', 'working_hours': '57.7'}","logger":"task.stdout"}
{"timestamp":"2026-05-11T16:46:30.526411Z","level":"info","event":"       id=5 → {'id': '5', 'name': 'Hank', 'age': '38', 'department': 'Engineering', 'salary': '63583.16', 'working_hours': '52.2'}","logger":"task.stdout"}
{"timestamp":"2026-05-11T16:46:30.527106Z","level":"info","event":"       id=6 → {'id': '6', 'name': 'Ivy', 'age': '58', 'department': 'Finance', 'salary': '90655.51', 'working_hours': '49.2'}","logger":"task.stdout"}
{"timestamp":"2026-05-11T16:46:30.527996Z","level":"info","event":"       id=7 → {'id': '7', 'name': 'Jack', 'age': '51', 'department': 'Operations', 'salary': '77165.21', 'working_hours': '33.7'}","logger":"task.stdout"}
{"timestamp":"2026-05-11T16:46:30.528441Z","level":"info","event":"       id=8 → {'id': '8', 'name': 'Grace', 'age': '29', 'department': 'Marketing', 'salary': '44633.76', 'working_hours': '36.5'}","logger":"task.stdout"}
{"timestamp":"2026-05-11T16:46:30.528858Z","level":"info","event":"       id=9 → {'id': '9', 'name': 'Ivy', 'age': '51', 'department': 'Operations', 'salary': '42688.54', 'working_hours': '55.2'}","logger":"task.stdout"}
{"timestamp":"2026-05-11T16:46:30.529377Z","level":"info","event":"       id=10 → {'id': '10', 'name': 'Diana', 'age': '48', 'department': 'Marketing', 'salary': '55629.92', 'working_hours': '32.0'}","logger":"task.stdout"}
{"timestamp":"2026-05-11T16:46:30.529824Z","level":"info","event":"       id=11 → {'id': '11', 'name': 'Diana', 'age': '27', 'department': 'Operations', 'salary': '99815.31', 'working_hours': '30.9'}","logger":"task.stdout"}
{"timestamp":"2026-05-11T16:46:30.530447Z","level":"info","event":"       id=12 → {'id': '12', 'name': 'Bob', 'age': '52', 'department': 'Engineering', 'salary': '104852.62', 'working_hours': '58.9'}","logger":"task.stdout"}
{"timestamp":"2026-05-11T16:46:30.530869Z","level":"info","event":"       id=13 → {'id': '13', 'name': 'Diana', 'age': '32', 'department': 'Operations', 'salary': '89089.03', 'working_hours': '26.9'}","logger":"task.stdout"}
{"timestamp":"2026-05-11T16:46:30.531196Z","level":"info","event":"       id=14 → {'id': '14', 'name': 'Jack', 'age': '43', 'department': 'Operations', 'salary': '71415.13', 'working_hours': '47.3'}","logger":"task.stdout"}
{"timestamp":"2026-05-11T16:46:30.531660Z","level":"info","event":"       id=15 → {'id': '15', 'name': 'Jack', 'age': '33', 'department': 'Engineering', 'salary': '61692.1', 'working_hours': '59.1'}","logger":"task.stdout"}
{"timestamp":"2026-05-11T16:46:30.532106Z","level":"info","event":"       id=16 → {'id': '16', 'name': 'Eve', 'age': '54', 'department': 'Sales', 'salary': '32511.27', 'working_hours': '33.0'}","logger":"task.stdout"}
{"timestamp":"2026-05-11T16:46:30.532615Z","level":"info","event":"       id=17 → {'id': '17', 'name': 'Diana', 'age': '52', 'department': 'Sales', 'salary': '59084.01', 'working_hours': '51.0'}","logger":"task.stdout"}
{"timestamp":"2026-05-11T16:46:30.532992Z","level":"info","event":"       id=18 → {'id': '18', 'name': 'Eve', 'age': '35', 'department': 'Sales', 'salary': '74771.61', 'working_hours': '55.1'}","logger":"task.stdout"}
{"timestamp":"2026-05-11T16:46:30.533719Z","level":"info","event":"       id=19 → {'id': '19', 'name': 'Charlie', 'age': '50', 'department': 'HR', 'salary': '98548.68', 'working_hours': '20.0'}","logger":"task.stdout"}
{"timestamp":"2026-05-11T16:46:30.535504Z","level":"info","event":"       id=20 → {'id': '20', 'name': 'Ivy', 'age': '35', 'department': 'Sales', 'salary': '99606.48', 'working_hours': '48.7'}","logger":"task.stdout"}
{"timestamp":"2026-05-11T16:46:30.536479Z","level":"info","event":"[INFO] result.csv found — upsert.","logger":"task.stdout"}
{"timestamp":"2026-05-11T16:46:30.537108Z","level":"info","event":"[INFO] In existing result.csv 19 rows.","logger":"task.stdout"}
{"timestamp":"2026-05-11T16:46:30.537763Z","level":"info","event":"       UPDATE  id=1","logger":"task.stdout"}
{"timestamp":"2026-05-11T16:46:30.538239Z","level":"info","event":"       UPDATE  id=2","logger":"task.stdout"}
{"timestamp":"2026-05-11T16:46:30.538841Z","level":"info","event":"       UPDATE  id=3","logger":"task.stdout"}
{"timestamp":"2026-05-11T16:46:30.539782Z","level":"info","event":"       UPDATE  id=4","logger":"task.stdout"}
{"timestamp":"2026-05-11T16:46:30.540517Z","level":"info","event":"       UPDATE  id=5","logger":"task.stdout"}
{"timestamp":"2026-05-11T16:46:30.541091Z","level":"info","event":"       UPDATE  id=6","logger":"task.stdout"}
{"timestamp":"2026-05-11T16:46:30.541521Z","level":"info","event":"       UPDATE  id=7","logger":"task.stdout"}
{"timestamp":"2026-05-11T16:46:30.541916Z","level":"info","event":"       UPDATE  id=8","logger":"task.stdout"}
{"timestamp":"2026-05-11T16:46:30.542385Z","level":"info","event":"       UPDATE  id=9","logger":"task.stdout"}
{"timestamp":"2026-05-11T16:46:30.543098Z","level":"info","event":"       UPDATE  id=10","logger":"task.stdout"}
{"timestamp":"2026-05-11T16:46:30.543904Z","level":"info","event":"       UPDATE  id=11","logger":"task.stdout"}
{"timestamp":"2026-05-11T16:46:30.544524Z","level":"info","event":"       UPDATE  id=12","logger":"task.stdout"}
{"timestamp":"2026-05-11T16:46:30.545195Z","level":"info","event":"       UPDATE  id=13","logger":"task.stdout"}
{"timestamp":"2026-05-11T16:46:30.545830Z","level":"info","event":"       UPDATE  id=14","logger":"task.stdout"}
{"timestamp":"2026-05-11T16:46:30.546710Z","level":"info","event":"       UPDATE  id=15","logger":"task.stdout"}
{"timestamp":"2026-05-11T16:46:30.547227Z","level":"info","event":"       UPDATE  id=16","logger":"task.stdout"}
{"timestamp":"2026-05-11T16:46:30.548863Z","level":"info","event":"       UPDATE  id=17","logger":"task.stdout"}
{"timestamp":"2026-05-11T16:46:30.549461Z","level":"info","event":"       UPDATE  id=18","logger":"task.stdout"}
{"timestamp":"2026-05-11T16:46:30.549982Z","level":"info","event":"       UPDATE  id=19","logger":"task.stdout"}
{"timestamp":"2026-05-11T16:46:30.550582Z","level":"info","event":"       INSERT  id=20","logger":"task.stdout"}
{"timestamp":"2026-05-11T16:46:30.550996Z","level":"info","event":"[INFO] result.csv updated — total 20 rows.","logger":"task.stdout"}
{"timestamp":"2026-05-11T16:46:30.526643Z","level":"info","event":"Done. Returned value was: None","logger":"airflow.task.operators.airflow.providers.standard.operators.python.PythonOperator","filename":"python.py","lineno":229}
{"timestamp":"2026-05-11T16:46:31.130692Z","level":"info","event":"Task instance in success state","logger":"task.stdout"}
{"timestamp":"2026-05-11T16:46:31.140502Z","level":"info","event":" Previous state of the Task instance: TaskInstanceState.RUNNING","logger":"task.stdout"}
{"timestamp":"2026-05-11T16:46:31.143030Z","level":"info","event":"Task operator:<Task(PythonOperator): process_partition>","logger":"task.stdout"}
{"timestamp":"2026-05-11T17:17:09.290846Z","level":"info","event":"DAG bundles loaded: dags-folder, example_dags","logger":"airflow.dag_processing.bundles.manager.DagBundlesManager","filename":"manager.py","lineno":209}
{"timestamp":"2026-05-11T17:17:09.292815Z","level":"info","event":"Filling up the DagBag from /opt/airflow/dags/__pycache__/csv_upsert_pipeline.py","logger":"airflow.dag_processing.dagbag.BundleDagBag","filename":"dagbag.py","lineno":469}
{"timestamp":"2026-05-11T17:17:09.307637Z","level":"warning","event":"airflow.exceptions.AirflowSkipException is deprecated and will be removed in a future version. Use airflow.sdk.exceptions.AirflowSkipException instead.","category":"UserWarning","filename":"/opt/airflow/dags/__pycache__/csv_upsert_pipeline.py","lineno":7,"logger":"py.warnings"}
{"timestamp":"2026-05-11T17:17:09.772771Z","level":"info","event":"Task instance is in running state","logger":"task.stdout"}
{"timestamp":"2026-05-11T17:17:09.773442Z","level":"info","event":" Previous state of the Task instance: TaskInstanceState.QUEUED","logger":"task.stdout"}
{"timestamp":"2026-05-11T17:17:09.774280Z","level":"info","event":"Current task name:process_partition","logger":"task.stdout"}
{"timestamp":"2026-05-11T17:17:09.774913Z","level":"info","event":"Dag name:csv_upsert_pipeline","logger":"task.stdout"}
{"timestamp":"2026-05-11T17:17:09.777726Z","level":"info","event":"[INFO] data_interval_start : 2026-05-01 06:00:00+00:00","logger":"task.stdout"}
{"timestamp":"2026-05-11T17:17:09.781278Z","level":"info","event":"[INFO] data_interval_end   : 2026-05-01 06:00:00+00:00","logger":"task.stdout"}
{"timestamp":"2026-05-11T17:17:09.781876Z","level":"info","event":"[INFO] Processing partition: /data/time_stamp=2026-05-01-06","logger":"task.stdout"}
{"timestamp":"2026-05-11T17:17:09.782948Z","level":"info","event":"[INFO] Sorted files: ['data_1.csv', 'data_2.csv']","logger":"task.stdout"}
{"timestamp":"2026-05-11T17:17:09.783776Z","level":"info","event":"[INFO] Read data_1.csv  (index=1)","logger":"task.stdout"}
{"timestamp":"2026-05-11T17:17:09.790732Z","level":"info","event":"[INFO] Read data_2.csv  (index=2)","logger":"task.stdout"}
{"timestamp":"2026-05-11T17:17:09.792808Z","level":"info","event":"[INFO] Resolved 20 unique IDs for this run:","logger":"task.stdout"}
{"timestamp":"2026-05-11T17:17:09.793888Z","level":"info","event":"       id=1 → {'id': '1', 'name': 'Charlie', 'age': '23', 'department': 'Operations', 'salary': '63448.22', 'working_hours': '35.8'}","logger":"task.stdout"}
{"timestamp":"2026-05-11T17:17:09.794276Z","level":"info","event":"       id=2 → {'id': '2', 'name': 'Frank', 'age': '29', 'department': 'Marketing', 'salary': '94283.63', 'working_hours': '51.6'}","logger":"task.stdout"}
{"timestamp":"2026-05-11T17:17:09.794712Z","level":"info","event":"       id=3 → {'id': '3', 'name': 'Jack', 'age': '38', 'department': 'HR', 'salary': '63174.38', 'working_hours': '43.4'}","logger":"task.stdout"}
{"timestamp":"2026-05-11T17:17:09.796881Z","level":"info","event":"       id=4 → {'id': '4', 'name': 'Alice', 'age': '59', 'department': 'Marketing', 'salary': '45312.99', 'working_hours': '57.7'}","logger":"task.stdout"}
{"timestamp":"2026-05-11T17:17:09.797515Z","level":"info","event":"       id=5 → {'id': '5', 'name': 'Hank', 'age': '38', 'department': 'Engineering', 'salary': '63583.16', 'working_hours': '52.2'}","logger":"task.stdout"}
{"timestamp":"2026-05-11T17:17:09.797970Z","level":"info","event":"       id=6 → {'id': '6', 'name': 'Ivy', 'age': '58', 'department': 'Finance', 'salary': '90655.51', 'working_hours': '49.2'}","logger":"task.stdout"}
{"timestamp":"2026-05-11T17:17:09.798539Z","level":"info","event":"       id=7 → {'id': '7', 'name': 'Jack', 'age': '51', 'department': 'Operations', 'salary': '77165.21', 'working_hours': '33.7'}","logger":"task.stdout"}
{"timestamp":"2026-05-11T17:17:09.799240Z","level":"info","event":"       id=8 → {'id': '8', 'name': 'Grace', 'age': '29', 'department': 'Marketing', 'salary': '44633.76', 'working_hours': '36.5'}","logger":"task.stdout"}
{"timestamp":"2026-05-11T17:17:09.800131Z","level":"info","event":"       id=9 → {'id': '9', 'name': 'Ivy', 'age': '51', 'department': 'Operations', 'salary': '42688.54', 'working_hours': '55.2'}","logger":"task.stdout"}
{"timestamp":"2026-05-11T17:17:09.801278Z","level":"info","event":"       id=10 → {'id': '10', 'name': 'Diana', 'age': '48', 'department': 'Marketing', 'salary': '55629.92', 'working_hours': '32.0'}","logger":"task.stdout"}
{"timestamp":"2026-05-11T17:17:09.802184Z","level":"info","event":"       id=11 → {'id': '11', 'name': 'Diana', 'age': '27', 'department': 'Operations', 'salary': '99815.31', 'working_hours': '30.9'}","logger":"task.stdout"}
{"timestamp":"2026-05-11T17:17:09.803077Z","level":"info","event":"       id=12 → {'id': '12', 'name': 'Bob', 'age': '52', 'department': 'Engineering', 'salary': '104852.62', 'working_hours': '58.9'}","logger":"task.stdout"}
{"timestamp":"2026-05-11T17:17:09.803559Z","level":"info","event":"       id=13 → {'id': '13', 'name': 'Diana', 'age': '32', 'department': 'Operations', 'salary': '89089.03', 'working_hours': '26.9'}","logger":"task.stdout"}
{"timestamp":"2026-05-11T17:17:09.804072Z","level":"info","event":"       id=14 → {'id': '14', 'name': 'Jack', 'age': '43', 'department': 'Operations', 'salary': '71415.13', 'working_hours': '47.3'}","logger":"task.stdout"}
{"timestamp":"2026-05-11T17:17:09.804574Z","level":"info","event":"       id=15 → {'id': '15', 'name': 'Jack', 'age': '33', 'department': 'Engineering', 'salary': '61692.1', 'working_hours': '59.1'}","logger":"task.stdout"}
{"timestamp":"2026-05-11T17:17:09.805076Z","level":"info","event":"       id=16 → {'id': '16', 'name': 'Eve', 'age': '54', 'department': 'Sales', 'salary': '32511.27', 'working_hours': '33.0'}","logger":"task.stdout"}
{"timestamp":"2026-05-11T17:17:09.805505Z","level":"info","event":"       id=17 → {'id': '17', 'name': 'Diana', 'age': '52', 'department': 'Sales', 'salary': '59084.01', 'working_hours': '51.0'}","logger":"task.stdout"}
{"timestamp":"2026-05-11T17:17:09.805929Z","level":"info","event":"       id=18 → {'id': '18', 'name': 'Eve', 'age': '35', 'department': 'Sales', 'salary': '74771.61', 'working_hours': '55.1'}","logger":"task.stdout"}
{"timestamp":"2026-05-11T17:17:09.807258Z","level":"info","event":"       id=19 → {'id': '19', 'name': 'Charlie', 'age': '50', 'department': 'HR', 'salary': '98548.68', 'working_hours': '20.0'}","logger":"task.stdout"}
{"timestamp":"2026-05-11T17:17:09.808264Z","level":"info","event":"       id=20 → {'id': '20', 'name': 'Ivy', 'age': '35', 'department': 'Sales', 'salary': '99606.48', 'working_hours': '48.7'}","logger":"task.stdout"}
{"timestamp":"2026-05-11T17:17:09.812711Z","level":"info","event":"[INFO] result.csv found — upsert.","logger":"task.stdout"}
{"timestamp":"2026-05-11T17:17:09.815950Z","level":"info","event":"[INFO] In existing result.csv 20 rows.","logger":"task.stdout"}
{"timestamp":"2026-05-11T17:17:09.818801Z","level":"info","event":"       UPDATE  id=1","logger":"task.stdout"}
{"timestamp":"2026-05-11T17:17:09.821092Z","level":"info","event":"       UPDATE  id=2","logger":"task.stdout"}
{"timestamp":"2026-05-11T17:17:09.821785Z","level":"info","event":"       UPDATE  id=3","logger":"task.stdout"}
{"timestamp":"2026-05-11T17:17:09.822254Z","level":"info","event":"       UPDATE  id=4","logger":"task.stdout"}
{"timestamp":"2026-05-11T17:17:09.822667Z","level":"info","event":"       UPDATE  id=5","logger":"task.stdout"}
{"timestamp":"2026-05-11T17:17:09.824654Z","level":"info","event":"       UPDATE  id=6","logger":"task.stdout"}
{"timestamp":"2026-05-11T17:17:09.825183Z","level":"info","event":"       UPDATE  id=7","logger":"task.stdout"}
{"timestamp":"2026-05-11T17:17:09.825742Z","level":"info","event":"       UPDATE  id=8","logger":"task.stdout"}
{"timestamp":"2026-05-11T17:17:09.826177Z","level":"info","event":"       UPDATE  id=9","logger":"task.stdout"}
{"timestamp":"2026-05-11T17:17:09.826591Z","level":"info","event":"       UPDATE  id=10","logger":"task.stdout"}
{"timestamp":"2026-05-11T17:17:09.826956Z","level":"info","event":"       UPDATE  id=11","logger":"task.stdout"}
{"timestamp":"2026-05-11T17:17:09.827369Z","level":"info","event":"       UPDATE  id=12","logger":"task.stdout"}
{"timestamp":"2026-05-11T17:17:09.827989Z","level":"info","event":"       UPDATE  id=13","logger":"task.stdout"}
{"timestamp":"2026-05-11T17:17:09.828472Z","level":"info","event":"       UPDATE  id=14","logger":"task.stdout"}
{"timestamp":"2026-05-11T17:17:09.829137Z","level":"info","event":"       UPDATE  id=15","logger":"task.stdout"}
{"timestamp":"2026-05-11T17:17:09.829766Z","level":"info","event":"       UPDATE  id=16","logger":"task.stdout"}
{"timestamp":"2026-05-11T17:17:09.830199Z","level":"info","event":"       UPDATE  id=17","logger":"task.stdout"}
{"timestamp":"2026-05-11T17:17:09.830686Z","level":"info","event":"       UPDATE  id=18","logger":"task.stdout"}
{"timestamp":"2026-05-11T17:17:09.831013Z","level":"info","event":"       UPDATE  id=19","logger":"task.stdout"}
{"timestamp":"2026-05-11T17:17:09.831393Z","level":"info","event":"       UPDATE  id=20","logger":"task.stdout"}
{"timestamp":"2026-05-11T17:17:09.831967Z","level":"info","event":"[INFO] result.csv updated — total 20 rows.","logger":"task.stdout"}
{"timestamp":"2026-05-11T17:17:09.798082Z","level":"info","event":"Done. Returned value was: None","logger":"airflow.task.operators.airflow.providers.standard.operators.python.PythonOperator","filename":"python.py","lineno":229}
{"timestamp":"2026-05-11T17:17:09.980138Z","level":"info","event":"Task instance in success state","logger":"task.stdout"}
{"timestamp":"2026-05-11T17:17:09.980844Z","level":"info","event":" Previous state of the Task instance: TaskInstanceState.RUNNING","logger":"task.stdout"}
{"timestamp":"2026-05-11T17:17:09.985800Z","level":"info","event":"Task operator:<Task(PythonOperator): process_partition>","logger":"task.stdout"}
