{"timestamp":"2026-05-06T04:21:42.004465Z","level":"info","event":"DAG bundles loaded: dags-folder, example_dags","logger":"airflow.dag_processing.bundles.manager.DagBundlesManager","filename":"manager.py","lineno":209}
{"timestamp":"2026-05-06T04:21:42.007210Z","level":"info","event":"Filling up the DagBag from /opt/airflow/dags/print_interval_dag.py","logger":"airflow.dag_processing.dagbag.BundleDagBag","filename":"dagbag.py","lineno":469}
{"timestamp":"2026-05-06T04:21:42.098396Z","level":"info","event":"Task instance is in running state","logger":"task.stdout"}
{"timestamp":"2026-05-06T04:21:42.100086Z","level":"info","event":" Previous state of the Task instance: TaskInstanceState.QUEUED","logger":"task.stdout"}
{"timestamp":"2026-05-06T04:21:42.100894Z","level":"info","event":"Current task name:print_interval","logger":"task.stdout"}
{"timestamp":"2026-05-06T04:21:42.101408Z","level":"info","event":"Dag name:print_interval_dag","logger":"task.stdout"}
{"timestamp":"2026-05-06T04:21:42.102097Z","level":"info","event":"=== INTERVAL INFO ===","logger":"task.stdout"}
{"timestamp":"2026-05-06T04:21:42.103654Z","level":"info","event":"Interval Start:  2026-05-06 03:00:00+00:00","logger":"task.stdout"}
{"timestamp":"2026-05-06T04:21:42.104185Z","level":"info","event":"Interval End:    2026-05-06 06:00:00+00:00","logger":"task.stdout"}
{"timestamp":"2026-05-06T04:21:42.104816Z","level":"info","event":"Duration:        3:00:00","logger":"task.stdout"}
{"timestamp":"2026-05-06T04:21:42.105403Z","level":"info","event":"=== ALL AVAILABLE MACROS ===","logger":"task.stdout"}
{"timestamp":"2026-05-06T04:21:42.106014Z","level":"info","event":"dag: <DAG: print_interval_dag>","logger":"task.stdout"}
{"timestamp":"2026-05-06T04:21:42.106907Z","level":"info","event":"inlets: []","logger":"task.stdout"}
{"timestamp":"2026-05-06T04:21:42.108436Z","level":"info","event":"map_index_template: None","logger":"task.stdout"}
{"timestamp":"2026-05-06T04:21:42.109094Z","level":"info","event":"outlets: []","logger":"task.stdout"}
{"timestamp":"2026-05-06T04:21:42.109528Z","level":"info","event":"run_id: scheduled__2026-05-06T03:00:00+00:00","logger":"task.stdout"}
{"timestamp":"2026-05-06T04:21:42.109929Z","level":"info","event":"task: <Task(PythonOperator): print_interval>","logger":"task.stdout"}
{"timestamp":"2026-05-06T04:21:42.110299Z","level":"info","event":"task_instance: id=UUID('019dfb85-2262-7e56-9c3b-bc4263f1a160') task_id='print_interval' dag_id='print_interval_dag' run_id='scheduled__2026-05-06T03:00:00+00:00' try_number=1 dag_version_id=UUID('019df868-e424-75da-84ee-f728e7b06374') map_index=-1 hostname='86abe326db93' context_carrier={'traceparent': '00-889ad9cb9d06dfc81a3afcecf040bbc4-15a196344b03e784-01'} task=<Task(PythonOperator): print_interval> bundle_instance=LocalDagBundle(name=dags-folder) max_tries=0 start_date=datetime.datetime(2026, 5, 6, 4, 21, 40, 800647, tzinfo=datetime.timezone.utc) end_date=None state=<TaskInstanceState.RUNNING: 'running'> is_mapped=False rendered_map_index=None sentry_integration=''","logger":"task.stdout"}
{"timestamp":"2026-05-06T04:21:42.110898Z","level":"info","event":"ti: id=UUID('019dfb85-2262-7e56-9c3b-bc4263f1a160') task_id='print_interval' dag_id='print_interval_dag' run_id='scheduled__2026-05-06T03:00:00+00:00' try_number=1 dag_version_id=UUID('019df868-e424-75da-84ee-f728e7b06374') map_index=-1 hostname='86abe326db93' context_carrier={'traceparent': '00-889ad9cb9d06dfc81a3afcecf040bbc4-15a196344b03e784-01'} task=<Task(PythonOperator): print_interval> bundle_instance=LocalDagBundle(name=dags-folder) max_tries=0 start_date=datetime.datetime(2026, 5, 6, 4, 21, 40, 800647, tzinfo=datetime.timezone.utc) end_date=None state=<TaskInstanceState.RUNNING: 'running'> is_mapped=False rendered_map_index=None sentry_integration=''","logger":"task.stdout"}
{"timestamp":"2026-05-06T04:21:42.111383Z","level":"info","event":"outlet_events: OutletEventAccessors(_dict={})","logger":"task.stdout"}
{"timestamp":"2026-05-06T04:21:42.112737Z","level":"info","event":"inlet_events: InletEventsAccessors(_inlets=[], _assets={}, _asset_aliases={})","logger":"task.stdout"}
{"timestamp":"2026-05-06T04:21:42.115612Z","level":"info","event":"macros: <MacrosAccessor (dynamic access to macros)>","logger":"task.stdout"}
{"timestamp":"2026-05-06T04:21:42.117635Z","level":"info","event":"params: {}","logger":"task.stdout"}
{"timestamp":"2026-05-06T04:21:42.118600Z","level":"info","event":"var: {'json': <VariableAccessor (dynamic access)>, 'value': <VariableAccessor (dynamic access)>}","logger":"task.stdout"}
{"timestamp":"2026-05-06T04:21:42.119911Z","level":"info","event":"conn: <ConnectionAccessor (dynamic access)>","logger":"task.stdout"}
{"timestamp":"2026-05-06T04:21:42.120380Z","level":"info","event":"dag_run: dag_id='print_interval_dag' run_id='scheduled__2026-05-06T03:00:00+00:00' logical_date=datetime.datetime(2026, 5, 6, 3, 0, tzinfo=datetime.timezone.utc) data_interval_start=datetime.datetime(2026, 5, 6, 3, 0, tzinfo=datetime.timezone.utc) data_interval_end=datetime.datetime(2026, 5, 6, 3, 0, tzinfo=datetime.timezone.utc) run_after=datetime.datetime(2026, 5, 6, 3, 0, tzinfo=datetime.timezone.utc) start_date=datetime.datetime(2026, 5, 6, 4, 21, 39, 851458, tzinfo=datetime.timezone.utc) end_date=None clear_number=0 run_type=<DagRunType.SCHEDULED: 'scheduled'> state=<DagRunState.RUNNING: 'running'> conf={} triggering_user_name=None consumed_asset_events=[] partition_key=None note=None","logger":"task.stdout"}
{"timestamp":"2026-05-06T04:21:42.121496Z","level":"info","event":"triggering_asset_events: TriggeringAssetEventAccessor(_events=defaultdict(<class 'list'>, {}))","logger":"task.stdout"}
{"timestamp":"2026-05-06T04:21:42.121957Z","level":"info","event":"task_instance_key_str: print_interval_dag__print_interval__20260506","logger":"task.stdout"}
{"timestamp":"2026-05-06T04:21:42.122338Z","level":"info","event":"task_reschedule_count: 0","logger":"task.stdout"}
{"timestamp":"2026-05-06T04:21:42.156554Z","level":"info","event":"prev_start_date_success: 2026-05-06 01:18:45.997924+00:00","logger":"task.stdout"}
{"timestamp":"2026-05-06T04:21:42.157082Z","level":"info","event":"prev_end_date_success: 2026-05-06 01:18:49.847077+00:00","logger":"task.stdout"}
{"timestamp":"2026-05-06T04:21:42.157850Z","level":"info","event":"logical_date: 2026-05-06 03:00:00+00:00","logger":"task.stdout"}
{"timestamp":"2026-05-06T04:21:42.158692Z","level":"info","event":"ds: 2026-05-06","logger":"task.stdout"}
{"timestamp":"2026-05-06T04:21:42.159609Z","level":"info","event":"ds_nodash: 20260506","logger":"task.stdout"}
{"timestamp":"2026-05-06T04:21:42.161228Z","level":"info","event":"ts: 2026-05-06T03:00:00+00:00","logger":"task.stdout"}
{"timestamp":"2026-05-06T04:21:42.163564Z","level":"info","event":"ts_nodash: 20260506T030000","logger":"task.stdout"}
{"timestamp":"2026-05-06T04:21:42.164124Z","level":"info","event":"ts_nodash_with_tz: 20260506T030000+0000","logger":"task.stdout"}
{"timestamp":"2026-05-06T04:21:42.164629Z","level":"info","event":"data_interval_end: 2026-05-06 03:00:00+00:00","logger":"task.stdout"}
{"timestamp":"2026-05-06T04:21:42.165060Z","level":"info","event":"data_interval_start: 2026-05-06 03:00:00+00:00","logger":"task.stdout"}
{"timestamp":"2026-05-06T04:21:42.165527Z","level":"info","event":"prev_data_interval_start_success: 2026-05-06 00:00:00+00:00","logger":"task.stdout"}
{"timestamp":"2026-05-06T04:21:42.166020Z","level":"info","event":"prev_data_interval_end_success: 2026-05-06 00:00:00+00:00","logger":"task.stdout"}
{"timestamp":"2026-05-06T04:21:42.168512Z","level":"info","event":"templates_dict: None","logger":"task.stdout"}
{"timestamp":"2026-05-06T04:21:42.155706Z","level":"info","event":"Done. Returned value was: None","logger":"airflow.task.operators.airflow.providers.standard.operators.python.PythonOperator","filename":"python.py","lineno":229}
{"timestamp":"2026-05-06T04:21:42.215722Z","level":"info","event":"Task instance in success state","logger":"task.stdout"}
{"timestamp":"2026-05-06T04:21:42.217043Z","level":"info","event":" Previous state of the Task instance: TaskInstanceState.RUNNING","logger":"task.stdout"}
{"timestamp":"2026-05-06T04:21:42.223357Z","level":"info","event":"Task operator:<Task(PythonOperator): print_interval>","logger":"task.stdout"}
{"timestamp":"2026-05-06T14:47:31.226378Z","level":"info","event":"DAG bundles loaded: dags-folder, example_dags","logger":"airflow.dag_processing.bundles.manager.DagBundlesManager","filename":"manager.py","lineno":209}
{"timestamp":"2026-05-06T14:47:31.228816Z","level":"info","event":"Filling up the DagBag from /opt/airflow/dags/print_interval_dag.py","logger":"airflow.dag_processing.dagbag.BundleDagBag","filename":"dagbag.py","lineno":469}
{"timestamp":"2026-05-06T14:47:31.313398Z","level":"info","event":"Task instance is in running state","logger":"task.stdout"}
{"timestamp":"2026-05-06T14:47:31.315043Z","level":"info","event":" Previous state of the Task instance: TaskInstanceState.QUEUED","logger":"task.stdout"}
{"timestamp":"2026-05-06T14:47:31.317041Z","level":"info","event":"Current task name:print_interval","logger":"task.stdout"}
{"timestamp":"2026-05-06T14:47:31.318254Z","level":"info","event":"Dag name:print_interval_dag","logger":"task.stdout"}
{"timestamp":"2026-05-06T14:47:31.320015Z","level":"info","event":"=== INTERVAL INFO ===","logger":"task.stdout"}
{"timestamp":"2026-05-06T14:47:31.321081Z","level":"info","event":"Interval Start:  2026-05-06 03:00:00+00:00","logger":"task.stdout"}
{"timestamp":"2026-05-06T14:47:31.321945Z","level":"info","event":"Interval End:    2026-05-06 03:00:00+00:00","logger":"task.stdout"}
{"timestamp":"2026-05-06T14:47:31.324464Z","level":"info","event":"Duration:        0:00:00","logger":"task.stdout"}
{"timestamp":"2026-05-06T14:47:31.325183Z","level":"info","event":"=== ALL AVAILABLE MACROS ===","logger":"task.stdout"}
{"timestamp":"2026-05-06T14:47:31.326161Z","level":"info","event":"dag: <DAG: print_interval_dag>","logger":"task.stdout"}
{"timestamp":"2026-05-06T14:47:31.331229Z","level":"info","event":"inlets: []","logger":"task.stdout"}
{"timestamp":"2026-05-06T14:47:31.333636Z","level":"info","event":"map_index_template: None","logger":"task.stdout"}
{"timestamp":"2026-05-06T14:47:31.338400Z","level":"info","event":"outlets: []","logger":"task.stdout"}
{"timestamp":"2026-05-06T14:47:31.341670Z","level":"info","event":"run_id: scheduled__2026-05-06T03:00:00+00:00","logger":"task.stdout"}
{"timestamp":"2026-05-06T14:47:31.342562Z","level":"info","event":"task: <Task(PythonOperator): print_interval>","logger":"task.stdout"}
{"timestamp":"2026-05-06T14:47:31.343619Z","level":"info","event":"task_instance: id=UUID('019dfdc2-1a7b-7931-9093-8a76cb1d42f8') task_id='print_interval' dag_id='print_interval_dag' run_id='scheduled__2026-05-06T03:00:00+00:00' try_number=1 dag_version_id=UUID('019dfdc0-ac2b-7973-9b93-eab8e640e2bd') map_index=-1 hostname='86abe326db93' context_carrier={'traceparent': '00-f519032cc2d62864dfead0b3ad25dd20-da9b303a6f7b3e86-01'} task=<Task(PythonOperator): print_interval> bundle_instance=LocalDagBundle(name=dags-folder) max_tries=0 start_date=datetime.datetime(2026, 5, 6, 14, 47, 30, 85590, tzinfo=datetime.timezone.utc) end_date=None state=<TaskInstanceState.RUNNING: 'running'> is_mapped=False rendered_map_index=None sentry_integration=''","logger":"task.stdout"}
{"timestamp":"2026-05-06T14:47:31.346883Z","level":"info","event":"ti: id=UUID('019dfdc2-1a7b-7931-9093-8a76cb1d42f8') task_id='print_interval' dag_id='print_interval_dag' run_id='scheduled__2026-05-06T03:00:00+00:00' try_number=1 dag_version_id=UUID('019dfdc0-ac2b-7973-9b93-eab8e640e2bd') map_index=-1 hostname='86abe326db93' context_carrier={'traceparent': '00-f519032cc2d62864dfead0b3ad25dd20-da9b303a6f7b3e86-01'} task=<Task(PythonOperator): print_interval> bundle_instance=LocalDagBundle(name=dags-folder) max_tries=0 start_date=datetime.datetime(2026, 5, 6, 14, 47, 30, 85590, tzinfo=datetime.timezone.utc) end_date=None state=<TaskInstanceState.RUNNING: 'running'> is_mapped=False rendered_map_index=None sentry_integration=''","logger":"task.stdout"}
{"timestamp":"2026-05-06T14:47:31.347874Z","level":"info","event":"outlet_events: OutletEventAccessors(_dict={})","logger":"task.stdout"}
{"timestamp":"2026-05-06T14:47:31.355796Z","level":"info","event":"inlet_events: InletEventsAccessors(_inlets=[], _assets={}, _asset_aliases={})","logger":"task.stdout"}
{"timestamp":"2026-05-06T14:47:31.357899Z","level":"info","event":"macros: <MacrosAccessor (dynamic access to macros)>","logger":"task.stdout"}
{"timestamp":"2026-05-06T14:47:31.358842Z","level":"info","event":"params: {}","logger":"task.stdout"}
{"timestamp":"2026-05-06T14:47:31.359355Z","level":"info","event":"var: {'json': <VariableAccessor (dynamic access)>, 'value': <VariableAccessor (dynamic access)>}","logger":"task.stdout"}
{"timestamp":"2026-05-06T14:47:31.359823Z","level":"info","event":"conn: <ConnectionAccessor (dynamic access)>","logger":"task.stdout"}
{"timestamp":"2026-05-06T14:47:31.360317Z","level":"info","event":"dag_run: dag_id='print_interval_dag' run_id='scheduled__2026-05-06T03:00:00+00:00' logical_date=datetime.datetime(2026, 5, 6, 3, 0, tzinfo=datetime.timezone.utc) data_interval_start=datetime.datetime(2026, 5, 6, 3, 0, tzinfo=datetime.timezone.utc) data_interval_end=datetime.datetime(2026, 5, 6, 3, 0, tzinfo=datetime.timezone.utc) run_after=datetime.datetime(2026, 5, 6, 3, 0, tzinfo=datetime.timezone.utc) start_date=datetime.datetime(2026, 5, 6, 14, 47, 29, 705455, tzinfo=datetime.timezone.utc) end_date=None clear_number=0 run_type=<DagRunType.SCHEDULED: 'scheduled'> state=<DagRunState.RUNNING: 'running'> conf={} triggering_user_name=None consumed_asset_events=[] partition_key=None note=None","logger":"task.stdout"}
{"timestamp":"2026-05-06T14:47:31.361611Z","level":"info","event":"triggering_asset_events: TriggeringAssetEventAccessor(_events=defaultdict(<class 'list'>, {}))","logger":"task.stdout"}
{"timestamp":"2026-05-06T14:47:31.362125Z","level":"info","event":"task_instance_key_str: print_interval_dag__print_interval__20260506","logger":"task.stdout"}
{"timestamp":"2026-05-06T14:47:31.362725Z","level":"info","event":"task_reschedule_count: 0","logger":"task.stdout"}
{"timestamp":"2026-05-06T14:47:31.388818Z","level":"info","event":"prev_start_date_success: 2026-05-06 14:47:29.221763+00:00","logger":"task.stdout"}
{"timestamp":"2026-05-06T14:47:31.389422Z","level":"info","event":"prev_end_date_success: 2026-05-06 14:47:31.310129+00:00","logger":"task.stdout"}
{"timestamp":"2026-05-06T14:47:31.390099Z","level":"info","event":"logical_date: 2026-05-06 03:00:00+00:00","logger":"task.stdout"}
{"timestamp":"2026-05-06T14:47:31.391157Z","level":"info","event":"ds: 2026-05-06","logger":"task.stdout"}
{"timestamp":"2026-05-06T14:47:31.392375Z","level":"info","event":"ds_nodash: 20260506","logger":"task.stdout"}
{"timestamp":"2026-05-06T14:47:31.392910Z","level":"info","event":"ts: 2026-05-06T03:00:00+00:00","logger":"task.stdout"}
{"timestamp":"2026-05-06T14:47:31.393737Z","level":"info","event":"ts_nodash: 20260506T030000","logger":"task.stdout"}
{"timestamp":"2026-05-06T14:47:31.394284Z","level":"info","event":"ts_nodash_with_tz: 20260506T030000+0000","logger":"task.stdout"}
{"timestamp":"2026-05-06T14:47:31.394739Z","level":"info","event":"data_interval_end: 2026-05-06 03:00:00+00:00","logger":"task.stdout"}
{"timestamp":"2026-05-06T14:47:31.395248Z","level":"info","event":"data_interval_start: 2026-05-06 03:00:00+00:00","logger":"task.stdout"}
{"timestamp":"2026-05-06T14:47:31.395612Z","level":"info","event":"prev_data_interval_start_success: 2026-05-06 00:00:00+00:00","logger":"task.stdout"}
{"timestamp":"2026-05-06T14:47:31.396065Z","level":"info","event":"prev_data_interval_end_success: 2026-05-06 00:00:00+00:00","logger":"task.stdout"}
{"timestamp":"2026-05-06T14:47:31.396595Z","level":"info","event":"templates_dict: None","logger":"task.stdout"}
{"timestamp":"2026-05-06T14:47:31.388505Z","level":"info","event":"Done. Returned value was: None","logger":"airflow.task.operators.airflow.providers.standard.operators.python.PythonOperator","filename":"python.py","lineno":229}
{"timestamp":"2026-05-06T14:47:31.434062Z","level":"info","event":"Task instance in success state","logger":"task.stdout"}
{"timestamp":"2026-05-06T14:47:31.435261Z","level":"info","event":" Previous state of the Task instance: TaskInstanceState.RUNNING","logger":"task.stdout"}
{"timestamp":"2026-05-06T14:47:31.439587Z","level":"info","event":"Task operator:<Task(PythonOperator): print_interval>","logger":"task.stdout"}
{"timestamp":"2026-05-06T14:50:50.484146Z","level":"info","event":"DAG bundles loaded: dags-folder, example_dags","logger":"airflow.dag_processing.bundles.manager.DagBundlesManager","filename":"manager.py","lineno":209}
{"timestamp":"2026-05-06T14:50:50.488437Z","level":"info","event":"Filling up the DagBag from /opt/airflow/dags/print_interval_dag.py","logger":"airflow.dag_processing.dagbag.BundleDagBag","filename":"dagbag.py","lineno":469}
{"timestamp":"2026-05-06T14:50:50.821114Z","level":"info","event":"Task instance is in running state","logger":"task.stdout"}
{"timestamp":"2026-05-06T14:50:50.823939Z","level":"info","event":" Previous state of the Task instance: TaskInstanceState.QUEUED","logger":"task.stdout"}
{"timestamp":"2026-05-06T14:50:50.824860Z","level":"info","event":"Current task name:print_interval","logger":"task.stdout"}
{"timestamp":"2026-05-06T14:50:50.826143Z","level":"info","event":"Dag name:print_interval_dag","logger":"task.stdout"}
{"timestamp":"2026-05-06T14:50:50.828866Z","level":"error","event":"Task failed with exception","logger":"task","filename":"task_runner.py","lineno":1347,"error_detail":[{"exc_type":"AttributeError","exc_value":"'DAG' object has no attribute 'schedule_interval'","exc_notes":[],"syntax_error":null,"is_cause":false,"frames":[{"filename":"/home/airflow/.local/lib/python3.13/site-packages/airflow/sdk/execution_time/task_runner.py","lineno":1263,"name":"run"},{"filename":"/home/airflow/.local/lib/python3.13/site-packages/airflow/sdk/execution_time/task_runner.py","lineno":1678,"name":"_execute_task"},{"filename":"/home/airflow/.local/lib/python3.13/site-packages/airflow/sdk/bases/operator.py","lineno":443,"name":"wrapper"},{"filename":"/home/airflow/.local/lib/python3.13/site-packages/airflow/providers/standard/operators/python.py","lineno":227,"name":"execute"},{"filename":"/home/airflow/.local/lib/python3.13/site-packages/airflow/providers/standard/operators/python.py","lineno":250,"name":"execute_callable"},{"filename":"/home/airflow/.local/lib/python3.13/site-packages/airflow/sdk/execution_time/callback_runner.py","lineno":97,"name":"run"},{"filename":"/opt/airflow/dags/print_interval_dag.py","lineno":11,"name":"print_interval"}],"is_group":false,"exceptions":[]}]}
{"timestamp":"2026-05-06T14:50:50.834642Z","level":"info","event":"Task instance in failure state","logger":"task.stdout"}
{"timestamp":"2026-05-06T14:50:50.837788Z","level":"info","event":"Task start","logger":"task.stdout"}
{"timestamp":"2026-05-06T14:50:50.839785Z","level":"info","event":"Task:<Task(PythonOperator): print_interval>","logger":"task.stdout"}
{"timestamp":"2026-05-06T14:50:50.841727Z","level":"info","event":"Failure caused by 'DAG' object has no attribute 'schedule_interval'","logger":"task.stdout"}
{"timestamp":"2026-05-06T14:53:32.784107Z","level":"info","event":"DAG bundles loaded: dags-folder, example_dags","logger":"airflow.dag_processing.bundles.manager.DagBundlesManager","filename":"manager.py","lineno":209}
{"timestamp":"2026-05-06T14:53:32.786224Z","level":"info","event":"Filling up the DagBag from /opt/airflow/dags/print_interval_dag.py","logger":"airflow.dag_processing.dagbag.BundleDagBag","filename":"dagbag.py","lineno":469}
{"timestamp":"2026-05-06T14:53:32.906919Z","level":"info","event":"Task instance is in running state","logger":"task.stdout"}
{"timestamp":"2026-05-06T14:53:32.913929Z","level":"info","event":" Previous state of the Task instance: TaskInstanceState.QUEUED","logger":"task.stdout"}
{"timestamp":"2026-05-06T14:53:32.915142Z","level":"info","event":"Current task name:print_interval","logger":"task.stdout"}
{"timestamp":"2026-05-06T14:53:32.917953Z","level":"info","event":"Dag name:print_interval_dag","logger":"task.stdout"}
{"timestamp":"2026-05-06T14:53:32.921778Z","level":"info","event":"=== INTERVAL INFO ===","logger":"task.stdout"}
{"timestamp":"2026-05-06T14:53:32.925936Z","level":"info","event":"Interval Start:  2026-05-06 03:00:00+00:00","logger":"task.stdout"}
{"timestamp":"2026-05-06T14:53:32.926543Z","level":"info","event":"Interval End:    2026-05-06 06:00:00+00:00","logger":"task.stdout"}
{"timestamp":"2026-05-06T14:53:32.927017Z","level":"info","event":"Duration:        3:00:00","logger":"task.stdout"}
{"timestamp":"2026-05-06T14:53:32.922486Z","level":"info","event":"Done. Returned value was: None","logger":"airflow.task.operators.airflow.providers.standard.operators.python.PythonOperator","filename":"python.py","lineno":229}
{"timestamp":"2026-05-06T14:53:33.008595Z","level":"info","event":"Task instance in success state","logger":"task.stdout"}
{"timestamp":"2026-05-06T14:53:33.012240Z","level":"info","event":" Previous state of the Task instance: TaskInstanceState.RUNNING","logger":"task.stdout"}
{"timestamp":"2026-05-06T14:53:33.028651Z","level":"info","event":"Task operator:<Task(PythonOperator): print_interval>","logger":"task.stdout"}
