{"timestamp":"2026-05-05T10:29:35.276879Z","level":"info","event":"DAG bundles loaded: dags-folder, example_dags","logger":"airflow.dag_processing.bundles.manager.DagBundlesManager","filename":"manager.py","lineno":209}
{"timestamp":"2026-05-05T10:29:35.278890Z","level":"info","event":"Filling up the DagBag from /opt/airflow/dags/print_interval_dag.py","logger":"airflow.dag_processing.dagbag.BundleDagBag","filename":"dagbag.py","lineno":469}
{"timestamp":"2026-05-05T10:29:35.290827Z","level":"warning","event":"The `airflow.operators.python.PythonOperator` attribute is deprecated. Please use `'airflow.providers.standard.operators.python.PythonOperator'`.","category":"UserWarning","filename":"/opt/airflow/dags/print_interval_dag.py","lineno":2,"logger":"py.warnings"}
{"timestamp":"2026-05-05T10:29:35.345970Z","level":"info","event":"Task instance is in running state","logger":"task.stdout"}
{"timestamp":"2026-05-05T10:29:35.346783Z","level":"info","event":" Previous state of the Task instance: TaskInstanceState.QUEUED","logger":"task.stdout"}
{"timestamp":"2026-05-05T10:29:35.349648Z","level":"info","event":"Current task name:print_interval","logger":"task.stdout"}
{"timestamp":"2026-05-05T10:29:35.350359Z","level":"info","event":"Dag name:print_interval_dag","logger":"task.stdout"}
{"timestamp":"2026-05-05T10:29:35.353203Z","level":"info","event":"Interval Start: 2025-05-05 18:00:00+00:00","logger":"task.stdout"}
{"timestamp":"2026-05-05T10:29:35.355179Z","level":"info","event":"Interval End:   2025-05-05 18:00:00+00:00","logger":"task.stdout"}
{"timestamp":"2026-05-05T10:29:35.353734Z","level":"info","event":"Done. Returned value was: None","logger":"airflow.task.operators.airflow.providers.standard.operators.python.PythonOperator","filename":"python.py","lineno":229}
{"timestamp":"2026-05-05T10:29:35.396100Z","level":"info","event":"Task instance in success state","logger":"task.stdout"}
{"timestamp":"2026-05-05T10:29:35.396743Z","level":"info","event":" Previous state of the Task instance: TaskInstanceState.RUNNING","logger":"task.stdout"}
{"timestamp":"2026-05-05T10:29:35.401016Z","level":"info","event":"Task operator:<Task(PythonOperator): print_interval>","logger":"task.stdout"}
{"timestamp":"2026-05-05T12:25:25.455774Z","level":"info","event":"DAG bundles loaded: dags-folder, example_dags","logger":"airflow.dag_processing.bundles.manager.DagBundlesManager","filename":"manager.py","lineno":209}
{"timestamp":"2026-05-05T12:25:25.457619Z","level":"info","event":"Filling up the DagBag from /opt/airflow/dags/print_interval_dag.py","logger":"airflow.dag_processing.dagbag.BundleDagBag","filename":"dagbag.py","lineno":469}
{"timestamp":"2026-05-05T12:25:25.585410Z","level":"info","event":"Task instance is in running state","logger":"task.stdout"}
{"timestamp":"2026-05-05T12:25:25.586356Z","level":"info","event":" Previous state of the Task instance: TaskInstanceState.QUEUED","logger":"task.stdout"}
{"timestamp":"2026-05-05T12:25:25.586975Z","level":"info","event":"Current task name:print_interval","logger":"task.stdout"}
{"timestamp":"2026-05-05T12:25:25.587605Z","level":"info","event":"Dag name:print_interval_dag","logger":"task.stdout"}
{"timestamp":"2026-05-05T12:25:25.589591Z","level":"info","event":"=== ALL AVAILABLE MACROS ===","logger":"task.stdout"}
{"timestamp":"2026-05-05T12:25:25.590291Z","level":"info","event":"dag: <DAG: print_interval_dag>","logger":"task.stdout"}
{"timestamp":"2026-05-05T12:25:25.590816Z","level":"info","event":"inlets: []","logger":"task.stdout"}
{"timestamp":"2026-05-05T12:25:25.591302Z","level":"info","event":"map_index_template: None","logger":"task.stdout"}
{"timestamp":"2026-05-05T12:25:25.591778Z","level":"info","event":"outlets: []","logger":"task.stdout"}
{"timestamp":"2026-05-05T12:25:25.592214Z","level":"info","event":"run_id: scheduled__2025-05-05T18:00:00+00:00","logger":"task.stdout"}
{"timestamp":"2026-05-05T12:25:25.594742Z","level":"info","event":"task: <Task(PythonOperator): print_interval>","logger":"task.stdout"}
{"timestamp":"2026-05-05T12:25:25.595289Z","level":"info","event":"task_instance: id=UUID('019df819-a7e3-7d36-af6f-19b41fe766ea') task_id='print_interval' dag_id='print_interval_dag' run_id='scheduled__2025-05-05T18:00:00+00:00' try_number=1 dag_version_id=UUID('019df815-a045-750b-bac8-47ced7cc6a45') map_index=-1 hostname='86abe326db93' context_carrier={'traceparent': '00-18f90685811f5ac9046c1650e8c3ce92-ea895fe40bb8357a-01'} task=<Task(PythonOperator): print_interval> bundle_instance=LocalDagBundle(name=dags-folder) max_tries=0 start_date=datetime.datetime(2026, 5, 5, 12, 25, 24, 516977, tzinfo=datetime.timezone.utc) end_date=None state=<TaskInstanceState.RUNNING: 'running'> is_mapped=False rendered_map_index=None sentry_integration=''","logger":"task.stdout"}
{"timestamp":"2026-05-05T12:25:25.596347Z","level":"info","event":"ti: id=UUID('019df819-a7e3-7d36-af6f-19b41fe766ea') task_id='print_interval' dag_id='print_interval_dag' run_id='scheduled__2025-05-05T18:00:00+00:00' try_number=1 dag_version_id=UUID('019df815-a045-750b-bac8-47ced7cc6a45') map_index=-1 hostname='86abe326db93' context_carrier={'traceparent': '00-18f90685811f5ac9046c1650e8c3ce92-ea895fe40bb8357a-01'} task=<Task(PythonOperator): print_interval> bundle_instance=LocalDagBundle(name=dags-folder) max_tries=0 start_date=datetime.datetime(2026, 5, 5, 12, 25, 24, 516977, tzinfo=datetime.timezone.utc) end_date=None state=<TaskInstanceState.RUNNING: 'running'> is_mapped=False rendered_map_index=None sentry_integration=''","logger":"task.stdout"}
{"timestamp":"2026-05-05T12:25:25.597609Z","level":"info","event":"outlet_events: OutletEventAccessors(_dict={})","logger":"task.stdout"}
{"timestamp":"2026-05-05T12:25:25.598439Z","level":"info","event":"inlet_events: InletEventsAccessors(_inlets=[], _assets={}, _asset_aliases={})","logger":"task.stdout"}
{"timestamp":"2026-05-05T12:25:25.598874Z","level":"info","event":"macros: <MacrosAccessor (dynamic access to macros)>","logger":"task.stdout"}
{"timestamp":"2026-05-05T12:25:25.599173Z","level":"info","event":"params: {}","logger":"task.stdout"}
{"timestamp":"2026-05-05T12:25:25.599425Z","level":"info","event":"var: {'json': <VariableAccessor (dynamic access)>, 'value': <VariableAccessor (dynamic access)>}","logger":"task.stdout"}
{"timestamp":"2026-05-05T12:25:25.599889Z","level":"info","event":"conn: <ConnectionAccessor (dynamic access)>","logger":"task.stdout"}
{"timestamp":"2026-05-05T12:25:25.600280Z","level":"info","event":"dag_run: dag_id='print_interval_dag' run_id='scheduled__2025-05-05T18:00:00+00:00' logical_date=datetime.datetime(2025, 5, 5, 18, 0, tzinfo=datetime.timezone.utc) data_interval_start=datetime.datetime(2025, 5, 5, 18, 0, tzinfo=datetime.timezone.utc) data_interval_end=datetime.datetime(2025, 5, 5, 18, 0, tzinfo=datetime.timezone.utc) run_after=datetime.datetime(2025, 5, 5, 18, 0, tzinfo=datetime.timezone.utc) start_date=datetime.datetime(2026, 5, 5, 12, 25, 24, 222027, tzinfo=datetime.timezone.utc) end_date=None clear_number=0 run_type=<DagRunType.SCHEDULED: 'scheduled'> state=<DagRunState.RUNNING: 'running'> conf={} triggering_user_name=None consumed_asset_events=[] partition_key=None note=None","logger":"task.stdout"}
{"timestamp":"2026-05-05T12:25:25.600670Z","level":"info","event":"triggering_asset_events: TriggeringAssetEventAccessor(_events=defaultdict(<class 'list'>, {}))","logger":"task.stdout"}
{"timestamp":"2026-05-05T12:25:25.600992Z","level":"info","event":"task_instance_key_str: print_interval_dag__print_interval__20250505","logger":"task.stdout"}
{"timestamp":"2026-05-05T12:25:25.601366Z","level":"info","event":"task_reschedule_count: 0","logger":"task.stdout"}
{"timestamp":"2026-05-05T12:25:25.622459Z","level":"info","event":"prev_start_date_success: 2026-05-05 12:25:23.273350+00:00","logger":"task.stdout"}
{"timestamp":"2026-05-05T12:25:25.625536Z","level":"info","event":"prev_end_date_success: 2026-05-05 12:25:25.243826+00:00","logger":"task.stdout"}
{"timestamp":"2026-05-05T12:25:25.626675Z","level":"info","event":"logical_date: 2025-05-05 18:00:00+00:00","logger":"task.stdout"}
{"timestamp":"2026-05-05T12:25:25.627364Z","level":"info","event":"ds: 2025-05-05","logger":"task.stdout"}
{"timestamp":"2026-05-05T12:25:25.628147Z","level":"info","event":"ds_nodash: 20250505","logger":"task.stdout"}
{"timestamp":"2026-05-05T12:25:25.628495Z","level":"info","event":"ts: 2025-05-05T18:00:00+00:00","logger":"task.stdout"}
{"timestamp":"2026-05-05T12:25:25.628952Z","level":"info","event":"ts_nodash: 20250505T180000","logger":"task.stdout"}
{"timestamp":"2026-05-05T12:25:25.629305Z","level":"info","event":"ts_nodash_with_tz: 20250505T180000+0000","logger":"task.stdout"}
{"timestamp":"2026-05-05T12:25:25.630687Z","level":"info","event":"data_interval_end: 2025-05-05 18:00:00+00:00","logger":"task.stdout"}
{"timestamp":"2026-05-05T12:25:25.631070Z","level":"info","event":"data_interval_start: 2025-05-05 18:00:00+00:00","logger":"task.stdout"}
{"timestamp":"2026-05-05T12:25:25.631389Z","level":"info","event":"prev_data_interval_start_success: 2025-05-05 12:00:00+00:00","logger":"task.stdout"}
{"timestamp":"2026-05-05T12:25:25.631676Z","level":"info","event":"prev_data_interval_end_success: 2025-05-05 12:00:00+00:00","logger":"task.stdout"}
{"timestamp":"2026-05-05T12:25:25.631952Z","level":"info","event":"templates_dict: None","logger":"task.stdout"}
{"timestamp":"2026-05-05T12:25:25.621715Z","level":"info","event":"Done. Returned value was: None","logger":"airflow.task.operators.airflow.providers.standard.operators.python.PythonOperator","filename":"python.py","lineno":229}
{"timestamp":"2026-05-05T12:25:25.684063Z","level":"info","event":"Task instance in success state","logger":"task.stdout"}
{"timestamp":"2026-05-05T12:25:25.684679Z","level":"info","event":" Previous state of the Task instance: TaskInstanceState.RUNNING","logger":"task.stdout"}
{"timestamp":"2026-05-05T12:25:25.685590Z","level":"info","event":"Task operator:<Task(PythonOperator): print_interval>","logger":"task.stdout"}
