{"timestamp":"2026-05-08T17:38:20.582548Z","level":"info","event":"DAG bundles loaded: dags-folder, example_dags","logger":"airflow.dag_processing.bundles.manager.DagBundlesManager","filename":"manager.py","lineno":209}
{"timestamp":"2026-05-08T17:38:20.587870Z","level":"info","event":"Filling up the DagBag from /opt/airflow/dags/csv_upsert_pipeline.py","logger":"airflow.dag_processing.dagbag.BundleDagBag","filename":"dagbag.py","lineno":469}
{"timestamp":"2026-05-08T17:38:20.602135Z","level":"warning","event":"airflow.exceptions.AirflowSkipException is deprecated and will be removed in a future version. Use airflow.sdk.exceptions.AirflowSkipException instead.","category":"UserWarning","filename":"/opt/airflow/dags/csv_upsert_pipeline.py","lineno":7,"logger":"py.warnings"}
{"timestamp":"2026-05-08T17:38:20.728872Z","level":"info","event":"Task instance is in running state","logger":"task.stdout"}
{"timestamp":"2026-05-08T17:38:20.730122Z","level":"info","event":" Previous state of the Task instance: TaskInstanceState.QUEUED","logger":"task.stdout"}
{"timestamp":"2026-05-08T17:38:20.733143Z","level":"info","event":"Current task name:process_partition","logger":"task.stdout"}
{"timestamp":"2026-05-08T17:38:20.736575Z","level":"info","event":"Dag name:csv_upsert_pipeline","logger":"task.stdout"}
{"timestamp":"2026-05-08T17:38:20.737530Z","level":"info","event":"[INFO] data_interval_start : 2026-05-05 04:00:00+00:00","logger":"task.stdout"}
{"timestamp":"2026-05-08T17:38:20.741185Z","level":"info","event":"[INFO] data_interval_end   : 2026-05-05 04:00:00+00:00","logger":"task.stdout"}
{"timestamp":"2026-05-08T17:38:20.742606Z","level":"info","event":"[INFO] Processing partition: /data/time_stamp=2026-05-05-04","logger":"task.stdout"}
{"timestamp":"2026-05-08T17:38:20.743159Z","level":"info","event":"[INFO] Sorted files: ['data_1.csv']","logger":"task.stdout"}
{"timestamp":"2026-05-08T17:38:20.744802Z","level":"info","event":"[INFO] Read data_1.csv  (index=1)","logger":"task.stdout"}
{"timestamp":"2026-05-08T17:38:20.746920Z","level":"info","event":"[INFO] Resolved 12 unique IDs for this run:","logger":"task.stdout"}
{"timestamp":"2026-05-08T17:38:20.748538Z","level":"info","event":"       id=1 → {'id': '1', 'name': 'Hank', 'age': '36', 'department': 'Finance', 'salary': '111393.83', 'working_hours': '55.3'}","logger":"task.stdout"}
{"timestamp":"2026-05-08T17:38:20.753295Z","level":"info","event":"       id=2 → {'id': '2', 'name': 'Eve', 'age': '49', 'department': 'Engineering', 'salary': '53638.78', 'working_hours': '53.7'}","logger":"task.stdout"}
{"timestamp":"2026-05-08T17:38:20.755592Z","level":"info","event":"       id=3 → {'id': '3', 'name': 'Diana', 'age': '53', 'department': 'Finance', 'salary': '50572.34', 'working_hours': '30.3'}","logger":"task.stdout"}
{"timestamp":"2026-05-08T17:38:20.757710Z","level":"info","event":"       id=4 → {'id': '4', 'name': 'Diana', 'age': '41', 'department': 'Finance', 'salary': '73854.19', 'working_hours': '42.1'}","logger":"task.stdout"}
{"timestamp":"2026-05-08T17:38:20.758276Z","level":"info","event":"       id=5 → {'id': '5', 'name': 'Bob', 'age': '51', 'department': 'Operations', 'salary': '47033.67', 'working_hours': '44.8'}","logger":"task.stdout"}
{"timestamp":"2026-05-08T17:38:20.759785Z","level":"info","event":"       id=6 → {'id': '6', 'name': 'Alice', 'age': '52', 'department': 'Engineering', 'salary': '33653.23', 'working_hours': '38.8'}","logger":"task.stdout"}
{"timestamp":"2026-05-08T17:38:20.760440Z","level":"info","event":"       id=7 → {'id': '7', 'name': 'Ivy', 'age': '53', 'department': 'Operations', 'salary': '56266.87', 'working_hours': '58.7'}","logger":"task.stdout"}
{"timestamp":"2026-05-08T17:38:20.761005Z","level":"info","event":"       id=8 → {'id': '8', 'name': 'Jack', 'age': '34', 'department': 'Sales', 'salary': '95302.88', 'working_hours': '43.1'}","logger":"task.stdout"}
{"timestamp":"2026-05-08T17:38:20.761749Z","level":"info","event":"       id=9 → {'id': '9', 'name': 'Jack', 'age': '34', 'department': 'Marketing', 'salary': '44965.43', 'working_hours': '59.6'}","logger":"task.stdout"}
{"timestamp":"2026-05-08T17:38:20.763624Z","level":"info","event":"       id=10 → {'id': '10', 'name': 'Charlie', 'age': '41', 'department': 'Marketing', 'salary': '54904.47', 'working_hours': '35.6'}","logger":"task.stdout"}
{"timestamp":"2026-05-08T17:38:20.765153Z","level":"info","event":"       id=11 → {'id': '11', 'name': 'Eve', 'age': '51', 'department': 'Finance', 'salary': '58735.08', 'working_hours': '45.4'}","logger":"task.stdout"}
{"timestamp":"2026-05-08T17:38:20.769170Z","level":"info","event":"       id=12 → {'id': '12', 'name': 'Alice', 'age': '41', 'department': 'Marketing', 'salary': '31223.38', 'working_hours': '42.8'}","logger":"task.stdout"}
{"timestamp":"2026-05-08T17:38:20.770183Z","level":"info","event":"[INFO] result.csv mil gayi — upsert karte hain.","logger":"task.stdout"}
{"timestamp":"2026-05-08T17:38:20.770913Z","level":"info","event":"[INFO] Existing result.csv mein 20 rows hain.","logger":"task.stdout"}
{"timestamp":"2026-05-08T17:38:20.774037Z","level":"info","event":"       UPDATE  id=1","logger":"task.stdout"}
{"timestamp":"2026-05-08T17:38:20.774663Z","level":"info","event":"       UPDATE  id=2","logger":"task.stdout"}
{"timestamp":"2026-05-08T17:38:20.775215Z","level":"info","event":"       UPDATE  id=3","logger":"task.stdout"}
{"timestamp":"2026-05-08T17:38:20.778979Z","level":"info","event":"       UPDATE  id=4","logger":"task.stdout"}
{"timestamp":"2026-05-08T17:38:20.779549Z","level":"info","event":"       UPDATE  id=5","logger":"task.stdout"}
{"timestamp":"2026-05-08T17:38:20.780779Z","level":"info","event":"       UPDATE  id=6","logger":"task.stdout"}
{"timestamp":"2026-05-08T17:38:20.782004Z","level":"info","event":"       UPDATE  id=7","logger":"task.stdout"}
{"timestamp":"2026-05-08T17:38:20.783508Z","level":"info","event":"       UPDATE  id=8","logger":"task.stdout"}
{"timestamp":"2026-05-08T17:38:20.784236Z","level":"info","event":"       UPDATE  id=9","logger":"task.stdout"}
{"timestamp":"2026-05-08T17:38:20.784758Z","level":"info","event":"       UPDATE  id=10","logger":"task.stdout"}
{"timestamp":"2026-05-08T17:38:20.785201Z","level":"info","event":"       UPDATE  id=11","logger":"task.stdout"}
{"timestamp":"2026-05-08T17:38:20.788661Z","level":"info","event":"       UPDATE  id=12","logger":"task.stdout"}
{"timestamp":"2026-05-08T17:38:20.790526Z","level":"info","event":"[INFO] result.csv updated — total 20 rows.","logger":"task.stdout"}
{"timestamp":"2026-05-08T17:38:20.744518Z","level":"info","event":"Done. Returned value was: None","logger":"airflow.task.operators.airflow.providers.standard.operators.python.PythonOperator","filename":"python.py","lineno":229}
{"timestamp":"2026-05-08T17:38:20.858236Z","level":"info","event":"Task instance in success state","logger":"task.stdout"}
{"timestamp":"2026-05-08T17:38:20.858772Z","level":"info","event":" Previous state of the Task instance: TaskInstanceState.RUNNING","logger":"task.stdout"}
{"timestamp":"2026-05-08T17:38:20.860393Z","level":"info","event":"Task operator:<Task(PythonOperator): process_partition>","logger":"task.stdout"}
{"timestamp":"2026-05-11T16:47:25.245037Z","level":"info","event":"DAG bundles loaded: dags-folder, example_dags","logger":"airflow.dag_processing.bundles.manager.DagBundlesManager","filename":"manager.py","lineno":209}
{"timestamp":"2026-05-11T16:47:25.246648Z","level":"info","event":"Filling up the DagBag from /opt/airflow/dags/__pycache__/csv_upsert_pipeline.py","logger":"airflow.dag_processing.dagbag.BundleDagBag","filename":"dagbag.py","lineno":469}
{"timestamp":"2026-05-11T16:47:25.258485Z","level":"warning","event":"airflow.exceptions.AirflowSkipException is deprecated and will be removed in a future version. Use airflow.sdk.exceptions.AirflowSkipException instead.","category":"UserWarning","filename":"/opt/airflow/dags/__pycache__/csv_upsert_pipeline.py","lineno":7,"logger":"py.warnings"}
{"timestamp":"2026-05-11T16:47:25.563454Z","level":"info","event":"Task instance is in running state","logger":"task.stdout"}
{"timestamp":"2026-05-11T16:47:25.568628Z","level":"info","event":" Previous state of the Task instance: TaskInstanceState.QUEUED","logger":"task.stdout"}
{"timestamp":"2026-05-11T16:47:25.572284Z","level":"info","event":"Current task name:process_partition","logger":"task.stdout"}
{"timestamp":"2026-05-11T16:47:25.574795Z","level":"info","event":"Dag name:csv_upsert_pipeline","logger":"task.stdout"}
{"timestamp":"2026-05-11T16:47:25.576971Z","level":"info","event":"[INFO] data_interval_start : 2026-05-05 04:00:00+00:00","logger":"task.stdout"}
{"timestamp":"2026-05-11T16:47:25.582778Z","level":"info","event":"[INFO] data_interval_end   : 2026-05-05 04:00:00+00:00","logger":"task.stdout"}
{"timestamp":"2026-05-11T16:47:25.583581Z","level":"info","event":"[INFO] Processing partition: /data/time_stamp=2026-05-05-04","logger":"task.stdout"}
{"timestamp":"2026-05-11T16:47:25.584367Z","level":"info","event":"[INFO] Sorted files: ['data_1.csv']","logger":"task.stdout"}
{"timestamp":"2026-05-11T16:47:25.587177Z","level":"info","event":"[INFO] Read data_1.csv  (index=1)","logger":"task.stdout"}
{"timestamp":"2026-05-11T16:47:25.590500Z","level":"info","event":"[INFO] Resolved 12 unique IDs for this run:","logger":"task.stdout"}
{"timestamp":"2026-05-11T16:47:25.593208Z","level":"info","event":"       id=1 → {'id': '1', 'name': 'Hank', 'age': '36', 'department': 'Finance', 'salary': '111393.83', 'working_hours': '55.3'}","logger":"task.stdout"}
{"timestamp":"2026-05-11T16:47:25.593792Z","level":"info","event":"       id=2 → {'id': '2', 'name': 'Eve', 'age': '49', 'department': 'Engineering', 'salary': '53638.78', 'working_hours': '53.7'}","logger":"task.stdout"}
{"timestamp":"2026-05-11T16:47:25.596692Z","level":"info","event":"       id=3 → {'id': '3', 'name': 'Diana', 'age': '53', 'department': 'Finance', 'salary': '50572.34', 'working_hours': '30.3'}","logger":"task.stdout"}
{"timestamp":"2026-05-11T16:47:25.597982Z","level":"info","event":"       id=4 → {'id': '4', 'name': 'Diana', 'age': '41', 'department': 'Finance', 'salary': '73854.19', 'working_hours': '42.1'}","logger":"task.stdout"}
{"timestamp":"2026-05-11T16:47:25.598563Z","level":"info","event":"       id=5 → {'id': '5', 'name': 'Bob', 'age': '51', 'department': 'Operations', 'salary': '47033.67', 'working_hours': '44.8'}","logger":"task.stdout"}
{"timestamp":"2026-05-11T16:47:25.600780Z","level":"info","event":"       id=6 → {'id': '6', 'name': 'Alice', 'age': '52', 'department': 'Engineering', 'salary': '33653.23', 'working_hours': '38.8'}","logger":"task.stdout"}
{"timestamp":"2026-05-11T16:47:25.602216Z","level":"info","event":"       id=7 → {'id': '7', 'name': 'Ivy', 'age': '53', 'department': 'Operations', 'salary': '56266.87', 'working_hours': '58.7'}","logger":"task.stdout"}
{"timestamp":"2026-05-11T16:47:25.604243Z","level":"info","event":"       id=8 → {'id': '8', 'name': 'Jack', 'age': '34', 'department': 'Sales', 'salary': '95302.88', 'working_hours': '43.1'}","logger":"task.stdout"}
{"timestamp":"2026-05-11T16:47:25.605953Z","level":"info","event":"       id=9 → {'id': '9', 'name': 'Jack', 'age': '34', 'department': 'Marketing', 'salary': '44965.43', 'working_hours': '59.6'}","logger":"task.stdout"}
{"timestamp":"2026-05-11T16:47:25.610561Z","level":"info","event":"       id=10 → {'id': '10', 'name': 'Charlie', 'age': '41', 'department': 'Marketing', 'salary': '54904.47', 'working_hours': '35.6'}","logger":"task.stdout"}
{"timestamp":"2026-05-11T16:47:25.615341Z","level":"info","event":"       id=11 → {'id': '11', 'name': 'Eve', 'age': '51', 'department': 'Finance', 'salary': '58735.08', 'working_hours': '45.4'}","logger":"task.stdout"}
{"timestamp":"2026-05-11T16:47:25.616046Z","level":"info","event":"       id=12 → {'id': '12', 'name': 'Alice', 'age': '41', 'department': 'Marketing', 'salary': '31223.38', 'working_hours': '42.8'}","logger":"task.stdout"}
{"timestamp":"2026-05-11T16:47:25.617701Z","level":"info","event":"[INFO] result.csv found — upsert.","logger":"task.stdout"}
{"timestamp":"2026-05-11T16:47:25.624346Z","level":"info","event":"[INFO] In existing result.csv 20 rows.","logger":"task.stdout"}
{"timestamp":"2026-05-11T16:47:25.627577Z","level":"info","event":"       UPDATE  id=1","logger":"task.stdout"}
{"timestamp":"2026-05-11T16:47:25.629026Z","level":"info","event":"       UPDATE  id=2","logger":"task.stdout"}
{"timestamp":"2026-05-11T16:47:25.630620Z","level":"info","event":"       UPDATE  id=3","logger":"task.stdout"}
{"timestamp":"2026-05-11T16:47:25.634475Z","level":"info","event":"       UPDATE  id=4","logger":"task.stdout"}
{"timestamp":"2026-05-11T16:47:25.635157Z","level":"info","event":"       UPDATE  id=5","logger":"task.stdout"}
{"timestamp":"2026-05-11T16:47:25.635636Z","level":"info","event":"       UPDATE  id=6","logger":"task.stdout"}
{"timestamp":"2026-05-11T16:47:25.638893Z","level":"info","event":"       UPDATE  id=7","logger":"task.stdout"}
{"timestamp":"2026-05-11T16:47:25.643142Z","level":"info","event":"       UPDATE  id=8","logger":"task.stdout"}
{"timestamp":"2026-05-11T16:47:25.643654Z","level":"info","event":"       UPDATE  id=9","logger":"task.stdout"}
{"timestamp":"2026-05-11T16:47:25.644211Z","level":"info","event":"       UPDATE  id=10","logger":"task.stdout"}
{"timestamp":"2026-05-11T16:47:25.645926Z","level":"info","event":"       UPDATE  id=11","logger":"task.stdout"}
{"timestamp":"2026-05-11T16:47:25.650017Z","level":"info","event":"       UPDATE  id=12","logger":"task.stdout"}
{"timestamp":"2026-05-11T16:47:25.651523Z","level":"info","event":"[INFO] result.csv updated — total 20 rows.","logger":"task.stdout"}
{"timestamp":"2026-05-11T16:47:25.597752Z","level":"info","event":"Done. Returned value was: None","logger":"airflow.task.operators.airflow.providers.standard.operators.python.PythonOperator","filename":"python.py","lineno":229}
{"timestamp":"2026-05-11T16:47:25.778509Z","level":"info","event":"Task instance in success state","logger":"task.stdout"}
{"timestamp":"2026-05-11T16:47:25.779259Z","level":"info","event":" Previous state of the Task instance: TaskInstanceState.RUNNING","logger":"task.stdout"}
{"timestamp":"2026-05-11T16:47:25.790221Z","level":"info","event":"Task operator:<Task(PythonOperator): process_partition>","logger":"task.stdout"}
{"timestamp":"2026-05-11T17:18:08.318603Z","level":"info","event":"DAG bundles loaded: dags-folder, example_dags","logger":"airflow.dag_processing.bundles.manager.DagBundlesManager","filename":"manager.py","lineno":209}
{"timestamp":"2026-05-11T17:18:08.321599Z","level":"info","event":"Filling up the DagBag from /opt/airflow/dags/__pycache__/csv_upsert_pipeline.py","logger":"airflow.dag_processing.dagbag.BundleDagBag","filename":"dagbag.py","lineno":469}
{"timestamp":"2026-05-11T17:18:08.336146Z","level":"warning","event":"airflow.exceptions.AirflowSkipException is deprecated and will be removed in a future version. Use airflow.sdk.exceptions.AirflowSkipException instead.","category":"UserWarning","filename":"/opt/airflow/dags/__pycache__/csv_upsert_pipeline.py","lineno":7,"logger":"py.warnings"}
{"timestamp":"2026-05-11T17:18:08.410589Z","level":"info","event":"Task instance is in running state","logger":"task.stdout"}
{"timestamp":"2026-05-11T17:18:08.413177Z","level":"info","event":" Previous state of the Task instance: TaskInstanceState.QUEUED","logger":"task.stdout"}
{"timestamp":"2026-05-11T17:18:08.414246Z","level":"info","event":"Current task name:process_partition","logger":"task.stdout"}
{"timestamp":"2026-05-11T17:18:08.416414Z","level":"info","event":"Dag name:csv_upsert_pipeline","logger":"task.stdout"}
{"timestamp":"2026-05-11T17:18:08.417072Z","level":"info","event":"[INFO] data_interval_start : 2026-05-05 04:00:00+00:00","logger":"task.stdout"}
{"timestamp":"2026-05-11T17:18:08.419374Z","level":"info","event":"[INFO] data_interval_end   : 2026-05-05 04:00:00+00:00","logger":"task.stdout"}
{"timestamp":"2026-05-11T17:18:08.424953Z","level":"info","event":"[INFO] Processing partition: /data/time_stamp=2026-05-05-04","logger":"task.stdout"}
{"timestamp":"2026-05-11T17:18:08.442013Z","level":"info","event":"[INFO] Sorted files: ['data_1.csv']","logger":"task.stdout"}
{"timestamp":"2026-05-11T17:18:08.444226Z","level":"info","event":"[INFO] Read data_1.csv  (index=1)","logger":"task.stdout"}
{"timestamp":"2026-05-11T17:18:08.447349Z","level":"info","event":"[INFO] Resolved 12 unique IDs for this run:","logger":"task.stdout"}
{"timestamp":"2026-05-11T17:18:08.448499Z","level":"info","event":"       id=1 → {'id': '1', 'name': 'Hank', 'age': '36', 'department': 'Finance', 'salary': '111393.83', 'working_hours': '55.3'}","logger":"task.stdout"}
{"timestamp":"2026-05-11T17:18:08.449104Z","level":"info","event":"       id=2 → {'id': '2', 'name': 'Eve', 'age': '49', 'department': 'Engineering', 'salary': '53638.78', 'working_hours': '53.7'}","logger":"task.stdout"}
{"timestamp":"2026-05-11T17:18:08.449527Z","level":"info","event":"       id=3 → {'id': '3', 'name': 'Diana', 'age': '53', 'department': 'Finance', 'salary': '50572.34', 'working_hours': '30.3'}","logger":"task.stdout"}
{"timestamp":"2026-05-11T17:18:08.450621Z","level":"info","event":"       id=4 → {'id': '4', 'name': 'Diana', 'age': '41', 'department': 'Finance', 'salary': '73854.19', 'working_hours': '42.1'}","logger":"task.stdout"}
{"timestamp":"2026-05-11T17:18:08.451243Z","level":"info","event":"       id=5 → {'id': '5', 'name': 'Bob', 'age': '51', 'department': 'Operations', 'salary': '47033.67', 'working_hours': '44.8'}","logger":"task.stdout"}
{"timestamp":"2026-05-11T17:18:08.454254Z","level":"info","event":"       id=6 → {'id': '6', 'name': 'Alice', 'age': '52', 'department': 'Engineering', 'salary': '33653.23', 'working_hours': '38.8'}","logger":"task.stdout"}
{"timestamp":"2026-05-11T17:18:08.455043Z","level":"info","event":"       id=7 → {'id': '7', 'name': 'Ivy', 'age': '53', 'department': 'Operations', 'salary': '56266.87', 'working_hours': '58.7'}","logger":"task.stdout"}
{"timestamp":"2026-05-11T17:18:08.456367Z","level":"info","event":"       id=8 → {'id': '8', 'name': 'Jack', 'age': '34', 'department': 'Sales', 'salary': '95302.88', 'working_hours': '43.1'}","logger":"task.stdout"}
{"timestamp":"2026-05-11T17:18:08.458653Z","level":"info","event":"       id=9 → {'id': '9', 'name': 'Jack', 'age': '34', 'department': 'Marketing', 'salary': '44965.43', 'working_hours': '59.6'}","logger":"task.stdout"}
{"timestamp":"2026-05-11T17:18:08.459372Z","level":"info","event":"       id=10 → {'id': '10', 'name': 'Charlie', 'age': '41', 'department': 'Marketing', 'salary': '54904.47', 'working_hours': '35.6'}","logger":"task.stdout"}
{"timestamp":"2026-05-11T17:18:08.461059Z","level":"info","event":"       id=11 → {'id': '11', 'name': 'Eve', 'age': '51', 'department': 'Finance', 'salary': '58735.08', 'working_hours': '45.4'}","logger":"task.stdout"}
{"timestamp":"2026-05-11T17:18:08.462552Z","level":"info","event":"       id=12 → {'id': '12', 'name': 'Alice', 'age': '41', 'department': 'Marketing', 'salary': '31223.38', 'working_hours': '42.8'}","logger":"task.stdout"}
{"timestamp":"2026-05-11T17:18:08.465067Z","level":"info","event":"[INFO] result.csv found — upsert.","logger":"task.stdout"}
{"timestamp":"2026-05-11T17:18:08.466417Z","level":"info","event":"[INFO] In existing result.csv 20 rows.","logger":"task.stdout"}
{"timestamp":"2026-05-11T17:18:08.467051Z","level":"info","event":"       UPDATE  id=1","logger":"task.stdout"}
{"timestamp":"2026-05-11T17:18:08.467770Z","level":"info","event":"       UPDATE  id=2","logger":"task.stdout"}
{"timestamp":"2026-05-11T17:18:08.468384Z","level":"info","event":"       UPDATE  id=3","logger":"task.stdout"}
{"timestamp":"2026-05-11T17:18:08.468971Z","level":"info","event":"       UPDATE  id=4","logger":"task.stdout"}
{"timestamp":"2026-05-11T17:18:08.469411Z","level":"info","event":"       UPDATE  id=5","logger":"task.stdout"}
{"timestamp":"2026-05-11T17:18:08.470036Z","level":"info","event":"       UPDATE  id=6","logger":"task.stdout"}
{"timestamp":"2026-05-11T17:18:08.470494Z","level":"info","event":"       UPDATE  id=7","logger":"task.stdout"}
{"timestamp":"2026-05-11T17:18:08.471067Z","level":"info","event":"       UPDATE  id=8","logger":"task.stdout"}
{"timestamp":"2026-05-11T17:18:08.471730Z","level":"info","event":"       UPDATE  id=9","logger":"task.stdout"}
{"timestamp":"2026-05-11T17:18:08.472183Z","level":"info","event":"       UPDATE  id=10","logger":"task.stdout"}
{"timestamp":"2026-05-11T17:18:08.472573Z","level":"info","event":"       UPDATE  id=11","logger":"task.stdout"}
{"timestamp":"2026-05-11T17:18:08.472894Z","level":"info","event":"       UPDATE  id=12","logger":"task.stdout"}
{"timestamp":"2026-05-11T17:18:08.473493Z","level":"info","event":"[INFO] result.csv updated — total 20 rows.","logger":"task.stdout"}
{"timestamp":"2026-05-11T17:18:08.452008Z","level":"info","event":"Done. Returned value was: None","logger":"airflow.task.operators.airflow.providers.standard.operators.python.PythonOperator","filename":"python.py","lineno":229}
{"timestamp":"2026-05-11T17:18:08.771818Z","level":"info","event":"Task instance in success state","logger":"task.stdout"}
{"timestamp":"2026-05-11T17:18:08.772577Z","level":"info","event":" Previous state of the Task instance: TaskInstanceState.RUNNING","logger":"task.stdout"}
{"timestamp":"2026-05-11T17:18:08.781748Z","level":"info","event":"Task operator:<Task(PythonOperator): process_partition>","logger":"task.stdout"}
