{"timestamp":"2026-05-05T10:30:54.713680Z","level":"info","event":"DAG bundles loaded: dags-folder, example_dags","logger":"airflow.dag_processing.bundles.manager.DagBundlesManager","filename":"manager.py","lineno":209}
{"timestamp":"2026-05-05T10:30:54.715496Z","level":"info","event":"Filling up the DagBag from /opt/airflow/dags/print_interval_dag.py","logger":"airflow.dag_processing.dagbag.BundleDagBag","filename":"dagbag.py","lineno":469}
{"timestamp":"2026-05-05T10:30:54.734093Z","level":"warning","event":"The `airflow.operators.python.PythonOperator` attribute is deprecated. Please use `'airflow.providers.standard.operators.python.PythonOperator'`.","category":"UserWarning","filename":"/opt/airflow/dags/print_interval_dag.py","lineno":2,"logger":"py.warnings"}
{"timestamp":"2026-05-05T10:30:54.805136Z","level":"info","event":"Task instance is in running state","logger":"task.stdout"}
{"timestamp":"2026-05-05T10:30:54.807318Z","level":"info","event":" Previous state of the Task instance: TaskInstanceState.QUEUED","logger":"task.stdout"}
{"timestamp":"2026-05-05T10:30:54.809581Z","level":"info","event":"Current task name:print_interval","logger":"task.stdout"}
{"timestamp":"2026-05-05T10:30:54.810216Z","level":"info","event":"Dag name:print_interval_dag","logger":"task.stdout"}
{"timestamp":"2026-05-05T10:30:54.810819Z","level":"info","event":"Interval Start: 2025-05-26 00:00:00+00:00","logger":"task.stdout"}
{"timestamp":"2026-05-05T10:30:54.811699Z","level":"info","event":"Interval End:   2025-05-26 00:00:00+00:00","logger":"task.stdout"}
{"timestamp":"2026-05-05T10:30:54.810208Z","level":"info","event":"Done. Returned value was: None","logger":"airflow.task.operators.airflow.providers.standard.operators.python.PythonOperator","filename":"python.py","lineno":229}
{"timestamp":"2026-05-05T10:30:54.889025Z","level":"info","event":"Task instance in success state","logger":"task.stdout"}
{"timestamp":"2026-05-05T10:30:54.891644Z","level":"info","event":" Previous state of the Task instance: TaskInstanceState.RUNNING","logger":"task.stdout"}
{"timestamp":"2026-05-05T10:30:54.893745Z","level":"info","event":"Task operator:<Task(PythonOperator): print_interval>","logger":"task.stdout"}
{"timestamp":"2026-05-05T12:26:50.005441Z","level":"info","event":"DAG bundles loaded: dags-folder, example_dags","logger":"airflow.dag_processing.bundles.manager.DagBundlesManager","filename":"manager.py","lineno":209}
{"timestamp":"2026-05-05T12:26:50.008809Z","level":"info","event":"Filling up the DagBag from /opt/airflow/dags/print_interval_dag.py","logger":"airflow.dag_processing.dagbag.BundleDagBag","filename":"dagbag.py","lineno":469}
{"timestamp":"2026-05-05T12:26:50.120498Z","level":"info","event":"Task instance is in running state","logger":"task.stdout"}
{"timestamp":"2026-05-05T12:26:50.121362Z","level":"info","event":" Previous state of the Task instance: TaskInstanceState.QUEUED","logger":"task.stdout"}
{"timestamp":"2026-05-05T12:26:50.121852Z","level":"info","event":"Current task name:print_interval","logger":"task.stdout"}
{"timestamp":"2026-05-05T12:26:50.125366Z","level":"info","event":"Dag name:print_interval_dag","logger":"task.stdout"}
{"timestamp":"2026-05-05T12:26:50.126397Z","level":"info","event":"=== ALL AVAILABLE MACROS ===","logger":"task.stdout"}
{"timestamp":"2026-05-05T12:26:50.126931Z","level":"info","event":"dag: <DAG: print_interval_dag>","logger":"task.stdout"}
{"timestamp":"2026-05-05T12:26:50.127577Z","level":"info","event":"inlets: []","logger":"task.stdout"}
{"timestamp":"2026-05-05T12:26:50.128080Z","level":"info","event":"map_index_template: None","logger":"task.stdout"}
{"timestamp":"2026-05-05T12:26:50.128647Z","level":"info","event":"outlets: []","logger":"task.stdout"}
{"timestamp":"2026-05-05T12:26:50.129155Z","level":"info","event":"run_id: scheduled__2025-05-26T00:00:00+00:00","logger":"task.stdout"}
{"timestamp":"2026-05-05T12:26:50.132285Z","level":"info","event":"task: <Task(PythonOperator): print_interval>","logger":"task.stdout"}
{"timestamp":"2026-05-05T12:26:50.132835Z","level":"info","event":"task_instance: id=UUID('019df81a-f181-7520-a206-c1b3fbb70f41') task_id='print_interval' dag_id='print_interval_dag' run_id='scheduled__2025-05-26T00:00:00+00:00' try_number=1 dag_version_id=UUID('019df815-a045-750b-bac8-47ced7cc6a45') map_index=-1 hostname='86abe326db93' context_carrier={'traceparent': '00-917c97046b13245a4f2ac894e1cfd9c5-70e79aa3352a90b1-01'} task=<Task(PythonOperator): print_interval> bundle_instance=LocalDagBundle(name=dags-folder) max_tries=0 start_date=datetime.datetime(2026, 5, 5, 12, 26, 48, 960459, tzinfo=datetime.timezone.utc) end_date=None state=<TaskInstanceState.RUNNING: 'running'> is_mapped=False rendered_map_index=None sentry_integration=''","logger":"task.stdout"}
{"timestamp":"2026-05-05T12:26:50.133893Z","level":"info","event":"ti: id=UUID('019df81a-f181-7520-a206-c1b3fbb70f41') task_id='print_interval' dag_id='print_interval_dag' run_id='scheduled__2025-05-26T00:00:00+00:00' try_number=1 dag_version_id=UUID('019df815-a045-750b-bac8-47ced7cc6a45') map_index=-1 hostname='86abe326db93' context_carrier={'traceparent': '00-917c97046b13245a4f2ac894e1cfd9c5-70e79aa3352a90b1-01'} task=<Task(PythonOperator): print_interval> bundle_instance=LocalDagBundle(name=dags-folder) max_tries=0 start_date=datetime.datetime(2026, 5, 5, 12, 26, 48, 960459, tzinfo=datetime.timezone.utc) end_date=None state=<TaskInstanceState.RUNNING: 'running'> is_mapped=False rendered_map_index=None sentry_integration=''","logger":"task.stdout"}
{"timestamp":"2026-05-05T12:26:50.135304Z","level":"info","event":"outlet_events: OutletEventAccessors(_dict={})","logger":"task.stdout"}
{"timestamp":"2026-05-05T12:26:50.138161Z","level":"info","event":"inlet_events: InletEventsAccessors(_inlets=[], _assets={}, _asset_aliases={})","logger":"task.stdout"}
{"timestamp":"2026-05-05T12:26:50.144239Z","level":"info","event":"macros: <MacrosAccessor (dynamic access to macros)>","logger":"task.stdout"}
{"timestamp":"2026-05-05T12:26:50.144896Z","level":"info","event":"params: {}","logger":"task.stdout"}
{"timestamp":"2026-05-05T12:26:50.145834Z","level":"info","event":"var: {'json': <VariableAccessor (dynamic access)>, 'value': <VariableAccessor (dynamic access)>}","logger":"task.stdout"}
{"timestamp":"2026-05-05T12:26:50.146346Z","level":"info","event":"conn: <ConnectionAccessor (dynamic access)>","logger":"task.stdout"}
{"timestamp":"2026-05-05T12:26:50.146797Z","level":"info","event":"dag_run: dag_id='print_interval_dag' run_id='scheduled__2025-05-26T00:00:00+00:00' logical_date=datetime.datetime(2025, 5, 26, 0, 0, tzinfo=datetime.timezone.utc) data_interval_start=datetime.datetime(2025, 5, 26, 0, 0, tzinfo=datetime.timezone.utc) data_interval_end=datetime.datetime(2025, 5, 26, 0, 0, tzinfo=datetime.timezone.utc) run_after=datetime.datetime(2025, 5, 26, 0, 0, tzinfo=datetime.timezone.utc) start_date=datetime.datetime(2026, 5, 5, 12, 26, 48, 602866, tzinfo=datetime.timezone.utc) end_date=None clear_number=0 run_type=<DagRunType.SCHEDULED: 'scheduled'> state=<DagRunState.RUNNING: 'running'> conf={} triggering_user_name=None consumed_asset_events=[] partition_key=None note=None","logger":"task.stdout"}
{"timestamp":"2026-05-05T12:26:50.147340Z","level":"info","event":"triggering_asset_events: TriggeringAssetEventAccessor(_events=defaultdict(<class 'list'>, {}))","logger":"task.stdout"}
{"timestamp":"2026-05-05T12:26:50.147762Z","level":"info","event":"task_instance_key_str: print_interval_dag__print_interval__20250526","logger":"task.stdout"}
{"timestamp":"2026-05-05T12:26:50.148329Z","level":"info","event":"task_reschedule_count: 0","logger":"task.stdout"}
{"timestamp":"2026-05-05T12:26:50.182625Z","level":"info","event":"prev_start_date_success: 2026-05-05 12:26:47.500442+00:00","logger":"task.stdout"}
{"timestamp":"2026-05-05T12:26:50.183961Z","level":"info","event":"prev_end_date_success: 2026-05-05 12:26:49.684837+00:00","logger":"task.stdout"}
{"timestamp":"2026-05-05T12:26:50.184847Z","level":"info","event":"logical_date: 2025-05-26 00:00:00+00:00","logger":"task.stdout"}
{"timestamp":"2026-05-05T12:26:50.185354Z","level":"info","event":"ds: 2025-05-26","logger":"task.stdout"}
{"timestamp":"2026-05-05T12:26:50.186124Z","level":"info","event":"ds_nodash: 20250526","logger":"task.stdout"}
{"timestamp":"2026-05-05T12:26:50.186606Z","level":"info","event":"ts: 2025-05-26T00:00:00+00:00","logger":"task.stdout"}
{"timestamp":"2026-05-05T12:26:50.187187Z","level":"info","event":"ts_nodash: 20250526T000000","logger":"task.stdout"}
{"timestamp":"2026-05-05T12:26:50.187649Z","level":"info","event":"ts_nodash_with_tz: 20250526T000000+0000","logger":"task.stdout"}
{"timestamp":"2026-05-05T12:26:50.188104Z","level":"info","event":"data_interval_end: 2025-05-26 00:00:00+00:00","logger":"task.stdout"}
{"timestamp":"2026-05-05T12:26:50.188515Z","level":"info","event":"data_interval_start: 2025-05-26 00:00:00+00:00","logger":"task.stdout"}
{"timestamp":"2026-05-05T12:26:50.188993Z","level":"info","event":"prev_data_interval_start_success: 2025-05-25 18:00:00+00:00","logger":"task.stdout"}
{"timestamp":"2026-05-05T12:26:50.190322Z","level":"info","event":"prev_data_interval_end_success: 2025-05-25 18:00:00+00:00","logger":"task.stdout"}
{"timestamp":"2026-05-05T12:26:50.190892Z","level":"info","event":"templates_dict: None","logger":"task.stdout"}
{"timestamp":"2026-05-05T12:26:50.181714Z","level":"info","event":"Done. Returned value was: None","logger":"airflow.task.operators.airflow.providers.standard.operators.python.PythonOperator","filename":"python.py","lineno":229}
{"timestamp":"2026-05-05T12:26:50.252457Z","level":"info","event":"Task instance in success state","logger":"task.stdout"}
{"timestamp":"2026-05-05T12:26:50.256574Z","level":"info","event":" Previous state of the Task instance: TaskInstanceState.RUNNING","logger":"task.stdout"}
{"timestamp":"2026-05-05T12:26:50.257465Z","level":"info","event":"Task operator:<Task(PythonOperator): print_interval>","logger":"task.stdout"}
