{"timestamp":"2026-05-05T10:29:31.301022Z","level":"info","event":"DAG bundles loaded: dags-folder, example_dags","logger":"airflow.dag_processing.bundles.manager.DagBundlesManager","filename":"manager.py","lineno":209}
{"timestamp":"2026-05-05T10:29:31.303228Z","level":"info","event":"Filling up the DagBag from /opt/airflow/dags/print_interval_dag.py","logger":"airflow.dag_processing.dagbag.BundleDagBag","filename":"dagbag.py","lineno":469}
{"timestamp":"2026-05-05T10:29:31.321822Z","level":"warning","event":"The `airflow.operators.python.PythonOperator` attribute is deprecated. Please use `'airflow.providers.standard.operators.python.PythonOperator'`.","category":"UserWarning","filename":"/opt/airflow/dags/print_interval_dag.py","lineno":2,"logger":"py.warnings"}
{"timestamp":"2026-05-05T10:29:31.416386Z","level":"info","event":"Task instance is in running state","logger":"task.stdout"}
{"timestamp":"2026-05-05T10:29:31.420707Z","level":"info","event":" Previous state of the Task instance: TaskInstanceState.QUEUED","logger":"task.stdout"}
{"timestamp":"2026-05-05T10:29:31.422917Z","level":"info","event":"Current task name:print_interval","logger":"task.stdout"}
{"timestamp":"2026-05-05T10:29:31.423751Z","level":"info","event":"Dag name:print_interval_dag","logger":"task.stdout"}
{"timestamp":"2026-05-05T10:29:31.424191Z","level":"info","event":"Interval Start: 2025-05-04 21:00:00+00:00","logger":"task.stdout"}
{"timestamp":"2026-05-05T10:29:31.424612Z","level":"info","event":"Interval End:   2025-05-04 21:00:00+00:00","logger":"task.stdout"}
{"timestamp":"2026-05-05T10:29:31.422162Z","level":"info","event":"Done. Returned value was: None","logger":"airflow.task.operators.airflow.providers.standard.operators.python.PythonOperator","filename":"python.py","lineno":229}
{"timestamp":"2026-05-05T10:29:31.485065Z","level":"info","event":"Task instance in success state","logger":"task.stdout"}
{"timestamp":"2026-05-05T10:29:31.486038Z","level":"info","event":" Previous state of the Task instance: TaskInstanceState.RUNNING","logger":"task.stdout"}
{"timestamp":"2026-05-05T10:29:31.487952Z","level":"info","event":"Task operator:<Task(PythonOperator): print_interval>","logger":"task.stdout"}
{"timestamp":"2026-05-05T12:25:22.268258Z","level":"info","event":"DAG bundles loaded: dags-folder, example_dags","logger":"airflow.dag_processing.bundles.manager.DagBundlesManager","filename":"manager.py","lineno":209}
{"timestamp":"2026-05-05T12:25:22.270658Z","level":"info","event":"Filling up the DagBag from /opt/airflow/dags/print_interval_dag.py","logger":"airflow.dag_processing.dagbag.BundleDagBag","filename":"dagbag.py","lineno":469}
{"timestamp":"2026-05-05T12:25:22.419142Z","level":"info","event":"Task instance is in running state","logger":"task.stdout"}
{"timestamp":"2026-05-05T12:25:22.420048Z","level":"info","event":" Previous state of the Task instance: TaskInstanceState.QUEUED","logger":"task.stdout"}
{"timestamp":"2026-05-05T12:25:22.420543Z","level":"info","event":"Current task name:print_interval","logger":"task.stdout"}
{"timestamp":"2026-05-05T12:25:22.422881Z","level":"info","event":"Dag name:print_interval_dag","logger":"task.stdout"}
{"timestamp":"2026-05-05T12:25:22.423622Z","level":"info","event":"=== ALL AVAILABLE MACROS ===","logger":"task.stdout"}
{"timestamp":"2026-05-05T12:25:22.424214Z","level":"info","event":"dag: <DAG: print_interval_dag>","logger":"task.stdout"}
{"timestamp":"2026-05-05T12:25:22.424655Z","level":"info","event":"inlets: []","logger":"task.stdout"}
{"timestamp":"2026-05-05T12:25:22.425326Z","level":"info","event":"map_index_template: None","logger":"task.stdout"}
{"timestamp":"2026-05-05T12:25:22.425830Z","level":"info","event":"outlets: []","logger":"task.stdout"}
{"timestamp":"2026-05-05T12:25:22.426398Z","level":"info","event":"run_id: scheduled__2025-05-04T21:00:00+00:00","logger":"task.stdout"}
{"timestamp":"2026-05-05T12:25:22.426802Z","level":"info","event":"task: <Task(PythonOperator): print_interval>","logger":"task.stdout"}
{"timestamp":"2026-05-05T12:25:22.427270Z","level":"info","event":"task_instance: id=UUID('019df819-9b9e-78c1-be91-8ee101c116f3') task_id='print_interval' dag_id='print_interval_dag' run_id='scheduled__2025-05-04T21:00:00+00:00' try_number=1 dag_version_id=UUID('019df815-a045-750b-bac8-47ced7cc6a45') map_index=-1 hostname='86abe326db93' context_carrier={'traceparent': '00-c3e5a0a4c9586ff3f12fe43f7a442657-5329ed3179e5fb8c-01'} task=<Task(PythonOperator): print_interval> bundle_instance=LocalDagBundle(name=dags-folder) max_tries=0 start_date=datetime.datetime(2026, 5, 5, 12, 25, 21, 455204, tzinfo=datetime.timezone.utc) end_date=None state=<TaskInstanceState.RUNNING: 'running'> is_mapped=False rendered_map_index=None sentry_integration=''","logger":"task.stdout"}
{"timestamp":"2026-05-05T12:25:22.428402Z","level":"info","event":"ti: id=UUID('019df819-9b9e-78c1-be91-8ee101c116f3') task_id='print_interval' dag_id='print_interval_dag' run_id='scheduled__2025-05-04T21:00:00+00:00' try_number=1 dag_version_id=UUID('019df815-a045-750b-bac8-47ced7cc6a45') map_index=-1 hostname='86abe326db93' context_carrier={'traceparent': '00-c3e5a0a4c9586ff3f12fe43f7a442657-5329ed3179e5fb8c-01'} task=<Task(PythonOperator): print_interval> bundle_instance=LocalDagBundle(name=dags-folder) max_tries=0 start_date=datetime.datetime(2026, 5, 5, 12, 25, 21, 455204, tzinfo=datetime.timezone.utc) end_date=None state=<TaskInstanceState.RUNNING: 'running'> is_mapped=False rendered_map_index=None sentry_integration=''","logger":"task.stdout"}
{"timestamp":"2026-05-05T12:25:22.428959Z","level":"info","event":"outlet_events: OutletEventAccessors(_dict={})","logger":"task.stdout"}
{"timestamp":"2026-05-05T12:25:22.429423Z","level":"info","event":"inlet_events: InletEventsAccessors(_inlets=[], _assets={}, _asset_aliases={})","logger":"task.stdout"}
{"timestamp":"2026-05-05T12:25:22.430227Z","level":"info","event":"macros: <MacrosAccessor (dynamic access to macros)>","logger":"task.stdout"}
{"timestamp":"2026-05-05T12:25:22.430825Z","level":"info","event":"params: {}","logger":"task.stdout"}
{"timestamp":"2026-05-05T12:25:22.431395Z","level":"info","event":"var: {'json': <VariableAccessor (dynamic access)>, 'value': <VariableAccessor (dynamic access)>}","logger":"task.stdout"}
{"timestamp":"2026-05-05T12:25:22.431876Z","level":"info","event":"conn: <ConnectionAccessor (dynamic access)>","logger":"task.stdout"}
{"timestamp":"2026-05-05T12:25:22.432294Z","level":"info","event":"dag_run: dag_id='print_interval_dag' run_id='scheduled__2025-05-04T21:00:00+00:00' logical_date=datetime.datetime(2025, 5, 4, 21, 0, tzinfo=datetime.timezone.utc) data_interval_start=datetime.datetime(2025, 5, 4, 21, 0, tzinfo=datetime.timezone.utc) data_interval_end=datetime.datetime(2025, 5, 4, 21, 0, tzinfo=datetime.timezone.utc) run_after=datetime.datetime(2025, 5, 4, 21, 0, tzinfo=datetime.timezone.utc) start_date=datetime.datetime(2026, 5, 5, 12, 25, 21, 80377, tzinfo=datetime.timezone.utc) end_date=None clear_number=0 run_type=<DagRunType.SCHEDULED: 'scheduled'> state=<DagRunState.RUNNING: 'running'> conf={} triggering_user_name=None consumed_asset_events=[] partition_key=None note=None","logger":"task.stdout"}
{"timestamp":"2026-05-05T12:25:22.432747Z","level":"info","event":"triggering_asset_events: TriggeringAssetEventAccessor(_events=defaultdict(<class 'list'>, {}))","logger":"task.stdout"}
{"timestamp":"2026-05-05T12:25:22.433162Z","level":"info","event":"task_instance_key_str: print_interval_dag__print_interval__20250504","logger":"task.stdout"}
{"timestamp":"2026-05-05T12:25:22.433624Z","level":"info","event":"task_reschedule_count: 0","logger":"task.stdout"}
{"timestamp":"2026-05-05T12:25:22.467195Z","level":"info","event":"prev_start_date_success: 2026-05-05 12:25:20.054640+00:00","logger":"task.stdout"}
{"timestamp":"2026-05-05T12:25:22.467741Z","level":"info","event":"prev_end_date_success: 2026-05-05 12:25:22.044003+00:00","logger":"task.stdout"}
{"timestamp":"2026-05-05T12:25:22.468203Z","level":"info","event":"logical_date: 2025-05-04 21:00:00+00:00","logger":"task.stdout"}
{"timestamp":"2026-05-05T12:25:22.469232Z","level":"info","event":"ds: 2025-05-04","logger":"task.stdout"}
{"timestamp":"2026-05-05T12:25:22.469913Z","level":"info","event":"ds_nodash: 20250504","logger":"task.stdout"}
{"timestamp":"2026-05-05T12:25:22.470400Z","level":"info","event":"ts: 2025-05-04T21:00:00+00:00","logger":"task.stdout"}
{"timestamp":"2026-05-05T12:25:22.470910Z","level":"info","event":"ts_nodash: 20250504T210000","logger":"task.stdout"}
{"timestamp":"2026-05-05T12:25:22.471828Z","level":"info","event":"ts_nodash_with_tz: 20250504T210000+0000","logger":"task.stdout"}
{"timestamp":"2026-05-05T12:25:22.472257Z","level":"info","event":"data_interval_end: 2025-05-04 21:00:00+00:00","logger":"task.stdout"}
{"timestamp":"2026-05-05T12:25:22.472675Z","level":"info","event":"data_interval_start: 2025-05-04 21:00:00+00:00","logger":"task.stdout"}
{"timestamp":"2026-05-05T12:25:22.473180Z","level":"info","event":"prev_data_interval_start_success: 2025-05-04 15:00:00+00:00","logger":"task.stdout"}
{"timestamp":"2026-05-05T12:25:22.473583Z","level":"info","event":"prev_data_interval_end_success: 2025-05-04 15:00:00+00:00","logger":"task.stdout"}
{"timestamp":"2026-05-05T12:25:22.474043Z","level":"info","event":"templates_dict: None","logger":"task.stdout"}
{"timestamp":"2026-05-05T12:25:22.465964Z","level":"info","event":"Done. Returned value was: None","logger":"airflow.task.operators.airflow.providers.standard.operators.python.PythonOperator","filename":"python.py","lineno":229}
{"timestamp":"2026-05-05T12:25:22.528914Z","level":"info","event":"Task instance in success state","logger":"task.stdout"}
{"timestamp":"2026-05-05T12:25:22.529905Z","level":"info","event":" Previous state of the Task instance: TaskInstanceState.RUNNING","logger":"task.stdout"}
{"timestamp":"2026-05-05T12:25:22.530500Z","level":"info","event":"Task operator:<Task(PythonOperator): print_interval>","logger":"task.stdout"}
