{"timestamp":"2026-05-08T17:38:10.104633Z","level":"info","event":"DAG bundles loaded: dags-folder, example_dags","logger":"airflow.dag_processing.bundles.manager.DagBundlesManager","filename":"manager.py","lineno":209}
{"timestamp":"2026-05-08T17:38:10.106750Z","level":"info","event":"Filling up the DagBag from /opt/airflow/dags/csv_upsert_pipeline.py","logger":"airflow.dag_processing.dagbag.BundleDagBag","filename":"dagbag.py","lineno":469}
{"timestamp":"2026-05-08T17:38:10.124423Z","level":"warning","event":"airflow.exceptions.AirflowSkipException is deprecated and will be removed in a future version. Use airflow.sdk.exceptions.AirflowSkipException instead.","category":"UserWarning","filename":"/opt/airflow/dags/csv_upsert_pipeline.py","lineno":7,"logger":"py.warnings"}
{"timestamp":"2026-05-08T17:38:10.466520Z","level":"info","event":"Task instance is in running state","logger":"task.stdout"}
{"timestamp":"2026-05-08T17:38:10.467569Z","level":"info","event":" Previous state of the Task instance: TaskInstanceState.QUEUED","logger":"task.stdout"}
{"timestamp":"2026-05-08T17:38:10.468122Z","level":"info","event":"Current task name:process_partition","logger":"task.stdout"}
{"timestamp":"2026-05-08T17:38:10.468871Z","level":"info","event":"Dag name:csv_upsert_pipeline","logger":"task.stdout"}
{"timestamp":"2026-05-08T17:38:10.472702Z","level":"info","event":"[INFO] data_interval_start : 2026-05-04 08:00:00+00:00","logger":"task.stdout"}
{"timestamp":"2026-05-08T17:38:10.473381Z","level":"info","event":"[INFO] data_interval_end   : 2026-05-04 08:00:00+00:00","logger":"task.stdout"}
{"timestamp":"2026-05-08T17:38:10.474006Z","level":"info","event":"[INFO] Processing partition: /data/time_stamp=2026-05-04-08","logger":"task.stdout"}
{"timestamp":"2026-05-08T17:38:10.475965Z","level":"info","event":"[INFO] Sorted files: ['data_1.csv']","logger":"task.stdout"}
{"timestamp":"2026-05-08T17:38:10.478573Z","level":"info","event":"[INFO] Read data_1.csv  (index=1)","logger":"task.stdout"}
{"timestamp":"2026-05-08T17:38:10.479132Z","level":"info","event":"[INFO] Resolved 7 unique IDs for this run:","logger":"task.stdout"}
{"timestamp":"2026-05-08T17:38:10.481353Z","level":"info","event":"       id=1 → {'id': '1', 'name': 'Alice', 'age': '40', 'department': 'Sales', 'salary': '49936.06', 'working_hours': '54.4'}","logger":"task.stdout"}
{"timestamp":"2026-05-08T17:38:10.483054Z","level":"info","event":"       id=2 → {'id': '2', 'name': 'Bob', 'age': '45', 'department': 'Sales', 'salary': '114441.96', 'working_hours': '41.9'}","logger":"task.stdout"}
{"timestamp":"2026-05-08T17:38:10.484292Z","level":"info","event":"       id=3 → {'id': '3', 'name': 'Charlie', 'age': '50', 'department': 'Engineering', 'salary': '113851.76', 'working_hours': '31.7'}","logger":"task.stdout"}
{"timestamp":"2026-05-08T17:38:10.486260Z","level":"info","event":"       id=4 → {'id': '4', 'name': 'Charlie', 'age': '52', 'department': 'Marketing', 'salary': '113559.23', 'working_hours': '31.5'}","logger":"task.stdout"}
{"timestamp":"2026-05-08T17:38:10.487214Z","level":"info","event":"       id=5 → {'id': '5', 'name': 'Jack', 'age': '24', 'department': 'HR', 'salary': '92633.06', 'working_hours': '24.7'}","logger":"task.stdout"}
{"timestamp":"2026-05-08T17:38:10.488516Z","level":"info","event":"       id=6 → {'id': '6', 'name': 'Grace', 'age': '38', 'department': 'Sales', 'salary': '58856.7', 'working_hours': '57.0'}","logger":"task.stdout"}
{"timestamp":"2026-05-08T17:38:10.488949Z","level":"info","event":"       id=7 → {'id': '7', 'name': 'Hank', 'age': '52', 'department': 'Marketing', 'salary': '42718.36', 'working_hours': '54.4'}","logger":"task.stdout"}
{"timestamp":"2026-05-08T17:38:10.490041Z","level":"info","event":"[INFO] result.csv mil gayi — upsert karte hain.","logger":"task.stdout"}
{"timestamp":"2026-05-08T17:38:10.490976Z","level":"info","event":"[INFO] Existing result.csv mein 20 rows hain.","logger":"task.stdout"}
{"timestamp":"2026-05-08T17:38:10.491824Z","level":"info","event":"       UPDATE  id=1","logger":"task.stdout"}
{"timestamp":"2026-05-08T17:38:10.492279Z","level":"info","event":"       UPDATE  id=2","logger":"task.stdout"}
{"timestamp":"2026-05-08T17:38:10.493165Z","level":"info","event":"       UPDATE  id=3","logger":"task.stdout"}
{"timestamp":"2026-05-08T17:38:10.495306Z","level":"info","event":"       UPDATE  id=4","logger":"task.stdout"}
{"timestamp":"2026-05-08T17:38:10.495954Z","level":"info","event":"       UPDATE  id=5","logger":"task.stdout"}
{"timestamp":"2026-05-08T17:38:10.496547Z","level":"info","event":"       UPDATE  id=6","logger":"task.stdout"}
{"timestamp":"2026-05-08T17:38:10.497143Z","level":"info","event":"       UPDATE  id=7","logger":"task.stdout"}
{"timestamp":"2026-05-08T17:38:10.497995Z","level":"info","event":"[INFO] result.csv updated — total 20 rows.","logger":"task.stdout"}
{"timestamp":"2026-05-08T17:38:10.489247Z","level":"info","event":"Done. Returned value was: None","logger":"airflow.task.operators.airflow.providers.standard.operators.python.PythonOperator","filename":"python.py","lineno":229}
{"timestamp":"2026-05-08T17:38:10.775842Z","level":"info","event":"Task instance in success state","logger":"task.stdout"}
{"timestamp":"2026-05-08T17:38:10.776685Z","level":"info","event":" Previous state of the Task instance: TaskInstanceState.RUNNING","logger":"task.stdout"}
{"timestamp":"2026-05-08T17:38:10.779331Z","level":"info","event":"Task operator:<Task(PythonOperator): process_partition>","logger":"task.stdout"}
{"timestamp":"2026-05-11T16:47:09.859239Z","level":"info","event":"DAG bundles loaded: dags-folder, example_dags","logger":"airflow.dag_processing.bundles.manager.DagBundlesManager","filename":"manager.py","lineno":209}
{"timestamp":"2026-05-11T16:47:09.862383Z","level":"info","event":"Filling up the DagBag from /opt/airflow/dags/csv_upsert_pipeline.py","logger":"airflow.dag_processing.dagbag.BundleDagBag","filename":"dagbag.py","lineno":469}
{"timestamp":"2026-05-11T16:47:10.240864Z","level":"info","event":"Task instance is in running state","logger":"task.stdout"}
{"timestamp":"2026-05-11T16:47:10.241559Z","level":"info","event":" Previous state of the Task instance: TaskInstanceState.QUEUED","logger":"task.stdout"}
{"timestamp":"2026-05-11T16:47:10.243029Z","level":"info","event":"Current task name:process_partition","logger":"task.stdout"}
{"timestamp":"2026-05-11T16:47:10.244705Z","level":"info","event":"Dag name:csv_upsert_pipeline","logger":"task.stdout"}
{"timestamp":"2026-05-11T16:47:10.247349Z","level":"info","event":"[INFO] data_interval_start : 2026-05-04 08:00:00+00:00","logger":"task.stdout"}
{"timestamp":"2026-05-11T16:47:10.250882Z","level":"info","event":"[INFO] data_interval_end   : 2026-05-04 08:00:00+00:00","logger":"task.stdout"}
{"timestamp":"2026-05-11T16:47:10.253776Z","level":"info","event":"[INFO] Processing partition: /data/time_stamp=2026-05-04-08","logger":"task.stdout"}
{"timestamp":"2026-05-11T16:47:10.464929Z","level":"error","event":"/home/airflow/.local/lib/python3.13/site-packages/pyspark/bin/load-spark-env.sh: line 68: ps: command not found","logger":"task.stderr"}
{"timestamp":"2026-05-11T16:47:10.485744Z","level":"error","event":"JAVA_HOME is not set","logger":"task.stderr"}
{"timestamp":"2026-05-11T16:47:10.599958Z","level":"error","event":"Task failed with exception","logger":"task","filename":"task_runner.py","lineno":1347,"error_detail":[{"exc_type":"PySparkRuntimeError","exc_value":"[JAVA_GATEWAY_EXITED] Java gateway process exited before sending its port number.","exc_notes":[],"syntax_error":null,"is_cause":false,"frames":[{"filename":"/home/airflow/.local/lib/python3.13/site-packages/airflow/sdk/execution_time/task_runner.py","lineno":1263,"name":"run"},{"filename":"/home/airflow/.local/lib/python3.13/site-packages/airflow/sdk/execution_time/task_runner.py","lineno":1678,"name":"_execute_task"},{"filename":"/home/airflow/.local/lib/python3.13/site-packages/airflow/sdk/bases/operator.py","lineno":443,"name":"wrapper"},{"filename":"/home/airflow/.local/lib/python3.13/site-packages/airflow/providers/standard/operators/python.py","lineno":227,"name":"execute"},{"filename":"/home/airflow/.local/lib/python3.13/site-packages/airflow/providers/standard/operators/python.py","lineno":250,"name":"execute_callable"},{"filename":"/home/airflow/.local/lib/python3.13/site-packages/airflow/sdk/execution_time/callback_runner.py","lineno":97,"name":"run"},{"filename":"/opt/airflow/dags/csv_upsert_pipeline.py","lineno":47,"name":"process_partition"},{"filename":"/home/airflow/.local/lib/python3.13/site-packages/pyspark/sql/session.py","lineno":497,"name":"getOrCreate"},{"filename":"/home/airflow/.local/lib/python3.13/site-packages/pyspark/context.py","lineno":515,"name":"getOrCreate"},{"filename":"/home/airflow/.local/lib/python3.13/site-packages/pyspark/context.py","lineno":201,"name":"__init__"},{"filename":"/home/airflow/.local/lib/python3.13/site-packages/pyspark/context.py","lineno":436,"name":"_ensure_initialized"},{"filename":"/home/airflow/.local/lib/python3.13/site-packages/pyspark/java_gateway.py","lineno":107,"name":"launch_gateway"}],"is_group":false,"exceptions":[]}]}
{"timestamp":"2026-05-11T16:47:10.628945Z","level":"info","event":"Task instance in failure state","logger":"task.stdout"}
{"timestamp":"2026-05-11T16:47:10.639606Z","level":"info","event":"Task start","logger":"task.stdout"}
{"timestamp":"2026-05-11T16:47:10.640164Z","level":"info","event":"Task:<Task(PythonOperator): process_partition>","logger":"task.stdout"}
{"timestamp":"2026-05-11T16:47:10.642466Z","level":"info","event":"Failure caused by [JAVA_GATEWAY_EXITED] Java gateway process exited before sending its port number.","logger":"task.stdout"}
{"timestamp":"2026-05-11T17:17:53.599848Z","level":"info","event":"DAG bundles loaded: dags-folder, example_dags","logger":"airflow.dag_processing.bundles.manager.DagBundlesManager","filename":"manager.py","lineno":209}
{"timestamp":"2026-05-11T17:17:53.605451Z","level":"info","event":"Filling up the DagBag from /opt/airflow/dags/__pycache__/csv_upsert_pipeline.py","logger":"airflow.dag_processing.dagbag.BundleDagBag","filename":"dagbag.py","lineno":469}
{"timestamp":"2026-05-11T17:17:53.654077Z","level":"warning","event":"airflow.exceptions.AirflowSkipException is deprecated and will be removed in a future version. Use airflow.sdk.exceptions.AirflowSkipException instead.","category":"UserWarning","filename":"/opt/airflow/dags/__pycache__/csv_upsert_pipeline.py","lineno":7,"logger":"py.warnings"}
{"timestamp":"2026-05-11T17:17:53.965658Z","level":"info","event":"Task instance is in running state","logger":"task.stdout"}
{"timestamp":"2026-05-11T17:17:53.966640Z","level":"info","event":" Previous state of the Task instance: TaskInstanceState.QUEUED","logger":"task.stdout"}
{"timestamp":"2026-05-11T17:17:53.972221Z","level":"info","event":"Current task name:process_partition","logger":"task.stdout"}
{"timestamp":"2026-05-11T17:17:53.972777Z","level":"info","event":"Dag name:csv_upsert_pipeline","logger":"task.stdout"}
{"timestamp":"2026-05-11T17:17:54.007202Z","level":"info","event":"[INFO] data_interval_start : 2026-05-04 08:00:00+00:00","logger":"task.stdout"}
{"timestamp":"2026-05-11T17:17:54.008122Z","level":"info","event":"[INFO] data_interval_end   : 2026-05-04 08:00:00+00:00","logger":"task.stdout"}
{"timestamp":"2026-05-11T17:17:54.021024Z","level":"info","event":"[INFO] Processing partition: /data/time_stamp=2026-05-04-08","logger":"task.stdout"}
{"timestamp":"2026-05-11T17:17:54.035233Z","level":"info","event":"[INFO] Sorted files: ['data_1.csv']","logger":"task.stdout"}
{"timestamp":"2026-05-11T17:17:54.038264Z","level":"info","event":"[INFO] Read data_1.csv  (index=1)","logger":"task.stdout"}
{"timestamp":"2026-05-11T17:17:54.044992Z","level":"info","event":"[INFO] Resolved 7 unique IDs for this run:","logger":"task.stdout"}
{"timestamp":"2026-05-11T17:17:54.045755Z","level":"info","event":"       id=1 → {'id': '1', 'name': 'Alice', 'age': '40', 'department': 'Sales', 'salary': '49936.06', 'working_hours': '54.4'}","logger":"task.stdout"}
{"timestamp":"2026-05-11T17:17:54.054917Z","level":"info","event":"       id=2 → {'id': '2', 'name': 'Bob', 'age': '45', 'department': 'Sales', 'salary': '114441.96', 'working_hours': '41.9'}","logger":"task.stdout"}
{"timestamp":"2026-05-11T17:17:54.061496Z","level":"info","event":"       id=3 → {'id': '3', 'name': 'Charlie', 'age': '50', 'department': 'Engineering', 'salary': '113851.76', 'working_hours': '31.7'}","logger":"task.stdout"}
{"timestamp":"2026-05-11T17:17:54.063158Z","level":"info","event":"       id=4 → {'id': '4', 'name': 'Charlie', 'age': '52', 'department': 'Marketing', 'salary': '113559.23', 'working_hours': '31.5'}","logger":"task.stdout"}
{"timestamp":"2026-05-11T17:17:54.090947Z","level":"info","event":"       id=5 → {'id': '5', 'name': 'Jack', 'age': '24', 'department': 'HR', 'salary': '92633.06', 'working_hours': '24.7'}","logger":"task.stdout"}
{"timestamp":"2026-05-11T17:17:54.101877Z","level":"info","event":"       id=6 → {'id': '6', 'name': 'Grace', 'age': '38', 'department': 'Sales', 'salary': '58856.7', 'working_hours': '57.0'}","logger":"task.stdout"}
{"timestamp":"2026-05-11T17:17:54.103846Z","level":"info","event":"       id=7 → {'id': '7', 'name': 'Hank', 'age': '52', 'department': 'Marketing', 'salary': '42718.36', 'working_hours': '54.4'}","logger":"task.stdout"}
{"timestamp":"2026-05-11T17:17:54.117260Z","level":"info","event":"[INFO] result.csv found — upsert.","logger":"task.stdout"}
{"timestamp":"2026-05-11T17:17:54.126787Z","level":"info","event":"[INFO] In existing result.csv 20 rows.","logger":"task.stdout"}
{"timestamp":"2026-05-11T17:17:54.147330Z","level":"info","event":"       UPDATE  id=1","logger":"task.stdout"}
{"timestamp":"2026-05-11T17:17:54.147831Z","level":"info","event":"       UPDATE  id=2","logger":"task.stdout"}
{"timestamp":"2026-05-11T17:17:54.152299Z","level":"info","event":"       UPDATE  id=3","logger":"task.stdout"}
{"timestamp":"2026-05-11T17:17:54.152832Z","level":"info","event":"       UPDATE  id=4","logger":"task.stdout"}
{"timestamp":"2026-05-11T17:17:54.153672Z","level":"info","event":"       UPDATE  id=5","logger":"task.stdout"}
{"timestamp":"2026-05-11T17:17:54.161274Z","level":"info","event":"       UPDATE  id=6","logger":"task.stdout"}
{"timestamp":"2026-05-11T17:17:54.161799Z","level":"info","event":"       UPDATE  id=7","logger":"task.stdout"}
{"timestamp":"2026-05-11T17:17:54.174494Z","level":"info","event":"[INFO] result.csv updated — total 20 rows.","logger":"task.stdout"}
{"timestamp":"2026-05-11T17:17:54.079954Z","level":"info","event":"Done. Returned value was: None","logger":"airflow.task.operators.airflow.providers.standard.operators.python.PythonOperator","filename":"python.py","lineno":229}
{"timestamp":"2026-05-11T17:17:54.681720Z","level":"info","event":"Task instance in success state","logger":"task.stdout"}
{"timestamp":"2026-05-11T17:17:54.682445Z","level":"info","event":" Previous state of the Task instance: TaskInstanceState.RUNNING","logger":"task.stdout"}
{"timestamp":"2026-05-11T17:17:54.683015Z","level":"info","event":"Task operator:<Task(PythonOperator): process_partition>","logger":"task.stdout"}
