{"timestamp":"2026-05-05T10:30:50.122114Z","level":"info","event":"DAG bundles loaded: dags-folder, example_dags","logger":"airflow.dag_processing.bundles.manager.DagBundlesManager","filename":"manager.py","lineno":209}
{"timestamp":"2026-05-05T10:30:50.124101Z","level":"info","event":"Filling up the DagBag from /opt/airflow/dags/print_interval_dag.py","logger":"airflow.dag_processing.dagbag.BundleDagBag","filename":"dagbag.py","lineno":469}
{"timestamp":"2026-05-05T10:30:50.140549Z","level":"warning","event":"The `airflow.operators.python.PythonOperator` attribute is deprecated. Please use `'airflow.providers.standard.operators.python.PythonOperator'`.","category":"UserWarning","filename":"/opt/airflow/dags/print_interval_dag.py","lineno":2,"logger":"py.warnings"}
{"timestamp":"2026-05-05T10:30:50.199904Z","level":"info","event":"Task instance is in running state","logger":"task.stdout"}
{"timestamp":"2026-05-05T10:30:50.200761Z","level":"info","event":" Previous state of the Task instance: TaskInstanceState.QUEUED","logger":"task.stdout"}
{"timestamp":"2026-05-05T10:30:50.205209Z","level":"info","event":"Current task name:print_interval","logger":"task.stdout"}
{"timestamp":"2026-05-05T10:30:50.206112Z","level":"info","event":"Dag name:print_interval_dag","logger":"task.stdout"}
{"timestamp":"2026-05-05T10:30:50.209707Z","level":"info","event":"Interval Start: 2025-05-24 21:00:00+00:00","logger":"task.stdout"}
{"timestamp":"2026-05-05T10:30:50.216295Z","level":"info","event":"Interval End:   2025-05-24 21:00:00+00:00","logger":"task.stdout"}
{"timestamp":"2026-05-05T10:30:50.203207Z","level":"info","event":"Done. Returned value was: None","logger":"airflow.task.operators.airflow.providers.standard.operators.python.PythonOperator","filename":"python.py","lineno":229}
{"timestamp":"2026-05-05T10:30:50.261579Z","level":"info","event":"Task instance in success state","logger":"task.stdout"}
{"timestamp":"2026-05-05T10:30:50.262402Z","level":"info","event":" Previous state of the Task instance: TaskInstanceState.RUNNING","logger":"task.stdout"}
{"timestamp":"2026-05-05T10:30:50.263146Z","level":"info","event":"Task operator:<Task(PythonOperator): print_interval>","logger":"task.stdout"}
{"timestamp":"2026-05-05T12:26:45.139119Z","level":"info","event":"DAG bundles loaded: dags-folder, example_dags","logger":"airflow.dag_processing.bundles.manager.DagBundlesManager","filename":"manager.py","lineno":209}
{"timestamp":"2026-05-05T12:26:45.144206Z","level":"info","event":"Filling up the DagBag from /opt/airflow/dags/print_interval_dag.py","logger":"airflow.dag_processing.dagbag.BundleDagBag","filename":"dagbag.py","lineno":469}
{"timestamp":"2026-05-05T12:26:45.398812Z","level":"info","event":"Task instance is in running state","logger":"task.stdout"}
{"timestamp":"2026-05-05T12:26:45.400306Z","level":"info","event":" Previous state of the Task instance: TaskInstanceState.QUEUED","logger":"task.stdout"}
{"timestamp":"2026-05-05T12:26:45.401386Z","level":"info","event":"Current task name:print_interval","logger":"task.stdout"}
{"timestamp":"2026-05-05T12:26:45.403389Z","level":"info","event":"Dag name:print_interval_dag","logger":"task.stdout"}
{"timestamp":"2026-05-05T12:26:45.404030Z","level":"info","event":"=== ALL AVAILABLE MACROS ===","logger":"task.stdout"}
{"timestamp":"2026-05-05T12:26:45.404827Z","level":"info","event":"dag: <DAG: print_interval_dag>","logger":"task.stdout"}
{"timestamp":"2026-05-05T12:26:45.405441Z","level":"info","event":"inlets: []","logger":"task.stdout"}
{"timestamp":"2026-05-05T12:26:45.406756Z","level":"info","event":"map_index_template: None","logger":"task.stdout"}
{"timestamp":"2026-05-05T12:26:45.407361Z","level":"info","event":"outlets: []","logger":"task.stdout"}
{"timestamp":"2026-05-05T12:26:45.408094Z","level":"info","event":"run_id: scheduled__2025-05-24T21:00:00+00:00","logger":"task.stdout"}
{"timestamp":"2026-05-05T12:26:45.409436Z","level":"info","event":"task: <Task(PythonOperator): print_interval>","logger":"task.stdout"}
{"timestamp":"2026-05-05T12:26:45.410544Z","level":"info","event":"task_instance: id=UUID('019df81a-dde0-7f89-81e5-2ce12b2dc16f') task_id='print_interval' dag_id='print_interval_dag' run_id='scheduled__2025-05-24T21:00:00+00:00' try_number=1 dag_version_id=UUID('019df815-a045-750b-bac8-47ced7cc6a45') map_index=-1 hostname='86abe326db93' context_carrier={'traceparent': '00-65734c562544846433bd83d9cf266cf8-eafd5b08a304c31e-01'} task=<Task(PythonOperator): print_interval> bundle_instance=LocalDagBundle(name=dags-folder) max_tries=0 start_date=datetime.datetime(2026, 5, 5, 12, 26, 43, 994557, tzinfo=datetime.timezone.utc) end_date=None state=<TaskInstanceState.RUNNING: 'running'> is_mapped=False rendered_map_index=None sentry_integration=''","logger":"task.stdout"}
{"timestamp":"2026-05-05T12:26:45.415946Z","level":"info","event":"ti: id=UUID('019df81a-dde0-7f89-81e5-2ce12b2dc16f') task_id='print_interval' dag_id='print_interval_dag' run_id='scheduled__2025-05-24T21:00:00+00:00' try_number=1 dag_version_id=UUID('019df815-a045-750b-bac8-47ced7cc6a45') map_index=-1 hostname='86abe326db93' context_carrier={'traceparent': '00-65734c562544846433bd83d9cf266cf8-eafd5b08a304c31e-01'} task=<Task(PythonOperator): print_interval> bundle_instance=LocalDagBundle(name=dags-folder) max_tries=0 start_date=datetime.datetime(2026, 5, 5, 12, 26, 43, 994557, tzinfo=datetime.timezone.utc) end_date=None state=<TaskInstanceState.RUNNING: 'running'> is_mapped=False rendered_map_index=None sentry_integration=''","logger":"task.stdout"}
{"timestamp":"2026-05-05T12:26:45.416693Z","level":"info","event":"outlet_events: OutletEventAccessors(_dict={})","logger":"task.stdout"}
{"timestamp":"2026-05-05T12:26:45.417444Z","level":"info","event":"inlet_events: InletEventsAccessors(_inlets=[], _assets={}, _asset_aliases={})","logger":"task.stdout"}
{"timestamp":"2026-05-05T12:26:45.417849Z","level":"info","event":"macros: <MacrosAccessor (dynamic access to macros)>","logger":"task.stdout"}
{"timestamp":"2026-05-05T12:26:45.418374Z","level":"info","event":"params: {}","logger":"task.stdout"}
{"timestamp":"2026-05-05T12:26:45.418814Z","level":"info","event":"var: {'json': <VariableAccessor (dynamic access)>, 'value': <VariableAccessor (dynamic access)>}","logger":"task.stdout"}
{"timestamp":"2026-05-05T12:26:45.419362Z","level":"info","event":"conn: <ConnectionAccessor (dynamic access)>","logger":"task.stdout"}
{"timestamp":"2026-05-05T12:26:45.419769Z","level":"info","event":"dag_run: dag_id='print_interval_dag' run_id='scheduled__2025-05-24T21:00:00+00:00' logical_date=datetime.datetime(2025, 5, 24, 21, 0, tzinfo=datetime.timezone.utc) data_interval_start=datetime.datetime(2025, 5, 24, 21, 0, tzinfo=datetime.timezone.utc) data_interval_end=datetime.datetime(2025, 5, 24, 21, 0, tzinfo=datetime.timezone.utc) run_after=datetime.datetime(2025, 5, 24, 21, 0, tzinfo=datetime.timezone.utc) start_date=datetime.datetime(2026, 5, 5, 12, 26, 43, 580392, tzinfo=datetime.timezone.utc) end_date=None clear_number=0 run_type=<DagRunType.SCHEDULED: 'scheduled'> state=<DagRunState.RUNNING: 'running'> conf={} triggering_user_name=None consumed_asset_events=[] partition_key=None note=None","logger":"task.stdout"}
{"timestamp":"2026-05-05T12:26:45.420436Z","level":"info","event":"triggering_asset_events: TriggeringAssetEventAccessor(_events=defaultdict(<class 'list'>, {}))","logger":"task.stdout"}
{"timestamp":"2026-05-05T12:26:45.420843Z","level":"info","event":"task_instance_key_str: print_interval_dag__print_interval__20250524","logger":"task.stdout"}
{"timestamp":"2026-05-05T12:26:45.421270Z","level":"info","event":"task_reschedule_count: 0","logger":"task.stdout"}
{"timestamp":"2026-05-05T12:26:45.475377Z","level":"info","event":"prev_start_date_success: 2026-05-05 12:26:42.435544+00:00","logger":"task.stdout"}
{"timestamp":"2026-05-05T12:26:45.476810Z","level":"info","event":"prev_end_date_success: 2026-05-05 12:26:44.161882+00:00","logger":"task.stdout"}
{"timestamp":"2026-05-05T12:26:45.479863Z","level":"info","event":"logical_date: 2025-05-24 21:00:00+00:00","logger":"task.stdout"}
{"timestamp":"2026-05-05T12:26:45.480525Z","level":"info","event":"ds: 2025-05-24","logger":"task.stdout"}
{"timestamp":"2026-05-05T12:26:45.481664Z","level":"info","event":"ds_nodash: 20250524","logger":"task.stdout"}
{"timestamp":"2026-05-05T12:26:45.483149Z","level":"info","event":"ts: 2025-05-24T21:00:00+00:00","logger":"task.stdout"}
{"timestamp":"2026-05-05T12:26:45.483718Z","level":"info","event":"ts_nodash: 20250524T210000","logger":"task.stdout"}
{"timestamp":"2026-05-05T12:26:45.484136Z","level":"info","event":"ts_nodash_with_tz: 20250524T210000+0000","logger":"task.stdout"}
{"timestamp":"2026-05-05T12:26:45.484475Z","level":"info","event":"data_interval_end: 2025-05-24 21:00:00+00:00","logger":"task.stdout"}
{"timestamp":"2026-05-05T12:26:45.484770Z","level":"info","event":"data_interval_start: 2025-05-24 21:00:00+00:00","logger":"task.stdout"}
{"timestamp":"2026-05-05T12:26:45.485058Z","level":"info","event":"prev_data_interval_start_success: 2025-05-24 15:00:00+00:00","logger":"task.stdout"}
{"timestamp":"2026-05-05T12:26:45.485474Z","level":"info","event":"prev_data_interval_end_success: 2025-05-24 15:00:00+00:00","logger":"task.stdout"}
{"timestamp":"2026-05-05T12:26:45.485815Z","level":"info","event":"templates_dict: None","logger":"task.stdout"}
{"timestamp":"2026-05-05T12:26:45.475651Z","level":"info","event":"Done. Returned value was: None","logger":"airflow.task.operators.airflow.providers.standard.operators.python.PythonOperator","filename":"python.py","lineno":229}
{"timestamp":"2026-05-05T12:26:45.571664Z","level":"info","event":"Task instance in success state","logger":"task.stdout"}
{"timestamp":"2026-05-05T12:26:45.584522Z","level":"info","event":" Previous state of the Task instance: TaskInstanceState.RUNNING","logger":"task.stdout"}
{"timestamp":"2026-05-05T12:26:45.585825Z","level":"info","event":"Task operator:<Task(PythonOperator): print_interval>","logger":"task.stdout"}
