{"timestamp":"2026-05-05T10:30:04.862183Z","level":"info","event":"DAG bundles loaded: dags-folder, example_dags","logger":"airflow.dag_processing.bundles.manager.DagBundlesManager","filename":"manager.py","lineno":209}
{"timestamp":"2026-05-05T10:30:04.864572Z","level":"info","event":"Filling up the DagBag from /opt/airflow/dags/print_interval_dag.py","logger":"airflow.dag_processing.dagbag.BundleDagBag","filename":"dagbag.py","lineno":469}
{"timestamp":"2026-05-05T10:30:04.881237Z","level":"warning","event":"The `airflow.operators.python.PythonOperator` attribute is deprecated. Please use `'airflow.providers.standard.operators.python.PythonOperator'`.","category":"UserWarning","filename":"/opt/airflow/dags/print_interval_dag.py","lineno":2,"logger":"py.warnings"}
{"timestamp":"2026-05-05T10:30:04.955781Z","level":"info","event":"Task instance is in running state","logger":"task.stdout"}
{"timestamp":"2026-05-05T10:30:04.958011Z","level":"info","event":" Previous state of the Task instance: TaskInstanceState.QUEUED","logger":"task.stdout"}
{"timestamp":"2026-05-05T10:30:04.961494Z","level":"info","event":"Current task name:print_interval","logger":"task.stdout"}
{"timestamp":"2026-05-05T10:30:04.962009Z","level":"info","event":"Dag name:print_interval_dag","logger":"task.stdout"}
{"timestamp":"2026-05-05T10:30:04.962699Z","level":"info","event":"Interval Start: 2025-05-13 06:00:00+00:00","logger":"task.stdout"}
{"timestamp":"2026-05-05T10:30:04.963160Z","level":"info","event":"Interval End:   2025-05-13 06:00:00+00:00","logger":"task.stdout"}
{"timestamp":"2026-05-05T10:30:04.956624Z","level":"info","event":"Done. Returned value was: None","logger":"airflow.task.operators.airflow.providers.standard.operators.python.PythonOperator","filename":"python.py","lineno":229}
{"timestamp":"2026-05-05T10:30:05.001143Z","level":"info","event":"Task instance in success state","logger":"task.stdout"}
{"timestamp":"2026-05-05T10:30:05.005632Z","level":"info","event":" Previous state of the Task instance: TaskInstanceState.RUNNING","logger":"task.stdout"}
{"timestamp":"2026-05-05T10:30:05.007542Z","level":"info","event":"Task operator:<Task(PythonOperator): print_interval>","logger":"task.stdout"}
{"timestamp":"2026-05-05T12:25:56.457078Z","level":"info","event":"DAG bundles loaded: dags-folder, example_dags","logger":"airflow.dag_processing.bundles.manager.DagBundlesManager","filename":"manager.py","lineno":209}
{"timestamp":"2026-05-05T12:25:56.459987Z","level":"info","event":"Filling up the DagBag from /opt/airflow/dags/print_interval_dag.py","logger":"airflow.dag_processing.dagbag.BundleDagBag","filename":"dagbag.py","lineno":469}
{"timestamp":"2026-05-05T12:25:56.591952Z","level":"info","event":"Task instance is in running state","logger":"task.stdout"}
{"timestamp":"2026-05-05T12:25:56.594987Z","level":"info","event":" Previous state of the Task instance: TaskInstanceState.QUEUED","logger":"task.stdout"}
{"timestamp":"2026-05-05T12:25:56.599865Z","level":"info","event":"Current task name:print_interval","logger":"task.stdout"}
{"timestamp":"2026-05-05T12:25:56.601889Z","level":"info","event":"Dag name:print_interval_dag","logger":"task.stdout"}
{"timestamp":"2026-05-05T12:25:56.603071Z","level":"info","event":"=== ALL AVAILABLE MACROS ===","logger":"task.stdout"}
{"timestamp":"2026-05-05T12:25:56.607591Z","level":"info","event":"dag: <DAG: print_interval_dag>","logger":"task.stdout"}
{"timestamp":"2026-05-05T12:25:56.611747Z","level":"info","event":"inlets: []","logger":"task.stdout"}
{"timestamp":"2026-05-05T12:25:56.613073Z","level":"info","event":"map_index_template: None","logger":"task.stdout"}
{"timestamp":"2026-05-05T12:25:56.615665Z","level":"info","event":"outlets: []","logger":"task.stdout"}
{"timestamp":"2026-05-05T12:25:56.616205Z","level":"info","event":"run_id: scheduled__2025-05-13T06:00:00+00:00","logger":"task.stdout"}
{"timestamp":"2026-05-05T12:25:56.619783Z","level":"info","event":"task: <Task(PythonOperator): print_interval>","logger":"task.stdout"}
{"timestamp":"2026-05-05T12:25:56.621216Z","level":"info","event":"task_instance: id=UUID('019df81a-1eee-7ed4-b713-ea6a4ac13737') task_id='print_interval' dag_id='print_interval_dag' run_id='scheduled__2025-05-13T06:00:00+00:00' try_number=1 dag_version_id=UUID('019df815-a045-750b-bac8-47ced7cc6a45') map_index=-1 hostname='86abe326db93' context_carrier={'traceparent': '00-00b10dc33ea68a5e5780cf4116f5b40b-ebfe6fbffeba95be-01'} task=<Task(PythonOperator): print_interval> bundle_instance=LocalDagBundle(name=dags-folder) max_tries=0 start_date=datetime.datetime(2026, 5, 5, 12, 25, 55, 351990, tzinfo=datetime.timezone.utc) end_date=None state=<TaskInstanceState.RUNNING: 'running'> is_mapped=False rendered_map_index=None sentry_integration=''","logger":"task.stdout"}
{"timestamp":"2026-05-05T12:25:56.623692Z","level":"info","event":"ti: id=UUID('019df81a-1eee-7ed4-b713-ea6a4ac13737') task_id='print_interval' dag_id='print_interval_dag' run_id='scheduled__2025-05-13T06:00:00+00:00' try_number=1 dag_version_id=UUID('019df815-a045-750b-bac8-47ced7cc6a45') map_index=-1 hostname='86abe326db93' context_carrier={'traceparent': '00-00b10dc33ea68a5e5780cf4116f5b40b-ebfe6fbffeba95be-01'} task=<Task(PythonOperator): print_interval> bundle_instance=LocalDagBundle(name=dags-folder) max_tries=0 start_date=datetime.datetime(2026, 5, 5, 12, 25, 55, 351990, tzinfo=datetime.timezone.utc) end_date=None state=<TaskInstanceState.RUNNING: 'running'> is_mapped=False rendered_map_index=None sentry_integration=''","logger":"task.stdout"}
{"timestamp":"2026-05-05T12:25:56.625027Z","level":"info","event":"outlet_events: OutletEventAccessors(_dict={})","logger":"task.stdout"}
{"timestamp":"2026-05-05T12:25:56.634086Z","level":"info","event":"inlet_events: InletEventsAccessors(_inlets=[], _assets={}, _asset_aliases={})","logger":"task.stdout"}
{"timestamp":"2026-05-05T12:25:56.637986Z","level":"info","event":"macros: <MacrosAccessor (dynamic access to macros)>","logger":"task.stdout"}
{"timestamp":"2026-05-05T12:25:56.639071Z","level":"info","event":"params: {}","logger":"task.stdout"}
{"timestamp":"2026-05-05T12:25:56.641084Z","level":"info","event":"var: {'json': <VariableAccessor (dynamic access)>, 'value': <VariableAccessor (dynamic access)>}","logger":"task.stdout"}
{"timestamp":"2026-05-05T12:25:56.648255Z","level":"info","event":"conn: <ConnectionAccessor (dynamic access)>","logger":"task.stdout"}
{"timestamp":"2026-05-05T12:25:56.648956Z","level":"info","event":"dag_run: dag_id='print_interval_dag' run_id='scheduled__2025-05-13T06:00:00+00:00' logical_date=datetime.datetime(2025, 5, 13, 6, 0, tzinfo=datetime.timezone.utc) data_interval_start=datetime.datetime(2025, 5, 13, 6, 0, tzinfo=datetime.timezone.utc) data_interval_end=datetime.datetime(2025, 5, 13, 6, 0, tzinfo=datetime.timezone.utc) run_after=datetime.datetime(2025, 5, 13, 6, 0, tzinfo=datetime.timezone.utc) start_date=datetime.datetime(2026, 5, 5, 12, 25, 54, 699397, tzinfo=datetime.timezone.utc) end_date=None clear_number=0 run_type=<DagRunType.SCHEDULED: 'scheduled'> state=<DagRunState.RUNNING: 'running'> conf={} triggering_user_name=None consumed_asset_events=[] partition_key=None note=None","logger":"task.stdout"}
{"timestamp":"2026-05-05T12:25:56.652823Z","level":"info","event":"triggering_asset_events: TriggeringAssetEventAccessor(_events=defaultdict(<class 'list'>, {}))","logger":"task.stdout"}
{"timestamp":"2026-05-05T12:25:56.654418Z","level":"info","event":"task_instance_key_str: print_interval_dag__print_interval__20250513","logger":"task.stdout"}
{"timestamp":"2026-05-05T12:25:56.655419Z","level":"info","event":"task_reschedule_count: 0","logger":"task.stdout"}
{"timestamp":"2026-05-05T12:25:56.732505Z","level":"info","event":"prev_start_date_success: 2026-05-05 12:25:54.177104+00:00","logger":"task.stdout"}
{"timestamp":"2026-05-05T12:25:56.733167Z","level":"info","event":"prev_end_date_success: 2026-05-05 12:25:56.633067+00:00","logger":"task.stdout"}
{"timestamp":"2026-05-05T12:25:56.733821Z","level":"info","event":"logical_date: 2025-05-13 06:00:00+00:00","logger":"task.stdout"}
{"timestamp":"2026-05-05T12:25:56.734297Z","level":"info","event":"ds: 2025-05-13","logger":"task.stdout"}
{"timestamp":"2026-05-05T12:25:56.737582Z","level":"info","event":"ds_nodash: 20250513","logger":"task.stdout"}
{"timestamp":"2026-05-05T12:25:56.738152Z","level":"info","event":"ts: 2025-05-13T06:00:00+00:00","logger":"task.stdout"}
{"timestamp":"2026-05-05T12:25:56.743212Z","level":"info","event":"ts_nodash: 20250513T060000","logger":"task.stdout"}
{"timestamp":"2026-05-05T12:25:56.743748Z","level":"info","event":"ts_nodash_with_tz: 20250513T060000+0000","logger":"task.stdout"}
{"timestamp":"2026-05-05T12:25:56.747821Z","level":"info","event":"data_interval_end: 2025-05-13 06:00:00+00:00","logger":"task.stdout"}
{"timestamp":"2026-05-05T12:25:56.748375Z","level":"info","event":"data_interval_start: 2025-05-13 06:00:00+00:00","logger":"task.stdout"}
{"timestamp":"2026-05-05T12:25:56.748929Z","level":"info","event":"prev_data_interval_start_success: 2025-05-13 03:00:00+00:00","logger":"task.stdout"}
{"timestamp":"2026-05-05T12:25:56.751770Z","level":"info","event":"prev_data_interval_end_success: 2025-05-13 03:00:00+00:00","logger":"task.stdout"}
{"timestamp":"2026-05-05T12:25:56.752281Z","level":"info","event":"templates_dict: None","logger":"task.stdout"}
{"timestamp":"2026-05-05T12:25:56.731596Z","level":"info","event":"Done. Returned value was: None","logger":"airflow.task.operators.airflow.providers.standard.operators.python.PythonOperator","filename":"python.py","lineno":229}
{"timestamp":"2026-05-05T12:25:56.938867Z","level":"info","event":"Task instance in success state","logger":"task.stdout"}
{"timestamp":"2026-05-05T12:25:56.947045Z","level":"info","event":" Previous state of the Task instance: TaskInstanceState.RUNNING","logger":"task.stdout"}
{"timestamp":"2026-05-05T12:25:56.967836Z","level":"info","event":"Task operator:<Task(PythonOperator): print_interval>","logger":"task.stdout"}
