{"timestamp":"2026-05-05T10:30:40.542721Z","level":"info","event":"DAG bundles loaded: dags-folder, example_dags","logger":"airflow.dag_processing.bundles.manager.DagBundlesManager","filename":"manager.py","lineno":209}
{"timestamp":"2026-05-05T10:30:40.546282Z","level":"info","event":"Filling up the DagBag from /opt/airflow/dags/print_interval_dag.py","logger":"airflow.dag_processing.dagbag.BundleDagBag","filename":"dagbag.py","lineno":469}
{"timestamp":"2026-05-05T10:30:40.560568Z","level":"warning","event":"The `airflow.operators.python.PythonOperator` attribute is deprecated. Please use `'airflow.providers.standard.operators.python.PythonOperator'`.","category":"UserWarning","filename":"/opt/airflow/dags/print_interval_dag.py","lineno":2,"logger":"py.warnings"}
{"timestamp":"2026-05-05T10:30:40.614761Z","level":"info","event":"Task instance is in running state","logger":"task.stdout"}
{"timestamp":"2026-05-05T10:30:40.616434Z","level":"info","event":" Previous state of the Task instance: TaskInstanceState.QUEUED","logger":"task.stdout"}
{"timestamp":"2026-05-05T10:30:40.617463Z","level":"info","event":"Current task name:print_interval","logger":"task.stdout"}
{"timestamp":"2026-05-05T10:30:40.618363Z","level":"info","event":"Dag name:print_interval_dag","logger":"task.stdout"}
{"timestamp":"2026-05-05T10:30:40.620706Z","level":"info","event":"Interval Start: 2025-05-22 12:00:00+00:00","logger":"task.stdout"}
{"timestamp":"2026-05-05T10:30:40.621527Z","level":"info","event":"Interval End:   2025-05-22 12:00:00+00:00","logger":"task.stdout"}
{"timestamp":"2026-05-05T10:30:40.620702Z","level":"info","event":"Done. Returned value was: None","logger":"airflow.task.operators.airflow.providers.standard.operators.python.PythonOperator","filename":"python.py","lineno":229}
{"timestamp":"2026-05-05T10:30:40.659216Z","level":"info","event":"Task instance in success state","logger":"task.stdout"}
{"timestamp":"2026-05-05T10:30:40.659839Z","level":"info","event":" Previous state of the Task instance: TaskInstanceState.RUNNING","logger":"task.stdout"}
{"timestamp":"2026-05-05T10:30:40.660759Z","level":"info","event":"Task operator:<Task(PythonOperator): print_interval>","logger":"task.stdout"}
{"timestamp":"2026-05-05T12:26:36.208436Z","level":"info","event":"DAG bundles loaded: dags-folder, example_dags","logger":"airflow.dag_processing.bundles.manager.DagBundlesManager","filename":"manager.py","lineno":209}
{"timestamp":"2026-05-05T12:26:36.211279Z","level":"info","event":"Filling up the DagBag from /opt/airflow/dags/print_interval_dag.py","logger":"airflow.dag_processing.dagbag.BundleDagBag","filename":"dagbag.py","lineno":469}
{"timestamp":"2026-05-05T12:26:36.318978Z","level":"info","event":"Task instance is in running state","logger":"task.stdout"}
{"timestamp":"2026-05-05T12:26:36.319587Z","level":"info","event":" Previous state of the Task instance: TaskInstanceState.QUEUED","logger":"task.stdout"}
{"timestamp":"2026-05-05T12:26:36.320483Z","level":"info","event":"Current task name:print_interval","logger":"task.stdout"}
{"timestamp":"2026-05-05T12:26:36.323649Z","level":"info","event":"Dag name:print_interval_dag","logger":"task.stdout"}
{"timestamp":"2026-05-05T12:26:36.324536Z","level":"info","event":"=== ALL AVAILABLE MACROS ===","logger":"task.stdout"}
{"timestamp":"2026-05-05T12:26:36.327748Z","level":"info","event":"dag: <DAG: print_interval_dag>","logger":"task.stdout"}
{"timestamp":"2026-05-05T12:26:36.328382Z","level":"info","event":"inlets: []","logger":"task.stdout"}
{"timestamp":"2026-05-05T12:26:36.328890Z","level":"info","event":"map_index_template: None","logger":"task.stdout"}
{"timestamp":"2026-05-05T12:26:36.329464Z","level":"info","event":"outlets: []","logger":"task.stdout"}
{"timestamp":"2026-05-05T12:26:36.329940Z","level":"info","event":"run_id: scheduled__2025-05-22T12:00:00+00:00","logger":"task.stdout"}
{"timestamp":"2026-05-05T12:26:36.333288Z","level":"info","event":"task: <Task(PythonOperator): print_interval>","logger":"task.stdout"}
{"timestamp":"2026-05-05T12:26:36.334024Z","level":"info","event":"task_instance: id=UUID('019df81a-ba52-7126-8fad-0f16c03dc1d9') task_id='print_interval' dag_id='print_interval_dag' run_id='scheduled__2025-05-22T12:00:00+00:00' try_number=1 dag_version_id=UUID('019df815-a045-750b-bac8-47ced7cc6a45') map_index=-1 hostname='86abe326db93' context_carrier={'traceparent': '00-05efabba7afc1f6b6b6b79df3133eb3a-293abea805d97770-01'} task=<Task(PythonOperator): print_interval> bundle_instance=LocalDagBundle(name=dags-folder) max_tries=0 start_date=datetime.datetime(2026, 5, 5, 12, 26, 34, 956754, tzinfo=datetime.timezone.utc) end_date=None state=<TaskInstanceState.RUNNING: 'running'> is_mapped=False rendered_map_index=None sentry_integration=''","logger":"task.stdout"}
{"timestamp":"2026-05-05T12:26:36.335044Z","level":"info","event":"ti: id=UUID('019df81a-ba52-7126-8fad-0f16c03dc1d9') task_id='print_interval' dag_id='print_interval_dag' run_id='scheduled__2025-05-22T12:00:00+00:00' try_number=1 dag_version_id=UUID('019df815-a045-750b-bac8-47ced7cc6a45') map_index=-1 hostname='86abe326db93' context_carrier={'traceparent': '00-05efabba7afc1f6b6b6b79df3133eb3a-293abea805d97770-01'} task=<Task(PythonOperator): print_interval> bundle_instance=LocalDagBundle(name=dags-folder) max_tries=0 start_date=datetime.datetime(2026, 5, 5, 12, 26, 34, 956754, tzinfo=datetime.timezone.utc) end_date=None state=<TaskInstanceState.RUNNING: 'running'> is_mapped=False rendered_map_index=None sentry_integration=''","logger":"task.stdout"}
{"timestamp":"2026-05-05T12:26:36.335655Z","level":"info","event":"outlet_events: OutletEventAccessors(_dict={})","logger":"task.stdout"}
{"timestamp":"2026-05-05T12:26:36.336136Z","level":"info","event":"inlet_events: InletEventsAccessors(_inlets=[], _assets={}, _asset_aliases={})","logger":"task.stdout"}
{"timestamp":"2026-05-05T12:26:36.337165Z","level":"info","event":"macros: <MacrosAccessor (dynamic access to macros)>","logger":"task.stdout"}
{"timestamp":"2026-05-05T12:26:36.337714Z","level":"info","event":"params: {}","logger":"task.stdout"}
{"timestamp":"2026-05-05T12:26:36.338323Z","level":"info","event":"var: {'json': <VariableAccessor (dynamic access)>, 'value': <VariableAccessor (dynamic access)>}","logger":"task.stdout"}
{"timestamp":"2026-05-05T12:26:36.339471Z","level":"info","event":"conn: <ConnectionAccessor (dynamic access)>","logger":"task.stdout"}
{"timestamp":"2026-05-05T12:26:36.340631Z","level":"info","event":"dag_run: dag_id='print_interval_dag' run_id='scheduled__2025-05-22T12:00:00+00:00' logical_date=datetime.datetime(2025, 5, 22, 12, 0, tzinfo=datetime.timezone.utc) data_interval_start=datetime.datetime(2025, 5, 22, 12, 0, tzinfo=datetime.timezone.utc) data_interval_end=datetime.datetime(2025, 5, 22, 12, 0, tzinfo=datetime.timezone.utc) run_after=datetime.datetime(2025, 5, 22, 12, 0, tzinfo=datetime.timezone.utc) start_date=datetime.datetime(2026, 5, 5, 12, 26, 34, 479024, tzinfo=datetime.timezone.utc) end_date=None clear_number=0 run_type=<DagRunType.SCHEDULED: 'scheduled'> state=<DagRunState.RUNNING: 'running'> conf={} triggering_user_name=None consumed_asset_events=[] partition_key=None note=None","logger":"task.stdout"}
{"timestamp":"2026-05-05T12:26:36.341166Z","level":"info","event":"triggering_asset_events: TriggeringAssetEventAccessor(_events=defaultdict(<class 'list'>, {}))","logger":"task.stdout"}
{"timestamp":"2026-05-05T12:26:36.343420Z","level":"info","event":"task_instance_key_str: print_interval_dag__print_interval__20250522","logger":"task.stdout"}
{"timestamp":"2026-05-05T12:26:36.343932Z","level":"info","event":"task_reschedule_count: 0","logger":"task.stdout"}
{"timestamp":"2026-05-05T12:26:36.408794Z","level":"info","event":"prev_start_date_success: 2026-05-05 12:26:33.943021+00:00","logger":"task.stdout"}
{"timestamp":"2026-05-05T12:26:36.409419Z","level":"info","event":"prev_end_date_success: 2026-05-05 12:26:36.225518+00:00","logger":"task.stdout"}
{"timestamp":"2026-05-05T12:26:36.409900Z","level":"info","event":"logical_date: 2025-05-22 12:00:00+00:00","logger":"task.stdout"}
{"timestamp":"2026-05-05T12:26:36.410397Z","level":"info","event":"ds: 2025-05-22","logger":"task.stdout"}
{"timestamp":"2026-05-05T12:26:36.411365Z","level":"info","event":"ds_nodash: 20250522","logger":"task.stdout"}
{"timestamp":"2026-05-05T12:26:36.412110Z","level":"info","event":"ts: 2025-05-22T12:00:00+00:00","logger":"task.stdout"}
{"timestamp":"2026-05-05T12:26:36.412908Z","level":"info","event":"ts_nodash: 20250522T120000","logger":"task.stdout"}
{"timestamp":"2026-05-05T12:26:36.413391Z","level":"info","event":"ts_nodash_with_tz: 20250522T120000+0000","logger":"task.stdout"}
{"timestamp":"2026-05-05T12:26:36.423984Z","level":"info","event":"data_interval_end: 2025-05-22 12:00:00+00:00","logger":"task.stdout"}
{"timestamp":"2026-05-05T12:26:36.425394Z","level":"info","event":"data_interval_start: 2025-05-22 12:00:00+00:00","logger":"task.stdout"}
{"timestamp":"2026-05-05T12:26:36.428964Z","level":"info","event":"prev_data_interval_start_success: 2025-05-22 09:00:00+00:00","logger":"task.stdout"}
{"timestamp":"2026-05-05T12:26:36.429552Z","level":"info","event":"prev_data_interval_end_success: 2025-05-22 09:00:00+00:00","logger":"task.stdout"}
{"timestamp":"2026-05-05T12:26:36.429997Z","level":"info","event":"templates_dict: None","logger":"task.stdout"}
{"timestamp":"2026-05-05T12:26:36.406921Z","level":"info","event":"Done. Returned value was: None","logger":"airflow.task.operators.airflow.providers.standard.operators.python.PythonOperator","filename":"python.py","lineno":229}
{"timestamp":"2026-05-05T12:26:36.518137Z","level":"info","event":"Task instance in success state","logger":"task.stdout"}
{"timestamp":"2026-05-05T12:26:36.525239Z","level":"info","event":" Previous state of the Task instance: TaskInstanceState.RUNNING","logger":"task.stdout"}
{"timestamp":"2026-05-05T12:26:36.533552Z","level":"info","event":"Task operator:<Task(PythonOperator): print_interval>","logger":"task.stdout"}
