{"timestamp":"2026-05-05T10:29:36.220583Z","level":"info","event":"DAG bundles loaded: dags-folder, example_dags","logger":"airflow.dag_processing.bundles.manager.DagBundlesManager","filename":"manager.py","lineno":209}
{"timestamp":"2026-05-05T10:29:36.222615Z","level":"info","event":"Filling up the DagBag from /opt/airflow/dags/print_interval_dag.py","logger":"airflow.dag_processing.dagbag.BundleDagBag","filename":"dagbag.py","lineno":469}
{"timestamp":"2026-05-05T10:29:36.232904Z","level":"warning","event":"The `airflow.operators.python.PythonOperator` attribute is deprecated. Please use `'airflow.providers.standard.operators.python.PythonOperator'`.","category":"UserWarning","filename":"/opt/airflow/dags/print_interval_dag.py","lineno":2,"logger":"py.warnings"}
{"timestamp":"2026-05-05T10:29:36.299895Z","level":"info","event":"Task instance is in running state","logger":"task.stdout"}
{"timestamp":"2026-05-05T10:29:36.300975Z","level":"info","event":" Previous state of the Task instance: TaskInstanceState.QUEUED","logger":"task.stdout"}
{"timestamp":"2026-05-05T10:29:36.302791Z","level":"info","event":"Current task name:print_interval","logger":"task.stdout"}
{"timestamp":"2026-05-05T10:29:36.305691Z","level":"info","event":"Dag name:print_interval_dag","logger":"task.stdout"}
{"timestamp":"2026-05-05T10:29:36.306387Z","level":"info","event":"Interval Start: 2025-05-06 00:00:00+00:00","logger":"task.stdout"}
{"timestamp":"2026-05-05T10:29:36.310532Z","level":"info","event":"Interval End:   2025-05-06 00:00:00+00:00","logger":"task.stdout"}
{"timestamp":"2026-05-05T10:29:36.305831Z","level":"info","event":"Done. Returned value was: None","logger":"airflow.task.operators.airflow.providers.standard.operators.python.PythonOperator","filename":"python.py","lineno":229}
{"timestamp":"2026-05-05T10:29:36.427781Z","level":"info","event":"Task instance in success state","logger":"task.stdout"}
{"timestamp":"2026-05-05T10:29:36.430117Z","level":"info","event":" Previous state of the Task instance: TaskInstanceState.RUNNING","logger":"task.stdout"}
{"timestamp":"2026-05-05T10:29:36.431731Z","level":"info","event":"Task operator:<Task(PythonOperator): print_interval>","logger":"task.stdout"}
{"timestamp":"2026-05-05T12:25:26.371023Z","level":"info","event":"DAG bundles loaded: dags-folder, example_dags","logger":"airflow.dag_processing.bundles.manager.DagBundlesManager","filename":"manager.py","lineno":209}
{"timestamp":"2026-05-05T12:25:26.372559Z","level":"info","event":"Filling up the DagBag from /opt/airflow/dags/print_interval_dag.py","logger":"airflow.dag_processing.dagbag.BundleDagBag","filename":"dagbag.py","lineno":469}
{"timestamp":"2026-05-05T12:25:26.661198Z","level":"info","event":"Task instance is in running state","logger":"task.stdout"}
{"timestamp":"2026-05-05T12:25:26.664043Z","level":"info","event":" Previous state of the Task instance: TaskInstanceState.QUEUED","logger":"task.stdout"}
{"timestamp":"2026-05-05T12:25:26.664570Z","level":"info","event":"Current task name:print_interval","logger":"task.stdout"}
{"timestamp":"2026-05-05T12:25:26.665001Z","level":"info","event":"Dag name:print_interval_dag","logger":"task.stdout"}
{"timestamp":"2026-05-05T12:25:26.668256Z","level":"info","event":"=== ALL AVAILABLE MACROS ===","logger":"task.stdout"}
{"timestamp":"2026-05-05T12:25:26.668797Z","level":"info","event":"dag: <DAG: print_interval_dag>","logger":"task.stdout"}
{"timestamp":"2026-05-05T12:25:26.669226Z","level":"info","event":"inlets: []","logger":"task.stdout"}
{"timestamp":"2026-05-05T12:25:26.669588Z","level":"info","event":"map_index_template: None","logger":"task.stdout"}
{"timestamp":"2026-05-05T12:25:26.669985Z","level":"info","event":"outlets: []","logger":"task.stdout"}
{"timestamp":"2026-05-05T12:25:26.670351Z","level":"info","event":"run_id: scheduled__2025-05-06T00:00:00+00:00","logger":"task.stdout"}
{"timestamp":"2026-05-05T12:25:26.670836Z","level":"info","event":"task: <Task(PythonOperator): print_interval>","logger":"task.stdout"}
{"timestamp":"2026-05-05T12:25:26.671113Z","level":"info","event":"task_instance: id=UUID('019df819-ab70-7ee2-8b37-ab4c7b1a0137') task_id='print_interval' dag_id='print_interval_dag' run_id='scheduled__2025-05-06T00:00:00+00:00' try_number=1 dag_version_id=UUID('019df815-a045-750b-bac8-47ced7cc6a45') map_index=-1 hostname='86abe326db93' context_carrier={'traceparent': '00-d13402fe8aada2bd565e7396d23fb3b2-d6c0106af7c4fc89-01'} task=<Task(PythonOperator): print_interval> bundle_instance=LocalDagBundle(name=dags-folder) max_tries=0 start_date=datetime.datetime(2026, 5, 5, 12, 25, 25, 452957, tzinfo=datetime.timezone.utc) end_date=None state=<TaskInstanceState.RUNNING: 'running'> is_mapped=False rendered_map_index=None sentry_integration=''","logger":"task.stdout"}
{"timestamp":"2026-05-05T12:25:26.671582Z","level":"info","event":"ti: id=UUID('019df819-ab70-7ee2-8b37-ab4c7b1a0137') task_id='print_interval' dag_id='print_interval_dag' run_id='scheduled__2025-05-06T00:00:00+00:00' try_number=1 dag_version_id=UUID('019df815-a045-750b-bac8-47ced7cc6a45') map_index=-1 hostname='86abe326db93' context_carrier={'traceparent': '00-d13402fe8aada2bd565e7396d23fb3b2-d6c0106af7c4fc89-01'} task=<Task(PythonOperator): print_interval> bundle_instance=LocalDagBundle(name=dags-folder) max_tries=0 start_date=datetime.datetime(2026, 5, 5, 12, 25, 25, 452957, tzinfo=datetime.timezone.utc) end_date=None state=<TaskInstanceState.RUNNING: 'running'> is_mapped=False rendered_map_index=None sentry_integration=''","logger":"task.stdout"}
{"timestamp":"2026-05-05T12:25:26.672153Z","level":"info","event":"outlet_events: OutletEventAccessors(_dict={})","logger":"task.stdout"}
{"timestamp":"2026-05-05T12:25:26.672953Z","level":"info","event":"inlet_events: InletEventsAccessors(_inlets=[], _assets={}, _asset_aliases={})","logger":"task.stdout"}
{"timestamp":"2026-05-05T12:25:26.673455Z","level":"info","event":"macros: <MacrosAccessor (dynamic access to macros)>","logger":"task.stdout"}
{"timestamp":"2026-05-05T12:25:26.673946Z","level":"info","event":"params: {}","logger":"task.stdout"}
{"timestamp":"2026-05-05T12:25:26.674299Z","level":"info","event":"var: {'json': <VariableAccessor (dynamic access)>, 'value': <VariableAccessor (dynamic access)>}","logger":"task.stdout"}
{"timestamp":"2026-05-05T12:25:26.674637Z","level":"info","event":"conn: <ConnectionAccessor (dynamic access)>","logger":"task.stdout"}
{"timestamp":"2026-05-05T12:25:26.675092Z","level":"info","event":"dag_run: dag_id='print_interval_dag' run_id='scheduled__2025-05-06T00:00:00+00:00' logical_date=datetime.datetime(2025, 5, 6, 0, 0, tzinfo=datetime.timezone.utc) data_interval_start=datetime.datetime(2025, 5, 6, 0, 0, tzinfo=datetime.timezone.utc) data_interval_end=datetime.datetime(2025, 5, 6, 0, 0, tzinfo=datetime.timezone.utc) run_after=datetime.datetime(2025, 5, 6, 0, 0, tzinfo=datetime.timezone.utc) start_date=datetime.datetime(2026, 5, 5, 12, 25, 25, 143373, tzinfo=datetime.timezone.utc) end_date=None clear_number=0 run_type=<DagRunType.SCHEDULED: 'scheduled'> state=<DagRunState.RUNNING: 'running'> conf={} triggering_user_name=None consumed_asset_events=[] partition_key=None note=None","logger":"task.stdout"}
{"timestamp":"2026-05-05T12:25:26.675422Z","level":"info","event":"triggering_asset_events: TriggeringAssetEventAccessor(_events=defaultdict(<class 'list'>, {}))","logger":"task.stdout"}
{"timestamp":"2026-05-05T12:25:26.675739Z","level":"info","event":"task_instance_key_str: print_interval_dag__print_interval__20250506","logger":"task.stdout"}
{"timestamp":"2026-05-05T12:25:26.676265Z","level":"info","event":"task_reschedule_count: 0","logger":"task.stdout"}
{"timestamp":"2026-05-05T12:25:26.737463Z","level":"info","event":"prev_start_date_success: 2026-05-05 12:25:24.607357+00:00","logger":"task.stdout"}
{"timestamp":"2026-05-05T12:25:26.738403Z","level":"info","event":"prev_end_date_success: 2026-05-05 12:25:26.485982+00:00","logger":"task.stdout"}
{"timestamp":"2026-05-05T12:25:26.739100Z","level":"info","event":"logical_date: 2025-05-06 00:00:00+00:00","logger":"task.stdout"}
{"timestamp":"2026-05-05T12:25:26.739709Z","level":"info","event":"ds: 2025-05-06","logger":"task.stdout"}
{"timestamp":"2026-05-05T12:25:26.740545Z","level":"info","event":"ds_nodash: 20250506","logger":"task.stdout"}
{"timestamp":"2026-05-05T12:25:26.741438Z","level":"info","event":"ts: 2025-05-06T00:00:00+00:00","logger":"task.stdout"}
{"timestamp":"2026-05-05T12:25:26.741987Z","level":"info","event":"ts_nodash: 20250506T000000","logger":"task.stdout"}
{"timestamp":"2026-05-05T12:25:26.742593Z","level":"info","event":"ts_nodash_with_tz: 20250506T000000+0000","logger":"task.stdout"}
{"timestamp":"2026-05-05T12:25:26.743261Z","level":"info","event":"data_interval_end: 2025-05-06 00:00:00+00:00","logger":"task.stdout"}
{"timestamp":"2026-05-05T12:25:26.743888Z","level":"info","event":"data_interval_start: 2025-05-06 00:00:00+00:00","logger":"task.stdout"}
{"timestamp":"2026-05-05T12:25:26.746193Z","level":"info","event":"prev_data_interval_start_success: 2025-05-05 21:00:00+00:00","logger":"task.stdout"}
{"timestamp":"2026-05-05T12:25:26.746788Z","level":"info","event":"prev_data_interval_end_success: 2025-05-05 21:00:00+00:00","logger":"task.stdout"}
{"timestamp":"2026-05-05T12:25:26.747401Z","level":"info","event":"templates_dict: None","logger":"task.stdout"}
{"timestamp":"2026-05-05T12:25:26.736180Z","level":"info","event":"Done. Returned value was: None","logger":"airflow.task.operators.airflow.providers.standard.operators.python.PythonOperator","filename":"python.py","lineno":229}
{"timestamp":"2026-05-05T12:25:26.869754Z","level":"info","event":"Task instance in success state","logger":"task.stdout"}
{"timestamp":"2026-05-05T12:25:26.871953Z","level":"info","event":" Previous state of the Task instance: TaskInstanceState.RUNNING","logger":"task.stdout"}
{"timestamp":"2026-05-05T12:25:26.875237Z","level":"info","event":"Task operator:<Task(PythonOperator): print_interval>","logger":"task.stdout"}
