{"timestamp":"2026-05-05T10:29:24.321746Z","level":"info","event":"DAG bundles loaded: dags-folder, example_dags","logger":"airflow.dag_processing.bundles.manager.DagBundlesManager","filename":"manager.py","lineno":209}
{"timestamp":"2026-05-05T10:29:24.324315Z","level":"info","event":"Filling up the DagBag from /opt/airflow/dags/print_interval_dag.py","logger":"airflow.dag_processing.dagbag.BundleDagBag","filename":"dagbag.py","lineno":469}
{"timestamp":"2026-05-05T10:29:24.339485Z","level":"warning","event":"The `airflow.operators.python.PythonOperator` attribute is deprecated. Please use `'airflow.providers.standard.operators.python.PythonOperator'`.","category":"UserWarning","filename":"/opt/airflow/dags/print_interval_dag.py","lineno":2,"logger":"py.warnings"}
{"timestamp":"2026-05-05T10:29:24.439713Z","level":"info","event":"Task instance is in running state","logger":"task.stdout"}
{"timestamp":"2026-05-05T10:29:24.440508Z","level":"info","event":" Previous state of the Task instance: TaskInstanceState.QUEUED","logger":"task.stdout"}
{"timestamp":"2026-05-05T10:29:24.446049Z","level":"info","event":"Current task name:print_interval","logger":"task.stdout"}
{"timestamp":"2026-05-05T10:29:24.447075Z","level":"info","event":"Dag name:print_interval_dag","logger":"task.stdout"}
{"timestamp":"2026-05-05T10:29:24.450289Z","level":"info","event":"Interval Start: 2025-05-03 06:00:00+00:00","logger":"task.stdout"}
{"timestamp":"2026-05-05T10:29:24.451650Z","level":"info","event":"Interval End:   2025-05-03 06:00:00+00:00","logger":"task.stdout"}
{"timestamp":"2026-05-05T10:29:24.447434Z","level":"info","event":"Done. Returned value was: None","logger":"airflow.task.operators.airflow.providers.standard.operators.python.PythonOperator","filename":"python.py","lineno":229}
{"timestamp":"2026-05-05T10:29:24.555647Z","level":"info","event":"Task instance in success state","logger":"task.stdout"}
{"timestamp":"2026-05-05T10:29:24.556125Z","level":"info","event":" Previous state of the Task instance: TaskInstanceState.RUNNING","logger":"task.stdout"}
{"timestamp":"2026-05-05T10:29:24.559527Z","level":"info","event":"Task operator:<Task(PythonOperator): print_interval>","logger":"task.stdout"}
{"timestamp":"2026-05-05T12:25:15.781513Z","level":"info","event":"DAG bundles loaded: dags-folder, example_dags","logger":"airflow.dag_processing.bundles.manager.DagBundlesManager","filename":"manager.py","lineno":209}
{"timestamp":"2026-05-05T12:25:15.783343Z","level":"info","event":"Filling up the DagBag from /opt/airflow/dags/print_interval_dag.py","logger":"airflow.dag_processing.dagbag.BundleDagBag","filename":"dagbag.py","lineno":469}
{"timestamp":"2026-05-05T12:25:15.901657Z","level":"info","event":"Task instance is in running state","logger":"task.stdout"}
{"timestamp":"2026-05-05T12:25:15.908497Z","level":"info","event":" Previous state of the Task instance: TaskInstanceState.QUEUED","logger":"task.stdout"}
{"timestamp":"2026-05-05T12:25:15.909347Z","level":"info","event":"Current task name:print_interval","logger":"task.stdout"}
{"timestamp":"2026-05-05T12:25:15.911621Z","level":"info","event":"Dag name:print_interval_dag","logger":"task.stdout"}
{"timestamp":"2026-05-05T12:25:15.916139Z","level":"info","event":"=== ALL AVAILABLE MACROS ===","logger":"task.stdout"}
{"timestamp":"2026-05-05T12:25:15.919434Z","level":"info","event":"dag: <DAG: print_interval_dag>","logger":"task.stdout"}
{"timestamp":"2026-05-05T12:25:15.920142Z","level":"info","event":"inlets: []","logger":"task.stdout"}
{"timestamp":"2026-05-05T12:25:15.922850Z","level":"info","event":"map_index_template: None","logger":"task.stdout"}
{"timestamp":"2026-05-05T12:25:15.923675Z","level":"info","event":"outlets: []","logger":"task.stdout"}
{"timestamp":"2026-05-05T12:25:15.925050Z","level":"info","event":"run_id: scheduled__2025-05-03T06:00:00+00:00","logger":"task.stdout"}
{"timestamp":"2026-05-05T12:25:15.928453Z","level":"info","event":"task: <Task(PythonOperator): print_interval>","logger":"task.stdout"}
{"timestamp":"2026-05-05T12:25:15.929244Z","level":"info","event":"task_instance: id=UUID('019df819-80ee-7d9d-a0e9-2eb416f9910f') task_id='print_interval' dag_id='print_interval_dag' run_id='scheduled__2025-05-03T06:00:00+00:00' try_number=1 dag_version_id=UUID('019df815-a045-750b-bac8-47ced7cc6a45') map_index=-1 hostname='86abe326db93' context_carrier={'traceparent': '00-b9570d18e372538704173901c319d9f7-b30d07792df78a41-01'} task=<Task(PythonOperator): print_interval> bundle_instance=LocalDagBundle(name=dags-folder) max_tries=0 start_date=datetime.datetime(2026, 5, 5, 12, 25, 14, 632264, tzinfo=datetime.timezone.utc) end_date=None state=<TaskInstanceState.RUNNING: 'running'> is_mapped=False rendered_map_index=None sentry_integration=''","logger":"task.stdout"}
{"timestamp":"2026-05-05T12:25:15.930120Z","level":"info","event":"ti: id=UUID('019df819-80ee-7d9d-a0e9-2eb416f9910f') task_id='print_interval' dag_id='print_interval_dag' run_id='scheduled__2025-05-03T06:00:00+00:00' try_number=1 dag_version_id=UUID('019df815-a045-750b-bac8-47ced7cc6a45') map_index=-1 hostname='86abe326db93' context_carrier={'traceparent': '00-b9570d18e372538704173901c319d9f7-b30d07792df78a41-01'} task=<Task(PythonOperator): print_interval> bundle_instance=LocalDagBundle(name=dags-folder) max_tries=0 start_date=datetime.datetime(2026, 5, 5, 12, 25, 14, 632264, tzinfo=datetime.timezone.utc) end_date=None state=<TaskInstanceState.RUNNING: 'running'> is_mapped=False rendered_map_index=None sentry_integration=''","logger":"task.stdout"}
{"timestamp":"2026-05-05T12:25:15.931641Z","level":"info","event":"outlet_events: OutletEventAccessors(_dict={})","logger":"task.stdout"}
{"timestamp":"2026-05-05T12:25:15.932840Z","level":"info","event":"inlet_events: InletEventsAccessors(_inlets=[], _assets={}, _asset_aliases={})","logger":"task.stdout"}
{"timestamp":"2026-05-05T12:25:15.933446Z","level":"info","event":"macros: <MacrosAccessor (dynamic access to macros)>","logger":"task.stdout"}
{"timestamp":"2026-05-05T12:25:15.933901Z","level":"info","event":"params: {}","logger":"task.stdout"}
{"timestamp":"2026-05-05T12:25:15.934303Z","level":"info","event":"var: {'json': <VariableAccessor (dynamic access)>, 'value': <VariableAccessor (dynamic access)>}","logger":"task.stdout"}
{"timestamp":"2026-05-05T12:25:15.936924Z","level":"info","event":"conn: <ConnectionAccessor (dynamic access)>","logger":"task.stdout"}
{"timestamp":"2026-05-05T12:25:15.937468Z","level":"info","event":"dag_run: dag_id='print_interval_dag' run_id='scheduled__2025-05-03T06:00:00+00:00' logical_date=datetime.datetime(2025, 5, 3, 6, 0, tzinfo=datetime.timezone.utc) data_interval_start=datetime.datetime(2025, 5, 3, 6, 0, tzinfo=datetime.timezone.utc) data_interval_end=datetime.datetime(2025, 5, 3, 6, 0, tzinfo=datetime.timezone.utc) run_after=datetime.datetime(2025, 5, 3, 6, 0, tzinfo=datetime.timezone.utc) start_date=datetime.datetime(2026, 5, 5, 12, 25, 14, 249775, tzinfo=datetime.timezone.utc) end_date=None clear_number=0 run_type=<DagRunType.SCHEDULED: 'scheduled'> state=<DagRunState.RUNNING: 'running'> conf={} triggering_user_name=None consumed_asset_events=[] partition_key=None note=None","logger":"task.stdout"}
{"timestamp":"2026-05-05T12:25:15.938913Z","level":"info","event":"triggering_asset_events: TriggeringAssetEventAccessor(_events=defaultdict(<class 'list'>, {}))","logger":"task.stdout"}
{"timestamp":"2026-05-05T12:25:15.939875Z","level":"info","event":"task_instance_key_str: print_interval_dag__print_interval__20250503","logger":"task.stdout"}
{"timestamp":"2026-05-05T12:25:15.941246Z","level":"info","event":"task_reschedule_count: 0","logger":"task.stdout"}
{"timestamp":"2026-05-05T12:25:15.983523Z","level":"info","event":"prev_start_date_success: 2026-05-05 12:25:13.178521+00:00","logger":"task.stdout"}
{"timestamp":"2026-05-05T12:25:15.984329Z","level":"info","event":"prev_end_date_success: 2026-05-05 12:25:15.452213+00:00","logger":"task.stdout"}
{"timestamp":"2026-05-05T12:25:15.985078Z","level":"info","event":"logical_date: 2025-05-03 06:00:00+00:00","logger":"task.stdout"}
{"timestamp":"2026-05-05T12:25:15.985593Z","level":"info","event":"ds: 2025-05-03","logger":"task.stdout"}
{"timestamp":"2026-05-05T12:25:15.986378Z","level":"info","event":"ds_nodash: 20250503","logger":"task.stdout"}
{"timestamp":"2026-05-05T12:25:15.989037Z","level":"info","event":"ts: 2025-05-03T06:00:00+00:00","logger":"task.stdout"}
{"timestamp":"2026-05-05T12:25:15.989715Z","level":"info","event":"ts_nodash: 20250503T060000","logger":"task.stdout"}
{"timestamp":"2026-05-05T12:25:15.994308Z","level":"info","event":"ts_nodash_with_tz: 20250503T060000+0000","logger":"task.stdout"}
{"timestamp":"2026-05-05T12:25:15.994968Z","level":"info","event":"data_interval_end: 2025-05-03 06:00:00+00:00","logger":"task.stdout"}
{"timestamp":"2026-05-05T12:25:15.995503Z","level":"info","event":"data_interval_start: 2025-05-03 06:00:00+00:00","logger":"task.stdout"}
{"timestamp":"2026-05-05T12:25:15.996077Z","level":"info","event":"prev_data_interval_start_success: 2025-05-03 00:00:00+00:00","logger":"task.stdout"}
{"timestamp":"2026-05-05T12:25:15.999077Z","level":"info","event":"prev_data_interval_end_success: 2025-05-03 00:00:00+00:00","logger":"task.stdout"}
{"timestamp":"2026-05-05T12:25:15.999687Z","level":"info","event":"templates_dict: None","logger":"task.stdout"}
{"timestamp":"2026-05-05T12:25:15.983852Z","level":"info","event":"Done. Returned value was: None","logger":"airflow.task.operators.airflow.providers.standard.operators.python.PythonOperator","filename":"python.py","lineno":229}
{"timestamp":"2026-05-05T12:25:16.102391Z","level":"info","event":"Task instance in success state","logger":"task.stdout"}
{"timestamp":"2026-05-05T12:25:16.105149Z","level":"info","event":" Previous state of the Task instance: TaskInstanceState.RUNNING","logger":"task.stdout"}
{"timestamp":"2026-05-05T12:25:16.105761Z","level":"info","event":"Task operator:<Task(PythonOperator): print_interval>","logger":"task.stdout"}
