{"timestamp":"2026-05-05T10:30:50.516797Z","level":"info","event":"DAG bundles loaded: dags-folder, example_dags","logger":"airflow.dag_processing.bundles.manager.DagBundlesManager","filename":"manager.py","lineno":209}
{"timestamp":"2026-05-05T10:30:50.520281Z","level":"info","event":"Filling up the DagBag from /opt/airflow/dags/print_interval_dag.py","logger":"airflow.dag_processing.dagbag.BundleDagBag","filename":"dagbag.py","lineno":469}
{"timestamp":"2026-05-05T10:30:50.534672Z","level":"warning","event":"The `airflow.operators.python.PythonOperator` attribute is deprecated. Please use `'airflow.providers.standard.operators.python.PythonOperator'`.","category":"UserWarning","filename":"/opt/airflow/dags/print_interval_dag.py","lineno":2,"logger":"py.warnings"}
{"timestamp":"2026-05-05T10:30:50.586344Z","level":"info","event":"Task instance is in running state","logger":"task.stdout"}
{"timestamp":"2026-05-05T10:30:50.588312Z","level":"info","event":" Previous state of the Task instance: TaskInstanceState.QUEUED","logger":"task.stdout"}
{"timestamp":"2026-05-05T10:30:50.588967Z","level":"info","event":"Current task name:print_interval","logger":"task.stdout"}
{"timestamp":"2026-05-05T10:30:50.589553Z","level":"info","event":"Dag name:print_interval_dag","logger":"task.stdout"}
{"timestamp":"2026-05-05T10:30:50.593747Z","level":"info","event":"Interval Start: 2025-05-25 00:00:00+00:00","logger":"task.stdout"}
{"timestamp":"2026-05-05T10:30:50.595368Z","level":"info","event":"Interval End:   2025-05-25 00:00:00+00:00","logger":"task.stdout"}
{"timestamp":"2026-05-05T10:30:50.591796Z","level":"info","event":"Done. Returned value was: None","logger":"airflow.task.operators.airflow.providers.standard.operators.python.PythonOperator","filename":"python.py","lineno":229}
{"timestamp":"2026-05-05T10:30:50.678642Z","level":"info","event":"Task instance in success state","logger":"task.stdout"}
{"timestamp":"2026-05-05T10:30:50.679671Z","level":"info","event":" Previous state of the Task instance: TaskInstanceState.RUNNING","logger":"task.stdout"}
{"timestamp":"2026-05-05T10:30:50.680459Z","level":"info","event":"Task operator:<Task(PythonOperator): print_interval>","logger":"task.stdout"}
{"timestamp":"2026-05-05T12:26:45.873498Z","level":"info","event":"DAG bundles loaded: dags-folder, example_dags","logger":"airflow.dag_processing.bundles.manager.DagBundlesManager","filename":"manager.py","lineno":209}
{"timestamp":"2026-05-05T12:26:45.876029Z","level":"info","event":"Filling up the DagBag from /opt/airflow/dags/print_interval_dag.py","logger":"airflow.dag_processing.dagbag.BundleDagBag","filename":"dagbag.py","lineno":469}
{"timestamp":"2026-05-05T12:26:45.964052Z","level":"info","event":"Task instance is in running state","logger":"task.stdout"}
{"timestamp":"2026-05-05T12:26:45.971330Z","level":"info","event":" Previous state of the Task instance: TaskInstanceState.QUEUED","logger":"task.stdout"}
{"timestamp":"2026-05-05T12:26:45.974632Z","level":"info","event":"Current task name:print_interval","logger":"task.stdout"}
{"timestamp":"2026-05-05T12:26:45.981409Z","level":"info","event":"Dag name:print_interval_dag","logger":"task.stdout"}
{"timestamp":"2026-05-05T12:26:45.983223Z","level":"info","event":"=== ALL AVAILABLE MACROS ===","logger":"task.stdout"}
{"timestamp":"2026-05-05T12:26:45.985943Z","level":"info","event":"dag: <DAG: print_interval_dag>","logger":"task.stdout"}
{"timestamp":"2026-05-05T12:26:45.987411Z","level":"info","event":"inlets: []","logger":"task.stdout"}
{"timestamp":"2026-05-05T12:26:45.992366Z","level":"info","event":"map_index_template: None","logger":"task.stdout"}
{"timestamp":"2026-05-05T12:26:45.993801Z","level":"info","event":"outlets: []","logger":"task.stdout"}
{"timestamp":"2026-05-05T12:26:45.995408Z","level":"info","event":"run_id: scheduled__2025-05-25T00:00:00+00:00","logger":"task.stdout"}
{"timestamp":"2026-05-05T12:26:45.996505Z","level":"info","event":"task: <Task(PythonOperator): print_interval>","logger":"task.stdout"}
{"timestamp":"2026-05-05T12:26:46.000104Z","level":"info","event":"task_instance: id=UUID('019df81a-dfdb-792d-a71a-f5991543dceb') task_id='print_interval' dag_id='print_interval_dag' run_id='scheduled__2025-05-25T00:00:00+00:00' try_number=1 dag_version_id=UUID('019df815-a045-750b-bac8-47ced7cc6a45') map_index=-1 hostname='86abe326db93' context_carrier={'traceparent': '00-1be97e86f805151b5f8a5592c7e6ac47-2dcd487a2417fc90-01'} task=<Task(PythonOperator): print_interval> bundle_instance=LocalDagBundle(name=dags-folder) max_tries=0 start_date=datetime.datetime(2026, 5, 5, 12, 26, 44, 552738, tzinfo=datetime.timezone.utc) end_date=None state=<TaskInstanceState.RUNNING: 'running'> is_mapped=False rendered_map_index=None sentry_integration=''","logger":"task.stdout"}
{"timestamp":"2026-05-05T12:26:46.004611Z","level":"info","event":"ti: id=UUID('019df81a-dfdb-792d-a71a-f5991543dceb') task_id='print_interval' dag_id='print_interval_dag' run_id='scheduled__2025-05-25T00:00:00+00:00' try_number=1 dag_version_id=UUID('019df815-a045-750b-bac8-47ced7cc6a45') map_index=-1 hostname='86abe326db93' context_carrier={'traceparent': '00-1be97e86f805151b5f8a5592c7e6ac47-2dcd487a2417fc90-01'} task=<Task(PythonOperator): print_interval> bundle_instance=LocalDagBundle(name=dags-folder) max_tries=0 start_date=datetime.datetime(2026, 5, 5, 12, 26, 44, 552738, tzinfo=datetime.timezone.utc) end_date=None state=<TaskInstanceState.RUNNING: 'running'> is_mapped=False rendered_map_index=None sentry_integration=''","logger":"task.stdout"}
{"timestamp":"2026-05-05T12:26:46.005187Z","level":"info","event":"outlet_events: OutletEventAccessors(_dict={})","logger":"task.stdout"}
{"timestamp":"2026-05-05T12:26:46.005984Z","level":"info","event":"inlet_events: InletEventsAccessors(_inlets=[], _assets={}, _asset_aliases={})","logger":"task.stdout"}
{"timestamp":"2026-05-05T12:26:46.006823Z","level":"info","event":"macros: <MacrosAccessor (dynamic access to macros)>","logger":"task.stdout"}
{"timestamp":"2026-05-05T12:26:46.010130Z","level":"info","event":"params: {}","logger":"task.stdout"}
{"timestamp":"2026-05-05T12:26:46.012261Z","level":"info","event":"var: {'json': <VariableAccessor (dynamic access)>, 'value': <VariableAccessor (dynamic access)>}","logger":"task.stdout"}
{"timestamp":"2026-05-05T12:26:46.015946Z","level":"info","event":"conn: <ConnectionAccessor (dynamic access)>","logger":"task.stdout"}
{"timestamp":"2026-05-05T12:26:46.017604Z","level":"info","event":"dag_run: dag_id='print_interval_dag' run_id='scheduled__2025-05-25T00:00:00+00:00' logical_date=datetime.datetime(2025, 5, 25, 0, 0, tzinfo=datetime.timezone.utc) data_interval_start=datetime.datetime(2025, 5, 25, 0, 0, tzinfo=datetime.timezone.utc) data_interval_end=datetime.datetime(2025, 5, 25, 0, 0, tzinfo=datetime.timezone.utc) run_after=datetime.datetime(2025, 5, 25, 0, 0, tzinfo=datetime.timezone.utc) start_date=datetime.datetime(2026, 5, 5, 12, 26, 44, 86467, tzinfo=datetime.timezone.utc) end_date=None clear_number=0 run_type=<DagRunType.SCHEDULED: 'scheduled'> state=<DagRunState.RUNNING: 'running'> conf={} triggering_user_name=None consumed_asset_events=[] partition_key=None note=None","logger":"task.stdout"}
{"timestamp":"2026-05-05T12:26:46.020464Z","level":"info","event":"triggering_asset_events: TriggeringAssetEventAccessor(_events=defaultdict(<class 'list'>, {}))","logger":"task.stdout"}
{"timestamp":"2026-05-05T12:26:46.021031Z","level":"info","event":"task_instance_key_str: print_interval_dag__print_interval__20250525","logger":"task.stdout"}
{"timestamp":"2026-05-05T12:26:46.021651Z","level":"info","event":"task_reschedule_count: 0","logger":"task.stdout"}
{"timestamp":"2026-05-05T12:26:46.047991Z","level":"info","event":"prev_start_date_success: 2026-05-05 12:26:43.580392+00:00","logger":"task.stdout"}
{"timestamp":"2026-05-05T12:26:46.048689Z","level":"info","event":"prev_end_date_success: 2026-05-05 12:26:46.005589+00:00","logger":"task.stdout"}
{"timestamp":"2026-05-05T12:26:46.049348Z","level":"info","event":"logical_date: 2025-05-25 00:00:00+00:00","logger":"task.stdout"}
{"timestamp":"2026-05-05T12:26:46.050473Z","level":"info","event":"ds: 2025-05-25","logger":"task.stdout"}
{"timestamp":"2026-05-05T12:26:46.055761Z","level":"info","event":"ds_nodash: 20250525","logger":"task.stdout"}
{"timestamp":"2026-05-05T12:26:46.056478Z","level":"info","event":"ts: 2025-05-25T00:00:00+00:00","logger":"task.stdout"}
{"timestamp":"2026-05-05T12:26:46.056998Z","level":"info","event":"ts_nodash: 20250525T000000","logger":"task.stdout"}
{"timestamp":"2026-05-05T12:26:46.057783Z","level":"info","event":"ts_nodash_with_tz: 20250525T000000+0000","logger":"task.stdout"}
{"timestamp":"2026-05-05T12:26:46.058468Z","level":"info","event":"data_interval_end: 2025-05-25 00:00:00+00:00","logger":"task.stdout"}
{"timestamp":"2026-05-05T12:26:46.059061Z","level":"info","event":"data_interval_start: 2025-05-25 00:00:00+00:00","logger":"task.stdout"}
{"timestamp":"2026-05-05T12:26:46.059778Z","level":"info","event":"prev_data_interval_start_success: 2025-05-24 21:00:00+00:00","logger":"task.stdout"}
{"timestamp":"2026-05-05T12:26:46.060564Z","level":"info","event":"prev_data_interval_end_success: 2025-05-24 21:00:00+00:00","logger":"task.stdout"}
{"timestamp":"2026-05-05T12:26:46.061288Z","level":"info","event":"templates_dict: None","logger":"task.stdout"}
{"timestamp":"2026-05-05T12:26:46.047090Z","level":"info","event":"Done. Returned value was: None","logger":"airflow.task.operators.airflow.providers.standard.operators.python.PythonOperator","filename":"python.py","lineno":229}
{"timestamp":"2026-05-05T12:26:46.104993Z","level":"info","event":"Task instance in success state","logger":"task.stdout"}
{"timestamp":"2026-05-05T12:26:46.106305Z","level":"info","event":" Previous state of the Task instance: TaskInstanceState.RUNNING","logger":"task.stdout"}
{"timestamp":"2026-05-05T12:26:46.111842Z","level":"info","event":"Task operator:<Task(PythonOperator): print_interval>","logger":"task.stdout"}
