{"timestamp":"2026-05-05T10:30:43.385534Z","level":"info","event":"DAG bundles loaded: dags-folder, example_dags","logger":"airflow.dag_processing.bundles.manager.DagBundlesManager","filename":"manager.py","lineno":209}
{"timestamp":"2026-05-05T10:30:43.388072Z","level":"info","event":"Filling up the DagBag from /opt/airflow/dags/print_interval_dag.py","logger":"airflow.dag_processing.dagbag.BundleDagBag","filename":"dagbag.py","lineno":469}
{"timestamp":"2026-05-05T10:30:43.398452Z","level":"warning","event":"The `airflow.operators.python.PythonOperator` attribute is deprecated. Please use `'airflow.providers.standard.operators.python.PythonOperator'`.","category":"UserWarning","filename":"/opt/airflow/dags/print_interval_dag.py","lineno":2,"logger":"py.warnings"}
{"timestamp":"2026-05-05T10:30:43.449783Z","level":"info","event":"Task instance is in running state","logger":"task.stdout"}
{"timestamp":"2026-05-05T10:30:43.450577Z","level":"info","event":" Previous state of the Task instance: TaskInstanceState.QUEUED","logger":"task.stdout"}
{"timestamp":"2026-05-05T10:30:43.451485Z","level":"info","event":"Current task name:print_interval","logger":"task.stdout"}
{"timestamp":"2026-05-05T10:30:43.452046Z","level":"info","event":"Dag name:print_interval_dag","logger":"task.stdout"}
{"timestamp":"2026-05-05T10:30:43.454777Z","level":"info","event":"Interval Start: 2025-05-23 06:00:00+00:00","logger":"task.stdout"}
{"timestamp":"2026-05-05T10:30:43.455450Z","level":"info","event":"Interval End:   2025-05-23 06:00:00+00:00","logger":"task.stdout"}
{"timestamp":"2026-05-05T10:30:43.454894Z","level":"info","event":"Done. Returned value was: None","logger":"airflow.task.operators.airflow.providers.standard.operators.python.PythonOperator","filename":"python.py","lineno":229}
{"timestamp":"2026-05-05T10:30:43.505366Z","level":"info","event":"Task instance in success state","logger":"task.stdout"}
{"timestamp":"2026-05-05T10:30:43.507578Z","level":"info","event":" Previous state of the Task instance: TaskInstanceState.RUNNING","logger":"task.stdout"}
{"timestamp":"2026-05-05T10:30:43.508146Z","level":"info","event":"Task operator:<Task(PythonOperator): print_interval>","logger":"task.stdout"}
{"timestamp":"2026-05-05T12:26:38.994579Z","level":"info","event":"DAG bundles loaded: dags-folder, example_dags","logger":"airflow.dag_processing.bundles.manager.DagBundlesManager","filename":"manager.py","lineno":209}
{"timestamp":"2026-05-05T12:26:38.996104Z","level":"info","event":"Filling up the DagBag from /opt/airflow/dags/print_interval_dag.py","logger":"airflow.dag_processing.dagbag.BundleDagBag","filename":"dagbag.py","lineno":469}
{"timestamp":"2026-05-05T12:26:39.136532Z","level":"info","event":"Task instance is in running state","logger":"task.stdout"}
{"timestamp":"2026-05-05T12:26:39.138445Z","level":"info","event":" Previous state of the Task instance: TaskInstanceState.QUEUED","logger":"task.stdout"}
{"timestamp":"2026-05-05T12:26:39.139007Z","level":"info","event":"Current task name:print_interval","logger":"task.stdout"}
{"timestamp":"2026-05-05T12:26:39.139514Z","level":"info","event":"Dag name:print_interval_dag","logger":"task.stdout"}
{"timestamp":"2026-05-05T12:26:39.141840Z","level":"info","event":"=== ALL AVAILABLE MACROS ===","logger":"task.stdout"}
{"timestamp":"2026-05-05T12:26:39.143502Z","level":"info","event":"dag: <DAG: print_interval_dag>","logger":"task.stdout"}
{"timestamp":"2026-05-05T12:26:39.144282Z","level":"info","event":"inlets: []","logger":"task.stdout"}
{"timestamp":"2026-05-05T12:26:39.145331Z","level":"info","event":"map_index_template: None","logger":"task.stdout"}
{"timestamp":"2026-05-05T12:26:39.146192Z","level":"info","event":"outlets: []","logger":"task.stdout"}
{"timestamp":"2026-05-05T12:26:39.146687Z","level":"info","event":"run_id: scheduled__2025-05-23T06:00:00+00:00","logger":"task.stdout"}
{"timestamp":"2026-05-05T12:26:39.147312Z","level":"info","event":"task: <Task(PythonOperator): print_interval>","logger":"task.stdout"}
{"timestamp":"2026-05-05T12:26:39.147947Z","level":"info","event":"task_instance: id=UUID('019df81a-c5b6-70ed-b32d-33fca93b5efc') task_id='print_interval' dag_id='print_interval_dag' run_id='scheduled__2025-05-23T06:00:00+00:00' try_number=1 dag_version_id=UUID('019df815-a045-750b-bac8-47ced7cc6a45') map_index=-1 hostname='86abe326db93' context_carrier={'traceparent': '00-cba7efec43214ea9af7c08bdbb5911ff-dc4b2c1263d63a85-01'} task=<Task(PythonOperator): print_interval> bundle_instance=LocalDagBundle(name=dags-folder) max_tries=0 start_date=datetime.datetime(2026, 5, 5, 12, 26, 37, 755574, tzinfo=datetime.timezone.utc) end_date=None state=<TaskInstanceState.RUNNING: 'running'> is_mapped=False rendered_map_index=None sentry_integration=''","logger":"task.stdout"}
{"timestamp":"2026-05-05T12:26:39.148859Z","level":"info","event":"ti: id=UUID('019df81a-c5b6-70ed-b32d-33fca93b5efc') task_id='print_interval' dag_id='print_interval_dag' run_id='scheduled__2025-05-23T06:00:00+00:00' try_number=1 dag_version_id=UUID('019df815-a045-750b-bac8-47ced7cc6a45') map_index=-1 hostname='86abe326db93' context_carrier={'traceparent': '00-cba7efec43214ea9af7c08bdbb5911ff-dc4b2c1263d63a85-01'} task=<Task(PythonOperator): print_interval> bundle_instance=LocalDagBundle(name=dags-folder) max_tries=0 start_date=datetime.datetime(2026, 5, 5, 12, 26, 37, 755574, tzinfo=datetime.timezone.utc) end_date=None state=<TaskInstanceState.RUNNING: 'running'> is_mapped=False rendered_map_index=None sentry_integration=''","logger":"task.stdout"}
{"timestamp":"2026-05-05T12:26:39.149381Z","level":"info","event":"outlet_events: OutletEventAccessors(_dict={})","logger":"task.stdout"}
{"timestamp":"2026-05-05T12:26:39.149784Z","level":"info","event":"inlet_events: InletEventsAccessors(_inlets=[], _assets={}, _asset_aliases={})","logger":"task.stdout"}
{"timestamp":"2026-05-05T12:26:39.150217Z","level":"info","event":"macros: <MacrosAccessor (dynamic access to macros)>","logger":"task.stdout"}
{"timestamp":"2026-05-05T12:26:39.150646Z","level":"info","event":"params: {}","logger":"task.stdout"}
{"timestamp":"2026-05-05T12:26:39.151092Z","level":"info","event":"var: {'json': <VariableAccessor (dynamic access)>, 'value': <VariableAccessor (dynamic access)>}","logger":"task.stdout"}
{"timestamp":"2026-05-05T12:26:39.152474Z","level":"info","event":"conn: <ConnectionAccessor (dynamic access)>","logger":"task.stdout"}
{"timestamp":"2026-05-05T12:26:39.153340Z","level":"info","event":"dag_run: dag_id='print_interval_dag' run_id='scheduled__2025-05-23T06:00:00+00:00' logical_date=datetime.datetime(2025, 5, 23, 6, 0, tzinfo=datetime.timezone.utc) data_interval_start=datetime.datetime(2025, 5, 23, 6, 0, tzinfo=datetime.timezone.utc) data_interval_end=datetime.datetime(2025, 5, 23, 6, 0, tzinfo=datetime.timezone.utc) run_after=datetime.datetime(2025, 5, 23, 6, 0, tzinfo=datetime.timezone.utc) start_date=datetime.datetime(2026, 5, 5, 12, 26, 37, 396843, tzinfo=datetime.timezone.utc) end_date=None clear_number=0 run_type=<DagRunType.SCHEDULED: 'scheduled'> state=<DagRunState.RUNNING: 'running'> conf={} triggering_user_name=None consumed_asset_events=[] partition_key=None note=None","logger":"task.stdout"}
{"timestamp":"2026-05-05T12:26:39.154393Z","level":"info","event":"triggering_asset_events: TriggeringAssetEventAccessor(_events=defaultdict(<class 'list'>, {}))","logger":"task.stdout"}
{"timestamp":"2026-05-05T12:26:39.155202Z","level":"info","event":"task_instance_key_str: print_interval_dag__print_interval__20250523","logger":"task.stdout"}
{"timestamp":"2026-05-05T12:26:39.155959Z","level":"info","event":"task_reschedule_count: 0","logger":"task.stdout"}
{"timestamp":"2026-05-05T12:26:39.215320Z","level":"info","event":"prev_start_date_success: 2026-05-05 12:26:37.000834+00:00","logger":"task.stdout"}
{"timestamp":"2026-05-05T12:26:39.215888Z","level":"info","event":"prev_end_date_success: 2026-05-05 12:26:38.998667+00:00","logger":"task.stdout"}
{"timestamp":"2026-05-05T12:26:39.216540Z","level":"info","event":"logical_date: 2025-05-23 06:00:00+00:00","logger":"task.stdout"}
{"timestamp":"2026-05-05T12:26:39.217291Z","level":"info","event":"ds: 2025-05-23","logger":"task.stdout"}
{"timestamp":"2026-05-05T12:26:39.223522Z","level":"info","event":"ds_nodash: 20250523","logger":"task.stdout"}
{"timestamp":"2026-05-05T12:26:39.227317Z","level":"info","event":"ts: 2025-05-23T06:00:00+00:00","logger":"task.stdout"}
{"timestamp":"2026-05-05T12:26:39.227903Z","level":"info","event":"ts_nodash: 20250523T060000","logger":"task.stdout"}
{"timestamp":"2026-05-05T12:26:39.228754Z","level":"info","event":"ts_nodash_with_tz: 20250523T060000+0000","logger":"task.stdout"}
{"timestamp":"2026-05-05T12:26:39.229462Z","level":"info","event":"data_interval_end: 2025-05-23 06:00:00+00:00","logger":"task.stdout"}
{"timestamp":"2026-05-05T12:26:39.230143Z","level":"info","event":"data_interval_start: 2025-05-23 06:00:00+00:00","logger":"task.stdout"}
{"timestamp":"2026-05-05T12:26:39.230696Z","level":"info","event":"prev_data_interval_start_success: 2025-05-23 03:00:00+00:00","logger":"task.stdout"}
{"timestamp":"2026-05-05T12:26:39.231286Z","level":"info","event":"prev_data_interval_end_success: 2025-05-23 03:00:00+00:00","logger":"task.stdout"}
{"timestamp":"2026-05-05T12:26:39.234286Z","level":"info","event":"templates_dict: None","logger":"task.stdout"}
{"timestamp":"2026-05-05T12:26:39.213169Z","level":"info","event":"Done. Returned value was: None","logger":"airflow.task.operators.airflow.providers.standard.operators.python.PythonOperator","filename":"python.py","lineno":229}
{"timestamp":"2026-05-05T12:26:39.362501Z","level":"info","event":"Task instance in success state","logger":"task.stdout"}
{"timestamp":"2026-05-05T12:26:39.368752Z","level":"info","event":" Previous state of the Task instance: TaskInstanceState.RUNNING","logger":"task.stdout"}
{"timestamp":"2026-05-05T12:26:39.369906Z","level":"info","event":"Task operator:<Task(PythonOperator): print_interval>","logger":"task.stdout"}
