{"timestamp":"2026-05-06T10:22:18.491150Z","level":"info","event":"DAG bundles loaded: dags-folder, example_dags","logger":"airflow.dag_processing.bundles.manager.DagBundlesManager","filename":"manager.py","lineno":209}
{"timestamp":"2026-05-06T10:22:18.492724Z","level":"info","event":"Filling up the DagBag from /opt/airflow/dags/dynamic_dag_pipeline.py","logger":"airflow.dag_processing.dagbag.BundleDagBag","filename":"dagbag.py","lineno":469}
{"timestamp":"2026-05-06T10:22:25.658347Z","level":"warning","event":"The `airflow.operators.python.PythonOperator` attribute is deprecated. Please use `'airflow.providers.standard.operators.python.PythonOperator'`.","category":"UserWarning","filename":"/opt/airflow/dags/dynamic_dag_pipeline.py","lineno":2,"logger":"py.warnings"}
{"timestamp":"2026-05-06T10:22:25.805141Z","level":"info","event":"Task instance is in running state","logger":"task.stdout"}
{"timestamp":"2026-05-06T10:22:25.805683Z","level":"info","event":" Previous state of the Task instance: TaskInstanceState.QUEUED","logger":"task.stdout"}
{"timestamp":"2026-05-06T10:22:25.807506Z","level":"info","event":"Current task name:bq_load_promotions","logger":"task.stdout"}
{"timestamp":"2026-05-06T10:22:25.808106Z","level":"info","event":"Dag name:dynamic_pipeline_dag","logger":"task.stdout"}
{"timestamp":"2026-05-06T10:22:25.923497Z","level":"error","event":"Task failed with exception","logger":"task","filename":"task_runner.py","lineno":1325,"error_detail":[{"exc_type":"AirflowNotFoundException","exc_value":"The conn_id `google_cloud_default` isn't defined","exc_notes":[],"syntax_error":null,"is_cause":false,"frames":[{"filename":"/home/airflow/.local/lib/python3.13/site-packages/airflow/sdk/execution_time/task_runner.py","lineno":1263,"name":"run"},{"filename":"/home/airflow/.local/lib/python3.13/site-packages/airflow/sdk/execution_time/task_runner.py","lineno":1678,"name":"_execute_task"},{"filename":"/home/airflow/.local/lib/python3.13/site-packages/airflow/sdk/bases/operator.py","lineno":443,"name":"wrapper"},{"filename":"/home/airflow/.local/lib/python3.13/site-packages/airflow/providers/google/cloud/operators/bigquery.py","lineno":2404,"name":"execute"},{"filename":"/home/airflow/.local/lib/python3.13/site-packages/airflow/providers/google/cloud/hooks/bigquery.py","lineno":173,"name":"__init__"},{"filename":"/home/airflow/.local/lib/python3.13/site-packages/airflow/providers/google/common/hooks/base_google.py","lineno":283,"name":"__init__"},{"filename":"/home/airflow/.local/lib/python3.13/site-packages/airflow/sdk/bases/hook.py","lineno":61,"name":"get_connection"},{"filename":"/home/airflow/.local/lib/python3.13/site-packages/airflow/sdk/definitions/connection.py","lineno":250,"name":"get"},{"filename":"/home/airflow/.local/lib/python3.13/site-packages/airflow/sdk/execution_time/context.py","lineno":177,"name":"_get_connection"}],"is_group":false,"exceptions":[]}]}
{"timestamp":"2026-05-06T10:22:26.062105Z","level":"warning","event":"No XCom value found; defaulting to None.","key":"bigquery_table","dag_id":"dynamic_pipeline_dag","task_id":"bq_load_promotions","run_id":"scheduled__2026-05-06T00:00:00+00:00","map_index":-1,"logger":"task","filename":"xcom.py","lineno":264}
{"timestamp":"2026-05-06T10:22:26.199091Z","level":"warning","event":"No XCom value found; defaulting to None.","key":"bigquery_table","dag_id":"dynamic_pipeline_dag","task_id":"bq_load_promotions","run_id":"scheduled__2026-05-06T00:00:00+00:00","map_index":-1,"logger":"task","filename":"xcom.py","lineno":264}
{"timestamp":"2026-05-06T10:22:26.297622Z","level":"warning","event":"No XCom value found; defaulting to None.","key":"bigquery_job_detail","dag_id":"dynamic_pipeline_dag","task_id":"bq_load_promotions","run_id":"scheduled__2026-05-06T00:00:00+00:00","map_index":-1,"logger":"task","filename":"xcom.py","lineno":264}
{"timestamp":"2026-05-06T10:22:26.332520Z","level":"warning","event":"No XCom value found; defaulting to None.","key":"bigquery_job_detail","dag_id":"dynamic_pipeline_dag","task_id":"bq_load_promotions","run_id":"scheduled__2026-05-06T00:00:00+00:00","map_index":-1,"logger":"task","filename":"xcom.py","lineno":264}
{"timestamp":"2026-05-06T10:22:26.355233Z","level":"info","event":"Task instance in failure state","logger":"task.stdout"}
{"timestamp":"2026-05-06T10:22:26.355878Z","level":"info","event":"Task start","logger":"task.stdout"}
{"timestamp":"2026-05-06T10:22:26.356777Z","level":"info","event":"Task:<Task(BigQueryInsertJobOperator): bq_load_promotions>","logger":"task.stdout"}
{"timestamp":"2026-05-06T10:22:26.357334Z","level":"info","event":"Failure caused by The conn_id `google_cloud_default` isn't defined","logger":"task.stdout"}
{"timestamp":"2026-05-06T10:37:27.048036Z","level":"info","event":"DAG bundles loaded: dags-folder, example_dags","logger":"airflow.dag_processing.bundles.manager.DagBundlesManager","filename":"manager.py","lineno":209}
{"timestamp":"2026-05-06T10:37:27.050060Z","level":"info","event":"Filling up the DagBag from /opt/airflow/dags/dynamic_dag_pipeline.py","logger":"airflow.dag_processing.dagbag.BundleDagBag","filename":"dagbag.py","lineno":469}
{"timestamp":"2026-05-06T10:37:27.272794Z","level":"info","event":"Task instance is in running state","logger":"task.stdout"}
{"timestamp":"2026-05-06T10:37:27.273301Z","level":"info","event":" Previous state of the Task instance: TaskInstanceState.QUEUED","logger":"task.stdout"}
{"timestamp":"2026-05-06T10:37:27.274057Z","level":"info","event":"Current task name:bq_load_promotions","logger":"task.stdout"}
{"timestamp":"2026-05-06T10:37:27.274484Z","level":"info","event":"Dag name:dynamic_pipeline_dag","logger":"task.stdout"}
{"timestamp":"2026-05-06T10:37:27.276930Z","level":"info","event":"Loading data to BigQuery: processed.promotions_report","logger":"task.stdout"}
{"timestamp":"2026-05-06T10:37:27.277645Z","level":"info","event":"Query: SELECT * FROM `raw.promotions_data`","logger":"task.stdout"}
{"timestamp":"2026-05-06T10:37:27.278094Z","level":"info","event":"Load complete: promotions → processed.promotions_report","logger":"task.stdout"}
{"timestamp":"2026-05-06T10:37:27.276904Z","level":"info","event":"Done. Returned value was: None","logger":"airflow.task.operators.airflow.providers.standard.operators.python.PythonOperator","filename":"python.py","lineno":229}
{"timestamp":"2026-05-06T10:37:27.572118Z","level":"info","event":"Task instance in success state","logger":"task.stdout"}
{"timestamp":"2026-05-06T10:37:27.572781Z","level":"info","event":" Previous state of the Task instance: TaskInstanceState.RUNNING","logger":"task.stdout"}
{"timestamp":"2026-05-06T10:37:27.573461Z","level":"info","event":"Task operator:<Task(PythonOperator): bq_load_promotions>","logger":"task.stdout"}
{"timestamp":"2026-05-06T10:41:02.438799Z","level":"info","event":"DAG bundles loaded: dags-folder, example_dags","logger":"airflow.dag_processing.bundles.manager.DagBundlesManager","filename":"manager.py","lineno":209}
{"timestamp":"2026-05-06T10:41:02.443629Z","level":"info","event":"Filling up the DagBag from /opt/airflow/dags/dynamic_dag_pipeline.py","logger":"airflow.dag_processing.dagbag.BundleDagBag","filename":"dagbag.py","lineno":469}
{"timestamp":"2026-05-06T10:41:02.592216Z","level":"info","event":"Task instance is in running state","logger":"task.stdout"}
{"timestamp":"2026-05-06T10:41:02.599328Z","level":"info","event":" Previous state of the Task instance: TaskInstanceState.QUEUED","logger":"task.stdout"}
{"timestamp":"2026-05-06T10:41:02.600309Z","level":"info","event":"Current task name:bq_load_promotions","logger":"task.stdout"}
{"timestamp":"2026-05-06T10:41:02.601527Z","level":"info","event":"Dag name:dynamic_pipeline_dag","logger":"task.stdout"}
{"timestamp":"2026-05-06T10:41:02.605344Z","level":"info","event":"Loading data to BigQuery: processed.promotions_report","logger":"task.stdout"}
{"timestamp":"2026-05-06T10:41:02.606100Z","level":"info","event":"Query: SELECT * FROM `raw.promotions_data`","logger":"task.stdout"}
{"timestamp":"2026-05-06T10:41:02.606587Z","level":"info","event":"Load complete: promotions → processed.promotions_report","logger":"task.stdout"}
{"timestamp":"2026-05-06T10:41:02.605401Z","level":"info","event":"Done. Returned value was: None","logger":"airflow.task.operators.airflow.providers.standard.operators.python.PythonOperator","filename":"python.py","lineno":229}
{"timestamp":"2026-05-06T10:41:02.795980Z","level":"info","event":"Task instance in success state","logger":"task.stdout"}
{"timestamp":"2026-05-06T10:41:02.796470Z","level":"info","event":" Previous state of the Task instance: TaskInstanceState.RUNNING","logger":"task.stdout"}
{"timestamp":"2026-05-06T10:41:02.797249Z","level":"info","event":"Task operator:<Task(PythonOperator): bq_load_promotions>","logger":"task.stdout"}
{"timestamp":"2026-05-06T11:36:50.781647Z","level":"info","event":"DAG bundles loaded: dags-folder, example_dags","logger":"airflow.dag_processing.bundles.manager.DagBundlesManager","filename":"manager.py","lineno":209}
{"timestamp":"2026-05-06T11:36:50.785428Z","level":"info","event":"Filling up the DagBag from /opt/airflow/dags/dynamic_dag_pipeline.py","logger":"airflow.dag_processing.dagbag.BundleDagBag","filename":"dagbag.py","lineno":469}
{"timestamp":"2026-05-06T11:36:51.085679Z","level":"info","event":"Task instance is in running state","logger":"task.stdout"}
{"timestamp":"2026-05-06T11:36:51.092413Z","level":"info","event":" Previous state of the Task instance: TaskInstanceState.QUEUED","logger":"task.stdout"}
{"timestamp":"2026-05-06T11:36:51.092910Z","level":"info","event":"Current task name:bq_load_promotions","logger":"task.stdout"}
{"timestamp":"2026-05-06T11:36:51.093494Z","level":"info","event":"Dag name:dynamic_pipeline_dag","logger":"task.stdout"}
{"timestamp":"2026-05-06T11:36:51.093828Z","level":"info","event":"Loading data to BigQuery: processed.promotions_report","logger":"task.stdout"}
{"timestamp":"2026-05-06T11:36:51.094118Z","level":"info","event":"Query: SELECT * FROM `raw.promotions_data`","logger":"task.stdout"}
{"timestamp":"2026-05-06T11:36:51.094557Z","level":"info","event":"Load complete: promotions → processed.promotions_report","logger":"task.stdout"}
{"timestamp":"2026-05-06T11:36:51.093016Z","level":"info","event":"Done. Returned value was: None","logger":"airflow.task.operators.airflow.providers.standard.operators.python.PythonOperator","filename":"python.py","lineno":229}
{"timestamp":"2026-05-06T11:36:51.207408Z","level":"info","event":"Task instance in success state","logger":"task.stdout"}
{"timestamp":"2026-05-06T11:36:51.208721Z","level":"info","event":" Previous state of the Task instance: TaskInstanceState.RUNNING","logger":"task.stdout"}
{"timestamp":"2026-05-06T11:36:51.209438Z","level":"info","event":"Task operator:<Task(PythonOperator): bq_load_promotions>","logger":"task.stdout"}
