{"timestamp":"2026-05-08T17:37:52.789080Z","level":"info","event":"DAG bundles loaded: dags-folder, example_dags","logger":"airflow.dag_processing.bundles.manager.DagBundlesManager","filename":"manager.py","lineno":209}
{"timestamp":"2026-05-08T17:37:52.790875Z","level":"info","event":"Filling up the DagBag from /opt/airflow/dags/csv_upsert_pipeline.py","logger":"airflow.dag_processing.dagbag.BundleDagBag","filename":"dagbag.py","lineno":469}
{"timestamp":"2026-05-08T17:37:52.804290Z","level":"warning","event":"airflow.exceptions.AirflowSkipException is deprecated and will be removed in a future version. Use airflow.sdk.exceptions.AirflowSkipException instead.","category":"UserWarning","filename":"/opt/airflow/dags/csv_upsert_pipeline.py","lineno":7,"logger":"py.warnings"}
{"timestamp":"2026-05-08T17:37:52.894162Z","level":"info","event":"Task instance is in running state","logger":"task.stdout"}
{"timestamp":"2026-05-08T17:37:52.894836Z","level":"info","event":" Previous state of the Task instance: TaskInstanceState.QUEUED","logger":"task.stdout"}
{"timestamp":"2026-05-08T17:37:52.898160Z","level":"info","event":"Current task name:process_partition","logger":"task.stdout"}
{"timestamp":"2026-05-08T17:37:52.900365Z","level":"info","event":"Dag name:csv_upsert_pipeline","logger":"task.stdout"}
{"timestamp":"2026-05-08T17:37:52.902815Z","level":"info","event":"[INFO] data_interval_start : 2026-05-03 03:00:00+00:00","logger":"task.stdout"}
{"timestamp":"2026-05-08T17:37:52.903464Z","level":"info","event":"[INFO] data_interval_end   : 2026-05-03 03:00:00+00:00","logger":"task.stdout"}
{"timestamp":"2026-05-08T17:37:52.904466Z","level":"info","event":"[INFO] Processing partition: /data/time_stamp=2026-05-03-03","logger":"task.stdout"}
{"timestamp":"2026-05-08T17:37:52.906526Z","level":"info","event":"[INFO] Sorted files: ['data_1.csv', 'data_2.csv', 'data_3.csv']","logger":"task.stdout"}
{"timestamp":"2026-05-08T17:37:52.911416Z","level":"info","event":"[INFO] Read data_1.csv  (index=1)","logger":"task.stdout"}
{"timestamp":"2026-05-08T17:37:52.915400Z","level":"info","event":"[INFO] Read data_2.csv  (index=2)","logger":"task.stdout"}
{"timestamp":"2026-05-08T17:37:52.925541Z","level":"info","event":"[INFO] Read data_3.csv  (index=3)","logger":"task.stdout"}
{"timestamp":"2026-05-08T17:37:52.926557Z","level":"info","event":"[INFO] Resolved 20 unique IDs for this run:","logger":"task.stdout"}
{"timestamp":"2026-05-08T17:37:52.927150Z","level":"info","event":"       id=1 → {'id': '1', 'name': 'Jack', 'age': '34', 'department': 'HR', 'salary': '84663.42', 'working_hours': '33.3'}","logger":"task.stdout"}
{"timestamp":"2026-05-08T17:37:52.932141Z","level":"info","event":"       id=2 → {'id': '2', 'name': 'Alice', 'age': '59', 'department': 'Engineering', 'salary': '52718.35', 'working_hours': '59.3'}","logger":"task.stdout"}
{"timestamp":"2026-05-08T17:37:52.932693Z","level":"info","event":"       id=3 → {'id': '3', 'name': 'Bob', 'age': '58', 'department': 'Operations', 'salary': '104296.44', 'working_hours': '48.0'}","logger":"task.stdout"}
{"timestamp":"2026-05-08T17:37:52.960671Z","level":"info","event":"       id=4 → {'id': '4', 'name': 'Eve', 'age': '38', 'department': 'Sales', 'salary': '95027.66', 'working_hours': '30.8'}","logger":"task.stdout"}
{"timestamp":"2026-05-08T17:37:52.961210Z","level":"info","event":"       id=5 → {'id': '5', 'name': 'Grace', 'age': '58', 'department': 'Marketing', 'salary': '114932.85', 'working_hours': '29.9'}","logger":"task.stdout"}
{"timestamp":"2026-05-08T17:37:52.963442Z","level":"info","event":"       id=6 → {'id': '6', 'name': 'Jack', 'age': '46', 'department': 'Marketing', 'salary': '108951.28', 'working_hours': '37.4'}","logger":"task.stdout"}
{"timestamp":"2026-05-08T17:37:52.964036Z","level":"info","event":"       id=7 → {'id': '7', 'name': 'Ivy', 'age': '38', 'department': 'HR', 'salary': '59497.06', 'working_hours': '43.1'}","logger":"task.stdout"}
{"timestamp":"2026-05-08T17:37:52.964946Z","level":"info","event":"       id=8 → {'id': '8', 'name': 'Hank', 'age': '46', 'department': 'Engineering', 'salary': '106172.89', 'working_hours': '28.1'}","logger":"task.stdout"}
{"timestamp":"2026-05-08T17:37:52.967990Z","level":"info","event":"       id=9 → {'id': '9', 'name': 'Jack', 'age': '46', 'department': 'Marketing', 'salary': '37126.91', 'working_hours': '59.8'}","logger":"task.stdout"}
{"timestamp":"2026-05-08T17:37:52.968537Z","level":"info","event":"       id=10 → {'id': '10', 'name': 'Ivy', 'age': '49', 'department': 'Operations', 'salary': '111774.48', 'working_hours': '45.7'}","logger":"task.stdout"}
{"timestamp":"2026-05-08T17:37:52.969035Z","level":"info","event":"       id=11 → {'id': '11', 'name': 'Bob', 'age': '36', 'department': 'Finance', 'salary': '115859.29', 'working_hours': '50.6'}","logger":"task.stdout"}
{"timestamp":"2026-05-08T17:37:52.970064Z","level":"info","event":"       id=12 → {'id': '12', 'name': 'Alice', 'age': '58', 'department': 'Operations', 'salary': '63265.4', 'working_hours': '45.7'}","logger":"task.stdout"}
{"timestamp":"2026-05-08T17:37:52.970650Z","level":"info","event":"       id=13 → {'id': '13', 'name': 'Diana', 'age': '58', 'department': 'Engineering', 'salary': '96123.16', 'working_hours': '41.9'}","logger":"task.stdout"}
{"timestamp":"2026-05-08T17:37:52.973180Z","level":"info","event":"       id=14 → {'id': '14', 'name': 'Frank', 'age': '31', 'department': 'HR', 'salary': '68714.44', 'working_hours': '28.2'}","logger":"task.stdout"}
{"timestamp":"2026-05-08T17:37:52.973682Z","level":"info","event":"       id=15 → {'id': '15', 'name': 'Eve', 'age': '25', 'department': 'Finance', 'salary': '58699.54', 'working_hours': '29.1'}","logger":"task.stdout"}
{"timestamp":"2026-05-08T17:37:52.974053Z","level":"info","event":"       id=16 → {'id': '16', 'name': 'Jack', 'age': '41', 'department': 'Marketing', 'salary': '43304.2', 'working_hours': '56.3'}","logger":"task.stdout"}
{"timestamp":"2026-05-08T17:37:52.974555Z","level":"info","event":"       id=17 → {'id': '17', 'name': 'Jack', 'age': '34', 'department': 'Sales', 'salary': '33360.82', 'working_hours': '59.1'}","logger":"task.stdout"}
{"timestamp":"2026-05-08T17:37:52.975034Z","level":"info","event":"       id=18 → {'id': '18', 'name': 'Hank', 'age': '37', 'department': 'Marketing', 'salary': '105748.09', 'working_hours': '24.4'}","logger":"task.stdout"}
{"timestamp":"2026-05-08T17:37:52.975937Z","level":"info","event":"       id=19 → {'id': '19', 'name': 'Alice', 'age': '26', 'department': 'Marketing', 'salary': '82931.88', 'working_hours': '25.7'}","logger":"task.stdout"}
{"timestamp":"2026-05-08T17:37:52.977049Z","level":"info","event":"       id=20 → {'id': '20', 'name': 'Charlie', 'age': '50', 'department': 'Sales', 'salary': '51903.54', 'working_hours': '28.3'}","logger":"task.stdout"}
{"timestamp":"2026-05-08T17:37:52.977496Z","level":"info","event":"[INFO] result.csv mil gayi — upsert karte hain.","logger":"task.stdout"}
{"timestamp":"2026-05-08T17:37:52.977923Z","level":"info","event":"[INFO] Existing result.csv mein 20 rows hain.","logger":"task.stdout"}
{"timestamp":"2026-05-08T17:37:52.979898Z","level":"info","event":"       UPDATE  id=1","logger":"task.stdout"}
{"timestamp":"2026-05-08T17:37:52.981173Z","level":"info","event":"       UPDATE  id=2","logger":"task.stdout"}
{"timestamp":"2026-05-08T17:37:52.981853Z","level":"info","event":"       UPDATE  id=3","logger":"task.stdout"}
{"timestamp":"2026-05-08T17:37:52.984630Z","level":"info","event":"       UPDATE  id=4","logger":"task.stdout"}
{"timestamp":"2026-05-08T17:37:52.985152Z","level":"info","event":"       UPDATE  id=5","logger":"task.stdout"}
{"timestamp":"2026-05-08T17:37:52.985746Z","level":"info","event":"       UPDATE  id=6","logger":"task.stdout"}
{"timestamp":"2026-05-08T17:37:52.986194Z","level":"info","event":"       UPDATE  id=7","logger":"task.stdout"}
{"timestamp":"2026-05-08T17:37:52.986567Z","level":"info","event":"       UPDATE  id=8","logger":"task.stdout"}
{"timestamp":"2026-05-08T17:37:52.987045Z","level":"info","event":"       UPDATE  id=9","logger":"task.stdout"}
{"timestamp":"2026-05-08T17:37:52.987391Z","level":"info","event":"       UPDATE  id=10","logger":"task.stdout"}
{"timestamp":"2026-05-08T17:37:52.988166Z","level":"info","event":"       UPDATE  id=11","logger":"task.stdout"}
{"timestamp":"2026-05-08T17:37:52.988600Z","level":"info","event":"       UPDATE  id=12","logger":"task.stdout"}
{"timestamp":"2026-05-08T17:37:52.989082Z","level":"info","event":"       UPDATE  id=13","logger":"task.stdout"}
{"timestamp":"2026-05-08T17:37:52.989501Z","level":"info","event":"       UPDATE  id=14","logger":"task.stdout"}
{"timestamp":"2026-05-08T17:37:52.989910Z","level":"info","event":"       UPDATE  id=15","logger":"task.stdout"}
{"timestamp":"2026-05-08T17:37:52.990275Z","level":"info","event":"       UPDATE  id=16","logger":"task.stdout"}
{"timestamp":"2026-05-08T17:37:52.990642Z","level":"info","event":"       UPDATE  id=17","logger":"task.stdout"}
{"timestamp":"2026-05-08T17:37:52.991125Z","level":"info","event":"       UPDATE  id=18","logger":"task.stdout"}
{"timestamp":"2026-05-08T17:37:52.991468Z","level":"info","event":"       UPDATE  id=19","logger":"task.stdout"}
{"timestamp":"2026-05-08T17:37:52.991836Z","level":"info","event":"       UPDATE  id=20","logger":"task.stdout"}
{"timestamp":"2026-05-08T17:37:52.992376Z","level":"info","event":"[INFO] result.csv updated — total 20 rows.","logger":"task.stdout"}
{"timestamp":"2026-05-08T17:37:52.926640Z","level":"info","event":"Done. Returned value was: None","logger":"airflow.task.operators.airflow.providers.standard.operators.python.PythonOperator","filename":"python.py","lineno":229}
{"timestamp":"2026-05-08T17:37:53.138632Z","level":"info","event":"Task instance in success state","logger":"task.stdout"}
{"timestamp":"2026-05-08T17:37:53.141396Z","level":"info","event":" Previous state of the Task instance: TaskInstanceState.RUNNING","logger":"task.stdout"}
{"timestamp":"2026-05-08T17:37:53.141932Z","level":"info","event":"Task operator:<Task(PythonOperator): process_partition>","logger":"task.stdout"}
{"timestamp":"2026-05-11T16:46:53.987782Z","level":"info","event":"DAG bundles loaded: dags-folder, example_dags","logger":"airflow.dag_processing.bundles.manager.DagBundlesManager","filename":"manager.py","lineno":209}
{"timestamp":"2026-05-11T16:46:53.990069Z","level":"info","event":"Filling up the DagBag from /opt/airflow/dags/__pycache__/csv_upsert_pipeline.py","logger":"airflow.dag_processing.dagbag.BundleDagBag","filename":"dagbag.py","lineno":469}
{"timestamp":"2026-05-11T16:46:54.003766Z","level":"warning","event":"airflow.exceptions.AirflowSkipException is deprecated and will be removed in a future version. Use airflow.sdk.exceptions.AirflowSkipException instead.","category":"UserWarning","filename":"/opt/airflow/dags/__pycache__/csv_upsert_pipeline.py","lineno":7,"logger":"py.warnings"}
{"timestamp":"2026-05-11T16:46:54.075428Z","level":"info","event":"Task instance is in running state","logger":"task.stdout"}
{"timestamp":"2026-05-11T16:46:54.078485Z","level":"info","event":" Previous state of the Task instance: TaskInstanceState.QUEUED","logger":"task.stdout"}
{"timestamp":"2026-05-11T16:46:54.079085Z","level":"info","event":"Current task name:process_partition","logger":"task.stdout"}
{"timestamp":"2026-05-11T16:46:54.079548Z","level":"info","event":"Dag name:csv_upsert_pipeline","logger":"task.stdout"}
{"timestamp":"2026-05-11T16:46:54.080905Z","level":"info","event":"[INFO] data_interval_start : 2026-05-03 03:00:00+00:00","logger":"task.stdout"}
{"timestamp":"2026-05-11T16:46:54.082753Z","level":"info","event":"[INFO] data_interval_end   : 2026-05-03 03:00:00+00:00","logger":"task.stdout"}
{"timestamp":"2026-05-11T16:46:54.083587Z","level":"info","event":"[INFO] Processing partition: /data/time_stamp=2026-05-03-03","logger":"task.stdout"}
{"timestamp":"2026-05-11T16:46:54.086233Z","level":"info","event":"[INFO] Sorted files: ['data_1.csv', 'data_2.csv', 'data_3.csv']","logger":"task.stdout"}
{"timestamp":"2026-05-11T16:46:54.088460Z","level":"info","event":"[INFO] Read data_1.csv  (index=1)","logger":"task.stdout"}
{"timestamp":"2026-05-11T16:46:54.095126Z","level":"info","event":"[INFO] Read data_2.csv  (index=2)","logger":"task.stdout"}
{"timestamp":"2026-05-11T16:46:54.098754Z","level":"info","event":"[INFO] Read data_3.csv  (index=3)","logger":"task.stdout"}
{"timestamp":"2026-05-11T16:46:54.099348Z","level":"info","event":"[INFO] Resolved 20 unique IDs for this run:","logger":"task.stdout"}
{"timestamp":"2026-05-11T16:46:54.099914Z","level":"info","event":"       id=1 → {'id': '1', 'name': 'Jack', 'age': '34', 'department': 'HR', 'salary': '84663.42', 'working_hours': '33.3'}","logger":"task.stdout"}
{"timestamp":"2026-05-11T16:46:54.100557Z","level":"info","event":"       id=2 → {'id': '2', 'name': 'Alice', 'age': '59', 'department': 'Engineering', 'salary': '52718.35', 'working_hours': '59.3'}","logger":"task.stdout"}
{"timestamp":"2026-05-11T16:46:54.101396Z","level":"info","event":"       id=3 → {'id': '3', 'name': 'Bob', 'age': '58', 'department': 'Operations', 'salary': '104296.44', 'working_hours': '48.0'}","logger":"task.stdout"}
{"timestamp":"2026-05-11T16:46:54.101740Z","level":"info","event":"       id=4 → {'id': '4', 'name': 'Eve', 'age': '38', 'department': 'Sales', 'salary': '95027.66', 'working_hours': '30.8'}","logger":"task.stdout"}
{"timestamp":"2026-05-11T16:46:54.102559Z","level":"info","event":"       id=5 → {'id': '5', 'name': 'Grace', 'age': '58', 'department': 'Marketing', 'salary': '114932.85', 'working_hours': '29.9'}","logger":"task.stdout"}
{"timestamp":"2026-05-11T16:46:54.103224Z","level":"info","event":"       id=6 → {'id': '6', 'name': 'Jack', 'age': '46', 'department': 'Marketing', 'salary': '108951.28', 'working_hours': '37.4'}","logger":"task.stdout"}
{"timestamp":"2026-05-11T16:46:54.103682Z","level":"info","event":"       id=7 → {'id': '7', 'name': 'Ivy', 'age': '38', 'department': 'HR', 'salary': '59497.06', 'working_hours': '43.1'}","logger":"task.stdout"}
{"timestamp":"2026-05-11T16:46:54.105118Z","level":"info","event":"       id=8 → {'id': '8', 'name': 'Hank', 'age': '46', 'department': 'Engineering', 'salary': '106172.89', 'working_hours': '28.1'}","logger":"task.stdout"}
{"timestamp":"2026-05-11T16:46:54.105747Z","level":"info","event":"       id=9 → {'id': '9', 'name': 'Jack', 'age': '46', 'department': 'Marketing', 'salary': '37126.91', 'working_hours': '59.8'}","logger":"task.stdout"}
{"timestamp":"2026-05-11T16:46:54.106214Z","level":"info","event":"       id=10 → {'id': '10', 'name': 'Ivy', 'age': '49', 'department': 'Operations', 'salary': '111774.48', 'working_hours': '45.7'}","logger":"task.stdout"}
{"timestamp":"2026-05-11T16:46:54.106788Z","level":"info","event":"       id=11 → {'id': '11', 'name': 'Bob', 'age': '36', 'department': 'Finance', 'salary': '115859.29', 'working_hours': '50.6'}","logger":"task.stdout"}
{"timestamp":"2026-05-11T16:46:54.107232Z","level":"info","event":"       id=12 → {'id': '12', 'name': 'Alice', 'age': '58', 'department': 'Operations', 'salary': '63265.4', 'working_hours': '45.7'}","logger":"task.stdout"}
{"timestamp":"2026-05-11T16:46:54.107686Z","level":"info","event":"       id=13 → {'id': '13', 'name': 'Diana', 'age': '58', 'department': 'Engineering', 'salary': '96123.16', 'working_hours': '41.9'}","logger":"task.stdout"}
{"timestamp":"2026-05-11T16:46:54.108143Z","level":"info","event":"       id=14 → {'id': '14', 'name': 'Frank', 'age': '31', 'department': 'HR', 'salary': '68714.44', 'working_hours': '28.2'}","logger":"task.stdout"}
{"timestamp":"2026-05-11T16:46:54.108864Z","level":"info","event":"       id=15 → {'id': '15', 'name': 'Eve', 'age': '25', 'department': 'Finance', 'salary': '58699.54', 'working_hours': '29.1'}","logger":"task.stdout"}
{"timestamp":"2026-05-11T16:46:54.109364Z","level":"info","event":"       id=16 → {'id': '16', 'name': 'Jack', 'age': '41', 'department': 'Marketing', 'salary': '43304.2', 'working_hours': '56.3'}","logger":"task.stdout"}
{"timestamp":"2026-05-11T16:46:54.109790Z","level":"info","event":"       id=17 → {'id': '17', 'name': 'Jack', 'age': '34', 'department': 'Sales', 'salary': '33360.82', 'working_hours': '59.1'}","logger":"task.stdout"}
{"timestamp":"2026-05-11T16:46:54.110537Z","level":"info","event":"       id=18 → {'id': '18', 'name': 'Hank', 'age': '37', 'department': 'Marketing', 'salary': '105748.09', 'working_hours': '24.4'}","logger":"task.stdout"}
{"timestamp":"2026-05-11T16:46:54.110978Z","level":"info","event":"       id=19 → {'id': '19', 'name': 'Alice', 'age': '26', 'department': 'Marketing', 'salary': '82931.88', 'working_hours': '25.7'}","logger":"task.stdout"}
{"timestamp":"2026-05-11T16:46:54.111407Z","level":"info","event":"       id=20 → {'id': '20', 'name': 'Charlie', 'age': '50', 'department': 'Sales', 'salary': '51903.54', 'working_hours': '28.3'}","logger":"task.stdout"}
{"timestamp":"2026-05-11T16:46:54.112051Z","level":"info","event":"[INFO] result.csv found — upsert.","logger":"task.stdout"}
{"timestamp":"2026-05-11T16:46:54.112495Z","level":"info","event":"[INFO] In existing result.csv 20 rows.","logger":"task.stdout"}
{"timestamp":"2026-05-11T16:46:54.113237Z","level":"info","event":"       UPDATE  id=1","logger":"task.stdout"}
{"timestamp":"2026-05-11T16:46:54.115183Z","level":"info","event":"       UPDATE  id=2","logger":"task.stdout"}
{"timestamp":"2026-05-11T16:46:54.116061Z","level":"info","event":"       UPDATE  id=3","logger":"task.stdout"}
{"timestamp":"2026-05-11T16:46:54.116584Z","level":"info","event":"       UPDATE  id=4","logger":"task.stdout"}
{"timestamp":"2026-05-11T16:46:54.117327Z","level":"info","event":"       UPDATE  id=5","logger":"task.stdout"}
{"timestamp":"2026-05-11T16:46:54.117888Z","level":"info","event":"       UPDATE  id=6","logger":"task.stdout"}
{"timestamp":"2026-05-11T16:46:54.118280Z","level":"info","event":"       UPDATE  id=7","logger":"task.stdout"}
{"timestamp":"2026-05-11T16:46:54.118658Z","level":"info","event":"       UPDATE  id=8","logger":"task.stdout"}
{"timestamp":"2026-05-11T16:46:54.119061Z","level":"info","event":"       UPDATE  id=9","logger":"task.stdout"}
{"timestamp":"2026-05-11T16:46:54.119707Z","level":"info","event":"       UPDATE  id=10","logger":"task.stdout"}
{"timestamp":"2026-05-11T16:46:54.120139Z","level":"info","event":"       UPDATE  id=11","logger":"task.stdout"}
{"timestamp":"2026-05-11T16:46:54.121719Z","level":"info","event":"       UPDATE  id=12","logger":"task.stdout"}
{"timestamp":"2026-05-11T16:46:54.125581Z","level":"info","event":"       UPDATE  id=13","logger":"task.stdout"}
{"timestamp":"2026-05-11T16:46:54.126151Z","level":"info","event":"       UPDATE  id=14","logger":"task.stdout"}
{"timestamp":"2026-05-11T16:46:54.126795Z","level":"info","event":"       UPDATE  id=15","logger":"task.stdout"}
{"timestamp":"2026-05-11T16:46:54.127263Z","level":"info","event":"       UPDATE  id=16","logger":"task.stdout"}
{"timestamp":"2026-05-11T16:46:54.127727Z","level":"info","event":"       UPDATE  id=17","logger":"task.stdout"}
{"timestamp":"2026-05-11T16:46:54.128133Z","level":"info","event":"       UPDATE  id=18","logger":"task.stdout"}
{"timestamp":"2026-05-11T16:46:54.128659Z","level":"info","event":"       UPDATE  id=19","logger":"task.stdout"}
{"timestamp":"2026-05-11T16:46:54.129049Z","level":"info","event":"       UPDATE  id=20","logger":"task.stdout"}
{"timestamp":"2026-05-11T16:46:54.129672Z","level":"info","event":"[INFO] result.csv updated — total 20 rows.","logger":"task.stdout"}
{"timestamp":"2026-05-11T16:46:54.104120Z","level":"info","event":"Done. Returned value was: None","logger":"airflow.task.operators.airflow.providers.standard.operators.python.PythonOperator","filename":"python.py","lineno":229}
{"timestamp":"2026-05-11T16:46:54.194219Z","level":"info","event":"Task instance in success state","logger":"task.stdout"}
{"timestamp":"2026-05-11T16:46:54.197166Z","level":"info","event":" Previous state of the Task instance: TaskInstanceState.RUNNING","logger":"task.stdout"}
{"timestamp":"2026-05-11T16:46:54.200475Z","level":"info","event":"Task operator:<Task(PythonOperator): process_partition>","logger":"task.stdout"}
{"timestamp":"2026-05-11T17:17:31.635877Z","level":"info","event":"DAG bundles loaded: dags-folder, example_dags","logger":"airflow.dag_processing.bundles.manager.DagBundlesManager","filename":"manager.py","lineno":209}
{"timestamp":"2026-05-11T17:17:31.639068Z","level":"info","event":"Filling up the DagBag from /opt/airflow/dags/__pycache__/csv_upsert_pipeline.py","logger":"airflow.dag_processing.dagbag.BundleDagBag","filename":"dagbag.py","lineno":469}
{"timestamp":"2026-05-11T17:17:31.681257Z","level":"warning","event":"airflow.exceptions.AirflowSkipException is deprecated and will be removed in a future version. Use airflow.sdk.exceptions.AirflowSkipException instead.","category":"UserWarning","filename":"/opt/airflow/dags/__pycache__/csv_upsert_pipeline.py","lineno":7,"logger":"py.warnings"}
{"timestamp":"2026-05-11T17:17:31.992061Z","level":"info","event":"Task instance is in running state","logger":"task.stdout"}
{"timestamp":"2026-05-11T17:17:31.995574Z","level":"info","event":" Previous state of the Task instance: TaskInstanceState.QUEUED","logger":"task.stdout"}
{"timestamp":"2026-05-11T17:17:31.996300Z","level":"info","event":"Current task name:process_partition","logger":"task.stdout"}
{"timestamp":"2026-05-11T17:17:31.996876Z","level":"info","event":"Dag name:csv_upsert_pipeline","logger":"task.stdout"}
{"timestamp":"2026-05-11T17:17:31.997420Z","level":"info","event":"[INFO] data_interval_start : 2026-05-03 03:00:00+00:00","logger":"task.stdout"}
{"timestamp":"2026-05-11T17:17:31.997978Z","level":"info","event":"[INFO] data_interval_end   : 2026-05-03 03:00:00+00:00","logger":"task.stdout"}
{"timestamp":"2026-05-11T17:17:31.998902Z","level":"info","event":"[INFO] Processing partition: /data/time_stamp=2026-05-03-03","logger":"task.stdout"}
{"timestamp":"2026-05-11T17:17:31.999606Z","level":"info","event":"[INFO] Sorted files: ['data_1.csv', 'data_2.csv', 'data_3.csv']","logger":"task.stdout"}
{"timestamp":"2026-05-11T17:17:32.002121Z","level":"info","event":"[INFO] Read data_1.csv  (index=1)","logger":"task.stdout"}
{"timestamp":"2026-05-11T17:17:32.007162Z","level":"info","event":"[INFO] Read data_2.csv  (index=2)","logger":"task.stdout"}
{"timestamp":"2026-05-11T17:17:32.009597Z","level":"info","event":"[INFO] Read data_3.csv  (index=3)","logger":"task.stdout"}
{"timestamp":"2026-05-11T17:17:32.010112Z","level":"info","event":"[INFO] Resolved 20 unique IDs for this run:","logger":"task.stdout"}
{"timestamp":"2026-05-11T17:17:32.010561Z","level":"info","event":"       id=1 → {'id': '1', 'name': 'Jack', 'age': '34', 'department': 'HR', 'salary': '84663.42', 'working_hours': '33.3'}","logger":"task.stdout"}
{"timestamp":"2026-05-11T17:17:32.010974Z","level":"info","event":"       id=2 → {'id': '2', 'name': 'Alice', 'age': '59', 'department': 'Engineering', 'salary': '52718.35', 'working_hours': '59.3'}","logger":"task.stdout"}
{"timestamp":"2026-05-11T17:17:32.011409Z","level":"info","event":"       id=3 → {'id': '3', 'name': 'Bob', 'age': '58', 'department': 'Operations', 'salary': '104296.44', 'working_hours': '48.0'}","logger":"task.stdout"}
{"timestamp":"2026-05-11T17:17:32.011872Z","level":"info","event":"       id=4 → {'id': '4', 'name': 'Eve', 'age': '38', 'department': 'Sales', 'salary': '95027.66', 'working_hours': '30.8'}","logger":"task.stdout"}
{"timestamp":"2026-05-11T17:17:32.012932Z","level":"info","event":"       id=5 → {'id': '5', 'name': 'Grace', 'age': '58', 'department': 'Marketing', 'salary': '114932.85', 'working_hours': '29.9'}","logger":"task.stdout"}
{"timestamp":"2026-05-11T17:17:32.013616Z","level":"info","event":"       id=6 → {'id': '6', 'name': 'Jack', 'age': '46', 'department': 'Marketing', 'salary': '108951.28', 'working_hours': '37.4'}","logger":"task.stdout"}
{"timestamp":"2026-05-11T17:17:32.014339Z","level":"info","event":"       id=7 → {'id': '7', 'name': 'Ivy', 'age': '38', 'department': 'HR', 'salary': '59497.06', 'working_hours': '43.1'}","logger":"task.stdout"}
{"timestamp":"2026-05-11T17:17:32.014800Z","level":"info","event":"       id=8 → {'id': '8', 'name': 'Hank', 'age': '46', 'department': 'Engineering', 'salary': '106172.89', 'working_hours': '28.1'}","logger":"task.stdout"}
{"timestamp":"2026-05-11T17:17:32.016985Z","level":"info","event":"       id=9 → {'id': '9', 'name': 'Jack', 'age': '46', 'department': 'Marketing', 'salary': '37126.91', 'working_hours': '59.8'}","logger":"task.stdout"}
{"timestamp":"2026-05-11T17:17:32.017676Z","level":"info","event":"       id=10 → {'id': '10', 'name': 'Ivy', 'age': '49', 'department': 'Operations', 'salary': '111774.48', 'working_hours': '45.7'}","logger":"task.stdout"}
{"timestamp":"2026-05-11T17:17:32.022279Z","level":"info","event":"       id=11 → {'id': '11', 'name': 'Bob', 'age': '36', 'department': 'Finance', 'salary': '115859.29', 'working_hours': '50.6'}","logger":"task.stdout"}
{"timestamp":"2026-05-11T17:17:32.022951Z","level":"info","event":"       id=12 → {'id': '12', 'name': 'Alice', 'age': '58', 'department': 'Operations', 'salary': '63265.4', 'working_hours': '45.7'}","logger":"task.stdout"}
{"timestamp":"2026-05-11T17:17:32.023576Z","level":"info","event":"       id=13 → {'id': '13', 'name': 'Diana', 'age': '58', 'department': 'Engineering', 'salary': '96123.16', 'working_hours': '41.9'}","logger":"task.stdout"}
{"timestamp":"2026-05-11T17:17:32.024354Z","level":"info","event":"       id=14 → {'id': '14', 'name': 'Frank', 'age': '31', 'department': 'HR', 'salary': '68714.44', 'working_hours': '28.2'}","logger":"task.stdout"}
{"timestamp":"2026-05-11T17:17:32.025517Z","level":"info","event":"       id=15 → {'id': '15', 'name': 'Eve', 'age': '25', 'department': 'Finance', 'salary': '58699.54', 'working_hours': '29.1'}","logger":"task.stdout"}
{"timestamp":"2026-05-11T17:17:32.028439Z","level":"info","event":"       id=16 → {'id': '16', 'name': 'Jack', 'age': '41', 'department': 'Marketing', 'salary': '43304.2', 'working_hours': '56.3'}","logger":"task.stdout"}
{"timestamp":"2026-05-11T17:17:32.029614Z","level":"info","event":"       id=17 → {'id': '17', 'name': 'Jack', 'age': '34', 'department': 'Sales', 'salary': '33360.82', 'working_hours': '59.1'}","logger":"task.stdout"}
{"timestamp":"2026-05-11T17:17:32.030880Z","level":"info","event":"       id=18 → {'id': '18', 'name': 'Hank', 'age': '37', 'department': 'Marketing', 'salary': '105748.09', 'working_hours': '24.4'}","logger":"task.stdout"}
{"timestamp":"2026-05-11T17:17:32.031424Z","level":"info","event":"       id=19 → {'id': '19', 'name': 'Alice', 'age': '26', 'department': 'Marketing', 'salary': '82931.88', 'working_hours': '25.7'}","logger":"task.stdout"}
{"timestamp":"2026-05-11T17:17:32.031951Z","level":"info","event":"       id=20 → {'id': '20', 'name': 'Charlie', 'age': '50', 'department': 'Sales', 'salary': '51903.54', 'working_hours': '28.3'}","logger":"task.stdout"}
{"timestamp":"2026-05-11T17:17:32.032674Z","level":"info","event":"[INFO] result.csv found — upsert.","logger":"task.stdout"}
{"timestamp":"2026-05-11T17:17:32.033390Z","level":"info","event":"[INFO] In existing result.csv 20 rows.","logger":"task.stdout"}
{"timestamp":"2026-05-11T17:17:32.034055Z","level":"info","event":"       UPDATE  id=1","logger":"task.stdout"}
{"timestamp":"2026-05-11T17:17:32.034547Z","level":"info","event":"       UPDATE  id=2","logger":"task.stdout"}
{"timestamp":"2026-05-11T17:17:32.035126Z","level":"info","event":"       UPDATE  id=3","logger":"task.stdout"}
{"timestamp":"2026-05-11T17:17:32.035895Z","level":"info","event":"       UPDATE  id=4","logger":"task.stdout"}
{"timestamp":"2026-05-11T17:17:32.036350Z","level":"info","event":"       UPDATE  id=5","logger":"task.stdout"}
{"timestamp":"2026-05-11T17:17:32.037745Z","level":"info","event":"       UPDATE  id=6","logger":"task.stdout"}
{"timestamp":"2026-05-11T17:17:32.042182Z","level":"info","event":"       UPDATE  id=7","logger":"task.stdout"}
{"timestamp":"2026-05-11T17:17:32.044679Z","level":"info","event":"       UPDATE  id=8","logger":"task.stdout"}
{"timestamp":"2026-05-11T17:17:32.045849Z","level":"info","event":"       UPDATE  id=9","logger":"task.stdout"}
{"timestamp":"2026-05-11T17:17:32.046424Z","level":"info","event":"       UPDATE  id=10","logger":"task.stdout"}
{"timestamp":"2026-05-11T17:17:32.049051Z","level":"info","event":"       UPDATE  id=11","logger":"task.stdout"}
{"timestamp":"2026-05-11T17:17:32.049532Z","level":"info","event":"       UPDATE  id=12","logger":"task.stdout"}
{"timestamp":"2026-05-11T17:17:32.052945Z","level":"info","event":"       UPDATE  id=13","logger":"task.stdout"}
{"timestamp":"2026-05-11T17:17:32.053468Z","level":"info","event":"       UPDATE  id=14","logger":"task.stdout"}
{"timestamp":"2026-05-11T17:17:32.055670Z","level":"info","event":"       UPDATE  id=15","logger":"task.stdout"}
{"timestamp":"2026-05-11T17:17:32.056805Z","level":"info","event":"       UPDATE  id=16","logger":"task.stdout"}
{"timestamp":"2026-05-11T17:17:32.057695Z","level":"info","event":"       UPDATE  id=17","logger":"task.stdout"}
{"timestamp":"2026-05-11T17:17:32.061953Z","level":"info","event":"       UPDATE  id=18","logger":"task.stdout"}
{"timestamp":"2026-05-11T17:17:32.066625Z","level":"info","event":"       UPDATE  id=19","logger":"task.stdout"}
{"timestamp":"2026-05-11T17:17:32.067203Z","level":"info","event":"       UPDATE  id=20","logger":"task.stdout"}
{"timestamp":"2026-05-11T17:17:32.069934Z","level":"info","event":"[INFO] result.csv updated — total 20 rows.","logger":"task.stdout"}
{"timestamp":"2026-05-11T17:17:32.015122Z","level":"info","event":"Done. Returned value was: None","logger":"airflow.task.operators.airflow.providers.standard.operators.python.PythonOperator","filename":"python.py","lineno":229}
{"timestamp":"2026-05-11T17:17:32.520022Z","level":"info","event":"Task instance in success state","logger":"task.stdout"}
{"timestamp":"2026-05-11T17:17:32.520954Z","level":"info","event":" Previous state of the Task instance: TaskInstanceState.RUNNING","logger":"task.stdout"}
{"timestamp":"2026-05-11T17:17:32.525549Z","level":"info","event":"Task operator:<Task(PythonOperator): process_partition>","logger":"task.stdout"}
