{"timestamp":"2026-05-08T17:38:32.628059Z","level":"info","event":"DAG bundles loaded: dags-folder, example_dags","logger":"airflow.dag_processing.bundles.manager.DagBundlesManager","filename":"manager.py","lineno":209}
{"timestamp":"2026-05-08T17:38:32.631066Z","level":"info","event":"Filling up the DagBag from /opt/airflow/dags/csv_upsert_pipeline.py","logger":"airflow.dag_processing.dagbag.BundleDagBag","filename":"dagbag.py","lineno":469}
{"timestamp":"2026-05-08T17:38:32.648691Z","level":"warning","event":"airflow.exceptions.AirflowSkipException is deprecated and will be removed in a future version. Use airflow.sdk.exceptions.AirflowSkipException instead.","category":"UserWarning","filename":"/opt/airflow/dags/csv_upsert_pipeline.py","lineno":7,"logger":"py.warnings"}
{"timestamp":"2026-05-08T17:38:32.721513Z","level":"info","event":"Task instance is in running state","logger":"task.stdout"}
{"timestamp":"2026-05-08T17:38:32.724724Z","level":"info","event":" Previous state of the Task instance: TaskInstanceState.QUEUED","logger":"task.stdout"}
{"timestamp":"2026-05-08T17:38:32.729870Z","level":"info","event":"Current task name:process_partition","logger":"task.stdout"}
{"timestamp":"2026-05-08T17:38:32.734154Z","level":"info","event":"Dag name:csv_upsert_pipeline","logger":"task.stdout"}
{"timestamp":"2026-05-08T17:38:32.735774Z","level":"info","event":"[INFO] data_interval_start : 2026-05-06 01:00:00+00:00","logger":"task.stdout"}
{"timestamp":"2026-05-08T17:38:32.736765Z","level":"info","event":"[INFO] data_interval_end   : 2026-05-06 01:00:00+00:00","logger":"task.stdout"}
{"timestamp":"2026-05-08T17:38:32.737510Z","level":"info","event":"[INFO] Processing partition: /data/time_stamp=2026-05-06-01","logger":"task.stdout"}
{"timestamp":"2026-05-08T17:38:32.738137Z","level":"info","event":"[INFO] Sorted files: ['data_1.csv']","logger":"task.stdout"}
{"timestamp":"2026-05-08T17:38:32.742148Z","level":"info","event":"[INFO] Read data_1.csv  (index=1)","logger":"task.stdout"}
{"timestamp":"2026-05-08T17:38:32.743179Z","level":"info","event":"[INFO] Resolved 12 unique IDs for this run:","logger":"task.stdout"}
{"timestamp":"2026-05-08T17:38:32.744076Z","level":"info","event":"       id=1 → {'id': '1', 'name': 'Jack', 'age': '51', 'department': 'HR', 'salary': '53416.52', 'working_hours': '29.9'}","logger":"task.stdout"}
{"timestamp":"2026-05-08T17:38:32.744789Z","level":"info","event":"       id=2 → {'id': '2', 'name': 'Diana', 'age': '38', 'department': 'Marketing', 'salary': '103937.73', 'working_hours': '40.0'}","logger":"task.stdout"}
{"timestamp":"2026-05-08T17:38:32.745247Z","level":"info","event":"       id=3 → {'id': '3', 'name': 'Eve', 'age': '33', 'department': 'Sales', 'salary': '46514.76', 'working_hours': '37.0'}","logger":"task.stdout"}
{"timestamp":"2026-05-08T17:38:32.745899Z","level":"info","event":"       id=4 → {'id': '4', 'name': 'Alice', 'age': '34', 'department': 'Marketing', 'salary': '83935.23', 'working_hours': '27.1'}","logger":"task.stdout"}
{"timestamp":"2026-05-08T17:38:32.746518Z","level":"info","event":"       id=5 → {'id': '5', 'name': 'Diana', 'age': '43', 'department': 'Sales', 'salary': '31090.74', 'working_hours': '22.5'}","logger":"task.stdout"}
{"timestamp":"2026-05-08T17:38:32.748312Z","level":"info","event":"       id=6 → {'id': '6', 'name': 'Diana', 'age': '34', 'department': 'HR', 'salary': '31851.27', 'working_hours': '38.6'}","logger":"task.stdout"}
{"timestamp":"2026-05-08T17:38:32.749200Z","level":"info","event":"       id=7 → {'id': '7', 'name': 'Hank', 'age': '28', 'department': 'Operations', 'salary': '48108.31', 'working_hours': '41.8'}","logger":"task.stdout"}
{"timestamp":"2026-05-08T17:38:32.751354Z","level":"info","event":"       id=8 → {'id': '8', 'name': 'Frank', 'age': '28', 'department': 'Marketing', 'salary': '81687.36', 'working_hours': '33.1'}","logger":"task.stdout"}
{"timestamp":"2026-05-08T17:38:32.752587Z","level":"info","event":"       id=9 → {'id': '9', 'name': 'Charlie', 'age': '54', 'department': 'Sales', 'salary': '107535.19', 'working_hours': '44.8'}","logger":"task.stdout"}
{"timestamp":"2026-05-08T17:38:32.753692Z","level":"info","event":"       id=10 → {'id': '10', 'name': 'Frank', 'age': '30', 'department': 'Finance', 'salary': '87634.32', 'working_hours': '28.8'}","logger":"task.stdout"}
{"timestamp":"2026-05-08T17:38:32.754226Z","level":"info","event":"       id=11 → {'id': '11', 'name': 'Alice', 'age': '38', 'department': 'Operations', 'salary': '110167.49', 'working_hours': '51.8'}","logger":"task.stdout"}
{"timestamp":"2026-05-08T17:38:32.757377Z","level":"info","event":"       id=12 → {'id': '12', 'name': 'Alice', 'age': '22', 'department': 'Marketing', 'salary': '72468.39', 'working_hours': '55.5'}","logger":"task.stdout"}
{"timestamp":"2026-05-08T17:38:32.758360Z","level":"info","event":"[INFO] result.csv mil gayi — upsert karte hain.","logger":"task.stdout"}
{"timestamp":"2026-05-08T17:38:32.759009Z","level":"info","event":"[INFO] Existing result.csv mein 20 rows hain.","logger":"task.stdout"}
{"timestamp":"2026-05-08T17:38:32.760421Z","level":"info","event":"       UPDATE  id=1","logger":"task.stdout"}
{"timestamp":"2026-05-08T17:38:32.761099Z","level":"info","event":"       UPDATE  id=2","logger":"task.stdout"}
{"timestamp":"2026-05-08T17:38:32.763638Z","level":"info","event":"       UPDATE  id=3","logger":"task.stdout"}
{"timestamp":"2026-05-08T17:38:32.767990Z","level":"info","event":"       UPDATE  id=4","logger":"task.stdout"}
{"timestamp":"2026-05-08T17:38:32.768565Z","level":"info","event":"       UPDATE  id=5","logger":"task.stdout"}
{"timestamp":"2026-05-08T17:38:32.771797Z","level":"info","event":"       UPDATE  id=6","logger":"task.stdout"}
{"timestamp":"2026-05-08T17:38:32.772509Z","level":"info","event":"       UPDATE  id=7","logger":"task.stdout"}
{"timestamp":"2026-05-08T17:38:32.773043Z","level":"info","event":"       UPDATE  id=8","logger":"task.stdout"}
{"timestamp":"2026-05-08T17:38:32.773646Z","level":"info","event":"       UPDATE  id=9","logger":"task.stdout"}
{"timestamp":"2026-05-08T17:38:32.774098Z","level":"info","event":"       UPDATE  id=10","logger":"task.stdout"}
{"timestamp":"2026-05-08T17:38:32.775409Z","level":"info","event":"       UPDATE  id=11","logger":"task.stdout"}
{"timestamp":"2026-05-08T17:38:32.775919Z","level":"info","event":"       UPDATE  id=12","logger":"task.stdout"}
{"timestamp":"2026-05-08T17:38:32.777848Z","level":"info","event":"[INFO] result.csv updated — total 20 rows.","logger":"task.stdout"}
{"timestamp":"2026-05-08T17:38:32.747578Z","level":"info","event":"Done. Returned value was: None","logger":"airflow.task.operators.airflow.providers.standard.operators.python.PythonOperator","filename":"python.py","lineno":229}
{"timestamp":"2026-05-08T17:38:32.967861Z","level":"info","event":"Task instance in success state","logger":"task.stdout"}
{"timestamp":"2026-05-08T17:38:32.968488Z","level":"info","event":" Previous state of the Task instance: TaskInstanceState.RUNNING","logger":"task.stdout"}
{"timestamp":"2026-05-08T17:38:32.971873Z","level":"info","event":"Task operator:<Task(PythonOperator): process_partition>","logger":"task.stdout"}
{"timestamp":"2026-05-11T16:47:36.303580Z","level":"info","event":"DAG bundles loaded: dags-folder, example_dags","logger":"airflow.dag_processing.bundles.manager.DagBundlesManager","filename":"manager.py","lineno":209}
{"timestamp":"2026-05-11T16:47:36.305135Z","level":"info","event":"Filling up the DagBag from /opt/airflow/dags/csv_upsert_pipeline.py","logger":"airflow.dag_processing.dagbag.BundleDagBag","filename":"dagbag.py","lineno":469}
{"timestamp":"2026-05-11T16:47:36.520666Z","level":"info","event":"Task instance is in running state","logger":"task.stdout"}
{"timestamp":"2026-05-11T16:47:36.523111Z","level":"info","event":" Previous state of the Task instance: TaskInstanceState.QUEUED","logger":"task.stdout"}
{"timestamp":"2026-05-11T16:47:36.523966Z","level":"info","event":"Current task name:process_partition","logger":"task.stdout"}
{"timestamp":"2026-05-11T16:47:36.524597Z","level":"info","event":"Dag name:csv_upsert_pipeline","logger":"task.stdout"}
{"timestamp":"2026-05-11T16:47:36.525426Z","level":"info","event":"[INFO] data_interval_start : 2026-05-06 01:00:00+00:00","logger":"task.stdout"}
{"timestamp":"2026-05-11T16:47:36.528199Z","level":"info","event":"[INFO] data_interval_end   : 2026-05-06 01:00:00+00:00","logger":"task.stdout"}
{"timestamp":"2026-05-11T16:47:36.528657Z","level":"info","event":"[INFO] Processing partition: /data/time_stamp=2026-05-06-01","logger":"task.stdout"}
{"timestamp":"2026-05-11T16:47:36.617542Z","level":"error","event":"/home/airflow/.local/lib/python3.13/site-packages/pyspark/bin/load-spark-env.sh: line 68: ps: command not found","logger":"task.stderr"}
{"timestamp":"2026-05-11T16:47:36.622459Z","level":"error","event":"JAVA_HOME is not set","logger":"task.stderr"}
{"timestamp":"2026-05-11T16:47:36.677216Z","level":"error","event":"Task failed with exception","logger":"task","filename":"task_runner.py","lineno":1347,"error_detail":[{"exc_type":"PySparkRuntimeError","exc_value":"[JAVA_GATEWAY_EXITED] Java gateway process exited before sending its port number.","exc_notes":[],"syntax_error":null,"is_cause":false,"frames":[{"filename":"/home/airflow/.local/lib/python3.13/site-packages/airflow/sdk/execution_time/task_runner.py","lineno":1263,"name":"run"},{"filename":"/home/airflow/.local/lib/python3.13/site-packages/airflow/sdk/execution_time/task_runner.py","lineno":1678,"name":"_execute_task"},{"filename":"/home/airflow/.local/lib/python3.13/site-packages/airflow/sdk/bases/operator.py","lineno":443,"name":"wrapper"},{"filename":"/home/airflow/.local/lib/python3.13/site-packages/airflow/providers/standard/operators/python.py","lineno":227,"name":"execute"},{"filename":"/home/airflow/.local/lib/python3.13/site-packages/airflow/providers/standard/operators/python.py","lineno":250,"name":"execute_callable"},{"filename":"/home/airflow/.local/lib/python3.13/site-packages/airflow/sdk/execution_time/callback_runner.py","lineno":97,"name":"run"},{"filename":"/opt/airflow/dags/csv_upsert_pipeline.py","lineno":47,"name":"process_partition"},{"filename":"/home/airflow/.local/lib/python3.13/site-packages/pyspark/sql/session.py","lineno":497,"name":"getOrCreate"},{"filename":"/home/airflow/.local/lib/python3.13/site-packages/pyspark/context.py","lineno":515,"name":"getOrCreate"},{"filename":"/home/airflow/.local/lib/python3.13/site-packages/pyspark/context.py","lineno":201,"name":"__init__"},{"filename":"/home/airflow/.local/lib/python3.13/site-packages/pyspark/context.py","lineno":436,"name":"_ensure_initialized"},{"filename":"/home/airflow/.local/lib/python3.13/site-packages/pyspark/java_gateway.py","lineno":107,"name":"launch_gateway"}],"is_group":false,"exceptions":[]}]}
{"timestamp":"2026-05-11T16:47:36.680607Z","level":"info","event":"Task instance in failure state","logger":"task.stdout"}
{"timestamp":"2026-05-11T16:47:36.682128Z","level":"info","event":"Task start","logger":"task.stdout"}
{"timestamp":"2026-05-11T16:47:36.682673Z","level":"info","event":"Task:<Task(PythonOperator): process_partition>","logger":"task.stdout"}
{"timestamp":"2026-05-11T16:47:36.685886Z","level":"info","event":"Failure caused by [JAVA_GATEWAY_EXITED] Java gateway process exited before sending its port number.","logger":"task.stdout"}
{"timestamp":"2026-05-11T17:18:22.829736Z","level":"info","event":"DAG bundles loaded: dags-folder, example_dags","logger":"airflow.dag_processing.bundles.manager.DagBundlesManager","filename":"manager.py","lineno":209}
{"timestamp":"2026-05-11T17:18:22.832332Z","level":"info","event":"Filling up the DagBag from /opt/airflow/dags/__pycache__/csv_upsert_pipeline.py","logger":"airflow.dag_processing.dagbag.BundleDagBag","filename":"dagbag.py","lineno":469}
{"timestamp":"2026-05-11T17:18:22.901694Z","level":"warning","event":"airflow.exceptions.AirflowSkipException is deprecated and will be removed in a future version. Use airflow.sdk.exceptions.AirflowSkipException instead.","category":"UserWarning","filename":"/opt/airflow/dags/__pycache__/csv_upsert_pipeline.py","lineno":7,"logger":"py.warnings"}
{"timestamp":"2026-05-11T17:18:24.021827Z","level":"info","event":"Task instance is in running state","logger":"task.stdout"}
{"timestamp":"2026-05-11T17:18:24.024383Z","level":"info","event":" Previous state of the Task instance: TaskInstanceState.QUEUED","logger":"task.stdout"}
{"timestamp":"2026-05-11T17:18:24.025037Z","level":"info","event":"Current task name:process_partition","logger":"task.stdout"}
{"timestamp":"2026-05-11T17:18:24.026314Z","level":"info","event":"Dag name:csv_upsert_pipeline","logger":"task.stdout"}
{"timestamp":"2026-05-11T17:18:24.031562Z","level":"info","event":"[INFO] data_interval_start : 2026-05-06 01:00:00+00:00","logger":"task.stdout"}
{"timestamp":"2026-05-11T17:18:24.040731Z","level":"info","event":"[INFO] data_interval_end   : 2026-05-06 01:00:00+00:00","logger":"task.stdout"}
{"timestamp":"2026-05-11T17:18:24.041722Z","level":"info","event":"[INFO] Processing partition: /data/time_stamp=2026-05-06-01","logger":"task.stdout"}
{"timestamp":"2026-05-11T17:18:24.042432Z","level":"info","event":"[INFO] Sorted files: ['data_1.csv']","logger":"task.stdout"}
{"timestamp":"2026-05-11T17:18:24.071800Z","level":"info","event":"[INFO] Read data_1.csv  (index=1)","logger":"task.stdout"}
{"timestamp":"2026-05-11T17:18:24.080130Z","level":"info","event":"[INFO] Resolved 12 unique IDs for this run:","logger":"task.stdout"}
{"timestamp":"2026-05-11T17:18:24.086996Z","level":"info","event":"       id=1 → {'id': '1', 'name': 'Jack', 'age': '51', 'department': 'HR', 'salary': '53416.52', 'working_hours': '29.9'}","logger":"task.stdout"}
{"timestamp":"2026-05-11T17:18:24.087993Z","level":"info","event":"       id=2 → {'id': '2', 'name': 'Diana', 'age': '38', 'department': 'Marketing', 'salary': '103937.73', 'working_hours': '40.0'}","logger":"task.stdout"}
{"timestamp":"2026-05-11T17:18:24.089135Z","level":"info","event":"       id=3 → {'id': '3', 'name': 'Eve', 'age': '33', 'department': 'Sales', 'salary': '46514.76', 'working_hours': '37.0'}","logger":"task.stdout"}
{"timestamp":"2026-05-11T17:18:24.089896Z","level":"info","event":"       id=4 → {'id': '4', 'name': 'Alice', 'age': '34', 'department': 'Marketing', 'salary': '83935.23', 'working_hours': '27.1'}","logger":"task.stdout"}
{"timestamp":"2026-05-11T17:18:24.092197Z","level":"info","event":"       id=5 → {'id': '5', 'name': 'Diana', 'age': '43', 'department': 'Sales', 'salary': '31090.74', 'working_hours': '22.5'}","logger":"task.stdout"}
{"timestamp":"2026-05-11T17:18:24.095401Z","level":"info","event":"       id=6 → {'id': '6', 'name': 'Diana', 'age': '34', 'department': 'HR', 'salary': '31851.27', 'working_hours': '38.6'}","logger":"task.stdout"}
{"timestamp":"2026-05-11T17:18:24.099175Z","level":"info","event":"       id=7 → {'id': '7', 'name': 'Hank', 'age': '28', 'department': 'Operations', 'salary': '48108.31', 'working_hours': '41.8'}","logger":"task.stdout"}
{"timestamp":"2026-05-11T17:18:24.103386Z","level":"info","event":"       id=8 → {'id': '8', 'name': 'Frank', 'age': '28', 'department': 'Marketing', 'salary': '81687.36', 'working_hours': '33.1'}","logger":"task.stdout"}
{"timestamp":"2026-05-11T17:18:24.104012Z","level":"info","event":"       id=9 → {'id': '9', 'name': 'Charlie', 'age': '54', 'department': 'Sales', 'salary': '107535.19', 'working_hours': '44.8'}","logger":"task.stdout"}
{"timestamp":"2026-05-11T17:18:24.104591Z","level":"info","event":"       id=10 → {'id': '10', 'name': 'Frank', 'age': '30', 'department': 'Finance', 'salary': '87634.32', 'working_hours': '28.8'}","logger":"task.stdout"}
{"timestamp":"2026-05-11T17:18:24.113049Z","level":"info","event":"       id=11 → {'id': '11', 'name': 'Alice', 'age': '38', 'department': 'Operations', 'salary': '110167.49', 'working_hours': '51.8'}","logger":"task.stdout"}
{"timestamp":"2026-05-11T17:18:24.117513Z","level":"info","event":"       id=12 → {'id': '12', 'name': 'Alice', 'age': '22', 'department': 'Marketing', 'salary': '72468.39', 'working_hours': '55.5'}","logger":"task.stdout"}
{"timestamp":"2026-05-11T17:18:24.124009Z","level":"info","event":"[INFO] result.csv found — upsert.","logger":"task.stdout"}
{"timestamp":"2026-05-11T17:18:24.129611Z","level":"info","event":"[INFO] In existing result.csv 20 rows.","logger":"task.stdout"}
{"timestamp":"2026-05-11T17:18:24.137945Z","level":"info","event":"       UPDATE  id=1","logger":"task.stdout"}
{"timestamp":"2026-05-11T17:18:24.138662Z","level":"info","event":"       UPDATE  id=2","logger":"task.stdout"}
{"timestamp":"2026-05-11T17:18:24.139162Z","level":"info","event":"       UPDATE  id=3","logger":"task.stdout"}
{"timestamp":"2026-05-11T17:18:24.139696Z","level":"info","event":"       UPDATE  id=4","logger":"task.stdout"}
{"timestamp":"2026-05-11T17:18:24.140146Z","level":"info","event":"       UPDATE  id=5","logger":"task.stdout"}
{"timestamp":"2026-05-11T17:18:24.140707Z","level":"info","event":"       UPDATE  id=6","logger":"task.stdout"}
{"timestamp":"2026-05-11T17:18:24.141152Z","level":"info","event":"       UPDATE  id=7","logger":"task.stdout"}
{"timestamp":"2026-05-11T17:18:24.141710Z","level":"info","event":"       UPDATE  id=8","logger":"task.stdout"}
{"timestamp":"2026-05-11T17:18:24.142254Z","level":"info","event":"       UPDATE  id=9","logger":"task.stdout"}
{"timestamp":"2026-05-11T17:18:24.142669Z","level":"info","event":"       UPDATE  id=10","logger":"task.stdout"}
{"timestamp":"2026-05-11T17:18:24.143092Z","level":"info","event":"       UPDATE  id=11","logger":"task.stdout"}
{"timestamp":"2026-05-11T17:18:24.143552Z","level":"info","event":"       UPDATE  id=12","logger":"task.stdout"}
{"timestamp":"2026-05-11T17:18:24.143949Z","level":"info","event":"[INFO] result.csv updated — total 20 rows.","logger":"task.stdout"}
{"timestamp":"2026-05-11T17:18:24.094271Z","level":"info","event":"Done. Returned value was: None","logger":"airflow.task.operators.airflow.providers.standard.operators.python.PythonOperator","filename":"python.py","lineno":229}
{"timestamp":"2026-05-11T17:18:24.783076Z","level":"info","event":"Task instance in success state","logger":"task.stdout"}
{"timestamp":"2026-05-11T17:18:24.783845Z","level":"info","event":" Previous state of the Task instance: TaskInstanceState.RUNNING","logger":"task.stdout"}
{"timestamp":"2026-05-11T17:18:24.788811Z","level":"info","event":"Task operator:<Task(PythonOperator): process_partition>","logger":"task.stdout"}
