{"timestamp":"2026-05-11T17:05:45.371858Z","level":"info","event":"DAG bundles loaded: dags-folder, example_dags","logger":"airflow.dag_processing.bundles.manager.DagBundlesManager","filename":"manager.py","lineno":209}
{"timestamp":"2026-05-11T17:05:45.373045Z","level":"info","event":"Filling up the DagBag from /opt/airflow/dags/__pycache__/csv_upsert_pipeline.py","logger":"airflow.dag_processing.dagbag.BundleDagBag","filename":"dagbag.py","lineno":469}
{"timestamp":"2026-05-11T17:05:45.383111Z","level":"warning","event":"airflow.exceptions.AirflowSkipException is deprecated and will be removed in a future version. Use airflow.sdk.exceptions.AirflowSkipException instead.","category":"UserWarning","filename":"/opt/airflow/dags/__pycache__/csv_upsert_pipeline.py","lineno":7,"logger":"py.warnings"}
{"timestamp":"2026-05-11T17:05:45.427983Z","level":"info","event":"Task instance is in running state","logger":"task.stdout"}
{"timestamp":"2026-05-11T17:05:45.428694Z","level":"info","event":" Previous state of the Task instance: TaskInstanceState.QUEUED","logger":"task.stdout"}
{"timestamp":"2026-05-11T17:05:45.431056Z","level":"info","event":"Current task name:process_partition","logger":"task.stdout"}
{"timestamp":"2026-05-11T17:05:45.433413Z","level":"info","event":"Dag name:csv_upsert_pipeline","logger":"task.stdout"}
{"timestamp":"2026-05-11T17:05:45.434076Z","level":"info","event":"[INFO] data_interval_start : 2026-05-06 01:00:00+00:00","logger":"task.stdout"}
{"timestamp":"2026-05-11T17:05:45.434664Z","level":"info","event":"[INFO] data_interval_end   : 2026-05-06 01:00:00+00:00","logger":"task.stdout"}
{"timestamp":"2026-05-11T17:05:45.435034Z","level":"info","event":"[INFO] Processing partition: /data/time_stamp=2026-05-06-01","logger":"task.stdout"}
{"timestamp":"2026-05-11T17:05:45.435706Z","level":"info","event":"[INFO] Sorted files: ['data_1.csv']","logger":"task.stdout"}
{"timestamp":"2026-05-11T17:05:45.438407Z","level":"info","event":"[INFO] Read data_1.csv  (index=1)","logger":"task.stdout"}
{"timestamp":"2026-05-11T17:05:45.439207Z","level":"info","event":"[INFO] Resolved 12 unique IDs for this run:","logger":"task.stdout"}
{"timestamp":"2026-05-11T17:05:45.439636Z","level":"info","event":"       id=1 → {'id': '1', 'name': 'Jack', 'age': '51', 'department': 'HR', 'salary': '53416.52', 'working_hours': '29.9'}","logger":"task.stdout"}
{"timestamp":"2026-05-11T17:05:45.440512Z","level":"info","event":"       id=2 → {'id': '2', 'name': 'Diana', 'age': '38', 'department': 'Marketing', 'salary': '103937.73', 'working_hours': '40.0'}","logger":"task.stdout"}
{"timestamp":"2026-05-11T17:05:45.440908Z","level":"info","event":"       id=3 → {'id': '3', 'name': 'Eve', 'age': '33', 'department': 'Sales', 'salary': '46514.76', 'working_hours': '37.0'}","logger":"task.stdout"}
{"timestamp":"2026-05-11T17:05:45.441521Z","level":"info","event":"       id=4 → {'id': '4', 'name': 'Alice', 'age': '34', 'department': 'Marketing', 'salary': '83935.23', 'working_hours': '27.1'}","logger":"task.stdout"}
{"timestamp":"2026-05-11T17:05:45.442012Z","level":"info","event":"       id=5 → {'id': '5', 'name': 'Diana', 'age': '43', 'department': 'Sales', 'salary': '31090.74', 'working_hours': '22.5'}","logger":"task.stdout"}
{"timestamp":"2026-05-11T17:05:45.442600Z","level":"info","event":"       id=6 → {'id': '6', 'name': 'Diana', 'age': '34', 'department': 'HR', 'salary': '31851.27', 'working_hours': '38.6'}","logger":"task.stdout"}
{"timestamp":"2026-05-11T17:05:45.443555Z","level":"info","event":"       id=7 → {'id': '7', 'name': 'Hank', 'age': '28', 'department': 'Operations', 'salary': '48108.31', 'working_hours': '41.8'}","logger":"task.stdout"}
{"timestamp":"2026-05-11T17:05:45.443965Z","level":"info","event":"       id=8 → {'id': '8', 'name': 'Frank', 'age': '28', 'department': 'Marketing', 'salary': '81687.36', 'working_hours': '33.1'}","logger":"task.stdout"}
{"timestamp":"2026-05-11T17:05:45.444530Z","level":"info","event":"       id=9 → {'id': '9', 'name': 'Charlie', 'age': '54', 'department': 'Sales', 'salary': '107535.19', 'working_hours': '44.8'}","logger":"task.stdout"}
{"timestamp":"2026-05-11T17:05:45.445200Z","level":"info","event":"       id=10 → {'id': '10', 'name': 'Frank', 'age': '30', 'department': 'Finance', 'salary': '87634.32', 'working_hours': '28.8'}","logger":"task.stdout"}
{"timestamp":"2026-05-11T17:05:45.445584Z","level":"info","event":"       id=11 → {'id': '11', 'name': 'Alice', 'age': '38', 'department': 'Operations', 'salary': '110167.49', 'working_hours': '51.8'}","logger":"task.stdout"}
{"timestamp":"2026-05-11T17:05:45.446038Z","level":"info","event":"       id=12 → {'id': '12', 'name': 'Alice', 'age': '22', 'department': 'Marketing', 'salary': '72468.39', 'working_hours': '55.5'}","logger":"task.stdout"}
{"timestamp":"2026-05-11T17:05:45.447140Z","level":"info","event":"[INFO] result.csv found — upsert.","logger":"task.stdout"}
{"timestamp":"2026-05-11T17:05:45.448102Z","level":"info","event":"[INFO] In existing result.csv 20 rows.","logger":"task.stdout"}
{"timestamp":"2026-05-11T17:05:45.448660Z","level":"info","event":"       UPDATE  id=1","logger":"task.stdout"}
{"timestamp":"2026-05-11T17:05:45.449111Z","level":"info","event":"       UPDATE  id=2","logger":"task.stdout"}
{"timestamp":"2026-05-11T17:05:45.449646Z","level":"info","event":"       UPDATE  id=3","logger":"task.stdout"}
{"timestamp":"2026-05-11T17:05:45.450066Z","level":"info","event":"       UPDATE  id=4","logger":"task.stdout"}
{"timestamp":"2026-05-11T17:05:45.450582Z","level":"info","event":"       UPDATE  id=5","logger":"task.stdout"}
{"timestamp":"2026-05-11T17:05:45.450999Z","level":"info","event":"       UPDATE  id=6","logger":"task.stdout"}
{"timestamp":"2026-05-11T17:05:45.451529Z","level":"info","event":"       UPDATE  id=7","logger":"task.stdout"}
{"timestamp":"2026-05-11T17:05:45.451952Z","level":"info","event":"       UPDATE  id=8","logger":"task.stdout"}
{"timestamp":"2026-05-11T17:05:45.452511Z","level":"info","event":"       UPDATE  id=9","logger":"task.stdout"}
{"timestamp":"2026-05-11T17:05:45.454713Z","level":"info","event":"       UPDATE  id=10","logger":"task.stdout"}
{"timestamp":"2026-05-11T17:05:45.455282Z","level":"info","event":"       UPDATE  id=11","logger":"task.stdout"}
{"timestamp":"2026-05-11T17:05:45.455955Z","level":"info","event":"       UPDATE  id=12","logger":"task.stdout"}
{"timestamp":"2026-05-11T17:05:45.456469Z","level":"info","event":"[INFO] result.csv updated — total 20 rows.","logger":"task.stdout"}
{"timestamp":"2026-05-11T17:05:45.442930Z","level":"info","event":"Done. Returned value was: None","logger":"airflow.task.operators.airflow.providers.standard.operators.python.PythonOperator","filename":"python.py","lineno":229}
{"timestamp":"2026-05-11T17:05:45.494664Z","level":"info","event":"Task instance in success state","logger":"task.stdout"}
{"timestamp":"2026-05-11T17:05:45.495704Z","level":"info","event":" Previous state of the Task instance: TaskInstanceState.RUNNING","logger":"task.stdout"}
{"timestamp":"2026-05-11T17:05:45.496354Z","level":"info","event":"Task operator:<Task(PythonOperator): process_partition>","logger":"task.stdout"}
