{"timestamp":"2026-05-05T10:29:58.029721Z","level":"info","event":"DAG bundles loaded: dags-folder, example_dags","logger":"airflow.dag_processing.bundles.manager.DagBundlesManager","filename":"manager.py","lineno":209}
{"timestamp":"2026-05-05T10:29:58.032539Z","level":"info","event":"Filling up the DagBag from /opt/airflow/dags/print_interval_dag.py","logger":"airflow.dag_processing.dagbag.BundleDagBag","filename":"dagbag.py","lineno":469}
{"timestamp":"2026-05-05T10:29:58.048541Z","level":"warning","event":"The `airflow.operators.python.PythonOperator` attribute is deprecated. Please use `'airflow.providers.standard.operators.python.PythonOperator'`.","category":"UserWarning","filename":"/opt/airflow/dags/print_interval_dag.py","lineno":2,"logger":"py.warnings"}
{"timestamp":"2026-05-05T10:29:58.107972Z","level":"info","event":"Task instance is in running state","logger":"task.stdout"}
{"timestamp":"2026-05-05T10:29:58.109395Z","level":"info","event":" Previous state of the Task instance: TaskInstanceState.QUEUED","logger":"task.stdout"}
{"timestamp":"2026-05-05T10:29:58.111875Z","level":"info","event":"Current task name:print_interval","logger":"task.stdout"}
{"timestamp":"2026-05-05T10:29:58.112424Z","level":"info","event":"Dag name:print_interval_dag","logger":"task.stdout"}
{"timestamp":"2026-05-05T10:29:58.113856Z","level":"info","event":"Interval Start: 2025-05-11 09:00:00+00:00","logger":"task.stdout"}
{"timestamp":"2026-05-05T10:29:58.114387Z","level":"info","event":"Interval End:   2025-05-11 09:00:00+00:00","logger":"task.stdout"}
{"timestamp":"2026-05-05T10:29:58.112064Z","level":"info","event":"Done. Returned value was: None","logger":"airflow.task.operators.airflow.providers.standard.operators.python.PythonOperator","filename":"python.py","lineno":229}
{"timestamp":"2026-05-05T10:29:58.180975Z","level":"info","event":"Task instance in success state","logger":"task.stdout"}
{"timestamp":"2026-05-05T10:29:58.181677Z","level":"info","event":" Previous state of the Task instance: TaskInstanceState.RUNNING","logger":"task.stdout"}
{"timestamp":"2026-05-05T10:29:58.182165Z","level":"info","event":"Task operator:<Task(PythonOperator): print_interval>","logger":"task.stdout"}
{"timestamp":"2026-05-05T12:25:46.906445Z","level":"info","event":"DAG bundles loaded: dags-folder, example_dags","logger":"airflow.dag_processing.bundles.manager.DagBundlesManager","filename":"manager.py","lineno":209}
{"timestamp":"2026-05-05T12:25:46.909097Z","level":"info","event":"Filling up the DagBag from /opt/airflow/dags/print_interval_dag.py","logger":"airflow.dag_processing.dagbag.BundleDagBag","filename":"dagbag.py","lineno":469}
{"timestamp":"2026-05-05T12:25:46.981737Z","level":"info","event":"Task instance is in running state","logger":"task.stdout"}
{"timestamp":"2026-05-05T12:25:46.982568Z","level":"info","event":" Previous state of the Task instance: TaskInstanceState.QUEUED","logger":"task.stdout"}
{"timestamp":"2026-05-05T12:25:46.983299Z","level":"info","event":"Current task name:print_interval","logger":"task.stdout"}
{"timestamp":"2026-05-05T12:25:46.983868Z","level":"info","event":"Dag name:print_interval_dag","logger":"task.stdout"}
{"timestamp":"2026-05-05T12:25:46.986229Z","level":"info","event":"=== ALL AVAILABLE MACROS ===","logger":"task.stdout"}
{"timestamp":"2026-05-05T12:25:46.986811Z","level":"info","event":"dag: <DAG: print_interval_dag>","logger":"task.stdout"}
{"timestamp":"2026-05-05T12:25:46.987273Z","level":"info","event":"inlets: []","logger":"task.stdout"}
{"timestamp":"2026-05-05T12:25:46.987703Z","level":"info","event":"map_index_template: None","logger":"task.stdout"}
{"timestamp":"2026-05-05T12:25:46.988169Z","level":"info","event":"outlets: []","logger":"task.stdout"}
{"timestamp":"2026-05-05T12:25:46.988624Z","level":"info","event":"run_id: scheduled__2025-05-11T09:00:00+00:00","logger":"task.stdout"}
{"timestamp":"2026-05-05T12:25:46.989232Z","level":"info","event":"task: <Task(PythonOperator): print_interval>","logger":"task.stdout"}
{"timestamp":"2026-05-05T12:25:46.989819Z","level":"info","event":"task_instance: id=UUID('019df819-fb17-79e3-b110-d19f86142878') task_id='print_interval' dag_id='print_interval_dag' run_id='scheduled__2025-05-11T09:00:00+00:00' try_number=1 dag_version_id=UUID('019df815-a045-750b-bac8-47ced7cc6a45') map_index=-1 hostname='86abe326db93' context_carrier={'traceparent': '00-2e70904d8460934a2498b3df80491af1-41d52b8c39cc2946-01'} task=<Task(PythonOperator): print_interval> bundle_instance=LocalDagBundle(name=dags-folder) max_tries=0 start_date=datetime.datetime(2026, 5, 5, 12, 25, 45, 948396, tzinfo=datetime.timezone.utc) end_date=None state=<TaskInstanceState.RUNNING: 'running'> is_mapped=False rendered_map_index=None sentry_integration=''","logger":"task.stdout"}
{"timestamp":"2026-05-05T12:25:46.990527Z","level":"info","event":"ti: id=UUID('019df819-fb17-79e3-b110-d19f86142878') task_id='print_interval' dag_id='print_interval_dag' run_id='scheduled__2025-05-11T09:00:00+00:00' try_number=1 dag_version_id=UUID('019df815-a045-750b-bac8-47ced7cc6a45') map_index=-1 hostname='86abe326db93' context_carrier={'traceparent': '00-2e70904d8460934a2498b3df80491af1-41d52b8c39cc2946-01'} task=<Task(PythonOperator): print_interval> bundle_instance=LocalDagBundle(name=dags-folder) max_tries=0 start_date=datetime.datetime(2026, 5, 5, 12, 25, 45, 948396, tzinfo=datetime.timezone.utc) end_date=None state=<TaskInstanceState.RUNNING: 'running'> is_mapped=False rendered_map_index=None sentry_integration=''","logger":"task.stdout"}
{"timestamp":"2026-05-05T12:25:46.990917Z","level":"info","event":"outlet_events: OutletEventAccessors(_dict={})","logger":"task.stdout"}
{"timestamp":"2026-05-05T12:25:46.991319Z","level":"info","event":"inlet_events: InletEventsAccessors(_inlets=[], _assets={}, _asset_aliases={})","logger":"task.stdout"}
{"timestamp":"2026-05-05T12:25:46.991779Z","level":"info","event":"macros: <MacrosAccessor (dynamic access to macros)>","logger":"task.stdout"}
{"timestamp":"2026-05-05T12:25:46.992154Z","level":"info","event":"params: {}","logger":"task.stdout"}
{"timestamp":"2026-05-05T12:25:46.992554Z","level":"info","event":"var: {'json': <VariableAccessor (dynamic access)>, 'value': <VariableAccessor (dynamic access)>}","logger":"task.stdout"}
{"timestamp":"2026-05-05T12:25:46.992938Z","level":"info","event":"conn: <ConnectionAccessor (dynamic access)>","logger":"task.stdout"}
{"timestamp":"2026-05-05T12:25:46.993322Z","level":"info","event":"dag_run: dag_id='print_interval_dag' run_id='scheduled__2025-05-11T09:00:00+00:00' logical_date=datetime.datetime(2025, 5, 11, 9, 0, tzinfo=datetime.timezone.utc) data_interval_start=datetime.datetime(2025, 5, 11, 9, 0, tzinfo=datetime.timezone.utc) data_interval_end=datetime.datetime(2025, 5, 11, 9, 0, tzinfo=datetime.timezone.utc) run_after=datetime.datetime(2025, 5, 11, 9, 0, tzinfo=datetime.timezone.utc) start_date=datetime.datetime(2026, 5, 5, 12, 25, 45, 526906, tzinfo=datetime.timezone.utc) end_date=None clear_number=0 run_type=<DagRunType.SCHEDULED: 'scheduled'> state=<DagRunState.RUNNING: 'running'> conf={} triggering_user_name=None consumed_asset_events=[] partition_key=None note=None","logger":"task.stdout"}
{"timestamp":"2026-05-05T12:25:46.993629Z","level":"info","event":"triggering_asset_events: TriggeringAssetEventAccessor(_events=defaultdict(<class 'list'>, {}))","logger":"task.stdout"}
{"timestamp":"2026-05-05T12:25:46.994090Z","level":"info","event":"task_instance_key_str: print_interval_dag__print_interval__20250511","logger":"task.stdout"}
{"timestamp":"2026-05-05T12:25:46.994516Z","level":"info","event":"task_reschedule_count: 0","logger":"task.stdout"}
{"timestamp":"2026-05-05T12:25:47.019698Z","level":"info","event":"prev_start_date_success: 2026-05-05 12:25:44.409963+00:00","logger":"task.stdout"}
{"timestamp":"2026-05-05T12:25:47.020391Z","level":"info","event":"prev_end_date_success: 2026-05-05 12:25:46.640823+00:00","logger":"task.stdout"}
{"timestamp":"2026-05-05T12:25:47.020965Z","level":"info","event":"logical_date: 2025-05-11 09:00:00+00:00","logger":"task.stdout"}
{"timestamp":"2026-05-05T12:25:47.021396Z","level":"info","event":"ds: 2025-05-11","logger":"task.stdout"}
{"timestamp":"2026-05-05T12:25:47.022246Z","level":"info","event":"ds_nodash: 20250511","logger":"task.stdout"}
{"timestamp":"2026-05-05T12:25:47.022700Z","level":"info","event":"ts: 2025-05-11T09:00:00+00:00","logger":"task.stdout"}
{"timestamp":"2026-05-05T12:25:47.023084Z","level":"info","event":"ts_nodash: 20250511T090000","logger":"task.stdout"}
{"timestamp":"2026-05-05T12:25:47.023579Z","level":"info","event":"ts_nodash_with_tz: 20250511T090000+0000","logger":"task.stdout"}
{"timestamp":"2026-05-05T12:25:47.024044Z","level":"info","event":"data_interval_end: 2025-05-11 09:00:00+00:00","logger":"task.stdout"}
{"timestamp":"2026-05-05T12:25:47.024584Z","level":"info","event":"data_interval_start: 2025-05-11 09:00:00+00:00","logger":"task.stdout"}
{"timestamp":"2026-05-05T12:25:47.025105Z","level":"info","event":"prev_data_interval_start_success: 2025-05-11 03:00:00+00:00","logger":"task.stdout"}
{"timestamp":"2026-05-05T12:25:47.025590Z","level":"info","event":"prev_data_interval_end_success: 2025-05-11 03:00:00+00:00","logger":"task.stdout"}
{"timestamp":"2026-05-05T12:25:47.026059Z","level":"info","event":"templates_dict: None","logger":"task.stdout"}
{"timestamp":"2026-05-05T12:25:47.019952Z","level":"info","event":"Done. Returned value was: None","logger":"airflow.task.operators.airflow.providers.standard.operators.python.PythonOperator","filename":"python.py","lineno":229}
{"timestamp":"2026-05-05T12:25:47.107965Z","level":"info","event":"Task instance in success state","logger":"task.stdout"}
{"timestamp":"2026-05-05T12:25:47.109350Z","level":"info","event":" Previous state of the Task instance: TaskInstanceState.RUNNING","logger":"task.stdout"}
{"timestamp":"2026-05-05T12:25:47.110101Z","level":"info","event":"Task operator:<Task(PythonOperator): print_interval>","logger":"task.stdout"}
