{"timestamp":"2026-05-05T10:29:35.668153Z","level":"info","event":"DAG bundles loaded: dags-folder, example_dags","logger":"airflow.dag_processing.bundles.manager.DagBundlesManager","filename":"manager.py","lineno":209}
{"timestamp":"2026-05-05T10:29:35.670922Z","level":"info","event":"Filling up the DagBag from /opt/airflow/dags/print_interval_dag.py","logger":"airflow.dag_processing.dagbag.BundleDagBag","filename":"dagbag.py","lineno":469}
{"timestamp":"2026-05-05T10:29:35.685959Z","level":"warning","event":"The `airflow.operators.python.PythonOperator` attribute is deprecated. Please use `'airflow.providers.standard.operators.python.PythonOperator'`.","category":"UserWarning","filename":"/opt/airflow/dags/print_interval_dag.py","lineno":2,"logger":"py.warnings"}
{"timestamp":"2026-05-05T10:29:35.747950Z","level":"info","event":"Task instance is in running state","logger":"task.stdout"}
{"timestamp":"2026-05-05T10:29:35.750353Z","level":"info","event":" Previous state of the Task instance: TaskInstanceState.QUEUED","logger":"task.stdout"}
{"timestamp":"2026-05-05T10:29:35.751263Z","level":"info","event":"Current task name:print_interval","logger":"task.stdout"}
{"timestamp":"2026-05-05T10:29:35.751909Z","level":"info","event":"Dag name:print_interval_dag","logger":"task.stdout"}
{"timestamp":"2026-05-05T10:29:35.755157Z","level":"info","event":"Interval Start: 2025-05-05 21:00:00+00:00","logger":"task.stdout"}
{"timestamp":"2026-05-05T10:29:35.755962Z","level":"info","event":"Interval End:   2025-05-05 21:00:00+00:00","logger":"task.stdout"}
{"timestamp":"2026-05-05T10:29:35.754139Z","level":"info","event":"Done. Returned value was: None","logger":"airflow.task.operators.airflow.providers.standard.operators.python.PythonOperator","filename":"python.py","lineno":229}
{"timestamp":"2026-05-05T10:29:35.867134Z","level":"info","event":"Task instance in success state","logger":"task.stdout"}
{"timestamp":"2026-05-05T10:29:35.879908Z","level":"info","event":" Previous state of the Task instance: TaskInstanceState.RUNNING","logger":"task.stdout"}
{"timestamp":"2026-05-05T10:29:35.880792Z","level":"info","event":"Task operator:<Task(PythonOperator): print_interval>","logger":"task.stdout"}
{"timestamp":"2026-05-05T12:25:25.991396Z","level":"info","event":"DAG bundles loaded: dags-folder, example_dags","logger":"airflow.dag_processing.bundles.manager.DagBundlesManager","filename":"manager.py","lineno":209}
{"timestamp":"2026-05-05T12:25:25.994227Z","level":"info","event":"Filling up the DagBag from /opt/airflow/dags/print_interval_dag.py","logger":"airflow.dag_processing.dagbag.BundleDagBag","filename":"dagbag.py","lineno":469}
{"timestamp":"2026-05-05T12:25:26.077887Z","level":"info","event":"Task instance is in running state","logger":"task.stdout"}
{"timestamp":"2026-05-05T12:25:26.082928Z","level":"info","event":" Previous state of the Task instance: TaskInstanceState.QUEUED","logger":"task.stdout"}
{"timestamp":"2026-05-05T12:25:26.084391Z","level":"info","event":"Current task name:print_interval","logger":"task.stdout"}
{"timestamp":"2026-05-05T12:25:26.085737Z","level":"info","event":"Dag name:print_interval_dag","logger":"task.stdout"}
{"timestamp":"2026-05-05T12:25:26.086558Z","level":"info","event":"=== ALL AVAILABLE MACROS ===","logger":"task.stdout"}
{"timestamp":"2026-05-05T12:25:26.087115Z","level":"info","event":"dag: <DAG: print_interval_dag>","logger":"task.stdout"}
{"timestamp":"2026-05-05T12:25:26.087586Z","level":"info","event":"inlets: []","logger":"task.stdout"}
{"timestamp":"2026-05-05T12:25:26.088085Z","level":"info","event":"map_index_template: None","logger":"task.stdout"}
{"timestamp":"2026-05-05T12:25:26.088686Z","level":"info","event":"outlets: []","logger":"task.stdout"}
{"timestamp":"2026-05-05T12:25:26.089320Z","level":"info","event":"run_id: scheduled__2025-05-05T21:00:00+00:00","logger":"task.stdout"}
{"timestamp":"2026-05-05T12:25:26.089759Z","level":"info","event":"task: <Task(PythonOperator): print_interval>","logger":"task.stdout"}
{"timestamp":"2026-05-05T12:25:26.090203Z","level":"info","event":"task_instance: id=UUID('019df819-a965-75d5-bc16-cbc9eca837bc') task_id='print_interval' dag_id='print_interval_dag' run_id='scheduled__2025-05-05T21:00:00+00:00' try_number=1 dag_version_id=UUID('019df815-a045-750b-bac8-47ced7cc6a45') map_index=-1 hostname='86abe326db93' context_carrier={'traceparent': '00-65fba43458a9d12c41ac8ab28ee2d8c8-e4fa7326910f5138-01'} task=<Task(PythonOperator): print_interval> bundle_instance=LocalDagBundle(name=dags-folder) max_tries=0 start_date=datetime.datetime(2026, 5, 5, 12, 25, 24, 978286, tzinfo=datetime.timezone.utc) end_date=None state=<TaskInstanceState.RUNNING: 'running'> is_mapped=False rendered_map_index=None sentry_integration=''","logger":"task.stdout"}
{"timestamp":"2026-05-05T12:25:26.090883Z","level":"info","event":"ti: id=UUID('019df819-a965-75d5-bc16-cbc9eca837bc') task_id='print_interval' dag_id='print_interval_dag' run_id='scheduled__2025-05-05T21:00:00+00:00' try_number=1 dag_version_id=UUID('019df815-a045-750b-bac8-47ced7cc6a45') map_index=-1 hostname='86abe326db93' context_carrier={'traceparent': '00-65fba43458a9d12c41ac8ab28ee2d8c8-e4fa7326910f5138-01'} task=<Task(PythonOperator): print_interval> bundle_instance=LocalDagBundle(name=dags-folder) max_tries=0 start_date=datetime.datetime(2026, 5, 5, 12, 25, 24, 978286, tzinfo=datetime.timezone.utc) end_date=None state=<TaskInstanceState.RUNNING: 'running'> is_mapped=False rendered_map_index=None sentry_integration=''","logger":"task.stdout"}
{"timestamp":"2026-05-05T12:25:26.091339Z","level":"info","event":"outlet_events: OutletEventAccessors(_dict={})","logger":"task.stdout"}
{"timestamp":"2026-05-05T12:25:26.091714Z","level":"info","event":"inlet_events: InletEventsAccessors(_inlets=[], _assets={}, _asset_aliases={})","logger":"task.stdout"}
{"timestamp":"2026-05-05T12:25:26.092453Z","level":"info","event":"macros: <MacrosAccessor (dynamic access to macros)>","logger":"task.stdout"}
{"timestamp":"2026-05-05T12:25:26.092957Z","level":"info","event":"params: {}","logger":"task.stdout"}
{"timestamp":"2026-05-05T12:25:26.093364Z","level":"info","event":"var: {'json': <VariableAccessor (dynamic access)>, 'value': <VariableAccessor (dynamic access)>}","logger":"task.stdout"}
{"timestamp":"2026-05-05T12:25:26.093847Z","level":"info","event":"conn: <ConnectionAccessor (dynamic access)>","logger":"task.stdout"}
{"timestamp":"2026-05-05T12:25:26.094203Z","level":"info","event":"dag_run: dag_id='print_interval_dag' run_id='scheduled__2025-05-05T21:00:00+00:00' logical_date=datetime.datetime(2025, 5, 5, 21, 0, tzinfo=datetime.timezone.utc) data_interval_start=datetime.datetime(2025, 5, 5, 21, 0, tzinfo=datetime.timezone.utc) data_interval_end=datetime.datetime(2025, 5, 5, 21, 0, tzinfo=datetime.timezone.utc) run_after=datetime.datetime(2025, 5, 5, 21, 0, tzinfo=datetime.timezone.utc) start_date=datetime.datetime(2026, 5, 5, 12, 25, 24, 607357, tzinfo=datetime.timezone.utc) end_date=None clear_number=0 run_type=<DagRunType.SCHEDULED: 'scheduled'> state=<DagRunState.RUNNING: 'running'> conf={} triggering_user_name=None consumed_asset_events=[] partition_key=None note=None","logger":"task.stdout"}
{"timestamp":"2026-05-05T12:25:26.094574Z","level":"info","event":"triggering_asset_events: TriggeringAssetEventAccessor(_events=defaultdict(<class 'list'>, {}))","logger":"task.stdout"}
{"timestamp":"2026-05-05T12:25:26.095001Z","level":"info","event":"task_instance_key_str: print_interval_dag__print_interval__20250505","logger":"task.stdout"}
{"timestamp":"2026-05-05T12:25:26.095685Z","level":"info","event":"task_reschedule_count: 0","logger":"task.stdout"}
{"timestamp":"2026-05-05T12:25:26.207897Z","level":"info","event":"prev_start_date_success: 2026-05-05 12:25:24.222027+00:00","logger":"task.stdout"}
{"timestamp":"2026-05-05T12:25:26.208866Z","level":"info","event":"prev_end_date_success: 2026-05-05 12:25:26.042437+00:00","logger":"task.stdout"}
{"timestamp":"2026-05-05T12:25:26.209417Z","level":"info","event":"logical_date: 2025-05-05 21:00:00+00:00","logger":"task.stdout"}
{"timestamp":"2026-05-05T12:25:26.210216Z","level":"info","event":"ds: 2025-05-05","logger":"task.stdout"}
{"timestamp":"2026-05-05T12:25:26.210964Z","level":"info","event":"ds_nodash: 20250505","logger":"task.stdout"}
{"timestamp":"2026-05-05T12:25:26.211389Z","level":"info","event":"ts: 2025-05-05T21:00:00+00:00","logger":"task.stdout"}
{"timestamp":"2026-05-05T12:25:26.211801Z","level":"info","event":"ts_nodash: 20250505T210000","logger":"task.stdout"}
{"timestamp":"2026-05-05T12:25:26.212215Z","level":"info","event":"ts_nodash_with_tz: 20250505T210000+0000","logger":"task.stdout"}
{"timestamp":"2026-05-05T12:25:26.213178Z","level":"info","event":"data_interval_end: 2025-05-05 21:00:00+00:00","logger":"task.stdout"}
{"timestamp":"2026-05-05T12:25:26.213845Z","level":"info","event":"data_interval_start: 2025-05-05 21:00:00+00:00","logger":"task.stdout"}
{"timestamp":"2026-05-05T12:25:26.214412Z","level":"info","event":"prev_data_interval_start_success: 2025-05-05 18:00:00+00:00","logger":"task.stdout"}
{"timestamp":"2026-05-05T12:25:26.214898Z","level":"info","event":"prev_data_interval_end_success: 2025-05-05 18:00:00+00:00","logger":"task.stdout"}
{"timestamp":"2026-05-05T12:25:26.215719Z","level":"info","event":"templates_dict: None","logger":"task.stdout"}
{"timestamp":"2026-05-05T12:25:26.208252Z","level":"info","event":"Done. Returned value was: None","logger":"airflow.task.operators.airflow.providers.standard.operators.python.PythonOperator","filename":"python.py","lineno":229}
{"timestamp":"2026-05-05T12:25:26.383434Z","level":"info","event":"Task instance in success state","logger":"task.stdout"}
{"timestamp":"2026-05-05T12:25:26.384719Z","level":"info","event":" Previous state of the Task instance: TaskInstanceState.RUNNING","logger":"task.stdout"}
{"timestamp":"2026-05-05T12:25:26.386059Z","level":"info","event":"Task operator:<Task(PythonOperator): print_interval>","logger":"task.stdout"}
