{"timestamp":"2026-05-08T17:38:23.490196Z","level":"info","event":"DAG bundles loaded: dags-folder, example_dags","logger":"airflow.dag_processing.bundles.manager.DagBundlesManager","filename":"manager.py","lineno":209}
{"timestamp":"2026-05-08T17:38:23.491919Z","level":"info","event":"Filling up the DagBag from /opt/airflow/dags/csv_upsert_pipeline.py","logger":"airflow.dag_processing.dagbag.BundleDagBag","filename":"dagbag.py","lineno":469}
{"timestamp":"2026-05-08T17:38:23.515158Z","level":"warning","event":"airflow.exceptions.AirflowSkipException is deprecated and will be removed in a future version. Use airflow.sdk.exceptions.AirflowSkipException instead.","category":"UserWarning","filename":"/opt/airflow/dags/csv_upsert_pipeline.py","lineno":7,"logger":"py.warnings"}
{"timestamp":"2026-05-08T17:38:23.846479Z","level":"info","event":"Task instance is in running state","logger":"task.stdout"}
{"timestamp":"2026-05-08T17:38:23.847081Z","level":"info","event":" Previous state of the Task instance: TaskInstanceState.QUEUED","logger":"task.stdout"}
{"timestamp":"2026-05-08T17:38:23.847963Z","level":"info","event":"Current task name:process_partition","logger":"task.stdout"}
{"timestamp":"2026-05-08T17:38:23.848372Z","level":"info","event":"Dag name:csv_upsert_pipeline","logger":"task.stdout"}
{"timestamp":"2026-05-08T17:38:23.851684Z","level":"info","event":"[INFO] data_interval_start : 2026-05-05 10:00:00+00:00","logger":"task.stdout"}
{"timestamp":"2026-05-08T17:38:23.852922Z","level":"info","event":"[INFO] data_interval_end   : 2026-05-05 10:00:00+00:00","logger":"task.stdout"}
{"timestamp":"2026-05-08T17:38:23.853844Z","level":"info","event":"[INFO] Processing partition: /data/time_stamp=2026-05-05-10","logger":"task.stdout"}
{"timestamp":"2026-05-08T17:38:23.854722Z","level":"info","event":"[INFO] Sorted files: ['data_1.csv']","logger":"task.stdout"}
{"timestamp":"2026-05-08T17:38:23.858127Z","level":"info","event":"[INFO] Read data_1.csv  (index=1)","logger":"task.stdout"}
{"timestamp":"2026-05-08T17:38:23.859103Z","level":"info","event":"[INFO] Resolved 9 unique IDs for this run:","logger":"task.stdout"}
{"timestamp":"2026-05-08T17:38:23.860395Z","level":"info","event":"       id=1 → {'id': '1', 'name': 'Ivy', 'age': '34', 'department': 'Sales', 'salary': '34152.37', 'working_hours': '39.3'}","logger":"task.stdout"}
{"timestamp":"2026-05-08T17:38:23.862185Z","level":"info","event":"       id=2 → {'id': '2', 'name': 'Ivy', 'age': '27', 'department': 'Finance', 'salary': '44953.83', 'working_hours': '28.9'}","logger":"task.stdout"}
{"timestamp":"2026-05-08T17:38:23.863771Z","level":"info","event":"       id=3 → {'id': '3', 'name': 'Hank', 'age': '23', 'department': 'Marketing', 'salary': '61940.2', 'working_hours': '38.3'}","logger":"task.stdout"}
{"timestamp":"2026-05-08T17:38:23.865107Z","level":"info","event":"       id=4 → {'id': '4', 'name': 'Frank', 'age': '59', 'department': 'Finance', 'salary': '115727.7', 'working_hours': '41.5'}","logger":"task.stdout"}
{"timestamp":"2026-05-08T17:38:23.867238Z","level":"info","event":"       id=5 → {'id': '5', 'name': 'Hank', 'age': '52', 'department': 'Finance', 'salary': '90251.28', 'working_hours': '30.8'}","logger":"task.stdout"}
{"timestamp":"2026-05-08T17:38:23.868841Z","level":"info","event":"       id=6 → {'id': '6', 'name': 'Eve', 'age': '49', 'department': 'HR', 'salary': '36054.89', 'working_hours': '30.6'}","logger":"task.stdout"}
{"timestamp":"2026-05-08T17:38:23.873792Z","level":"info","event":"       id=7 → {'id': '7', 'name': 'Charlie', 'age': '37', 'department': 'Sales', 'salary': '74760.83', 'working_hours': '42.8'}","logger":"task.stdout"}
{"timestamp":"2026-05-08T17:38:23.874929Z","level":"info","event":"       id=8 → {'id': '8', 'name': 'Jack', 'age': '44', 'department': 'Marketing', 'salary': '105134.09', 'working_hours': '42.0'}","logger":"task.stdout"}
{"timestamp":"2026-05-08T17:38:23.879614Z","level":"info","event":"       id=9 → {'id': '9', 'name': 'Ivy', 'age': '59', 'department': 'Engineering', 'salary': '108813.78', 'working_hours': '35.1'}","logger":"task.stdout"}
{"timestamp":"2026-05-08T17:38:23.884500Z","level":"info","event":"[INFO] result.csv mil gayi — upsert karte hain.","logger":"task.stdout"}
{"timestamp":"2026-05-08T17:38:23.885118Z","level":"info","event":"[INFO] Existing result.csv mein 20 rows hain.","logger":"task.stdout"}
{"timestamp":"2026-05-08T17:38:23.886502Z","level":"info","event":"       UPDATE  id=1","logger":"task.stdout"}
{"timestamp":"2026-05-08T17:38:23.887183Z","level":"info","event":"       UPDATE  id=2","logger":"task.stdout"}
{"timestamp":"2026-05-08T17:38:23.887763Z","level":"info","event":"       UPDATE  id=3","logger":"task.stdout"}
{"timestamp":"2026-05-08T17:38:23.888583Z","level":"info","event":"       UPDATE  id=4","logger":"task.stdout"}
{"timestamp":"2026-05-08T17:38:23.890156Z","level":"info","event":"       UPDATE  id=5","logger":"task.stdout"}
{"timestamp":"2026-05-08T17:38:23.892063Z","level":"info","event":"       UPDATE  id=6","logger":"task.stdout"}
{"timestamp":"2026-05-08T17:38:23.892736Z","level":"info","event":"       UPDATE  id=7","logger":"task.stdout"}
{"timestamp":"2026-05-08T17:38:23.894914Z","level":"info","event":"       UPDATE  id=8","logger":"task.stdout"}
{"timestamp":"2026-05-08T17:38:23.895596Z","level":"info","event":"       UPDATE  id=9","logger":"task.stdout"}
{"timestamp":"2026-05-08T17:38:23.896092Z","level":"info","event":"[INFO] result.csv updated — total 20 rows.","logger":"task.stdout"}
{"timestamp":"2026-05-08T17:38:23.866869Z","level":"info","event":"Done. Returned value was: None","logger":"airflow.task.operators.airflow.providers.standard.operators.python.PythonOperator","filename":"python.py","lineno":229}
{"timestamp":"2026-05-08T17:38:23.958597Z","level":"info","event":"Task instance in success state","logger":"task.stdout"}
{"timestamp":"2026-05-08T17:38:23.959419Z","level":"info","event":" Previous state of the Task instance: TaskInstanceState.RUNNING","logger":"task.stdout"}
{"timestamp":"2026-05-08T17:38:23.962086Z","level":"info","event":"Task operator:<Task(PythonOperator): process_partition>","logger":"task.stdout"}
{"timestamp":"2026-05-11T16:47:28.345691Z","level":"info","event":"DAG bundles loaded: dags-folder, example_dags","logger":"airflow.dag_processing.bundles.manager.DagBundlesManager","filename":"manager.py","lineno":209}
{"timestamp":"2026-05-11T16:47:28.347490Z","level":"info","event":"Filling up the DagBag from /opt/airflow/dags/__pycache__/csv_upsert_pipeline.py","logger":"airflow.dag_processing.dagbag.BundleDagBag","filename":"dagbag.py","lineno":469}
{"timestamp":"2026-05-11T16:47:28.359309Z","level":"warning","event":"airflow.exceptions.AirflowSkipException is deprecated and will be removed in a future version. Use airflow.sdk.exceptions.AirflowSkipException instead.","category":"UserWarning","filename":"/opt/airflow/dags/__pycache__/csv_upsert_pipeline.py","lineno":7,"logger":"py.warnings"}
{"timestamp":"2026-05-11T16:47:28.770191Z","level":"info","event":"Task instance is in running state","logger":"task.stdout"}
{"timestamp":"2026-05-11T16:47:28.773638Z","level":"info","event":" Previous state of the Task instance: TaskInstanceState.QUEUED","logger":"task.stdout"}
{"timestamp":"2026-05-11T16:47:28.776161Z","level":"info","event":"Current task name:process_partition","logger":"task.stdout"}
{"timestamp":"2026-05-11T16:47:28.779034Z","level":"info","event":"Dag name:csv_upsert_pipeline","logger":"task.stdout"}
{"timestamp":"2026-05-11T16:47:28.787079Z","level":"info","event":"[INFO] data_interval_start : 2026-05-05 10:00:00+00:00","logger":"task.stdout"}
{"timestamp":"2026-05-11T16:47:28.787876Z","level":"info","event":"[INFO] data_interval_end   : 2026-05-05 10:00:00+00:00","logger":"task.stdout"}
{"timestamp":"2026-05-11T16:47:28.788411Z","level":"info","event":"[INFO] Processing partition: /data/time_stamp=2026-05-05-10","logger":"task.stdout"}
{"timestamp":"2026-05-11T16:47:28.792019Z","level":"info","event":"[INFO] Sorted files: ['data_1.csv']","logger":"task.stdout"}
{"timestamp":"2026-05-11T16:47:28.795217Z","level":"info","event":"[INFO] Read data_1.csv  (index=1)","logger":"task.stdout"}
{"timestamp":"2026-05-11T16:47:28.796211Z","level":"info","event":"[INFO] Resolved 9 unique IDs for this run:","logger":"task.stdout"}
{"timestamp":"2026-05-11T16:47:28.797025Z","level":"info","event":"       id=1 → {'id': '1', 'name': 'Ivy', 'age': '34', 'department': 'Sales', 'salary': '34152.37', 'working_hours': '39.3'}","logger":"task.stdout"}
{"timestamp":"2026-05-11T16:47:28.798658Z","level":"info","event":"       id=2 → {'id': '2', 'name': 'Ivy', 'age': '27', 'department': 'Finance', 'salary': '44953.83', 'working_hours': '28.9'}","logger":"task.stdout"}
{"timestamp":"2026-05-11T16:47:28.801941Z","level":"info","event":"       id=3 → {'id': '3', 'name': 'Hank', 'age': '23', 'department': 'Marketing', 'salary': '61940.2', 'working_hours': '38.3'}","logger":"task.stdout"}
{"timestamp":"2026-05-11T16:47:28.810899Z","level":"info","event":"       id=4 → {'id': '4', 'name': 'Frank', 'age': '59', 'department': 'Finance', 'salary': '115727.7', 'working_hours': '41.5'}","logger":"task.stdout"}
{"timestamp":"2026-05-11T16:47:28.818532Z","level":"info","event":"       id=5 → {'id': '5', 'name': 'Hank', 'age': '52', 'department': 'Finance', 'salary': '90251.28', 'working_hours': '30.8'}","logger":"task.stdout"}
{"timestamp":"2026-05-11T16:47:28.820323Z","level":"info","event":"       id=6 → {'id': '6', 'name': 'Eve', 'age': '49', 'department': 'HR', 'salary': '36054.89', 'working_hours': '30.6'}","logger":"task.stdout"}
{"timestamp":"2026-05-11T16:47:28.820832Z","level":"info","event":"       id=7 → {'id': '7', 'name': 'Charlie', 'age': '37', 'department': 'Sales', 'salary': '74760.83', 'working_hours': '42.8'}","logger":"task.stdout"}
{"timestamp":"2026-05-11T16:47:28.821337Z","level":"info","event":"       id=8 → {'id': '8', 'name': 'Jack', 'age': '44', 'department': 'Marketing', 'salary': '105134.09', 'working_hours': '42.0'}","logger":"task.stdout"}
{"timestamp":"2026-05-11T16:47:28.821774Z","level":"info","event":"       id=9 → {'id': '9', 'name': 'Ivy', 'age': '59', 'department': 'Engineering', 'salary': '108813.78', 'working_hours': '35.1'}","logger":"task.stdout"}
{"timestamp":"2026-05-11T16:47:28.822321Z","level":"info","event":"[INFO] result.csv found — upsert.","logger":"task.stdout"}
{"timestamp":"2026-05-11T16:47:28.822696Z","level":"info","event":"[INFO] In existing result.csv 20 rows.","logger":"task.stdout"}
{"timestamp":"2026-05-11T16:47:28.829819Z","level":"info","event":"       UPDATE  id=1","logger":"task.stdout"}
{"timestamp":"2026-05-11T16:47:28.832939Z","level":"info","event":"       UPDATE  id=2","logger":"task.stdout"}
{"timestamp":"2026-05-11T16:47:28.834499Z","level":"info","event":"       UPDATE  id=3","logger":"task.stdout"}
{"timestamp":"2026-05-11T16:47:28.836218Z","level":"info","event":"       UPDATE  id=4","logger":"task.stdout"}
{"timestamp":"2026-05-11T16:47:28.838171Z","level":"info","event":"       UPDATE  id=5","logger":"task.stdout"}
{"timestamp":"2026-05-11T16:47:28.840264Z","level":"info","event":"       UPDATE  id=6","logger":"task.stdout"}
{"timestamp":"2026-05-11T16:47:28.841349Z","level":"info","event":"       UPDATE  id=7","logger":"task.stdout"}
{"timestamp":"2026-05-11T16:47:28.846170Z","level":"info","event":"       UPDATE  id=8","logger":"task.stdout"}
{"timestamp":"2026-05-11T16:47:28.846669Z","level":"info","event":"       UPDATE  id=9","logger":"task.stdout"}
{"timestamp":"2026-05-11T16:47:28.850079Z","level":"info","event":"[INFO] result.csv updated — total 20 rows.","logger":"task.stdout"}
{"timestamp":"2026-05-11T16:47:28.819261Z","level":"info","event":"Done. Returned value was: None","logger":"airflow.task.operators.airflow.providers.standard.operators.python.PythonOperator","filename":"python.py","lineno":229}
{"timestamp":"2026-05-11T16:47:28.943436Z","level":"info","event":"Task instance in success state","logger":"task.stdout"}
{"timestamp":"2026-05-11T16:47:28.944597Z","level":"info","event":" Previous state of the Task instance: TaskInstanceState.RUNNING","logger":"task.stdout"}
{"timestamp":"2026-05-11T16:47:28.946214Z","level":"info","event":"Task operator:<Task(PythonOperator): process_partition>","logger":"task.stdout"}
{"timestamp":"2026-05-11T17:18:12.016610Z","level":"info","event":"DAG bundles loaded: dags-folder, example_dags","logger":"airflow.dag_processing.bundles.manager.DagBundlesManager","filename":"manager.py","lineno":209}
{"timestamp":"2026-05-11T17:18:12.019934Z","level":"info","event":"Filling up the DagBag from /opt/airflow/dags/__pycache__/csv_upsert_pipeline.py","logger":"airflow.dag_processing.dagbag.BundleDagBag","filename":"dagbag.py","lineno":469}
{"timestamp":"2026-05-11T17:18:12.059008Z","level":"warning","event":"airflow.exceptions.AirflowSkipException is deprecated and will be removed in a future version. Use airflow.sdk.exceptions.AirflowSkipException instead.","category":"UserWarning","filename":"/opt/airflow/dags/__pycache__/csv_upsert_pipeline.py","lineno":7,"logger":"py.warnings"}
{"timestamp":"2026-05-11T17:18:12.236402Z","level":"info","event":"Task instance is in running state","logger":"task.stdout"}
{"timestamp":"2026-05-11T17:18:12.239287Z","level":"info","event":" Previous state of the Task instance: TaskInstanceState.QUEUED","logger":"task.stdout"}
{"timestamp":"2026-05-11T17:18:12.239868Z","level":"info","event":"Current task name:process_partition","logger":"task.stdout"}
{"timestamp":"2026-05-11T17:18:12.242623Z","level":"info","event":"Dag name:csv_upsert_pipeline","logger":"task.stdout"}
{"timestamp":"2026-05-11T17:18:12.243385Z","level":"info","event":"[INFO] data_interval_start : 2026-05-05 10:00:00+00:00","logger":"task.stdout"}
{"timestamp":"2026-05-11T17:18:12.243819Z","level":"info","event":"[INFO] data_interval_end   : 2026-05-05 10:00:00+00:00","logger":"task.stdout"}
{"timestamp":"2026-05-11T17:18:12.245585Z","level":"info","event":"[INFO] Processing partition: /data/time_stamp=2026-05-05-10","logger":"task.stdout"}
{"timestamp":"2026-05-11T17:18:12.247416Z","level":"info","event":"[INFO] Sorted files: ['data_1.csv']","logger":"task.stdout"}
{"timestamp":"2026-05-11T17:18:12.250155Z","level":"info","event":"[INFO] Read data_1.csv  (index=1)","logger":"task.stdout"}
{"timestamp":"2026-05-11T17:18:12.253583Z","level":"info","event":"[INFO] Resolved 9 unique IDs for this run:","logger":"task.stdout"}
{"timestamp":"2026-05-11T17:18:12.256422Z","level":"info","event":"       id=1 → {'id': '1', 'name': 'Ivy', 'age': '34', 'department': 'Sales', 'salary': '34152.37', 'working_hours': '39.3'}","logger":"task.stdout"}
{"timestamp":"2026-05-11T17:18:12.257172Z","level":"info","event":"       id=2 → {'id': '2', 'name': 'Ivy', 'age': '27', 'department': 'Finance', 'salary': '44953.83', 'working_hours': '28.9'}","logger":"task.stdout"}
{"timestamp":"2026-05-11T17:18:12.259274Z","level":"info","event":"       id=3 → {'id': '3', 'name': 'Hank', 'age': '23', 'department': 'Marketing', 'salary': '61940.2', 'working_hours': '38.3'}","logger":"task.stdout"}
{"timestamp":"2026-05-11T17:18:12.260735Z","level":"info","event":"       id=4 → {'id': '4', 'name': 'Frank', 'age': '59', 'department': 'Finance', 'salary': '115727.7', 'working_hours': '41.5'}","logger":"task.stdout"}
{"timestamp":"2026-05-11T17:18:12.265271Z","level":"info","event":"       id=5 → {'id': '5', 'name': 'Hank', 'age': '52', 'department': 'Finance', 'salary': '90251.28', 'working_hours': '30.8'}","logger":"task.stdout"}
{"timestamp":"2026-05-11T17:18:12.270252Z","level":"info","event":"       id=6 → {'id': '6', 'name': 'Eve', 'age': '49', 'department': 'HR', 'salary': '36054.89', 'working_hours': '30.6'}","logger":"task.stdout"}
{"timestamp":"2026-05-11T17:18:12.272219Z","level":"info","event":"       id=7 → {'id': '7', 'name': 'Charlie', 'age': '37', 'department': 'Sales', 'salary': '74760.83', 'working_hours': '42.8'}","logger":"task.stdout"}
{"timestamp":"2026-05-11T17:18:12.276235Z","level":"info","event":"       id=8 → {'id': '8', 'name': 'Jack', 'age': '44', 'department': 'Marketing', 'salary': '105134.09', 'working_hours': '42.0'}","logger":"task.stdout"}
{"timestamp":"2026-05-11T17:18:12.278573Z","level":"info","event":"       id=9 → {'id': '9', 'name': 'Ivy', 'age': '59', 'department': 'Engineering', 'salary': '108813.78', 'working_hours': '35.1'}","logger":"task.stdout"}
{"timestamp":"2026-05-11T17:18:12.285226Z","level":"info","event":"[INFO] result.csv found — upsert.","logger":"task.stdout"}
{"timestamp":"2026-05-11T17:18:12.290070Z","level":"info","event":"[INFO] In existing result.csv 20 rows.","logger":"task.stdout"}
{"timestamp":"2026-05-11T17:18:12.290602Z","level":"info","event":"       UPDATE  id=1","logger":"task.stdout"}
{"timestamp":"2026-05-11T17:18:12.292474Z","level":"info","event":"       UPDATE  id=2","logger":"task.stdout"}
{"timestamp":"2026-05-11T17:18:12.295969Z","level":"info","event":"       UPDATE  id=3","logger":"task.stdout"}
{"timestamp":"2026-05-11T17:18:12.301117Z","level":"info","event":"       UPDATE  id=4","logger":"task.stdout"}
{"timestamp":"2026-05-11T17:18:12.304166Z","level":"info","event":"       UPDATE  id=5","logger":"task.stdout"}
{"timestamp":"2026-05-11T17:18:12.308226Z","level":"info","event":"       UPDATE  id=6","logger":"task.stdout"}
{"timestamp":"2026-05-11T17:18:12.310229Z","level":"info","event":"       UPDATE  id=7","logger":"task.stdout"}
{"timestamp":"2026-05-11T17:18:12.314010Z","level":"info","event":"       UPDATE  id=8","logger":"task.stdout"}
{"timestamp":"2026-05-11T17:18:12.314585Z","level":"info","event":"       UPDATE  id=9","logger":"task.stdout"}
{"timestamp":"2026-05-11T17:18:12.321098Z","level":"info","event":"[INFO] result.csv updated — total 20 rows.","logger":"task.stdout"}
{"timestamp":"2026-05-11T17:18:12.254570Z","level":"info","event":"Done. Returned value was: None","logger":"airflow.task.operators.airflow.providers.standard.operators.python.PythonOperator","filename":"python.py","lineno":229}
{"timestamp":"2026-05-11T17:18:12.587732Z","level":"info","event":"Task instance in success state","logger":"task.stdout"}
{"timestamp":"2026-05-11T17:18:12.589690Z","level":"info","event":" Previous state of the Task instance: TaskInstanceState.RUNNING","logger":"task.stdout"}
{"timestamp":"2026-05-11T17:18:12.590384Z","level":"info","event":"Task operator:<Task(PythonOperator): process_partition>","logger":"task.stdout"}
