{"timestamp":"2026-05-05T10:29:54.127239Z","level":"info","event":"DAG bundles loaded: dags-folder, example_dags","logger":"airflow.dag_processing.bundles.manager.DagBundlesManager","filename":"manager.py","lineno":209}
{"timestamp":"2026-05-05T10:29:54.130215Z","level":"info","event":"Filling up the DagBag from /opt/airflow/dags/print_interval_dag.py","logger":"airflow.dag_processing.dagbag.BundleDagBag","filename":"dagbag.py","lineno":469}
{"timestamp":"2026-05-05T10:29:54.157102Z","level":"warning","event":"The `airflow.operators.python.PythonOperator` attribute is deprecated. Please use `'airflow.providers.standard.operators.python.PythonOperator'`.","category":"UserWarning","filename":"/opt/airflow/dags/print_interval_dag.py","lineno":2,"logger":"py.warnings"}
{"timestamp":"2026-05-05T10:29:54.222941Z","level":"info","event":"Task instance is in running state","logger":"task.stdout"}
{"timestamp":"2026-05-05T10:29:54.224692Z","level":"info","event":" Previous state of the Task instance: TaskInstanceState.QUEUED","logger":"task.stdout"}
{"timestamp":"2026-05-05T10:29:54.225600Z","level":"info","event":"Current task name:print_interval","logger":"task.stdout"}
{"timestamp":"2026-05-05T10:29:54.226960Z","level":"info","event":"Dag name:print_interval_dag","logger":"task.stdout"}
{"timestamp":"2026-05-05T10:29:54.228300Z","level":"info","event":"Interval Start: 2025-05-10 06:00:00+00:00","logger":"task.stdout"}
{"timestamp":"2026-05-05T10:29:54.230689Z","level":"info","event":"Interval End:   2025-05-10 06:00:00+00:00","logger":"task.stdout"}
{"timestamp":"2026-05-05T10:29:54.227674Z","level":"info","event":"Done. Returned value was: None","logger":"airflow.task.operators.airflow.providers.standard.operators.python.PythonOperator","filename":"python.py","lineno":229}
{"timestamp":"2026-05-05T10:29:54.271588Z","level":"info","event":"Task instance in success state","logger":"task.stdout"}
{"timestamp":"2026-05-05T10:29:54.272385Z","level":"info","event":" Previous state of the Task instance: TaskInstanceState.RUNNING","logger":"task.stdout"}
{"timestamp":"2026-05-05T10:29:54.273114Z","level":"info","event":"Task operator:<Task(PythonOperator): print_interval>","logger":"task.stdout"}
{"timestamp":"2026-05-05T12:25:42.749191Z","level":"info","event":"DAG bundles loaded: dags-folder, example_dags","logger":"airflow.dag_processing.bundles.manager.DagBundlesManager","filename":"manager.py","lineno":209}
{"timestamp":"2026-05-05T12:25:42.751372Z","level":"info","event":"Filling up the DagBag from /opt/airflow/dags/print_interval_dag.py","logger":"airflow.dag_processing.dagbag.BundleDagBag","filename":"dagbag.py","lineno":469}
{"timestamp":"2026-05-05T12:25:42.817022Z","level":"info","event":"Task instance is in running state","logger":"task.stdout"}
{"timestamp":"2026-05-05T12:25:42.819582Z","level":"info","event":" Previous state of the Task instance: TaskInstanceState.QUEUED","logger":"task.stdout"}
{"timestamp":"2026-05-05T12:25:42.821274Z","level":"info","event":"Current task name:print_interval","logger":"task.stdout"}
{"timestamp":"2026-05-05T12:25:42.821774Z","level":"info","event":"Dag name:print_interval_dag","logger":"task.stdout"}
{"timestamp":"2026-05-05T12:25:42.823962Z","level":"info","event":"=== ALL AVAILABLE MACROS ===","logger":"task.stdout"}
{"timestamp":"2026-05-05T12:25:42.824741Z","level":"info","event":"dag: <DAG: print_interval_dag>","logger":"task.stdout"}
{"timestamp":"2026-05-05T12:25:42.825324Z","level":"info","event":"inlets: []","logger":"task.stdout"}
{"timestamp":"2026-05-05T12:25:42.826715Z","level":"info","event":"map_index_template: None","logger":"task.stdout"}
{"timestamp":"2026-05-05T12:25:42.827179Z","level":"info","event":"outlets: []","logger":"task.stdout"}
{"timestamp":"2026-05-05T12:25:42.827640Z","level":"info","event":"run_id: scheduled__2025-05-10T06:00:00+00:00","logger":"task.stdout"}
{"timestamp":"2026-05-05T12:25:42.829875Z","level":"info","event":"task: <Task(PythonOperator): print_interval>","logger":"task.stdout"}
{"timestamp":"2026-05-05T12:25:42.830529Z","level":"info","event":"task_instance: id=UUID('019df819-ec81-7d24-ba11-5ddacf827051') task_id='print_interval' dag_id='print_interval_dag' run_id='scheduled__2025-05-10T06:00:00+00:00' try_number=1 dag_version_id=UUID('019df815-a045-750b-bac8-47ced7cc6a45') map_index=-1 hostname='86abe326db93' context_carrier={'traceparent': '00-b0a2b6bda16a298d91376ac1a185d5a2-a9aa5afa0d08a764-01'} task=<Task(PythonOperator): print_interval> bundle_instance=LocalDagBundle(name=dags-folder) max_tries=0 start_date=datetime.datetime(2026, 5, 5, 12, 25, 42, 76951, tzinfo=datetime.timezone.utc) end_date=None state=<TaskInstanceState.RUNNING: 'running'> is_mapped=False rendered_map_index=None sentry_integration=''","logger":"task.stdout"}
{"timestamp":"2026-05-05T12:25:42.833904Z","level":"info","event":"ti: id=UUID('019df819-ec81-7d24-ba11-5ddacf827051') task_id='print_interval' dag_id='print_interval_dag' run_id='scheduled__2025-05-10T06:00:00+00:00' try_number=1 dag_version_id=UUID('019df815-a045-750b-bac8-47ced7cc6a45') map_index=-1 hostname='86abe326db93' context_carrier={'traceparent': '00-b0a2b6bda16a298d91376ac1a185d5a2-a9aa5afa0d08a764-01'} task=<Task(PythonOperator): print_interval> bundle_instance=LocalDagBundle(name=dags-folder) max_tries=0 start_date=datetime.datetime(2026, 5, 5, 12, 25, 42, 76951, tzinfo=datetime.timezone.utc) end_date=None state=<TaskInstanceState.RUNNING: 'running'> is_mapped=False rendered_map_index=None sentry_integration=''","logger":"task.stdout"}
{"timestamp":"2026-05-05T12:25:42.834737Z","level":"info","event":"outlet_events: OutletEventAccessors(_dict={})","logger":"task.stdout"}
{"timestamp":"2026-05-05T12:25:42.835208Z","level":"info","event":"inlet_events: InletEventsAccessors(_inlets=[], _assets={}, _asset_aliases={})","logger":"task.stdout"}
{"timestamp":"2026-05-05T12:25:42.835611Z","level":"info","event":"macros: <MacrosAccessor (dynamic access to macros)>","logger":"task.stdout"}
{"timestamp":"2026-05-05T12:25:42.838194Z","level":"info","event":"params: {}","logger":"task.stdout"}
{"timestamp":"2026-05-05T12:25:42.839669Z","level":"info","event":"var: {'json': <VariableAccessor (dynamic access)>, 'value': <VariableAccessor (dynamic access)>}","logger":"task.stdout"}
{"timestamp":"2026-05-05T12:25:42.840599Z","level":"info","event":"conn: <ConnectionAccessor (dynamic access)>","logger":"task.stdout"}
{"timestamp":"2026-05-05T12:25:42.841246Z","level":"info","event":"dag_run: dag_id='print_interval_dag' run_id='scheduled__2025-05-10T06:00:00+00:00' logical_date=datetime.datetime(2025, 5, 10, 6, 0, tzinfo=datetime.timezone.utc) data_interval_start=datetime.datetime(2025, 5, 10, 6, 0, tzinfo=datetime.timezone.utc) data_interval_end=datetime.datetime(2025, 5, 10, 6, 0, tzinfo=datetime.timezone.utc) run_after=datetime.datetime(2025, 5, 10, 6, 0, tzinfo=datetime.timezone.utc) start_date=datetime.datetime(2026, 5, 5, 12, 25, 41, 784895, tzinfo=datetime.timezone.utc) end_date=None clear_number=0 run_type=<DagRunType.SCHEDULED: 'scheduled'> state=<DagRunState.RUNNING: 'running'> conf={} triggering_user_name=None consumed_asset_events=[] partition_key=None note=None","logger":"task.stdout"}
{"timestamp":"2026-05-05T12:25:42.841843Z","level":"info","event":"triggering_asset_events: TriggeringAssetEventAccessor(_events=defaultdict(<class 'list'>, {}))","logger":"task.stdout"}
{"timestamp":"2026-05-05T12:25:42.843379Z","level":"info","event":"task_instance_key_str: print_interval_dag__print_interval__20250510","logger":"task.stdout"}
{"timestamp":"2026-05-05T12:25:42.843973Z","level":"info","event":"task_reschedule_count: 0","logger":"task.stdout"}
{"timestamp":"2026-05-05T12:25:42.865345Z","level":"info","event":"prev_start_date_success: 2026-05-05 12:25:40.983808+00:00","logger":"task.stdout"}
{"timestamp":"2026-05-05T12:25:42.868790Z","level":"info","event":"prev_end_date_success: 2026-05-05 12:25:42.575167+00:00","logger":"task.stdout"}
{"timestamp":"2026-05-05T12:25:42.870442Z","level":"info","event":"logical_date: 2025-05-10 06:00:00+00:00","logger":"task.stdout"}
{"timestamp":"2026-05-05T12:25:42.871167Z","level":"info","event":"ds: 2025-05-10","logger":"task.stdout"}
{"timestamp":"2026-05-05T12:25:42.873312Z","level":"info","event":"ds_nodash: 20250510","logger":"task.stdout"}
{"timestamp":"2026-05-05T12:25:42.876146Z","level":"info","event":"ts: 2025-05-10T06:00:00+00:00","logger":"task.stdout"}
{"timestamp":"2026-05-05T12:25:42.876714Z","level":"info","event":"ts_nodash: 20250510T060000","logger":"task.stdout"}
{"timestamp":"2026-05-05T12:25:42.880180Z","level":"info","event":"ts_nodash_with_tz: 20250510T060000+0000","logger":"task.stdout"}
{"timestamp":"2026-05-05T12:25:42.880944Z","level":"info","event":"data_interval_end: 2025-05-10 06:00:00+00:00","logger":"task.stdout"}
{"timestamp":"2026-05-05T12:25:42.882179Z","level":"info","event":"data_interval_start: 2025-05-10 06:00:00+00:00","logger":"task.stdout"}
{"timestamp":"2026-05-05T12:25:42.882850Z","level":"info","event":"prev_data_interval_start_success: 2025-05-10 00:00:00+00:00","logger":"task.stdout"}
{"timestamp":"2026-05-05T12:25:42.883282Z","level":"info","event":"prev_data_interval_end_success: 2025-05-10 00:00:00+00:00","logger":"task.stdout"}
{"timestamp":"2026-05-05T12:25:42.883656Z","level":"info","event":"templates_dict: None","logger":"task.stdout"}
{"timestamp":"2026-05-05T12:25:42.865562Z","level":"info","event":"Done. Returned value was: None","logger":"airflow.task.operators.airflow.providers.standard.operators.python.PythonOperator","filename":"python.py","lineno":229}
{"timestamp":"2026-05-05T12:25:42.957760Z","level":"info","event":"Task instance in success state","logger":"task.stdout"}
{"timestamp":"2026-05-05T12:25:42.961634Z","level":"info","event":" Previous state of the Task instance: TaskInstanceState.RUNNING","logger":"task.stdout"}
{"timestamp":"2026-05-05T12:25:42.962399Z","level":"info","event":"Task operator:<Task(PythonOperator): print_interval>","logger":"task.stdout"}
