{"timestamp":"2026-05-11T17:10:22.348350Z","level":"info","event":"DAG bundles loaded: dags-folder, example_dags","logger":"airflow.dag_processing.bundles.manager.DagBundlesManager","filename":"manager.py","lineno":209}
{"timestamp":"2026-05-11T17:10:22.350338Z","level":"info","event":"Filling up the DagBag from /opt/airflow/dags/__pycache__/csv_upsert_pipeline.py","logger":"airflow.dag_processing.dagbag.BundleDagBag","filename":"dagbag.py","lineno":469}
{"timestamp":"2026-05-11T17:10:22.361822Z","level":"warning","event":"airflow.exceptions.AirflowSkipException is deprecated and will be removed in a future version. Use airflow.sdk.exceptions.AirflowSkipException instead.","category":"UserWarning","filename":"/opt/airflow/dags/__pycache__/csv_upsert_pipeline.py","lineno":7,"logger":"py.warnings"}
{"timestamp":"2026-05-11T17:10:22.594100Z","level":"info","event":"Task instance is in running state","logger":"task.stdout"}
{"timestamp":"2026-05-11T17:10:22.601607Z","level":"info","event":" Previous state of the Task instance: TaskInstanceState.QUEUED","logger":"task.stdout"}
{"timestamp":"2026-05-11T17:10:22.609477Z","level":"info","event":"Current task name:process_partition","logger":"task.stdout"}
{"timestamp":"2026-05-11T17:10:22.609992Z","level":"info","event":"Dag name:csv_upsert_pipeline","logger":"task.stdout"}
{"timestamp":"2026-05-11T17:10:22.613145Z","level":"info","event":"[INFO] data_interval_start : 2026-05-06 07:00:00+00:00","logger":"task.stdout"}
{"timestamp":"2026-05-11T17:10:22.613962Z","level":"info","event":"[INFO] data_interval_end   : 2026-05-06 07:00:00+00:00","logger":"task.stdout"}
{"timestamp":"2026-05-11T17:10:22.614736Z","level":"info","event":"[INFO] Processing partition: /data/time_stamp=2026-05-06-07","logger":"task.stdout"}
{"timestamp":"2026-05-11T17:10:22.615168Z","level":"info","event":"[INFO] Sorted files: ['data_1.csv', 'data_2.csv', 'data_3.csv', 'data_4.csv', 'data_5.csv']","logger":"task.stdout"}
{"timestamp":"2026-05-11T17:10:22.616052Z","level":"info","event":"[INFO] Read data_1.csv  (index=1)","logger":"task.stdout"}
{"timestamp":"2026-05-11T17:10:22.618338Z","level":"info","event":"[INFO] Read data_2.csv  (index=2)","logger":"task.stdout"}
{"timestamp":"2026-05-11T17:10:22.622649Z","level":"info","event":"[INFO] Read data_3.csv  (index=3)","logger":"task.stdout"}
{"timestamp":"2026-05-11T17:10:22.625110Z","level":"info","event":"[INFO] Read data_4.csv  (index=4)","logger":"task.stdout"}
{"timestamp":"2026-05-11T17:10:22.628156Z","level":"info","event":"[INFO] Read data_5.csv  (index=5)","logger":"task.stdout"}
{"timestamp":"2026-05-11T17:10:22.629000Z","level":"info","event":"[INFO] Resolved 18 unique IDs for this run:","logger":"task.stdout"}
{"timestamp":"2026-05-11T17:10:22.629929Z","level":"info","event":"       id=1 → {'id': '1', 'name': 'Jack', 'age': '36', 'department': 'Sales', 'salary': '33549.42', 'working_hours': '56.7'}","logger":"task.stdout"}
{"timestamp":"2026-05-11T17:10:22.630834Z","level":"info","event":"       id=2 → {'id': '2', 'name': 'Charlie', 'age': '50', 'department': 'Operations', 'salary': '50986.09', 'working_hours': '51.8'}","logger":"task.stdout"}
{"timestamp":"2026-05-11T17:10:22.632106Z","level":"info","event":"       id=3 → {'id': '3', 'name': 'Grace', 'age': '59', 'department': 'Marketing', 'salary': '84741.2', 'working_hours': '30.7'}","logger":"task.stdout"}
{"timestamp":"2026-05-11T17:10:22.633014Z","level":"info","event":"       id=4 → {'id': '4', 'name': 'Frank', 'age': '40', 'department': 'Operations', 'salary': '63985.42', 'working_hours': '39.8'}","logger":"task.stdout"}
{"timestamp":"2026-05-11T17:10:22.634102Z","level":"info","event":"       id=5 → {'id': '5', 'name': 'Frank', 'age': '38', 'department': 'Sales', 'salary': '30056.4', 'working_hours': '21.7'}","logger":"task.stdout"}
{"timestamp":"2026-05-11T17:10:22.634974Z","level":"info","event":"       id=6 → {'id': '6', 'name': 'Frank', 'age': '42', 'department': 'Finance', 'salary': '86632.51', 'working_hours': '59.5'}","logger":"task.stdout"}
{"timestamp":"2026-05-11T17:10:22.636419Z","level":"info","event":"       id=7 → {'id': '7', 'name': 'Alice', 'age': '60', 'department': 'Finance', 'salary': '34363.64', 'working_hours': '21.6'}","logger":"task.stdout"}
{"timestamp":"2026-05-11T17:10:22.637468Z","level":"info","event":"       id=8 → {'id': '8', 'name': 'Charlie', 'age': '51', 'department': 'Marketing', 'salary': '53645.04', 'working_hours': '56.2'}","logger":"task.stdout"}
{"timestamp":"2026-05-11T17:10:22.637882Z","level":"info","event":"       id=9 → {'id': '9', 'name': 'Hank', 'age': '50', 'department': 'HR', 'salary': '75969.9', 'working_hours': '39.7'}","logger":"task.stdout"}
{"timestamp":"2026-05-11T17:10:22.638461Z","level":"info","event":"       id=10 → {'id': '10', 'name': 'Diana', 'age': '51', 'department': 'Marketing', 'salary': '61024.95', 'working_hours': '26.3'}","logger":"task.stdout"}
{"timestamp":"2026-05-11T17:10:22.638852Z","level":"info","event":"       id=11 → {'id': '11', 'name': 'Frank', 'age': '39', 'department': 'Engineering', 'salary': '46914.06', 'working_hours': '49.5'}","logger":"task.stdout"}
{"timestamp":"2026-05-11T17:10:22.639324Z","level":"info","event":"       id=12 → {'id': '12', 'name': 'Eve', 'age': '48', 'department': 'HR', 'salary': '108629.2', 'working_hours': '49.4'}","logger":"task.stdout"}
{"timestamp":"2026-05-11T17:10:22.639723Z","level":"info","event":"       id=13 → {'id': '13', 'name': 'Grace', 'age': '25', 'department': 'Operations', 'salary': '63750.81', 'working_hours': '34.4'}","logger":"task.stdout"}
{"timestamp":"2026-05-11T17:10:22.640202Z","level":"info","event":"       id=14 → {'id': '14', 'name': 'Ivy', 'age': '36', 'department': 'Sales', 'salary': '80505.57', 'working_hours': '42.0'}","logger":"task.stdout"}
{"timestamp":"2026-05-11T17:10:22.640558Z","level":"info","event":"       id=15 → {'id': '15', 'name': 'Jack', 'age': '50', 'department': 'Finance', 'salary': '46626.94', 'working_hours': '51.2'}","logger":"task.stdout"}
{"timestamp":"2026-05-11T17:10:22.640876Z","level":"info","event":"       id=16 → {'id': '16', 'name': 'Grace', 'age': '48', 'department': 'Marketing', 'salary': '63257.7', 'working_hours': '34.4'}","logger":"task.stdout"}
{"timestamp":"2026-05-11T17:10:22.641298Z","level":"info","event":"       id=17 → {'id': '17', 'name': 'Grace', 'age': '45', 'department': 'Finance', 'salary': '95467.88', 'working_hours': '37.5'}","logger":"task.stdout"}
{"timestamp":"2026-05-11T17:10:22.641632Z","level":"info","event":"       id=18 → {'id': '18', 'name': 'Diana', 'age': '52', 'department': 'Sales', 'salary': '30872.19', 'working_hours': '55.9'}","logger":"task.stdout"}
{"timestamp":"2026-05-11T17:10:22.642230Z","level":"info","event":"[INFO] result.csv found — upsert.","logger":"task.stdout"}
{"timestamp":"2026-05-11T17:10:22.642582Z","level":"info","event":"[INFO] In existing result.csv 20 rows.","logger":"task.stdout"}
{"timestamp":"2026-05-11T17:10:22.642940Z","level":"info","event":"       UPDATE  id=1","logger":"task.stdout"}
{"timestamp":"2026-05-11T17:10:22.643695Z","level":"info","event":"       UPDATE  id=2","logger":"task.stdout"}
{"timestamp":"2026-05-11T17:10:22.644200Z","level":"info","event":"       UPDATE  id=3","logger":"task.stdout"}
{"timestamp":"2026-05-11T17:10:22.644647Z","level":"info","event":"       UPDATE  id=4","logger":"task.stdout"}
{"timestamp":"2026-05-11T17:10:22.645252Z","level":"info","event":"       UPDATE  id=5","logger":"task.stdout"}
{"timestamp":"2026-05-11T17:10:22.645838Z","level":"info","event":"       UPDATE  id=6","logger":"task.stdout"}
{"timestamp":"2026-05-11T17:10:22.646495Z","level":"info","event":"       UPDATE  id=7","logger":"task.stdout"}
{"timestamp":"2026-05-11T17:10:22.647370Z","level":"info","event":"       UPDATE  id=8","logger":"task.stdout"}
{"timestamp":"2026-05-11T17:10:22.647869Z","level":"info","event":"       UPDATE  id=9","logger":"task.stdout"}
{"timestamp":"2026-05-11T17:10:22.648580Z","level":"info","event":"       UPDATE  id=10","logger":"task.stdout"}
{"timestamp":"2026-05-11T17:10:22.649135Z","level":"info","event":"       UPDATE  id=11","logger":"task.stdout"}
{"timestamp":"2026-05-11T17:10:22.649809Z","level":"info","event":"       UPDATE  id=12","logger":"task.stdout"}
{"timestamp":"2026-05-11T17:10:22.650298Z","level":"info","event":"       UPDATE  id=13","logger":"task.stdout"}
{"timestamp":"2026-05-11T17:10:22.650667Z","level":"info","event":"       UPDATE  id=14","logger":"task.stdout"}
{"timestamp":"2026-05-11T17:10:22.651180Z","level":"info","event":"       UPDATE  id=15","logger":"task.stdout"}
{"timestamp":"2026-05-11T17:10:22.651473Z","level":"info","event":"       UPDATE  id=16","logger":"task.stdout"}
{"timestamp":"2026-05-11T17:10:22.651714Z","level":"info","event":"       UPDATE  id=17","logger":"task.stdout"}
{"timestamp":"2026-05-11T17:10:22.651923Z","level":"info","event":"       UPDATE  id=18","logger":"task.stdout"}
{"timestamp":"2026-05-11T17:10:22.652312Z","level":"info","event":"[INFO] result.csv updated — total 20 rows.","logger":"task.stdout"}
{"timestamp":"2026-05-11T17:10:22.635480Z","level":"info","event":"Done. Returned value was: None","logger":"airflow.task.operators.airflow.providers.standard.operators.python.PythonOperator","filename":"python.py","lineno":229}
{"timestamp":"2026-05-11T17:10:22.775465Z","level":"info","event":"Task instance in success state","logger":"task.stdout"}
{"timestamp":"2026-05-11T17:10:22.776021Z","level":"info","event":" Previous state of the Task instance: TaskInstanceState.RUNNING","logger":"task.stdout"}
{"timestamp":"2026-05-11T17:10:22.781161Z","level":"info","event":"Task operator:<Task(PythonOperator): process_partition>","logger":"task.stdout"}
