{"timestamp":"2026-05-05T10:30:53.859620Z","level":"info","event":"DAG bundles loaded: dags-folder, example_dags","logger":"airflow.dag_processing.bundles.manager.DagBundlesManager","filename":"manager.py","lineno":209}
{"timestamp":"2026-05-05T10:30:53.865062Z","level":"info","event":"Filling up the DagBag from /opt/airflow/dags/print_interval_dag.py","logger":"airflow.dag_processing.dagbag.BundleDagBag","filename":"dagbag.py","lineno":469}
{"timestamp":"2026-05-05T10:30:53.883622Z","level":"warning","event":"The `airflow.operators.python.PythonOperator` attribute is deprecated. Please use `'airflow.providers.standard.operators.python.PythonOperator'`.","category":"UserWarning","filename":"/opt/airflow/dags/print_interval_dag.py","lineno":2,"logger":"py.warnings"}
{"timestamp":"2026-05-05T10:30:53.978334Z","level":"info","event":"Task instance is in running state","logger":"task.stdout"}
{"timestamp":"2026-05-05T10:30:53.981292Z","level":"info","event":" Previous state of the Task instance: TaskInstanceState.QUEUED","logger":"task.stdout"}
{"timestamp":"2026-05-05T10:30:53.985715Z","level":"info","event":"Current task name:print_interval","logger":"task.stdout"}
{"timestamp":"2026-05-05T10:30:53.986387Z","level":"info","event":"Dag name:print_interval_dag","logger":"task.stdout"}
{"timestamp":"2026-05-05T10:30:53.988545Z","level":"info","event":"Interval Start: 2025-05-25 18:00:00+00:00","logger":"task.stdout"}
{"timestamp":"2026-05-05T10:30:53.989064Z","level":"info","event":"Interval End:   2025-05-25 18:00:00+00:00","logger":"task.stdout"}
{"timestamp":"2026-05-05T10:30:53.983498Z","level":"info","event":"Done. Returned value was: None","logger":"airflow.task.operators.airflow.providers.standard.operators.python.PythonOperator","filename":"python.py","lineno":229}
{"timestamp":"2026-05-05T10:30:54.070800Z","level":"info","event":"Task instance in success state","logger":"task.stdout"}
{"timestamp":"2026-05-05T10:30:54.071974Z","level":"info","event":" Previous state of the Task instance: TaskInstanceState.RUNNING","logger":"task.stdout"}
{"timestamp":"2026-05-05T10:30:54.073642Z","level":"info","event":"Task operator:<Task(PythonOperator): print_interval>","logger":"task.stdout"}
{"timestamp":"2026-05-05T12:26:48.998349Z","level":"info","event":"DAG bundles loaded: dags-folder, example_dags","logger":"airflow.dag_processing.bundles.manager.DagBundlesManager","filename":"manager.py","lineno":209}
{"timestamp":"2026-05-05T12:26:49.001029Z","level":"info","event":"Filling up the DagBag from /opt/airflow/dags/print_interval_dag.py","logger":"airflow.dag_processing.dagbag.BundleDagBag","filename":"dagbag.py","lineno":469}
{"timestamp":"2026-05-05T12:26:49.089293Z","level":"info","event":"Task instance is in running state","logger":"task.stdout"}
{"timestamp":"2026-05-05T12:26:49.091472Z","level":"info","event":" Previous state of the Task instance: TaskInstanceState.QUEUED","logger":"task.stdout"}
{"timestamp":"2026-05-05T12:26:49.092072Z","level":"info","event":"Current task name:print_interval","logger":"task.stdout"}
{"timestamp":"2026-05-05T12:26:49.092584Z","level":"info","event":"Dag name:print_interval_dag","logger":"task.stdout"}
{"timestamp":"2026-05-05T12:26:49.093254Z","level":"info","event":"=== ALL AVAILABLE MACROS ===","logger":"task.stdout"}
{"timestamp":"2026-05-05T12:26:49.097490Z","level":"info","event":"dag: <DAG: print_interval_dag>","logger":"task.stdout"}
{"timestamp":"2026-05-05T12:26:49.098063Z","level":"info","event":"inlets: []","logger":"task.stdout"}
{"timestamp":"2026-05-05T12:26:49.098560Z","level":"info","event":"map_index_template: None","logger":"task.stdout"}
{"timestamp":"2026-05-05T12:26:49.098895Z","level":"info","event":"outlets: []","logger":"task.stdout"}
{"timestamp":"2026-05-05T12:26:49.099389Z","level":"info","event":"run_id: scheduled__2025-05-25T18:00:00+00:00","logger":"task.stdout"}
{"timestamp":"2026-05-05T12:26:49.099757Z","level":"info","event":"task: <Task(PythonOperator): print_interval>","logger":"task.stdout"}
{"timestamp":"2026-05-05T12:26:49.100073Z","level":"info","event":"task_instance: id=UUID('019df81a-ecd5-7aa6-90d2-013f6b9dbc16') task_id='print_interval' dag_id='print_interval_dag' run_id='scheduled__2025-05-25T18:00:00+00:00' try_number=1 dag_version_id=UUID('019df815-a045-750b-bac8-47ced7cc6a45') map_index=-1 hostname='86abe326db93' context_carrier={'traceparent': '00-5c7f6cd4ccc19da6c3baea10703bb8ae-cc93dba5f123de8f-01'} task=<Task(PythonOperator): print_interval> bundle_instance=LocalDagBundle(name=dags-folder) max_tries=0 start_date=datetime.datetime(2026, 5, 5, 12, 26, 47, 902767, tzinfo=datetime.timezone.utc) end_date=None state=<TaskInstanceState.RUNNING: 'running'> is_mapped=False rendered_map_index=None sentry_integration=''","logger":"task.stdout"}
{"timestamp":"2026-05-05T12:26:49.101049Z","level":"info","event":"ti: id=UUID('019df81a-ecd5-7aa6-90d2-013f6b9dbc16') task_id='print_interval' dag_id='print_interval_dag' run_id='scheduled__2025-05-25T18:00:00+00:00' try_number=1 dag_version_id=UUID('019df815-a045-750b-bac8-47ced7cc6a45') map_index=-1 hostname='86abe326db93' context_carrier={'traceparent': '00-5c7f6cd4ccc19da6c3baea10703bb8ae-cc93dba5f123de8f-01'} task=<Task(PythonOperator): print_interval> bundle_instance=LocalDagBundle(name=dags-folder) max_tries=0 start_date=datetime.datetime(2026, 5, 5, 12, 26, 47, 902767, tzinfo=datetime.timezone.utc) end_date=None state=<TaskInstanceState.RUNNING: 'running'> is_mapped=False rendered_map_index=None sentry_integration=''","logger":"task.stdout"}
{"timestamp":"2026-05-05T12:26:49.101603Z","level":"info","event":"outlet_events: OutletEventAccessors(_dict={})","logger":"task.stdout"}
{"timestamp":"2026-05-05T12:26:49.102071Z","level":"info","event":"inlet_events: InletEventsAccessors(_inlets=[], _assets={}, _asset_aliases={})","logger":"task.stdout"}
{"timestamp":"2026-05-05T12:26:49.104433Z","level":"info","event":"macros: <MacrosAccessor (dynamic access to macros)>","logger":"task.stdout"}
{"timestamp":"2026-05-05T12:26:49.105963Z","level":"info","event":"params: {}","logger":"task.stdout"}
{"timestamp":"2026-05-05T12:26:49.106673Z","level":"info","event":"var: {'json': <VariableAccessor (dynamic access)>, 'value': <VariableAccessor (dynamic access)>}","logger":"task.stdout"}
{"timestamp":"2026-05-05T12:26:49.107250Z","level":"info","event":"conn: <ConnectionAccessor (dynamic access)>","logger":"task.stdout"}
{"timestamp":"2026-05-05T12:26:49.110220Z","level":"info","event":"dag_run: dag_id='print_interval_dag' run_id='scheduled__2025-05-25T18:00:00+00:00' logical_date=datetime.datetime(2025, 5, 25, 18, 0, tzinfo=datetime.timezone.utc) data_interval_start=datetime.datetime(2025, 5, 25, 18, 0, tzinfo=datetime.timezone.utc) data_interval_end=datetime.datetime(2025, 5, 25, 18, 0, tzinfo=datetime.timezone.utc) run_after=datetime.datetime(2025, 5, 25, 18, 0, tzinfo=datetime.timezone.utc) start_date=datetime.datetime(2026, 5, 5, 12, 26, 47, 500442, tzinfo=datetime.timezone.utc) end_date=None clear_number=0 run_type=<DagRunType.SCHEDULED: 'scheduled'> state=<DagRunState.RUNNING: 'running'> conf={} triggering_user_name=None consumed_asset_events=[] partition_key=None note=None","logger":"task.stdout"}
{"timestamp":"2026-05-05T12:26:49.110759Z","level":"info","event":"triggering_asset_events: TriggeringAssetEventAccessor(_events=defaultdict(<class 'list'>, {}))","logger":"task.stdout"}
{"timestamp":"2026-05-05T12:26:49.111205Z","level":"info","event":"task_instance_key_str: print_interval_dag__print_interval__20250525","logger":"task.stdout"}
{"timestamp":"2026-05-05T12:26:49.111773Z","level":"info","event":"task_reschedule_count: 0","logger":"task.stdout"}
{"timestamp":"2026-05-05T12:26:49.144049Z","level":"info","event":"prev_start_date_success: 2026-05-05 12:26:46.384138+00:00","logger":"task.stdout"}
{"timestamp":"2026-05-05T12:26:49.146218Z","level":"info","event":"prev_end_date_success: 2026-05-05 12:26:48.713043+00:00","logger":"task.stdout"}
{"timestamp":"2026-05-05T12:26:49.146854Z","level":"info","event":"logical_date: 2025-05-25 18:00:00+00:00","logger":"task.stdout"}
{"timestamp":"2026-05-05T12:26:49.147748Z","level":"info","event":"ds: 2025-05-25","logger":"task.stdout"}
{"timestamp":"2026-05-05T12:26:49.148856Z","level":"info","event":"ds_nodash: 20250525","logger":"task.stdout"}
{"timestamp":"2026-05-05T12:26:49.151178Z","level":"info","event":"ts: 2025-05-25T18:00:00+00:00","logger":"task.stdout"}
{"timestamp":"2026-05-05T12:26:49.151760Z","level":"info","event":"ts_nodash: 20250525T180000","logger":"task.stdout"}
{"timestamp":"2026-05-05T12:26:49.152259Z","level":"info","event":"ts_nodash_with_tz: 20250525T180000+0000","logger":"task.stdout"}
{"timestamp":"2026-05-05T12:26:49.153025Z","level":"info","event":"data_interval_end: 2025-05-25 18:00:00+00:00","logger":"task.stdout"}
{"timestamp":"2026-05-05T12:26:49.153829Z","level":"info","event":"data_interval_start: 2025-05-25 18:00:00+00:00","logger":"task.stdout"}
{"timestamp":"2026-05-05T12:26:49.154381Z","level":"info","event":"prev_data_interval_start_success: 2025-05-25 12:00:00+00:00","logger":"task.stdout"}
{"timestamp":"2026-05-05T12:26:49.155017Z","level":"info","event":"prev_data_interval_end_success: 2025-05-25 12:00:00+00:00","logger":"task.stdout"}
{"timestamp":"2026-05-05T12:26:49.155767Z","level":"info","event":"templates_dict: None","logger":"task.stdout"}
{"timestamp":"2026-05-05T12:26:49.142654Z","level":"info","event":"Done. Returned value was: None","logger":"airflow.task.operators.airflow.providers.standard.operators.python.PythonOperator","filename":"python.py","lineno":229}
{"timestamp":"2026-05-05T12:26:49.272070Z","level":"info","event":"Task instance in success state","logger":"task.stdout"}
{"timestamp":"2026-05-05T12:26:49.280510Z","level":"info","event":" Previous state of the Task instance: TaskInstanceState.RUNNING","logger":"task.stdout"}
{"timestamp":"2026-05-05T12:26:49.282428Z","level":"info","event":"Task operator:<Task(PythonOperator): print_interval>","logger":"task.stdout"}
