{"timestamp":"2026-05-05T10:30:26.558048Z","level":"info","event":"DAG bundles loaded: dags-folder, example_dags","logger":"airflow.dag_processing.bundles.manager.DagBundlesManager","filename":"manager.py","lineno":209}
{"timestamp":"2026-05-05T10:30:26.559847Z","level":"info","event":"Filling up the DagBag from /opt/airflow/dags/print_interval_dag.py","logger":"airflow.dag_processing.dagbag.BundleDagBag","filename":"dagbag.py","lineno":469}
{"timestamp":"2026-05-05T10:30:26.570306Z","level":"warning","event":"The `airflow.operators.python.PythonOperator` attribute is deprecated. Please use `'airflow.providers.standard.operators.python.PythonOperator'`.","category":"UserWarning","filename":"/opt/airflow/dags/print_interval_dag.py","lineno":2,"logger":"py.warnings"}
{"timestamp":"2026-05-05T10:30:26.622954Z","level":"info","event":"Task instance is in running state","logger":"task.stdout"}
{"timestamp":"2026-05-05T10:30:26.623558Z","level":"info","event":" Previous state of the Task instance: TaskInstanceState.QUEUED","logger":"task.stdout"}
{"timestamp":"2026-05-05T10:30:26.626937Z","level":"info","event":"Current task name:print_interval","logger":"task.stdout"}
{"timestamp":"2026-05-05T10:30:26.627608Z","level":"info","event":"Dag name:print_interval_dag","logger":"task.stdout"}
{"timestamp":"2026-05-05T10:30:26.629812Z","level":"info","event":"Interval Start: 2025-05-18 15:00:00+00:00","logger":"task.stdout"}
{"timestamp":"2026-05-05T10:30:26.630585Z","level":"info","event":"Interval End:   2025-05-18 15:00:00+00:00","logger":"task.stdout"}
{"timestamp":"2026-05-05T10:30:26.630855Z","level":"info","event":"Done. Returned value was: None","logger":"airflow.task.operators.airflow.providers.standard.operators.python.PythonOperator","filename":"python.py","lineno":229}
{"timestamp":"2026-05-05T10:30:26.728554Z","level":"info","event":"Task instance in success state","logger":"task.stdout"}
{"timestamp":"2026-05-05T10:30:26.729107Z","level":"info","event":" Previous state of the Task instance: TaskInstanceState.RUNNING","logger":"task.stdout"}
{"timestamp":"2026-05-05T10:30:26.730055Z","level":"info","event":"Task operator:<Task(PythonOperator): print_interval>","logger":"task.stdout"}
{"timestamp":"2026-05-05T12:26:21.284875Z","level":"info","event":"DAG bundles loaded: dags-folder, example_dags","logger":"airflow.dag_processing.bundles.manager.DagBundlesManager","filename":"manager.py","lineno":209}
{"timestamp":"2026-05-05T12:26:21.288691Z","level":"info","event":"Filling up the DagBag from /opt/airflow/dags/print_interval_dag.py","logger":"airflow.dag_processing.dagbag.BundleDagBag","filename":"dagbag.py","lineno":469}
{"timestamp":"2026-05-05T12:26:21.352490Z","level":"info","event":"Task instance is in running state","logger":"task.stdout"}
{"timestamp":"2026-05-05T12:26:21.353441Z","level":"info","event":" Previous state of the Task instance: TaskInstanceState.QUEUED","logger":"task.stdout"}
{"timestamp":"2026-05-05T12:26:21.354110Z","level":"info","event":"Current task name:print_interval","logger":"task.stdout"}
{"timestamp":"2026-05-05T12:26:21.357079Z","level":"info","event":"Dag name:print_interval_dag","logger":"task.stdout"}
{"timestamp":"2026-05-05T12:26:21.358112Z","level":"info","event":"=== ALL AVAILABLE MACROS ===","logger":"task.stdout"}
{"timestamp":"2026-05-05T12:26:21.360406Z","level":"info","event":"dag: <DAG: print_interval_dag>","logger":"task.stdout"}
{"timestamp":"2026-05-05T12:26:21.361085Z","level":"info","event":"inlets: []","logger":"task.stdout"}
{"timestamp":"2026-05-05T12:26:21.363901Z","level":"info","event":"map_index_template: None","logger":"task.stdout"}
{"timestamp":"2026-05-05T12:26:21.364772Z","level":"info","event":"outlets: []","logger":"task.stdout"}
{"timestamp":"2026-05-05T12:26:21.365956Z","level":"info","event":"run_id: scheduled__2025-05-18T15:00:00+00:00","logger":"task.stdout"}
{"timestamp":"2026-05-05T12:26:21.366720Z","level":"info","event":"task: <Task(PythonOperator): print_interval>","logger":"task.stdout"}
{"timestamp":"2026-05-05T12:26:21.367277Z","level":"info","event":"task_instance: id=UUID('019df81a-80e6-7f13-84fd-f37b6674593b') task_id='print_interval' dag_id='print_interval_dag' run_id='scheduled__2025-05-18T15:00:00+00:00' try_number=1 dag_version_id=UUID('019df815-a045-750b-bac8-47ced7cc6a45') map_index=-1 hostname='86abe326db93' context_carrier={'traceparent': '00-84323f02c209be23f1896c38cbb59870-14feeaf11791578e-01'} task=<Task(PythonOperator): print_interval> bundle_instance=LocalDagBundle(name=dags-folder) max_tries=0 start_date=datetime.datetime(2026, 5, 5, 12, 26, 20, 184510, tzinfo=datetime.timezone.utc) end_date=None state=<TaskInstanceState.RUNNING: 'running'> is_mapped=False rendered_map_index=None sentry_integration=''","logger":"task.stdout"}
{"timestamp":"2026-05-05T12:26:21.368159Z","level":"info","event":"ti: id=UUID('019df81a-80e6-7f13-84fd-f37b6674593b') task_id='print_interval' dag_id='print_interval_dag' run_id='scheduled__2025-05-18T15:00:00+00:00' try_number=1 dag_version_id=UUID('019df815-a045-750b-bac8-47ced7cc6a45') map_index=-1 hostname='86abe326db93' context_carrier={'traceparent': '00-84323f02c209be23f1896c38cbb59870-14feeaf11791578e-01'} task=<Task(PythonOperator): print_interval> bundle_instance=LocalDagBundle(name=dags-folder) max_tries=0 start_date=datetime.datetime(2026, 5, 5, 12, 26, 20, 184510, tzinfo=datetime.timezone.utc) end_date=None state=<TaskInstanceState.RUNNING: 'running'> is_mapped=False rendered_map_index=None sentry_integration=''","logger":"task.stdout"}
{"timestamp":"2026-05-05T12:26:21.368592Z","level":"info","event":"outlet_events: OutletEventAccessors(_dict={})","logger":"task.stdout"}
{"timestamp":"2026-05-05T12:26:21.369039Z","level":"info","event":"inlet_events: InletEventsAccessors(_inlets=[], _assets={}, _asset_aliases={})","logger":"task.stdout"}
{"timestamp":"2026-05-05T12:26:21.369446Z","level":"info","event":"macros: <MacrosAccessor (dynamic access to macros)>","logger":"task.stdout"}
{"timestamp":"2026-05-05T12:26:21.369882Z","level":"info","event":"params: {}","logger":"task.stdout"}
{"timestamp":"2026-05-05T12:26:21.370286Z","level":"info","event":"var: {'json': <VariableAccessor (dynamic access)>, 'value': <VariableAccessor (dynamic access)>}","logger":"task.stdout"}
{"timestamp":"2026-05-05T12:26:21.370644Z","level":"info","event":"conn: <ConnectionAccessor (dynamic access)>","logger":"task.stdout"}
{"timestamp":"2026-05-05T12:26:21.371019Z","level":"info","event":"dag_run: dag_id='print_interval_dag' run_id='scheduled__2025-05-18T15:00:00+00:00' logical_date=datetime.datetime(2025, 5, 18, 15, 0, tzinfo=datetime.timezone.utc) data_interval_start=datetime.datetime(2025, 5, 18, 15, 0, tzinfo=datetime.timezone.utc) data_interval_end=datetime.datetime(2025, 5, 18, 15, 0, tzinfo=datetime.timezone.utc) run_after=datetime.datetime(2025, 5, 18, 15, 0, tzinfo=datetime.timezone.utc) start_date=datetime.datetime(2026, 5, 5, 12, 26, 19, 778876, tzinfo=datetime.timezone.utc) end_date=None clear_number=0 run_type=<DagRunType.SCHEDULED: 'scheduled'> state=<DagRunState.RUNNING: 'running'> conf={} triggering_user_name=None consumed_asset_events=[] partition_key=None note=None","logger":"task.stdout"}
{"timestamp":"2026-05-05T12:26:21.371372Z","level":"info","event":"triggering_asset_events: TriggeringAssetEventAccessor(_events=defaultdict(<class 'list'>, {}))","logger":"task.stdout"}
{"timestamp":"2026-05-05T12:26:21.371805Z","level":"info","event":"task_instance_key_str: print_interval_dag__print_interval__20250518","logger":"task.stdout"}
{"timestamp":"2026-05-05T12:26:21.372405Z","level":"info","event":"task_reschedule_count: 0","logger":"task.stdout"}
{"timestamp":"2026-05-05T12:26:21.396151Z","level":"info","event":"prev_start_date_success: 2026-05-05 12:26:18.644778+00:00","logger":"task.stdout"}
{"timestamp":"2026-05-05T12:26:21.397037Z","level":"info","event":"prev_end_date_success: 2026-05-05 12:26:20.980960+00:00","logger":"task.stdout"}
{"timestamp":"2026-05-05T12:26:21.398272Z","level":"info","event":"logical_date: 2025-05-18 15:00:00+00:00","logger":"task.stdout"}
{"timestamp":"2026-05-05T12:26:21.401052Z","level":"info","event":"ds: 2025-05-18","logger":"task.stdout"}
{"timestamp":"2026-05-05T12:26:21.402293Z","level":"info","event":"ds_nodash: 20250518","logger":"task.stdout"}
{"timestamp":"2026-05-05T12:26:21.402881Z","level":"info","event":"ts: 2025-05-18T15:00:00+00:00","logger":"task.stdout"}
{"timestamp":"2026-05-05T12:26:21.403573Z","level":"info","event":"ts_nodash: 20250518T150000","logger":"task.stdout"}
{"timestamp":"2026-05-05T12:26:21.404011Z","level":"info","event":"ts_nodash_with_tz: 20250518T150000+0000","logger":"task.stdout"}
{"timestamp":"2026-05-05T12:26:21.404543Z","level":"info","event":"data_interval_end: 2025-05-18 15:00:00+00:00","logger":"task.stdout"}
{"timestamp":"2026-05-05T12:26:21.405048Z","level":"info","event":"data_interval_start: 2025-05-18 15:00:00+00:00","logger":"task.stdout"}
{"timestamp":"2026-05-05T12:26:21.405653Z","level":"info","event":"prev_data_interval_start_success: 2025-05-18 09:00:00+00:00","logger":"task.stdout"}
{"timestamp":"2026-05-05T12:26:21.406079Z","level":"info","event":"prev_data_interval_end_success: 2025-05-18 09:00:00+00:00","logger":"task.stdout"}
{"timestamp":"2026-05-05T12:26:21.406680Z","level":"info","event":"templates_dict: None","logger":"task.stdout"}
{"timestamp":"2026-05-05T12:26:21.395037Z","level":"info","event":"Done. Returned value was: None","logger":"airflow.task.operators.airflow.providers.standard.operators.python.PythonOperator","filename":"python.py","lineno":229}
{"timestamp":"2026-05-05T12:26:21.479296Z","level":"info","event":"Task instance in success state","logger":"task.stdout"}
{"timestamp":"2026-05-05T12:26:21.479891Z","level":"info","event":" Previous state of the Task instance: TaskInstanceState.RUNNING","logger":"task.stdout"}
{"timestamp":"2026-05-05T12:26:21.480484Z","level":"info","event":"Task operator:<Task(PythonOperator): print_interval>","logger":"task.stdout"}
