{"timestamp":"2026-05-05T10:31:03.043374Z","level":"info","event":"DAG bundles loaded: dags-folder, example_dags","logger":"airflow.dag_processing.bundles.manager.DagBundlesManager","filename":"manager.py","lineno":209}
{"timestamp":"2026-05-05T10:31:03.048902Z","level":"info","event":"Filling up the DagBag from /opt/airflow/dags/print_interval_dag.py","logger":"airflow.dag_processing.dagbag.BundleDagBag","filename":"dagbag.py","lineno":469}
{"timestamp":"2026-05-05T10:31:03.067907Z","level":"warning","event":"The `airflow.operators.python.PythonOperator` attribute is deprecated. Please use `'airflow.providers.standard.operators.python.PythonOperator'`.","category":"UserWarning","filename":"/opt/airflow/dags/print_interval_dag.py","lineno":2,"logger":"py.warnings"}
{"timestamp":"2026-05-05T10:31:03.156659Z","level":"info","event":"Task instance is in running state","logger":"task.stdout"}
{"timestamp":"2026-05-05T10:31:03.157143Z","level":"info","event":" Previous state of the Task instance: TaskInstanceState.QUEUED","logger":"task.stdout"}
{"timestamp":"2026-05-05T10:31:03.157688Z","level":"info","event":"Current task name:print_interval","logger":"task.stdout"}
{"timestamp":"2026-05-05T10:31:03.158076Z","level":"info","event":"Dag name:print_interval_dag","logger":"task.stdout"}
{"timestamp":"2026-05-05T10:31:03.167218Z","level":"info","event":"Interval Start: 2025-05-28 06:00:00+00:00","logger":"task.stdout"}
{"timestamp":"2026-05-05T10:31:03.167856Z","level":"info","event":"Interval End:   2025-05-28 06:00:00+00:00","logger":"task.stdout"}
{"timestamp":"2026-05-05T10:31:03.166166Z","level":"info","event":"Done. Returned value was: None","logger":"airflow.task.operators.airflow.providers.standard.operators.python.PythonOperator","filename":"python.py","lineno":229}
{"timestamp":"2026-05-05T10:31:03.214764Z","level":"info","event":"Task instance in success state","logger":"task.stdout"}
{"timestamp":"2026-05-05T10:31:03.215299Z","level":"info","event":" Previous state of the Task instance: TaskInstanceState.RUNNING","logger":"task.stdout"}
{"timestamp":"2026-05-05T10:31:03.215783Z","level":"info","event":"Task operator:<Task(PythonOperator): print_interval>","logger":"task.stdout"}
{"timestamp":"2026-05-05T12:26:59.450810Z","level":"info","event":"DAG bundles loaded: dags-folder, example_dags","logger":"airflow.dag_processing.bundles.manager.DagBundlesManager","filename":"manager.py","lineno":209}
{"timestamp":"2026-05-05T12:26:59.453507Z","level":"info","event":"Filling up the DagBag from /opt/airflow/dags/print_interval_dag.py","logger":"airflow.dag_processing.dagbag.BundleDagBag","filename":"dagbag.py","lineno":469}
{"timestamp":"2026-05-05T12:26:59.569130Z","level":"info","event":"Task instance is in running state","logger":"task.stdout"}
{"timestamp":"2026-05-05T12:26:59.571069Z","level":"info","event":" Previous state of the Task instance: TaskInstanceState.QUEUED","logger":"task.stdout"}
{"timestamp":"2026-05-05T12:26:59.572388Z","level":"info","event":"Current task name:print_interval","logger":"task.stdout"}
{"timestamp":"2026-05-05T12:26:59.576135Z","level":"info","event":"Dag name:print_interval_dag","logger":"task.stdout"}
{"timestamp":"2026-05-05T12:26:59.578073Z","level":"info","event":"=== ALL AVAILABLE MACROS ===","logger":"task.stdout"}
{"timestamp":"2026-05-05T12:26:59.578853Z","level":"info","event":"dag: <DAG: print_interval_dag>","logger":"task.stdout"}
{"timestamp":"2026-05-05T12:26:59.579348Z","level":"info","event":"inlets: []","logger":"task.stdout"}
{"timestamp":"2026-05-05T12:26:59.580477Z","level":"info","event":"map_index_template: None","logger":"task.stdout"}
{"timestamp":"2026-05-05T12:26:59.581282Z","level":"info","event":"outlets: []","logger":"task.stdout"}
{"timestamp":"2026-05-05T12:26:59.582345Z","level":"info","event":"run_id: scheduled__2025-05-28T06:00:00+00:00","logger":"task.stdout"}
{"timestamp":"2026-05-05T12:26:59.583562Z","level":"info","event":"task: <Task(PythonOperator): print_interval>","logger":"task.stdout"}
{"timestamp":"2026-05-05T12:26:59.584157Z","level":"info","event":"task_instance: id=UUID('019df81b-14ed-7455-9895-662985d72636') task_id='print_interval' dag_id='print_interval_dag' run_id='scheduled__2025-05-28T06:00:00+00:00' try_number=1 dag_version_id=UUID('019df815-a045-750b-bac8-47ced7cc6a45') map_index=-1 hostname='86abe326db93' context_carrier={'traceparent': '00-b0ff358904a65060d8efdefff697ae85-c85691c9a12106c5-01'} task=<Task(PythonOperator): print_interval> bundle_instance=LocalDagBundle(name=dags-folder) max_tries=0 start_date=datetime.datetime(2026, 5, 5, 12, 26, 58, 245382, tzinfo=datetime.timezone.utc) end_date=None state=<TaskInstanceState.RUNNING: 'running'> is_mapped=False rendered_map_index=None sentry_integration=''","logger":"task.stdout"}
{"timestamp":"2026-05-05T12:26:59.584961Z","level":"info","event":"ti: id=UUID('019df81b-14ed-7455-9895-662985d72636') task_id='print_interval' dag_id='print_interval_dag' run_id='scheduled__2025-05-28T06:00:00+00:00' try_number=1 dag_version_id=UUID('019df815-a045-750b-bac8-47ced7cc6a45') map_index=-1 hostname='86abe326db93' context_carrier={'traceparent': '00-b0ff358904a65060d8efdefff697ae85-c85691c9a12106c5-01'} task=<Task(PythonOperator): print_interval> bundle_instance=LocalDagBundle(name=dags-folder) max_tries=0 start_date=datetime.datetime(2026, 5, 5, 12, 26, 58, 245382, tzinfo=datetime.timezone.utc) end_date=None state=<TaskInstanceState.RUNNING: 'running'> is_mapped=False rendered_map_index=None sentry_integration=''","logger":"task.stdout"}
{"timestamp":"2026-05-05T12:26:59.585465Z","level":"info","event":"outlet_events: OutletEventAccessors(_dict={})","logger":"task.stdout"}
{"timestamp":"2026-05-05T12:26:59.586113Z","level":"info","event":"inlet_events: InletEventsAccessors(_inlets=[], _assets={}, _asset_aliases={})","logger":"task.stdout"}
{"timestamp":"2026-05-05T12:26:59.586534Z","level":"info","event":"macros: <MacrosAccessor (dynamic access to macros)>","logger":"task.stdout"}
{"timestamp":"2026-05-05T12:26:59.587137Z","level":"info","event":"params: {}","logger":"task.stdout"}
{"timestamp":"2026-05-05T12:26:59.587735Z","level":"info","event":"var: {'json': <VariableAccessor (dynamic access)>, 'value': <VariableAccessor (dynamic access)>}","logger":"task.stdout"}
{"timestamp":"2026-05-05T12:26:59.589333Z","level":"info","event":"conn: <ConnectionAccessor (dynamic access)>","logger":"task.stdout"}
{"timestamp":"2026-05-05T12:26:59.589954Z","level":"info","event":"dag_run: dag_id='print_interval_dag' run_id='scheduled__2025-05-28T06:00:00+00:00' logical_date=datetime.datetime(2025, 5, 28, 6, 0, tzinfo=datetime.timezone.utc) data_interval_start=datetime.datetime(2025, 5, 28, 6, 0, tzinfo=datetime.timezone.utc) data_interval_end=datetime.datetime(2025, 5, 28, 6, 0, tzinfo=datetime.timezone.utc) run_after=datetime.datetime(2025, 5, 28, 6, 0, tzinfo=datetime.timezone.utc) start_date=datetime.datetime(2026, 5, 5, 12, 26, 57, 696225, tzinfo=datetime.timezone.utc) end_date=None clear_number=0 run_type=<DagRunType.SCHEDULED: 'scheduled'> state=<DagRunState.RUNNING: 'running'> conf={} triggering_user_name=None consumed_asset_events=[] partition_key=None note=None","logger":"task.stdout"}
{"timestamp":"2026-05-05T12:26:59.590434Z","level":"info","event":"triggering_asset_events: TriggeringAssetEventAccessor(_events=defaultdict(<class 'list'>, {}))","logger":"task.stdout"}
{"timestamp":"2026-05-05T12:26:59.590943Z","level":"info","event":"task_instance_key_str: print_interval_dag__print_interval__20250528","logger":"task.stdout"}
{"timestamp":"2026-05-05T12:26:59.591377Z","level":"info","event":"task_reschedule_count: 0","logger":"task.stdout"}
{"timestamp":"2026-05-05T12:26:59.627781Z","level":"info","event":"prev_start_date_success: 2026-05-05 12:26:56.670567+00:00","logger":"task.stdout"}
{"timestamp":"2026-05-05T12:26:59.628283Z","level":"info","event":"prev_end_date_success: 2026-05-05 12:26:59.047840+00:00","logger":"task.stdout"}
{"timestamp":"2026-05-05T12:26:59.629057Z","level":"info","event":"logical_date: 2025-05-28 06:00:00+00:00","logger":"task.stdout"}
{"timestamp":"2026-05-05T12:26:59.629599Z","level":"info","event":"ds: 2025-05-28","logger":"task.stdout"}
{"timestamp":"2026-05-05T12:26:59.631227Z","level":"info","event":"ds_nodash: 20250528","logger":"task.stdout"}
{"timestamp":"2026-05-05T12:26:59.633163Z","level":"info","event":"ts: 2025-05-28T06:00:00+00:00","logger":"task.stdout"}
{"timestamp":"2026-05-05T12:26:59.634606Z","level":"info","event":"ts_nodash: 20250528T060000","logger":"task.stdout"}
{"timestamp":"2026-05-05T12:26:59.637821Z","level":"info","event":"ts_nodash_with_tz: 20250528T060000+0000","logger":"task.stdout"}
{"timestamp":"2026-05-05T12:26:59.638510Z","level":"info","event":"data_interval_end: 2025-05-28 06:00:00+00:00","logger":"task.stdout"}
{"timestamp":"2026-05-05T12:26:59.640854Z","level":"info","event":"data_interval_start: 2025-05-28 06:00:00+00:00","logger":"task.stdout"}
{"timestamp":"2026-05-05T12:26:59.641456Z","level":"info","event":"prev_data_interval_start_success: 2025-05-28 00:00:00+00:00","logger":"task.stdout"}
{"timestamp":"2026-05-05T12:26:59.641961Z","level":"info","event":"prev_data_interval_end_success: 2025-05-28 00:00:00+00:00","logger":"task.stdout"}
{"timestamp":"2026-05-05T12:26:59.643389Z","level":"info","event":"templates_dict: None","logger":"task.stdout"}
{"timestamp":"2026-05-05T12:26:59.627281Z","level":"info","event":"Done. Returned value was: None","logger":"airflow.task.operators.airflow.providers.standard.operators.python.PythonOperator","filename":"python.py","lineno":229}
{"timestamp":"2026-05-05T12:26:59.703100Z","level":"info","event":"Task instance in success state","logger":"task.stdout"}
{"timestamp":"2026-05-05T12:26:59.704790Z","level":"info","event":" Previous state of the Task instance: TaskInstanceState.RUNNING","logger":"task.stdout"}
{"timestamp":"2026-05-05T12:26:59.705789Z","level":"info","event":"Task operator:<Task(PythonOperator): print_interval>","logger":"task.stdout"}
