{"timestamp":"2026-05-05T10:30:42.948491Z","level":"info","event":"DAG bundles loaded: dags-folder, example_dags","logger":"airflow.dag_processing.bundles.manager.DagBundlesManager","filename":"manager.py","lineno":209}
{"timestamp":"2026-05-05T10:30:42.953158Z","level":"info","event":"Filling up the DagBag from /opt/airflow/dags/print_interval_dag.py","logger":"airflow.dag_processing.dagbag.BundleDagBag","filename":"dagbag.py","lineno":469}
{"timestamp":"2026-05-05T10:30:42.966816Z","level":"warning","event":"The `airflow.operators.python.PythonOperator` attribute is deprecated. Please use `'airflow.providers.standard.operators.python.PythonOperator'`.","category":"UserWarning","filename":"/opt/airflow/dags/print_interval_dag.py","lineno":2,"logger":"py.warnings"}
{"timestamp":"2026-05-05T10:30:43.014945Z","level":"info","event":"Task instance is in running state","logger":"task.stdout"}
{"timestamp":"2026-05-05T10:30:43.015669Z","level":"info","event":" Previous state of the Task instance: TaskInstanceState.QUEUED","logger":"task.stdout"}
{"timestamp":"2026-05-05T10:30:43.016078Z","level":"info","event":"Current task name:print_interval","logger":"task.stdout"}
{"timestamp":"2026-05-05T10:30:43.017178Z","level":"info","event":"Dag name:print_interval_dag","logger":"task.stdout"}
{"timestamp":"2026-05-05T10:30:43.020745Z","level":"info","event":"Interval Start: 2025-05-23 03:00:00+00:00","logger":"task.stdout"}
{"timestamp":"2026-05-05T10:30:43.021336Z","level":"info","event":"Interval End:   2025-05-23 03:00:00+00:00","logger":"task.stdout"}
{"timestamp":"2026-05-05T10:30:43.019573Z","level":"info","event":"Done. Returned value was: None","logger":"airflow.task.operators.airflow.providers.standard.operators.python.PythonOperator","filename":"python.py","lineno":229}
{"timestamp":"2026-05-05T10:30:43.066533Z","level":"info","event":"Task instance in success state","logger":"task.stdout"}
{"timestamp":"2026-05-05T10:30:43.067654Z","level":"info","event":" Previous state of the Task instance: TaskInstanceState.RUNNING","logger":"task.stdout"}
{"timestamp":"2026-05-05T10:30:43.069715Z","level":"info","event":"Task operator:<Task(PythonOperator): print_interval>","logger":"task.stdout"}
{"timestamp":"2026-05-05T12:26:38.408383Z","level":"info","event":"DAG bundles loaded: dags-folder, example_dags","logger":"airflow.dag_processing.bundles.manager.DagBundlesManager","filename":"manager.py","lineno":209}
{"timestamp":"2026-05-05T12:26:38.411435Z","level":"info","event":"Filling up the DagBag from /opt/airflow/dags/print_interval_dag.py","logger":"airflow.dag_processing.dagbag.BundleDagBag","filename":"dagbag.py","lineno":469}
{"timestamp":"2026-05-05T12:26:38.564649Z","level":"info","event":"Task instance is in running state","logger":"task.stdout"}
{"timestamp":"2026-05-05T12:26:38.565418Z","level":"info","event":" Previous state of the Task instance: TaskInstanceState.QUEUED","logger":"task.stdout"}
{"timestamp":"2026-05-05T12:26:38.566775Z","level":"info","event":"Current task name:print_interval","logger":"task.stdout"}
{"timestamp":"2026-05-05T12:26:38.570265Z","level":"info","event":"Dag name:print_interval_dag","logger":"task.stdout"}
{"timestamp":"2026-05-05T12:26:38.571127Z","level":"info","event":"=== ALL AVAILABLE MACROS ===","logger":"task.stdout"}
{"timestamp":"2026-05-05T12:26:38.571741Z","level":"info","event":"dag: <DAG: print_interval_dag>","logger":"task.stdout"}
{"timestamp":"2026-05-05T12:26:38.572961Z","level":"info","event":"inlets: []","logger":"task.stdout"}
{"timestamp":"2026-05-05T12:26:38.577307Z","level":"info","event":"map_index_template: None","logger":"task.stdout"}
{"timestamp":"2026-05-05T12:26:38.577809Z","level":"info","event":"outlets: []","logger":"task.stdout"}
{"timestamp":"2026-05-05T12:26:38.578330Z","level":"info","event":"run_id: scheduled__2025-05-23T03:00:00+00:00","logger":"task.stdout"}
{"timestamp":"2026-05-05T12:26:38.578838Z","level":"info","event":"task: <Task(PythonOperator): print_interval>","logger":"task.stdout"}
{"timestamp":"2026-05-05T12:26:38.579460Z","level":"info","event":"task_instance: id=UUID('019df81a-c431-723e-b2d9-00966b27cacf') task_id='print_interval' dag_id='print_interval_dag' run_id='scheduled__2025-05-23T03:00:00+00:00' try_number=1 dag_version_id=UUID('019df815-a045-750b-bac8-47ced7cc6a45') map_index=-1 hostname='86abe326db93' context_carrier={'traceparent': '00-e129cf92aca37c8bd8cada63f29c4dba-7c702aec638a0e7c-01'} task=<Task(PythonOperator): print_interval> bundle_instance=LocalDagBundle(name=dags-folder) max_tries=0 start_date=datetime.datetime(2026, 5, 5, 12, 26, 37, 296369, tzinfo=datetime.timezone.utc) end_date=None state=<TaskInstanceState.RUNNING: 'running'> is_mapped=False rendered_map_index=None sentry_integration=''","logger":"task.stdout"}
{"timestamp":"2026-05-05T12:26:38.581700Z","level":"info","event":"ti: id=UUID('019df81a-c431-723e-b2d9-00966b27cacf') task_id='print_interval' dag_id='print_interval_dag' run_id='scheduled__2025-05-23T03:00:00+00:00' try_number=1 dag_version_id=UUID('019df815-a045-750b-bac8-47ced7cc6a45') map_index=-1 hostname='86abe326db93' context_carrier={'traceparent': '00-e129cf92aca37c8bd8cada63f29c4dba-7c702aec638a0e7c-01'} task=<Task(PythonOperator): print_interval> bundle_instance=LocalDagBundle(name=dags-folder) max_tries=0 start_date=datetime.datetime(2026, 5, 5, 12, 26, 37, 296369, tzinfo=datetime.timezone.utc) end_date=None state=<TaskInstanceState.RUNNING: 'running'> is_mapped=False rendered_map_index=None sentry_integration=''","logger":"task.stdout"}
{"timestamp":"2026-05-05T12:26:38.582445Z","level":"info","event":"outlet_events: OutletEventAccessors(_dict={})","logger":"task.stdout"}
{"timestamp":"2026-05-05T12:26:38.584630Z","level":"info","event":"inlet_events: InletEventsAccessors(_inlets=[], _assets={}, _asset_aliases={})","logger":"task.stdout"}
{"timestamp":"2026-05-05T12:26:38.586455Z","level":"info","event":"macros: <MacrosAccessor (dynamic access to macros)>","logger":"task.stdout"}
{"timestamp":"2026-05-05T12:26:38.587088Z","level":"info","event":"params: {}","logger":"task.stdout"}
{"timestamp":"2026-05-05T12:26:38.589135Z","level":"info","event":"var: {'json': <VariableAccessor (dynamic access)>, 'value': <VariableAccessor (dynamic access)>}","logger":"task.stdout"}
{"timestamp":"2026-05-05T12:26:38.589922Z","level":"info","event":"conn: <ConnectionAccessor (dynamic access)>","logger":"task.stdout"}
{"timestamp":"2026-05-05T12:26:38.593082Z","level":"info","event":"dag_run: dag_id='print_interval_dag' run_id='scheduled__2025-05-23T03:00:00+00:00' logical_date=datetime.datetime(2025, 5, 23, 3, 0, tzinfo=datetime.timezone.utc) data_interval_start=datetime.datetime(2025, 5, 23, 3, 0, tzinfo=datetime.timezone.utc) data_interval_end=datetime.datetime(2025, 5, 23, 3, 0, tzinfo=datetime.timezone.utc) run_after=datetime.datetime(2025, 5, 23, 3, 0, tzinfo=datetime.timezone.utc) start_date=datetime.datetime(2026, 5, 5, 12, 26, 37, 834, tzinfo=datetime.timezone.utc) end_date=None clear_number=0 run_type=<DagRunType.SCHEDULED: 'scheduled'> state=<DagRunState.RUNNING: 'running'> conf={} triggering_user_name=None consumed_asset_events=[] partition_key=None note=None","logger":"task.stdout"}
{"timestamp":"2026-05-05T12:26:38.594243Z","level":"info","event":"triggering_asset_events: TriggeringAssetEventAccessor(_events=defaultdict(<class 'list'>, {}))","logger":"task.stdout"}
{"timestamp":"2026-05-05T12:26:38.594750Z","level":"info","event":"task_instance_key_str: print_interval_dag__print_interval__20250523","logger":"task.stdout"}
{"timestamp":"2026-05-05T12:26:38.595254Z","level":"info","event":"task_reschedule_count: 0","logger":"task.stdout"}
{"timestamp":"2026-05-05T12:26:38.640950Z","level":"info","event":"prev_start_date_success: 2026-05-05 12:26:36.624402+00:00","logger":"task.stdout"}
{"timestamp":"2026-05-05T12:26:38.641660Z","level":"info","event":"prev_end_date_success: 2026-05-05 12:26:38.494943+00:00","logger":"task.stdout"}
{"timestamp":"2026-05-05T12:26:38.642564Z","level":"info","event":"logical_date: 2025-05-23 03:00:00+00:00","logger":"task.stdout"}
{"timestamp":"2026-05-05T12:26:38.643034Z","level":"info","event":"ds: 2025-05-23","logger":"task.stdout"}
{"timestamp":"2026-05-05T12:26:38.643714Z","level":"info","event":"ds_nodash: 20250523","logger":"task.stdout"}
{"timestamp":"2026-05-05T12:26:38.644404Z","level":"info","event":"ts: 2025-05-23T03:00:00+00:00","logger":"task.stdout"}
{"timestamp":"2026-05-05T12:26:38.644907Z","level":"info","event":"ts_nodash: 20250523T030000","logger":"task.stdout"}
{"timestamp":"2026-05-05T12:26:38.645761Z","level":"info","event":"ts_nodash_with_tz: 20250523T030000+0000","logger":"task.stdout"}
{"timestamp":"2026-05-05T12:26:38.646244Z","level":"info","event":"data_interval_end: 2025-05-23 03:00:00+00:00","logger":"task.stdout"}
{"timestamp":"2026-05-05T12:26:38.646782Z","level":"info","event":"data_interval_start: 2025-05-23 03:00:00+00:00","logger":"task.stdout"}
{"timestamp":"2026-05-05T12:26:38.647891Z","level":"info","event":"prev_data_interval_start_success: 2025-05-23 00:00:00+00:00","logger":"task.stdout"}
{"timestamp":"2026-05-05T12:26:38.655225Z","level":"info","event":"prev_data_interval_end_success: 2025-05-23 00:00:00+00:00","logger":"task.stdout"}
{"timestamp":"2026-05-05T12:26:38.655751Z","level":"info","event":"templates_dict: None","logger":"task.stdout"}
{"timestamp":"2026-05-05T12:26:38.639839Z","level":"info","event":"Done. Returned value was: None","logger":"airflow.task.operators.airflow.providers.standard.operators.python.PythonOperator","filename":"python.py","lineno":229}
{"timestamp":"2026-05-05T12:26:38.716163Z","level":"info","event":"Task instance in success state","logger":"task.stdout"}
{"timestamp":"2026-05-05T12:26:38.718629Z","level":"info","event":" Previous state of the Task instance: TaskInstanceState.RUNNING","logger":"task.stdout"}
{"timestamp":"2026-05-05T12:26:38.719507Z","level":"info","event":"Task operator:<Task(PythonOperator): print_interval>","logger":"task.stdout"}
