{"timestamp":"2026-05-05T10:29:23.832512Z","level":"info","event":"DAG bundles loaded: dags-folder, example_dags","logger":"airflow.dag_processing.bundles.manager.DagBundlesManager","filename":"manager.py","lineno":209}
{"timestamp":"2026-05-05T10:29:23.835019Z","level":"info","event":"Filling up the DagBag from /opt/airflow/dags/print_interval_dag.py","logger":"airflow.dag_processing.dagbag.BundleDagBag","filename":"dagbag.py","lineno":469}
{"timestamp":"2026-05-05T10:29:23.849401Z","level":"warning","event":"The `airflow.operators.python.PythonOperator` attribute is deprecated. Please use `'airflow.providers.standard.operators.python.PythonOperator'`.","category":"UserWarning","filename":"/opt/airflow/dags/print_interval_dag.py","lineno":2,"logger":"py.warnings"}
{"timestamp":"2026-05-05T10:29:23.938338Z","level":"info","event":"Task instance is in running state","logger":"task.stdout"}
{"timestamp":"2026-05-05T10:29:23.939064Z","level":"info","event":" Previous state of the Task instance: TaskInstanceState.QUEUED","logger":"task.stdout"}
{"timestamp":"2026-05-05T10:29:23.939660Z","level":"info","event":"Current task name:print_interval","logger":"task.stdout"}
{"timestamp":"2026-05-05T10:29:23.940310Z","level":"info","event":"Dag name:print_interval_dag","logger":"task.stdout"}
{"timestamp":"2026-05-05T10:29:23.943191Z","level":"info","event":"Interval Start: 2025-05-03 03:00:00+00:00","logger":"task.stdout"}
{"timestamp":"2026-05-05T10:29:23.943946Z","level":"info","event":"Interval End:   2025-05-03 03:00:00+00:00","logger":"task.stdout"}
{"timestamp":"2026-05-05T10:29:23.943555Z","level":"info","event":"Done. Returned value was: None","logger":"airflow.task.operators.airflow.providers.standard.operators.python.PythonOperator","filename":"python.py","lineno":229}
{"timestamp":"2026-05-05T10:29:24.027048Z","level":"info","event":"Task instance in success state","logger":"task.stdout"}
{"timestamp":"2026-05-05T10:29:24.027615Z","level":"info","event":" Previous state of the Task instance: TaskInstanceState.RUNNING","logger":"task.stdout"}
{"timestamp":"2026-05-05T10:29:24.031143Z","level":"info","event":"Task operator:<Task(PythonOperator): print_interval>","logger":"task.stdout"}
{"timestamp":"2026-05-05T12:25:15.442422Z","level":"info","event":"DAG bundles loaded: dags-folder, example_dags","logger":"airflow.dag_processing.bundles.manager.DagBundlesManager","filename":"manager.py","lineno":209}
{"timestamp":"2026-05-05T12:25:15.447144Z","level":"info","event":"Filling up the DagBag from /opt/airflow/dags/print_interval_dag.py","logger":"airflow.dag_processing.dagbag.BundleDagBag","filename":"dagbag.py","lineno":469}
{"timestamp":"2026-05-05T12:25:15.517251Z","level":"info","event":"Task instance is in running state","logger":"task.stdout"}
{"timestamp":"2026-05-05T12:25:15.518227Z","level":"info","event":" Previous state of the Task instance: TaskInstanceState.QUEUED","logger":"task.stdout"}
{"timestamp":"2026-05-05T12:25:15.519504Z","level":"info","event":"Current task name:print_interval","logger":"task.stdout"}
{"timestamp":"2026-05-05T12:25:15.520089Z","level":"info","event":"Dag name:print_interval_dag","logger":"task.stdout"}
{"timestamp":"2026-05-05T12:25:15.521048Z","level":"info","event":"=== ALL AVAILABLE MACROS ===","logger":"task.stdout"}
{"timestamp":"2026-05-05T12:25:15.521487Z","level":"info","event":"dag: <DAG: print_interval_dag>","logger":"task.stdout"}
{"timestamp":"2026-05-05T12:25:15.521978Z","level":"info","event":"inlets: []","logger":"task.stdout"}
{"timestamp":"2026-05-05T12:25:15.522495Z","level":"info","event":"map_index_template: None","logger":"task.stdout"}
{"timestamp":"2026-05-05T12:25:15.523185Z","level":"info","event":"outlets: []","logger":"task.stdout"}
{"timestamp":"2026-05-05T12:25:15.525010Z","level":"info","event":"run_id: scheduled__2025-05-03T03:00:00+00:00","logger":"task.stdout"}
{"timestamp":"2026-05-05T12:25:15.525461Z","level":"info","event":"task: <Task(PythonOperator): print_interval>","logger":"task.stdout"}
{"timestamp":"2026-05-05T12:25:15.525832Z","level":"info","event":"task_instance: id=UUID('019df819-7edd-7d13-8ca0-39232fb41cb9') task_id='print_interval' dag_id='print_interval_dag' run_id='scheduled__2025-05-03T03:00:00+00:00' try_number=1 dag_version_id=UUID('019df815-a045-750b-bac8-47ced7cc6a45') map_index=-1 hostname='86abe326db93' context_carrier={'traceparent': '00-f9a18c8f7f3a7bf26b420fac4e4f3f2f-044c140556d8d9d3-01'} task=<Task(PythonOperator): print_interval> bundle_instance=LocalDagBundle(name=dags-folder) max_tries=0 start_date=datetime.datetime(2026, 5, 5, 12, 25, 14, 139173, tzinfo=datetime.timezone.utc) end_date=None state=<TaskInstanceState.RUNNING: 'running'> is_mapped=False rendered_map_index=None sentry_integration=''","logger":"task.stdout"}
{"timestamp":"2026-05-05T12:25:15.526526Z","level":"info","event":"ti: id=UUID('019df819-7edd-7d13-8ca0-39232fb41cb9') task_id='print_interval' dag_id='print_interval_dag' run_id='scheduled__2025-05-03T03:00:00+00:00' try_number=1 dag_version_id=UUID('019df815-a045-750b-bac8-47ced7cc6a45') map_index=-1 hostname='86abe326db93' context_carrier={'traceparent': '00-f9a18c8f7f3a7bf26b420fac4e4f3f2f-044c140556d8d9d3-01'} task=<Task(PythonOperator): print_interval> bundle_instance=LocalDagBundle(name=dags-folder) max_tries=0 start_date=datetime.datetime(2026, 5, 5, 12, 25, 14, 139173, tzinfo=datetime.timezone.utc) end_date=None state=<TaskInstanceState.RUNNING: 'running'> is_mapped=False rendered_map_index=None sentry_integration=''","logger":"task.stdout"}
{"timestamp":"2026-05-05T12:25:15.530051Z","level":"info","event":"outlet_events: OutletEventAccessors(_dict={})","logger":"task.stdout"}
{"timestamp":"2026-05-05T12:25:15.530576Z","level":"info","event":"inlet_events: InletEventsAccessors(_inlets=[], _assets={}, _asset_aliases={})","logger":"task.stdout"}
{"timestamp":"2026-05-05T12:25:15.531160Z","level":"info","event":"macros: <MacrosAccessor (dynamic access to macros)>","logger":"task.stdout"}
{"timestamp":"2026-05-05T12:25:15.531550Z","level":"info","event":"params: {}","logger":"task.stdout"}
{"timestamp":"2026-05-05T12:25:15.532010Z","level":"info","event":"var: {'json': <VariableAccessor (dynamic access)>, 'value': <VariableAccessor (dynamic access)>}","logger":"task.stdout"}
{"timestamp":"2026-05-05T12:25:15.532378Z","level":"info","event":"conn: <ConnectionAccessor (dynamic access)>","logger":"task.stdout"}
{"timestamp":"2026-05-05T12:25:15.532723Z","level":"info","event":"dag_run: dag_id='print_interval_dag' run_id='scheduled__2025-05-03T03:00:00+00:00' logical_date=datetime.datetime(2025, 5, 3, 3, 0, tzinfo=datetime.timezone.utc) data_interval_start=datetime.datetime(2025, 5, 3, 3, 0, tzinfo=datetime.timezone.utc) data_interval_end=datetime.datetime(2025, 5, 3, 3, 0, tzinfo=datetime.timezone.utc) run_after=datetime.datetime(2025, 5, 3, 3, 0, tzinfo=datetime.timezone.utc) start_date=datetime.datetime(2026, 5, 5, 12, 25, 13, 721111, tzinfo=datetime.timezone.utc) end_date=None clear_number=0 run_type=<DagRunType.SCHEDULED: 'scheduled'> state=<DagRunState.RUNNING: 'running'> conf={} triggering_user_name=None consumed_asset_events=[] partition_key=None note=None","logger":"task.stdout"}
{"timestamp":"2026-05-05T12:25:15.533160Z","level":"info","event":"triggering_asset_events: TriggeringAssetEventAccessor(_events=defaultdict(<class 'list'>, {}))","logger":"task.stdout"}
{"timestamp":"2026-05-05T12:25:15.533490Z","level":"info","event":"task_instance_key_str: print_interval_dag__print_interval__20250503","logger":"task.stdout"}
{"timestamp":"2026-05-05T12:25:15.533898Z","level":"info","event":"task_reschedule_count: 0","logger":"task.stdout"}
{"timestamp":"2026-05-05T12:25:15.556490Z","level":"info","event":"prev_start_date_success: 2026-05-05 12:25:13.178521+00:00","logger":"task.stdout"}
{"timestamp":"2026-05-05T12:25:15.557077Z","level":"info","event":"prev_end_date_success: 2026-05-05 12:25:15.452213+00:00","logger":"task.stdout"}
{"timestamp":"2026-05-05T12:25:15.557547Z","level":"info","event":"logical_date: 2025-05-03 03:00:00+00:00","logger":"task.stdout"}
{"timestamp":"2026-05-05T12:25:15.558189Z","level":"info","event":"ds: 2025-05-03","logger":"task.stdout"}
{"timestamp":"2026-05-05T12:25:15.559033Z","level":"info","event":"ds_nodash: 20250503","logger":"task.stdout"}
{"timestamp":"2026-05-05T12:25:15.559585Z","level":"info","event":"ts: 2025-05-03T03:00:00+00:00","logger":"task.stdout"}
{"timestamp":"2026-05-05T12:25:15.560199Z","level":"info","event":"ts_nodash: 20250503T030000","logger":"task.stdout"}
{"timestamp":"2026-05-05T12:25:15.560976Z","level":"info","event":"ts_nodash_with_tz: 20250503T030000+0000","logger":"task.stdout"}
{"timestamp":"2026-05-05T12:25:15.561656Z","level":"info","event":"data_interval_end: 2025-05-03 03:00:00+00:00","logger":"task.stdout"}
{"timestamp":"2026-05-05T12:25:15.562382Z","level":"info","event":"data_interval_start: 2025-05-03 03:00:00+00:00","logger":"task.stdout"}
{"timestamp":"2026-05-05T12:25:15.562960Z","level":"info","event":"prev_data_interval_start_success: 2025-05-03 00:00:00+00:00","logger":"task.stdout"}
{"timestamp":"2026-05-05T12:25:15.563436Z","level":"info","event":"prev_data_interval_end_success: 2025-05-03 00:00:00+00:00","logger":"task.stdout"}
{"timestamp":"2026-05-05T12:25:15.563937Z","level":"info","event":"templates_dict: None","logger":"task.stdout"}
{"timestamp":"2026-05-05T12:25:15.555442Z","level":"info","event":"Done. Returned value was: None","logger":"airflow.task.operators.airflow.providers.standard.operators.python.PythonOperator","filename":"python.py","lineno":229}
{"timestamp":"2026-05-05T12:25:15.602148Z","level":"info","event":"Task instance in success state","logger":"task.stdout"}
{"timestamp":"2026-05-05T12:25:15.603278Z","level":"info","event":" Previous state of the Task instance: TaskInstanceState.RUNNING","logger":"task.stdout"}
{"timestamp":"2026-05-05T12:25:15.604133Z","level":"info","event":"Task operator:<Task(PythonOperator): print_interval>","logger":"task.stdout"}
