{"timestamp":"2026-05-05T10:29:21.250566Z","level":"info","event":"DAG bundles loaded: dags-folder, example_dags","logger":"airflow.dag_processing.bundles.manager.DagBundlesManager","filename":"manager.py","lineno":209}
{"timestamp":"2026-05-05T10:29:21.253117Z","level":"info","event":"Filling up the DagBag from /opt/airflow/dags/print_interval_dag.py","logger":"airflow.dag_processing.dagbag.BundleDagBag","filename":"dagbag.py","lineno":469}
{"timestamp":"2026-05-05T10:29:21.279347Z","level":"warning","event":"The `airflow.operators.python.PythonOperator` attribute is deprecated. Please use `'airflow.providers.standard.operators.python.PythonOperator'`.","category":"UserWarning","filename":"/opt/airflow/dags/print_interval_dag.py","lineno":2,"logger":"py.warnings"}
{"timestamp":"2026-05-05T10:29:21.359113Z","level":"info","event":"Task instance is in running state","logger":"task.stdout"}
{"timestamp":"2026-05-05T10:29:21.359730Z","level":"info","event":" Previous state of the Task instance: TaskInstanceState.QUEUED","logger":"task.stdout"}
{"timestamp":"2026-05-05T10:29:21.361299Z","level":"info","event":"Current task name:print_interval","logger":"task.stdout"}
{"timestamp":"2026-05-05T10:29:21.362188Z","level":"info","event":"Dag name:print_interval_dag","logger":"task.stdout"}
{"timestamp":"2026-05-05T10:29:21.367443Z","level":"info","event":"Interval Start: 2025-05-02 12:00:00+00:00","logger":"task.stdout"}
{"timestamp":"2026-05-05T10:29:21.368084Z","level":"info","event":"Interval End:   2025-05-02 12:00:00+00:00","logger":"task.stdout"}
{"timestamp":"2026-05-05T10:29:21.364171Z","level":"info","event":"Done. Returned value was: None","logger":"airflow.task.operators.airflow.providers.standard.operators.python.PythonOperator","filename":"python.py","lineno":229}
{"timestamp":"2026-05-05T10:29:21.409503Z","level":"info","event":"Task instance in success state","logger":"task.stdout"}
{"timestamp":"2026-05-05T10:29:21.410987Z","level":"info","event":" Previous state of the Task instance: TaskInstanceState.RUNNING","logger":"task.stdout"}
{"timestamp":"2026-05-05T10:29:21.412010Z","level":"info","event":"Task operator:<Task(PythonOperator): print_interval>","logger":"task.stdout"}
{"timestamp":"2026-05-05T12:25:12.620730Z","level":"info","event":"DAG bundles loaded: dags-folder, example_dags","logger":"airflow.dag_processing.bundles.manager.DagBundlesManager","filename":"manager.py","lineno":209}
{"timestamp":"2026-05-05T12:25:12.623478Z","level":"info","event":"Filling up the DagBag from /opt/airflow/dags/print_interval_dag.py","logger":"airflow.dag_processing.dagbag.BundleDagBag","filename":"dagbag.py","lineno":469}
{"timestamp":"2026-05-05T12:25:12.690106Z","level":"info","event":"Task instance is in running state","logger":"task.stdout"}
{"timestamp":"2026-05-05T12:25:12.690961Z","level":"info","event":" Previous state of the Task instance: TaskInstanceState.QUEUED","logger":"task.stdout"}
{"timestamp":"2026-05-05T12:25:12.693358Z","level":"info","event":"Current task name:print_interval","logger":"task.stdout"}
{"timestamp":"2026-05-05T12:25:12.695253Z","level":"info","event":"Dag name:print_interval_dag","logger":"task.stdout"}
{"timestamp":"2026-05-05T12:25:12.696395Z","level":"info","event":"=== ALL AVAILABLE MACROS ===","logger":"task.stdout"}
{"timestamp":"2026-05-05T12:25:12.697232Z","level":"info","event":"dag: <DAG: print_interval_dag>","logger":"task.stdout"}
{"timestamp":"2026-05-05T12:25:12.697944Z","level":"info","event":"inlets: []","logger":"task.stdout"}
{"timestamp":"2026-05-05T12:25:12.698390Z","level":"info","event":"map_index_template: None","logger":"task.stdout"}
{"timestamp":"2026-05-05T12:25:12.698982Z","level":"info","event":"outlets: []","logger":"task.stdout"}
{"timestamp":"2026-05-05T12:25:12.699562Z","level":"info","event":"run_id: scheduled__2025-05-02T12:00:00+00:00","logger":"task.stdout"}
{"timestamp":"2026-05-05T12:25:12.703422Z","level":"info","event":"task: <Task(PythonOperator): print_interval>","logger":"task.stdout"}
{"timestamp":"2026-05-05T12:25:12.705918Z","level":"info","event":"task_instance: id=UUID('019df819-766d-72d8-93ae-a7aebeef5268') task_id='print_interval' dag_id='print_interval_dag' run_id='scheduled__2025-05-02T12:00:00+00:00' try_number=1 dag_version_id=UUID('019df815-a045-750b-bac8-47ced7cc6a45') map_index=-1 hostname='86abe326db93' context_carrier={'traceparent': '00-45be5ca6460104feeaf439e411e2ec15-2f69af17c22deca2-01'} task=<Task(PythonOperator): print_interval> bundle_instance=LocalDagBundle(name=dags-folder) max_tries=0 start_date=datetime.datetime(2026, 5, 5, 12, 25, 11, 844290, tzinfo=datetime.timezone.utc) end_date=None state=<TaskInstanceState.RUNNING: 'running'> is_mapped=False rendered_map_index=None sentry_integration=''","logger":"task.stdout"}
{"timestamp":"2026-05-05T12:25:12.708091Z","level":"info","event":"ti: id=UUID('019df819-766d-72d8-93ae-a7aebeef5268') task_id='print_interval' dag_id='print_interval_dag' run_id='scheduled__2025-05-02T12:00:00+00:00' try_number=1 dag_version_id=UUID('019df815-a045-750b-bac8-47ced7cc6a45') map_index=-1 hostname='86abe326db93' context_carrier={'traceparent': '00-45be5ca6460104feeaf439e411e2ec15-2f69af17c22deca2-01'} task=<Task(PythonOperator): print_interval> bundle_instance=LocalDagBundle(name=dags-folder) max_tries=0 start_date=datetime.datetime(2026, 5, 5, 12, 25, 11, 844290, tzinfo=datetime.timezone.utc) end_date=None state=<TaskInstanceState.RUNNING: 'running'> is_mapped=False rendered_map_index=None sentry_integration=''","logger":"task.stdout"}
{"timestamp":"2026-05-05T12:25:12.708863Z","level":"info","event":"outlet_events: OutletEventAccessors(_dict={})","logger":"task.stdout"}
{"timestamp":"2026-05-05T12:25:12.710703Z","level":"info","event":"inlet_events: InletEventsAccessors(_inlets=[], _assets={}, _asset_aliases={})","logger":"task.stdout"}
{"timestamp":"2026-05-05T12:25:12.712622Z","level":"info","event":"macros: <MacrosAccessor (dynamic access to macros)>","logger":"task.stdout"}
{"timestamp":"2026-05-05T12:25:12.713740Z","level":"info","event":"params: {}","logger":"task.stdout"}
{"timestamp":"2026-05-05T12:25:12.715035Z","level":"info","event":"var: {'json': <VariableAccessor (dynamic access)>, 'value': <VariableAccessor (dynamic access)>}","logger":"task.stdout"}
{"timestamp":"2026-05-05T12:25:12.715571Z","level":"info","event":"conn: <ConnectionAccessor (dynamic access)>","logger":"task.stdout"}
{"timestamp":"2026-05-05T12:25:12.719078Z","level":"info","event":"dag_run: dag_id='print_interval_dag' run_id='scheduled__2025-05-02T12:00:00+00:00' logical_date=datetime.datetime(2025, 5, 2, 12, 0, tzinfo=datetime.timezone.utc) data_interval_start=datetime.datetime(2025, 5, 2, 12, 0, tzinfo=datetime.timezone.utc) data_interval_end=datetime.datetime(2025, 5, 2, 12, 0, tzinfo=datetime.timezone.utc) run_after=datetime.datetime(2025, 5, 2, 12, 0, tzinfo=datetime.timezone.utc) start_date=datetime.datetime(2026, 5, 5, 12, 25, 11, 557134, tzinfo=datetime.timezone.utc) end_date=None clear_number=0 run_type=<DagRunType.SCHEDULED: 'scheduled'> state=<DagRunState.RUNNING: 'running'> conf={} triggering_user_name=None consumed_asset_events=[] partition_key=None note=None","logger":"task.stdout"}
{"timestamp":"2026-05-05T12:25:12.720095Z","level":"info","event":"triggering_asset_events: TriggeringAssetEventAccessor(_events=defaultdict(<class 'list'>, {}))","logger":"task.stdout"}
{"timestamp":"2026-05-05T12:25:12.722522Z","level":"info","event":"task_instance_key_str: print_interval_dag__print_interval__20250502","logger":"task.stdout"}
{"timestamp":"2026-05-05T12:25:12.723208Z","level":"info","event":"task_reschedule_count: 0","logger":"task.stdout"}
{"timestamp":"2026-05-05T12:25:12.751797Z","level":"info","event":"prev_start_date_success: 2026-05-05 12:25:10.729748+00:00","logger":"task.stdout"}
{"timestamp":"2026-05-05T12:25:12.753160Z","level":"info","event":"prev_end_date_success: 2026-05-05 12:25:12.360073+00:00","logger":"task.stdout"}
{"timestamp":"2026-05-05T12:25:12.754211Z","level":"info","event":"logical_date: 2025-05-02 12:00:00+00:00","logger":"task.stdout"}
{"timestamp":"2026-05-05T12:25:12.756151Z","level":"info","event":"ds: 2025-05-02","logger":"task.stdout"}
{"timestamp":"2026-05-05T12:25:12.757503Z","level":"info","event":"ds_nodash: 20250502","logger":"task.stdout"}
{"timestamp":"2026-05-05T12:25:12.758056Z","level":"info","event":"ts: 2025-05-02T12:00:00+00:00","logger":"task.stdout"}
{"timestamp":"2026-05-05T12:25:12.758518Z","level":"info","event":"ts_nodash: 20250502T120000","logger":"task.stdout"}
{"timestamp":"2026-05-05T12:25:12.758958Z","level":"info","event":"ts_nodash_with_tz: 20250502T120000+0000","logger":"task.stdout"}
{"timestamp":"2026-05-05T12:25:12.759434Z","level":"info","event":"data_interval_end: 2025-05-02 12:00:00+00:00","logger":"task.stdout"}
{"timestamp":"2026-05-05T12:25:12.760130Z","level":"info","event":"data_interval_start: 2025-05-02 12:00:00+00:00","logger":"task.stdout"}
{"timestamp":"2026-05-05T12:25:12.760547Z","level":"info","event":"prev_data_interval_start_success: 2025-05-02 06:00:00+00:00","logger":"task.stdout"}
{"timestamp":"2026-05-05T12:25:12.760953Z","level":"info","event":"prev_data_interval_end_success: 2025-05-02 06:00:00+00:00","logger":"task.stdout"}
{"timestamp":"2026-05-05T12:25:12.761371Z","level":"info","event":"templates_dict: None","logger":"task.stdout"}
{"timestamp":"2026-05-05T12:25:12.750869Z","level":"info","event":"Done. Returned value was: None","logger":"airflow.task.operators.airflow.providers.standard.operators.python.PythonOperator","filename":"python.py","lineno":229}
{"timestamp":"2026-05-05T12:25:12.847351Z","level":"info","event":"Task instance in success state","logger":"task.stdout"}
{"timestamp":"2026-05-05T12:25:12.849129Z","level":"info","event":" Previous state of the Task instance: TaskInstanceState.RUNNING","logger":"task.stdout"}
{"timestamp":"2026-05-05T12:25:12.850507Z","level":"info","event":"Task operator:<Task(PythonOperator): print_interval>","logger":"task.stdout"}
