{"timestamp":"2026-05-05T10:29:17.278767Z","level":"info","event":"DAG bundles loaded: dags-folder, example_dags","logger":"airflow.dag_processing.bundles.manager.DagBundlesManager","filename":"manager.py","lineno":209}
{"timestamp":"2026-05-05T10:29:17.280747Z","level":"info","event":"Filling up the DagBag from /opt/airflow/dags/print_interval_dag.py","logger":"airflow.dag_processing.dagbag.BundleDagBag","filename":"dagbag.py","lineno":469}
{"timestamp":"2026-05-05T10:29:17.297365Z","level":"warning","event":"The `airflow.operators.python.PythonOperator` attribute is deprecated. Please use `'airflow.providers.standard.operators.python.PythonOperator'`.","category":"UserWarning","filename":"/opt/airflow/dags/print_interval_dag.py","lineno":2,"logger":"py.warnings"}
{"timestamp":"2026-05-05T10:29:17.395291Z","level":"info","event":"Task instance is in running state","logger":"task.stdout"}
{"timestamp":"2026-05-05T10:29:17.395894Z","level":"info","event":" Previous state of the Task instance: TaskInstanceState.QUEUED","logger":"task.stdout"}
{"timestamp":"2026-05-05T10:29:17.396401Z","level":"info","event":"Current task name:print_interval","logger":"task.stdout"}
{"timestamp":"2026-05-05T10:29:17.396841Z","level":"info","event":"Dag name:print_interval_dag","logger":"task.stdout"}
{"timestamp":"2026-05-05T10:29:17.398778Z","level":"info","event":"Interval Start: 2025-05-01 12:00:00+00:00","logger":"task.stdout"}
{"timestamp":"2026-05-05T10:29:17.399562Z","level":"info","event":"Interval End:   2025-05-01 12:00:00+00:00","logger":"task.stdout"}
{"timestamp":"2026-05-05T10:29:17.399935Z","level":"info","event":"Done. Returned value was: None","logger":"airflow.task.operators.airflow.providers.standard.operators.python.PythonOperator","filename":"python.py","lineno":229}
{"timestamp":"2026-05-05T10:29:17.450739Z","level":"info","event":"Task instance in success state","logger":"task.stdout"}
{"timestamp":"2026-05-05T10:29:17.451531Z","level":"info","event":" Previous state of the Task instance: TaskInstanceState.RUNNING","logger":"task.stdout"}
{"timestamp":"2026-05-05T10:29:17.455131Z","level":"info","event":"Task operator:<Task(PythonOperator): print_interval>","logger":"task.stdout"}
{"timestamp":"2026-05-05T12:25:09.219779Z","level":"info","event":"DAG bundles loaded: dags-folder, example_dags","logger":"airflow.dag_processing.bundles.manager.DagBundlesManager","filename":"manager.py","lineno":209}
{"timestamp":"2026-05-05T12:25:09.221912Z","level":"info","event":"Filling up the DagBag from /opt/airflow/dags/print_interval_dag.py","logger":"airflow.dag_processing.dagbag.BundleDagBag","filename":"dagbag.py","lineno":469}
{"timestamp":"2026-05-05T12:25:09.299645Z","level":"info","event":"Task instance is in running state","logger":"task.stdout"}
{"timestamp":"2026-05-05T12:25:09.301309Z","level":"info","event":" Previous state of the Task instance: TaskInstanceState.QUEUED","logger":"task.stdout"}
{"timestamp":"2026-05-05T12:25:09.302129Z","level":"info","event":"Current task name:print_interval","logger":"task.stdout"}
{"timestamp":"2026-05-05T12:25:09.302621Z","level":"info","event":"Dag name:print_interval_dag","logger":"task.stdout"}
{"timestamp":"2026-05-05T12:25:09.305889Z","level":"info","event":"=== ALL AVAILABLE MACROS ===","logger":"task.stdout"}
{"timestamp":"2026-05-05T12:25:09.310165Z","level":"info","event":"dag: <DAG: print_interval_dag>","logger":"task.stdout"}
{"timestamp":"2026-05-05T12:25:09.313546Z","level":"info","event":"inlets: []","logger":"task.stdout"}
{"timestamp":"2026-05-05T12:25:09.314271Z","level":"info","event":"map_index_template: None","logger":"task.stdout"}
{"timestamp":"2026-05-05T12:25:09.316204Z","level":"info","event":"outlets: []","logger":"task.stdout"}
{"timestamp":"2026-05-05T12:25:09.316858Z","level":"info","event":"run_id: scheduled__2025-05-01T12:00:00+00:00","logger":"task.stdout"}
{"timestamp":"2026-05-05T12:25:09.319698Z","level":"info","event":"task: <Task(PythonOperator): print_interval>","logger":"task.stdout"}
{"timestamp":"2026-05-05T12:25:09.320324Z","level":"info","event":"task_instance: id=UUID('019df819-68a5-7d59-bb85-845fb7549d0c') task_id='print_interval' dag_id='print_interval_dag' run_id='scheduled__2025-05-01T12:00:00+00:00' try_number=1 dag_version_id=UUID('019df815-a045-750b-bac8-47ced7cc6a45') map_index=-1 hostname='86abe326db93' context_carrier={'traceparent': '00-206b47aff03692046bfa801c791dff8c-e2554135b5ce9449-01'} task=<Task(PythonOperator): print_interval> bundle_instance=LocalDagBundle(name=dags-folder) max_tries=0 start_date=datetime.datetime(2026, 5, 5, 12, 25, 8, 372595, tzinfo=datetime.timezone.utc) end_date=None state=<TaskInstanceState.RUNNING: 'running'> is_mapped=False rendered_map_index=None sentry_integration=''","logger":"task.stdout"}
{"timestamp":"2026-05-05T12:25:09.324833Z","level":"info","event":"ti: id=UUID('019df819-68a5-7d59-bb85-845fb7549d0c') task_id='print_interval' dag_id='print_interval_dag' run_id='scheduled__2025-05-01T12:00:00+00:00' try_number=1 dag_version_id=UUID('019df815-a045-750b-bac8-47ced7cc6a45') map_index=-1 hostname='86abe326db93' context_carrier={'traceparent': '00-206b47aff03692046bfa801c791dff8c-e2554135b5ce9449-01'} task=<Task(PythonOperator): print_interval> bundle_instance=LocalDagBundle(name=dags-folder) max_tries=0 start_date=datetime.datetime(2026, 5, 5, 12, 25, 8, 372595, tzinfo=datetime.timezone.utc) end_date=None state=<TaskInstanceState.RUNNING: 'running'> is_mapped=False rendered_map_index=None sentry_integration=''","logger":"task.stdout"}
{"timestamp":"2026-05-05T12:25:09.325470Z","level":"info","event":"outlet_events: OutletEventAccessors(_dict={})","logger":"task.stdout"}
{"timestamp":"2026-05-05T12:25:09.326001Z","level":"info","event":"inlet_events: InletEventsAccessors(_inlets=[], _assets={}, _asset_aliases={})","logger":"task.stdout"}
{"timestamp":"2026-05-05T12:25:09.326937Z","level":"info","event":"macros: <MacrosAccessor (dynamic access to macros)>","logger":"task.stdout"}
{"timestamp":"2026-05-05T12:25:09.327499Z","level":"info","event":"params: {}","logger":"task.stdout"}
{"timestamp":"2026-05-05T12:25:09.328903Z","level":"info","event":"var: {'json': <VariableAccessor (dynamic access)>, 'value': <VariableAccessor (dynamic access)>}","logger":"task.stdout"}
{"timestamp":"2026-05-05T12:25:09.329441Z","level":"info","event":"conn: <ConnectionAccessor (dynamic access)>","logger":"task.stdout"}
{"timestamp":"2026-05-05T12:25:09.329963Z","level":"info","event":"dag_run: dag_id='print_interval_dag' run_id='scheduled__2025-05-01T12:00:00+00:00' logical_date=datetime.datetime(2025, 5, 1, 12, 0, tzinfo=datetime.timezone.utc) data_interval_start=datetime.datetime(2025, 5, 1, 12, 0, tzinfo=datetime.timezone.utc) data_interval_end=datetime.datetime(2025, 5, 1, 12, 0, tzinfo=datetime.timezone.utc) run_after=datetime.datetime(2025, 5, 1, 12, 0, tzinfo=datetime.timezone.utc) start_date=datetime.datetime(2026, 5, 5, 12, 25, 8, 32074, tzinfo=datetime.timezone.utc) end_date=None clear_number=0 run_type=<DagRunType.SCHEDULED: 'scheduled'> state=<DagRunState.RUNNING: 'running'> conf={} triggering_user_name=None consumed_asset_events=[] partition_key=None note=None","logger":"task.stdout"}
{"timestamp":"2026-05-05T12:25:09.330382Z","level":"info","event":"triggering_asset_events: TriggeringAssetEventAccessor(_events=defaultdict(<class 'list'>, {}))","logger":"task.stdout"}
{"timestamp":"2026-05-05T12:25:09.330932Z","level":"info","event":"task_instance_key_str: print_interval_dag__print_interval__20250501","logger":"task.stdout"}
{"timestamp":"2026-05-05T12:25:09.331349Z","level":"info","event":"task_reschedule_count: 0","logger":"task.stdout"}
{"timestamp":"2026-05-05T12:25:09.356991Z","level":"info","event":"prev_start_date_success: 2026-05-05 12:25:07.155073+00:00","logger":"task.stdout"}
{"timestamp":"2026-05-05T12:25:09.357679Z","level":"info","event":"prev_end_date_success: 2026-05-05 12:25:08.956691+00:00","logger":"task.stdout"}
{"timestamp":"2026-05-05T12:25:09.358443Z","level":"info","event":"logical_date: 2025-05-01 12:00:00+00:00","logger":"task.stdout"}
{"timestamp":"2026-05-05T12:25:09.359014Z","level":"info","event":"ds: 2025-05-01","logger":"task.stdout"}
{"timestamp":"2026-05-05T12:25:09.359769Z","level":"info","event":"ds_nodash: 20250501","logger":"task.stdout"}
{"timestamp":"2026-05-05T12:25:09.360255Z","level":"info","event":"ts: 2025-05-01T12:00:00+00:00","logger":"task.stdout"}
{"timestamp":"2026-05-05T12:25:09.360651Z","level":"info","event":"ts_nodash: 20250501T120000","logger":"task.stdout"}
{"timestamp":"2026-05-05T12:25:09.361116Z","level":"info","event":"ts_nodash_with_tz: 20250501T120000+0000","logger":"task.stdout"}
{"timestamp":"2026-05-05T12:25:09.361703Z","level":"info","event":"data_interval_end: 2025-05-01 12:00:00+00:00","logger":"task.stdout"}
{"timestamp":"2026-05-05T12:25:09.362290Z","level":"info","event":"data_interval_start: 2025-05-01 12:00:00+00:00","logger":"task.stdout"}
{"timestamp":"2026-05-05T12:25:09.362742Z","level":"info","event":"prev_data_interval_start_success: 2025-05-01 06:00:00+00:00","logger":"task.stdout"}
{"timestamp":"2026-05-05T12:25:09.363246Z","level":"info","event":"prev_data_interval_end_success: 2025-05-01 06:00:00+00:00","logger":"task.stdout"}
{"timestamp":"2026-05-05T12:25:09.363639Z","level":"info","event":"templates_dict: None","logger":"task.stdout"}
{"timestamp":"2026-05-05T12:25:09.356509Z","level":"info","event":"Done. Returned value was: None","logger":"airflow.task.operators.airflow.providers.standard.operators.python.PythonOperator","filename":"python.py","lineno":229}
{"timestamp":"2026-05-05T12:25:09.419897Z","level":"info","event":"Task instance in success state","logger":"task.stdout"}
{"timestamp":"2026-05-05T12:25:09.420748Z","level":"info","event":" Previous state of the Task instance: TaskInstanceState.RUNNING","logger":"task.stdout"}
{"timestamp":"2026-05-05T12:25:09.426130Z","level":"info","event":"Task operator:<Task(PythonOperator): print_interval>","logger":"task.stdout"}
