{"timestamp":"2026-05-05T10:59:57.321796Z","level":"info","event":"DAG bundles loaded: dags-folder, example_dags","logger":"airflow.dag_processing.bundles.manager.DagBundlesManager","filename":"manager.py","lineno":209}
{"timestamp":"2026-05-05T10:59:57.323569Z","level":"info","event":"Filling up the DagBag from /opt/airflow/dags/print_interval_dag.py","logger":"airflow.dag_processing.dagbag.BundleDagBag","filename":"dagbag.py","lineno":469}
{"timestamp":"2026-05-05T10:59:57.334488Z","level":"warning","event":"The `airflow.operators.python.PythonOperator` attribute is deprecated. Please use `'airflow.providers.standard.operators.python.PythonOperator'`.","category":"UserWarning","filename":"/opt/airflow/dags/print_interval_dag.py","lineno":2,"logger":"py.warnings"}
{"timestamp":"2026-05-05T10:59:57.395468Z","level":"info","event":"Task instance is in running state","logger":"task.stdout"}
{"timestamp":"2026-05-05T10:59:57.396024Z","level":"info","event":" Previous state of the Task instance: TaskInstanceState.QUEUED","logger":"task.stdout"}
{"timestamp":"2026-05-05T10:59:57.396518Z","level":"info","event":"Current task name:print_interval","logger":"task.stdout"}
{"timestamp":"2026-05-05T10:59:57.396958Z","level":"info","event":"Dag name:print_interval_dag","logger":"task.stdout"}
{"timestamp":"2026-05-05T10:59:57.400719Z","level":"info","event":"Interval Start: 2026-05-04 09:00:00+00:00","logger":"task.stdout"}
{"timestamp":"2026-05-05T10:59:57.401872Z","level":"info","event":"Interval End:   2026-05-04 09:00:00+00:00","logger":"task.stdout"}
{"timestamp":"2026-05-05T10:59:57.401166Z","level":"info","event":"Done. Returned value was: None","logger":"airflow.task.operators.airflow.providers.standard.operators.python.PythonOperator","filename":"python.py","lineno":229}
{"timestamp":"2026-05-05T10:59:57.475727Z","level":"info","event":"Task instance in success state","logger":"task.stdout"}
{"timestamp":"2026-05-05T10:59:57.476524Z","level":"info","event":" Previous state of the Task instance: TaskInstanceState.RUNNING","logger":"task.stdout"}
{"timestamp":"2026-05-05T10:59:57.477081Z","level":"info","event":"Task operator:<Task(PythonOperator): print_interval>","logger":"task.stdout"}
{"timestamp":"2026-05-05T12:36:43.729509Z","level":"info","event":"DAG bundles loaded: dags-folder, example_dags","logger":"airflow.dag_processing.bundles.manager.DagBundlesManager","filename":"manager.py","lineno":209}
{"timestamp":"2026-05-05T12:36:43.731020Z","level":"info","event":"Filling up the DagBag from /opt/airflow/dags/print_interval_dag.py","logger":"airflow.dag_processing.dagbag.BundleDagBag","filename":"dagbag.py","lineno":469}
{"timestamp":"2026-05-05T12:36:43.800384Z","level":"info","event":"Task instance is in running state","logger":"task.stdout"}
{"timestamp":"2026-05-05T12:36:43.801028Z","level":"info","event":" Previous state of the Task instance: TaskInstanceState.QUEUED","logger":"task.stdout"}
{"timestamp":"2026-05-05T12:36:43.801882Z","level":"info","event":"Current task name:print_interval","logger":"task.stdout"}
{"timestamp":"2026-05-05T12:36:43.803193Z","level":"info","event":"Dag name:print_interval_dag","logger":"task.stdout"}
{"timestamp":"2026-05-05T12:36:43.804820Z","level":"info","event":"=== INTERVAL INFO ===","logger":"task.stdout"}
{"timestamp":"2026-05-05T12:36:43.805808Z","level":"info","event":"Interval Start:  2026-05-04 09:00:00+00:00","logger":"task.stdout"}
{"timestamp":"2026-05-05T12:36:43.806252Z","level":"info","event":"Interval End:    2026-05-04 09:00:00+00:00","logger":"task.stdout"}
{"timestamp":"2026-05-05T12:36:43.806761Z","level":"info","event":"Duration:        <Interval [2026-05-04 09:00:00+00:00 -> 2026-05-04 09:00:00+00:00]>","logger":"task.stdout"}
{"timestamp":"2026-05-05T12:36:43.807137Z","level":"info","event":"=== ALL AVAILABLE MACROS ===","logger":"task.stdout"}
{"timestamp":"2026-05-05T12:36:43.807573Z","level":"info","event":"dag: <DAG: print_interval_dag>","logger":"task.stdout"}
{"timestamp":"2026-05-05T12:36:43.808101Z","level":"info","event":"inlets: []","logger":"task.stdout"}
{"timestamp":"2026-05-05T12:36:43.808759Z","level":"info","event":"map_index_template: None","logger":"task.stdout"}
{"timestamp":"2026-05-05T12:36:43.809114Z","level":"info","event":"outlets: []","logger":"task.stdout"}
{"timestamp":"2026-05-05T12:36:43.809533Z","level":"info","event":"run_id: scheduled__2026-05-04T09:00:00+00:00","logger":"task.stdout"}
{"timestamp":"2026-05-05T12:36:43.810201Z","level":"info","event":"task: <Task(PythonOperator): print_interval>","logger":"task.stdout"}
{"timestamp":"2026-05-05T12:36:43.810908Z","level":"info","event":"task_instance: id=UUID('019df824-0044-7441-a008-12e8a594163e') task_id='print_interval' dag_id='print_interval_dag' run_id='scheduled__2026-05-04T09:00:00+00:00' try_number=1 dag_version_id=UUID('019df823-45c2-7d20-afca-e010bf7e0ba7') map_index=-1 hostname='86abe326db93' context_carrier={'traceparent': '00-47289535c773656c257b7e30b0a8715e-27c9b401da6e9bbd-01'} task=<Task(PythonOperator): print_interval> bundle_instance=LocalDagBundle(name=dags-folder) max_tries=0 start_date=datetime.datetime(2026, 5, 5, 12, 36, 42, 644138, tzinfo=datetime.timezone.utc) end_date=None state=<TaskInstanceState.RUNNING: 'running'> is_mapped=False rendered_map_index=None sentry_integration=''","logger":"task.stdout"}
{"timestamp":"2026-05-05T12:36:43.811853Z","level":"info","event":"ti: id=UUID('019df824-0044-7441-a008-12e8a594163e') task_id='print_interval' dag_id='print_interval_dag' run_id='scheduled__2026-05-04T09:00:00+00:00' try_number=1 dag_version_id=UUID('019df823-45c2-7d20-afca-e010bf7e0ba7') map_index=-1 hostname='86abe326db93' context_carrier={'traceparent': '00-47289535c773656c257b7e30b0a8715e-27c9b401da6e9bbd-01'} task=<Task(PythonOperator): print_interval> bundle_instance=LocalDagBundle(name=dags-folder) max_tries=0 start_date=datetime.datetime(2026, 5, 5, 12, 36, 42, 644138, tzinfo=datetime.timezone.utc) end_date=None state=<TaskInstanceState.RUNNING: 'running'> is_mapped=False rendered_map_index=None sentry_integration=''","logger":"task.stdout"}
{"timestamp":"2026-05-05T12:36:43.812326Z","level":"info","event":"outlet_events: OutletEventAccessors(_dict={})","logger":"task.stdout"}
{"timestamp":"2026-05-05T12:36:43.812602Z","level":"info","event":"inlet_events: InletEventsAccessors(_inlets=[], _assets={}, _asset_aliases={})","logger":"task.stdout"}
{"timestamp":"2026-05-05T12:36:43.812956Z","level":"info","event":"macros: <MacrosAccessor (dynamic access to macros)>","logger":"task.stdout"}
{"timestamp":"2026-05-05T12:36:43.813266Z","level":"info","event":"params: {}","logger":"task.stdout"}
{"timestamp":"2026-05-05T12:36:43.813578Z","level":"info","event":"var: {'json': <VariableAccessor (dynamic access)>, 'value': <VariableAccessor (dynamic access)>}","logger":"task.stdout"}
{"timestamp":"2026-05-05T12:36:43.814044Z","level":"info","event":"conn: <ConnectionAccessor (dynamic access)>","logger":"task.stdout"}
{"timestamp":"2026-05-05T12:36:43.814271Z","level":"info","event":"dag_run: dag_id='print_interval_dag' run_id='scheduled__2026-05-04T09:00:00+00:00' logical_date=datetime.datetime(2026, 5, 4, 9, 0, tzinfo=datetime.timezone.utc) data_interval_start=datetime.datetime(2026, 5, 4, 9, 0, tzinfo=datetime.timezone.utc) data_interval_end=datetime.datetime(2026, 5, 4, 9, 0, tzinfo=datetime.timezone.utc) run_after=datetime.datetime(2026, 5, 4, 9, 0, tzinfo=datetime.timezone.utc) start_date=datetime.datetime(2026, 5, 5, 12, 36, 42, 208914, tzinfo=datetime.timezone.utc) end_date=None clear_number=0 run_type=<DagRunType.SCHEDULED: 'scheduled'> state=<DagRunState.RUNNING: 'running'> conf={} triggering_user_name=None consumed_asset_events=[] partition_key=None note=None","logger":"task.stdout"}
{"timestamp":"2026-05-05T12:36:43.814569Z","level":"info","event":"triggering_asset_events: TriggeringAssetEventAccessor(_events=defaultdict(<class 'list'>, {}))","logger":"task.stdout"}
{"timestamp":"2026-05-05T12:36:43.815008Z","level":"info","event":"task_instance_key_str: print_interval_dag__print_interval__20260504","logger":"task.stdout"}
{"timestamp":"2026-05-05T12:36:43.816217Z","level":"info","event":"task_reschedule_count: 0","logger":"task.stdout"}
{"timestamp":"2026-05-05T12:36:43.838423Z","level":"info","event":"prev_start_date_success: 2026-05-05 12:36:41.315690+00:00","logger":"task.stdout"}
{"timestamp":"2026-05-05T12:36:43.839209Z","level":"info","event":"prev_end_date_success: 2026-05-05 12:36:43.325917+00:00","logger":"task.stdout"}
{"timestamp":"2026-05-05T12:36:43.840252Z","level":"info","event":"logical_date: 2026-05-04 09:00:00+00:00","logger":"task.stdout"}
{"timestamp":"2026-05-05T12:36:43.841742Z","level":"info","event":"ds: 2026-05-04","logger":"task.stdout"}
{"timestamp":"2026-05-05T12:36:43.842362Z","level":"info","event":"ds_nodash: 20260504","logger":"task.stdout"}
{"timestamp":"2026-05-05T12:36:43.843449Z","level":"info","event":"ts: 2026-05-04T09:00:00+00:00","logger":"task.stdout"}
{"timestamp":"2026-05-05T12:36:43.844249Z","level":"info","event":"ts_nodash: 20260504T090000","logger":"task.stdout"}
{"timestamp":"2026-05-05T12:36:43.846437Z","level":"info","event":"ts_nodash_with_tz: 20260504T090000+0000","logger":"task.stdout"}
{"timestamp":"2026-05-05T12:36:43.847796Z","level":"info","event":"data_interval_end: 2026-05-04 09:00:00+00:00","logger":"task.stdout"}
{"timestamp":"2026-05-05T12:36:43.848454Z","level":"info","event":"data_interval_start: 2026-05-04 09:00:00+00:00","logger":"task.stdout"}
{"timestamp":"2026-05-05T12:36:43.849466Z","level":"info","event":"prev_data_interval_start_success: 2026-05-04 03:00:00+00:00","logger":"task.stdout"}
{"timestamp":"2026-05-05T12:36:43.850066Z","level":"info","event":"prev_data_interval_end_success: 2026-05-04 03:00:00+00:00","logger":"task.stdout"}
{"timestamp":"2026-05-05T12:36:43.850699Z","level":"info","event":"templates_dict: None","logger":"task.stdout"}
{"timestamp":"2026-05-05T12:36:43.838586Z","level":"info","event":"Done. Returned value was: None","logger":"airflow.task.operators.airflow.providers.standard.operators.python.PythonOperator","filename":"python.py","lineno":229}
{"timestamp":"2026-05-05T12:36:43.898857Z","level":"info","event":"Task instance in success state","logger":"task.stdout"}
{"timestamp":"2026-05-05T12:36:43.900437Z","level":"info","event":" Previous state of the Task instance: TaskInstanceState.RUNNING","logger":"task.stdout"}
{"timestamp":"2026-05-05T12:36:43.901547Z","level":"info","event":"Task operator:<Task(PythonOperator): print_interval>","logger":"task.stdout"}
{"timestamp":"2026-05-05T13:23:56.504485Z","level":"info","event":"DAG bundles loaded: dags-folder, example_dags","logger":"airflow.dag_processing.bundles.manager.DagBundlesManager","filename":"manager.py","lineno":209}
{"timestamp":"2026-05-05T13:23:56.506731Z","level":"info","event":"Filling up the DagBag from /opt/airflow/dags/print_interval_dag.py","logger":"airflow.dag_processing.dagbag.BundleDagBag","filename":"dagbag.py","lineno":469}
{"timestamp":"2026-05-05T13:23:56.651925Z","level":"info","event":"Task instance is in running state","logger":"task.stdout"}
{"timestamp":"2026-05-05T13:23:56.654124Z","level":"info","event":" Previous state of the Task instance: TaskInstanceState.QUEUED","logger":"task.stdout"}
{"timestamp":"2026-05-05T13:23:56.665570Z","level":"info","event":"Current task name:print_interval","logger":"task.stdout"}
{"timestamp":"2026-05-05T13:23:56.694562Z","level":"info","event":"Dag name:print_interval_dag","logger":"task.stdout"}
{"timestamp":"2026-05-05T13:23:56.695469Z","level":"info","event":"=== INTERVAL INFO ===","logger":"task.stdout"}
{"timestamp":"2026-05-05T13:23:56.705581Z","level":"info","event":"Interval Start:  2026-05-04 09:00:00+00:00","logger":"task.stdout"}
{"timestamp":"2026-05-05T13:23:56.712076Z","level":"info","event":"Interval End:    2026-05-04 09:00:00+00:00","logger":"task.stdout"}
{"timestamp":"2026-05-05T13:23:56.713495Z","level":"info","event":"Duration:        0:00:00","logger":"task.stdout"}
{"timestamp":"2026-05-05T13:23:56.716072Z","level":"info","event":"=== ALL AVAILABLE MACROS ===","logger":"task.stdout"}
{"timestamp":"2026-05-05T13:23:56.724494Z","level":"info","event":"dag: <DAG: print_interval_dag>","logger":"task.stdout"}
{"timestamp":"2026-05-05T13:23:56.725401Z","level":"info","event":"inlets: []","logger":"task.stdout"}
{"timestamp":"2026-05-05T13:23:56.726048Z","level":"info","event":"map_index_template: None","logger":"task.stdout"}
{"timestamp":"2026-05-05T13:23:56.727158Z","level":"info","event":"outlets: []","logger":"task.stdout"}
{"timestamp":"2026-05-05T13:23:56.729436Z","level":"info","event":"run_id: scheduled__2026-05-04T09:00:00+00:00","logger":"task.stdout"}
{"timestamp":"2026-05-05T13:23:56.730817Z","level":"info","event":"task: <Task(PythonOperator): print_interval>","logger":"task.stdout"}
{"timestamp":"2026-05-05T13:23:56.740746Z","level":"info","event":"task_instance: id=UUID('019df84f-38ed-71fe-a92e-af2bfee8d1b5') task_id='print_interval' dag_id='print_interval_dag' run_id='scheduled__2026-05-04T09:00:00+00:00' try_number=1 dag_version_id=UUID('019df84c-bf62-7f14-8fe7-d050202e4827') map_index=-1 hostname='86abe326db93' context_carrier={'traceparent': '00-c9592ce57fb2e129c2ab6f65300a668a-70bacd0e31e0d6f0-01'} task=<Task(PythonOperator): print_interval> bundle_instance=LocalDagBundle(name=dags-folder) max_tries=0 start_date=datetime.datetime(2026, 5, 5, 13, 23, 55, 160474, tzinfo=datetime.timezone.utc) end_date=None state=<TaskInstanceState.RUNNING: 'running'> is_mapped=False rendered_map_index=None sentry_integration=''","logger":"task.stdout"}
{"timestamp":"2026-05-05T13:23:56.742046Z","level":"info","event":"ti: id=UUID('019df84f-38ed-71fe-a92e-af2bfee8d1b5') task_id='print_interval' dag_id='print_interval_dag' run_id='scheduled__2026-05-04T09:00:00+00:00' try_number=1 dag_version_id=UUID('019df84c-bf62-7f14-8fe7-d050202e4827') map_index=-1 hostname='86abe326db93' context_carrier={'traceparent': '00-c9592ce57fb2e129c2ab6f65300a668a-70bacd0e31e0d6f0-01'} task=<Task(PythonOperator): print_interval> bundle_instance=LocalDagBundle(name=dags-folder) max_tries=0 start_date=datetime.datetime(2026, 5, 5, 13, 23, 55, 160474, tzinfo=datetime.timezone.utc) end_date=None state=<TaskInstanceState.RUNNING: 'running'> is_mapped=False rendered_map_index=None sentry_integration=''","logger":"task.stdout"}
{"timestamp":"2026-05-05T13:23:56.743082Z","level":"info","event":"outlet_events: OutletEventAccessors(_dict={})","logger":"task.stdout"}
{"timestamp":"2026-05-05T13:23:56.744426Z","level":"info","event":"inlet_events: InletEventsAccessors(_inlets=[], _assets={}, _asset_aliases={})","logger":"task.stdout"}
{"timestamp":"2026-05-05T13:23:56.752778Z","level":"info","event":"macros: <MacrosAccessor (dynamic access to macros)>","logger":"task.stdout"}
{"timestamp":"2026-05-05T13:23:56.758586Z","level":"info","event":"params: {}","logger":"task.stdout"}
{"timestamp":"2026-05-05T13:23:56.761466Z","level":"info","event":"var: {'json': <VariableAccessor (dynamic access)>, 'value': <VariableAccessor (dynamic access)>}","logger":"task.stdout"}
{"timestamp":"2026-05-05T13:23:56.763106Z","level":"info","event":"conn: <ConnectionAccessor (dynamic access)>","logger":"task.stdout"}
{"timestamp":"2026-05-05T13:23:56.764053Z","level":"info","event":"dag_run: dag_id='print_interval_dag' run_id='scheduled__2026-05-04T09:00:00+00:00' logical_date=datetime.datetime(2026, 5, 4, 9, 0, tzinfo=datetime.timezone.utc) data_interval_start=datetime.datetime(2026, 5, 4, 9, 0, tzinfo=datetime.timezone.utc) data_interval_end=datetime.datetime(2026, 5, 4, 9, 0, tzinfo=datetime.timezone.utc) run_after=datetime.datetime(2026, 5, 4, 9, 0, tzinfo=datetime.timezone.utc) start_date=datetime.datetime(2026, 5, 5, 13, 23, 54, 762463, tzinfo=datetime.timezone.utc) end_date=None clear_number=0 run_type=<DagRunType.SCHEDULED: 'scheduled'> state=<DagRunState.RUNNING: 'running'> conf={} triggering_user_name=None consumed_asset_events=[] partition_key=None note=None","logger":"task.stdout"}
{"timestamp":"2026-05-05T13:23:56.767671Z","level":"info","event":"triggering_asset_events: TriggeringAssetEventAccessor(_events=defaultdict(<class 'list'>, {}))","logger":"task.stdout"}
{"timestamp":"2026-05-05T13:23:56.769293Z","level":"info","event":"task_instance_key_str: print_interval_dag__print_interval__20260504","logger":"task.stdout"}
{"timestamp":"2026-05-05T13:23:56.772388Z","level":"info","event":"task_reschedule_count: 0","logger":"task.stdout"}
{"timestamp":"2026-05-05T13:23:56.812035Z","level":"info","event":"prev_start_date_success: 2026-05-05 13:23:54.230926+00:00","logger":"task.stdout"}
{"timestamp":"2026-05-05T13:23:56.812636Z","level":"info","event":"prev_end_date_success: 2026-05-05 13:23:56.205390+00:00","logger":"task.stdout"}
{"timestamp":"2026-05-05T13:23:56.813209Z","level":"info","event":"logical_date: 2026-05-04 09:00:00+00:00","logger":"task.stdout"}
{"timestamp":"2026-05-05T13:23:56.814784Z","level":"info","event":"ds: 2026-05-04","logger":"task.stdout"}
{"timestamp":"2026-05-05T13:23:56.815236Z","level":"info","event":"ds_nodash: 20260504","logger":"task.stdout"}
{"timestamp":"2026-05-05T13:23:56.816876Z","level":"info","event":"ts: 2026-05-04T09:00:00+00:00","logger":"task.stdout"}
{"timestamp":"2026-05-05T13:23:56.817515Z","level":"info","event":"ts_nodash: 20260504T090000","logger":"task.stdout"}
{"timestamp":"2026-05-05T13:23:56.818254Z","level":"info","event":"ts_nodash_with_tz: 20260504T090000+0000","logger":"task.stdout"}
{"timestamp":"2026-05-05T13:23:56.819938Z","level":"info","event":"data_interval_end: 2026-05-04 09:00:00+00:00","logger":"task.stdout"}
{"timestamp":"2026-05-05T13:23:56.820427Z","level":"info","event":"data_interval_start: 2026-05-04 09:00:00+00:00","logger":"task.stdout"}
{"timestamp":"2026-05-05T13:23:56.821095Z","level":"info","event":"prev_data_interval_start_success: 2026-05-04 06:00:00+00:00","logger":"task.stdout"}
{"timestamp":"2026-05-05T13:23:56.823144Z","level":"info","event":"prev_data_interval_end_success: 2026-05-04 06:00:00+00:00","logger":"task.stdout"}
{"timestamp":"2026-05-05T13:23:56.825147Z","level":"info","event":"templates_dict: None","logger":"task.stdout"}
{"timestamp":"2026-05-05T13:23:56.811705Z","level":"info","event":"Done. Returned value was: None","logger":"airflow.task.operators.airflow.providers.standard.operators.python.PythonOperator","filename":"python.py","lineno":229}
{"timestamp":"2026-05-05T13:23:56.875031Z","level":"info","event":"Task instance in success state","logger":"task.stdout"}
{"timestamp":"2026-05-05T13:23:56.876844Z","level":"info","event":" Previous state of the Task instance: TaskInstanceState.RUNNING","logger":"task.stdout"}
{"timestamp":"2026-05-05T13:23:56.877385Z","level":"info","event":"Task operator:<Task(PythonOperator): print_interval>","logger":"task.stdout"}
{"timestamp":"2026-05-05T13:54:03.481667Z","level":"info","event":"DAG bundles loaded: dags-folder, example_dags","logger":"airflow.dag_processing.bundles.manager.DagBundlesManager","filename":"manager.py","lineno":209}
{"timestamp":"2026-05-05T13:54:03.482901Z","level":"info","event":"Filling up the DagBag from /opt/airflow/dags/print_interval_dag.py","logger":"airflow.dag_processing.dagbag.BundleDagBag","filename":"dagbag.py","lineno":469}
{"timestamp":"2026-05-05T13:54:03.531397Z","level":"info","event":"Task instance is in running state","logger":"task.stdout"}
{"timestamp":"2026-05-05T13:54:03.531878Z","level":"info","event":" Previous state of the Task instance: TaskInstanceState.QUEUED","logger":"task.stdout"}
{"timestamp":"2026-05-05T13:54:03.532545Z","level":"info","event":"Current task name:print_interval","logger":"task.stdout"}
{"timestamp":"2026-05-05T13:54:03.533057Z","level":"info","event":"Dag name:print_interval_dag","logger":"task.stdout"}
{"timestamp":"2026-05-05T13:54:03.534236Z","level":"info","event":"=== INTERVAL INFO ===","logger":"task.stdout"}
{"timestamp":"2026-05-05T13:54:03.534773Z","level":"info","event":"Interval Start:  2026-05-04 09:00:00+00:00","logger":"task.stdout"}
{"timestamp":"2026-05-05T13:54:03.535147Z","level":"info","event":"Interval End:    2026-05-04 12:00:00+00:00","logger":"task.stdout"}
{"timestamp":"2026-05-05T13:54:03.535517Z","level":"info","event":"Duration:        3:00:00","logger":"task.stdout"}
{"timestamp":"2026-05-05T13:54:03.535856Z","level":"info","event":"=== ALL AVAILABLE MACROS ===","logger":"task.stdout"}
{"timestamp":"2026-05-05T13:54:03.537001Z","level":"info","event":"dag: <DAG: print_interval_dag>","logger":"task.stdout"}
{"timestamp":"2026-05-05T13:54:03.537526Z","level":"info","event":"inlets: []","logger":"task.stdout"}
{"timestamp":"2026-05-05T13:54:03.538094Z","level":"info","event":"map_index_template: None","logger":"task.stdout"}
{"timestamp":"2026-05-05T13:54:03.538692Z","level":"info","event":"outlets: []","logger":"task.stdout"}
{"timestamp":"2026-05-05T13:54:03.539194Z","level":"info","event":"run_id: scheduled__2026-05-04T09:00:00+00:00","logger":"task.stdout"}
{"timestamp":"2026-05-05T13:54:03.539605Z","level":"info","event":"task: <Task(PythonOperator): print_interval>","logger":"task.stdout"}
{"timestamp":"2026-05-05T13:54:03.540295Z","level":"info","event":"task_instance: id=UUID('019df86a-ce13-707f-91b0-ea2baa9b6c7b') task_id='print_interval' dag_id='print_interval_dag' run_id='scheduled__2026-05-04T09:00:00+00:00' try_number=1 dag_version_id=UUID('019df868-e424-75da-84ee-f728e7b06374') map_index=-1 hostname='86abe326db93' context_carrier={'traceparent': '00-0a466a5d7dac497e03655478cadb5cd3-5158c7c404d79ede-01'} task=<Task(PythonOperator): print_interval> bundle_instance=LocalDagBundle(name=dags-folder) max_tries=0 start_date=datetime.datetime(2026, 5, 5, 13, 54, 2, 698728, tzinfo=datetime.timezone.utc) end_date=None state=<TaskInstanceState.RUNNING: 'running'> is_mapped=False rendered_map_index=None sentry_integration=''","logger":"task.stdout"}
{"timestamp":"2026-05-05T13:54:03.540986Z","level":"info","event":"ti: id=UUID('019df86a-ce13-707f-91b0-ea2baa9b6c7b') task_id='print_interval' dag_id='print_interval_dag' run_id='scheduled__2026-05-04T09:00:00+00:00' try_number=1 dag_version_id=UUID('019df868-e424-75da-84ee-f728e7b06374') map_index=-1 hostname='86abe326db93' context_carrier={'traceparent': '00-0a466a5d7dac497e03655478cadb5cd3-5158c7c404d79ede-01'} task=<Task(PythonOperator): print_interval> bundle_instance=LocalDagBundle(name=dags-folder) max_tries=0 start_date=datetime.datetime(2026, 5, 5, 13, 54, 2, 698728, tzinfo=datetime.timezone.utc) end_date=None state=<TaskInstanceState.RUNNING: 'running'> is_mapped=False rendered_map_index=None sentry_integration=''","logger":"task.stdout"}
{"timestamp":"2026-05-05T13:54:03.541570Z","level":"info","event":"outlet_events: OutletEventAccessors(_dict={})","logger":"task.stdout"}
{"timestamp":"2026-05-05T13:54:03.541963Z","level":"info","event":"inlet_events: InletEventsAccessors(_inlets=[], _assets={}, _asset_aliases={})","logger":"task.stdout"}
{"timestamp":"2026-05-05T13:54:03.542345Z","level":"info","event":"macros: <MacrosAccessor (dynamic access to macros)>","logger":"task.stdout"}
{"timestamp":"2026-05-05T13:54:03.542764Z","level":"info","event":"params: {}","logger":"task.stdout"}
{"timestamp":"2026-05-05T13:54:03.543229Z","level":"info","event":"var: {'json': <VariableAccessor (dynamic access)>, 'value': <VariableAccessor (dynamic access)>}","logger":"task.stdout"}
{"timestamp":"2026-05-05T13:54:03.543827Z","level":"info","event":"conn: <ConnectionAccessor (dynamic access)>","logger":"task.stdout"}
{"timestamp":"2026-05-05T13:54:03.544291Z","level":"info","event":"dag_run: dag_id='print_interval_dag' run_id='scheduled__2026-05-04T09:00:00+00:00' logical_date=datetime.datetime(2026, 5, 4, 9, 0, tzinfo=datetime.timezone.utc) data_interval_start=datetime.datetime(2026, 5, 4, 9, 0, tzinfo=datetime.timezone.utc) data_interval_end=datetime.datetime(2026, 5, 4, 9, 0, tzinfo=datetime.timezone.utc) run_after=datetime.datetime(2026, 5, 4, 9, 0, tzinfo=datetime.timezone.utc) start_date=datetime.datetime(2026, 5, 5, 13, 54, 2, 410654, tzinfo=datetime.timezone.utc) end_date=None clear_number=0 run_type=<DagRunType.SCHEDULED: 'scheduled'> state=<DagRunState.RUNNING: 'running'> conf={} triggering_user_name=None consumed_asset_events=[] partition_key=None note=None","logger":"task.stdout"}
{"timestamp":"2026-05-05T13:54:03.544631Z","level":"info","event":"triggering_asset_events: TriggeringAssetEventAccessor(_events=defaultdict(<class 'list'>, {}))","logger":"task.stdout"}
{"timestamp":"2026-05-05T13:54:03.545502Z","level":"info","event":"task_instance_key_str: print_interval_dag__print_interval__20260504","logger":"task.stdout"}
{"timestamp":"2026-05-05T13:54:03.546035Z","level":"info","event":"task_reschedule_count: 0","logger":"task.stdout"}
{"timestamp":"2026-05-05T13:54:03.565861Z","level":"info","event":"prev_start_date_success: 2026-05-05 13:54:01.471621+00:00","logger":"task.stdout"}
{"timestamp":"2026-05-05T13:54:03.566541Z","level":"info","event":"prev_end_date_success: 2026-05-05 13:54:03.216142+00:00","logger":"task.stdout"}
{"timestamp":"2026-05-05T13:54:03.567085Z","level":"info","event":"logical_date: 2026-05-04 09:00:00+00:00","logger":"task.stdout"}
{"timestamp":"2026-05-05T13:54:03.567552Z","level":"info","event":"ds: 2026-05-04","logger":"task.stdout"}
{"timestamp":"2026-05-05T13:54:03.568086Z","level":"info","event":"ds_nodash: 20260504","logger":"task.stdout"}
{"timestamp":"2026-05-05T13:54:03.568843Z","level":"info","event":"ts: 2026-05-04T09:00:00+00:00","logger":"task.stdout"}
{"timestamp":"2026-05-05T13:54:03.569477Z","level":"info","event":"ts_nodash: 20260504T090000","logger":"task.stdout"}
{"timestamp":"2026-05-05T13:54:03.570086Z","level":"info","event":"ts_nodash_with_tz: 20260504T090000+0000","logger":"task.stdout"}
{"timestamp":"2026-05-05T13:54:03.570515Z","level":"info","event":"data_interval_end: 2026-05-04 09:00:00+00:00","logger":"task.stdout"}
{"timestamp":"2026-05-05T13:54:03.570989Z","level":"info","event":"data_interval_start: 2026-05-04 09:00:00+00:00","logger":"task.stdout"}
{"timestamp":"2026-05-05T13:54:03.571568Z","level":"info","event":"prev_data_interval_start_success: 2026-05-04 03:00:00+00:00","logger":"task.stdout"}
{"timestamp":"2026-05-05T13:54:03.572146Z","level":"info","event":"prev_data_interval_end_success: 2026-05-04 03:00:00+00:00","logger":"task.stdout"}
{"timestamp":"2026-05-05T13:54:03.572731Z","level":"info","event":"templates_dict: None","logger":"task.stdout"}
{"timestamp":"2026-05-05T13:54:03.566333Z","level":"info","event":"Done. Returned value was: None","logger":"airflow.task.operators.airflow.providers.standard.operators.python.PythonOperator","filename":"python.py","lineno":229}
{"timestamp":"2026-05-05T13:54:03.603095Z","level":"info","event":"Task instance in success state","logger":"task.stdout"}
{"timestamp":"2026-05-05T13:54:03.603706Z","level":"info","event":" Previous state of the Task instance: TaskInstanceState.RUNNING","logger":"task.stdout"}
{"timestamp":"2026-05-05T13:54:03.607425Z","level":"info","event":"Task operator:<Task(PythonOperator): print_interval>","logger":"task.stdout"}
{"timestamp":"2026-05-06T14:47:23.390383Z","level":"info","event":"DAG bundles loaded: dags-folder, example_dags","logger":"airflow.dag_processing.bundles.manager.DagBundlesManager","filename":"manager.py","lineno":209}
{"timestamp":"2026-05-06T14:47:23.392551Z","level":"info","event":"Filling up the DagBag from /opt/airflow/dags/print_interval_dag.py","logger":"airflow.dag_processing.dagbag.BundleDagBag","filename":"dagbag.py","lineno":469}
{"timestamp":"2026-05-06T14:47:23.516529Z","level":"info","event":"Task instance is in running state","logger":"task.stdout"}
{"timestamp":"2026-05-06T14:47:23.517509Z","level":"info","event":" Previous state of the Task instance: TaskInstanceState.QUEUED","logger":"task.stdout"}
{"timestamp":"2026-05-06T14:47:23.518971Z","level":"info","event":"Current task name:print_interval","logger":"task.stdout"}
{"timestamp":"2026-05-06T14:47:23.521844Z","level":"info","event":"Dag name:print_interval_dag","logger":"task.stdout"}
{"timestamp":"2026-05-06T14:47:23.536499Z","level":"info","event":"=== INTERVAL INFO ===","logger":"task.stdout"}
{"timestamp":"2026-05-06T14:47:23.537559Z","level":"info","event":"Interval Start:  2026-05-04 09:00:00+00:00","logger":"task.stdout"}
{"timestamp":"2026-05-06T14:47:23.538176Z","level":"info","event":"Interval End:    2026-05-04 09:00:00+00:00","logger":"task.stdout"}
{"timestamp":"2026-05-06T14:47:23.548619Z","level":"info","event":"Duration:        0:00:00","logger":"task.stdout"}
{"timestamp":"2026-05-06T14:47:23.552742Z","level":"info","event":"=== ALL AVAILABLE MACROS ===","logger":"task.stdout"}
{"timestamp":"2026-05-06T14:47:23.572287Z","level":"info","event":"dag: <DAG: print_interval_dag>","logger":"task.stdout"}
{"timestamp":"2026-05-06T14:47:23.573180Z","level":"info","event":"inlets: []","logger":"task.stdout"}
{"timestamp":"2026-05-06T14:47:23.574548Z","level":"info","event":"map_index_template: None","logger":"task.stdout"}
{"timestamp":"2026-05-06T14:47:23.575486Z","level":"info","event":"outlets: []","logger":"task.stdout"}
{"timestamp":"2026-05-06T14:47:23.580578Z","level":"info","event":"run_id: scheduled__2026-05-04T09:00:00+00:00","logger":"task.stdout"}
{"timestamp":"2026-05-06T14:47:23.581124Z","level":"info","event":"task: <Task(PythonOperator): print_interval>","logger":"task.stdout"}
{"timestamp":"2026-05-06T14:47:23.583325Z","level":"info","event":"task_instance: id=UUID('019dfdc1-fb13-7a74-a5f5-aa8e08256215') task_id='print_interval' dag_id='print_interval_dag' run_id='scheduled__2026-05-04T09:00:00+00:00' try_number=1 dag_version_id=UUID('019dfdc0-ac2b-7973-9b93-eab8e640e2bd') map_index=-1 hostname='86abe326db93' context_carrier={'traceparent': '00-011dc38bec649d028aeae0668c8049ce-fe8701474d5b70c0-01'} task=<Task(PythonOperator): print_interval> bundle_instance=LocalDagBundle(name=dags-folder) max_tries=0 start_date=datetime.datetime(2026, 5, 6, 14, 47, 22, 73811, tzinfo=datetime.timezone.utc) end_date=None state=<TaskInstanceState.RUNNING: 'running'> is_mapped=False rendered_map_index=None sentry_integration=''","logger":"task.stdout"}
{"timestamp":"2026-05-06T14:47:23.583854Z","level":"info","event":"ti: id=UUID('019dfdc1-fb13-7a74-a5f5-aa8e08256215') task_id='print_interval' dag_id='print_interval_dag' run_id='scheduled__2026-05-04T09:00:00+00:00' try_number=1 dag_version_id=UUID('019dfdc0-ac2b-7973-9b93-eab8e640e2bd') map_index=-1 hostname='86abe326db93' context_carrier={'traceparent': '00-011dc38bec649d028aeae0668c8049ce-fe8701474d5b70c0-01'} task=<Task(PythonOperator): print_interval> bundle_instance=LocalDagBundle(name=dags-folder) max_tries=0 start_date=datetime.datetime(2026, 5, 6, 14, 47, 22, 73811, tzinfo=datetime.timezone.utc) end_date=None state=<TaskInstanceState.RUNNING: 'running'> is_mapped=False rendered_map_index=None sentry_integration=''","logger":"task.stdout"}
{"timestamp":"2026-05-06T14:47:23.586294Z","level":"info","event":"outlet_events: OutletEventAccessors(_dict={})","logger":"task.stdout"}
{"timestamp":"2026-05-06T14:47:23.587686Z","level":"info","event":"inlet_events: InletEventsAccessors(_inlets=[], _assets={}, _asset_aliases={})","logger":"task.stdout"}
{"timestamp":"2026-05-06T14:47:23.588512Z","level":"info","event":"macros: <MacrosAccessor (dynamic access to macros)>","logger":"task.stdout"}
{"timestamp":"2026-05-06T14:47:23.589655Z","level":"info","event":"params: {}","logger":"task.stdout"}
{"timestamp":"2026-05-06T14:47:23.591458Z","level":"info","event":"var: {'json': <VariableAccessor (dynamic access)>, 'value': <VariableAccessor (dynamic access)>}","logger":"task.stdout"}
{"timestamp":"2026-05-06T14:47:23.593894Z","level":"info","event":"conn: <ConnectionAccessor (dynamic access)>","logger":"task.stdout"}
{"timestamp":"2026-05-06T14:47:23.594442Z","level":"info","event":"dag_run: dag_id='print_interval_dag' run_id='scheduled__2026-05-04T09:00:00+00:00' logical_date=datetime.datetime(2026, 5, 4, 9, 0, tzinfo=datetime.timezone.utc) data_interval_start=datetime.datetime(2026, 5, 4, 9, 0, tzinfo=datetime.timezone.utc) data_interval_end=datetime.datetime(2026, 5, 4, 9, 0, tzinfo=datetime.timezone.utc) run_after=datetime.datetime(2026, 5, 4, 9, 0, tzinfo=datetime.timezone.utc) start_date=datetime.datetime(2026, 5, 6, 14, 47, 21, 646726, tzinfo=datetime.timezone.utc) end_date=None clear_number=0 run_type=<DagRunType.SCHEDULED: 'scheduled'> state=<DagRunState.RUNNING: 'running'> conf={} triggering_user_name=None consumed_asset_events=[] partition_key=None note=None","logger":"task.stdout"}
{"timestamp":"2026-05-06T14:47:23.596513Z","level":"info","event":"triggering_asset_events: TriggeringAssetEventAccessor(_events=defaultdict(<class 'list'>, {}))","logger":"task.stdout"}
{"timestamp":"2026-05-06T14:47:23.598511Z","level":"info","event":"task_instance_key_str: print_interval_dag__print_interval__20260504","logger":"task.stdout"}
{"timestamp":"2026-05-06T14:47:23.599177Z","level":"info","event":"task_reschedule_count: 0","logger":"task.stdout"}
{"timestamp":"2026-05-06T14:47:23.646526Z","level":"info","event":"prev_start_date_success: 2026-05-06 14:47:21.183260+00:00","logger":"task.stdout"}
{"timestamp":"2026-05-06T14:47:23.650077Z","level":"info","event":"prev_end_date_success: 2026-05-06 14:47:23.511994+00:00","logger":"task.stdout"}
{"timestamp":"2026-05-06T14:47:23.651523Z","level":"info","event":"logical_date: 2026-05-04 09:00:00+00:00","logger":"task.stdout"}
{"timestamp":"2026-05-06T14:47:23.653423Z","level":"info","event":"ds: 2026-05-04","logger":"task.stdout"}
{"timestamp":"2026-05-06T14:47:23.655131Z","level":"info","event":"ds_nodash: 20260504","logger":"task.stdout"}
{"timestamp":"2026-05-06T14:47:23.662380Z","level":"info","event":"ts: 2026-05-04T09:00:00+00:00","logger":"task.stdout"}
{"timestamp":"2026-05-06T14:47:23.674922Z","level":"info","event":"ts_nodash: 20260504T090000","logger":"task.stdout"}
{"timestamp":"2026-05-06T14:47:23.678476Z","level":"info","event":"ts_nodash_with_tz: 20260504T090000+0000","logger":"task.stdout"}
{"timestamp":"2026-05-06T14:47:23.682015Z","level":"info","event":"data_interval_end: 2026-05-04 09:00:00+00:00","logger":"task.stdout"}
{"timestamp":"2026-05-06T14:47:23.700616Z","level":"info","event":"data_interval_start: 2026-05-04 09:00:00+00:00","logger":"task.stdout"}
{"timestamp":"2026-05-06T14:47:23.704736Z","level":"info","event":"prev_data_interval_start_success: 2026-05-04 06:00:00+00:00","logger":"task.stdout"}
{"timestamp":"2026-05-06T14:47:23.705912Z","level":"info","event":"prev_data_interval_end_success: 2026-05-04 06:00:00+00:00","logger":"task.stdout"}
{"timestamp":"2026-05-06T14:47:23.718304Z","level":"info","event":"templates_dict: None","logger":"task.stdout"}
{"timestamp":"2026-05-06T14:47:23.646137Z","level":"info","event":"Done. Returned value was: None","logger":"airflow.task.operators.airflow.providers.standard.operators.python.PythonOperator","filename":"python.py","lineno":229}
{"timestamp":"2026-05-06T14:47:23.892131Z","level":"info","event":"Task instance in success state","logger":"task.stdout"}
{"timestamp":"2026-05-06T14:47:23.894013Z","level":"info","event":" Previous state of the Task instance: TaskInstanceState.RUNNING","logger":"task.stdout"}
{"timestamp":"2026-05-06T14:47:23.894964Z","level":"info","event":"Task operator:<Task(PythonOperator): print_interval>","logger":"task.stdout"}
{"timestamp":"2026-05-06T14:50:42.370710Z","level":"info","event":"DAG bundles loaded: dags-folder, example_dags","logger":"airflow.dag_processing.bundles.manager.DagBundlesManager","filename":"manager.py","lineno":209}
{"timestamp":"2026-05-06T14:50:42.379579Z","level":"info","event":"Filling up the DagBag from /opt/airflow/dags/print_interval_dag.py","logger":"airflow.dag_processing.dagbag.BundleDagBag","filename":"dagbag.py","lineno":469}
{"timestamp":"2026-05-06T14:50:42.447954Z","level":"info","event":"Task instance is in running state","logger":"task.stdout"}
{"timestamp":"2026-05-06T14:50:42.448842Z","level":"info","event":" Previous state of the Task instance: TaskInstanceState.QUEUED","logger":"task.stdout"}
{"timestamp":"2026-05-06T14:50:42.449286Z","level":"info","event":"Current task name:print_interval","logger":"task.stdout"}
{"timestamp":"2026-05-06T14:50:42.449838Z","level":"info","event":"Dag name:print_interval_dag","logger":"task.stdout"}
{"timestamp":"2026-05-06T14:50:42.453530Z","level":"error","event":"Task failed with exception","logger":"task","filename":"task_runner.py","lineno":1347,"error_detail":[{"exc_type":"AttributeError","exc_value":"'DAG' object has no attribute 'schedule_interval'","exc_notes":[],"syntax_error":null,"is_cause":false,"frames":[{"filename":"/home/airflow/.local/lib/python3.13/site-packages/airflow/sdk/execution_time/task_runner.py","lineno":1263,"name":"run"},{"filename":"/home/airflow/.local/lib/python3.13/site-packages/airflow/sdk/execution_time/task_runner.py","lineno":1678,"name":"_execute_task"},{"filename":"/home/airflow/.local/lib/python3.13/site-packages/airflow/sdk/bases/operator.py","lineno":443,"name":"wrapper"},{"filename":"/home/airflow/.local/lib/python3.13/site-packages/airflow/providers/standard/operators/python.py","lineno":227,"name":"execute"},{"filename":"/home/airflow/.local/lib/python3.13/site-packages/airflow/providers/standard/operators/python.py","lineno":250,"name":"execute_callable"},{"filename":"/home/airflow/.local/lib/python3.13/site-packages/airflow/sdk/execution_time/callback_runner.py","lineno":97,"name":"run"},{"filename":"/opt/airflow/dags/print_interval_dag.py","lineno":11,"name":"print_interval"}],"is_group":false,"exceptions":[]}]}
{"timestamp":"2026-05-06T14:50:42.456566Z","level":"info","event":"Task instance in failure state","logger":"task.stdout"}
{"timestamp":"2026-05-06T14:50:42.456972Z","level":"info","event":"Task start","logger":"task.stdout"}
{"timestamp":"2026-05-06T14:50:42.457252Z","level":"info","event":"Task:<Task(PythonOperator): print_interval>","logger":"task.stdout"}
{"timestamp":"2026-05-06T14:50:42.457538Z","level":"info","event":"Failure caused by 'DAG' object has no attribute 'schedule_interval'","logger":"task.stdout"}
{"timestamp":"2026-05-06T14:53:24.636401Z","level":"info","event":"DAG bundles loaded: dags-folder, example_dags","logger":"airflow.dag_processing.bundles.manager.DagBundlesManager","filename":"manager.py","lineno":209}
{"timestamp":"2026-05-06T14:53:24.639058Z","level":"info","event":"Filling up the DagBag from /opt/airflow/dags/print_interval_dag.py","logger":"airflow.dag_processing.dagbag.BundleDagBag","filename":"dagbag.py","lineno":469}
{"timestamp":"2026-05-06T14:53:24.701750Z","level":"info","event":"Task instance is in running state","logger":"task.stdout"}
{"timestamp":"2026-05-06T14:53:24.702282Z","level":"info","event":" Previous state of the Task instance: TaskInstanceState.QUEUED","logger":"task.stdout"}
{"timestamp":"2026-05-06T14:53:24.705018Z","level":"info","event":"Current task name:print_interval","logger":"task.stdout"}
{"timestamp":"2026-05-06T14:53:24.706112Z","level":"info","event":"Dag name:print_interval_dag","logger":"task.stdout"}
{"timestamp":"2026-05-06T14:53:24.706833Z","level":"info","event":"=== INTERVAL INFO ===","logger":"task.stdout"}
{"timestamp":"2026-05-06T14:53:24.707334Z","level":"info","event":"Interval Start:  2026-05-04 09:00:00+00:00","logger":"task.stdout"}
{"timestamp":"2026-05-06T14:53:24.707752Z","level":"info","event":"Interval End:    2026-05-04 12:00:00+00:00","logger":"task.stdout"}
{"timestamp":"2026-05-06T14:53:24.708351Z","level":"info","event":"Duration:        3:00:00","logger":"task.stdout"}
{"timestamp":"2026-05-06T14:53:24.705274Z","level":"info","event":"Done. Returned value was: None","logger":"airflow.task.operators.airflow.providers.standard.operators.python.PythonOperator","filename":"python.py","lineno":229}
{"timestamp":"2026-05-06T14:53:24.741682Z","level":"info","event":"Task instance in success state","logger":"task.stdout"}
{"timestamp":"2026-05-06T14:53:24.742701Z","level":"info","event":" Previous state of the Task instance: TaskInstanceState.RUNNING","logger":"task.stdout"}
{"timestamp":"2026-05-06T14:53:24.743216Z","level":"info","event":"Task operator:<Task(PythonOperator): print_interval>","logger":"task.stdout"}
