{"timestamp":"2026-05-05T10:30:59.625885Z","level":"info","event":"DAG bundles loaded: dags-folder, example_dags","logger":"airflow.dag_processing.bundles.manager.DagBundlesManager","filename":"manager.py","lineno":209}
{"timestamp":"2026-05-05T10:30:59.628030Z","level":"info","event":"Filling up the DagBag from /opt/airflow/dags/print_interval_dag.py","logger":"airflow.dag_processing.dagbag.BundleDagBag","filename":"dagbag.py","lineno":469}
{"timestamp":"2026-05-05T10:30:59.638583Z","level":"warning","event":"The `airflow.operators.python.PythonOperator` attribute is deprecated. Please use `'airflow.providers.standard.operators.python.PythonOperator'`.","category":"UserWarning","filename":"/opt/airflow/dags/print_interval_dag.py","lineno":2,"logger":"py.warnings"}
{"timestamp":"2026-05-05T10:30:59.687726Z","level":"info","event":"Task instance is in running state","logger":"task.stdout"}
{"timestamp":"2026-05-05T10:30:59.688363Z","level":"info","event":" Previous state of the Task instance: TaskInstanceState.QUEUED","logger":"task.stdout"}
{"timestamp":"2026-05-05T10:30:59.688996Z","level":"info","event":"Current task name:print_interval","logger":"task.stdout"}
{"timestamp":"2026-05-05T10:30:59.689685Z","level":"info","event":"Dag name:print_interval_dag","logger":"task.stdout"}
{"timestamp":"2026-05-05T10:30:59.693505Z","level":"info","event":"Interval Start: 2025-05-27 09:00:00+00:00","logger":"task.stdout"}
{"timestamp":"2026-05-05T10:30:59.694132Z","level":"info","event":"Interval End:   2025-05-27 09:00:00+00:00","logger":"task.stdout"}
{"timestamp":"2026-05-05T10:30:59.691937Z","level":"info","event":"Done. Returned value was: None","logger":"airflow.task.operators.airflow.providers.standard.operators.python.PythonOperator","filename":"python.py","lineno":229}
{"timestamp":"2026-05-05T10:30:59.775974Z","level":"info","event":"Task instance in success state","logger":"task.stdout"}
{"timestamp":"2026-05-05T10:30:59.776885Z","level":"info","event":" Previous state of the Task instance: TaskInstanceState.RUNNING","logger":"task.stdout"}
{"timestamp":"2026-05-05T10:30:59.777437Z","level":"info","event":"Task operator:<Task(PythonOperator): print_interval>","logger":"task.stdout"}
{"timestamp":"2026-05-05T12:26:55.805041Z","level":"info","event":"DAG bundles loaded: dags-folder, example_dags","logger":"airflow.dag_processing.bundles.manager.DagBundlesManager","filename":"manager.py","lineno":209}
{"timestamp":"2026-05-05T12:26:55.807970Z","level":"info","event":"Filling up the DagBag from /opt/airflow/dags/print_interval_dag.py","logger":"airflow.dag_processing.dagbag.BundleDagBag","filename":"dagbag.py","lineno":469}
{"timestamp":"2026-05-05T12:26:55.895362Z","level":"info","event":"Task instance is in running state","logger":"task.stdout"}
{"timestamp":"2026-05-05T12:26:55.895940Z","level":"info","event":" Previous state of the Task instance: TaskInstanceState.QUEUED","logger":"task.stdout"}
{"timestamp":"2026-05-05T12:26:55.897015Z","level":"info","event":"Current task name:print_interval","logger":"task.stdout"}
{"timestamp":"2026-05-05T12:26:55.897536Z","level":"info","event":"Dag name:print_interval_dag","logger":"task.stdout"}
{"timestamp":"2026-05-05T12:26:55.904725Z","level":"info","event":"=== ALL AVAILABLE MACROS ===","logger":"task.stdout"}
{"timestamp":"2026-05-05T12:26:55.905300Z","level":"info","event":"dag: <DAG: print_interval_dag>","logger":"task.stdout"}
{"timestamp":"2026-05-05T12:26:55.906814Z","level":"info","event":"inlets: []","logger":"task.stdout"}
{"timestamp":"2026-05-05T12:26:55.909203Z","level":"info","event":"map_index_template: None","logger":"task.stdout"}
{"timestamp":"2026-05-05T12:26:55.909835Z","level":"info","event":"outlets: []","logger":"task.stdout"}
{"timestamp":"2026-05-05T12:26:55.910592Z","level":"info","event":"run_id: scheduled__2025-05-27T09:00:00+00:00","logger":"task.stdout"}
{"timestamp":"2026-05-05T12:26:55.912030Z","level":"info","event":"task: <Task(PythonOperator): print_interval>","logger":"task.stdout"}
{"timestamp":"2026-05-05T12:26:55.914410Z","level":"info","event":"task_instance: id=UUID('019df81b-0725-7fc2-905b-bbe01627528e') task_id='print_interval' dag_id='print_interval_dag' run_id='scheduled__2025-05-27T09:00:00+00:00' try_number=1 dag_version_id=UUID('019df815-a045-750b-bac8-47ced7cc6a45') map_index=-1 hostname='86abe326db93' context_carrier={'traceparent': '00-9ab27e4dff585418370d4b47a386c0b3-562c28750d55d937-01'} task=<Task(PythonOperator): print_interval> bundle_instance=LocalDagBundle(name=dags-folder) max_tries=0 start_date=datetime.datetime(2026, 5, 5, 12, 26, 54, 549475, tzinfo=datetime.timezone.utc) end_date=None state=<TaskInstanceState.RUNNING: 'running'> is_mapped=False rendered_map_index=None sentry_integration=''","logger":"task.stdout"}
{"timestamp":"2026-05-05T12:26:55.916044Z","level":"info","event":"ti: id=UUID('019df81b-0725-7fc2-905b-bbe01627528e') task_id='print_interval' dag_id='print_interval_dag' run_id='scheduled__2025-05-27T09:00:00+00:00' try_number=1 dag_version_id=UUID('019df815-a045-750b-bac8-47ced7cc6a45') map_index=-1 hostname='86abe326db93' context_carrier={'traceparent': '00-9ab27e4dff585418370d4b47a386c0b3-562c28750d55d937-01'} task=<Task(PythonOperator): print_interval> bundle_instance=LocalDagBundle(name=dags-folder) max_tries=0 start_date=datetime.datetime(2026, 5, 5, 12, 26, 54, 549475, tzinfo=datetime.timezone.utc) end_date=None state=<TaskInstanceState.RUNNING: 'running'> is_mapped=False rendered_map_index=None sentry_integration=''","logger":"task.stdout"}
{"timestamp":"2026-05-05T12:26:55.917349Z","level":"info","event":"outlet_events: OutletEventAccessors(_dict={})","logger":"task.stdout"}
{"timestamp":"2026-05-05T12:26:55.917918Z","level":"info","event":"inlet_events: InletEventsAccessors(_inlets=[], _assets={}, _asset_aliases={})","logger":"task.stdout"}
{"timestamp":"2026-05-05T12:26:55.918422Z","level":"info","event":"macros: <MacrosAccessor (dynamic access to macros)>","logger":"task.stdout"}
{"timestamp":"2026-05-05T12:26:55.918831Z","level":"info","event":"params: {}","logger":"task.stdout"}
{"timestamp":"2026-05-05T12:26:55.919303Z","level":"info","event":"var: {'json': <VariableAccessor (dynamic access)>, 'value': <VariableAccessor (dynamic access)>}","logger":"task.stdout"}
{"timestamp":"2026-05-05T12:26:55.919890Z","level":"info","event":"conn: <ConnectionAccessor (dynamic access)>","logger":"task.stdout"}
{"timestamp":"2026-05-05T12:26:55.920458Z","level":"info","event":"dag_run: dag_id='print_interval_dag' run_id='scheduled__2025-05-27T09:00:00+00:00' logical_date=datetime.datetime(2025, 5, 27, 9, 0, tzinfo=datetime.timezone.utc) data_interval_start=datetime.datetime(2025, 5, 27, 9, 0, tzinfo=datetime.timezone.utc) data_interval_end=datetime.datetime(2025, 5, 27, 9, 0, tzinfo=datetime.timezone.utc) run_after=datetime.datetime(2025, 5, 27, 9, 0, tzinfo=datetime.timezone.utc) start_date=datetime.datetime(2026, 5, 5, 12, 26, 54, 150032, tzinfo=datetime.timezone.utc) end_date=None clear_number=0 run_type=<DagRunType.SCHEDULED: 'scheduled'> state=<DagRunState.RUNNING: 'running'> conf={} triggering_user_name=None consumed_asset_events=[] partition_key=None note=None","logger":"task.stdout"}
{"timestamp":"2026-05-05T12:26:55.920968Z","level":"info","event":"triggering_asset_events: TriggeringAssetEventAccessor(_events=defaultdict(<class 'list'>, {}))","logger":"task.stdout"}
{"timestamp":"2026-05-05T12:26:55.921570Z","level":"info","event":"task_instance_key_str: print_interval_dag__print_interval__20250527","logger":"task.stdout"}
{"timestamp":"2026-05-05T12:26:55.922781Z","level":"info","event":"task_reschedule_count: 0","logger":"task.stdout"}
{"timestamp":"2026-05-05T12:26:55.948242Z","level":"info","event":"prev_start_date_success: 2026-05-05 12:26:53.016562+00:00","logger":"task.stdout"}
{"timestamp":"2026-05-05T12:26:55.949434Z","level":"info","event":"prev_end_date_success: 2026-05-05 12:26:55.517897+00:00","logger":"task.stdout"}
{"timestamp":"2026-05-05T12:26:55.950114Z","level":"info","event":"logical_date: 2025-05-27 09:00:00+00:00","logger":"task.stdout"}
{"timestamp":"2026-05-05T12:26:55.950874Z","level":"info","event":"ds: 2025-05-27","logger":"task.stdout"}
{"timestamp":"2026-05-05T12:26:55.951917Z","level":"info","event":"ds_nodash: 20250527","logger":"task.stdout"}
{"timestamp":"2026-05-05T12:26:55.952580Z","level":"info","event":"ts: 2025-05-27T09:00:00+00:00","logger":"task.stdout"}
{"timestamp":"2026-05-05T12:26:55.953166Z","level":"info","event":"ts_nodash: 20250527T090000","logger":"task.stdout"}
{"timestamp":"2026-05-05T12:26:55.953742Z","level":"info","event":"ts_nodash_with_tz: 20250527T090000+0000","logger":"task.stdout"}
{"timestamp":"2026-05-05T12:26:55.954234Z","level":"info","event":"data_interval_end: 2025-05-27 09:00:00+00:00","logger":"task.stdout"}
{"timestamp":"2026-05-05T12:26:55.954691Z","level":"info","event":"data_interval_start: 2025-05-27 09:00:00+00:00","logger":"task.stdout"}
{"timestamp":"2026-05-05T12:26:55.955201Z","level":"info","event":"prev_data_interval_start_success: 2025-05-27 03:00:00+00:00","logger":"task.stdout"}
{"timestamp":"2026-05-05T12:26:55.955673Z","level":"info","event":"prev_data_interval_end_success: 2025-05-27 03:00:00+00:00","logger":"task.stdout"}
{"timestamp":"2026-05-05T12:26:55.956534Z","level":"info","event":"templates_dict: None","logger":"task.stdout"}
{"timestamp":"2026-05-05T12:26:55.948574Z","level":"info","event":"Done. Returned value was: None","logger":"airflow.task.operators.airflow.providers.standard.operators.python.PythonOperator","filename":"python.py","lineno":229}
{"timestamp":"2026-05-05T12:26:56.018594Z","level":"info","event":"Task instance in success state","logger":"task.stdout"}
{"timestamp":"2026-05-05T12:26:56.019273Z","level":"info","event":" Previous state of the Task instance: TaskInstanceState.RUNNING","logger":"task.stdout"}
{"timestamp":"2026-05-05T12:26:56.020312Z","level":"info","event":"Task operator:<Task(PythonOperator): print_interval>","logger":"task.stdout"}
