{"timestamp":"2026-05-05T10:30:09.827161Z","level":"info","event":"DAG bundles loaded: dags-folder, example_dags","logger":"airflow.dag_processing.bundles.manager.DagBundlesManager","filename":"manager.py","lineno":209}
{"timestamp":"2026-05-05T10:30:09.829038Z","level":"info","event":"Filling up the DagBag from /opt/airflow/dags/print_interval_dag.py","logger":"airflow.dag_processing.dagbag.BundleDagBag","filename":"dagbag.py","lineno":469}
{"timestamp":"2026-05-05T10:30:09.839243Z","level":"warning","event":"The `airflow.operators.python.PythonOperator` attribute is deprecated. Please use `'airflow.providers.standard.operators.python.PythonOperator'`.","category":"UserWarning","filename":"/opt/airflow/dags/print_interval_dag.py","lineno":2,"logger":"py.warnings"}
{"timestamp":"2026-05-05T10:30:09.896853Z","level":"info","event":"Task instance is in running state","logger":"task.stdout"}
{"timestamp":"2026-05-05T10:30:09.897561Z","level":"info","event":" Previous state of the Task instance: TaskInstanceState.QUEUED","logger":"task.stdout"}
{"timestamp":"2026-05-05T10:30:09.899100Z","level":"info","event":"Current task name:print_interval","logger":"task.stdout"}
{"timestamp":"2026-05-05T10:30:09.902964Z","level":"info","event":"Dag name:print_interval_dag","logger":"task.stdout"}
{"timestamp":"2026-05-05T10:30:09.904172Z","level":"info","event":"Interval Start: 2025-05-14 15:00:00+00:00","logger":"task.stdout"}
{"timestamp":"2026-05-05T10:30:09.906417Z","level":"info","event":"Interval End:   2025-05-14 15:00:00+00:00","logger":"task.stdout"}
{"timestamp":"2026-05-05T10:30:09.899657Z","level":"info","event":"Done. Returned value was: None","logger":"airflow.task.operators.airflow.providers.standard.operators.python.PythonOperator","filename":"python.py","lineno":229}
{"timestamp":"2026-05-05T10:30:09.977870Z","level":"info","event":"Task instance in success state","logger":"task.stdout"}
{"timestamp":"2026-05-05T10:30:09.978622Z","level":"info","event":" Previous state of the Task instance: TaskInstanceState.RUNNING","logger":"task.stdout"}
{"timestamp":"2026-05-05T10:30:09.979049Z","level":"info","event":"Task operator:<Task(PythonOperator): print_interval>","logger":"task.stdout"}
{"timestamp":"2026-05-05T12:26:02.590451Z","level":"info","event":"DAG bundles loaded: dags-folder, example_dags","logger":"airflow.dag_processing.bundles.manager.DagBundlesManager","filename":"manager.py","lineno":209}
{"timestamp":"2026-05-05T12:26:02.592689Z","level":"info","event":"Filling up the DagBag from /opt/airflow/dags/print_interval_dag.py","logger":"airflow.dag_processing.dagbag.BundleDagBag","filename":"dagbag.py","lineno":469}
{"timestamp":"2026-05-05T12:26:02.738632Z","level":"info","event":"Task instance is in running state","logger":"task.stdout"}
{"timestamp":"2026-05-05T12:26:02.739366Z","level":"info","event":" Previous state of the Task instance: TaskInstanceState.QUEUED","logger":"task.stdout"}
{"timestamp":"2026-05-05T12:26:02.742633Z","level":"info","event":"Current task name:print_interval","logger":"task.stdout"}
{"timestamp":"2026-05-05T12:26:02.746792Z","level":"info","event":"Dag name:print_interval_dag","logger":"task.stdout"}
{"timestamp":"2026-05-05T12:26:02.753491Z","level":"info","event":"=== ALL AVAILABLE MACROS ===","logger":"task.stdout"}
{"timestamp":"2026-05-05T12:26:02.754040Z","level":"info","event":"dag: <DAG: print_interval_dag>","logger":"task.stdout"}
{"timestamp":"2026-05-05T12:26:02.754542Z","level":"info","event":"inlets: []","logger":"task.stdout"}
{"timestamp":"2026-05-05T12:26:02.755010Z","level":"info","event":"map_index_template: None","logger":"task.stdout"}
{"timestamp":"2026-05-05T12:26:02.755649Z","level":"info","event":"outlets: []","logger":"task.stdout"}
{"timestamp":"2026-05-05T12:26:02.756260Z","level":"info","event":"run_id: scheduled__2025-05-14T15:00:00+00:00","logger":"task.stdout"}
{"timestamp":"2026-05-05T12:26:02.759469Z","level":"info","event":"task: <Task(PythonOperator): print_interval>","logger":"task.stdout"}
{"timestamp":"2026-05-05T12:26:02.762651Z","level":"info","event":"task_instance: id=UUID('019df81a-381d-75ce-b97b-c91be20001b8') task_id='print_interval' dag_id='print_interval_dag' run_id='scheduled__2025-05-14T15:00:00+00:00' try_number=1 dag_version_id=UUID('019df815-a045-750b-bac8-47ced7cc6a45') map_index=-1 hostname='86abe326db93' context_carrier={'traceparent': '00-2ab2b821bb5b0625f72397a92853d1ae-787541ef41117c07-01'} task=<Task(PythonOperator): print_interval> bundle_instance=LocalDagBundle(name=dags-folder) max_tries=0 start_date=datetime.datetime(2026, 5, 5, 12, 26, 1, 534635, tzinfo=datetime.timezone.utc) end_date=None state=<TaskInstanceState.RUNNING: 'running'> is_mapped=False rendered_map_index=None sentry_integration=''","logger":"task.stdout"}
{"timestamp":"2026-05-05T12:26:02.764595Z","level":"info","event":"ti: id=UUID('019df81a-381d-75ce-b97b-c91be20001b8') task_id='print_interval' dag_id='print_interval_dag' run_id='scheduled__2025-05-14T15:00:00+00:00' try_number=1 dag_version_id=UUID('019df815-a045-750b-bac8-47ced7cc6a45') map_index=-1 hostname='86abe326db93' context_carrier={'traceparent': '00-2ab2b821bb5b0625f72397a92853d1ae-787541ef41117c07-01'} task=<Task(PythonOperator): print_interval> bundle_instance=LocalDagBundle(name=dags-folder) max_tries=0 start_date=datetime.datetime(2026, 5, 5, 12, 26, 1, 534635, tzinfo=datetime.timezone.utc) end_date=None state=<TaskInstanceState.RUNNING: 'running'> is_mapped=False rendered_map_index=None sentry_integration=''","logger":"task.stdout"}
{"timestamp":"2026-05-05T12:26:02.768352Z","level":"info","event":"outlet_events: OutletEventAccessors(_dict={})","logger":"task.stdout"}
{"timestamp":"2026-05-05T12:26:02.769187Z","level":"info","event":"inlet_events: InletEventsAccessors(_inlets=[], _assets={}, _asset_aliases={})","logger":"task.stdout"}
{"timestamp":"2026-05-05T12:26:02.770412Z","level":"info","event":"macros: <MacrosAccessor (dynamic access to macros)>","logger":"task.stdout"}
{"timestamp":"2026-05-05T12:26:02.770940Z","level":"info","event":"params: {}","logger":"task.stdout"}
{"timestamp":"2026-05-05T12:26:02.771814Z","level":"info","event":"var: {'json': <VariableAccessor (dynamic access)>, 'value': <VariableAccessor (dynamic access)>}","logger":"task.stdout"}
{"timestamp":"2026-05-05T12:26:02.774037Z","level":"info","event":"conn: <ConnectionAccessor (dynamic access)>","logger":"task.stdout"}
{"timestamp":"2026-05-05T12:26:02.777740Z","level":"info","event":"dag_run: dag_id='print_interval_dag' run_id='scheduled__2025-05-14T15:00:00+00:00' logical_date=datetime.datetime(2025, 5, 14, 15, 0, tzinfo=datetime.timezone.utc) data_interval_start=datetime.datetime(2025, 5, 14, 15, 0, tzinfo=datetime.timezone.utc) data_interval_end=datetime.datetime(2025, 5, 14, 15, 0, tzinfo=datetime.timezone.utc) run_after=datetime.datetime(2025, 5, 14, 15, 0, tzinfo=datetime.timezone.utc) start_date=datetime.datetime(2026, 5, 5, 12, 26, 1, 145917, tzinfo=datetime.timezone.utc) end_date=None clear_number=0 run_type=<DagRunType.SCHEDULED: 'scheduled'> state=<DagRunState.RUNNING: 'running'> conf={} triggering_user_name=None consumed_asset_events=[] partition_key=None note=None","logger":"task.stdout"}
{"timestamp":"2026-05-05T12:26:02.779643Z","level":"info","event":"triggering_asset_events: TriggeringAssetEventAccessor(_events=defaultdict(<class 'list'>, {}))","logger":"task.stdout"}
{"timestamp":"2026-05-05T12:26:02.780633Z","level":"info","event":"task_instance_key_str: print_interval_dag__print_interval__20250514","logger":"task.stdout"}
{"timestamp":"2026-05-05T12:26:02.782855Z","level":"info","event":"task_reschedule_count: 0","logger":"task.stdout"}
{"timestamp":"2026-05-05T12:26:02.831005Z","level":"info","event":"prev_start_date_success: 2026-05-05 12:26:00.637326+00:00","logger":"task.stdout"}
{"timestamp":"2026-05-05T12:26:02.831690Z","level":"info","event":"prev_end_date_success: 2026-05-05 12:26:02.751782+00:00","logger":"task.stdout"}
{"timestamp":"2026-05-05T12:26:02.832251Z","level":"info","event":"logical_date: 2025-05-14 15:00:00+00:00","logger":"task.stdout"}
{"timestamp":"2026-05-05T12:26:02.832639Z","level":"info","event":"ds: 2025-05-14","logger":"task.stdout"}
{"timestamp":"2026-05-05T12:26:02.833467Z","level":"info","event":"ds_nodash: 20250514","logger":"task.stdout"}
{"timestamp":"2026-05-05T12:26:02.833912Z","level":"info","event":"ts: 2025-05-14T15:00:00+00:00","logger":"task.stdout"}
{"timestamp":"2026-05-05T12:26:02.834355Z","level":"info","event":"ts_nodash: 20250514T150000","logger":"task.stdout"}
{"timestamp":"2026-05-05T12:26:02.834775Z","level":"info","event":"ts_nodash_with_tz: 20250514T150000+0000","logger":"task.stdout"}
{"timestamp":"2026-05-05T12:26:02.835294Z","level":"info","event":"data_interval_end: 2025-05-14 15:00:00+00:00","logger":"task.stdout"}
{"timestamp":"2026-05-05T12:26:02.835720Z","level":"info","event":"data_interval_start: 2025-05-14 15:00:00+00:00","logger":"task.stdout"}
{"timestamp":"2026-05-05T12:26:02.836971Z","level":"info","event":"prev_data_interval_start_success: 2025-05-14 12:00:00+00:00","logger":"task.stdout"}
{"timestamp":"2026-05-05T12:26:02.837701Z","level":"info","event":"prev_data_interval_end_success: 2025-05-14 12:00:00+00:00","logger":"task.stdout"}
{"timestamp":"2026-05-05T12:26:02.838328Z","level":"info","event":"templates_dict: None","logger":"task.stdout"}
{"timestamp":"2026-05-05T12:26:02.830329Z","level":"info","event":"Done. Returned value was: None","logger":"airflow.task.operators.airflow.providers.standard.operators.python.PythonOperator","filename":"python.py","lineno":229}
{"timestamp":"2026-05-05T12:26:02.895762Z","level":"info","event":"Task instance in success state","logger":"task.stdout"}
{"timestamp":"2026-05-05T12:26:02.898261Z","level":"info","event":" Previous state of the Task instance: TaskInstanceState.RUNNING","logger":"task.stdout"}
{"timestamp":"2026-05-05T12:26:02.899071Z","level":"info","event":"Task operator:<Task(PythonOperator): print_interval>","logger":"task.stdout"}
