{"timestamp":"2026-05-08T17:37:31.903503Z","level":"info","event":"DAG bundles loaded: dags-folder, example_dags","logger":"airflow.dag_processing.bundles.manager.DagBundlesManager","filename":"manager.py","lineno":209}
{"timestamp":"2026-05-08T17:37:31.905481Z","level":"info","event":"Filling up the DagBag from /opt/airflow/dags/csv_upsert_pipeline.py","logger":"airflow.dag_processing.dagbag.BundleDagBag","filename":"dagbag.py","lineno":469}
{"timestamp":"2026-05-08T17:37:31.928392Z","level":"warning","event":"airflow.exceptions.AirflowSkipException is deprecated and will be removed in a future version. Use airflow.sdk.exceptions.AirflowSkipException instead.","category":"UserWarning","filename":"/opt/airflow/dags/csv_upsert_pipeline.py","lineno":7,"logger":"py.warnings"}
{"timestamp":"2026-05-08T17:37:32.285099Z","level":"info","event":"Task instance is in running state","logger":"task.stdout"}
{"timestamp":"2026-05-08T17:37:32.286825Z","level":"info","event":" Previous state of the Task instance: TaskInstanceState.QUEUED","logger":"task.stdout"}
{"timestamp":"2026-05-08T17:37:32.287522Z","level":"info","event":"Current task name:process_partition","logger":"task.stdout"}
{"timestamp":"2026-05-08T17:37:32.288143Z","level":"info","event":"Dag name:csv_upsert_pipeline","logger":"task.stdout"}
{"timestamp":"2026-05-08T17:37:32.294796Z","level":"info","event":"[INFO] data_interval_start : 2026-05-01 13:00:00+00:00","logger":"task.stdout"}
{"timestamp":"2026-05-08T17:37:32.296073Z","level":"info","event":"[INFO] data_interval_end   : 2026-05-01 13:00:00+00:00","logger":"task.stdout"}
{"timestamp":"2026-05-08T17:37:32.296512Z","level":"info","event":"[INFO] Processing partition: /data/time_stamp=2026-05-01-13","logger":"task.stdout"}
{"timestamp":"2026-05-08T17:37:32.301835Z","level":"info","event":"[INFO] Sorted files: ['data_1.csv', 'data_2.csv', 'data_3.csv', 'data_4.csv']","logger":"task.stdout"}
{"timestamp":"2026-05-08T17:37:32.304791Z","level":"info","event":"[INFO] Read data_1.csv  (index=1)","logger":"task.stdout"}
{"timestamp":"2026-05-08T17:37:32.308353Z","level":"info","event":"[INFO] Read data_2.csv  (index=2)","logger":"task.stdout"}
{"timestamp":"2026-05-08T17:37:32.310452Z","level":"info","event":"[INFO] Read data_3.csv  (index=3)","logger":"task.stdout"}
{"timestamp":"2026-05-08T17:37:32.312796Z","level":"info","event":"[INFO] Read data_4.csv  (index=4)","logger":"task.stdout"}
{"timestamp":"2026-05-08T17:37:32.313344Z","level":"info","event":"[INFO] Resolved 16 unique IDs for this run:","logger":"task.stdout"}
{"timestamp":"2026-05-08T17:37:32.315410Z","level":"info","event":"       id=1 → {'id': '1', 'name': 'Diana', 'age': '54', 'department': 'HR', 'salary': '63291.67', 'working_hours': '24.4'}","logger":"task.stdout"}
{"timestamp":"2026-05-08T17:37:32.324632Z","level":"info","event":"       id=2 → {'id': '2', 'name': 'Eve', 'age': '41', 'department': 'Engineering', 'salary': '89976.59', 'working_hours': '31.7'}","logger":"task.stdout"}
{"timestamp":"2026-05-08T17:37:32.327784Z","level":"info","event":"       id=3 → {'id': '3', 'name': 'Frank', 'age': '34', 'department': 'Sales', 'salary': '113489.55', 'working_hours': '26.7'}","logger":"task.stdout"}
{"timestamp":"2026-05-08T17:37:32.334748Z","level":"info","event":"       id=4 → {'id': '4', 'name': 'Grace', 'age': '40', 'department': 'Sales', 'salary': '116868.76', 'working_hours': '27.0'}","logger":"task.stdout"}
{"timestamp":"2026-05-08T17:37:32.337169Z","level":"info","event":"       id=5 → {'id': '5', 'name': 'Ivy', 'age': '32', 'department': 'Finance', 'salary': '101860.9', 'working_hours': '31.4'}","logger":"task.stdout"}
{"timestamp":"2026-05-08T17:37:32.337969Z","level":"info","event":"       id=6 → {'id': '6', 'name': 'Hank', 'age': '43', 'department': 'Operations', 'salary': '112426.04', 'working_hours': '45.5'}","logger":"task.stdout"}
{"timestamp":"2026-05-08T17:37:32.339689Z","level":"info","event":"       id=7 → {'id': '7', 'name': 'Grace', 'age': '28', 'department': 'Finance', 'salary': '64108.11', 'working_hours': '49.6'}","logger":"task.stdout"}
{"timestamp":"2026-05-08T17:37:32.344424Z","level":"info","event":"       id=8 → {'id': '8', 'name': 'Jack', 'age': '37', 'department': 'HR', 'salary': '65761.34', 'working_hours': '24.3'}","logger":"task.stdout"}
{"timestamp":"2026-05-08T17:37:32.344979Z","level":"info","event":"       id=9 → {'id': '9', 'name': 'Grace', 'age': '32', 'department': 'Engineering', 'salary': '63198.87', 'working_hours': '59.3'}","logger":"task.stdout"}
{"timestamp":"2026-05-08T17:37:32.347922Z","level":"info","event":"       id=10 → {'id': '10', 'name': 'Charlie', 'age': '56', 'department': 'Engineering', 'salary': '70120.28', 'working_hours': '58.8'}","logger":"task.stdout"}
{"timestamp":"2026-05-08T17:37:32.349350Z","level":"info","event":"       id=11 → {'id': '11', 'name': 'Frank', 'age': '27', 'department': 'HR', 'salary': '100833.61', 'working_hours': '46.3'}","logger":"task.stdout"}
{"timestamp":"2026-05-08T17:37:32.351861Z","level":"info","event":"       id=12 → {'id': '12', 'name': 'Hank', 'age': '55', 'department': 'Sales', 'salary': '101367.71', 'working_hours': '31.3'}","logger":"task.stdout"}
{"timestamp":"2026-05-08T17:37:32.353536Z","level":"info","event":"       id=13 → {'id': '13', 'name': 'Bob', 'age': '36', 'department': 'Sales', 'salary': '40992.57', 'working_hours': '33.4'}","logger":"task.stdout"}
{"timestamp":"2026-05-08T17:37:32.356766Z","level":"info","event":"       id=14 → {'id': '14', 'name': 'Frank', 'age': '53', 'department': 'HR', 'salary': '65631.8', 'working_hours': '24.6'}","logger":"task.stdout"}
{"timestamp":"2026-05-08T17:37:32.357395Z","level":"info","event":"       id=15 → {'id': '15', 'name': 'Alice', 'age': '54', 'department': 'HR', 'salary': '90973.9', 'working_hours': '42.3'}","logger":"task.stdout"}
{"timestamp":"2026-05-08T17:37:32.358467Z","level":"info","event":"       id=16 → {'id': '16', 'name': 'Charlie', 'age': '26', 'department': 'HR', 'salary': '117260.2', 'working_hours': '22.1'}","logger":"task.stdout"}
{"timestamp":"2026-05-08T17:37:32.359286Z","level":"info","event":"[INFO] result.csv mil gayi — upsert karte hain.","logger":"task.stdout"}
{"timestamp":"2026-05-08T17:37:32.359784Z","level":"info","event":"[INFO] Existing result.csv mein 20 rows hain.","logger":"task.stdout"}
{"timestamp":"2026-05-08T17:37:32.360206Z","level":"info","event":"       UPDATE  id=1","logger":"task.stdout"}
{"timestamp":"2026-05-08T17:37:32.360620Z","level":"info","event":"       UPDATE  id=2","logger":"task.stdout"}
{"timestamp":"2026-05-08T17:37:32.361144Z","level":"info","event":"       UPDATE  id=3","logger":"task.stdout"}
{"timestamp":"2026-05-08T17:37:32.361635Z","level":"info","event":"       UPDATE  id=4","logger":"task.stdout"}
{"timestamp":"2026-05-08T17:37:32.362074Z","level":"info","event":"       UPDATE  id=5","logger":"task.stdout"}
{"timestamp":"2026-05-08T17:37:32.362487Z","level":"info","event":"       UPDATE  id=6","logger":"task.stdout"}
{"timestamp":"2026-05-08T17:37:32.362875Z","level":"info","event":"       UPDATE  id=7","logger":"task.stdout"}
{"timestamp":"2026-05-08T17:37:32.363625Z","level":"info","event":"       UPDATE  id=8","logger":"task.stdout"}
{"timestamp":"2026-05-08T17:37:32.365866Z","level":"info","event":"       UPDATE  id=9","logger":"task.stdout"}
{"timestamp":"2026-05-08T17:37:32.368653Z","level":"info","event":"       UPDATE  id=10","logger":"task.stdout"}
{"timestamp":"2026-05-08T17:37:32.374014Z","level":"info","event":"       UPDATE  id=11","logger":"task.stdout"}
{"timestamp":"2026-05-08T17:37:32.376301Z","level":"info","event":"       UPDATE  id=12","logger":"task.stdout"}
{"timestamp":"2026-05-08T17:37:32.379297Z","level":"info","event":"       UPDATE  id=13","logger":"task.stdout"}
{"timestamp":"2026-05-08T17:37:32.380800Z","level":"info","event":"       UPDATE  id=14","logger":"task.stdout"}
{"timestamp":"2026-05-08T17:37:32.386267Z","level":"info","event":"       UPDATE  id=15","logger":"task.stdout"}
{"timestamp":"2026-05-08T17:37:32.387238Z","level":"info","event":"       UPDATE  id=16","logger":"task.stdout"}
{"timestamp":"2026-05-08T17:37:32.391743Z","level":"info","event":"[INFO] result.csv updated — total 20 rows.","logger":"task.stdout"}
{"timestamp":"2026-05-08T17:37:32.326877Z","level":"info","event":"Done. Returned value was: None","logger":"airflow.task.operators.airflow.providers.standard.operators.python.PythonOperator","filename":"python.py","lineno":229}
{"timestamp":"2026-05-08T17:37:32.502533Z","level":"info","event":"Task instance in success state","logger":"task.stdout"}
{"timestamp":"2026-05-08T17:37:32.503149Z","level":"info","event":" Previous state of the Task instance: TaskInstanceState.RUNNING","logger":"task.stdout"}
{"timestamp":"2026-05-08T17:37:32.503768Z","level":"info","event":"Task operator:<Task(PythonOperator): process_partition>","logger":"task.stdout"}
{"timestamp":"2026-05-11T16:46:29.496377Z","level":"info","event":"DAG bundles loaded: dags-folder, example_dags","logger":"airflow.dag_processing.bundles.manager.DagBundlesManager","filename":"manager.py","lineno":209}
{"timestamp":"2026-05-11T16:46:29.508431Z","level":"info","event":"Filling up the DagBag from /opt/airflow/dags/__pycache__/csv_upsert_pipeline.py","logger":"airflow.dag_processing.dagbag.BundleDagBag","filename":"dagbag.py","lineno":469}
{"timestamp":"2026-05-11T16:46:29.569439Z","level":"warning","event":"airflow.exceptions.AirflowSkipException is deprecated and will be removed in a future version. Use airflow.sdk.exceptions.AirflowSkipException instead.","category":"UserWarning","filename":"/opt/airflow/dags/__pycache__/csv_upsert_pipeline.py","lineno":7,"logger":"py.warnings"}
{"timestamp":"2026-05-11T16:46:30.133533Z","level":"info","event":"Task instance is in running state","logger":"task.stdout"}
{"timestamp":"2026-05-11T16:46:30.134231Z","level":"info","event":" Previous state of the Task instance: TaskInstanceState.QUEUED","logger":"task.stdout"}
{"timestamp":"2026-05-11T16:46:30.134922Z","level":"info","event":"Current task name:process_partition","logger":"task.stdout"}
{"timestamp":"2026-05-11T16:46:30.135414Z","level":"info","event":"Dag name:csv_upsert_pipeline","logger":"task.stdout"}
{"timestamp":"2026-05-11T16:46:30.143354Z","level":"info","event":"[INFO] data_interval_start : 2026-05-01 13:00:00+00:00","logger":"task.stdout"}
{"timestamp":"2026-05-11T16:46:30.144006Z","level":"info","event":"[INFO] data_interval_end   : 2026-05-01 13:00:00+00:00","logger":"task.stdout"}
{"timestamp":"2026-05-11T16:46:30.144742Z","level":"info","event":"[INFO] Processing partition: /data/time_stamp=2026-05-01-13","logger":"task.stdout"}
{"timestamp":"2026-05-11T16:46:30.146928Z","level":"info","event":"[INFO] Sorted files: ['data_1.csv', 'data_2.csv', 'data_3.csv', 'data_4.csv']","logger":"task.stdout"}
{"timestamp":"2026-05-11T16:46:30.149528Z","level":"info","event":"[INFO] Read data_1.csv  (index=1)","logger":"task.stdout"}
{"timestamp":"2026-05-11T16:46:30.152551Z","level":"info","event":"[INFO] Read data_2.csv  (index=2)","logger":"task.stdout"}
{"timestamp":"2026-05-11T16:46:30.154932Z","level":"info","event":"[INFO] Read data_3.csv  (index=3)","logger":"task.stdout"}
{"timestamp":"2026-05-11T16:46:30.159277Z","level":"info","event":"[INFO] Read data_4.csv  (index=4)","logger":"task.stdout"}
{"timestamp":"2026-05-11T16:46:30.162331Z","level":"info","event":"[INFO] Resolved 16 unique IDs for this run:","logger":"task.stdout"}
{"timestamp":"2026-05-11T16:46:30.163349Z","level":"info","event":"       id=1 → {'id': '1', 'name': 'Diana', 'age': '54', 'department': 'HR', 'salary': '63291.67', 'working_hours': '24.4'}","logger":"task.stdout"}
{"timestamp":"2026-05-11T16:46:30.164527Z","level":"info","event":"       id=2 → {'id': '2', 'name': 'Eve', 'age': '41', 'department': 'Engineering', 'salary': '89976.59', 'working_hours': '31.7'}","logger":"task.stdout"}
{"timestamp":"2026-05-11T16:46:30.166091Z","level":"info","event":"       id=3 → {'id': '3', 'name': 'Frank', 'age': '34', 'department': 'Sales', 'salary': '113489.55', 'working_hours': '26.7'}","logger":"task.stdout"}
{"timestamp":"2026-05-11T16:46:30.166733Z","level":"info","event":"       id=4 → {'id': '4', 'name': 'Grace', 'age': '40', 'department': 'Sales', 'salary': '116868.76', 'working_hours': '27.0'}","logger":"task.stdout"}
{"timestamp":"2026-05-11T16:46:30.168430Z","level":"info","event":"       id=5 → {'id': '5', 'name': 'Ivy', 'age': '32', 'department': 'Finance', 'salary': '101860.9', 'working_hours': '31.4'}","logger":"task.stdout"}
{"timestamp":"2026-05-11T16:46:30.168925Z","level":"info","event":"       id=6 → {'id': '6', 'name': 'Hank', 'age': '43', 'department': 'Operations', 'salary': '112426.04', 'working_hours': '45.5'}","logger":"task.stdout"}
{"timestamp":"2026-05-11T16:46:30.169718Z","level":"info","event":"       id=7 → {'id': '7', 'name': 'Grace', 'age': '28', 'department': 'Finance', 'salary': '64108.11', 'working_hours': '49.6'}","logger":"task.stdout"}
{"timestamp":"2026-05-11T16:46:30.170098Z","level":"info","event":"       id=8 → {'id': '8', 'name': 'Jack', 'age': '37', 'department': 'HR', 'salary': '65761.34', 'working_hours': '24.3'}","logger":"task.stdout"}
{"timestamp":"2026-05-11T16:46:30.171252Z","level":"info","event":"       id=9 → {'id': '9', 'name': 'Grace', 'age': '32', 'department': 'Engineering', 'salary': '63198.87', 'working_hours': '59.3'}","logger":"task.stdout"}
{"timestamp":"2026-05-11T16:46:30.172140Z","level":"info","event":"       id=10 → {'id': '10', 'name': 'Charlie', 'age': '56', 'department': 'Engineering', 'salary': '70120.28', 'working_hours': '58.8'}","logger":"task.stdout"}
{"timestamp":"2026-05-11T16:46:30.172660Z","level":"info","event":"       id=11 → {'id': '11', 'name': 'Frank', 'age': '27', 'department': 'HR', 'salary': '100833.61', 'working_hours': '46.3'}","logger":"task.stdout"}
{"timestamp":"2026-05-11T16:46:30.173155Z","level":"info","event":"       id=12 → {'id': '12', 'name': 'Hank', 'age': '55', 'department': 'Sales', 'salary': '101367.71', 'working_hours': '31.3'}","logger":"task.stdout"}
{"timestamp":"2026-05-11T16:46:30.173628Z","level":"info","event":"       id=13 → {'id': '13', 'name': 'Bob', 'age': '36', 'department': 'Sales', 'salary': '40992.57', 'working_hours': '33.4'}","logger":"task.stdout"}
{"timestamp":"2026-05-11T16:46:30.174051Z","level":"info","event":"       id=14 → {'id': '14', 'name': 'Frank', 'age': '53', 'department': 'HR', 'salary': '65631.8', 'working_hours': '24.6'}","logger":"task.stdout"}
{"timestamp":"2026-05-11T16:46:30.174594Z","level":"info","event":"       id=15 → {'id': '15', 'name': 'Alice', 'age': '54', 'department': 'HR', 'salary': '90973.9', 'working_hours': '42.3'}","logger":"task.stdout"}
{"timestamp":"2026-05-11T16:46:30.175762Z","level":"info","event":"       id=16 → {'id': '16', 'name': 'Charlie', 'age': '26', 'department': 'HR', 'salary': '117260.2', 'working_hours': '22.1'}","logger":"task.stdout"}
{"timestamp":"2026-05-11T16:46:30.176487Z","level":"info","event":"[INFO] result.csv found — upsert.","logger":"task.stdout"}
{"timestamp":"2026-05-11T16:46:30.177388Z","level":"info","event":"[INFO] In existing result.csv 20 rows.","logger":"task.stdout"}
{"timestamp":"2026-05-11T16:46:30.177882Z","level":"info","event":"       UPDATE  id=1","logger":"task.stdout"}
{"timestamp":"2026-05-11T16:46:30.178322Z","level":"info","event":"       UPDATE  id=2","logger":"task.stdout"}
{"timestamp":"2026-05-11T16:46:30.178817Z","level":"info","event":"       UPDATE  id=3","logger":"task.stdout"}
{"timestamp":"2026-05-11T16:46:30.181574Z","level":"info","event":"       UPDATE  id=4","logger":"task.stdout"}
{"timestamp":"2026-05-11T16:46:30.184848Z","level":"info","event":"       UPDATE  id=5","logger":"task.stdout"}
{"timestamp":"2026-05-11T16:46:30.185283Z","level":"info","event":"       UPDATE  id=6","logger":"task.stdout"}
{"timestamp":"2026-05-11T16:46:30.186603Z","level":"info","event":"       UPDATE  id=7","logger":"task.stdout"}
{"timestamp":"2026-05-11T16:46:30.187914Z","level":"info","event":"       UPDATE  id=8","logger":"task.stdout"}
{"timestamp":"2026-05-11T16:46:30.188892Z","level":"info","event":"       UPDATE  id=9","logger":"task.stdout"}
{"timestamp":"2026-05-11T16:46:30.191354Z","level":"info","event":"       UPDATE  id=10","logger":"task.stdout"}
{"timestamp":"2026-05-11T16:46:30.193673Z","level":"info","event":"       UPDATE  id=11","logger":"task.stdout"}
{"timestamp":"2026-05-11T16:46:30.194550Z","level":"info","event":"       UPDATE  id=12","logger":"task.stdout"}
{"timestamp":"2026-05-11T16:46:30.194994Z","level":"info","event":"       UPDATE  id=13","logger":"task.stdout"}
{"timestamp":"2026-05-11T16:46:30.195944Z","level":"info","event":"       UPDATE  id=14","logger":"task.stdout"}
{"timestamp":"2026-05-11T16:46:30.197667Z","level":"info","event":"       UPDATE  id=15","logger":"task.stdout"}
{"timestamp":"2026-05-11T16:46:30.198448Z","level":"info","event":"       UPDATE  id=16","logger":"task.stdout"}
{"timestamp":"2026-05-11T16:46:30.199370Z","level":"info","event":"[INFO] result.csv updated — total 20 rows.","logger":"task.stdout"}
{"timestamp":"2026-05-11T16:46:30.169632Z","level":"info","event":"Done. Returned value was: None","logger":"airflow.task.operators.airflow.providers.standard.operators.python.PythonOperator","filename":"python.py","lineno":229}
{"timestamp":"2026-05-11T16:46:30.787737Z","level":"info","event":"Task instance in success state","logger":"task.stdout"}
{"timestamp":"2026-05-11T16:46:30.788204Z","level":"info","event":" Previous state of the Task instance: TaskInstanceState.RUNNING","logger":"task.stdout"}
{"timestamp":"2026-05-11T16:46:30.788872Z","level":"info","event":"Task operator:<Task(PythonOperator): process_partition>","logger":"task.stdout"}
{"timestamp":"2026-05-11T17:17:12.419137Z","level":"info","event":"DAG bundles loaded: dags-folder, example_dags","logger":"airflow.dag_processing.bundles.manager.DagBundlesManager","filename":"manager.py","lineno":209}
{"timestamp":"2026-05-11T17:17:12.421884Z","level":"info","event":"Filling up the DagBag from /opt/airflow/dags/__pycache__/csv_upsert_pipeline.py","logger":"airflow.dag_processing.dagbag.BundleDagBag","filename":"dagbag.py","lineno":469}
{"timestamp":"2026-05-11T17:17:12.435771Z","level":"warning","event":"airflow.exceptions.AirflowSkipException is deprecated and will be removed in a future version. Use airflow.sdk.exceptions.AirflowSkipException instead.","category":"UserWarning","filename":"/opt/airflow/dags/__pycache__/csv_upsert_pipeline.py","lineno":7,"logger":"py.warnings"}
{"timestamp":"2026-05-11T17:17:12.775624Z","level":"info","event":"Task instance is in running state","logger":"task.stdout"}
{"timestamp":"2026-05-11T17:17:12.782219Z","level":"info","event":" Previous state of the Task instance: TaskInstanceState.QUEUED","logger":"task.stdout"}
{"timestamp":"2026-05-11T17:17:12.787998Z","level":"info","event":"Current task name:process_partition","logger":"task.stdout"}
{"timestamp":"2026-05-11T17:17:12.795290Z","level":"info","event":"Dag name:csv_upsert_pipeline","logger":"task.stdout"}
{"timestamp":"2026-05-11T17:17:12.797343Z","level":"info","event":"[INFO] data_interval_start : 2026-05-01 13:00:00+00:00","logger":"task.stdout"}
{"timestamp":"2026-05-11T17:17:12.799015Z","level":"info","event":"[INFO] data_interval_end   : 2026-05-01 13:00:00+00:00","logger":"task.stdout"}
{"timestamp":"2026-05-11T17:17:12.799803Z","level":"info","event":"[INFO] Processing partition: /data/time_stamp=2026-05-01-13","logger":"task.stdout"}
{"timestamp":"2026-05-11T17:17:12.800765Z","level":"info","event":"[INFO] Sorted files: ['data_1.csv', 'data_2.csv', 'data_3.csv', 'data_4.csv']","logger":"task.stdout"}
{"timestamp":"2026-05-11T17:17:12.801976Z","level":"info","event":"[INFO] Read data_1.csv  (index=1)","logger":"task.stdout"}
{"timestamp":"2026-05-11T17:17:12.804681Z","level":"info","event":"[INFO] Read data_2.csv  (index=2)","logger":"task.stdout"}
{"timestamp":"2026-05-11T17:17:12.806716Z","level":"info","event":"[INFO] Read data_3.csv  (index=3)","logger":"task.stdout"}
{"timestamp":"2026-05-11T17:17:12.811403Z","level":"info","event":"[INFO] Read data_4.csv  (index=4)","logger":"task.stdout"}
{"timestamp":"2026-05-11T17:17:12.813828Z","level":"info","event":"[INFO] Resolved 16 unique IDs for this run:","logger":"task.stdout"}
{"timestamp":"2026-05-11T17:17:12.815478Z","level":"info","event":"       id=1 → {'id': '1', 'name': 'Diana', 'age': '54', 'department': 'HR', 'salary': '63291.67', 'working_hours': '24.4'}","logger":"task.stdout"}
{"timestamp":"2026-05-11T17:17:12.816208Z","level":"info","event":"       id=2 → {'id': '2', 'name': 'Eve', 'age': '41', 'department': 'Engineering', 'salary': '89976.59', 'working_hours': '31.7'}","logger":"task.stdout"}
{"timestamp":"2026-05-11T17:17:12.816905Z","level":"info","event":"       id=3 → {'id': '3', 'name': 'Frank', 'age': '34', 'department': 'Sales', 'salary': '113489.55', 'working_hours': '26.7'}","logger":"task.stdout"}
{"timestamp":"2026-05-11T17:17:12.817389Z","level":"info","event":"       id=4 → {'id': '4', 'name': 'Grace', 'age': '40', 'department': 'Sales', 'salary': '116868.76', 'working_hours': '27.0'}","logger":"task.stdout"}
{"timestamp":"2026-05-11T17:17:12.818184Z","level":"info","event":"       id=5 → {'id': '5', 'name': 'Ivy', 'age': '32', 'department': 'Finance', 'salary': '101860.9', 'working_hours': '31.4'}","logger":"task.stdout"}
{"timestamp":"2026-05-11T17:17:12.818649Z","level":"info","event":"       id=6 → {'id': '6', 'name': 'Hank', 'age': '43', 'department': 'Operations', 'salary': '112426.04', 'working_hours': '45.5'}","logger":"task.stdout"}
{"timestamp":"2026-05-11T17:17:12.820593Z","level":"info","event":"       id=7 → {'id': '7', 'name': 'Grace', 'age': '28', 'department': 'Finance', 'salary': '64108.11', 'working_hours': '49.6'}","logger":"task.stdout"}
{"timestamp":"2026-05-11T17:17:12.821272Z","level":"info","event":"       id=8 → {'id': '8', 'name': 'Jack', 'age': '37', 'department': 'HR', 'salary': '65761.34', 'working_hours': '24.3'}","logger":"task.stdout"}
{"timestamp":"2026-05-11T17:17:12.821925Z","level":"info","event":"       id=9 → {'id': '9', 'name': 'Grace', 'age': '32', 'department': 'Engineering', 'salary': '63198.87', 'working_hours': '59.3'}","logger":"task.stdout"}
{"timestamp":"2026-05-11T17:17:12.822618Z","level":"info","event":"       id=10 → {'id': '10', 'name': 'Charlie', 'age': '56', 'department': 'Engineering', 'salary': '70120.28', 'working_hours': '58.8'}","logger":"task.stdout"}
{"timestamp":"2026-05-11T17:17:12.823491Z","level":"info","event":"       id=11 → {'id': '11', 'name': 'Frank', 'age': '27', 'department': 'HR', 'salary': '100833.61', 'working_hours': '46.3'}","logger":"task.stdout"}
{"timestamp":"2026-05-11T17:17:12.830296Z","level":"info","event":"       id=12 → {'id': '12', 'name': 'Hank', 'age': '55', 'department': 'Sales', 'salary': '101367.71', 'working_hours': '31.3'}","logger":"task.stdout"}
{"timestamp":"2026-05-11T17:17:12.833714Z","level":"info","event":"       id=13 → {'id': '13', 'name': 'Bob', 'age': '36', 'department': 'Sales', 'salary': '40992.57', 'working_hours': '33.4'}","logger":"task.stdout"}
{"timestamp":"2026-05-11T17:17:12.842541Z","level":"info","event":"       id=14 → {'id': '14', 'name': 'Frank', 'age': '53', 'department': 'HR', 'salary': '65631.8', 'working_hours': '24.6'}","logger":"task.stdout"}
{"timestamp":"2026-05-11T17:17:12.847834Z","level":"info","event":"       id=15 → {'id': '15', 'name': 'Alice', 'age': '54', 'department': 'HR', 'salary': '90973.9', 'working_hours': '42.3'}","logger":"task.stdout"}
{"timestamp":"2026-05-11T17:17:12.851257Z","level":"info","event":"       id=16 → {'id': '16', 'name': 'Charlie', 'age': '26', 'department': 'HR', 'salary': '117260.2', 'working_hours': '22.1'}","logger":"task.stdout"}
{"timestamp":"2026-05-11T17:17:12.852204Z","level":"info","event":"[INFO] result.csv found — upsert.","logger":"task.stdout"}
{"timestamp":"2026-05-11T17:17:12.853835Z","level":"info","event":"[INFO] In existing result.csv 20 rows.","logger":"task.stdout"}
{"timestamp":"2026-05-11T17:17:12.854498Z","level":"info","event":"       UPDATE  id=1","logger":"task.stdout"}
{"timestamp":"2026-05-11T17:17:12.855159Z","level":"info","event":"       UPDATE  id=2","logger":"task.stdout"}
{"timestamp":"2026-05-11T17:17:12.860826Z","level":"info","event":"       UPDATE  id=3","logger":"task.stdout"}
{"timestamp":"2026-05-11T17:17:12.861920Z","level":"info","event":"       UPDATE  id=4","logger":"task.stdout"}
{"timestamp":"2026-05-11T17:17:12.863803Z","level":"info","event":"       UPDATE  id=5","logger":"task.stdout"}
{"timestamp":"2026-05-11T17:17:12.864308Z","level":"info","event":"       UPDATE  id=6","logger":"task.stdout"}
{"timestamp":"2026-05-11T17:17:12.864768Z","level":"info","event":"       UPDATE  id=7","logger":"task.stdout"}
{"timestamp":"2026-05-11T17:17:12.866104Z","level":"info","event":"       UPDATE  id=8","logger":"task.stdout"}
{"timestamp":"2026-05-11T17:17:12.867170Z","level":"info","event":"       UPDATE  id=9","logger":"task.stdout"}
{"timestamp":"2026-05-11T17:17:12.867979Z","level":"info","event":"       UPDATE  id=10","logger":"task.stdout"}
{"timestamp":"2026-05-11T17:17:12.869871Z","level":"info","event":"       UPDATE  id=11","logger":"task.stdout"}
{"timestamp":"2026-05-11T17:17:12.870443Z","level":"info","event":"       UPDATE  id=12","logger":"task.stdout"}
{"timestamp":"2026-05-11T17:17:12.871005Z","level":"info","event":"       UPDATE  id=13","logger":"task.stdout"}
{"timestamp":"2026-05-11T17:17:12.871410Z","level":"info","event":"       UPDATE  id=14","logger":"task.stdout"}
{"timestamp":"2026-05-11T17:17:12.872815Z","level":"info","event":"       UPDATE  id=15","logger":"task.stdout"}
{"timestamp":"2026-05-11T17:17:12.873333Z","level":"info","event":"       UPDATE  id=16","logger":"task.stdout"}
{"timestamp":"2026-05-11T17:17:12.873894Z","level":"info","event":"[INFO] result.csv updated — total 20 rows.","logger":"task.stdout"}
{"timestamp":"2026-05-11T17:17:12.819338Z","level":"info","event":"Done. Returned value was: None","logger":"airflow.task.operators.airflow.providers.standard.operators.python.PythonOperator","filename":"python.py","lineno":229}
{"timestamp":"2026-05-11T17:17:13.101506Z","level":"info","event":"Task instance in success state","logger":"task.stdout"}
{"timestamp":"2026-05-11T17:17:13.107725Z","level":"info","event":" Previous state of the Task instance: TaskInstanceState.RUNNING","logger":"task.stdout"}
{"timestamp":"2026-05-11T17:17:13.112912Z","level":"info","event":"Task operator:<Task(PythonOperator): process_partition>","logger":"task.stdout"}
