{"timestamp":"2026-05-05T10:31:12.352256Z","level":"info","event":"DAG bundles loaded: dags-folder, example_dags","logger":"airflow.dag_processing.bundles.manager.DagBundlesManager","filename":"manager.py","lineno":209}
{"timestamp":"2026-05-05T10:31:12.354821Z","level":"info","event":"Filling up the DagBag from /opt/airflow/dags/print_interval_dag.py","logger":"airflow.dag_processing.dagbag.BundleDagBag","filename":"dagbag.py","lineno":469}
{"timestamp":"2026-05-05T10:31:12.393671Z","level":"warning","event":"The `airflow.operators.python.PythonOperator` attribute is deprecated. Please use `'airflow.providers.standard.operators.python.PythonOperator'`.","category":"UserWarning","filename":"/opt/airflow/dags/print_interval_dag.py","lineno":2,"logger":"py.warnings"}
{"timestamp":"2026-05-05T10:31:12.484609Z","level":"info","event":"Task instance is in running state","logger":"task.stdout"}
{"timestamp":"2026-05-05T10:31:12.485275Z","level":"info","event":" Previous state of the Task instance: TaskInstanceState.QUEUED","logger":"task.stdout"}
{"timestamp":"2026-05-05T10:31:12.485851Z","level":"info","event":"Current task name:print_interval","logger":"task.stdout"}
{"timestamp":"2026-05-05T10:31:12.486645Z","level":"info","event":"Dag name:print_interval_dag","logger":"task.stdout"}
{"timestamp":"2026-05-05T10:31:12.489124Z","level":"info","event":"Interval Start: 2025-05-30 21:00:00+00:00","logger":"task.stdout"}
{"timestamp":"2026-05-05T10:31:12.491446Z","level":"info","event":"Interval End:   2025-05-30 21:00:00+00:00","logger":"task.stdout"}
{"timestamp":"2026-05-05T10:31:12.487611Z","level":"info","event":"Done. Returned value was: None","logger":"airflow.task.operators.airflow.providers.standard.operators.python.PythonOperator","filename":"python.py","lineno":229}
{"timestamp":"2026-05-05T10:31:12.560386Z","level":"info","event":"Task instance in success state","logger":"task.stdout"}
{"timestamp":"2026-05-05T10:31:12.564480Z","level":"info","event":" Previous state of the Task instance: TaskInstanceState.RUNNING","logger":"task.stdout"}
{"timestamp":"2026-05-05T10:31:12.565611Z","level":"info","event":"Task operator:<Task(PythonOperator): print_interval>","logger":"task.stdout"}
{"timestamp":"2026-05-05T12:27:10.142289Z","level":"info","event":"DAG bundles loaded: dags-folder, example_dags","logger":"airflow.dag_processing.bundles.manager.DagBundlesManager","filename":"manager.py","lineno":209}
{"timestamp":"2026-05-05T12:27:10.145291Z","level":"info","event":"Filling up the DagBag from /opt/airflow/dags/print_interval_dag.py","logger":"airflow.dag_processing.dagbag.BundleDagBag","filename":"dagbag.py","lineno":469}
{"timestamp":"2026-05-05T12:27:10.254989Z","level":"info","event":"Task instance is in running state","logger":"task.stdout"}
{"timestamp":"2026-05-05T12:27:10.265428Z","level":"info","event":" Previous state of the Task instance: TaskInstanceState.QUEUED","logger":"task.stdout"}
{"timestamp":"2026-05-05T12:27:10.268661Z","level":"info","event":"Current task name:print_interval","logger":"task.stdout"}
{"timestamp":"2026-05-05T12:27:10.273747Z","level":"info","event":"Dag name:print_interval_dag","logger":"task.stdout"}
{"timestamp":"2026-05-05T12:27:10.275634Z","level":"info","event":"=== ALL AVAILABLE MACROS ===","logger":"task.stdout"}
{"timestamp":"2026-05-05T12:27:10.279908Z","level":"info","event":"dag: <DAG: print_interval_dag>","logger":"task.stdout"}
{"timestamp":"2026-05-05T12:27:10.284172Z","level":"info","event":"inlets: []","logger":"task.stdout"}
{"timestamp":"2026-05-05T12:27:10.288046Z","level":"info","event":"map_index_template: None","logger":"task.stdout"}
{"timestamp":"2026-05-05T12:27:10.290581Z","level":"info","event":"outlets: []","logger":"task.stdout"}
{"timestamp":"2026-05-05T12:27:10.292144Z","level":"info","event":"run_id: scheduled__2025-05-30T21:00:00+00:00","logger":"task.stdout"}
{"timestamp":"2026-05-05T12:27:10.297635Z","level":"info","event":"task: <Task(PythonOperator): print_interval>","logger":"task.stdout"}
{"timestamp":"2026-05-05T12:27:10.299535Z","level":"info","event":"task_instance: id=UUID('019df81b-40e3-78d4-82f3-20e91b2fe8a0') task_id='print_interval' dag_id='print_interval_dag' run_id='scheduled__2025-05-30T21:00:00+00:00' try_number=1 dag_version_id=UUID('019df815-a045-750b-bac8-47ced7cc6a45') map_index=-1 hostname='86abe326db93' context_carrier={'traceparent': '00-abe42e2322df587d6f8f5a6b35cdb736-0b150a896b994c17-01'} task=<Task(PythonOperator): print_interval> bundle_instance=LocalDagBundle(name=dags-folder) max_tries=0 start_date=datetime.datetime(2026, 5, 5, 12, 27, 9, 226887, tzinfo=datetime.timezone.utc) end_date=None state=<TaskInstanceState.RUNNING: 'running'> is_mapped=False rendered_map_index=None sentry_integration=''","logger":"task.stdout"}
{"timestamp":"2026-05-05T12:27:10.314733Z","level":"info","event":"ti: id=UUID('019df81b-40e3-78d4-82f3-20e91b2fe8a0') task_id='print_interval' dag_id='print_interval_dag' run_id='scheduled__2025-05-30T21:00:00+00:00' try_number=1 dag_version_id=UUID('019df815-a045-750b-bac8-47ced7cc6a45') map_index=-1 hostname='86abe326db93' context_carrier={'traceparent': '00-abe42e2322df587d6f8f5a6b35cdb736-0b150a896b994c17-01'} task=<Task(PythonOperator): print_interval> bundle_instance=LocalDagBundle(name=dags-folder) max_tries=0 start_date=datetime.datetime(2026, 5, 5, 12, 27, 9, 226887, tzinfo=datetime.timezone.utc) end_date=None state=<TaskInstanceState.RUNNING: 'running'> is_mapped=False rendered_map_index=None sentry_integration=''","logger":"task.stdout"}
{"timestamp":"2026-05-05T12:27:10.317108Z","level":"info","event":"outlet_events: OutletEventAccessors(_dict={})","logger":"task.stdout"}
{"timestamp":"2026-05-05T12:27:10.321289Z","level":"info","event":"inlet_events: InletEventsAccessors(_inlets=[], _assets={}, _asset_aliases={})","logger":"task.stdout"}
{"timestamp":"2026-05-05T12:27:10.322375Z","level":"info","event":"macros: <MacrosAccessor (dynamic access to macros)>","logger":"task.stdout"}
{"timestamp":"2026-05-05T12:27:10.327091Z","level":"info","event":"params: {}","logger":"task.stdout"}
{"timestamp":"2026-05-05T12:27:10.328575Z","level":"info","event":"var: {'json': <VariableAccessor (dynamic access)>, 'value': <VariableAccessor (dynamic access)>}","logger":"task.stdout"}
{"timestamp":"2026-05-05T12:27:10.332655Z","level":"info","event":"conn: <ConnectionAccessor (dynamic access)>","logger":"task.stdout"}
{"timestamp":"2026-05-05T12:27:10.333401Z","level":"info","event":"dag_run: dag_id='print_interval_dag' run_id='scheduled__2025-05-30T21:00:00+00:00' logical_date=datetime.datetime(2025, 5, 30, 21, 0, tzinfo=datetime.timezone.utc) data_interval_start=datetime.datetime(2025, 5, 30, 21, 0, tzinfo=datetime.timezone.utc) data_interval_end=datetime.datetime(2025, 5, 30, 21, 0, tzinfo=datetime.timezone.utc) run_after=datetime.datetime(2025, 5, 30, 21, 0, tzinfo=datetime.timezone.utc) start_date=datetime.datetime(2026, 5, 5, 12, 27, 8, 925427, tzinfo=datetime.timezone.utc) end_date=None clear_number=0 run_type=<DagRunType.SCHEDULED: 'scheduled'> state=<DagRunState.RUNNING: 'running'> conf={} triggering_user_name=None consumed_asset_events=[] partition_key=None note=None","logger":"task.stdout"}
{"timestamp":"2026-05-05T12:27:10.333944Z","level":"info","event":"triggering_asset_events: TriggeringAssetEventAccessor(_events=defaultdict(<class 'list'>, {}))","logger":"task.stdout"}
{"timestamp":"2026-05-05T12:27:10.334938Z","level":"info","event":"task_instance_key_str: print_interval_dag__print_interval__20250530","logger":"task.stdout"}
{"timestamp":"2026-05-05T12:27:10.337419Z","level":"info","event":"task_reschedule_count: 0","logger":"task.stdout"}
{"timestamp":"2026-05-05T12:27:10.370794Z","level":"info","event":"prev_start_date_success: 2026-05-05 12:27:08.469704+00:00","logger":"task.stdout"}
{"timestamp":"2026-05-05T12:27:10.371321Z","level":"info","event":"prev_end_date_success: 2026-05-05 12:27:10.318983+00:00","logger":"task.stdout"}
{"timestamp":"2026-05-05T12:27:10.372030Z","level":"info","event":"logical_date: 2025-05-30 21:00:00+00:00","logger":"task.stdout"}
{"timestamp":"2026-05-05T12:27:10.375261Z","level":"info","event":"ds: 2025-05-30","logger":"task.stdout"}
{"timestamp":"2026-05-05T12:27:10.376194Z","level":"info","event":"ds_nodash: 20250530","logger":"task.stdout"}
{"timestamp":"2026-05-05T12:27:10.376659Z","level":"info","event":"ts: 2025-05-30T21:00:00+00:00","logger":"task.stdout"}
{"timestamp":"2026-05-05T12:27:10.381383Z","level":"info","event":"ts_nodash: 20250530T210000","logger":"task.stdout"}
{"timestamp":"2026-05-05T12:27:10.382133Z","level":"info","event":"ts_nodash_with_tz: 20250530T210000+0000","logger":"task.stdout"}
{"timestamp":"2026-05-05T12:27:10.383077Z","level":"info","event":"data_interval_end: 2025-05-30 21:00:00+00:00","logger":"task.stdout"}
{"timestamp":"2026-05-05T12:27:10.385761Z","level":"info","event":"data_interval_start: 2025-05-30 21:00:00+00:00","logger":"task.stdout"}
{"timestamp":"2026-05-05T12:27:10.390955Z","level":"info","event":"prev_data_interval_start_success: 2025-05-30 18:00:00+00:00","logger":"task.stdout"}
{"timestamp":"2026-05-05T12:27:10.391518Z","level":"info","event":"prev_data_interval_end_success: 2025-05-30 18:00:00+00:00","logger":"task.stdout"}
{"timestamp":"2026-05-05T12:27:10.399435Z","level":"info","event":"templates_dict: None","logger":"task.stdout"}
{"timestamp":"2026-05-05T12:27:10.369610Z","level":"info","event":"Done. Returned value was: None","logger":"airflow.task.operators.airflow.providers.standard.operators.python.PythonOperator","filename":"python.py","lineno":229}
{"timestamp":"2026-05-05T12:27:10.457792Z","level":"info","event":"Task instance in success state","logger":"task.stdout"}
{"timestamp":"2026-05-05T12:27:10.458494Z","level":"info","event":" Previous state of the Task instance: TaskInstanceState.RUNNING","logger":"task.stdout"}
{"timestamp":"2026-05-05T12:27:10.464035Z","level":"info","event":"Task operator:<Task(PythonOperator): print_interval>","logger":"task.stdout"}
