{"timestamp":"2026-05-05T10:29:23.483471Z","level":"info","event":"DAG bundles loaded: dags-folder, example_dags","logger":"airflow.dag_processing.bundles.manager.DagBundlesManager","filename":"manager.py","lineno":209}
{"timestamp":"2026-05-05T10:29:23.487472Z","level":"info","event":"Filling up the DagBag from /opt/airflow/dags/print_interval_dag.py","logger":"airflow.dag_processing.dagbag.BundleDagBag","filename":"dagbag.py","lineno":469}
{"timestamp":"2026-05-05T10:29:23.502571Z","level":"warning","event":"The `airflow.operators.python.PythonOperator` attribute is deprecated. Please use `'airflow.providers.standard.operators.python.PythonOperator'`.","category":"UserWarning","filename":"/opt/airflow/dags/print_interval_dag.py","lineno":2,"logger":"py.warnings"}
{"timestamp":"2026-05-05T10:29:23.570289Z","level":"info","event":"Task instance is in running state","logger":"task.stdout"}
{"timestamp":"2026-05-05T10:29:23.571453Z","level":"info","event":" Previous state of the Task instance: TaskInstanceState.QUEUED","logger":"task.stdout"}
{"timestamp":"2026-05-05T10:29:23.572582Z","level":"info","event":"Current task name:print_interval","logger":"task.stdout"}
{"timestamp":"2026-05-05T10:29:23.573780Z","level":"info","event":"Dag name:print_interval_dag","logger":"task.stdout"}
{"timestamp":"2026-05-05T10:29:23.575604Z","level":"info","event":"Interval Start: 2025-05-03 00:00:00+00:00","logger":"task.stdout"}
{"timestamp":"2026-05-05T10:29:23.576299Z","level":"info","event":"Interval End:   2025-05-03 00:00:00+00:00","logger":"task.stdout"}
{"timestamp":"2026-05-05T10:29:23.575523Z","level":"info","event":"Done. Returned value was: None","logger":"airflow.task.operators.airflow.providers.standard.operators.python.PythonOperator","filename":"python.py","lineno":229}
{"timestamp":"2026-05-05T10:29:23.626631Z","level":"info","event":"Task instance in success state","logger":"task.stdout"}
{"timestamp":"2026-05-05T10:29:23.627262Z","level":"info","event":" Previous state of the Task instance: TaskInstanceState.RUNNING","logger":"task.stdout"}
{"timestamp":"2026-05-05T10:29:23.627757Z","level":"info","event":"Task operator:<Task(PythonOperator): print_interval>","logger":"task.stdout"}
{"timestamp":"2026-05-05T12:25:14.868349Z","level":"info","event":"DAG bundles loaded: dags-folder, example_dags","logger":"airflow.dag_processing.bundles.manager.DagBundlesManager","filename":"manager.py","lineno":209}
{"timestamp":"2026-05-05T12:25:14.870235Z","level":"info","event":"Filling up the DagBag from /opt/airflow/dags/print_interval_dag.py","logger":"airflow.dag_processing.dagbag.BundleDagBag","filename":"dagbag.py","lineno":469}
{"timestamp":"2026-05-05T12:25:14.982045Z","level":"info","event":"Task instance is in running state","logger":"task.stdout"}
{"timestamp":"2026-05-05T12:25:14.982689Z","level":"info","event":" Previous state of the Task instance: TaskInstanceState.QUEUED","logger":"task.stdout"}
{"timestamp":"2026-05-05T12:25:14.987478Z","level":"info","event":"Current task name:print_interval","logger":"task.stdout"}
{"timestamp":"2026-05-05T12:25:14.991061Z","level":"info","event":"Dag name:print_interval_dag","logger":"task.stdout"}
{"timestamp":"2026-05-05T12:25:14.999955Z","level":"info","event":"=== ALL AVAILABLE MACROS ===","logger":"task.stdout"}
{"timestamp":"2026-05-05T12:25:15.004129Z","level":"info","event":"dag: <DAG: print_interval_dag>","logger":"task.stdout"}
{"timestamp":"2026-05-05T12:25:15.004933Z","level":"info","event":"inlets: []","logger":"task.stdout"}
{"timestamp":"2026-05-05T12:25:15.009625Z","level":"info","event":"map_index_template: None","logger":"task.stdout"}
{"timestamp":"2026-05-05T12:25:15.011364Z","level":"info","event":"outlets: []","logger":"task.stdout"}
{"timestamp":"2026-05-05T12:25:15.012005Z","level":"info","event":"run_id: scheduled__2025-05-03T00:00:00+00:00","logger":"task.stdout"}
{"timestamp":"2026-05-05T12:25:15.014586Z","level":"info","event":"task: <Task(PythonOperator): print_interval>","logger":"task.stdout"}
{"timestamp":"2026-05-05T12:25:15.020601Z","level":"info","event":"task_instance: id=UUID('019df819-7cc4-7551-927b-84bb5ba630cb') task_id='print_interval' dag_id='print_interval_dag' run_id='scheduled__2025-05-03T00:00:00+00:00' try_number=1 dag_version_id=UUID('019df815-a045-750b-bac8-47ced7cc6a45') map_index=-1 hostname='86abe326db93' context_carrier={'traceparent': '00-4544a14efcda93912787f51ea4af5853-218c70db3a215c5b-01'} task=<Task(PythonOperator): print_interval> bundle_instance=LocalDagBundle(name=dags-folder) max_tries=0 start_date=datetime.datetime(2026, 5, 5, 12, 25, 13, 671226, tzinfo=datetime.timezone.utc) end_date=None state=<TaskInstanceState.RUNNING: 'running'> is_mapped=False rendered_map_index=None sentry_integration=''","logger":"task.stdout"}
{"timestamp":"2026-05-05T12:25:15.023255Z","level":"info","event":"ti: id=UUID('019df819-7cc4-7551-927b-84bb5ba630cb') task_id='print_interval' dag_id='print_interval_dag' run_id='scheduled__2025-05-03T00:00:00+00:00' try_number=1 dag_version_id=UUID('019df815-a045-750b-bac8-47ced7cc6a45') map_index=-1 hostname='86abe326db93' context_carrier={'traceparent': '00-4544a14efcda93912787f51ea4af5853-218c70db3a215c5b-01'} task=<Task(PythonOperator): print_interval> bundle_instance=LocalDagBundle(name=dags-folder) max_tries=0 start_date=datetime.datetime(2026, 5, 5, 12, 25, 13, 671226, tzinfo=datetime.timezone.utc) end_date=None state=<TaskInstanceState.RUNNING: 'running'> is_mapped=False rendered_map_index=None sentry_integration=''","logger":"task.stdout"}
{"timestamp":"2026-05-05T12:25:15.024977Z","level":"info","event":"outlet_events: OutletEventAccessors(_dict={})","logger":"task.stdout"}
{"timestamp":"2026-05-05T12:25:15.027775Z","level":"info","event":"inlet_events: InletEventsAccessors(_inlets=[], _assets={}, _asset_aliases={})","logger":"task.stdout"}
{"timestamp":"2026-05-05T12:25:15.030907Z","level":"info","event":"macros: <MacrosAccessor (dynamic access to macros)>","logger":"task.stdout"}
{"timestamp":"2026-05-05T12:25:15.032597Z","level":"info","event":"params: {}","logger":"task.stdout"}
{"timestamp":"2026-05-05T12:25:15.035372Z","level":"info","event":"var: {'json': <VariableAccessor (dynamic access)>, 'value': <VariableAccessor (dynamic access)>}","logger":"task.stdout"}
{"timestamp":"2026-05-05T12:25:15.038181Z","level":"info","event":"conn: <ConnectionAccessor (dynamic access)>","logger":"task.stdout"}
{"timestamp":"2026-05-05T12:25:15.039572Z","level":"info","event":"dag_run: dag_id='print_interval_dag' run_id='scheduled__2025-05-03T00:00:00+00:00' logical_date=datetime.datetime(2025, 5, 3, 0, 0, tzinfo=datetime.timezone.utc) data_interval_start=datetime.datetime(2025, 5, 3, 0, 0, tzinfo=datetime.timezone.utc) data_interval_end=datetime.datetime(2025, 5, 3, 0, 0, tzinfo=datetime.timezone.utc) run_after=datetime.datetime(2025, 5, 3, 0, 0, tzinfo=datetime.timezone.utc) start_date=datetime.datetime(2026, 5, 5, 12, 25, 13, 178521, tzinfo=datetime.timezone.utc) end_date=None clear_number=0 run_type=<DagRunType.SCHEDULED: 'scheduled'> state=<DagRunState.RUNNING: 'running'> conf={} triggering_user_name=None consumed_asset_events=[] partition_key=None note=None","logger":"task.stdout"}
{"timestamp":"2026-05-05T12:25:15.041791Z","level":"info","event":"triggering_asset_events: TriggeringAssetEventAccessor(_events=defaultdict(<class 'list'>, {}))","logger":"task.stdout"}
{"timestamp":"2026-05-05T12:25:15.042472Z","level":"info","event":"task_instance_key_str: print_interval_dag__print_interval__20250503","logger":"task.stdout"}
{"timestamp":"2026-05-05T12:25:15.045227Z","level":"info","event":"task_reschedule_count: 0","logger":"task.stdout"}
{"timestamp":"2026-05-05T12:25:15.081907Z","level":"info","event":"prev_start_date_success: 2026-05-05 12:25:12.694109+00:00","logger":"task.stdout"}
{"timestamp":"2026-05-05T12:25:15.087036Z","level":"info","event":"prev_end_date_success: 2026-05-05 12:25:14.862431+00:00","logger":"task.stdout"}
{"timestamp":"2026-05-05T12:25:15.090418Z","level":"info","event":"logical_date: 2025-05-03 00:00:00+00:00","logger":"task.stdout"}
{"timestamp":"2026-05-05T12:25:15.091041Z","level":"info","event":"ds: 2025-05-03","logger":"task.stdout"}
{"timestamp":"2026-05-05T12:25:15.091897Z","level":"info","event":"ds_nodash: 20250503","logger":"task.stdout"}
{"timestamp":"2026-05-05T12:25:15.092863Z","level":"info","event":"ts: 2025-05-03T00:00:00+00:00","logger":"task.stdout"}
{"timestamp":"2026-05-05T12:25:15.094308Z","level":"info","event":"ts_nodash: 20250503T000000","logger":"task.stdout"}
{"timestamp":"2026-05-05T12:25:15.095010Z","level":"info","event":"ts_nodash_with_tz: 20250503T000000+0000","logger":"task.stdout"}
{"timestamp":"2026-05-05T12:25:15.098562Z","level":"info","event":"data_interval_end: 2025-05-03 00:00:00+00:00","logger":"task.stdout"}
{"timestamp":"2026-05-05T12:25:15.099259Z","level":"info","event":"data_interval_start: 2025-05-03 00:00:00+00:00","logger":"task.stdout"}
{"timestamp":"2026-05-05T12:25:15.099703Z","level":"info","event":"prev_data_interval_start_success: 2025-05-02 21:00:00+00:00","logger":"task.stdout"}
{"timestamp":"2026-05-05T12:25:15.101339Z","level":"info","event":"prev_data_interval_end_success: 2025-05-02 21:00:00+00:00","logger":"task.stdout"}
{"timestamp":"2026-05-05T12:25:15.103379Z","level":"info","event":"templates_dict: None","logger":"task.stdout"}
{"timestamp":"2026-05-05T12:25:15.084334Z","level":"info","event":"Done. Returned value was: None","logger":"airflow.task.operators.airflow.providers.standard.operators.python.PythonOperator","filename":"python.py","lineno":229}
{"timestamp":"2026-05-05T12:25:15.189658Z","level":"info","event":"Task instance in success state","logger":"task.stdout"}
{"timestamp":"2026-05-05T12:25:15.190218Z","level":"info","event":" Previous state of the Task instance: TaskInstanceState.RUNNING","logger":"task.stdout"}
{"timestamp":"2026-05-05T12:25:15.199479Z","level":"info","event":"Task operator:<Task(PythonOperator): print_interval>","logger":"task.stdout"}
