{"timestamp":"2026-05-06T06:19:10.904778Z","level":"info","event":"DAG bundles loaded: dags-folder, example_dags","logger":"airflow.dag_processing.bundles.manager.DagBundlesManager","filename":"manager.py","lineno":209}
{"timestamp":"2026-05-06T06:19:10.908024Z","level":"info","event":"Filling up the DagBag from /opt/airflow/dags/print_interval_dag.py","logger":"airflow.dag_processing.dagbag.BundleDagBag","filename":"dagbag.py","lineno":469}
{"timestamp":"2026-05-06T06:19:11.022769Z","level":"info","event":"Task instance is in running state","logger":"task.stdout"}
{"timestamp":"2026-05-06T06:19:11.023398Z","level":"info","event":" Previous state of the Task instance: TaskInstanceState.QUEUED","logger":"task.stdout"}
{"timestamp":"2026-05-06T06:19:11.024296Z","level":"info","event":"Current task name:print_interval","logger":"task.stdout"}
{"timestamp":"2026-05-06T06:19:11.027222Z","level":"info","event":"Dag name:print_interval_dag","logger":"task.stdout"}
{"timestamp":"2026-05-06T06:19:11.029681Z","level":"info","event":"=== INTERVAL INFO ===","logger":"task.stdout"}
{"timestamp":"2026-05-06T06:19:11.030269Z","level":"info","event":"Interval Start:  2026-05-06 06:00:00+00:00","logger":"task.stdout"}
{"timestamp":"2026-05-06T06:19:11.032493Z","level":"info","event":"Interval End:    2026-05-06 09:00:00+00:00","logger":"task.stdout"}
{"timestamp":"2026-05-06T06:19:11.033083Z","level":"info","event":"Duration:        3:00:00","logger":"task.stdout"}
{"timestamp":"2026-05-06T06:19:11.033735Z","level":"info","event":"=== ALL AVAILABLE MACROS ===","logger":"task.stdout"}
{"timestamp":"2026-05-06T06:19:11.034251Z","level":"info","event":"dag: <DAG: print_interval_dag>","logger":"task.stdout"}
{"timestamp":"2026-05-06T06:19:11.037679Z","level":"info","event":"inlets: []","logger":"task.stdout"}
{"timestamp":"2026-05-06T06:19:11.038279Z","level":"info","event":"map_index_template: None","logger":"task.stdout"}
{"timestamp":"2026-05-06T06:19:11.038842Z","level":"info","event":"outlets: []","logger":"task.stdout"}
{"timestamp":"2026-05-06T06:19:11.039341Z","level":"info","event":"run_id: scheduled__2026-05-06T06:00:00+00:00","logger":"task.stdout"}
{"timestamp":"2026-05-06T06:19:11.039889Z","level":"info","event":"task: <Task(PythonOperator): print_interval>","logger":"task.stdout"}
{"timestamp":"2026-05-06T06:19:11.041796Z","level":"info","event":"task_instance: id=UUID('019dfbf0-b036-7e9f-a397-bbdcae4ee68b') task_id='print_interval' dag_id='print_interval_dag' run_id='scheduled__2026-05-06T06:00:00+00:00' try_number=1 dag_version_id=UUID('019df868-e424-75da-84ee-f728e7b06374') map_index=-1 hostname='86abe326db93' context_carrier={'traceparent': '00-b16e0e4384d74a6681e99436500f0f24-89aaced41b36a874-01'} task=<Task(PythonOperator): print_interval> bundle_instance=LocalDagBundle(name=dags-folder) max_tries=0 start_date=datetime.datetime(2026, 5, 6, 6, 19, 9, 487286, tzinfo=datetime.timezone.utc) end_date=None state=<TaskInstanceState.RUNNING: 'running'> is_mapped=False rendered_map_index=None sentry_integration=''","logger":"task.stdout"}
{"timestamp":"2026-05-06T06:19:11.042898Z","level":"info","event":"ti: id=UUID('019dfbf0-b036-7e9f-a397-bbdcae4ee68b') task_id='print_interval' dag_id='print_interval_dag' run_id='scheduled__2026-05-06T06:00:00+00:00' try_number=1 dag_version_id=UUID('019df868-e424-75da-84ee-f728e7b06374') map_index=-1 hostname='86abe326db93' context_carrier={'traceparent': '00-b16e0e4384d74a6681e99436500f0f24-89aaced41b36a874-01'} task=<Task(PythonOperator): print_interval> bundle_instance=LocalDagBundle(name=dags-folder) max_tries=0 start_date=datetime.datetime(2026, 5, 6, 6, 19, 9, 487286, tzinfo=datetime.timezone.utc) end_date=None state=<TaskInstanceState.RUNNING: 'running'> is_mapped=False rendered_map_index=None sentry_integration=''","logger":"task.stdout"}
{"timestamp":"2026-05-06T06:19:11.044565Z","level":"info","event":"outlet_events: OutletEventAccessors(_dict={})","logger":"task.stdout"}
{"timestamp":"2026-05-06T06:19:11.045268Z","level":"info","event":"inlet_events: InletEventsAccessors(_inlets=[], _assets={}, _asset_aliases={})","logger":"task.stdout"}
{"timestamp":"2026-05-06T06:19:11.046118Z","level":"info","event":"macros: <MacrosAccessor (dynamic access to macros)>","logger":"task.stdout"}
{"timestamp":"2026-05-06T06:19:11.049389Z","level":"info","event":"params: {}","logger":"task.stdout"}
{"timestamp":"2026-05-06T06:19:11.050102Z","level":"info","event":"var: {'json': <VariableAccessor (dynamic access)>, 'value': <VariableAccessor (dynamic access)>}","logger":"task.stdout"}
{"timestamp":"2026-05-06T06:19:11.050551Z","level":"info","event":"conn: <ConnectionAccessor (dynamic access)>","logger":"task.stdout"}
{"timestamp":"2026-05-06T06:19:11.050960Z","level":"info","event":"dag_run: dag_id='print_interval_dag' run_id='scheduled__2026-05-06T06:00:00+00:00' logical_date=datetime.datetime(2026, 5, 6, 6, 0, tzinfo=datetime.timezone.utc) data_interval_start=datetime.datetime(2026, 5, 6, 6, 0, tzinfo=datetime.timezone.utc) data_interval_end=datetime.datetime(2026, 5, 6, 6, 0, tzinfo=datetime.timezone.utc) run_after=datetime.datetime(2026, 5, 6, 6, 0, tzinfo=datetime.timezone.utc) start_date=datetime.datetime(2026, 5, 6, 6, 19, 8, 294908, tzinfo=datetime.timezone.utc) end_date=None clear_number=0 run_type=<DagRunType.SCHEDULED: 'scheduled'> state=<DagRunState.RUNNING: 'running'> conf={} triggering_user_name=None consumed_asset_events=[] partition_key=None note=None","logger":"task.stdout"}
{"timestamp":"2026-05-06T06:19:11.051461Z","level":"info","event":"triggering_asset_events: TriggeringAssetEventAccessor(_events=defaultdict(<class 'list'>, {}))","logger":"task.stdout"}
{"timestamp":"2026-05-06T06:19:11.051899Z","level":"info","event":"task_instance_key_str: print_interval_dag__print_interval__20260506","logger":"task.stdout"}
{"timestamp":"2026-05-06T06:19:11.054665Z","level":"info","event":"task_reschedule_count: 0","logger":"task.stdout"}
{"timestamp":"2026-05-06T06:19:11.090877Z","level":"info","event":"prev_start_date_success: 2026-05-06 04:21:39.851458+00:00","logger":"task.stdout"}
{"timestamp":"2026-05-06T06:19:11.091558Z","level":"info","event":"prev_end_date_success: 2026-05-06 04:21:42.339790+00:00","logger":"task.stdout"}
{"timestamp":"2026-05-06T06:19:11.099036Z","level":"info","event":"logical_date: 2026-05-06 06:00:00+00:00","logger":"task.stdout"}
{"timestamp":"2026-05-06T06:19:11.103091Z","level":"info","event":"ds: 2026-05-06","logger":"task.stdout"}
{"timestamp":"2026-05-06T06:19:11.106900Z","level":"info","event":"ds_nodash: 20260506","logger":"task.stdout"}
{"timestamp":"2026-05-06T06:19:11.107570Z","level":"info","event":"ts: 2026-05-06T06:00:00+00:00","logger":"task.stdout"}
{"timestamp":"2026-05-06T06:19:11.108335Z","level":"info","event":"ts_nodash: 20260506T060000","logger":"task.stdout"}
{"timestamp":"2026-05-06T06:19:11.110651Z","level":"info","event":"ts_nodash_with_tz: 20260506T060000+0000","logger":"task.stdout"}
{"timestamp":"2026-05-06T06:19:11.111245Z","level":"info","event":"data_interval_end: 2026-05-06 06:00:00+00:00","logger":"task.stdout"}
{"timestamp":"2026-05-06T06:19:11.111862Z","level":"info","event":"data_interval_start: 2026-05-06 06:00:00+00:00","logger":"task.stdout"}
{"timestamp":"2026-05-06T06:19:11.112492Z","level":"info","event":"prev_data_interval_start_success: 2026-05-06 03:00:00+00:00","logger":"task.stdout"}
{"timestamp":"2026-05-06T06:19:11.113082Z","level":"info","event":"prev_data_interval_end_success: 2026-05-06 03:00:00+00:00","logger":"task.stdout"}
{"timestamp":"2026-05-06T06:19:11.118250Z","level":"info","event":"templates_dict: None","logger":"task.stdout"}
{"timestamp":"2026-05-06T06:19:11.090906Z","level":"info","event":"Done. Returned value was: None","logger":"airflow.task.operators.airflow.providers.standard.operators.python.PythonOperator","filename":"python.py","lineno":229}
{"timestamp":"2026-05-06T06:19:11.269195Z","level":"info","event":"Task instance in success state","logger":"task.stdout"}
{"timestamp":"2026-05-06T06:19:11.270192Z","level":"info","event":" Previous state of the Task instance: TaskInstanceState.RUNNING","logger":"task.stdout"}
{"timestamp":"2026-05-06T06:19:11.276568Z","level":"info","event":"Task operator:<Task(PythonOperator): print_interval>","logger":"task.stdout"}
{"timestamp":"2026-05-06T14:47:31.697026Z","level":"info","event":"DAG bundles loaded: dags-folder, example_dags","logger":"airflow.dag_processing.bundles.manager.DagBundlesManager","filename":"manager.py","lineno":209}
{"timestamp":"2026-05-06T14:47:31.698868Z","level":"info","event":"Filling up the DagBag from /opt/airflow/dags/print_interval_dag.py","logger":"airflow.dag_processing.dagbag.BundleDagBag","filename":"dagbag.py","lineno":469}
{"timestamp":"2026-05-06T14:47:31.779653Z","level":"info","event":"Task instance is in running state","logger":"task.stdout"}
{"timestamp":"2026-05-06T14:47:31.780799Z","level":"info","event":" Previous state of the Task instance: TaskInstanceState.QUEUED","logger":"task.stdout"}
{"timestamp":"2026-05-06T14:47:31.783668Z","level":"info","event":"Current task name:print_interval","logger":"task.stdout"}
{"timestamp":"2026-05-06T14:47:31.784264Z","level":"info","event":"Dag name:print_interval_dag","logger":"task.stdout"}
{"timestamp":"2026-05-06T14:47:31.784648Z","level":"info","event":"=== INTERVAL INFO ===","logger":"task.stdout"}
{"timestamp":"2026-05-06T14:47:31.785014Z","level":"info","event":"Interval Start:  2026-05-06 06:00:00+00:00","logger":"task.stdout"}
{"timestamp":"2026-05-06T14:47:31.785475Z","level":"info","event":"Interval End:    2026-05-06 06:00:00+00:00","logger":"task.stdout"}
{"timestamp":"2026-05-06T14:47:31.788983Z","level":"info","event":"Duration:        0:00:00","logger":"task.stdout"}
{"timestamp":"2026-05-06T14:47:31.789604Z","level":"info","event":"=== ALL AVAILABLE MACROS ===","logger":"task.stdout"}
{"timestamp":"2026-05-06T14:47:31.790742Z","level":"info","event":"dag: <DAG: print_interval_dag>","logger":"task.stdout"}
{"timestamp":"2026-05-06T14:47:31.791681Z","level":"info","event":"inlets: []","logger":"task.stdout"}
{"timestamp":"2026-05-06T14:47:31.793055Z","level":"info","event":"map_index_template: None","logger":"task.stdout"}
{"timestamp":"2026-05-06T14:47:31.793759Z","level":"info","event":"outlets: []","logger":"task.stdout"}
{"timestamp":"2026-05-06T14:47:31.797407Z","level":"info","event":"run_id: scheduled__2026-05-06T06:00:00+00:00","logger":"task.stdout"}
{"timestamp":"2026-05-06T14:47:31.797944Z","level":"info","event":"task: <Task(PythonOperator): print_interval>","logger":"task.stdout"}
{"timestamp":"2026-05-06T14:47:31.798567Z","level":"info","event":"task_instance: id=UUID('019dfdc2-1c9e-7dcf-9e52-7d15755f1424') task_id='print_interval' dag_id='print_interval_dag' run_id='scheduled__2026-05-06T06:00:00+00:00' try_number=1 dag_version_id=UUID('019dfdc0-ac2b-7973-9b93-eab8e640e2bd') map_index=-1 hostname='86abe326db93' context_carrier={'traceparent': '00-cd3c021402e59fdbb63b8ba2470ecc2d-253f62d38e2865fb-01'} task=<Task(PythonOperator): print_interval> bundle_instance=LocalDagBundle(name=dags-folder) max_tries=0 start_date=datetime.datetime(2026, 5, 6, 14, 47, 30, 630851, tzinfo=datetime.timezone.utc) end_date=None state=<TaskInstanceState.RUNNING: 'running'> is_mapped=False rendered_map_index=None sentry_integration=''","logger":"task.stdout"}
{"timestamp":"2026-05-06T14:47:31.799066Z","level":"info","event":"ti: id=UUID('019dfdc2-1c9e-7dcf-9e52-7d15755f1424') task_id='print_interval' dag_id='print_interval_dag' run_id='scheduled__2026-05-06T06:00:00+00:00' try_number=1 dag_version_id=UUID('019dfdc0-ac2b-7973-9b93-eab8e640e2bd') map_index=-1 hostname='86abe326db93' context_carrier={'traceparent': '00-cd3c021402e59fdbb63b8ba2470ecc2d-253f62d38e2865fb-01'} task=<Task(PythonOperator): print_interval> bundle_instance=LocalDagBundle(name=dags-folder) max_tries=0 start_date=datetime.datetime(2026, 5, 6, 14, 47, 30, 630851, tzinfo=datetime.timezone.utc) end_date=None state=<TaskInstanceState.RUNNING: 'running'> is_mapped=False rendered_map_index=None sentry_integration=''","logger":"task.stdout"}
{"timestamp":"2026-05-06T14:47:31.799563Z","level":"info","event":"outlet_events: OutletEventAccessors(_dict={})","logger":"task.stdout"}
{"timestamp":"2026-05-06T14:47:31.800663Z","level":"info","event":"inlet_events: InletEventsAccessors(_inlets=[], _assets={}, _asset_aliases={})","logger":"task.stdout"}
{"timestamp":"2026-05-06T14:47:31.802421Z","level":"info","event":"macros: <MacrosAccessor (dynamic access to macros)>","logger":"task.stdout"}
{"timestamp":"2026-05-06T14:47:31.803019Z","level":"info","event":"params: {}","logger":"task.stdout"}
{"timestamp":"2026-05-06T14:47:31.805454Z","level":"info","event":"var: {'json': <VariableAccessor (dynamic access)>, 'value': <VariableAccessor (dynamic access)>}","logger":"task.stdout"}
{"timestamp":"2026-05-06T14:47:31.805926Z","level":"info","event":"conn: <ConnectionAccessor (dynamic access)>","logger":"task.stdout"}
{"timestamp":"2026-05-06T14:47:31.806728Z","level":"info","event":"dag_run: dag_id='print_interval_dag' run_id='scheduled__2026-05-06T06:00:00+00:00' logical_date=datetime.datetime(2026, 5, 6, 6, 0, tzinfo=datetime.timezone.utc) data_interval_start=datetime.datetime(2026, 5, 6, 6, 0, tzinfo=datetime.timezone.utc) data_interval_end=datetime.datetime(2026, 5, 6, 6, 0, tzinfo=datetime.timezone.utc) run_after=datetime.datetime(2026, 5, 6, 6, 0, tzinfo=datetime.timezone.utc) start_date=datetime.datetime(2026, 5, 6, 14, 47, 30, 232563, tzinfo=datetime.timezone.utc) end_date=None clear_number=0 run_type=<DagRunType.SCHEDULED: 'scheduled'> state=<DagRunState.RUNNING: 'running'> conf={} triggering_user_name=None consumed_asset_events=[] partition_key=None note=None","logger":"task.stdout"}
{"timestamp":"2026-05-06T14:47:31.807222Z","level":"info","event":"triggering_asset_events: TriggeringAssetEventAccessor(_events=defaultdict(<class 'list'>, {}))","logger":"task.stdout"}
{"timestamp":"2026-05-06T14:47:31.808529Z","level":"info","event":"task_instance_key_str: print_interval_dag__print_interval__20260506","logger":"task.stdout"}
{"timestamp":"2026-05-06T14:47:31.809326Z","level":"info","event":"task_reschedule_count: 0","logger":"task.stdout"}
{"timestamp":"2026-05-06T14:47:31.835005Z","level":"info","event":"prev_start_date_success: 2026-05-06 14:47:29.705455+00:00","logger":"task.stdout"}
{"timestamp":"2026-05-06T14:47:31.836011Z","level":"info","event":"prev_end_date_success: 2026-05-06 14:47:31.711703+00:00","logger":"task.stdout"}
{"timestamp":"2026-05-06T14:47:31.836542Z","level":"info","event":"logical_date: 2026-05-06 06:00:00+00:00","logger":"task.stdout"}
{"timestamp":"2026-05-06T14:47:31.836849Z","level":"info","event":"ds: 2026-05-06","logger":"task.stdout"}
{"timestamp":"2026-05-06T14:47:31.837173Z","level":"info","event":"ds_nodash: 20260506","logger":"task.stdout"}
{"timestamp":"2026-05-06T14:47:31.839145Z","level":"info","event":"ts: 2026-05-06T06:00:00+00:00","logger":"task.stdout"}
{"timestamp":"2026-05-06T14:47:31.841539Z","level":"info","event":"ts_nodash: 20260506T060000","logger":"task.stdout"}
{"timestamp":"2026-05-06T14:47:31.842145Z","level":"info","event":"ts_nodash_with_tz: 20260506T060000+0000","logger":"task.stdout"}
{"timestamp":"2026-05-06T14:47:31.843547Z","level":"info","event":"data_interval_end: 2026-05-06 06:00:00+00:00","logger":"task.stdout"}
{"timestamp":"2026-05-06T14:47:31.844451Z","level":"info","event":"data_interval_start: 2026-05-06 06:00:00+00:00","logger":"task.stdout"}
{"timestamp":"2026-05-06T14:47:31.847600Z","level":"info","event":"prev_data_interval_start_success: 2026-05-06 03:00:00+00:00","logger":"task.stdout"}
{"timestamp":"2026-05-06T14:47:31.848180Z","level":"info","event":"prev_data_interval_end_success: 2026-05-06 03:00:00+00:00","logger":"task.stdout"}
{"timestamp":"2026-05-06T14:47:31.848610Z","level":"info","event":"templates_dict: None","logger":"task.stdout"}
{"timestamp":"2026-05-06T14:47:31.835005Z","level":"info","event":"Done. Returned value was: None","logger":"airflow.task.operators.airflow.providers.standard.operators.python.PythonOperator","filename":"python.py","lineno":229}
{"timestamp":"2026-05-06T14:47:31.888958Z","level":"info","event":"Task instance in success state","logger":"task.stdout"}
{"timestamp":"2026-05-06T14:47:31.891893Z","level":"info","event":" Previous state of the Task instance: TaskInstanceState.RUNNING","logger":"task.stdout"}
{"timestamp":"2026-05-06T14:47:31.892565Z","level":"info","event":"Task operator:<Task(PythonOperator): print_interval>","logger":"task.stdout"}
{"timestamp":"2026-05-06T14:50:51.053776Z","level":"info","event":"DAG bundles loaded: dags-folder, example_dags","logger":"airflow.dag_processing.bundles.manager.DagBundlesManager","filename":"manager.py","lineno":209}
{"timestamp":"2026-05-06T14:50:51.055977Z","level":"info","event":"Filling up the DagBag from /opt/airflow/dags/print_interval_dag.py","logger":"airflow.dag_processing.dagbag.BundleDagBag","filename":"dagbag.py","lineno":469}
{"timestamp":"2026-05-06T14:50:51.160037Z","level":"info","event":"Task instance is in running state","logger":"task.stdout"}
{"timestamp":"2026-05-06T14:50:51.165698Z","level":"info","event":" Previous state of the Task instance: TaskInstanceState.QUEUED","logger":"task.stdout"}
{"timestamp":"2026-05-06T14:50:51.166416Z","level":"info","event":"Current task name:print_interval","logger":"task.stdout"}
{"timestamp":"2026-05-06T14:50:51.167031Z","level":"info","event":"Dag name:print_interval_dag","logger":"task.stdout"}
{"timestamp":"2026-05-06T14:50:51.163878Z","level":"error","event":"Task failed with exception","logger":"task","filename":"task_runner.py","lineno":1347,"error_detail":[{"exc_type":"AttributeError","exc_value":"'DAG' object has no attribute 'schedule_interval'","exc_notes":[],"syntax_error":null,"is_cause":false,"frames":[{"filename":"/home/airflow/.local/lib/python3.13/site-packages/airflow/sdk/execution_time/task_runner.py","lineno":1263,"name":"run"},{"filename":"/home/airflow/.local/lib/python3.13/site-packages/airflow/sdk/execution_time/task_runner.py","lineno":1678,"name":"_execute_task"},{"filename":"/home/airflow/.local/lib/python3.13/site-packages/airflow/sdk/bases/operator.py","lineno":443,"name":"wrapper"},{"filename":"/home/airflow/.local/lib/python3.13/site-packages/airflow/providers/standard/operators/python.py","lineno":227,"name":"execute"},{"filename":"/home/airflow/.local/lib/python3.13/site-packages/airflow/providers/standard/operators/python.py","lineno":250,"name":"execute_callable"},{"filename":"/home/airflow/.local/lib/python3.13/site-packages/airflow/sdk/execution_time/callback_runner.py","lineno":97,"name":"run"},{"filename":"/opt/airflow/dags/print_interval_dag.py","lineno":11,"name":"print_interval"}],"is_group":false,"exceptions":[]}]}
{"timestamp":"2026-05-06T14:50:51.175768Z","level":"info","event":"Task instance in failure state","logger":"task.stdout"}
{"timestamp":"2026-05-06T14:50:51.176363Z","level":"info","event":"Task start","logger":"task.stdout"}
{"timestamp":"2026-05-06T14:50:51.179918Z","level":"info","event":"Task:<Task(PythonOperator): print_interval>","logger":"task.stdout"}
{"timestamp":"2026-05-06T14:50:51.180703Z","level":"info","event":"Failure caused by 'DAG' object has no attribute 'schedule_interval'","logger":"task.stdout"}
{"timestamp":"2026-05-06T14:53:33.759928Z","level":"info","event":"DAG bundles loaded: dags-folder, example_dags","logger":"airflow.dag_processing.bundles.manager.DagBundlesManager","filename":"manager.py","lineno":209}
{"timestamp":"2026-05-06T14:53:33.762516Z","level":"info","event":"Filling up the DagBag from /opt/airflow/dags/print_interval_dag.py","logger":"airflow.dag_processing.dagbag.BundleDagBag","filename":"dagbag.py","lineno":469}
{"timestamp":"2026-05-06T14:53:33.852648Z","level":"info","event":"Task instance is in running state","logger":"task.stdout"}
{"timestamp":"2026-05-06T14:53:33.853500Z","level":"info","event":" Previous state of the Task instance: TaskInstanceState.QUEUED","logger":"task.stdout"}
{"timestamp":"2026-05-06T14:53:33.854158Z","level":"info","event":"Current task name:print_interval","logger":"task.stdout"}
{"timestamp":"2026-05-06T14:53:33.857515Z","level":"info","event":"Dag name:print_interval_dag","logger":"task.stdout"}
{"timestamp":"2026-05-06T14:53:33.858912Z","level":"info","event":"=== INTERVAL INFO ===","logger":"task.stdout"}
{"timestamp":"2026-05-06T14:53:33.860016Z","level":"info","event":"Interval Start:  2026-05-06 06:00:00+00:00","logger":"task.stdout"}
{"timestamp":"2026-05-06T14:53:33.860595Z","level":"info","event":"Interval End:    2026-05-06 09:00:00+00:00","logger":"task.stdout"}
{"timestamp":"2026-05-06T14:53:33.861093Z","level":"info","event":"Duration:        3:00:00","logger":"task.stdout"}
{"timestamp":"2026-05-06T14:53:33.859569Z","level":"info","event":"Done. Returned value was: None","logger":"airflow.task.operators.airflow.providers.standard.operators.python.PythonOperator","filename":"python.py","lineno":229}
{"timestamp":"2026-05-06T14:53:33.907946Z","level":"info","event":"Task instance in success state","logger":"task.stdout"}
{"timestamp":"2026-05-06T14:53:33.908590Z","level":"info","event":" Previous state of the Task instance: TaskInstanceState.RUNNING","logger":"task.stdout"}
{"timestamp":"2026-05-06T14:53:33.909043Z","level":"info","event":"Task operator:<Task(PythonOperator): print_interval>","logger":"task.stdout"}
