{"timestamp":"2026-05-05T10:30:49.236923Z","level":"info","event":"DAG bundles loaded: dags-folder, example_dags","logger":"airflow.dag_processing.bundles.manager.DagBundlesManager","filename":"manager.py","lineno":209}
{"timestamp":"2026-05-05T10:30:49.238640Z","level":"info","event":"Filling up the DagBag from /opt/airflow/dags/print_interval_dag.py","logger":"airflow.dag_processing.dagbag.BundleDagBag","filename":"dagbag.py","lineno":469}
{"timestamp":"2026-05-05T10:30:49.250967Z","level":"warning","event":"The `airflow.operators.python.PythonOperator` attribute is deprecated. Please use `'airflow.providers.standard.operators.python.PythonOperator'`.","category":"UserWarning","filename":"/opt/airflow/dags/print_interval_dag.py","lineno":2,"logger":"py.warnings"}
{"timestamp":"2026-05-05T10:30:49.310197Z","level":"info","event":"Task instance is in running state","logger":"task.stdout"}
{"timestamp":"2026-05-05T10:30:49.311429Z","level":"info","event":" Previous state of the Task instance: TaskInstanceState.QUEUED","logger":"task.stdout"}
{"timestamp":"2026-05-05T10:30:49.311974Z","level":"info","event":"Current task name:print_interval","logger":"task.stdout"}
{"timestamp":"2026-05-05T10:30:49.312613Z","level":"info","event":"Dag name:print_interval_dag","logger":"task.stdout"}
{"timestamp":"2026-05-05T10:30:49.315148Z","level":"info","event":"Interval Start: 2025-05-24 15:00:00+00:00","logger":"task.stdout"}
{"timestamp":"2026-05-05T10:30:49.315774Z","level":"info","event":"Interval End:   2025-05-24 15:00:00+00:00","logger":"task.stdout"}
{"timestamp":"2026-05-05T10:30:49.315257Z","level":"info","event":"Done. Returned value was: None","logger":"airflow.task.operators.airflow.providers.standard.operators.python.PythonOperator","filename":"python.py","lineno":229}
{"timestamp":"2026-05-05T10:30:49.367293Z","level":"info","event":"Task instance in success state","logger":"task.stdout"}
{"timestamp":"2026-05-05T10:30:49.368884Z","level":"info","event":" Previous state of the Task instance: TaskInstanceState.RUNNING","logger":"task.stdout"}
{"timestamp":"2026-05-05T10:30:49.371454Z","level":"info","event":"Task operator:<Task(PythonOperator): print_interval>","logger":"task.stdout"}
{"timestamp":"2026-05-05T12:26:43.934407Z","level":"info","event":"DAG bundles loaded: dags-folder, example_dags","logger":"airflow.dag_processing.bundles.manager.DagBundlesManager","filename":"manager.py","lineno":209}
{"timestamp":"2026-05-05T12:26:43.938269Z","level":"info","event":"Filling up the DagBag from /opt/airflow/dags/print_interval_dag.py","logger":"airflow.dag_processing.dagbag.BundleDagBag","filename":"dagbag.py","lineno":469}
{"timestamp":"2026-05-05T12:26:43.993619Z","level":"info","event":"Task instance is in running state","logger":"task.stdout"}
{"timestamp":"2026-05-05T12:26:43.994141Z","level":"info","event":" Previous state of the Task instance: TaskInstanceState.QUEUED","logger":"task.stdout"}
{"timestamp":"2026-05-05T12:26:43.994973Z","level":"info","event":"Current task name:print_interval","logger":"task.stdout"}
{"timestamp":"2026-05-05T12:26:43.995487Z","level":"info","event":"Dag name:print_interval_dag","logger":"task.stdout"}
{"timestamp":"2026-05-05T12:26:43.998838Z","level":"info","event":"=== ALL AVAILABLE MACROS ===","logger":"task.stdout"}
{"timestamp":"2026-05-05T12:26:43.999429Z","level":"info","event":"dag: <DAG: print_interval_dag>","logger":"task.stdout"}
{"timestamp":"2026-05-05T12:26:43.999846Z","level":"info","event":"inlets: []","logger":"task.stdout"}
{"timestamp":"2026-05-05T12:26:44.000256Z","level":"info","event":"map_index_template: None","logger":"task.stdout"}
{"timestamp":"2026-05-05T12:26:44.000674Z","level":"info","event":"outlets: []","logger":"task.stdout"}
{"timestamp":"2026-05-05T12:26:44.001010Z","level":"info","event":"run_id: scheduled__2025-05-24T15:00:00+00:00","logger":"task.stdout"}
{"timestamp":"2026-05-05T12:26:44.001921Z","level":"info","event":"task: <Task(PythonOperator): print_interval>","logger":"task.stdout"}
{"timestamp":"2026-05-05T12:26:44.002542Z","level":"info","event":"task_instance: id=UUID('019df81a-d967-7815-9811-7b8e5da973a8') task_id='print_interval' dag_id='print_interval_dag' run_id='scheduled__2025-05-24T15:00:00+00:00' try_number=1 dag_version_id=UUID('019df815-a045-750b-bac8-47ced7cc6a45') map_index=-1 hostname='86abe326db93' context_carrier={'traceparent': '00-58b5e6845e0c5940ee4851f3d0b8a999-09ba255338f85d48-01'} task=<Task(PythonOperator): print_interval> bundle_instance=LocalDagBundle(name=dags-folder) max_tries=0 start_date=datetime.datetime(2026, 5, 5, 12, 26, 42, 829486, tzinfo=datetime.timezone.utc) end_date=None state=<TaskInstanceState.RUNNING: 'running'> is_mapped=False rendered_map_index=None sentry_integration=''","logger":"task.stdout"}
{"timestamp":"2026-05-05T12:26:44.003561Z","level":"info","event":"ti: id=UUID('019df81a-d967-7815-9811-7b8e5da973a8') task_id='print_interval' dag_id='print_interval_dag' run_id='scheduled__2025-05-24T15:00:00+00:00' try_number=1 dag_version_id=UUID('019df815-a045-750b-bac8-47ced7cc6a45') map_index=-1 hostname='86abe326db93' context_carrier={'traceparent': '00-58b5e6845e0c5940ee4851f3d0b8a999-09ba255338f85d48-01'} task=<Task(PythonOperator): print_interval> bundle_instance=LocalDagBundle(name=dags-folder) max_tries=0 start_date=datetime.datetime(2026, 5, 5, 12, 26, 42, 829486, tzinfo=datetime.timezone.utc) end_date=None state=<TaskInstanceState.RUNNING: 'running'> is_mapped=False rendered_map_index=None sentry_integration=''","logger":"task.stdout"}
{"timestamp":"2026-05-05T12:26:44.004096Z","level":"info","event":"outlet_events: OutletEventAccessors(_dict={})","logger":"task.stdout"}
{"timestamp":"2026-05-05T12:26:44.004809Z","level":"info","event":"inlet_events: InletEventsAccessors(_inlets=[], _assets={}, _asset_aliases={})","logger":"task.stdout"}
{"timestamp":"2026-05-05T12:26:44.005683Z","level":"info","event":"macros: <MacrosAccessor (dynamic access to macros)>","logger":"task.stdout"}
{"timestamp":"2026-05-05T12:26:44.006556Z","level":"info","event":"params: {}","logger":"task.stdout"}
{"timestamp":"2026-05-05T12:26:44.007227Z","level":"info","event":"var: {'json': <VariableAccessor (dynamic access)>, 'value': <VariableAccessor (dynamic access)>}","logger":"task.stdout"}
{"timestamp":"2026-05-05T12:26:44.007620Z","level":"info","event":"conn: <ConnectionAccessor (dynamic access)>","logger":"task.stdout"}
{"timestamp":"2026-05-05T12:26:44.008178Z","level":"info","event":"dag_run: dag_id='print_interval_dag' run_id='scheduled__2025-05-24T15:00:00+00:00' logical_date=datetime.datetime(2025, 5, 24, 15, 0, tzinfo=datetime.timezone.utc) data_interval_start=datetime.datetime(2025, 5, 24, 15, 0, tzinfo=datetime.timezone.utc) data_interval_end=datetime.datetime(2025, 5, 24, 15, 0, tzinfo=datetime.timezone.utc) run_after=datetime.datetime(2025, 5, 24, 15, 0, tzinfo=datetime.timezone.utc) start_date=datetime.datetime(2026, 5, 5, 12, 26, 42, 435544, tzinfo=datetime.timezone.utc) end_date=None clear_number=0 run_type=<DagRunType.SCHEDULED: 'scheduled'> state=<DagRunState.RUNNING: 'running'> conf={} triggering_user_name=None consumed_asset_events=[] partition_key=None note=None","logger":"task.stdout"}
{"timestamp":"2026-05-05T12:26:44.008920Z","level":"info","event":"triggering_asset_events: TriggeringAssetEventAccessor(_events=defaultdict(<class 'list'>, {}))","logger":"task.stdout"}
{"timestamp":"2026-05-05T12:26:44.009725Z","level":"info","event":"task_instance_key_str: print_interval_dag__print_interval__20250524","logger":"task.stdout"}
{"timestamp":"2026-05-05T12:26:44.010983Z","level":"info","event":"task_reschedule_count: 0","logger":"task.stdout"}
{"timestamp":"2026-05-05T12:26:44.043258Z","level":"info","event":"prev_start_date_success: 2026-05-05 12:26:41.209985+00:00","logger":"task.stdout"}
{"timestamp":"2026-05-05T12:26:44.044032Z","level":"info","event":"prev_end_date_success: 2026-05-05 12:26:43.707049+00:00","logger":"task.stdout"}
{"timestamp":"2026-05-05T12:26:44.045061Z","level":"info","event":"logical_date: 2025-05-24 15:00:00+00:00","logger":"task.stdout"}
{"timestamp":"2026-05-05T12:26:44.045862Z","level":"info","event":"ds: 2025-05-24","logger":"task.stdout"}
{"timestamp":"2026-05-05T12:26:44.046717Z","level":"info","event":"ds_nodash: 20250524","logger":"task.stdout"}
{"timestamp":"2026-05-05T12:26:44.047188Z","level":"info","event":"ts: 2025-05-24T15:00:00+00:00","logger":"task.stdout"}
{"timestamp":"2026-05-05T12:26:44.048781Z","level":"info","event":"ts_nodash: 20250524T150000","logger":"task.stdout"}
{"timestamp":"2026-05-05T12:26:44.050339Z","level":"info","event":"ts_nodash_with_tz: 20250524T150000+0000","logger":"task.stdout"}
{"timestamp":"2026-05-05T12:26:44.050883Z","level":"info","event":"data_interval_end: 2025-05-24 15:00:00+00:00","logger":"task.stdout"}
{"timestamp":"2026-05-05T12:26:44.051403Z","level":"info","event":"data_interval_start: 2025-05-24 15:00:00+00:00","logger":"task.stdout"}
{"timestamp":"2026-05-05T12:26:44.051885Z","level":"info","event":"prev_data_interval_start_success: 2025-05-24 06:00:00+00:00","logger":"task.stdout"}
{"timestamp":"2026-05-05T12:26:44.052476Z","level":"info","event":"prev_data_interval_end_success: 2025-05-24 06:00:00+00:00","logger":"task.stdout"}
{"timestamp":"2026-05-05T12:26:44.052993Z","level":"info","event":"templates_dict: None","logger":"task.stdout"}
{"timestamp":"2026-05-05T12:26:44.043698Z","level":"info","event":"Done. Returned value was: None","logger":"airflow.task.operators.airflow.providers.standard.operators.python.PythonOperator","filename":"python.py","lineno":229}
{"timestamp":"2026-05-05T12:26:44.096562Z","level":"info","event":"Task instance in success state","logger":"task.stdout"}
{"timestamp":"2026-05-05T12:26:44.097133Z","level":"info","event":" Previous state of the Task instance: TaskInstanceState.RUNNING","logger":"task.stdout"}
{"timestamp":"2026-05-05T12:26:44.098481Z","level":"info","event":"Task operator:<Task(PythonOperator): print_interval>","logger":"task.stdout"}
