{"timestamp":"2026-05-05T10:31:05.176263Z","level":"info","event":"DAG bundles loaded: dags-folder, example_dags","logger":"airflow.dag_processing.bundles.manager.DagBundlesManager","filename":"manager.py","lineno":209}
{"timestamp":"2026-05-05T10:31:05.179040Z","level":"info","event":"Filling up the DagBag from /opt/airflow/dags/print_interval_dag.py","logger":"airflow.dag_processing.dagbag.BundleDagBag","filename":"dagbag.py","lineno":469}
{"timestamp":"2026-05-05T10:31:05.189992Z","level":"warning","event":"The `airflow.operators.python.PythonOperator` attribute is deprecated. Please use `'airflow.providers.standard.operators.python.PythonOperator'`.","category":"UserWarning","filename":"/opt/airflow/dags/print_interval_dag.py","lineno":2,"logger":"py.warnings"}
{"timestamp":"2026-05-05T10:31:05.238895Z","level":"info","event":"Task instance is in running state","logger":"task.stdout"}
{"timestamp":"2026-05-05T10:31:05.240612Z","level":"info","event":" Previous state of the Task instance: TaskInstanceState.QUEUED","logger":"task.stdout"}
{"timestamp":"2026-05-05T10:31:05.246580Z","level":"info","event":"Current task name:print_interval","logger":"task.stdout"}
{"timestamp":"2026-05-05T10:31:05.248926Z","level":"info","event":"Dag name:print_interval_dag","logger":"task.stdout"}
{"timestamp":"2026-05-05T10:31:05.249742Z","level":"info","event":"Interval Start: 2025-05-28 18:00:00+00:00","logger":"task.stdout"}
{"timestamp":"2026-05-05T10:31:05.251115Z","level":"info","event":"Interval End:   2025-05-28 18:00:00+00:00","logger":"task.stdout"}
{"timestamp":"2026-05-05T10:31:05.245032Z","level":"info","event":"Done. Returned value was: None","logger":"airflow.task.operators.airflow.providers.standard.operators.python.PythonOperator","filename":"python.py","lineno":229}
{"timestamp":"2026-05-05T10:31:05.295849Z","level":"info","event":"Task instance in success state","logger":"task.stdout"}
{"timestamp":"2026-05-05T10:31:05.296561Z","level":"info","event":" Previous state of the Task instance: TaskInstanceState.RUNNING","logger":"task.stdout"}
{"timestamp":"2026-05-05T10:31:05.300779Z","level":"info","event":"Task operator:<Task(PythonOperator): print_interval>","logger":"task.stdout"}
{"timestamp":"2026-05-05T12:27:01.817369Z","level":"info","event":"DAG bundles loaded: dags-folder, example_dags","logger":"airflow.dag_processing.bundles.manager.DagBundlesManager","filename":"manager.py","lineno":209}
{"timestamp":"2026-05-05T12:27:01.821074Z","level":"info","event":"Filling up the DagBag from /opt/airflow/dags/print_interval_dag.py","logger":"airflow.dag_processing.dagbag.BundleDagBag","filename":"dagbag.py","lineno":469}
{"timestamp":"2026-05-05T12:27:01.877895Z","level":"info","event":"Task instance is in running state","logger":"task.stdout"}
{"timestamp":"2026-05-05T12:27:01.878458Z","level":"info","event":" Previous state of the Task instance: TaskInstanceState.QUEUED","logger":"task.stdout"}
{"timestamp":"2026-05-05T12:27:01.879024Z","level":"info","event":"Current task name:print_interval","logger":"task.stdout"}
{"timestamp":"2026-05-05T12:27:01.881093Z","level":"info","event":"Dag name:print_interval_dag","logger":"task.stdout"}
{"timestamp":"2026-05-05T12:27:01.882378Z","level":"info","event":"=== ALL AVAILABLE MACROS ===","logger":"task.stdout"}
{"timestamp":"2026-05-05T12:27:01.882958Z","level":"info","event":"dag: <DAG: print_interval_dag>","logger":"task.stdout"}
{"timestamp":"2026-05-05T12:27:01.883440Z","level":"info","event":"inlets: []","logger":"task.stdout"}
{"timestamp":"2026-05-05T12:27:01.886056Z","level":"info","event":"map_index_template: None","logger":"task.stdout"}
{"timestamp":"2026-05-05T12:27:01.886739Z","level":"info","event":"outlets: []","logger":"task.stdout"}
{"timestamp":"2026-05-05T12:27:01.888345Z","level":"info","event":"run_id: scheduled__2025-05-28T18:00:00+00:00","logger":"task.stdout"}
{"timestamp":"2026-05-05T12:27:01.889826Z","level":"info","event":"task: <Task(PythonOperator): print_interval>","logger":"task.stdout"}
{"timestamp":"2026-05-05T12:27:01.891774Z","level":"info","event":"task_instance: id=UUID('019df81b-1e36-72cb-b823-2088d1261854') task_id='print_interval' dag_id='print_interval_dag' run_id='scheduled__2025-05-28T18:00:00+00:00' try_number=1 dag_version_id=UUID('019df815-a045-750b-bac8-47ced7cc6a45') map_index=-1 hostname='86abe326db93' context_carrier={'traceparent': '00-023d96fef3de0de86ab69da2efeec100-634233bde437d120-01'} task=<Task(PythonOperator): print_interval> bundle_instance=LocalDagBundle(name=dags-folder) max_tries=0 start_date=datetime.datetime(2026, 5, 5, 12, 27, 0, 521839, tzinfo=datetime.timezone.utc) end_date=None state=<TaskInstanceState.RUNNING: 'running'> is_mapped=False rendered_map_index=None sentry_integration=''","logger":"task.stdout"}
{"timestamp":"2026-05-05T12:27:01.892818Z","level":"info","event":"ti: id=UUID('019df81b-1e36-72cb-b823-2088d1261854') task_id='print_interval' dag_id='print_interval_dag' run_id='scheduled__2025-05-28T18:00:00+00:00' try_number=1 dag_version_id=UUID('019df815-a045-750b-bac8-47ced7cc6a45') map_index=-1 hostname='86abe326db93' context_carrier={'traceparent': '00-023d96fef3de0de86ab69da2efeec100-634233bde437d120-01'} task=<Task(PythonOperator): print_interval> bundle_instance=LocalDagBundle(name=dags-folder) max_tries=0 start_date=datetime.datetime(2026, 5, 5, 12, 27, 0, 521839, tzinfo=datetime.timezone.utc) end_date=None state=<TaskInstanceState.RUNNING: 'running'> is_mapped=False rendered_map_index=None sentry_integration=''","logger":"task.stdout"}
{"timestamp":"2026-05-05T12:27:01.893921Z","level":"info","event":"outlet_events: OutletEventAccessors(_dict={})","logger":"task.stdout"}
{"timestamp":"2026-05-05T12:27:01.894460Z","level":"info","event":"inlet_events: InletEventsAccessors(_inlets=[], _assets={}, _asset_aliases={})","logger":"task.stdout"}
{"timestamp":"2026-05-05T12:27:01.895103Z","level":"info","event":"macros: <MacrosAccessor (dynamic access to macros)>","logger":"task.stdout"}
{"timestamp":"2026-05-05T12:27:01.896292Z","level":"info","event":"params: {}","logger":"task.stdout"}
{"timestamp":"2026-05-05T12:27:01.898205Z","level":"info","event":"var: {'json': <VariableAccessor (dynamic access)>, 'value': <VariableAccessor (dynamic access)>}","logger":"task.stdout"}
{"timestamp":"2026-05-05T12:27:01.900078Z","level":"info","event":"conn: <ConnectionAccessor (dynamic access)>","logger":"task.stdout"}
{"timestamp":"2026-05-05T12:27:01.902778Z","level":"info","event":"dag_run: dag_id='print_interval_dag' run_id='scheduled__2025-05-28T18:00:00+00:00' logical_date=datetime.datetime(2025, 5, 28, 18, 0, tzinfo=datetime.timezone.utc) data_interval_start=datetime.datetime(2025, 5, 28, 18, 0, tzinfo=datetime.timezone.utc) data_interval_end=datetime.datetime(2025, 5, 28, 18, 0, tzinfo=datetime.timezone.utc) run_after=datetime.datetime(2025, 5, 28, 18, 0, tzinfo=datetime.timezone.utc) start_date=datetime.datetime(2026, 5, 5, 12, 27, 0, 57770, tzinfo=datetime.timezone.utc) end_date=None clear_number=0 run_type=<DagRunType.SCHEDULED: 'scheduled'> state=<DagRunState.RUNNING: 'running'> conf={} triggering_user_name=None consumed_asset_events=[] partition_key=None note=None","logger":"task.stdout"}
{"timestamp":"2026-05-05T12:27:01.906227Z","level":"info","event":"triggering_asset_events: TriggeringAssetEventAccessor(_events=defaultdict(<class 'list'>, {}))","logger":"task.stdout"}
{"timestamp":"2026-05-05T12:27:01.909249Z","level":"info","event":"task_instance_key_str: print_interval_dag__print_interval__20250528","logger":"task.stdout"}
{"timestamp":"2026-05-05T12:27:01.912331Z","level":"info","event":"task_reschedule_count: 0","logger":"task.stdout"}
{"timestamp":"2026-05-05T12:27:01.936817Z","level":"info","event":"prev_start_date_success: 2026-05-05 12:26:59.509624+00:00","logger":"task.stdout"}
{"timestamp":"2026-05-05T12:27:01.940117Z","level":"info","event":"prev_end_date_success: 2026-05-05 12:27:01.883138+00:00","logger":"task.stdout"}
{"timestamp":"2026-05-05T12:27:01.940774Z","level":"info","event":"logical_date: 2025-05-28 18:00:00+00:00","logger":"task.stdout"}
{"timestamp":"2026-05-05T12:27:01.941275Z","level":"info","event":"ds: 2025-05-28","logger":"task.stdout"}
{"timestamp":"2026-05-05T12:27:01.942218Z","level":"info","event":"ds_nodash: 20250528","logger":"task.stdout"}
{"timestamp":"2026-05-05T12:27:01.942768Z","level":"info","event":"ts: 2025-05-28T18:00:00+00:00","logger":"task.stdout"}
{"timestamp":"2026-05-05T12:27:01.943299Z","level":"info","event":"ts_nodash: 20250528T180000","logger":"task.stdout"}
{"timestamp":"2026-05-05T12:27:01.944284Z","level":"info","event":"ts_nodash_with_tz: 20250528T180000+0000","logger":"task.stdout"}
{"timestamp":"2026-05-05T12:27:01.944866Z","level":"info","event":"data_interval_end: 2025-05-28 18:00:00+00:00","logger":"task.stdout"}
{"timestamp":"2026-05-05T12:27:01.946949Z","level":"info","event":"data_interval_start: 2025-05-28 18:00:00+00:00","logger":"task.stdout"}
{"timestamp":"2026-05-05T12:27:01.947491Z","level":"info","event":"prev_data_interval_start_success: 2025-05-28 15:00:00+00:00","logger":"task.stdout"}
{"timestamp":"2026-05-05T12:27:01.948244Z","level":"info","event":"prev_data_interval_end_success: 2025-05-28 15:00:00+00:00","logger":"task.stdout"}
{"timestamp":"2026-05-05T12:27:01.949925Z","level":"info","event":"templates_dict: None","logger":"task.stdout"}
{"timestamp":"2026-05-05T12:27:01.935739Z","level":"info","event":"Done. Returned value was: None","logger":"airflow.task.operators.airflow.providers.standard.operators.python.PythonOperator","filename":"python.py","lineno":229}
{"timestamp":"2026-05-05T12:27:01.996107Z","level":"info","event":"Task instance in success state","logger":"task.stdout"}
{"timestamp":"2026-05-05T12:27:01.996790Z","level":"info","event":" Previous state of the Task instance: TaskInstanceState.RUNNING","logger":"task.stdout"}
{"timestamp":"2026-05-05T12:27:02.001180Z","level":"info","event":"Task operator:<Task(PythonOperator): print_interval>","logger":"task.stdout"}
