{"timestamp":"2026-05-08T17:38:18.248748Z","level":"info","event":"DAG bundles loaded: dags-folder, example_dags","logger":"airflow.dag_processing.bundles.manager.DagBundlesManager","filename":"manager.py","lineno":209}
{"timestamp":"2026-05-08T17:38:18.249744Z","level":"info","event":"Filling up the DagBag from /opt/airflow/dags/csv_upsert_pipeline.py","logger":"airflow.dag_processing.dagbag.BundleDagBag","filename":"dagbag.py","lineno":469}
{"timestamp":"2026-05-08T17:38:18.265201Z","level":"warning","event":"airflow.exceptions.AirflowSkipException is deprecated and will be removed in a future version. Use airflow.sdk.exceptions.AirflowSkipException instead.","category":"UserWarning","filename":"/opt/airflow/dags/csv_upsert_pipeline.py","lineno":7,"logger":"py.warnings"}
{"timestamp":"2026-05-08T17:38:18.324866Z","level":"info","event":"Task instance is in running state","logger":"task.stdout"}
{"timestamp":"2026-05-08T17:38:18.325492Z","level":"info","event":" Previous state of the Task instance: TaskInstanceState.QUEUED","logger":"task.stdout"}
{"timestamp":"2026-05-08T17:38:18.325984Z","level":"info","event":"Current task name:process_partition","logger":"task.stdout"}
{"timestamp":"2026-05-08T17:38:18.326921Z","level":"info","event":"Dag name:csv_upsert_pipeline","logger":"task.stdout"}
{"timestamp":"2026-05-08T17:38:18.331652Z","level":"info","event":"[INFO] data_interval_start : 2026-05-04 23:00:00+00:00","logger":"task.stdout"}
{"timestamp":"2026-05-08T17:38:18.332754Z","level":"info","event":"[INFO] data_interval_end   : 2026-05-04 23:00:00+00:00","logger":"task.stdout"}
{"timestamp":"2026-05-08T17:38:18.333586Z","level":"info","event":"[INFO] Processing partition: /data/time_stamp=2026-05-04-23","logger":"task.stdout"}
{"timestamp":"2026-05-08T17:38:18.335303Z","level":"info","event":"[INFO] Sorted files: ['data_1.csv', 'data_2.csv', 'data_3.csv', 'data_4.csv', 'data_5.csv']","logger":"task.stdout"}
{"timestamp":"2026-05-08T17:38:18.337584Z","level":"info","event":"[INFO] Read data_1.csv  (index=1)","logger":"task.stdout"}
{"timestamp":"2026-05-08T17:38:18.339264Z","level":"info","event":"[INFO] Read data_2.csv  (index=2)","logger":"task.stdout"}
{"timestamp":"2026-05-08T17:38:18.340697Z","level":"info","event":"[INFO] Read data_3.csv  (index=3)","logger":"task.stdout"}
{"timestamp":"2026-05-08T17:38:18.343468Z","level":"info","event":"[INFO] Read data_4.csv  (index=4)","logger":"task.stdout"}
{"timestamp":"2026-05-08T17:38:18.352096Z","level":"info","event":"[INFO] Read data_5.csv  (index=5)","logger":"task.stdout"}
{"timestamp":"2026-05-08T17:38:18.354244Z","level":"info","event":"[INFO] Resolved 14 unique IDs for this run:","logger":"task.stdout"}
{"timestamp":"2026-05-08T17:38:18.356541Z","level":"info","event":"       id=1 → {'id': '1', 'name': 'Eve', 'age': '59', 'department': 'HR', 'salary': '57397.79', 'working_hours': '25.2'}","logger":"task.stdout"}
{"timestamp":"2026-05-08T17:38:18.358404Z","level":"info","event":"       id=2 → {'id': '2', 'name': 'Charlie', 'age': '29', 'department': 'HR', 'salary': '38757.12', 'working_hours': '25.1'}","logger":"task.stdout"}
{"timestamp":"2026-05-08T17:38:18.360830Z","level":"info","event":"       id=3 → {'id': '3', 'name': 'Hank', 'age': '22', 'department': 'HR', 'salary': '106161.73', 'working_hours': '41.8'}","logger":"task.stdout"}
{"timestamp":"2026-05-08T17:38:18.362988Z","level":"info","event":"       id=4 → {'id': '4', 'name': 'Frank', 'age': '32', 'department': 'Sales', 'salary': '71086.69', 'working_hours': '34.7'}","logger":"task.stdout"}
{"timestamp":"2026-05-08T17:38:18.364475Z","level":"info","event":"       id=5 → {'id': '5', 'name': 'Eve', 'age': '57', 'department': 'Operations', 'salary': '51101.79', 'working_hours': '41.7'}","logger":"task.stdout"}
{"timestamp":"2026-05-08T17:38:18.365610Z","level":"info","event":"       id=6 → {'id': '6', 'name': 'Charlie', 'age': '38', 'department': 'Operations', 'salary': '100440.08', 'working_hours': '42.9'}","logger":"task.stdout"}
{"timestamp":"2026-05-08T17:38:18.366764Z","level":"info","event":"       id=7 → {'id': '7', 'name': 'Bob', 'age': '29', 'department': 'Operations', 'salary': '79414.82', 'working_hours': '32.1'}","logger":"task.stdout"}
{"timestamp":"2026-05-08T17:38:18.370109Z","level":"info","event":"       id=8 → {'id': '8', 'name': 'Diana', 'age': '31', 'department': 'Engineering', 'salary': '57732.99', 'working_hours': '36.7'}","logger":"task.stdout"}
{"timestamp":"2026-05-08T17:38:18.370913Z","level":"info","event":"       id=9 → {'id': '9', 'name': 'Frank', 'age': '32', 'department': 'Operations', 'salary': '83503.6', 'working_hours': '28.7'}","logger":"task.stdout"}
{"timestamp":"2026-05-08T17:38:18.372733Z","level":"info","event":"       id=10 → {'id': '10', 'name': 'Eve', 'age': '37', 'department': 'Marketing', 'salary': '65774.92', 'working_hours': '57.2'}","logger":"task.stdout"}
{"timestamp":"2026-05-08T17:38:18.375458Z","level":"info","event":"       id=11 → {'id': '11', 'name': 'Alice', 'age': '31', 'department': 'Engineering', 'salary': '58218.59', 'working_hours': '26.7'}","logger":"task.stdout"}
{"timestamp":"2026-05-08T17:38:18.377616Z","level":"info","event":"       id=12 → {'id': '12', 'name': 'Frank', 'age': '44', 'department': 'Finance', 'salary': '61026.07', 'working_hours': '35.9'}","logger":"task.stdout"}
{"timestamp":"2026-05-08T17:38:18.378258Z","level":"info","event":"       id=13 → {'id': '13', 'name': 'Eve', 'age': '38', 'department': 'Engineering', 'salary': '110145.21', 'working_hours': '43.9'}","logger":"task.stdout"}
{"timestamp":"2026-05-08T17:38:18.379771Z","level":"info","event":"       id=14 → {'id': '14', 'name': 'Eve', 'age': '35', 'department': 'Finance', 'salary': '108214.49', 'working_hours': '30.7'}","logger":"task.stdout"}
{"timestamp":"2026-05-08T17:38:18.380583Z","level":"info","event":"[INFO] result.csv mil gayi — upsert karte hain.","logger":"task.stdout"}
{"timestamp":"2026-05-08T17:38:18.380918Z","level":"info","event":"[INFO] Existing result.csv mein 20 rows hain.","logger":"task.stdout"}
{"timestamp":"2026-05-08T17:38:18.381575Z","level":"info","event":"       UPDATE  id=1","logger":"task.stdout"}
{"timestamp":"2026-05-08T17:38:18.382042Z","level":"info","event":"       UPDATE  id=2","logger":"task.stdout"}
{"timestamp":"2026-05-08T17:38:18.382614Z","level":"info","event":"       UPDATE  id=3","logger":"task.stdout"}
{"timestamp":"2026-05-08T17:38:18.388834Z","level":"info","event":"       UPDATE  id=4","logger":"task.stdout"}
{"timestamp":"2026-05-08T17:38:18.389397Z","level":"info","event":"       UPDATE  id=5","logger":"task.stdout"}
{"timestamp":"2026-05-08T17:38:18.390027Z","level":"info","event":"       UPDATE  id=6","logger":"task.stdout"}
{"timestamp":"2026-05-08T17:38:18.394284Z","level":"info","event":"       UPDATE  id=7","logger":"task.stdout"}
{"timestamp":"2026-05-08T17:38:18.399026Z","level":"info","event":"       UPDATE  id=8","logger":"task.stdout"}
{"timestamp":"2026-05-08T17:38:18.403637Z","level":"info","event":"       UPDATE  id=9","logger":"task.stdout"}
{"timestamp":"2026-05-08T17:38:18.404825Z","level":"info","event":"       UPDATE  id=10","logger":"task.stdout"}
{"timestamp":"2026-05-08T17:38:18.405902Z","level":"info","event":"       UPDATE  id=11","logger":"task.stdout"}
{"timestamp":"2026-05-08T17:38:18.407499Z","level":"info","event":"       UPDATE  id=12","logger":"task.stdout"}
{"timestamp":"2026-05-08T17:38:18.410181Z","level":"info","event":"       UPDATE  id=13","logger":"task.stdout"}
{"timestamp":"2026-05-08T17:38:18.411726Z","level":"info","event":"       UPDATE  id=14","logger":"task.stdout"}
{"timestamp":"2026-05-08T17:38:18.413812Z","level":"info","event":"[INFO] result.csv updated — total 20 rows.","logger":"task.stdout"}
{"timestamp":"2026-05-08T17:38:18.363255Z","level":"info","event":"Done. Returned value was: None","logger":"airflow.task.operators.airflow.providers.standard.operators.python.PythonOperator","filename":"python.py","lineno":229}
{"timestamp":"2026-05-08T17:38:18.497278Z","level":"info","event":"Task instance in success state","logger":"task.stdout"}
{"timestamp":"2026-05-08T17:38:18.498898Z","level":"info","event":" Previous state of the Task instance: TaskInstanceState.RUNNING","logger":"task.stdout"}
{"timestamp":"2026-05-08T17:38:18.503031Z","level":"info","event":"Task operator:<Task(PythonOperator): process_partition>","logger":"task.stdout"}
{"timestamp":"2026-05-11T16:47:22.778698Z","level":"info","event":"DAG bundles loaded: dags-folder, example_dags","logger":"airflow.dag_processing.bundles.manager.DagBundlesManager","filename":"manager.py","lineno":209}
{"timestamp":"2026-05-11T16:47:22.780622Z","level":"info","event":"Filling up the DagBag from /opt/airflow/dags/__pycache__/csv_upsert_pipeline.py","logger":"airflow.dag_processing.dagbag.BundleDagBag","filename":"dagbag.py","lineno":469}
{"timestamp":"2026-05-11T16:47:22.798206Z","level":"warning","event":"airflow.exceptions.AirflowSkipException is deprecated and will be removed in a future version. Use airflow.sdk.exceptions.AirflowSkipException instead.","category":"UserWarning","filename":"/opt/airflow/dags/__pycache__/csv_upsert_pipeline.py","lineno":7,"logger":"py.warnings"}
{"timestamp":"2026-05-11T16:47:23.421275Z","level":"info","event":"Task instance is in running state","logger":"task.stdout"}
{"timestamp":"2026-05-11T16:47:23.427261Z","level":"info","event":" Previous state of the Task instance: TaskInstanceState.QUEUED","logger":"task.stdout"}
{"timestamp":"2026-05-11T16:47:23.428564Z","level":"info","event":"Current task name:process_partition","logger":"task.stdout"}
{"timestamp":"2026-05-11T16:47:23.432201Z","level":"info","event":"Dag name:csv_upsert_pipeline","logger":"task.stdout"}
{"timestamp":"2026-05-11T16:47:23.433106Z","level":"info","event":"[INFO] data_interval_start : 2026-05-04 23:00:00+00:00","logger":"task.stdout"}
{"timestamp":"2026-05-11T16:47:23.434624Z","level":"info","event":"[INFO] data_interval_end   : 2026-05-04 23:00:00+00:00","logger":"task.stdout"}
{"timestamp":"2026-05-11T16:47:23.436114Z","level":"info","event":"[INFO] Processing partition: /data/time_stamp=2026-05-04-23","logger":"task.stdout"}
{"timestamp":"2026-05-11T16:47:23.452274Z","level":"info","event":"[INFO] Sorted files: ['data_1.csv', 'data_2.csv', 'data_3.csv', 'data_4.csv', 'data_5.csv']","logger":"task.stdout"}
{"timestamp":"2026-05-11T16:47:23.468682Z","level":"info","event":"[INFO] Read data_1.csv  (index=1)","logger":"task.stdout"}
{"timestamp":"2026-05-11T16:47:23.475982Z","level":"info","event":"[INFO] Read data_2.csv  (index=2)","logger":"task.stdout"}
{"timestamp":"2026-05-11T16:47:23.477928Z","level":"info","event":"[INFO] Read data_3.csv  (index=3)","logger":"task.stdout"}
{"timestamp":"2026-05-11T16:47:23.498398Z","level":"info","event":"[INFO] Read data_4.csv  (index=4)","logger":"task.stdout"}
{"timestamp":"2026-05-11T16:47:23.505148Z","level":"info","event":"[INFO] Read data_5.csv  (index=5)","logger":"task.stdout"}
{"timestamp":"2026-05-11T16:47:23.505693Z","level":"info","event":"[INFO] Resolved 14 unique IDs for this run:","logger":"task.stdout"}
{"timestamp":"2026-05-11T16:47:23.507480Z","level":"info","event":"       id=1 → {'id': '1', 'name': 'Eve', 'age': '59', 'department': 'HR', 'salary': '57397.79', 'working_hours': '25.2'}","logger":"task.stdout"}
{"timestamp":"2026-05-11T16:47:23.508104Z","level":"info","event":"       id=2 → {'id': '2', 'name': 'Charlie', 'age': '29', 'department': 'HR', 'salary': '38757.12', 'working_hours': '25.1'}","logger":"task.stdout"}
{"timestamp":"2026-05-11T16:47:23.511587Z","level":"info","event":"       id=3 → {'id': '3', 'name': 'Hank', 'age': '22', 'department': 'HR', 'salary': '106161.73', 'working_hours': '41.8'}","logger":"task.stdout"}
{"timestamp":"2026-05-11T16:47:23.513541Z","level":"info","event":"       id=4 → {'id': '4', 'name': 'Frank', 'age': '32', 'department': 'Sales', 'salary': '71086.69', 'working_hours': '34.7'}","logger":"task.stdout"}
{"timestamp":"2026-05-11T16:47:23.517472Z","level":"info","event":"       id=5 → {'id': '5', 'name': 'Eve', 'age': '57', 'department': 'Operations', 'salary': '51101.79', 'working_hours': '41.7'}","logger":"task.stdout"}
{"timestamp":"2026-05-11T16:47:23.523849Z","level":"info","event":"       id=6 → {'id': '6', 'name': 'Charlie', 'age': '38', 'department': 'Operations', 'salary': '100440.08', 'working_hours': '42.9'}","logger":"task.stdout"}
{"timestamp":"2026-05-11T16:47:23.529054Z","level":"info","event":"       id=7 → {'id': '7', 'name': 'Bob', 'age': '29', 'department': 'Operations', 'salary': '79414.82', 'working_hours': '32.1'}","logger":"task.stdout"}
{"timestamp":"2026-05-11T16:47:23.530205Z","level":"info","event":"       id=8 → {'id': '8', 'name': 'Diana', 'age': '31', 'department': 'Engineering', 'salary': '57732.99', 'working_hours': '36.7'}","logger":"task.stdout"}
{"timestamp":"2026-05-11T16:47:23.531325Z","level":"info","event":"       id=9 → {'id': '9', 'name': 'Frank', 'age': '32', 'department': 'Operations', 'salary': '83503.6', 'working_hours': '28.7'}","logger":"task.stdout"}
{"timestamp":"2026-05-11T16:47:23.535901Z","level":"info","event":"       id=10 → {'id': '10', 'name': 'Eve', 'age': '37', 'department': 'Marketing', 'salary': '65774.92', 'working_hours': '57.2'}","logger":"task.stdout"}
{"timestamp":"2026-05-11T16:47:23.538179Z","level":"info","event":"       id=11 → {'id': '11', 'name': 'Alice', 'age': '31', 'department': 'Engineering', 'salary': '58218.59', 'working_hours': '26.7'}","logger":"task.stdout"}
{"timestamp":"2026-05-11T16:47:23.538745Z","level":"info","event":"       id=12 → {'id': '12', 'name': 'Frank', 'age': '44', 'department': 'Finance', 'salary': '61026.07', 'working_hours': '35.9'}","logger":"task.stdout"}
{"timestamp":"2026-05-11T16:47:23.544830Z","level":"info","event":"       id=13 → {'id': '13', 'name': 'Eve', 'age': '38', 'department': 'Engineering', 'salary': '110145.21', 'working_hours': '43.9'}","logger":"task.stdout"}
{"timestamp":"2026-05-11T16:47:23.545642Z","level":"info","event":"       id=14 → {'id': '14', 'name': 'Eve', 'age': '35', 'department': 'Finance', 'salary': '108214.49', 'working_hours': '30.7'}","logger":"task.stdout"}
{"timestamp":"2026-05-11T16:47:23.546206Z","level":"info","event":"[INFO] result.csv found — upsert.","logger":"task.stdout"}
{"timestamp":"2026-05-11T16:47:23.547234Z","level":"info","event":"[INFO] In existing result.csv 20 rows.","logger":"task.stdout"}
{"timestamp":"2026-05-11T16:47:23.547772Z","level":"info","event":"       UPDATE  id=1","logger":"task.stdout"}
{"timestamp":"2026-05-11T16:47:23.553157Z","level":"info","event":"       UPDATE  id=2","logger":"task.stdout"}
{"timestamp":"2026-05-11T16:47:23.553859Z","level":"info","event":"       UPDATE  id=3","logger":"task.stdout"}
{"timestamp":"2026-05-11T16:47:23.555817Z","level":"info","event":"       UPDATE  id=4","logger":"task.stdout"}
{"timestamp":"2026-05-11T16:47:23.566978Z","level":"info","event":"       UPDATE  id=5","logger":"task.stdout"}
{"timestamp":"2026-05-11T16:47:23.569918Z","level":"info","event":"       UPDATE  id=6","logger":"task.stdout"}
{"timestamp":"2026-05-11T16:47:23.573297Z","level":"info","event":"       UPDATE  id=7","logger":"task.stdout"}
{"timestamp":"2026-05-11T16:47:23.573847Z","level":"info","event":"       UPDATE  id=8","logger":"task.stdout"}
{"timestamp":"2026-05-11T16:47:23.576866Z","level":"info","event":"       UPDATE  id=9","logger":"task.stdout"}
{"timestamp":"2026-05-11T16:47:23.585392Z","level":"info","event":"       UPDATE  id=10","logger":"task.stdout"}
{"timestamp":"2026-05-11T16:47:23.588006Z","level":"info","event":"       UPDATE  id=11","logger":"task.stdout"}
{"timestamp":"2026-05-11T16:47:23.590686Z","level":"info","event":"       UPDATE  id=12","logger":"task.stdout"}
{"timestamp":"2026-05-11T16:47:23.591215Z","level":"info","event":"       UPDATE  id=13","logger":"task.stdout"}
{"timestamp":"2026-05-11T16:47:23.592909Z","level":"info","event":"       UPDATE  id=14","logger":"task.stdout"}
{"timestamp":"2026-05-11T16:47:23.593640Z","level":"info","event":"[INFO] result.csv updated — total 20 rows.","logger":"task.stdout"}
{"timestamp":"2026-05-11T16:47:23.516212Z","level":"info","event":"Done. Returned value was: None","logger":"airflow.task.operators.airflow.providers.standard.operators.python.PythonOperator","filename":"python.py","lineno":229}
{"timestamp":"2026-05-11T16:47:23.703807Z","level":"info","event":"Task instance in success state","logger":"task.stdout"}
{"timestamp":"2026-05-11T16:47:23.710454Z","level":"info","event":" Previous state of the Task instance: TaskInstanceState.RUNNING","logger":"task.stdout"}
{"timestamp":"2026-05-11T16:47:23.717819Z","level":"info","event":"Task operator:<Task(PythonOperator): process_partition>","logger":"task.stdout"}
{"timestamp":"2026-05-11T17:18:05.576931Z","level":"info","event":"DAG bundles loaded: dags-folder, example_dags","logger":"airflow.dag_processing.bundles.manager.DagBundlesManager","filename":"manager.py","lineno":209}
{"timestamp":"2026-05-11T17:18:05.585282Z","level":"info","event":"Filling up the DagBag from /opt/airflow/dags/__pycache__/csv_upsert_pipeline.py","logger":"airflow.dag_processing.dagbag.BundleDagBag","filename":"dagbag.py","lineno":469}
{"timestamp":"2026-05-11T17:18:05.609711Z","level":"warning","event":"airflow.exceptions.AirflowSkipException is deprecated and will be removed in a future version. Use airflow.sdk.exceptions.AirflowSkipException instead.","category":"UserWarning","filename":"/opt/airflow/dags/__pycache__/csv_upsert_pipeline.py","lineno":7,"logger":"py.warnings"}
{"timestamp":"2026-05-11T17:18:05.692441Z","level":"info","event":"Task instance is in running state","logger":"task.stdout"}
{"timestamp":"2026-05-11T17:18:05.695290Z","level":"info","event":" Previous state of the Task instance: TaskInstanceState.QUEUED","logger":"task.stdout"}
{"timestamp":"2026-05-11T17:18:05.697974Z","level":"info","event":"Current task name:process_partition","logger":"task.stdout"}
{"timestamp":"2026-05-11T17:18:05.698414Z","level":"info","event":"Dag name:csv_upsert_pipeline","logger":"task.stdout"}
{"timestamp":"2026-05-11T17:18:05.727732Z","level":"info","event":"[INFO] data_interval_start : 2026-05-04 23:00:00+00:00","logger":"task.stdout"}
{"timestamp":"2026-05-11T17:18:05.728427Z","level":"info","event":"[INFO] data_interval_end   : 2026-05-04 23:00:00+00:00","logger":"task.stdout"}
{"timestamp":"2026-05-11T17:18:05.728788Z","level":"info","event":"[INFO] Processing partition: /data/time_stamp=2026-05-04-23","logger":"task.stdout"}
{"timestamp":"2026-05-11T17:18:05.729330Z","level":"info","event":"[INFO] Sorted files: ['data_1.csv', 'data_2.csv', 'data_3.csv', 'data_4.csv', 'data_5.csv']","logger":"task.stdout"}
{"timestamp":"2026-05-11T17:18:05.736119Z","level":"info","event":"[INFO] Read data_1.csv  (index=1)","logger":"task.stdout"}
{"timestamp":"2026-05-11T17:18:05.738639Z","level":"info","event":"[INFO] Read data_2.csv  (index=2)","logger":"task.stdout"}
{"timestamp":"2026-05-11T17:18:05.743752Z","level":"info","event":"[INFO] Read data_3.csv  (index=3)","logger":"task.stdout"}
{"timestamp":"2026-05-11T17:18:05.747430Z","level":"info","event":"[INFO] Read data_4.csv  (index=4)","logger":"task.stdout"}
{"timestamp":"2026-05-11T17:18:05.751580Z","level":"info","event":"[INFO] Read data_5.csv  (index=5)","logger":"task.stdout"}
{"timestamp":"2026-05-11T17:18:05.752269Z","level":"info","event":"[INFO] Resolved 14 unique IDs for this run:","logger":"task.stdout"}
{"timestamp":"2026-05-11T17:18:05.753392Z","level":"info","event":"       id=1 → {'id': '1', 'name': 'Eve', 'age': '59', 'department': 'HR', 'salary': '57397.79', 'working_hours': '25.2'}","logger":"task.stdout"}
{"timestamp":"2026-05-11T17:18:05.757549Z","level":"info","event":"       id=2 → {'id': '2', 'name': 'Charlie', 'age': '29', 'department': 'HR', 'salary': '38757.12', 'working_hours': '25.1'}","logger":"task.stdout"}
{"timestamp":"2026-05-11T17:18:05.758471Z","level":"info","event":"       id=3 → {'id': '3', 'name': 'Hank', 'age': '22', 'department': 'HR', 'salary': '106161.73', 'working_hours': '41.8'}","logger":"task.stdout"}
{"timestamp":"2026-05-11T17:18:05.759846Z","level":"info","event":"       id=4 → {'id': '4', 'name': 'Frank', 'age': '32', 'department': 'Sales', 'salary': '71086.69', 'working_hours': '34.7'}","logger":"task.stdout"}
{"timestamp":"2026-05-11T17:18:05.760721Z","level":"info","event":"       id=5 → {'id': '5', 'name': 'Eve', 'age': '57', 'department': 'Operations', 'salary': '51101.79', 'working_hours': '41.7'}","logger":"task.stdout"}
{"timestamp":"2026-05-11T17:18:05.761286Z","level":"info","event":"       id=6 → {'id': '6', 'name': 'Charlie', 'age': '38', 'department': 'Operations', 'salary': '100440.08', 'working_hours': '42.9'}","logger":"task.stdout"}
{"timestamp":"2026-05-11T17:18:05.761672Z","level":"info","event":"       id=7 → {'id': '7', 'name': 'Bob', 'age': '29', 'department': 'Operations', 'salary': '79414.82', 'working_hours': '32.1'}","logger":"task.stdout"}
{"timestamp":"2026-05-11T17:18:05.762218Z","level":"info","event":"       id=8 → {'id': '8', 'name': 'Diana', 'age': '31', 'department': 'Engineering', 'salary': '57732.99', 'working_hours': '36.7'}","logger":"task.stdout"}
{"timestamp":"2026-05-11T17:18:05.762790Z","level":"info","event":"       id=9 → {'id': '9', 'name': 'Frank', 'age': '32', 'department': 'Operations', 'salary': '83503.6', 'working_hours': '28.7'}","logger":"task.stdout"}
{"timestamp":"2026-05-11T17:18:05.763330Z","level":"info","event":"       id=10 → {'id': '10', 'name': 'Eve', 'age': '37', 'department': 'Marketing', 'salary': '65774.92', 'working_hours': '57.2'}","logger":"task.stdout"}
{"timestamp":"2026-05-11T17:18:05.763647Z","level":"info","event":"       id=11 → {'id': '11', 'name': 'Alice', 'age': '31', 'department': 'Engineering', 'salary': '58218.59', 'working_hours': '26.7'}","logger":"task.stdout"}
{"timestamp":"2026-05-11T17:18:05.763936Z","level":"info","event":"       id=12 → {'id': '12', 'name': 'Frank', 'age': '44', 'department': 'Finance', 'salary': '61026.07', 'working_hours': '35.9'}","logger":"task.stdout"}
{"timestamp":"2026-05-11T17:18:05.764800Z","level":"info","event":"       id=13 → {'id': '13', 'name': 'Eve', 'age': '38', 'department': 'Engineering', 'salary': '110145.21', 'working_hours': '43.9'}","logger":"task.stdout"}
{"timestamp":"2026-05-11T17:18:05.773341Z","level":"info","event":"       id=14 → {'id': '14', 'name': 'Eve', 'age': '35', 'department': 'Finance', 'salary': '108214.49', 'working_hours': '30.7'}","logger":"task.stdout"}
{"timestamp":"2026-05-11T17:18:05.775509Z","level":"info","event":"[INFO] result.csv found — upsert.","logger":"task.stdout"}
{"timestamp":"2026-05-11T17:18:05.776155Z","level":"info","event":"[INFO] In existing result.csv 20 rows.","logger":"task.stdout"}
{"timestamp":"2026-05-11T17:18:05.776541Z","level":"info","event":"       UPDATE  id=1","logger":"task.stdout"}
{"timestamp":"2026-05-11T17:18:05.776887Z","level":"info","event":"       UPDATE  id=2","logger":"task.stdout"}
{"timestamp":"2026-05-11T17:18:05.777494Z","level":"info","event":"       UPDATE  id=3","logger":"task.stdout"}
{"timestamp":"2026-05-11T17:18:05.777836Z","level":"info","event":"       UPDATE  id=4","logger":"task.stdout"}
{"timestamp":"2026-05-11T17:18:05.778288Z","level":"info","event":"       UPDATE  id=5","logger":"task.stdout"}
{"timestamp":"2026-05-11T17:18:05.778612Z","level":"info","event":"       UPDATE  id=6","logger":"task.stdout"}
{"timestamp":"2026-05-11T17:18:05.779073Z","level":"info","event":"       UPDATE  id=7","logger":"task.stdout"}
{"timestamp":"2026-05-11T17:18:05.779420Z","level":"info","event":"       UPDATE  id=8","logger":"task.stdout"}
{"timestamp":"2026-05-11T17:18:05.779727Z","level":"info","event":"       UPDATE  id=9","logger":"task.stdout"}
{"timestamp":"2026-05-11T17:18:05.780598Z","level":"info","event":"       UPDATE  id=10","logger":"task.stdout"}
{"timestamp":"2026-05-11T17:18:05.781130Z","level":"info","event":"       UPDATE  id=11","logger":"task.stdout"}
{"timestamp":"2026-05-11T17:18:05.784676Z","level":"info","event":"       UPDATE  id=12","logger":"task.stdout"}
{"timestamp":"2026-05-11T17:18:05.785599Z","level":"info","event":"       UPDATE  id=13","logger":"task.stdout"}
{"timestamp":"2026-05-11T17:18:05.800047Z","level":"info","event":"       UPDATE  id=14","logger":"task.stdout"}
{"timestamp":"2026-05-11T17:18:05.800778Z","level":"info","event":"[INFO] result.csv updated — total 20 rows.","logger":"task.stdout"}
{"timestamp":"2026-05-11T17:18:05.757657Z","level":"info","event":"Done. Returned value was: None","logger":"airflow.task.operators.airflow.providers.standard.operators.python.PythonOperator","filename":"python.py","lineno":229}
{"timestamp":"2026-05-11T17:18:06.139393Z","level":"info","event":"Task instance in success state","logger":"task.stdout"}
{"timestamp":"2026-05-11T17:18:06.147454Z","level":"info","event":" Previous state of the Task instance: TaskInstanceState.RUNNING","logger":"task.stdout"}
{"timestamp":"2026-05-11T17:18:06.147886Z","level":"info","event":"Task operator:<Task(PythonOperator): process_partition>","logger":"task.stdout"}
