{"timestamp":"2026-05-08T17:38:45.592829Z","level":"info","event":"DAG bundles loaded: dags-folder, example_dags","logger":"airflow.dag_processing.bundles.manager.DagBundlesManager","filename":"manager.py","lineno":209}
{"timestamp":"2026-05-08T17:38:45.595645Z","level":"info","event":"Filling up the DagBag from /opt/airflow/dags/csv_upsert_pipeline.py","logger":"airflow.dag_processing.dagbag.BundleDagBag","filename":"dagbag.py","lineno":469}
{"timestamp":"2026-05-08T17:38:45.614638Z","level":"warning","event":"airflow.exceptions.AirflowSkipException is deprecated and will be removed in a future version. Use airflow.sdk.exceptions.AirflowSkipException instead.","category":"UserWarning","filename":"/opt/airflow/dags/csv_upsert_pipeline.py","lineno":7,"logger":"py.warnings"}
{"timestamp":"2026-05-08T17:38:45.671919Z","level":"info","event":"Task instance is in running state","logger":"task.stdout"}
{"timestamp":"2026-05-08T17:38:45.672768Z","level":"info","event":" Previous state of the Task instance: TaskInstanceState.QUEUED","logger":"task.stdout"}
{"timestamp":"2026-05-08T17:38:45.673970Z","level":"info","event":"Current task name:process_partition","logger":"task.stdout"}
{"timestamp":"2026-05-08T17:38:45.674712Z","level":"info","event":"Dag name:csv_upsert_pipeline","logger":"task.stdout"}
{"timestamp":"2026-05-08T17:38:45.677798Z","level":"info","event":"[INFO] data_interval_start : 2026-05-06 22:00:00+00:00","logger":"task.stdout"}
{"timestamp":"2026-05-08T17:38:45.678483Z","level":"info","event":"[INFO] data_interval_end   : 2026-05-06 22:00:00+00:00","logger":"task.stdout"}
{"timestamp":"2026-05-08T17:38:45.678932Z","level":"info","event":"[INFO] Processing partition: /data/time_stamp=2026-05-06-22","logger":"task.stdout"}
{"timestamp":"2026-05-08T17:38:45.680420Z","level":"info","event":"[INFO] Sorted files: ['data_1.csv', 'data_2.csv', 'data_3.csv', 'data_4.csv', 'data_5.csv']","logger":"task.stdout"}
{"timestamp":"2026-05-08T17:38:45.683532Z","level":"info","event":"[INFO] Read data_1.csv  (index=1)","logger":"task.stdout"}
{"timestamp":"2026-05-08T17:38:45.684666Z","level":"info","event":"[INFO] Read data_2.csv  (index=2)","logger":"task.stdout"}
{"timestamp":"2026-05-08T17:38:45.686732Z","level":"info","event":"[INFO] Read data_3.csv  (index=3)","logger":"task.stdout"}
{"timestamp":"2026-05-08T17:38:45.689592Z","level":"info","event":"[INFO] Read data_4.csv  (index=4)","logger":"task.stdout"}
{"timestamp":"2026-05-08T17:38:45.691764Z","level":"info","event":"[INFO] Read data_5.csv  (index=5)","logger":"task.stdout"}
{"timestamp":"2026-05-08T17:38:45.692525Z","level":"info","event":"[INFO] Resolved 18 unique IDs for this run:","logger":"task.stdout"}
{"timestamp":"2026-05-08T17:38:45.693035Z","level":"info","event":"       id=1 → {'id': '1', 'name': 'Charlie', 'age': '57', 'department': 'Operations', 'salary': '71595.75', 'working_hours': '46.1'}","logger":"task.stdout"}
{"timestamp":"2026-05-08T17:38:45.693625Z","level":"info","event":"       id=2 → {'id': '2', 'name': 'Eve', 'age': '23', 'department': 'Marketing', 'salary': '77980.32', 'working_hours': '43.2'}","logger":"task.stdout"}
{"timestamp":"2026-05-08T17:38:45.694221Z","level":"info","event":"       id=3 → {'id': '3', 'name': 'Grace', 'age': '50', 'department': 'Engineering', 'salary': '115524.42', 'working_hours': '30.2'}","logger":"task.stdout"}
{"timestamp":"2026-05-08T17:38:45.694567Z","level":"info","event":"       id=4 → {'id': '4', 'name': 'Hank', 'age': '26', 'department': 'Engineering', 'salary': '67245.53', 'working_hours': '44.7'}","logger":"task.stdout"}
{"timestamp":"2026-05-08T17:38:45.694916Z","level":"info","event":"       id=5 → {'id': '5', 'name': 'Hank', 'age': '36', 'department': 'Marketing', 'salary': '100526.38', 'working_hours': '47.6'}","logger":"task.stdout"}
{"timestamp":"2026-05-08T17:38:45.695302Z","level":"info","event":"       id=6 → {'id': '6', 'name': 'Jack', 'age': '27', 'department': 'Operations', 'salary': '50860.1', 'working_hours': '30.1'}","logger":"task.stdout"}
{"timestamp":"2026-05-08T17:38:45.695647Z","level":"info","event":"       id=7 → {'id': '7', 'name': 'Charlie', 'age': '45', 'department': 'Engineering', 'salary': '42653.14', 'working_hours': '48.8'}","logger":"task.stdout"}
{"timestamp":"2026-05-08T17:38:45.696123Z","level":"info","event":"       id=8 → {'id': '8', 'name': 'Ivy', 'age': '50', 'department': 'Operations', 'salary': '109946.48', 'working_hours': '58.1'}","logger":"task.stdout"}
{"timestamp":"2026-05-08T17:38:45.696496Z","level":"info","event":"       id=9 → {'id': '9', 'name': 'Eve', 'age': '45', 'department': 'Sales', 'salary': '35730.57', 'working_hours': '57.7'}","logger":"task.stdout"}
{"timestamp":"2026-05-08T17:38:45.696785Z","level":"info","event":"       id=10 → {'id': '10', 'name': 'Hank', 'age': '23', 'department': 'Operations', 'salary': '97093.42', 'working_hours': '53.0'}","logger":"task.stdout"}
{"timestamp":"2026-05-08T17:38:45.697069Z","level":"info","event":"       id=11 → {'id': '11', 'name': 'Eve', 'age': '59', 'department': 'Operations', 'salary': '32562.66', 'working_hours': '58.0'}","logger":"task.stdout"}
{"timestamp":"2026-05-08T17:38:45.697350Z","level":"info","event":"       id=12 → {'id': '12', 'name': 'Charlie', 'age': '23', 'department': 'HR', 'salary': '73813.2', 'working_hours': '58.0'}","logger":"task.stdout"}
{"timestamp":"2026-05-08T17:38:45.697963Z","level":"info","event":"       id=13 → {'id': '13', 'name': 'Hank', 'age': '53', 'department': 'Engineering', 'salary': '71793.85', 'working_hours': '33.9'}","logger":"task.stdout"}
{"timestamp":"2026-05-08T17:38:45.698429Z","level":"info","event":"       id=14 → {'id': '14', 'name': 'Bob', 'age': '47', 'department': 'Marketing', 'salary': '38896.71', 'working_hours': '23.9'}","logger":"task.stdout"}
{"timestamp":"2026-05-08T17:38:45.698861Z","level":"info","event":"       id=15 → {'id': '15', 'name': 'Diana', 'age': '28', 'department': 'Finance', 'salary': '63703.73', 'working_hours': '58.9'}","logger":"task.stdout"}
{"timestamp":"2026-05-08T17:38:45.699246Z","level":"info","event":"       id=16 → {'id': '16', 'name': 'Diana', 'age': '26', 'department': 'Marketing', 'salary': '105385.5', 'working_hours': '37.3'}","logger":"task.stdout"}
{"timestamp":"2026-05-08T17:38:45.699542Z","level":"info","event":"       id=17 → {'id': '17', 'name': 'Eve', 'age': '55', 'department': 'Marketing', 'salary': '83328.43', 'working_hours': '49.4'}","logger":"task.stdout"}
{"timestamp":"2026-05-08T17:38:45.699855Z","level":"info","event":"       id=18 → {'id': '18', 'name': 'Eve', 'age': '45', 'department': 'Sales', 'salary': '97501.95', 'working_hours': '26.6'}","logger":"task.stdout"}
{"timestamp":"2026-05-08T17:38:45.700235Z","level":"info","event":"[INFO] result.csv mil gayi — upsert karte hain.","logger":"task.stdout"}
{"timestamp":"2026-05-08T17:38:45.700509Z","level":"info","event":"[INFO] Existing result.csv mein 20 rows hain.","logger":"task.stdout"}
{"timestamp":"2026-05-08T17:38:45.700811Z","level":"info","event":"       UPDATE  id=1","logger":"task.stdout"}
{"timestamp":"2026-05-08T17:38:45.701100Z","level":"info","event":"       UPDATE  id=2","logger":"task.stdout"}
{"timestamp":"2026-05-08T17:38:45.701516Z","level":"info","event":"       UPDATE  id=3","logger":"task.stdout"}
{"timestamp":"2026-05-08T17:38:45.701811Z","level":"info","event":"       UPDATE  id=4","logger":"task.stdout"}
{"timestamp":"2026-05-08T17:38:45.702301Z","level":"info","event":"       UPDATE  id=5","logger":"task.stdout"}
{"timestamp":"2026-05-08T17:38:45.703573Z","level":"info","event":"       UPDATE  id=6","logger":"task.stdout"}
{"timestamp":"2026-05-08T17:38:45.704504Z","level":"info","event":"       UPDATE  id=7","logger":"task.stdout"}
{"timestamp":"2026-05-08T17:38:45.705056Z","level":"info","event":"       UPDATE  id=8","logger":"task.stdout"}
{"timestamp":"2026-05-08T17:38:45.705710Z","level":"info","event":"       UPDATE  id=9","logger":"task.stdout"}
{"timestamp":"2026-05-08T17:38:45.706330Z","level":"info","event":"       UPDATE  id=10","logger":"task.stdout"}
{"timestamp":"2026-05-08T17:38:45.706765Z","level":"info","event":"       UPDATE  id=11","logger":"task.stdout"}
{"timestamp":"2026-05-08T17:38:45.708424Z","level":"info","event":"       UPDATE  id=12","logger":"task.stdout"}
{"timestamp":"2026-05-08T17:38:45.710109Z","level":"info","event":"       UPDATE  id=13","logger":"task.stdout"}
{"timestamp":"2026-05-08T17:38:45.710793Z","level":"info","event":"       UPDATE  id=14","logger":"task.stdout"}
{"timestamp":"2026-05-08T17:38:45.711266Z","level":"info","event":"       UPDATE  id=15","logger":"task.stdout"}
{"timestamp":"2026-05-08T17:38:45.711639Z","level":"info","event":"       UPDATE  id=16","logger":"task.stdout"}
{"timestamp":"2026-05-08T17:38:45.712049Z","level":"info","event":"       UPDATE  id=17","logger":"task.stdout"}
{"timestamp":"2026-05-08T17:38:45.712770Z","level":"info","event":"       UPDATE  id=18","logger":"task.stdout"}
{"timestamp":"2026-05-08T17:38:45.713343Z","level":"info","event":"[INFO] result.csv updated — total 20 rows.","logger":"task.stdout"}
{"timestamp":"2026-05-08T17:38:45.696698Z","level":"info","event":"Done. Returned value was: None","logger":"airflow.task.operators.airflow.providers.standard.operators.python.PythonOperator","filename":"python.py","lineno":229}
{"timestamp":"2026-05-08T17:38:45.760535Z","level":"info","event":"Task instance in success state","logger":"task.stdout"}
{"timestamp":"2026-05-08T17:38:45.767135Z","level":"info","event":" Previous state of the Task instance: TaskInstanceState.RUNNING","logger":"task.stdout"}
{"timestamp":"2026-05-08T17:38:45.768346Z","level":"info","event":"Task operator:<Task(PythonOperator): process_partition>","logger":"task.stdout"}
{"timestamp":"2026-05-11T16:47:46.505831Z","level":"info","event":"DAG bundles loaded: dags-folder, example_dags","logger":"airflow.dag_processing.bundles.manager.DagBundlesManager","filename":"manager.py","lineno":209}
{"timestamp":"2026-05-11T16:47:46.507792Z","level":"info","event":"Filling up the DagBag from /opt/airflow/dags/csv_upsert_pipeline.py","logger":"airflow.dag_processing.dagbag.BundleDagBag","filename":"dagbag.py","lineno":469}
{"timestamp":"2026-05-11T16:47:46.647223Z","level":"info","event":"Task instance is in running state","logger":"task.stdout"}
{"timestamp":"2026-05-11T16:47:46.649986Z","level":"info","event":" Previous state of the Task instance: TaskInstanceState.QUEUED","logger":"task.stdout"}
{"timestamp":"2026-05-11T16:47:46.650618Z","level":"info","event":"Current task name:process_partition","logger":"task.stdout"}
{"timestamp":"2026-05-11T16:47:46.651198Z","level":"info","event":"Dag name:csv_upsert_pipeline","logger":"task.stdout"}
{"timestamp":"2026-05-11T16:47:46.654510Z","level":"info","event":"[INFO] data_interval_start : 2026-05-06 22:00:00+00:00","logger":"task.stdout"}
{"timestamp":"2026-05-11T16:47:46.654933Z","level":"info","event":"[INFO] data_interval_end   : 2026-05-06 22:00:00+00:00","logger":"task.stdout"}
{"timestamp":"2026-05-11T16:47:46.655318Z","level":"info","event":"[INFO] Processing partition: /data/time_stamp=2026-05-06-22","logger":"task.stdout"}
{"timestamp":"2026-05-11T16:47:46.706394Z","level":"error","event":"/home/airflow/.local/lib/python3.13/site-packages/pyspark/bin/load-spark-env.sh: line 68: ps: command not found","logger":"task.stderr"}
{"timestamp":"2026-05-11T16:47:46.708076Z","level":"error","event":"JAVA_HOME is not set","logger":"task.stderr"}
{"timestamp":"2026-05-11T16:47:46.785299Z","level":"error","event":"Task failed with exception","logger":"task","filename":"task_runner.py","lineno":1347,"error_detail":[{"exc_type":"PySparkRuntimeError","exc_value":"[JAVA_GATEWAY_EXITED] Java gateway process exited before sending its port number.","exc_notes":[],"syntax_error":null,"is_cause":false,"frames":[{"filename":"/home/airflow/.local/lib/python3.13/site-packages/airflow/sdk/execution_time/task_runner.py","lineno":1263,"name":"run"},{"filename":"/home/airflow/.local/lib/python3.13/site-packages/airflow/sdk/execution_time/task_runner.py","lineno":1678,"name":"_execute_task"},{"filename":"/home/airflow/.local/lib/python3.13/site-packages/airflow/sdk/bases/operator.py","lineno":443,"name":"wrapper"},{"filename":"/home/airflow/.local/lib/python3.13/site-packages/airflow/providers/standard/operators/python.py","lineno":227,"name":"execute"},{"filename":"/home/airflow/.local/lib/python3.13/site-packages/airflow/providers/standard/operators/python.py","lineno":250,"name":"execute_callable"},{"filename":"/home/airflow/.local/lib/python3.13/site-packages/airflow/sdk/execution_time/callback_runner.py","lineno":97,"name":"run"},{"filename":"/opt/airflow/dags/csv_upsert_pipeline.py","lineno":47,"name":"process_partition"},{"filename":"/home/airflow/.local/lib/python3.13/site-packages/pyspark/sql/session.py","lineno":497,"name":"getOrCreate"},{"filename":"/home/airflow/.local/lib/python3.13/site-packages/pyspark/context.py","lineno":515,"name":"getOrCreate"},{"filename":"/home/airflow/.local/lib/python3.13/site-packages/pyspark/context.py","lineno":201,"name":"__init__"},{"filename":"/home/airflow/.local/lib/python3.13/site-packages/pyspark/context.py","lineno":436,"name":"_ensure_initialized"},{"filename":"/home/airflow/.local/lib/python3.13/site-packages/pyspark/java_gateway.py","lineno":107,"name":"launch_gateway"}],"is_group":false,"exceptions":[]}]}
{"timestamp":"2026-05-11T16:47:46.790442Z","level":"info","event":"Task instance in failure state","logger":"task.stdout"}
{"timestamp":"2026-05-11T16:47:46.793106Z","level":"info","event":"Task start","logger":"task.stdout"}
{"timestamp":"2026-05-11T16:47:46.793790Z","level":"info","event":"Task:<Task(PythonOperator): process_partition>","logger":"task.stdout"}
{"timestamp":"2026-05-11T16:47:46.794449Z","level":"info","event":"Failure caused by [JAVA_GATEWAY_EXITED] Java gateway process exited before sending its port number.","logger":"task.stdout"}
{"timestamp":"2026-05-11T17:18:44.009954Z","level":"info","event":"DAG bundles loaded: dags-folder, example_dags","logger":"airflow.dag_processing.bundles.manager.DagBundlesManager","filename":"manager.py","lineno":209}
{"timestamp":"2026-05-11T17:18:44.013046Z","level":"info","event":"Filling up the DagBag from /opt/airflow/dags/csv_upsert_pipeline.py","logger":"airflow.dag_processing.dagbag.BundleDagBag","filename":"dagbag.py","lineno":469}
{"timestamp":"2026-05-11T17:18:44.670579Z","level":"info","event":"Task instance is in running state","logger":"task.stdout"}
{"timestamp":"2026-05-11T17:18:44.673332Z","level":"info","event":" Previous state of the Task instance: TaskInstanceState.QUEUED","logger":"task.stdout"}
{"timestamp":"2026-05-11T17:18:44.675481Z","level":"info","event":"Current task name:process_partition","logger":"task.stdout"}
{"timestamp":"2026-05-11T17:18:44.676758Z","level":"info","event":"Dag name:csv_upsert_pipeline","logger":"task.stdout"}
{"timestamp":"2026-05-11T17:18:44.714063Z","level":"info","event":"[INFO] data_interval_start : 2026-05-06 22:00:00+00:00","logger":"task.stdout"}
{"timestamp":"2026-05-11T17:18:44.717538Z","level":"info","event":"[INFO] data_interval_end   : 2026-05-06 22:00:00+00:00","logger":"task.stdout"}
{"timestamp":"2026-05-11T17:18:44.719344Z","level":"info","event":"[INFO] Processing partition: /data/time_stamp=2026-05-06-22","logger":"task.stdout"}
{"timestamp":"2026-05-11T17:19:06.562882Z","level":"error","event":"Setting default log level to \"WARN\".","logger":"task.stderr"}
{"timestamp":"2026-05-11T17:19:06.579626Z","level":"error","event":"To adjust logging level use sc.setLogLevel(newLevel). For SparkR, use setLogLevel(newLevel).","logger":"task.stderr"}
{"timestamp":"2026-05-11T17:19:08.814849Z","level":"error","event":"26/05/11 17:19:08 WARN NativeCodeLoader: Unable to load native-hadoop library for your platform... using builtin-java classes where applicable","logger":"task.stderr"}
{"timestamp":"2026-05-11T17:19:19.121316Z","level":"error","event":"26/05/11 17:19:19 WARN Utils: Service 'SparkUI' could not bind on port 4040. Attempting port 4041.","logger":"task.stderr"}
{"timestamp":"2026-05-11T17:21:07.958087Z","level":"info","event":"[INFO] Total rows read: 57","logger":"task.stdout"}
{"timestamp":"2026-05-11T17:25:18.967152Z","level":"error","event":"\r[Stage 0:>                                                          (0 + 0) / 1]\r\r[Stage 0:>                                                          (0 + 1) / 1]\r\r                                                                                \r\r[Stage 1:>                                                          (0 + 0) / 5]\r\r[Stage 1:>                                                          (0 + 5) / 5]\r\r[Stage 1:===========>                                               (1 + 4) / 5]\r\r                                                                                \r\r[Stage 2:>                                                          (0 + 0) / 5]\r\r[Stage 2:>                                                          (0 + 5) / 5]\r\r[Stage 2:=======================>                                   (2 + 3) / 5]\r\r[Stage 4:>                                                          (0 + 1) / 1]\r\r                                                                                \r\r[Stage 5:>                                                          (0 + 0) / 5]\r\r[Stage 5:>                                                          (0 + 4) / 5]\r\r[Stage 5:>                                                          (0 + 5) / 5]\r26/05/11 17:25:06 WARN NettyRpcEnv: Ignored failure: java.util.concurrent.TimeoutException: Cannot receive any reply from 5de4ab4cb1ae:40555 in 10000 milliseconds","logger":"task.stderr"}
{"timestamp":"2026-05-11T17:25:19.031940Z","level":"error","event":"26/05/11 17:25:09 WARN Executor: Issue communicating with driver in heartbeater","logger":"task.stderr"}
{"timestamp":"2026-05-11T17:25:19.042274Z","level":"error","event":"org.apache.spark.rpc.RpcTimeoutException: Futures timed out after [10000 milliseconds]. This timeout is controlled by spark.executor.heartbeatInterval","logger":"task.stderr"}
{"timestamp":"2026-05-11T17:25:19.046816Z","level":"error","event":"\tat org.apache.spark.rpc.RpcTimeout.org$apache$spark$rpc$RpcTimeout$$createRpcTimeoutException(RpcTimeout.scala:47)","logger":"task.stderr"}
{"timestamp":"2026-05-11T17:25:19.054807Z","level":"error","event":"\tat org.apache.spark.rpc.RpcTimeout$$anonfun$addMessageIfTimeout$1.applyOrElse(RpcTimeout.scala:62)","logger":"task.stderr"}
{"timestamp":"2026-05-11T17:25:19.056840Z","level":"error","event":"\tat org.apache.spark.rpc.RpcTimeout$$anonfun$addMessageIfTimeout$1.applyOrElse(RpcTimeout.scala:58)","logger":"task.stderr"}
{"timestamp":"2026-05-11T17:25:19.057647Z","level":"error","event":"\tat scala.runtime.AbstractPartialFunction.apply(AbstractPartialFunction.scala:38)","logger":"task.stderr"}
{"timestamp":"2026-05-11T17:25:19.076014Z","level":"error","event":"\tat org.apache.spark.rpc.RpcTimeout.awaitResult(RpcTimeout.scala:76)","logger":"task.stderr"}
{"timestamp":"2026-05-11T17:25:19.090481Z","level":"error","event":"\tat org.apache.spark.rpc.RpcEndpointRef.askSync(RpcEndpointRef.scala:101)","logger":"task.stderr"}
{"timestamp":"2026-05-11T17:25:19.107963Z","level":"error","event":"\tat org.apache.spark.executor.Executor.reportHeartBeat(Executor.scala:1219)","logger":"task.stderr"}
{"timestamp":"2026-05-11T17:25:19.110628Z","level":"error","event":"\tat org.apache.spark.executor.Executor.$anonfun$heartbeater$1(Executor.scala:295)","logger":"task.stderr"}
{"timestamp":"2026-05-11T17:25:19.114665Z","level":"error","event":"\tat scala.runtime.java8.JFunction0$mcV$sp.apply(JFunction0$mcV$sp.java:23)","logger":"task.stderr"}
{"timestamp":"2026-05-11T17:25:19.133269Z","level":"error","event":"\tat org.apache.spark.util.Utils$.logUncaughtExceptions(Utils.scala:1928)","logger":"task.stderr"}
{"timestamp":"2026-05-11T17:25:19.134466Z","level":"error","event":"\tat org.apache.spark.Heartbeater$$anon$1.run(Heartbeater.scala:46)","logger":"task.stderr"}
{"timestamp":"2026-05-11T17:25:19.146122Z","level":"error","event":"\tat java.base/java.util.concurrent.Executors$RunnableAdapter.call(Executors.java:539)","logger":"task.stderr"}
{"timestamp":"2026-05-11T17:25:19.164685Z","level":"error","event":"\tat java.base/java.util.concurrent.FutureTask.runAndReset(FutureTask.java:305)","logger":"task.stderr"}
{"timestamp":"2026-05-11T17:25:19.166096Z","level":"error","event":"\tat java.base/java.util.concurrent.ScheduledThreadPoolExecutor$ScheduledFutureTask.run(ScheduledThreadPoolExecutor.java:305)","logger":"task.stderr"}
{"timestamp":"2026-05-11T17:25:19.170188Z","level":"error","event":"\tat java.base/java.util.concurrent.ThreadPoolExecutor.runWorker(ThreadPoolExecutor.java:1136)","logger":"task.stderr"}
{"timestamp":"2026-05-11T17:25:19.182616Z","level":"error","event":"\tat java.base/java.util.concurrent.ThreadPoolExecutor$Worker.run(ThreadPoolExecutor.java:635)","logger":"task.stderr"}
{"timestamp":"2026-05-11T17:25:19.183010Z","level":"error","event":"\tat java.base/java.lang.Thread.run(Thread.java:840)","logger":"task.stderr"}
{"timestamp":"2026-05-11T17:25:19.184543Z","level":"error","event":"Caused by: java.util.concurrent.TimeoutException: Futures timed out after [10000 milliseconds]","logger":"task.stderr"}
{"timestamp":"2026-05-11T17:25:19.208762Z","level":"error","event":"\tat scala.concurrent.impl.Promise$DefaultPromise.ready(Promise.scala:259)","logger":"task.stderr"}
{"timestamp":"2026-05-11T17:25:19.213989Z","level":"error","event":"\tat scala.concurrent.impl.Promise$DefaultPromise.result(Promise.scala:263)","logger":"task.stderr"}
{"timestamp":"2026-05-11T17:25:19.220482Z","level":"error","event":"\tat org.apache.spark.util.SparkThreadUtils$.awaitResult(SparkThreadUtils.scala:48)","logger":"task.stderr"}
{"timestamp":"2026-05-11T17:25:19.225261Z","level":"error","event":"\tat org.apache.spark.util.ThreadUtils$.awaitResult(ThreadUtils.scala:310)","logger":"task.stderr"}
{"timestamp":"2026-05-11T17:25:19.237817Z","level":"error","event":"\tat org.apache.spark.rpc.RpcTimeout.awaitResult(RpcTimeout.scala:75)","logger":"task.stderr"}
{"timestamp":"2026-05-11T17:25:19.240673Z","level":"error","event":"\t... 12 more","logger":"task.stderr"}
{"timestamp":"2026-05-11T17:25:20.904376Z","level":"info","event":"[INFO] Resolved 18 unique IDs.","logger":"task.stdout"}
{"timestamp":"2026-05-11T17:25:21.037757Z","level":"info","event":"[INFO] result.csv found — upsert.","logger":"task.stdout"}
{"timestamp":"2026-05-11T17:28:52.906754Z","level":"info","event":"Error while receiving.","logger":"py4j.clientserver","filename":"clientserver.py","lineno":538,"error_detail":[{"exc_type":"Py4JNetworkError","exc_value":"Answer from Java side is empty","exc_notes":[],"syntax_error":null,"is_cause":false,"frames":[{"filename":"/home/airflow/.local/lib/python3.13/site-packages/py4j/clientserver.py","lineno":516,"name":"send_command"}],"is_group":false,"exceptions":[]}]}
{"timestamp":"2026-05-11T17:28:53.125232Z","level":"info","event":"Closing down clientserver connection","logger":"py4j.clientserver","filename":"clientserver.py","lineno":543}
{"timestamp":"2026-05-11T17:28:53.129134Z","level":"error","event":"Exception while sending command.","logger":"root","filename":"java_gateway.py","lineno":1055,"error_detail":[{"exc_type":"Py4JNetworkError","exc_value":"Error while sending or receiving","exc_notes":[],"syntax_error":null,"is_cause":false,"frames":[{"filename":"/home/airflow/.local/lib/python3.13/site-packages/py4j/java_gateway.py","lineno":1038,"name":"send_command"},{"filename":"/home/airflow/.local/lib/python3.13/site-packages/py4j/clientserver.py","lineno":539,"name":"send_command"}],"is_group":false,"exceptions":[]},{"exc_type":"Py4JNetworkError","exc_value":"Answer from Java side is empty","exc_notes":[],"syntax_error":null,"is_cause":false,"frames":[{"filename":"/home/airflow/.local/lib/python3.13/site-packages/py4j/clientserver.py","lineno":516,"name":"send_command"}],"is_group":false,"exceptions":[]}]}
{"timestamp":"2026-05-11T17:28:53.129803Z","level":"info","event":"Closing down clientserver connection","logger":"py4j.clientserver","filename":"clientserver.py","lineno":543}
{"timestamp":"2026-05-11T17:28:53.252215Z","level":"error","event":"Task failed with exception","logger":"task","filename":"task_runner.py","lineno":1347,"error_detail":[{"exc_type":"Py4JError","exc_value":"An error occurred while calling o56.csv","exc_notes":[],"syntax_error":null,"is_cause":false,"frames":[{"filename":"/home/airflow/.local/lib/python3.13/site-packages/airflow/sdk/execution_time/task_runner.py","lineno":1263,"name":"run"},{"filename":"/home/airflow/.local/lib/python3.13/site-packages/airflow/sdk/execution_time/task_runner.py","lineno":1678,"name":"_execute_task"},{"filename":"/home/airflow/.local/lib/python3.13/site-packages/airflow/sdk/bases/operator.py","lineno":443,"name":"wrapper"},{"filename":"/home/airflow/.local/lib/python3.13/site-packages/airflow/providers/standard/operators/python.py","lineno":227,"name":"execute"},{"filename":"/home/airflow/.local/lib/python3.13/site-packages/airflow/providers/standard/operators/python.py","lineno":250,"name":"execute_callable"},{"filename":"/home/airflow/.local/lib/python3.13/site-packages/airflow/sdk/execution_time/callback_runner.py","lineno":97,"name":"run"},{"filename":"/opt/airflow/dags/csv_upsert_pipeline.py","lineno":98,"name":"process_partition"},{"filename":"/home/airflow/.local/lib/python3.13/site-packages/pyspark/sql/readwriter.py","lineno":740,"name":"csv"},{"filename":"/home/airflow/.local/lib/python3.13/site-packages/py4j/java_gateway.py","lineno":1322,"name":"__call__"},{"filename":"/home/airflow/.local/lib/python3.13/site-packages/pyspark/errors/exceptions/captured.py","lineno":179,"name":"deco"},{"filename":"/home/airflow/.local/lib/python3.13/site-packages/py4j/protocol.py","lineno":334,"name":"get_return_value"}],"is_group":false,"exceptions":[]}]}
{"timestamp":"2026-05-11T17:28:54.725326Z","level":"info","event":"Task instance in failure state","logger":"task.stdout"}
{"timestamp":"2026-05-11T17:28:54.809771Z","level":"info","event":"Task start","logger":"task.stdout"}
{"timestamp":"2026-05-11T17:28:54.906790Z","level":"info","event":"Task:<Task(PythonOperator): process_partition>","logger":"task.stdout"}
{"timestamp":"2026-05-11T17:28:54.907231Z","level":"info","event":"Failure caused by An error occurred while calling o56.csv","logger":"task.stdout"}
{"timestamp":"2026-05-11T17:28:57.720114Z","level":"error","event":"\r[Stage 7:>                                                          (0 + 1) / 1]\r\r[Stage 10:>                                                         (0 + 1) / 1]\r\r                                                                                \r\r[Stage 11:>                                                         (0 + 0) / 1]\r\r[Stage 11:>                                                         (0 + 1) / 1]","logger":"task.stderr"}
