{"timestamp":"2026-05-05T10:29:22.984753Z","level":"info","event":"DAG bundles loaded: dags-folder, example_dags","logger":"airflow.dag_processing.bundles.manager.DagBundlesManager","filename":"manager.py","lineno":209}
{"timestamp":"2026-05-05T10:29:22.986691Z","level":"info","event":"Filling up the DagBag from /opt/airflow/dags/print_interval_dag.py","logger":"airflow.dag_processing.dagbag.BundleDagBag","filename":"dagbag.py","lineno":469}
{"timestamp":"2026-05-05T10:29:23.003339Z","level":"warning","event":"The `airflow.operators.python.PythonOperator` attribute is deprecated. Please use `'airflow.providers.standard.operators.python.PythonOperator'`.","category":"UserWarning","filename":"/opt/airflow/dags/print_interval_dag.py","lineno":2,"logger":"py.warnings"}
{"timestamp":"2026-05-05T10:29:23.066882Z","level":"info","event":"Task instance is in running state","logger":"task.stdout"}
{"timestamp":"2026-05-05T10:29:23.070883Z","level":"info","event":" Previous state of the Task instance: TaskInstanceState.QUEUED","logger":"task.stdout"}
{"timestamp":"2026-05-05T10:29:23.071774Z","level":"info","event":"Current task name:print_interval","logger":"task.stdout"}
{"timestamp":"2026-05-05T10:29:23.072278Z","level":"info","event":"Dag name:print_interval_dag","logger":"task.stdout"}
{"timestamp":"2026-05-05T10:29:23.076187Z","level":"info","event":"Interval Start: 2025-05-02 21:00:00+00:00","logger":"task.stdout"}
{"timestamp":"2026-05-05T10:29:23.076833Z","level":"info","event":"Interval End:   2025-05-02 21:00:00+00:00","logger":"task.stdout"}
{"timestamp":"2026-05-05T10:29:23.075450Z","level":"info","event":"Done. Returned value was: None","logger":"airflow.task.operators.airflow.providers.standard.operators.python.PythonOperator","filename":"python.py","lineno":229}
{"timestamp":"2026-05-05T10:29:23.125055Z","level":"info","event":"Task instance in success state","logger":"task.stdout"}
{"timestamp":"2026-05-05T10:29:23.125651Z","level":"info","event":" Previous state of the Task instance: TaskInstanceState.RUNNING","logger":"task.stdout"}
{"timestamp":"2026-05-05T10:29:23.127589Z","level":"info","event":"Task operator:<Task(PythonOperator): print_interval>","logger":"task.stdout"}
{"timestamp":"2026-05-05T12:25:14.311697Z","level":"info","event":"DAG bundles loaded: dags-folder, example_dags","logger":"airflow.dag_processing.bundles.manager.DagBundlesManager","filename":"manager.py","lineno":209}
{"timestamp":"2026-05-05T12:25:14.317150Z","level":"info","event":"Filling up the DagBag from /opt/airflow/dags/print_interval_dag.py","logger":"airflow.dag_processing.dagbag.BundleDagBag","filename":"dagbag.py","lineno":469}
{"timestamp":"2026-05-05T12:25:14.402217Z","level":"info","event":"Task instance is in running state","logger":"task.stdout"}
{"timestamp":"2026-05-05T12:25:14.403375Z","level":"info","event":" Previous state of the Task instance: TaskInstanceState.QUEUED","logger":"task.stdout"}
{"timestamp":"2026-05-05T12:25:14.403905Z","level":"info","event":"Current task name:print_interval","logger":"task.stdout"}
{"timestamp":"2026-05-05T12:25:14.404420Z","level":"info","event":"Dag name:print_interval_dag","logger":"task.stdout"}
{"timestamp":"2026-05-05T12:25:14.405016Z","level":"info","event":"=== ALL AVAILABLE MACROS ===","logger":"task.stdout"}
{"timestamp":"2026-05-05T12:25:14.406921Z","level":"info","event":"dag: <DAG: print_interval_dag>","logger":"task.stdout"}
{"timestamp":"2026-05-05T12:25:14.407522Z","level":"info","event":"inlets: []","logger":"task.stdout"}
{"timestamp":"2026-05-05T12:25:14.409063Z","level":"info","event":"map_index_template: None","logger":"task.stdout"}
{"timestamp":"2026-05-05T12:25:14.409867Z","level":"info","event":"outlets: []","logger":"task.stdout"}
{"timestamp":"2026-05-05T12:25:14.411824Z","level":"info","event":"run_id: scheduled__2025-05-02T21:00:00+00:00","logger":"task.stdout"}
{"timestamp":"2026-05-05T12:25:14.412326Z","level":"info","event":"task: <Task(PythonOperator): print_interval>","logger":"task.stdout"}
{"timestamp":"2026-05-05T12:25:14.413365Z","level":"info","event":"task_instance: id=UUID('019df819-7adb-7888-aa83-27567cc65fa2') task_id='print_interval' dag_id='print_interval_dag' run_id='scheduled__2025-05-02T21:00:00+00:00' try_number=1 dag_version_id=UUID('019df815-a045-750b-bac8-47ced7cc6a45') map_index=-1 hostname='86abe326db93' context_carrier={'traceparent': '00-a05f6a2beddd5babea5c0ceeced75044-fd126b2ca5cccd2a-01'} task=<Task(PythonOperator): print_interval> bundle_instance=LocalDagBundle(name=dags-folder) max_tries=0 start_date=datetime.datetime(2026, 5, 5, 12, 25, 13, 57025, tzinfo=datetime.timezone.utc) end_date=None state=<TaskInstanceState.RUNNING: 'running'> is_mapped=False rendered_map_index=None sentry_integration=''","logger":"task.stdout"}
{"timestamp":"2026-05-05T12:25:14.418332Z","level":"info","event":"ti: id=UUID('019df819-7adb-7888-aa83-27567cc65fa2') task_id='print_interval' dag_id='print_interval_dag' run_id='scheduled__2025-05-02T21:00:00+00:00' try_number=1 dag_version_id=UUID('019df815-a045-750b-bac8-47ced7cc6a45') map_index=-1 hostname='86abe326db93' context_carrier={'traceparent': '00-a05f6a2beddd5babea5c0ceeced75044-fd126b2ca5cccd2a-01'} task=<Task(PythonOperator): print_interval> bundle_instance=LocalDagBundle(name=dags-folder) max_tries=0 start_date=datetime.datetime(2026, 5, 5, 12, 25, 13, 57025, tzinfo=datetime.timezone.utc) end_date=None state=<TaskInstanceState.RUNNING: 'running'> is_mapped=False rendered_map_index=None sentry_integration=''","logger":"task.stdout"}
{"timestamp":"2026-05-05T12:25:14.419102Z","level":"info","event":"outlet_events: OutletEventAccessors(_dict={})","logger":"task.stdout"}
{"timestamp":"2026-05-05T12:25:14.423137Z","level":"info","event":"inlet_events: InletEventsAccessors(_inlets=[], _assets={}, _asset_aliases={})","logger":"task.stdout"}
{"timestamp":"2026-05-05T12:25:14.423682Z","level":"info","event":"macros: <MacrosAccessor (dynamic access to macros)>","logger":"task.stdout"}
{"timestamp":"2026-05-05T12:25:14.426210Z","level":"info","event":"params: {}","logger":"task.stdout"}
{"timestamp":"2026-05-05T12:25:14.427743Z","level":"info","event":"var: {'json': <VariableAccessor (dynamic access)>, 'value': <VariableAccessor (dynamic access)>}","logger":"task.stdout"}
{"timestamp":"2026-05-05T12:25:14.429244Z","level":"info","event":"conn: <ConnectionAccessor (dynamic access)>","logger":"task.stdout"}
{"timestamp":"2026-05-05T12:25:14.431416Z","level":"info","event":"dag_run: dag_id='print_interval_dag' run_id='scheduled__2025-05-02T21:00:00+00:00' logical_date=datetime.datetime(2025, 5, 2, 21, 0, tzinfo=datetime.timezone.utc) data_interval_start=datetime.datetime(2025, 5, 2, 21, 0, tzinfo=datetime.timezone.utc) data_interval_end=datetime.datetime(2025, 5, 2, 21, 0, tzinfo=datetime.timezone.utc) run_after=datetime.datetime(2025, 5, 2, 21, 0, tzinfo=datetime.timezone.utc) start_date=datetime.datetime(2026, 5, 5, 12, 25, 12, 694109, tzinfo=datetime.timezone.utc) end_date=None clear_number=0 run_type=<DagRunType.SCHEDULED: 'scheduled'> state=<DagRunState.RUNNING: 'running'> conf={} triggering_user_name=None consumed_asset_events=[] partition_key=None note=None","logger":"task.stdout"}
{"timestamp":"2026-05-05T12:25:14.431960Z","level":"info","event":"triggering_asset_events: TriggeringAssetEventAccessor(_events=defaultdict(<class 'list'>, {}))","logger":"task.stdout"}
{"timestamp":"2026-05-05T12:25:14.432825Z","level":"info","event":"task_instance_key_str: print_interval_dag__print_interval__20250502","logger":"task.stdout"}
{"timestamp":"2026-05-05T12:25:14.433810Z","level":"info","event":"task_reschedule_count: 0","logger":"task.stdout"}
{"timestamp":"2026-05-05T12:25:14.464126Z","level":"info","event":"prev_start_date_success: 2026-05-05 12:25:12.315326+00:00","logger":"task.stdout"}
{"timestamp":"2026-05-05T12:25:14.465629Z","level":"info","event":"prev_end_date_success: 2026-05-05 12:25:14.360760+00:00","logger":"task.stdout"}
{"timestamp":"2026-05-05T12:25:14.466216Z","level":"info","event":"logical_date: 2025-05-02 21:00:00+00:00","logger":"task.stdout"}
{"timestamp":"2026-05-05T12:25:14.470113Z","level":"info","event":"ds: 2025-05-02","logger":"task.stdout"}
{"timestamp":"2026-05-05T12:25:14.470933Z","level":"info","event":"ds_nodash: 20250502","logger":"task.stdout"}
{"timestamp":"2026-05-05T12:25:14.471368Z","level":"info","event":"ts: 2025-05-02T21:00:00+00:00","logger":"task.stdout"}
{"timestamp":"2026-05-05T12:25:14.472217Z","level":"info","event":"ts_nodash: 20250502T210000","logger":"task.stdout"}
{"timestamp":"2026-05-05T12:25:14.473548Z","level":"info","event":"ts_nodash_with_tz: 20250502T210000+0000","logger":"task.stdout"}
{"timestamp":"2026-05-05T12:25:14.476320Z","level":"info","event":"data_interval_end: 2025-05-02 21:00:00+00:00","logger":"task.stdout"}
{"timestamp":"2026-05-05T12:25:14.478351Z","level":"info","event":"data_interval_start: 2025-05-02 21:00:00+00:00","logger":"task.stdout"}
{"timestamp":"2026-05-05T12:25:14.480113Z","level":"info","event":"prev_data_interval_start_success: 2025-05-02 18:00:00+00:00","logger":"task.stdout"}
{"timestamp":"2026-05-05T12:25:14.480929Z","level":"info","event":"prev_data_interval_end_success: 2025-05-02 18:00:00+00:00","logger":"task.stdout"}
{"timestamp":"2026-05-05T12:25:14.483066Z","level":"info","event":"templates_dict: None","logger":"task.stdout"}
{"timestamp":"2026-05-05T12:25:14.461567Z","level":"info","event":"Done. Returned value was: None","logger":"airflow.task.operators.airflow.providers.standard.operators.python.PythonOperator","filename":"python.py","lineno":229}
{"timestamp":"2026-05-05T12:25:14.527565Z","level":"info","event":"Task instance in success state","logger":"task.stdout"}
{"timestamp":"2026-05-05T12:25:14.528598Z","level":"info","event":" Previous state of the Task instance: TaskInstanceState.RUNNING","logger":"task.stdout"}
{"timestamp":"2026-05-05T12:25:14.530362Z","level":"info","event":"Task operator:<Task(PythonOperator): print_interval>","logger":"task.stdout"}
