{"timestamp":"2026-05-05T10:29:18.363941Z","level":"info","event":"DAG bundles loaded: dags-folder, example_dags","logger":"airflow.dag_processing.bundles.manager.DagBundlesManager","filename":"manager.py","lineno":209}
{"timestamp":"2026-05-05T10:29:18.365818Z","level":"info","event":"Filling up the DagBag from /opt/airflow/dags/print_interval_dag.py","logger":"airflow.dag_processing.dagbag.BundleDagBag","filename":"dagbag.py","lineno":469}
{"timestamp":"2026-05-05T10:29:18.378947Z","level":"warning","event":"The `airflow.operators.python.PythonOperator` attribute is deprecated. Please use `'airflow.providers.standard.operators.python.PythonOperator'`.","category":"UserWarning","filename":"/opt/airflow/dags/print_interval_dag.py","lineno":2,"logger":"py.warnings"}
{"timestamp":"2026-05-05T10:29:18.447470Z","level":"info","event":"Task instance is in running state","logger":"task.stdout"}
{"timestamp":"2026-05-05T10:29:18.448956Z","level":"info","event":" Previous state of the Task instance: TaskInstanceState.QUEUED","logger":"task.stdout"}
{"timestamp":"2026-05-05T10:29:18.449538Z","level":"info","event":"Current task name:print_interval","logger":"task.stdout"}
{"timestamp":"2026-05-05T10:29:18.450078Z","level":"info","event":"Dag name:print_interval_dag","logger":"task.stdout"}
{"timestamp":"2026-05-05T10:29:18.451685Z","level":"info","event":"Interval Start: 2025-05-01 18:00:00+00:00","logger":"task.stdout"}
{"timestamp":"2026-05-05T10:29:18.452400Z","level":"info","event":"Interval End:   2025-05-01 18:00:00+00:00","logger":"task.stdout"}
{"timestamp":"2026-05-05T10:29:18.450518Z","level":"info","event":"Done. Returned value was: None","logger":"airflow.task.operators.airflow.providers.standard.operators.python.PythonOperator","filename":"python.py","lineno":229}
{"timestamp":"2026-05-05T10:29:18.503253Z","level":"info","event":"Task instance in success state","logger":"task.stdout"}
{"timestamp":"2026-05-05T10:29:18.512014Z","level":"info","event":" Previous state of the Task instance: TaskInstanceState.RUNNING","logger":"task.stdout"}
{"timestamp":"2026-05-05T10:29:18.512528Z","level":"info","event":"Task operator:<Task(PythonOperator): print_interval>","logger":"task.stdout"}
{"timestamp":"2026-05-05T12:25:10.090982Z","level":"info","event":"DAG bundles loaded: dags-folder, example_dags","logger":"airflow.dag_processing.bundles.manager.DagBundlesManager","filename":"manager.py","lineno":209}
{"timestamp":"2026-05-05T12:25:10.093029Z","level":"info","event":"Filling up the DagBag from /opt/airflow/dags/print_interval_dag.py","logger":"airflow.dag_processing.dagbag.BundleDagBag","filename":"dagbag.py","lineno":469}
{"timestamp":"2026-05-05T12:25:10.348164Z","level":"info","event":"Task instance is in running state","logger":"task.stdout"}
{"timestamp":"2026-05-05T12:25:10.348957Z","level":"info","event":" Previous state of the Task instance: TaskInstanceState.QUEUED","logger":"task.stdout"}
{"timestamp":"2026-05-05T12:25:10.349513Z","level":"info","event":"Current task name:print_interval","logger":"task.stdout"}
{"timestamp":"2026-05-05T12:25:10.357398Z","level":"info","event":"Dag name:print_interval_dag","logger":"task.stdout"}
{"timestamp":"2026-05-05T12:25:10.358676Z","level":"info","event":"=== ALL AVAILABLE MACROS ===","logger":"task.stdout"}
{"timestamp":"2026-05-05T12:25:10.362017Z","level":"info","event":"dag: <DAG: print_interval_dag>","logger":"task.stdout"}
{"timestamp":"2026-05-05T12:25:10.364117Z","level":"info","event":"inlets: []","logger":"task.stdout"}
{"timestamp":"2026-05-05T12:25:10.364811Z","level":"info","event":"map_index_template: None","logger":"task.stdout"}
{"timestamp":"2026-05-05T12:25:10.368186Z","level":"info","event":"outlets: []","logger":"task.stdout"}
{"timestamp":"2026-05-05T12:25:10.368740Z","level":"info","event":"run_id: scheduled__2025-05-01T18:00:00+00:00","logger":"task.stdout"}
{"timestamp":"2026-05-05T12:25:10.369742Z","level":"info","event":"task: <Task(PythonOperator): print_interval>","logger":"task.stdout"}
{"timestamp":"2026-05-05T12:25:10.370484Z","level":"info","event":"task_instance: id=UUID('019df819-6bee-7695-9a9f-491575b0500e') task_id='print_interval' dag_id='print_interval_dag' run_id='scheduled__2025-05-01T18:00:00+00:00' try_number=1 dag_version_id=UUID('019df815-a045-750b-bac8-47ced7cc6a45') map_index=-1 hostname='86abe326db93' context_carrier={'traceparent': '00-f56b35c1cb50d89be3a0b90066bc6dc4-3700f3406fe1d431-01'} task=<Task(PythonOperator): print_interval> bundle_instance=LocalDagBundle(name=dags-folder) max_tries=0 start_date=datetime.datetime(2026, 5, 5, 12, 25, 9, 189192, tzinfo=datetime.timezone.utc) end_date=None state=<TaskInstanceState.RUNNING: 'running'> is_mapped=False rendered_map_index=None sentry_integration=''","logger":"task.stdout"}
{"timestamp":"2026-05-05T12:25:10.372050Z","level":"info","event":"ti: id=UUID('019df819-6bee-7695-9a9f-491575b0500e') task_id='print_interval' dag_id='print_interval_dag' run_id='scheduled__2025-05-01T18:00:00+00:00' try_number=1 dag_version_id=UUID('019df815-a045-750b-bac8-47ced7cc6a45') map_index=-1 hostname='86abe326db93' context_carrier={'traceparent': '00-f56b35c1cb50d89be3a0b90066bc6dc4-3700f3406fe1d431-01'} task=<Task(PythonOperator): print_interval> bundle_instance=LocalDagBundle(name=dags-folder) max_tries=0 start_date=datetime.datetime(2026, 5, 5, 12, 25, 9, 189192, tzinfo=datetime.timezone.utc) end_date=None state=<TaskInstanceState.RUNNING: 'running'> is_mapped=False rendered_map_index=None sentry_integration=''","logger":"task.stdout"}
{"timestamp":"2026-05-05T12:25:10.375029Z","level":"info","event":"outlet_events: OutletEventAccessors(_dict={})","logger":"task.stdout"}
{"timestamp":"2026-05-05T12:25:10.376342Z","level":"info","event":"inlet_events: InletEventsAccessors(_inlets=[], _assets={}, _asset_aliases={})","logger":"task.stdout"}
{"timestamp":"2026-05-05T12:25:10.377627Z","level":"info","event":"macros: <MacrosAccessor (dynamic access to macros)>","logger":"task.stdout"}
{"timestamp":"2026-05-05T12:25:10.381598Z","level":"info","event":"params: {}","logger":"task.stdout"}
{"timestamp":"2026-05-05T12:25:10.382951Z","level":"info","event":"var: {'json': <VariableAccessor (dynamic access)>, 'value': <VariableAccessor (dynamic access)>}","logger":"task.stdout"}
{"timestamp":"2026-05-05T12:25:10.384012Z","level":"info","event":"conn: <ConnectionAccessor (dynamic access)>","logger":"task.stdout"}
{"timestamp":"2026-05-05T12:25:10.385059Z","level":"info","event":"dag_run: dag_id='print_interval_dag' run_id='scheduled__2025-05-01T18:00:00+00:00' logical_date=datetime.datetime(2025, 5, 1, 18, 0, tzinfo=datetime.timezone.utc) data_interval_start=datetime.datetime(2025, 5, 1, 18, 0, tzinfo=datetime.timezone.utc) data_interval_end=datetime.datetime(2025, 5, 1, 18, 0, tzinfo=datetime.timezone.utc) run_after=datetime.datetime(2025, 5, 1, 18, 0, tzinfo=datetime.timezone.utc) start_date=datetime.datetime(2026, 5, 5, 12, 25, 8, 870487, tzinfo=datetime.timezone.utc) end_date=None clear_number=0 run_type=<DagRunType.SCHEDULED: 'scheduled'> state=<DagRunState.RUNNING: 'running'> conf={} triggering_user_name=None consumed_asset_events=[] partition_key=None note=None","logger":"task.stdout"}
{"timestamp":"2026-05-05T12:25:10.385867Z","level":"info","event":"triggering_asset_events: TriggeringAssetEventAccessor(_events=defaultdict(<class 'list'>, {}))","logger":"task.stdout"}
{"timestamp":"2026-05-05T12:25:10.386893Z","level":"info","event":"task_instance_key_str: print_interval_dag__print_interval__20250501","logger":"task.stdout"}
{"timestamp":"2026-05-05T12:25:10.387379Z","level":"info","event":"task_reschedule_count: 0","logger":"task.stdout"}
{"timestamp":"2026-05-05T12:25:10.567445Z","level":"info","event":"prev_start_date_success: 2026-05-05 12:25:08.459537+00:00","logger":"task.stdout"}
{"timestamp":"2026-05-05T12:25:10.569952Z","level":"info","event":"prev_end_date_success: 2026-05-05 12:25:10.264604+00:00","logger":"task.stdout"}
{"timestamp":"2026-05-05T12:25:10.570480Z","level":"info","event":"logical_date: 2025-05-01 18:00:00+00:00","logger":"task.stdout"}
{"timestamp":"2026-05-05T12:25:10.570978Z","level":"info","event":"ds: 2025-05-01","logger":"task.stdout"}
{"timestamp":"2026-05-05T12:25:10.571644Z","level":"info","event":"ds_nodash: 20250501","logger":"task.stdout"}
{"timestamp":"2026-05-05T12:25:10.575113Z","level":"info","event":"ts: 2025-05-01T18:00:00+00:00","logger":"task.stdout"}
{"timestamp":"2026-05-05T12:25:10.576072Z","level":"info","event":"ts_nodash: 20250501T180000","logger":"task.stdout"}
{"timestamp":"2026-05-05T12:25:10.576701Z","level":"info","event":"ts_nodash_with_tz: 20250501T180000+0000","logger":"task.stdout"}
{"timestamp":"2026-05-05T12:25:10.577559Z","level":"info","event":"data_interval_end: 2025-05-01 18:00:00+00:00","logger":"task.stdout"}
{"timestamp":"2026-05-05T12:25:10.578073Z","level":"info","event":"data_interval_start: 2025-05-01 18:00:00+00:00","logger":"task.stdout"}
{"timestamp":"2026-05-05T12:25:10.578512Z","level":"info","event":"prev_data_interval_start_success: 2025-05-01 15:00:00+00:00","logger":"task.stdout"}
{"timestamp":"2026-05-05T12:25:10.579093Z","level":"info","event":"prev_data_interval_end_success: 2025-05-01 15:00:00+00:00","logger":"task.stdout"}
{"timestamp":"2026-05-05T12:25:10.582413Z","level":"info","event":"templates_dict: None","logger":"task.stdout"}
{"timestamp":"2026-05-05T12:25:10.565405Z","level":"info","event":"Done. Returned value was: None","logger":"airflow.task.operators.airflow.providers.standard.operators.python.PythonOperator","filename":"python.py","lineno":229}
{"timestamp":"2026-05-05T12:25:10.787557Z","level":"info","event":"Task instance in success state","logger":"task.stdout"}
{"timestamp":"2026-05-05T12:25:10.788271Z","level":"info","event":" Previous state of the Task instance: TaskInstanceState.RUNNING","logger":"task.stdout"}
{"timestamp":"2026-05-05T12:25:10.789183Z","level":"info","event":"Task operator:<Task(PythonOperator): print_interval>","logger":"task.stdout"}
