{"timestamp":"2026-05-05T10:31:11.444488Z","level":"info","event":"DAG bundles loaded: dags-folder, example_dags","logger":"airflow.dag_processing.bundles.manager.DagBundlesManager","filename":"manager.py","lineno":209}
{"timestamp":"2026-05-05T10:31:11.446562Z","level":"info","event":"Filling up the DagBag from /opt/airflow/dags/print_interval_dag.py","logger":"airflow.dag_processing.dagbag.BundleDagBag","filename":"dagbag.py","lineno":469}
{"timestamp":"2026-05-05T10:31:11.457622Z","level":"warning","event":"The `airflow.operators.python.PythonOperator` attribute is deprecated. Please use `'airflow.providers.standard.operators.python.PythonOperator'`.","category":"UserWarning","filename":"/opt/airflow/dags/print_interval_dag.py","lineno":2,"logger":"py.warnings"}
{"timestamp":"2026-05-05T10:31:11.507447Z","level":"info","event":"Task instance is in running state","logger":"task.stdout"}
{"timestamp":"2026-05-05T10:31:11.508006Z","level":"info","event":" Previous state of the Task instance: TaskInstanceState.QUEUED","logger":"task.stdout"}
{"timestamp":"2026-05-05T10:31:11.508473Z","level":"info","event":"Current task name:print_interval","logger":"task.stdout"}
{"timestamp":"2026-05-05T10:31:11.508853Z","level":"info","event":"Dag name:print_interval_dag","logger":"task.stdout"}
{"timestamp":"2026-05-05T10:31:11.509584Z","level":"info","event":"Interval Start: 2025-05-30 15:00:00+00:00","logger":"task.stdout"}
{"timestamp":"2026-05-05T10:31:11.510039Z","level":"info","event":"Interval End:   2025-05-30 15:00:00+00:00","logger":"task.stdout"}
{"timestamp":"2026-05-05T10:31:11.510274Z","level":"info","event":"Done. Returned value was: None","logger":"airflow.task.operators.airflow.providers.standard.operators.python.PythonOperator","filename":"python.py","lineno":229}
{"timestamp":"2026-05-05T10:31:11.579814Z","level":"info","event":"Task instance in success state","logger":"task.stdout"}
{"timestamp":"2026-05-05T10:31:11.580378Z","level":"info","event":" Previous state of the Task instance: TaskInstanceState.RUNNING","logger":"task.stdout"}
{"timestamp":"2026-05-05T10:31:11.580876Z","level":"info","event":"Task operator:<Task(PythonOperator): print_interval>","logger":"task.stdout"}
{"timestamp":"2026-05-05T12:27:09.243185Z","level":"info","event":"DAG bundles loaded: dags-folder, example_dags","logger":"airflow.dag_processing.bundles.manager.DagBundlesManager","filename":"manager.py","lineno":209}
{"timestamp":"2026-05-05T12:27:09.245084Z","level":"info","event":"Filling up the DagBag from /opt/airflow/dags/print_interval_dag.py","logger":"airflow.dag_processing.dagbag.BundleDagBag","filename":"dagbag.py","lineno":469}
{"timestamp":"2026-05-05T12:27:09.316121Z","level":"info","event":"Task instance is in running state","logger":"task.stdout"}
{"timestamp":"2026-05-05T12:27:09.316847Z","level":"info","event":" Previous state of the Task instance: TaskInstanceState.QUEUED","logger":"task.stdout"}
{"timestamp":"2026-05-05T12:27:09.317325Z","level":"info","event":"Current task name:print_interval","logger":"task.stdout"}
{"timestamp":"2026-05-05T12:27:09.317682Z","level":"info","event":"Dag name:print_interval_dag","logger":"task.stdout"}
{"timestamp":"2026-05-05T12:27:09.320017Z","level":"info","event":"=== ALL AVAILABLE MACROS ===","logger":"task.stdout"}
{"timestamp":"2026-05-05T12:27:09.320798Z","level":"info","event":"dag: <DAG: print_interval_dag>","logger":"task.stdout"}
{"timestamp":"2026-05-05T12:27:09.321601Z","level":"info","event":"inlets: []","logger":"task.stdout"}
{"timestamp":"2026-05-05T12:27:09.322180Z","level":"info","event":"map_index_template: None","logger":"task.stdout"}
{"timestamp":"2026-05-05T12:27:09.322655Z","level":"info","event":"outlets: []","logger":"task.stdout"}
{"timestamp":"2026-05-05T12:27:09.323662Z","level":"info","event":"run_id: scheduled__2025-05-30T15:00:00+00:00","logger":"task.stdout"}
{"timestamp":"2026-05-05T12:27:09.324441Z","level":"info","event":"task: <Task(PythonOperator): print_interval>","logger":"task.stdout"}
{"timestamp":"2026-05-05T12:27:09.325170Z","level":"info","event":"task_instance: id=UUID('019df81b-3d2c-76d0-8460-ce78feaec1e3') task_id='print_interval' dag_id='print_interval_dag' run_id='scheduled__2025-05-30T15:00:00+00:00' try_number=1 dag_version_id=UUID('019df815-a045-750b-bac8-47ced7cc6a45') map_index=-1 hostname='86abe326db93' context_carrier={'traceparent': '00-784a26c5bbc5d31dfe4e48912c7a9141-eaf5ca41261544d1-01'} task=<Task(PythonOperator): print_interval> bundle_instance=LocalDagBundle(name=dags-folder) max_tries=0 start_date=datetime.datetime(2026, 5, 5, 12, 27, 8, 349780, tzinfo=datetime.timezone.utc) end_date=None state=<TaskInstanceState.RUNNING: 'running'> is_mapped=False rendered_map_index=None sentry_integration=''","logger":"task.stdout"}
{"timestamp":"2026-05-05T12:27:09.325947Z","level":"info","event":"ti: id=UUID('019df81b-3d2c-76d0-8460-ce78feaec1e3') task_id='print_interval' dag_id='print_interval_dag' run_id='scheduled__2025-05-30T15:00:00+00:00' try_number=1 dag_version_id=UUID('019df815-a045-750b-bac8-47ced7cc6a45') map_index=-1 hostname='86abe326db93' context_carrier={'traceparent': '00-784a26c5bbc5d31dfe4e48912c7a9141-eaf5ca41261544d1-01'} task=<Task(PythonOperator): print_interval> bundle_instance=LocalDagBundle(name=dags-folder) max_tries=0 start_date=datetime.datetime(2026, 5, 5, 12, 27, 8, 349780, tzinfo=datetime.timezone.utc) end_date=None state=<TaskInstanceState.RUNNING: 'running'> is_mapped=False rendered_map_index=None sentry_integration=''","logger":"task.stdout"}
{"timestamp":"2026-05-05T12:27:09.326418Z","level":"info","event":"outlet_events: OutletEventAccessors(_dict={})","logger":"task.stdout"}
{"timestamp":"2026-05-05T12:27:09.326864Z","level":"info","event":"inlet_events: InletEventsAccessors(_inlets=[], _assets={}, _asset_aliases={})","logger":"task.stdout"}
{"timestamp":"2026-05-05T12:27:09.327446Z","level":"info","event":"macros: <MacrosAccessor (dynamic access to macros)>","logger":"task.stdout"}
{"timestamp":"2026-05-05T12:27:09.328065Z","level":"info","event":"params: {}","logger":"task.stdout"}
{"timestamp":"2026-05-05T12:27:09.328481Z","level":"info","event":"var: {'json': <VariableAccessor (dynamic access)>, 'value': <VariableAccessor (dynamic access)>}","logger":"task.stdout"}
{"timestamp":"2026-05-05T12:27:09.328905Z","level":"info","event":"conn: <ConnectionAccessor (dynamic access)>","logger":"task.stdout"}
{"timestamp":"2026-05-05T12:27:09.329269Z","level":"info","event":"dag_run: dag_id='print_interval_dag' run_id='scheduled__2025-05-30T15:00:00+00:00' logical_date=datetime.datetime(2025, 5, 30, 15, 0, tzinfo=datetime.timezone.utc) data_interval_start=datetime.datetime(2025, 5, 30, 15, 0, tzinfo=datetime.timezone.utc) data_interval_end=datetime.datetime(2025, 5, 30, 15, 0, tzinfo=datetime.timezone.utc) run_after=datetime.datetime(2025, 5, 30, 15, 0, tzinfo=datetime.timezone.utc) start_date=datetime.datetime(2026, 5, 5, 12, 27, 8, 738, tzinfo=datetime.timezone.utc) end_date=None clear_number=0 run_type=<DagRunType.SCHEDULED: 'scheduled'> state=<DagRunState.RUNNING: 'running'> conf={} triggering_user_name=None consumed_asset_events=[] partition_key=None note=None","logger":"task.stdout"}
{"timestamp":"2026-05-05T12:27:09.329694Z","level":"info","event":"triggering_asset_events: TriggeringAssetEventAccessor(_events=defaultdict(<class 'list'>, {}))","logger":"task.stdout"}
{"timestamp":"2026-05-05T12:27:09.330096Z","level":"info","event":"task_instance_key_str: print_interval_dag__print_interval__20250530","logger":"task.stdout"}
{"timestamp":"2026-05-05T12:27:09.330521Z","level":"info","event":"task_reschedule_count: 0","logger":"task.stdout"}
{"timestamp":"2026-05-05T12:27:09.354884Z","level":"info","event":"prev_start_date_success: 2026-05-05 12:27:06.894073+00:00","logger":"task.stdout"}
{"timestamp":"2026-05-05T12:27:09.355933Z","level":"info","event":"prev_end_date_success: 2026-05-05 12:27:09.022633+00:00","logger":"task.stdout"}
{"timestamp":"2026-05-05T12:27:09.356804Z","level":"info","event":"logical_date: 2025-05-30 15:00:00+00:00","logger":"task.stdout"}
{"timestamp":"2026-05-05T12:27:09.357511Z","level":"info","event":"ds: 2025-05-30","logger":"task.stdout"}
{"timestamp":"2026-05-05T12:27:09.358332Z","level":"info","event":"ds_nodash: 20250530","logger":"task.stdout"}
{"timestamp":"2026-05-05T12:27:09.358991Z","level":"info","event":"ts: 2025-05-30T15:00:00+00:00","logger":"task.stdout"}
{"timestamp":"2026-05-05T12:27:09.359661Z","level":"info","event":"ts_nodash: 20250530T150000","logger":"task.stdout"}
{"timestamp":"2026-05-05T12:27:09.360260Z","level":"info","event":"ts_nodash_with_tz: 20250530T150000+0000","logger":"task.stdout"}
{"timestamp":"2026-05-05T12:27:09.360690Z","level":"info","event":"data_interval_end: 2025-05-30 15:00:00+00:00","logger":"task.stdout"}
{"timestamp":"2026-05-05T12:27:09.361126Z","level":"info","event":"data_interval_start: 2025-05-30 15:00:00+00:00","logger":"task.stdout"}
{"timestamp":"2026-05-05T12:27:09.361533Z","level":"info","event":"prev_data_interval_start_success: 2025-05-30 09:00:00+00:00","logger":"task.stdout"}
{"timestamp":"2026-05-05T12:27:09.361901Z","level":"info","event":"prev_data_interval_end_success: 2025-05-30 09:00:00+00:00","logger":"task.stdout"}
{"timestamp":"2026-05-05T12:27:09.362310Z","level":"info","event":"templates_dict: None","logger":"task.stdout"}
{"timestamp":"2026-05-05T12:27:09.354061Z","level":"info","event":"Done. Returned value was: None","logger":"airflow.task.operators.airflow.providers.standard.operators.python.PythonOperator","filename":"python.py","lineno":229}
{"timestamp":"2026-05-05T12:27:09.429135Z","level":"info","event":"Task instance in success state","logger":"task.stdout"}
{"timestamp":"2026-05-05T12:27:09.429693Z","level":"info","event":" Previous state of the Task instance: TaskInstanceState.RUNNING","logger":"task.stdout"}
{"timestamp":"2026-05-05T12:27:09.430115Z","level":"info","event":"Task operator:<Task(PythonOperator): print_interval>","logger":"task.stdout"}
