{"timestamp":"2026-05-05T10:31:16.199069Z","level":"info","event":"DAG bundles loaded: dags-folder, example_dags","logger":"airflow.dag_processing.bundles.manager.DagBundlesManager","filename":"manager.py","lineno":209}
{"timestamp":"2026-05-05T10:31:16.202043Z","level":"info","event":"Filling up the DagBag from /opt/airflow/dags/print_interval_dag.py","logger":"airflow.dag_processing.dagbag.BundleDagBag","filename":"dagbag.py","lineno":469}
{"timestamp":"2026-05-05T10:31:16.219993Z","level":"warning","event":"The `airflow.operators.python.PythonOperator` attribute is deprecated. Please use `'airflow.providers.standard.operators.python.PythonOperator'`.","category":"UserWarning","filename":"/opt/airflow/dags/print_interval_dag.py","lineno":2,"logger":"py.warnings"}
{"timestamp":"2026-05-05T10:31:16.282962Z","level":"info","event":"Task instance is in running state","logger":"task.stdout"}
{"timestamp":"2026-05-05T10:31:16.285271Z","level":"info","event":" Previous state of the Task instance: TaskInstanceState.QUEUED","logger":"task.stdout"}
{"timestamp":"2026-05-05T10:31:16.286030Z","level":"info","event":"Current task name:print_interval","logger":"task.stdout"}
{"timestamp":"2026-05-05T10:31:16.287437Z","level":"info","event":"Dag name:print_interval_dag","logger":"task.stdout"}
{"timestamp":"2026-05-05T10:31:16.292660Z","level":"info","event":"Interval Start: 2025-05-31 21:00:00+00:00","logger":"task.stdout"}
{"timestamp":"2026-05-05T10:31:16.293217Z","level":"info","event":"Interval End:   2025-05-31 21:00:00+00:00","logger":"task.stdout"}
{"timestamp":"2026-05-05T10:31:16.291979Z","level":"info","event":"Done. Returned value was: None","logger":"airflow.task.operators.airflow.providers.standard.operators.python.PythonOperator","filename":"python.py","lineno":229}
{"timestamp":"2026-05-05T10:31:16.332935Z","level":"info","event":"Task instance in success state","logger":"task.stdout"}
{"timestamp":"2026-05-05T10:31:16.333998Z","level":"info","event":" Previous state of the Task instance: TaskInstanceState.RUNNING","logger":"task.stdout"}
{"timestamp":"2026-05-05T10:31:16.335810Z","level":"info","event":"Task operator:<Task(PythonOperator): print_interval>","logger":"task.stdout"}
{"timestamp":"2026-05-05T12:27:14.262128Z","level":"info","event":"DAG bundles loaded: dags-folder, example_dags","logger":"airflow.dag_processing.bundles.manager.DagBundlesManager","filename":"manager.py","lineno":209}
{"timestamp":"2026-05-05T12:27:14.263965Z","level":"info","event":"Filling up the DagBag from /opt/airflow/dags/print_interval_dag.py","logger":"airflow.dag_processing.dagbag.BundleDagBag","filename":"dagbag.py","lineno":469}
{"timestamp":"2026-05-05T12:27:14.373858Z","level":"info","event":"Task instance is in running state","logger":"task.stdout"}
{"timestamp":"2026-05-05T12:27:14.375792Z","level":"info","event":" Previous state of the Task instance: TaskInstanceState.QUEUED","logger":"task.stdout"}
{"timestamp":"2026-05-05T12:27:14.381076Z","level":"info","event":"Current task name:print_interval","logger":"task.stdout"}
{"timestamp":"2026-05-05T12:27:14.385434Z","level":"info","event":"Dag name:print_interval_dag","logger":"task.stdout"}
{"timestamp":"2026-05-05T12:27:14.389308Z","level":"info","event":"=== ALL AVAILABLE MACROS ===","logger":"task.stdout"}
{"timestamp":"2026-05-05T12:27:14.397899Z","level":"info","event":"dag: <DAG: print_interval_dag>","logger":"task.stdout"}
{"timestamp":"2026-05-05T12:27:14.398510Z","level":"info","event":"inlets: []","logger":"task.stdout"}
{"timestamp":"2026-05-05T12:27:14.399823Z","level":"info","event":"map_index_template: None","logger":"task.stdout"}
{"timestamp":"2026-05-05T12:27:14.401153Z","level":"info","event":"outlets: []","logger":"task.stdout"}
{"timestamp":"2026-05-05T12:27:14.402192Z","level":"info","event":"run_id: scheduled__2025-05-31T21:00:00+00:00","logger":"task.stdout"}
{"timestamp":"2026-05-05T12:27:14.403405Z","level":"info","event":"task: <Task(PythonOperator): print_interval>","logger":"task.stdout"}
{"timestamp":"2026-05-05T12:27:14.406407Z","level":"info","event":"task_instance: id=UUID('019df81b-4f90-7dbb-9b35-3b0750ca81a7') task_id='print_interval' dag_id='print_interval_dag' run_id='scheduled__2025-05-31T21:00:00+00:00' try_number=1 dag_version_id=UUID('019df815-a045-750b-bac8-47ced7cc6a45') map_index=-1 hostname='86abe326db93' context_carrier={'traceparent': '00-92253b9e7362ad020238bf839aea1efa-f4b48788194dcc67-01'} task=<Task(PythonOperator): print_interval> bundle_instance=LocalDagBundle(name=dags-folder) max_tries=0 start_date=datetime.datetime(2026, 5, 5, 12, 27, 13, 108610, tzinfo=datetime.timezone.utc) end_date=None state=<TaskInstanceState.RUNNING: 'running'> is_mapped=False rendered_map_index=None sentry_integration=''","logger":"task.stdout"}
{"timestamp":"2026-05-05T12:27:14.414715Z","level":"info","event":"ti: id=UUID('019df81b-4f90-7dbb-9b35-3b0750ca81a7') task_id='print_interval' dag_id='print_interval_dag' run_id='scheduled__2025-05-31T21:00:00+00:00' try_number=1 dag_version_id=UUID('019df815-a045-750b-bac8-47ced7cc6a45') map_index=-1 hostname='86abe326db93' context_carrier={'traceparent': '00-92253b9e7362ad020238bf839aea1efa-f4b48788194dcc67-01'} task=<Task(PythonOperator): print_interval> bundle_instance=LocalDagBundle(name=dags-folder) max_tries=0 start_date=datetime.datetime(2026, 5, 5, 12, 27, 13, 108610, tzinfo=datetime.timezone.utc) end_date=None state=<TaskInstanceState.RUNNING: 'running'> is_mapped=False rendered_map_index=None sentry_integration=''","logger":"task.stdout"}
{"timestamp":"2026-05-05T12:27:14.417860Z","level":"info","event":"outlet_events: OutletEventAccessors(_dict={})","logger":"task.stdout"}
{"timestamp":"2026-05-05T12:27:14.418661Z","level":"info","event":"inlet_events: InletEventsAccessors(_inlets=[], _assets={}, _asset_aliases={})","logger":"task.stdout"}
{"timestamp":"2026-05-05T12:27:14.422348Z","level":"info","event":"macros: <MacrosAccessor (dynamic access to macros)>","logger":"task.stdout"}
{"timestamp":"2026-05-05T12:27:14.423425Z","level":"info","event":"params: {}","logger":"task.stdout"}
{"timestamp":"2026-05-05T12:27:14.424260Z","level":"info","event":"var: {'json': <VariableAccessor (dynamic access)>, 'value': <VariableAccessor (dynamic access)>}","logger":"task.stdout"}
{"timestamp":"2026-05-05T12:27:14.426825Z","level":"info","event":"conn: <ConnectionAccessor (dynamic access)>","logger":"task.stdout"}
{"timestamp":"2026-05-05T12:27:14.428157Z","level":"info","event":"dag_run: dag_id='print_interval_dag' run_id='scheduled__2025-05-31T21:00:00+00:00' logical_date=datetime.datetime(2025, 5, 31, 21, 0, tzinfo=datetime.timezone.utc) data_interval_start=datetime.datetime(2025, 5, 31, 21, 0, tzinfo=datetime.timezone.utc) data_interval_end=datetime.datetime(2025, 5, 31, 21, 0, tzinfo=datetime.timezone.utc) run_after=datetime.datetime(2025, 5, 31, 21, 0, tzinfo=datetime.timezone.utc) start_date=datetime.datetime(2026, 5, 5, 12, 27, 12, 693455, tzinfo=datetime.timezone.utc) end_date=None clear_number=0 run_type=<DagRunType.SCHEDULED: 'scheduled'> state=<DagRunState.RUNNING: 'running'> conf={} triggering_user_name=None consumed_asset_events=[] partition_key=None note=None","logger":"task.stdout"}
{"timestamp":"2026-05-05T12:27:14.429735Z","level":"info","event":"triggering_asset_events: TriggeringAssetEventAccessor(_events=defaultdict(<class 'list'>, {}))","logger":"task.stdout"}
{"timestamp":"2026-05-05T12:27:14.431371Z","level":"info","event":"task_instance_key_str: print_interval_dag__print_interval__20250531","logger":"task.stdout"}
{"timestamp":"2026-05-05T12:27:14.441363Z","level":"info","event":"task_reschedule_count: 0","logger":"task.stdout"}
{"timestamp":"2026-05-05T12:27:14.479520Z","level":"info","event":"prev_start_date_success: 2026-05-05 12:27:11.727937+00:00","logger":"task.stdout"}
{"timestamp":"2026-05-05T12:27:14.480993Z","level":"info","event":"prev_end_date_success: 2026-05-05 12:27:13.982213+00:00","logger":"task.stdout"}
{"timestamp":"2026-05-05T12:27:14.481654Z","level":"info","event":"logical_date: 2025-05-31 21:00:00+00:00","logger":"task.stdout"}
{"timestamp":"2026-05-05T12:27:14.482713Z","level":"info","event":"ds: 2025-05-31","logger":"task.stdout"}
{"timestamp":"2026-05-05T12:27:14.484501Z","level":"info","event":"ds_nodash: 20250531","logger":"task.stdout"}
{"timestamp":"2026-05-05T12:27:14.485401Z","level":"info","event":"ts: 2025-05-31T21:00:00+00:00","logger":"task.stdout"}
{"timestamp":"2026-05-05T12:27:14.486469Z","level":"info","event":"ts_nodash: 20250531T210000","logger":"task.stdout"}
{"timestamp":"2026-05-05T12:27:14.489858Z","level":"info","event":"ts_nodash_with_tz: 20250531T210000+0000","logger":"task.stdout"}
{"timestamp":"2026-05-05T12:27:14.492847Z","level":"info","event":"data_interval_end: 2025-05-31 21:00:00+00:00","logger":"task.stdout"}
{"timestamp":"2026-05-05T12:27:14.495229Z","level":"info","event":"data_interval_start: 2025-05-31 21:00:00+00:00","logger":"task.stdout"}
{"timestamp":"2026-05-05T12:27:14.496973Z","level":"info","event":"prev_data_interval_start_success: 2025-05-31 15:00:00+00:00","logger":"task.stdout"}
{"timestamp":"2026-05-05T12:27:14.498706Z","level":"info","event":"prev_data_interval_end_success: 2025-05-31 15:00:00+00:00","logger":"task.stdout"}
{"timestamp":"2026-05-05T12:27:14.499331Z","level":"info","event":"templates_dict: None","logger":"task.stdout"}
{"timestamp":"2026-05-05T12:27:14.478526Z","level":"info","event":"Done. Returned value was: None","logger":"airflow.task.operators.airflow.providers.standard.operators.python.PythonOperator","filename":"python.py","lineno":229}
{"timestamp":"2026-05-05T12:27:14.607530Z","level":"info","event":"Task instance in success state","logger":"task.stdout"}
{"timestamp":"2026-05-05T12:27:14.609489Z","level":"info","event":" Previous state of the Task instance: TaskInstanceState.RUNNING","logger":"task.stdout"}
{"timestamp":"2026-05-05T12:27:14.611579Z","level":"info","event":"Task operator:<Task(PythonOperator): print_interval>","logger":"task.stdout"}
