{"timestamp":"2026-05-08T17:37:44.553526Z","level":"info","event":"DAG bundles loaded: dags-folder, example_dags","logger":"airflow.dag_processing.bundles.manager.DagBundlesManager","filename":"manager.py","lineno":209}
{"timestamp":"2026-05-08T17:37:44.555272Z","level":"info","event":"Filling up the DagBag from /opt/airflow/dags/csv_upsert_pipeline.py","logger":"airflow.dag_processing.dagbag.BundleDagBag","filename":"dagbag.py","lineno":469}
{"timestamp":"2026-05-08T17:37:44.579365Z","level":"warning","event":"airflow.exceptions.AirflowSkipException is deprecated and will be removed in a future version. Use airflow.sdk.exceptions.AirflowSkipException instead.","category":"UserWarning","filename":"/opt/airflow/dags/csv_upsert_pipeline.py","lineno":7,"logger":"py.warnings"}
{"timestamp":"2026-05-08T17:37:44.961069Z","level":"info","event":"Task instance is in running state","logger":"task.stdout"}
{"timestamp":"2026-05-08T17:37:44.963088Z","level":"info","event":" Previous state of the Task instance: TaskInstanceState.QUEUED","logger":"task.stdout"}
{"timestamp":"2026-05-08T17:37:44.963648Z","level":"info","event":"Current task name:process_partition","logger":"task.stdout"}
{"timestamp":"2026-05-08T17:37:44.964162Z","level":"info","event":"Dag name:csv_upsert_pipeline","logger":"task.stdout"}
{"timestamp":"2026-05-08T17:37:44.973571Z","level":"info","event":"[INFO] data_interval_start : 2026-05-02 13:00:00+00:00","logger":"task.stdout"}
{"timestamp":"2026-05-08T17:37:44.974207Z","level":"info","event":"[INFO] data_interval_end   : 2026-05-02 13:00:00+00:00","logger":"task.stdout"}
{"timestamp":"2026-05-08T17:37:44.978613Z","level":"info","event":"[INFO] Processing partition: /data/time_stamp=2026-05-02-13","logger":"task.stdout"}
{"timestamp":"2026-05-08T17:37:44.979601Z","level":"info","event":"[INFO] Sorted files: ['data_1.csv', 'data_2.csv', 'data_3.csv', 'data_4.csv']","logger":"task.stdout"}
{"timestamp":"2026-05-08T17:37:44.982815Z","level":"info","event":"[INFO] Read data_1.csv  (index=1)","logger":"task.stdout"}
{"timestamp":"2026-05-08T17:37:44.989625Z","level":"info","event":"[INFO] Read data_2.csv  (index=2)","logger":"task.stdout"}
{"timestamp":"2026-05-08T17:37:44.991908Z","level":"info","event":"[INFO] Read data_3.csv  (index=3)","logger":"task.stdout"}
{"timestamp":"2026-05-08T17:37:44.993555Z","level":"info","event":"[INFO] Read data_4.csv  (index=4)","logger":"task.stdout"}
{"timestamp":"2026-05-08T17:37:44.995250Z","level":"info","event":"[INFO] Resolved 20 unique IDs for this run:","logger":"task.stdout"}
{"timestamp":"2026-05-08T17:37:44.998166Z","level":"info","event":"       id=1 → {'id': '1', 'name': 'Bob', 'age': '28', 'department': 'Finance', 'salary': '117656.51', 'working_hours': '23.6'}","logger":"task.stdout"}
{"timestamp":"2026-05-08T17:37:45.000116Z","level":"info","event":"       id=2 → {'id': '2', 'name': 'Ivy', 'age': '34', 'department': 'Operations', 'salary': '82631.38', 'working_hours': '51.0'}","logger":"task.stdout"}
{"timestamp":"2026-05-08T17:37:45.005449Z","level":"info","event":"       id=3 → {'id': '3', 'name': 'Diana', 'age': '31', 'department': 'Engineering', 'salary': '52783.68', 'working_hours': '50.7'}","logger":"task.stdout"}
{"timestamp":"2026-05-08T17:37:45.010323Z","level":"info","event":"       id=4 → {'id': '4', 'name': 'Grace', 'age': '29', 'department': 'Finance', 'salary': '82159.83', 'working_hours': '33.6'}","logger":"task.stdout"}
{"timestamp":"2026-05-08T17:37:45.011057Z","level":"info","event":"       id=5 → {'id': '5', 'name': 'Ivy', 'age': '49', 'department': 'HR', 'salary': '103840.13', 'working_hours': '20.1'}","logger":"task.stdout"}
{"timestamp":"2026-05-08T17:37:45.013928Z","level":"info","event":"       id=6 → {'id': '6', 'name': 'Ivy', 'age': '54', 'department': 'Engineering', 'salary': '41137.51', 'working_hours': '51.8'}","logger":"task.stdout"}
{"timestamp":"2026-05-08T17:37:45.014518Z","level":"info","event":"       id=7 → {'id': '7', 'name': 'Grace', 'age': '33', 'department': 'HR', 'salary': '85357.04', 'working_hours': '34.2'}","logger":"task.stdout"}
{"timestamp":"2026-05-08T17:37:45.022009Z","level":"info","event":"       id=8 → {'id': '8', 'name': 'Charlie', 'age': '59', 'department': 'Sales', 'salary': '94005.65', 'working_hours': '42.3'}","logger":"task.stdout"}
{"timestamp":"2026-05-08T17:37:45.024412Z","level":"info","event":"       id=9 → {'id': '9', 'name': 'Charlie', 'age': '55', 'department': 'HR', 'salary': '93027.79', 'working_hours': '55.9'}","logger":"task.stdout"}
{"timestamp":"2026-05-08T17:37:45.025055Z","level":"info","event":"       id=10 → {'id': '10', 'name': 'Grace', 'age': '41', 'department': 'HR', 'salary': '85564.3', 'working_hours': '33.2'}","logger":"task.stdout"}
{"timestamp":"2026-05-08T17:37:45.025805Z","level":"info","event":"       id=11 → {'id': '11', 'name': 'Grace', 'age': '31', 'department': 'Marketing', 'salary': '91027.56', 'working_hours': '39.3'}","logger":"task.stdout"}
{"timestamp":"2026-05-08T17:37:45.026291Z","level":"info","event":"       id=12 → {'id': '12', 'name': 'Frank', 'age': '23', 'department': 'Finance', 'salary': '38774.45', 'working_hours': '35.1'}","logger":"task.stdout"}
{"timestamp":"2026-05-08T17:37:45.026883Z","level":"info","event":"       id=13 → {'id': '13', 'name': 'Alice', 'age': '50', 'department': 'Operations', 'salary': '50711.22', 'working_hours': '46.6'}","logger":"task.stdout"}
{"timestamp":"2026-05-08T17:37:45.027609Z","level":"info","event":"       id=14 → {'id': '14', 'name': 'Frank', 'age': '29', 'department': 'HR', 'salary': '71679.7', 'working_hours': '59.7'}","logger":"task.stdout"}
{"timestamp":"2026-05-08T17:37:45.028079Z","level":"info","event":"       id=15 → {'id': '15', 'name': 'Hank', 'age': '39', 'department': 'Finance', 'salary': '111464.33', 'working_hours': '27.9'}","logger":"task.stdout"}
{"timestamp":"2026-05-08T17:37:45.030727Z","level":"info","event":"       id=16 → {'id': '16', 'name': 'Hank', 'age': '31', 'department': 'Sales', 'salary': '86271.44', 'working_hours': '30.6'}","logger":"task.stdout"}
{"timestamp":"2026-05-08T17:37:45.031857Z","level":"info","event":"       id=17 → {'id': '17', 'name': 'Grace', 'age': '33', 'department': 'Finance', 'salary': '43343.11', 'working_hours': '51.4'}","logger":"task.stdout"}
{"timestamp":"2026-05-08T17:37:45.036355Z","level":"info","event":"       id=18 → {'id': '18', 'name': 'Eve', 'age': '28', 'department': 'HR', 'salary': '60338.44', 'working_hours': '55.9'}","logger":"task.stdout"}
{"timestamp":"2026-05-08T17:37:45.041810Z","level":"info","event":"       id=19 → {'id': '19', 'name': 'Diana', 'age': '31', 'department': 'Finance', 'salary': '71046.47', 'working_hours': '37.0'}","logger":"task.stdout"}
{"timestamp":"2026-05-08T17:37:45.042898Z","level":"info","event":"       id=20 → {'id': '20', 'name': 'Hank', 'age': '60', 'department': 'Finance', 'salary': '37978.07', 'working_hours': '40.7'}","logger":"task.stdout"}
{"timestamp":"2026-05-08T17:37:45.043592Z","level":"info","event":"[INFO] result.csv mil gayi — upsert karte hain.","logger":"task.stdout"}
{"timestamp":"2026-05-08T17:37:45.045128Z","level":"info","event":"[INFO] Existing result.csv mein 20 rows hain.","logger":"task.stdout"}
{"timestamp":"2026-05-08T17:37:45.045602Z","level":"info","event":"       UPDATE  id=1","logger":"task.stdout"}
{"timestamp":"2026-05-08T17:37:45.050208Z","level":"info","event":"       UPDATE  id=2","logger":"task.stdout"}
{"timestamp":"2026-05-08T17:37:45.057363Z","level":"info","event":"       UPDATE  id=3","logger":"task.stdout"}
{"timestamp":"2026-05-08T17:37:45.058576Z","level":"info","event":"       UPDATE  id=4","logger":"task.stdout"}
{"timestamp":"2026-05-08T17:37:45.059363Z","level":"info","event":"       UPDATE  id=5","logger":"task.stdout"}
{"timestamp":"2026-05-08T17:37:45.063243Z","level":"info","event":"       UPDATE  id=6","logger":"task.stdout"}
{"timestamp":"2026-05-08T17:37:45.065481Z","level":"info","event":"       UPDATE  id=7","logger":"task.stdout"}
{"timestamp":"2026-05-08T17:37:45.066245Z","level":"info","event":"       UPDATE  id=8","logger":"task.stdout"}
{"timestamp":"2026-05-08T17:37:45.066968Z","level":"info","event":"       UPDATE  id=9","logger":"task.stdout"}
{"timestamp":"2026-05-08T17:37:45.071188Z","level":"info","event":"       UPDATE  id=10","logger":"task.stdout"}
{"timestamp":"2026-05-08T17:37:45.073085Z","level":"info","event":"       UPDATE  id=11","logger":"task.stdout"}
{"timestamp":"2026-05-08T17:37:45.075041Z","level":"info","event":"       UPDATE  id=12","logger":"task.stdout"}
{"timestamp":"2026-05-08T17:37:45.075731Z","level":"info","event":"       UPDATE  id=13","logger":"task.stdout"}
{"timestamp":"2026-05-08T17:37:45.077963Z","level":"info","event":"       UPDATE  id=14","logger":"task.stdout"}
{"timestamp":"2026-05-08T17:37:45.078547Z","level":"info","event":"       UPDATE  id=15","logger":"task.stdout"}
{"timestamp":"2026-05-08T17:37:45.079243Z","level":"info","event":"       UPDATE  id=16","logger":"task.stdout"}
{"timestamp":"2026-05-08T17:37:45.083992Z","level":"info","event":"       UPDATE  id=17","logger":"task.stdout"}
{"timestamp":"2026-05-08T17:37:45.091901Z","level":"info","event":"       UPDATE  id=18","logger":"task.stdout"}
{"timestamp":"2026-05-08T17:37:45.092487Z","level":"info","event":"       UPDATE  id=19","logger":"task.stdout"}
{"timestamp":"2026-05-08T17:37:45.093058Z","level":"info","event":"       UPDATE  id=20","logger":"task.stdout"}
{"timestamp":"2026-05-08T17:37:45.093634Z","level":"info","event":"[INFO] result.csv updated — total 20 rows.","logger":"task.stdout"}
{"timestamp":"2026-05-08T17:37:45.018941Z","level":"info","event":"Done. Returned value was: None","logger":"airflow.task.operators.airflow.providers.standard.operators.python.PythonOperator","filename":"python.py","lineno":229}
{"timestamp":"2026-05-08T17:37:45.360391Z","level":"info","event":"Task instance in success state","logger":"task.stdout"}
{"timestamp":"2026-05-08T17:37:45.360974Z","level":"info","event":" Previous state of the Task instance: TaskInstanceState.RUNNING","logger":"task.stdout"}
{"timestamp":"2026-05-08T17:37:45.362407Z","level":"info","event":"Task operator:<Task(PythonOperator): process_partition>","logger":"task.stdout"}
{"timestamp":"2026-05-11T16:46:47.551117Z","level":"info","event":"DAG bundles loaded: dags-folder, example_dags","logger":"airflow.dag_processing.bundles.manager.DagBundlesManager","filename":"manager.py","lineno":209}
{"timestamp":"2026-05-11T16:46:47.552969Z","level":"info","event":"Filling up the DagBag from /opt/airflow/dags/__pycache__/csv_upsert_pipeline.py","logger":"airflow.dag_processing.dagbag.BundleDagBag","filename":"dagbag.py","lineno":469}
{"timestamp":"2026-05-11T16:46:47.562996Z","level":"warning","event":"airflow.exceptions.AirflowSkipException is deprecated and will be removed in a future version. Use airflow.sdk.exceptions.AirflowSkipException instead.","category":"UserWarning","filename":"/opt/airflow/dags/__pycache__/csv_upsert_pipeline.py","lineno":7,"logger":"py.warnings"}
{"timestamp":"2026-05-11T16:46:47.613758Z","level":"info","event":"Task instance is in running state","logger":"task.stdout"}
{"timestamp":"2026-05-11T16:46:47.614451Z","level":"info","event":" Previous state of the Task instance: TaskInstanceState.QUEUED","logger":"task.stdout"}
{"timestamp":"2026-05-11T16:46:47.615570Z","level":"info","event":"Current task name:process_partition","logger":"task.stdout"}
{"timestamp":"2026-05-11T16:46:47.616304Z","level":"info","event":"Dag name:csv_upsert_pipeline","logger":"task.stdout"}
{"timestamp":"2026-05-11T16:46:47.618706Z","level":"info","event":"[INFO] data_interval_start : 2026-05-02 13:00:00+00:00","logger":"task.stdout"}
{"timestamp":"2026-05-11T16:46:47.619701Z","level":"info","event":"[INFO] data_interval_end   : 2026-05-02 13:00:00+00:00","logger":"task.stdout"}
{"timestamp":"2026-05-11T16:46:47.620219Z","level":"info","event":"[INFO] Processing partition: /data/time_stamp=2026-05-02-13","logger":"task.stdout"}
{"timestamp":"2026-05-11T16:46:47.623731Z","level":"info","event":"[INFO] Sorted files: ['data_1.csv', 'data_2.csv', 'data_3.csv', 'data_4.csv']","logger":"task.stdout"}
{"timestamp":"2026-05-11T16:46:47.626644Z","level":"info","event":"[INFO] Read data_1.csv  (index=1)","logger":"task.stdout"}
{"timestamp":"2026-05-11T16:46:47.632109Z","level":"info","event":"[INFO] Read data_2.csv  (index=2)","logger":"task.stdout"}
{"timestamp":"2026-05-11T16:46:47.634701Z","level":"info","event":"[INFO] Read data_3.csv  (index=3)","logger":"task.stdout"}
{"timestamp":"2026-05-11T16:46:47.637062Z","level":"info","event":"[INFO] Read data_4.csv  (index=4)","logger":"task.stdout"}
{"timestamp":"2026-05-11T16:46:47.637729Z","level":"info","event":"[INFO] Resolved 20 unique IDs for this run:","logger":"task.stdout"}
{"timestamp":"2026-05-11T16:46:47.639712Z","level":"info","event":"       id=1 → {'id': '1', 'name': 'Bob', 'age': '28', 'department': 'Finance', 'salary': '117656.51', 'working_hours': '23.6'}","logger":"task.stdout"}
{"timestamp":"2026-05-11T16:46:47.640314Z","level":"info","event":"       id=2 → {'id': '2', 'name': 'Ivy', 'age': '34', 'department': 'Operations', 'salary': '82631.38', 'working_hours': '51.0'}","logger":"task.stdout"}
{"timestamp":"2026-05-11T16:46:47.641751Z","level":"info","event":"       id=3 → {'id': '3', 'name': 'Diana', 'age': '31', 'department': 'Engineering', 'salary': '52783.68', 'working_hours': '50.7'}","logger":"task.stdout"}
{"timestamp":"2026-05-11T16:46:47.642668Z","level":"info","event":"       id=4 → {'id': '4', 'name': 'Grace', 'age': '29', 'department': 'Finance', 'salary': '82159.83', 'working_hours': '33.6'}","logger":"task.stdout"}
{"timestamp":"2026-05-11T16:46:47.643204Z","level":"info","event":"       id=5 → {'id': '5', 'name': 'Ivy', 'age': '49', 'department': 'HR', 'salary': '103840.13', 'working_hours': '20.1'}","logger":"task.stdout"}
{"timestamp":"2026-05-11T16:46:47.645040Z","level":"info","event":"       id=6 → {'id': '6', 'name': 'Ivy', 'age': '54', 'department': 'Engineering', 'salary': '41137.51', 'working_hours': '51.8'}","logger":"task.stdout"}
{"timestamp":"2026-05-11T16:46:47.645581Z","level":"info","event":"       id=7 → {'id': '7', 'name': 'Grace', 'age': '33', 'department': 'HR', 'salary': '85357.04', 'working_hours': '34.2'}","logger":"task.stdout"}
{"timestamp":"2026-05-11T16:46:47.646086Z","level":"info","event":"       id=8 → {'id': '8', 'name': 'Charlie', 'age': '59', 'department': 'Sales', 'salary': '94005.65', 'working_hours': '42.3'}","logger":"task.stdout"}
{"timestamp":"2026-05-11T16:46:47.646651Z","level":"info","event":"       id=9 → {'id': '9', 'name': 'Charlie', 'age': '55', 'department': 'HR', 'salary': '93027.79', 'working_hours': '55.9'}","logger":"task.stdout"}
{"timestamp":"2026-05-11T16:46:47.647023Z","level":"info","event":"       id=10 → {'id': '10', 'name': 'Grace', 'age': '41', 'department': 'HR', 'salary': '85564.3', 'working_hours': '33.2'}","logger":"task.stdout"}
{"timestamp":"2026-05-11T16:46:47.647429Z","level":"info","event":"       id=11 → {'id': '11', 'name': 'Grace', 'age': '31', 'department': 'Marketing', 'salary': '91027.56', 'working_hours': '39.3'}","logger":"task.stdout"}
{"timestamp":"2026-05-11T16:46:47.647987Z","level":"info","event":"       id=12 → {'id': '12', 'name': 'Frank', 'age': '23', 'department': 'Finance', 'salary': '38774.45', 'working_hours': '35.1'}","logger":"task.stdout"}
{"timestamp":"2026-05-11T16:46:47.648424Z","level":"info","event":"       id=13 → {'id': '13', 'name': 'Alice', 'age': '50', 'department': 'Operations', 'salary': '50711.22', 'working_hours': '46.6'}","logger":"task.stdout"}
{"timestamp":"2026-05-11T16:46:47.648857Z","level":"info","event":"       id=14 → {'id': '14', 'name': 'Frank', 'age': '29', 'department': 'HR', 'salary': '71679.7', 'working_hours': '59.7'}","logger":"task.stdout"}
{"timestamp":"2026-05-11T16:46:47.649366Z","level":"info","event":"       id=15 → {'id': '15', 'name': 'Hank', 'age': '39', 'department': 'Finance', 'salary': '111464.33', 'working_hours': '27.9'}","logger":"task.stdout"}
{"timestamp":"2026-05-11T16:46:47.649726Z","level":"info","event":"       id=16 → {'id': '16', 'name': 'Hank', 'age': '31', 'department': 'Sales', 'salary': '86271.44', 'working_hours': '30.6'}","logger":"task.stdout"}
{"timestamp":"2026-05-11T16:46:47.650417Z","level":"info","event":"       id=17 → {'id': '17', 'name': 'Grace', 'age': '33', 'department': 'Finance', 'salary': '43343.11', 'working_hours': '51.4'}","logger":"task.stdout"}
{"timestamp":"2026-05-11T16:46:47.650863Z","level":"info","event":"       id=18 → {'id': '18', 'name': 'Eve', 'age': '28', 'department': 'HR', 'salary': '60338.44', 'working_hours': '55.9'}","logger":"task.stdout"}
{"timestamp":"2026-05-11T16:46:47.651337Z","level":"info","event":"       id=19 → {'id': '19', 'name': 'Diana', 'age': '31', 'department': 'Finance', 'salary': '71046.47', 'working_hours': '37.0'}","logger":"task.stdout"}
{"timestamp":"2026-05-11T16:46:47.651767Z","level":"info","event":"       id=20 → {'id': '20', 'name': 'Hank', 'age': '60', 'department': 'Finance', 'salary': '37978.07', 'working_hours': '40.7'}","logger":"task.stdout"}
{"timestamp":"2026-05-11T16:46:47.652600Z","level":"info","event":"[INFO] result.csv found — upsert.","logger":"task.stdout"}
{"timestamp":"2026-05-11T16:46:47.653117Z","level":"info","event":"[INFO] In existing result.csv 20 rows.","logger":"task.stdout"}
{"timestamp":"2026-05-11T16:46:47.653599Z","level":"info","event":"       UPDATE  id=1","logger":"task.stdout"}
{"timestamp":"2026-05-11T16:46:47.654194Z","level":"info","event":"       UPDATE  id=2","logger":"task.stdout"}
{"timestamp":"2026-05-11T16:46:47.655079Z","level":"info","event":"       UPDATE  id=3","logger":"task.stdout"}
{"timestamp":"2026-05-11T16:46:47.657598Z","level":"info","event":"       UPDATE  id=4","logger":"task.stdout"}
{"timestamp":"2026-05-11T16:46:47.658322Z","level":"info","event":"       UPDATE  id=5","logger":"task.stdout"}
{"timestamp":"2026-05-11T16:46:47.658847Z","level":"info","event":"       UPDATE  id=6","logger":"task.stdout"}
{"timestamp":"2026-05-11T16:46:47.660431Z","level":"info","event":"       UPDATE  id=7","logger":"task.stdout"}
{"timestamp":"2026-05-11T16:46:47.661092Z","level":"info","event":"       UPDATE  id=8","logger":"task.stdout"}
{"timestamp":"2026-05-11T16:46:47.661570Z","level":"info","event":"       UPDATE  id=9","logger":"task.stdout"}
{"timestamp":"2026-05-11T16:46:47.663506Z","level":"info","event":"       UPDATE  id=10","logger":"task.stdout"}
{"timestamp":"2026-05-11T16:46:47.664020Z","level":"info","event":"       UPDATE  id=11","logger":"task.stdout"}
{"timestamp":"2026-05-11T16:46:47.664458Z","level":"info","event":"       UPDATE  id=12","logger":"task.stdout"}
{"timestamp":"2026-05-11T16:46:47.665101Z","level":"info","event":"       UPDATE  id=13","logger":"task.stdout"}
{"timestamp":"2026-05-11T16:46:47.665709Z","level":"info","event":"       UPDATE  id=14","logger":"task.stdout"}
{"timestamp":"2026-05-11T16:46:47.666181Z","level":"info","event":"       UPDATE  id=15","logger":"task.stdout"}
{"timestamp":"2026-05-11T16:46:47.666763Z","level":"info","event":"       UPDATE  id=16","logger":"task.stdout"}
{"timestamp":"2026-05-11T16:46:47.667376Z","level":"info","event":"       UPDATE  id=17","logger":"task.stdout"}
{"timestamp":"2026-05-11T16:46:47.667905Z","level":"info","event":"       UPDATE  id=18","logger":"task.stdout"}
{"timestamp":"2026-05-11T16:46:47.668454Z","level":"info","event":"       UPDATE  id=19","logger":"task.stdout"}
{"timestamp":"2026-05-11T16:46:47.669135Z","level":"info","event":"       UPDATE  id=20","logger":"task.stdout"}
{"timestamp":"2026-05-11T16:46:47.669655Z","level":"info","event":"[INFO] result.csv updated — total 20 rows.","logger":"task.stdout"}
{"timestamp":"2026-05-11T16:46:47.643898Z","level":"info","event":"Done. Returned value was: None","logger":"airflow.task.operators.airflow.providers.standard.operators.python.PythonOperator","filename":"python.py","lineno":229}
{"timestamp":"2026-05-11T16:46:47.718576Z","level":"info","event":"Task instance in success state","logger":"task.stdout"}
{"timestamp":"2026-05-11T16:46:47.720160Z","level":"info","event":" Previous state of the Task instance: TaskInstanceState.RUNNING","logger":"task.stdout"}
{"timestamp":"2026-05-11T16:46:47.724962Z","level":"info","event":"Task operator:<Task(PythonOperator): process_partition>","logger":"task.stdout"}
{"timestamp":"2026-05-11T17:17:23.193296Z","level":"info","event":"DAG bundles loaded: dags-folder, example_dags","logger":"airflow.dag_processing.bundles.manager.DagBundlesManager","filename":"manager.py","lineno":209}
{"timestamp":"2026-05-11T17:17:23.194638Z","level":"info","event":"Filling up the DagBag from /opt/airflow/dags/__pycache__/csv_upsert_pipeline.py","logger":"airflow.dag_processing.dagbag.BundleDagBag","filename":"dagbag.py","lineno":469}
{"timestamp":"2026-05-11T17:17:23.207881Z","level":"warning","event":"airflow.exceptions.AirflowSkipException is deprecated and will be removed in a future version. Use airflow.sdk.exceptions.AirflowSkipException instead.","category":"UserWarning","filename":"/opt/airflow/dags/__pycache__/csv_upsert_pipeline.py","lineno":7,"logger":"py.warnings"}
{"timestamp":"2026-05-11T17:17:23.278463Z","level":"info","event":"Task instance is in running state","logger":"task.stdout"}
{"timestamp":"2026-05-11T17:17:23.279464Z","level":"info","event":" Previous state of the Task instance: TaskInstanceState.QUEUED","logger":"task.stdout"}
{"timestamp":"2026-05-11T17:17:23.281004Z","level":"info","event":"Current task name:process_partition","logger":"task.stdout"}
{"timestamp":"2026-05-11T17:17:23.282557Z","level":"info","event":"Dag name:csv_upsert_pipeline","logger":"task.stdout"}
{"timestamp":"2026-05-11T17:17:23.288068Z","level":"info","event":"[INFO] data_interval_start : 2026-05-02 13:00:00+00:00","logger":"task.stdout"}
{"timestamp":"2026-05-11T17:17:23.289990Z","level":"info","event":"[INFO] data_interval_end   : 2026-05-02 13:00:00+00:00","logger":"task.stdout"}
{"timestamp":"2026-05-11T17:17:23.291093Z","level":"info","event":"[INFO] Processing partition: /data/time_stamp=2026-05-02-13","logger":"task.stdout"}
{"timestamp":"2026-05-11T17:17:23.293951Z","level":"info","event":"[INFO] Sorted files: ['data_1.csv', 'data_2.csv', 'data_3.csv', 'data_4.csv']","logger":"task.stdout"}
{"timestamp":"2026-05-11T17:17:23.299593Z","level":"info","event":"[INFO] Read data_1.csv  (index=1)","logger":"task.stdout"}
{"timestamp":"2026-05-11T17:17:23.304312Z","level":"info","event":"[INFO] Read data_2.csv  (index=2)","logger":"task.stdout"}
{"timestamp":"2026-05-11T17:17:23.307238Z","level":"info","event":"[INFO] Read data_3.csv  (index=3)","logger":"task.stdout"}
{"timestamp":"2026-05-11T17:17:23.313174Z","level":"info","event":"[INFO] Read data_4.csv  (index=4)","logger":"task.stdout"}
{"timestamp":"2026-05-11T17:17:23.313824Z","level":"info","event":"[INFO] Resolved 20 unique IDs for this run:","logger":"task.stdout"}
{"timestamp":"2026-05-11T17:17:23.315093Z","level":"info","event":"       id=1 → {'id': '1', 'name': 'Bob', 'age': '28', 'department': 'Finance', 'salary': '117656.51', 'working_hours': '23.6'}","logger":"task.stdout"}
{"timestamp":"2026-05-11T17:17:23.315788Z","level":"info","event":"       id=2 → {'id': '2', 'name': 'Ivy', 'age': '34', 'department': 'Operations', 'salary': '82631.38', 'working_hours': '51.0'}","logger":"task.stdout"}
{"timestamp":"2026-05-11T17:17:23.316200Z","level":"info","event":"       id=3 → {'id': '3', 'name': 'Diana', 'age': '31', 'department': 'Engineering', 'salary': '52783.68', 'working_hours': '50.7'}","logger":"task.stdout"}
{"timestamp":"2026-05-11T17:17:23.319904Z","level":"info","event":"       id=4 → {'id': '4', 'name': 'Grace', 'age': '29', 'department': 'Finance', 'salary': '82159.83', 'working_hours': '33.6'}","logger":"task.stdout"}
{"timestamp":"2026-05-11T17:17:23.320387Z","level":"info","event":"       id=5 → {'id': '5', 'name': 'Ivy', 'age': '49', 'department': 'HR', 'salary': '103840.13', 'working_hours': '20.1'}","logger":"task.stdout"}
{"timestamp":"2026-05-11T17:17:23.321006Z","level":"info","event":"       id=6 → {'id': '6', 'name': 'Ivy', 'age': '54', 'department': 'Engineering', 'salary': '41137.51', 'working_hours': '51.8'}","logger":"task.stdout"}
{"timestamp":"2026-05-11T17:17:23.321729Z","level":"info","event":"       id=7 → {'id': '7', 'name': 'Grace', 'age': '33', 'department': 'HR', 'salary': '85357.04', 'working_hours': '34.2'}","logger":"task.stdout"}
{"timestamp":"2026-05-11T17:17:23.323298Z","level":"info","event":"       id=8 → {'id': '8', 'name': 'Charlie', 'age': '59', 'department': 'Sales', 'salary': '94005.65', 'working_hours': '42.3'}","logger":"task.stdout"}
{"timestamp":"2026-05-11T17:17:23.323868Z","level":"info","event":"       id=9 → {'id': '9', 'name': 'Charlie', 'age': '55', 'department': 'HR', 'salary': '93027.79', 'working_hours': '55.9'}","logger":"task.stdout"}
{"timestamp":"2026-05-11T17:17:23.325884Z","level":"info","event":"       id=10 → {'id': '10', 'name': 'Grace', 'age': '41', 'department': 'HR', 'salary': '85564.3', 'working_hours': '33.2'}","logger":"task.stdout"}
{"timestamp":"2026-05-11T17:17:23.326370Z","level":"info","event":"       id=11 → {'id': '11', 'name': 'Grace', 'age': '31', 'department': 'Marketing', 'salary': '91027.56', 'working_hours': '39.3'}","logger":"task.stdout"}
{"timestamp":"2026-05-11T17:17:23.329583Z","level":"info","event":"       id=12 → {'id': '12', 'name': 'Frank', 'age': '23', 'department': 'Finance', 'salary': '38774.45', 'working_hours': '35.1'}","logger":"task.stdout"}
{"timestamp":"2026-05-11T17:17:23.331564Z","level":"info","event":"       id=13 → {'id': '13', 'name': 'Alice', 'age': '50', 'department': 'Operations', 'salary': '50711.22', 'working_hours': '46.6'}","logger":"task.stdout"}
{"timestamp":"2026-05-11T17:17:23.332314Z","level":"info","event":"       id=14 → {'id': '14', 'name': 'Frank', 'age': '29', 'department': 'HR', 'salary': '71679.7', 'working_hours': '59.7'}","logger":"task.stdout"}
{"timestamp":"2026-05-11T17:17:23.333935Z","level":"info","event":"       id=15 → {'id': '15', 'name': 'Hank', 'age': '39', 'department': 'Finance', 'salary': '111464.33', 'working_hours': '27.9'}","logger":"task.stdout"}
{"timestamp":"2026-05-11T17:17:23.334785Z","level":"info","event":"       id=16 → {'id': '16', 'name': 'Hank', 'age': '31', 'department': 'Sales', 'salary': '86271.44', 'working_hours': '30.6'}","logger":"task.stdout"}
{"timestamp":"2026-05-11T17:17:23.335191Z","level":"info","event":"       id=17 → {'id': '17', 'name': 'Grace', 'age': '33', 'department': 'Finance', 'salary': '43343.11', 'working_hours': '51.4'}","logger":"task.stdout"}
{"timestamp":"2026-05-11T17:17:23.336871Z","level":"info","event":"       id=18 → {'id': '18', 'name': 'Eve', 'age': '28', 'department': 'HR', 'salary': '60338.44', 'working_hours': '55.9'}","logger":"task.stdout"}
{"timestamp":"2026-05-11T17:17:23.338003Z","level":"info","event":"       id=19 → {'id': '19', 'name': 'Diana', 'age': '31', 'department': 'Finance', 'salary': '71046.47', 'working_hours': '37.0'}","logger":"task.stdout"}
{"timestamp":"2026-05-11T17:17:23.338694Z","level":"info","event":"       id=20 → {'id': '20', 'name': 'Hank', 'age': '60', 'department': 'Finance', 'salary': '37978.07', 'working_hours': '40.7'}","logger":"task.stdout"}
{"timestamp":"2026-05-11T17:17:23.339385Z","level":"info","event":"[INFO] result.csv found — upsert.","logger":"task.stdout"}
{"timestamp":"2026-05-11T17:17:23.340016Z","level":"info","event":"[INFO] In existing result.csv 20 rows.","logger":"task.stdout"}
{"timestamp":"2026-05-11T17:17:23.340904Z","level":"info","event":"       UPDATE  id=1","logger":"task.stdout"}
{"timestamp":"2026-05-11T17:17:23.341408Z","level":"info","event":"       UPDATE  id=2","logger":"task.stdout"}
{"timestamp":"2026-05-11T17:17:23.341900Z","level":"info","event":"       UPDATE  id=3","logger":"task.stdout"}
{"timestamp":"2026-05-11T17:17:23.342508Z","level":"info","event":"       UPDATE  id=4","logger":"task.stdout"}
{"timestamp":"2026-05-11T17:17:23.343259Z","level":"info","event":"       UPDATE  id=5","logger":"task.stdout"}
{"timestamp":"2026-05-11T17:17:23.343743Z","level":"info","event":"       UPDATE  id=6","logger":"task.stdout"}
{"timestamp":"2026-05-11T17:17:23.344817Z","level":"info","event":"       UPDATE  id=7","logger":"task.stdout"}
{"timestamp":"2026-05-11T17:17:23.347226Z","level":"info","event":"       UPDATE  id=8","logger":"task.stdout"}
{"timestamp":"2026-05-11T17:17:23.348413Z","level":"info","event":"       UPDATE  id=9","logger":"task.stdout"}
{"timestamp":"2026-05-11T17:17:23.348891Z","level":"info","event":"       UPDATE  id=10","logger":"task.stdout"}
{"timestamp":"2026-05-11T17:17:23.349389Z","level":"info","event":"       UPDATE  id=11","logger":"task.stdout"}
{"timestamp":"2026-05-11T17:17:23.349910Z","level":"info","event":"       UPDATE  id=12","logger":"task.stdout"}
{"timestamp":"2026-05-11T17:17:23.350890Z","level":"info","event":"       UPDATE  id=13","logger":"task.stdout"}
{"timestamp":"2026-05-11T17:17:23.351565Z","level":"info","event":"       UPDATE  id=14","logger":"task.stdout"}
{"timestamp":"2026-05-11T17:17:23.354639Z","level":"info","event":"       UPDATE  id=15","logger":"task.stdout"}
{"timestamp":"2026-05-11T17:17:23.355544Z","level":"info","event":"       UPDATE  id=16","logger":"task.stdout"}
{"timestamp":"2026-05-11T17:17:23.356165Z","level":"info","event":"       UPDATE  id=17","logger":"task.stdout"}
{"timestamp":"2026-05-11T17:17:23.356858Z","level":"info","event":"       UPDATE  id=18","logger":"task.stdout"}
{"timestamp":"2026-05-11T17:17:23.357839Z","level":"info","event":"       UPDATE  id=19","logger":"task.stdout"}
{"timestamp":"2026-05-11T17:17:23.359069Z","level":"info","event":"       UPDATE  id=20","logger":"task.stdout"}
{"timestamp":"2026-05-11T17:17:23.360258Z","level":"info","event":"[INFO] result.csv updated — total 20 rows.","logger":"task.stdout"}
{"timestamp":"2026-05-11T17:17:23.319348Z","level":"info","event":"Done. Returned value was: None","logger":"airflow.task.operators.airflow.providers.standard.operators.python.PythonOperator","filename":"python.py","lineno":229}
{"timestamp":"2026-05-11T17:17:23.450113Z","level":"info","event":"Task instance in success state","logger":"task.stdout"}
{"timestamp":"2026-05-11T17:17:23.450666Z","level":"info","event":" Previous state of the Task instance: TaskInstanceState.RUNNING","logger":"task.stdout"}
{"timestamp":"2026-05-11T17:17:23.451119Z","level":"info","event":"Task operator:<Task(PythonOperator): process_partition>","logger":"task.stdout"}
