{"timestamp":"2026-05-05T10:30:39.563673Z","level":"info","event":"DAG bundles loaded: dags-folder, example_dags","logger":"airflow.dag_processing.bundles.manager.DagBundlesManager","filename":"manager.py","lineno":209}
{"timestamp":"2026-05-05T10:30:39.565536Z","level":"info","event":"Filling up the DagBag from /opt/airflow/dags/print_interval_dag.py","logger":"airflow.dag_processing.dagbag.BundleDagBag","filename":"dagbag.py","lineno":469}
{"timestamp":"2026-05-05T10:30:39.580061Z","level":"warning","event":"The `airflow.operators.python.PythonOperator` attribute is deprecated. Please use `'airflow.providers.standard.operators.python.PythonOperator'`.","category":"UserWarning","filename":"/opt/airflow/dags/print_interval_dag.py","lineno":2,"logger":"py.warnings"}
{"timestamp":"2026-05-05T10:30:39.640290Z","level":"info","event":"Task instance is in running state","logger":"task.stdout"}
{"timestamp":"2026-05-05T10:30:39.640824Z","level":"info","event":" Previous state of the Task instance: TaskInstanceState.QUEUED","logger":"task.stdout"}
{"timestamp":"2026-05-05T10:30:39.643722Z","level":"info","event":"Current task name:print_interval","logger":"task.stdout"}
{"timestamp":"2026-05-05T10:30:39.644279Z","level":"info","event":"Dag name:print_interval_dag","logger":"task.stdout"}
{"timestamp":"2026-05-05T10:30:39.645366Z","level":"info","event":"Interval Start: 2025-05-22 06:00:00+00:00","logger":"task.stdout"}
{"timestamp":"2026-05-05T10:30:39.647659Z","level":"info","event":"Interval End:   2025-05-22 06:00:00+00:00","logger":"task.stdout"}
{"timestamp":"2026-05-05T10:30:39.644228Z","level":"info","event":"Done. Returned value was: None","logger":"airflow.task.operators.airflow.providers.standard.operators.python.PythonOperator","filename":"python.py","lineno":229}
{"timestamp":"2026-05-05T10:30:39.721489Z","level":"info","event":"Task instance in success state","logger":"task.stdout"}
{"timestamp":"2026-05-05T10:30:39.722026Z","level":"info","event":" Previous state of the Task instance: TaskInstanceState.RUNNING","logger":"task.stdout"}
{"timestamp":"2026-05-05T10:30:39.725631Z","level":"info","event":"Task operator:<Task(PythonOperator): print_interval>","logger":"task.stdout"}
{"timestamp":"2026-05-05T12:26:35.075717Z","level":"info","event":"DAG bundles loaded: dags-folder, example_dags","logger":"airflow.dag_processing.bundles.manager.DagBundlesManager","filename":"manager.py","lineno":209}
{"timestamp":"2026-05-05T12:26:35.078478Z","level":"info","event":"Filling up the DagBag from /opt/airflow/dags/print_interval_dag.py","logger":"airflow.dag_processing.dagbag.BundleDagBag","filename":"dagbag.py","lineno":469}
{"timestamp":"2026-05-05T12:26:35.297653Z","level":"info","event":"Task instance is in running state","logger":"task.stdout"}
{"timestamp":"2026-05-05T12:26:35.298210Z","level":"info","event":" Previous state of the Task instance: TaskInstanceState.QUEUED","logger":"task.stdout"}
{"timestamp":"2026-05-05T12:26:35.298668Z","level":"info","event":"Current task name:print_interval","logger":"task.stdout"}
{"timestamp":"2026-05-05T12:26:35.299116Z","level":"info","event":"Dag name:print_interval_dag","logger":"task.stdout"}
{"timestamp":"2026-05-05T12:26:35.307519Z","level":"info","event":"=== ALL AVAILABLE MACROS ===","logger":"task.stdout"}
{"timestamp":"2026-05-05T12:26:35.309053Z","level":"info","event":"dag: <DAG: print_interval_dag>","logger":"task.stdout"}
{"timestamp":"2026-05-05T12:26:35.310475Z","level":"info","event":"inlets: []","logger":"task.stdout"}
{"timestamp":"2026-05-05T12:26:35.310932Z","level":"info","event":"map_index_template: None","logger":"task.stdout"}
{"timestamp":"2026-05-05T12:26:35.313973Z","level":"info","event":"outlets: []","logger":"task.stdout"}
{"timestamp":"2026-05-05T12:26:35.314864Z","level":"info","event":"run_id: scheduled__2025-05-22T06:00:00+00:00","logger":"task.stdout"}
{"timestamp":"2026-05-05T12:26:35.315453Z","level":"info","event":"task: <Task(PythonOperator): print_interval>","logger":"task.stdout"}
{"timestamp":"2026-05-05T12:26:35.316128Z","level":"info","event":"task_instance: id=UUID('019df81a-b63c-7ced-9f34-77068e70f5cf') task_id='print_interval' dag_id='print_interval_dag' run_id='scheduled__2025-05-22T06:00:00+00:00' try_number=1 dag_version_id=UUID('019df815-a045-750b-bac8-47ced7cc6a45') map_index=-1 hostname='86abe326db93' context_carrier={'traceparent': '00-cc6c7fe85a191e544d90217b95f9d227-e03a4a05a059396b-01'} task=<Task(PythonOperator): print_interval> bundle_instance=LocalDagBundle(name=dags-folder) max_tries=0 start_date=datetime.datetime(2026, 5, 5, 12, 26, 33, 855673, tzinfo=datetime.timezone.utc) end_date=None state=<TaskInstanceState.RUNNING: 'running'> is_mapped=False rendered_map_index=None sentry_integration=''","logger":"task.stdout"}
{"timestamp":"2026-05-05T12:26:35.319146Z","level":"info","event":"ti: id=UUID('019df81a-b63c-7ced-9f34-77068e70f5cf') task_id='print_interval' dag_id='print_interval_dag' run_id='scheduled__2025-05-22T06:00:00+00:00' try_number=1 dag_version_id=UUID('019df815-a045-750b-bac8-47ced7cc6a45') map_index=-1 hostname='86abe326db93' context_carrier={'traceparent': '00-cc6c7fe85a191e544d90217b95f9d227-e03a4a05a059396b-01'} task=<Task(PythonOperator): print_interval> bundle_instance=LocalDagBundle(name=dags-folder) max_tries=0 start_date=datetime.datetime(2026, 5, 5, 12, 26, 33, 855673, tzinfo=datetime.timezone.utc) end_date=None state=<TaskInstanceState.RUNNING: 'running'> is_mapped=False rendered_map_index=None sentry_integration=''","logger":"task.stdout"}
{"timestamp":"2026-05-05T12:26:35.320206Z","level":"info","event":"outlet_events: OutletEventAccessors(_dict={})","logger":"task.stdout"}
{"timestamp":"2026-05-05T12:26:35.321911Z","level":"info","event":"inlet_events: InletEventsAccessors(_inlets=[], _assets={}, _asset_aliases={})","logger":"task.stdout"}
{"timestamp":"2026-05-05T12:26:35.322629Z","level":"info","event":"macros: <MacrosAccessor (dynamic access to macros)>","logger":"task.stdout"}
{"timestamp":"2026-05-05T12:26:35.325194Z","level":"info","event":"params: {}","logger":"task.stdout"}
{"timestamp":"2026-05-05T12:26:35.327881Z","level":"info","event":"var: {'json': <VariableAccessor (dynamic access)>, 'value': <VariableAccessor (dynamic access)>}","logger":"task.stdout"}
{"timestamp":"2026-05-05T12:26:35.334000Z","level":"info","event":"conn: <ConnectionAccessor (dynamic access)>","logger":"task.stdout"}
{"timestamp":"2026-05-05T12:26:35.336392Z","level":"info","event":"dag_run: dag_id='print_interval_dag' run_id='scheduled__2025-05-22T06:00:00+00:00' logical_date=datetime.datetime(2025, 5, 22, 6, 0, tzinfo=datetime.timezone.utc) data_interval_start=datetime.datetime(2025, 5, 22, 6, 0, tzinfo=datetime.timezone.utc) data_interval_end=datetime.datetime(2025, 5, 22, 6, 0, tzinfo=datetime.timezone.utc) run_after=datetime.datetime(2025, 5, 22, 6, 0, tzinfo=datetime.timezone.utc) start_date=datetime.datetime(2026, 5, 5, 12, 26, 33, 429845, tzinfo=datetime.timezone.utc) end_date=None clear_number=0 run_type=<DagRunType.SCHEDULED: 'scheduled'> state=<DagRunState.RUNNING: 'running'> conf={} triggering_user_name=None consumed_asset_events=[] partition_key=None note=None","logger":"task.stdout"}
{"timestamp":"2026-05-05T12:26:35.336977Z","level":"info","event":"triggering_asset_events: TriggeringAssetEventAccessor(_events=defaultdict(<class 'list'>, {}))","logger":"task.stdout"}
{"timestamp":"2026-05-05T12:26:35.337557Z","level":"info","event":"task_instance_key_str: print_interval_dag__print_interval__20250522","logger":"task.stdout"}
{"timestamp":"2026-05-05T12:26:35.341364Z","level":"info","event":"task_reschedule_count: 0","logger":"task.stdout"}
{"timestamp":"2026-05-05T12:26:35.454427Z","level":"info","event":"prev_start_date_success: 2026-05-05 12:26:32.912582+00:00","logger":"task.stdout"}
{"timestamp":"2026-05-05T12:26:35.455496Z","level":"info","event":"prev_end_date_success: 2026-05-05 12:26:35.256940+00:00","logger":"task.stdout"}
{"timestamp":"2026-05-05T12:26:35.456142Z","level":"info","event":"logical_date: 2025-05-22 06:00:00+00:00","logger":"task.stdout"}
{"timestamp":"2026-05-05T12:26:35.456864Z","level":"info","event":"ds: 2025-05-22","logger":"task.stdout"}
{"timestamp":"2026-05-05T12:26:35.457665Z","level":"info","event":"ds_nodash: 20250522","logger":"task.stdout"}
{"timestamp":"2026-05-05T12:26:35.458365Z","level":"info","event":"ts: 2025-05-22T06:00:00+00:00","logger":"task.stdout"}
{"timestamp":"2026-05-05T12:26:35.459121Z","level":"info","event":"ts_nodash: 20250522T060000","logger":"task.stdout"}
{"timestamp":"2026-05-05T12:26:35.459705Z","level":"info","event":"ts_nodash_with_tz: 20250522T060000+0000","logger":"task.stdout"}
{"timestamp":"2026-05-05T12:26:35.460221Z","level":"info","event":"data_interval_end: 2025-05-22 06:00:00+00:00","logger":"task.stdout"}
{"timestamp":"2026-05-05T12:26:35.460749Z","level":"info","event":"data_interval_start: 2025-05-22 06:00:00+00:00","logger":"task.stdout"}
{"timestamp":"2026-05-05T12:26:35.461252Z","level":"info","event":"prev_data_interval_start_success: 2025-05-22 03:00:00+00:00","logger":"task.stdout"}
{"timestamp":"2026-05-05T12:26:35.461764Z","level":"info","event":"prev_data_interval_end_success: 2025-05-22 03:00:00+00:00","logger":"task.stdout"}
{"timestamp":"2026-05-05T12:26:35.462388Z","level":"info","event":"templates_dict: None","logger":"task.stdout"}
{"timestamp":"2026-05-05T12:26:35.454001Z","level":"info","event":"Done. Returned value was: None","logger":"airflow.task.operators.airflow.providers.standard.operators.python.PythonOperator","filename":"python.py","lineno":229}
{"timestamp":"2026-05-05T12:26:35.520105Z","level":"info","event":"Task instance in success state","logger":"task.stdout"}
{"timestamp":"2026-05-05T12:26:35.521582Z","level":"info","event":" Previous state of the Task instance: TaskInstanceState.RUNNING","logger":"task.stdout"}
{"timestamp":"2026-05-05T12:26:35.522655Z","level":"info","event":"Task operator:<Task(PythonOperator): print_interval>","logger":"task.stdout"}
