{"timestamp":"2026-05-05T10:30:50.997731Z","level":"info","event":"DAG bundles loaded: dags-folder, example_dags","logger":"airflow.dag_processing.bundles.manager.DagBundlesManager","filename":"manager.py","lineno":209}
{"timestamp":"2026-05-05T10:30:51.000025Z","level":"info","event":"Filling up the DagBag from /opt/airflow/dags/print_interval_dag.py","logger":"airflow.dag_processing.dagbag.BundleDagBag","filename":"dagbag.py","lineno":469}
{"timestamp":"2026-05-05T10:30:51.014537Z","level":"warning","event":"The `airflow.operators.python.PythonOperator` attribute is deprecated. Please use `'airflow.providers.standard.operators.python.PythonOperator'`.","category":"UserWarning","filename":"/opt/airflow/dags/print_interval_dag.py","lineno":2,"logger":"py.warnings"}
{"timestamp":"2026-05-05T10:30:51.089683Z","level":"info","event":"Task instance is in running state","logger":"task.stdout"}
{"timestamp":"2026-05-05T10:30:51.090342Z","level":"info","event":" Previous state of the Task instance: TaskInstanceState.QUEUED","logger":"task.stdout"}
{"timestamp":"2026-05-05T10:30:51.090824Z","level":"info","event":"Current task name:print_interval","logger":"task.stdout"}
{"timestamp":"2026-05-05T10:30:51.091426Z","level":"info","event":"Dag name:print_interval_dag","logger":"task.stdout"}
{"timestamp":"2026-05-05T10:30:51.093096Z","level":"info","event":"Interval Start: 2025-05-25 03:00:00+00:00","logger":"task.stdout"}
{"timestamp":"2026-05-05T10:30:51.094003Z","level":"info","event":"Interval End:   2025-05-25 03:00:00+00:00","logger":"task.stdout"}
{"timestamp":"2026-05-05T10:30:51.093703Z","level":"info","event":"Done. Returned value was: None","logger":"airflow.task.operators.airflow.providers.standard.operators.python.PythonOperator","filename":"python.py","lineno":229}
{"timestamp":"2026-05-05T10:30:51.141651Z","level":"info","event":"Task instance in success state","logger":"task.stdout"}
{"timestamp":"2026-05-05T10:30:51.142528Z","level":"info","event":" Previous state of the Task instance: TaskInstanceState.RUNNING","logger":"task.stdout"}
{"timestamp":"2026-05-05T10:30:51.143445Z","level":"info","event":"Task operator:<Task(PythonOperator): print_interval>","logger":"task.stdout"}
{"timestamp":"2026-05-05T12:26:46.386755Z","level":"info","event":"DAG bundles loaded: dags-folder, example_dags","logger":"airflow.dag_processing.bundles.manager.DagBundlesManager","filename":"manager.py","lineno":209}
{"timestamp":"2026-05-05T12:26:46.389647Z","level":"info","event":"Filling up the DagBag from /opt/airflow/dags/print_interval_dag.py","logger":"airflow.dag_processing.dagbag.BundleDagBag","filename":"dagbag.py","lineno":469}
{"timestamp":"2026-05-05T12:26:46.454639Z","level":"info","event":"Task instance is in running state","logger":"task.stdout"}
{"timestamp":"2026-05-05T12:26:46.457437Z","level":"info","event":" Previous state of the Task instance: TaskInstanceState.QUEUED","logger":"task.stdout"}
{"timestamp":"2026-05-05T12:26:46.462264Z","level":"info","event":"Current task name:print_interval","logger":"task.stdout"}
{"timestamp":"2026-05-05T12:26:46.469968Z","level":"info","event":"Dag name:print_interval_dag","logger":"task.stdout"}
{"timestamp":"2026-05-05T12:26:46.475597Z","level":"info","event":"=== ALL AVAILABLE MACROS ===","logger":"task.stdout"}
{"timestamp":"2026-05-05T12:26:46.476100Z","level":"info","event":"dag: <DAG: print_interval_dag>","logger":"task.stdout"}
{"timestamp":"2026-05-05T12:26:46.479693Z","level":"info","event":"inlets: []","logger":"task.stdout"}
{"timestamp":"2026-05-05T12:26:46.486926Z","level":"info","event":"map_index_template: None","logger":"task.stdout"}
{"timestamp":"2026-05-05T12:26:46.487676Z","level":"info","event":"outlets: []","logger":"task.stdout"}
{"timestamp":"2026-05-05T12:26:46.488516Z","level":"info","event":"run_id: scheduled__2025-05-25T03:00:00+00:00","logger":"task.stdout"}
{"timestamp":"2026-05-05T12:26:46.489586Z","level":"info","event":"task: <Task(PythonOperator): print_interval>","logger":"task.stdout"}
{"timestamp":"2026-05-05T12:26:46.490407Z","level":"info","event":"task_instance: id=UUID('019df81a-e20a-7eb9-9bac-95c184f08482') task_id='print_interval' dag_id='print_interval_dag' run_id='scheduled__2025-05-25T03:00:00+00:00' try_number=1 dag_version_id=UUID('019df815-a045-750b-bac8-47ced7cc6a45') map_index=-1 hostname='86abe326db93' context_carrier={'traceparent': '00-2209fd0845c62655454139bf756833e3-38df6e267b741be6-01'} task=<Task(PythonOperator): print_interval> bundle_instance=LocalDagBundle(name=dags-folder) max_tries=0 start_date=datetime.datetime(2026, 5, 5, 12, 26, 45, 130998, tzinfo=datetime.timezone.utc) end_date=None state=<TaskInstanceState.RUNNING: 'running'> is_mapped=False rendered_map_index=None sentry_integration=''","logger":"task.stdout"}
{"timestamp":"2026-05-05T12:26:46.491582Z","level":"info","event":"ti: id=UUID('019df81a-e20a-7eb9-9bac-95c184f08482') task_id='print_interval' dag_id='print_interval_dag' run_id='scheduled__2025-05-25T03:00:00+00:00' try_number=1 dag_version_id=UUID('019df815-a045-750b-bac8-47ced7cc6a45') map_index=-1 hostname='86abe326db93' context_carrier={'traceparent': '00-2209fd0845c62655454139bf756833e3-38df6e267b741be6-01'} task=<Task(PythonOperator): print_interval> bundle_instance=LocalDagBundle(name=dags-folder) max_tries=0 start_date=datetime.datetime(2026, 5, 5, 12, 26, 45, 130998, tzinfo=datetime.timezone.utc) end_date=None state=<TaskInstanceState.RUNNING: 'running'> is_mapped=False rendered_map_index=None sentry_integration=''","logger":"task.stdout"}
{"timestamp":"2026-05-05T12:26:46.492096Z","level":"info","event":"outlet_events: OutletEventAccessors(_dict={})","logger":"task.stdout"}
{"timestamp":"2026-05-05T12:26:46.492695Z","level":"info","event":"inlet_events: InletEventsAccessors(_inlets=[], _assets={}, _asset_aliases={})","logger":"task.stdout"}
{"timestamp":"2026-05-05T12:26:46.494440Z","level":"info","event":"macros: <MacrosAccessor (dynamic access to macros)>","logger":"task.stdout"}
{"timestamp":"2026-05-05T12:26:46.495012Z","level":"info","event":"params: {}","logger":"task.stdout"}
{"timestamp":"2026-05-05T12:26:46.500483Z","level":"info","event":"var: {'json': <VariableAccessor (dynamic access)>, 'value': <VariableAccessor (dynamic access)>}","logger":"task.stdout"}
{"timestamp":"2026-05-05T12:26:46.501344Z","level":"info","event":"conn: <ConnectionAccessor (dynamic access)>","logger":"task.stdout"}
{"timestamp":"2026-05-05T12:26:46.502050Z","level":"info","event":"dag_run: dag_id='print_interval_dag' run_id='scheduled__2025-05-25T03:00:00+00:00' logical_date=datetime.datetime(2025, 5, 25, 3, 0, tzinfo=datetime.timezone.utc) data_interval_start=datetime.datetime(2025, 5, 25, 3, 0, tzinfo=datetime.timezone.utc) data_interval_end=datetime.datetime(2025, 5, 25, 3, 0, tzinfo=datetime.timezone.utc) run_after=datetime.datetime(2025, 5, 25, 3, 0, tzinfo=datetime.timezone.utc) start_date=datetime.datetime(2026, 5, 5, 12, 26, 44, 643323, tzinfo=datetime.timezone.utc) end_date=None clear_number=0 run_type=<DagRunType.SCHEDULED: 'scheduled'> state=<DagRunState.RUNNING: 'running'> conf={} triggering_user_name=None consumed_asset_events=[] partition_key=None note=None","logger":"task.stdout"}
{"timestamp":"2026-05-05T12:26:46.502616Z","level":"info","event":"triggering_asset_events: TriggeringAssetEventAccessor(_events=defaultdict(<class 'list'>, {}))","logger":"task.stdout"}
{"timestamp":"2026-05-05T12:26:46.503209Z","level":"info","event":"task_instance_key_str: print_interval_dag__print_interval__20250525","logger":"task.stdout"}
{"timestamp":"2026-05-05T12:26:46.504027Z","level":"info","event":"task_reschedule_count: 0","logger":"task.stdout"}
{"timestamp":"2026-05-05T12:26:46.533966Z","level":"info","event":"prev_start_date_success: 2026-05-05 12:26:43.580392+00:00","logger":"task.stdout"}
{"timestamp":"2026-05-05T12:26:46.534767Z","level":"info","event":"prev_end_date_success: 2026-05-05 12:26:46.005589+00:00","logger":"task.stdout"}
{"timestamp":"2026-05-05T12:26:46.535217Z","level":"info","event":"logical_date: 2025-05-25 03:00:00+00:00","logger":"task.stdout"}
{"timestamp":"2026-05-05T12:26:46.535800Z","level":"info","event":"ds: 2025-05-25","logger":"task.stdout"}
{"timestamp":"2026-05-05T12:26:46.536951Z","level":"info","event":"ds_nodash: 20250525","logger":"task.stdout"}
{"timestamp":"2026-05-05T12:26:46.537398Z","level":"info","event":"ts: 2025-05-25T03:00:00+00:00","logger":"task.stdout"}
{"timestamp":"2026-05-05T12:26:46.537876Z","level":"info","event":"ts_nodash: 20250525T030000","logger":"task.stdout"}
{"timestamp":"2026-05-05T12:26:46.538254Z","level":"info","event":"ts_nodash_with_tz: 20250525T030000+0000","logger":"task.stdout"}
{"timestamp":"2026-05-05T12:26:46.538772Z","level":"info","event":"data_interval_end: 2025-05-25 03:00:00+00:00","logger":"task.stdout"}
{"timestamp":"2026-05-05T12:26:46.539490Z","level":"info","event":"data_interval_start: 2025-05-25 03:00:00+00:00","logger":"task.stdout"}
{"timestamp":"2026-05-05T12:26:46.540122Z","level":"info","event":"prev_data_interval_start_success: 2025-05-24 21:00:00+00:00","logger":"task.stdout"}
{"timestamp":"2026-05-05T12:26:46.541276Z","level":"info","event":"prev_data_interval_end_success: 2025-05-24 21:00:00+00:00","logger":"task.stdout"}
{"timestamp":"2026-05-05T12:26:46.542386Z","level":"info","event":"templates_dict: None","logger":"task.stdout"}
{"timestamp":"2026-05-05T12:26:46.532695Z","level":"info","event":"Done. Returned value was: None","logger":"airflow.task.operators.airflow.providers.standard.operators.python.PythonOperator","filename":"python.py","lineno":229}
{"timestamp":"2026-05-05T12:26:46.615744Z","level":"info","event":"Task instance in success state","logger":"task.stdout"}
{"timestamp":"2026-05-05T12:26:46.620862Z","level":"info","event":" Previous state of the Task instance: TaskInstanceState.RUNNING","logger":"task.stdout"}
{"timestamp":"2026-05-05T12:26:46.623319Z","level":"info","event":"Task operator:<Task(PythonOperator): print_interval>","logger":"task.stdout"}
