{"timestamp":"2026-05-05T10:29:41.577664Z","level":"info","event":"DAG bundles loaded: dags-folder, example_dags","logger":"airflow.dag_processing.bundles.manager.DagBundlesManager","filename":"manager.py","lineno":209}
{"timestamp":"2026-05-05T10:29:41.580102Z","level":"info","event":"Filling up the DagBag from /opt/airflow/dags/print_interval_dag.py","logger":"airflow.dag_processing.dagbag.BundleDagBag","filename":"dagbag.py","lineno":469}
{"timestamp":"2026-05-05T10:29:41.597341Z","level":"warning","event":"The `airflow.operators.python.PythonOperator` attribute is deprecated. Please use `'airflow.providers.standard.operators.python.PythonOperator'`.","category":"UserWarning","filename":"/opt/airflow/dags/print_interval_dag.py","lineno":2,"logger":"py.warnings"}
{"timestamp":"2026-05-05T10:29:41.695075Z","level":"info","event":"Task instance is in running state","logger":"task.stdout"}
{"timestamp":"2026-05-05T10:29:41.698369Z","level":"info","event":" Previous state of the Task instance: TaskInstanceState.QUEUED","logger":"task.stdout"}
{"timestamp":"2026-05-05T10:29:41.700406Z","level":"info","event":"Current task name:print_interval","logger":"task.stdout"}
{"timestamp":"2026-05-05T10:29:41.701943Z","level":"info","event":"Dag name:print_interval_dag","logger":"task.stdout"}
{"timestamp":"2026-05-05T10:29:41.704979Z","level":"info","event":"Interval Start: 2025-05-07 06:00:00+00:00","logger":"task.stdout"}
{"timestamp":"2026-05-05T10:29:41.707025Z","level":"info","event":"Interval End:   2025-05-07 06:00:00+00:00","logger":"task.stdout"}
{"timestamp":"2026-05-05T10:29:41.699367Z","level":"info","event":"Done. Returned value was: None","logger":"airflow.task.operators.airflow.providers.standard.operators.python.PythonOperator","filename":"python.py","lineno":229}
{"timestamp":"2026-05-05T10:29:41.768286Z","level":"info","event":"Task instance in success state","logger":"task.stdout"}
{"timestamp":"2026-05-05T10:29:41.773122Z","level":"info","event":" Previous state of the Task instance: TaskInstanceState.RUNNING","logger":"task.stdout"}
{"timestamp":"2026-05-05T10:29:41.773772Z","level":"info","event":"Task operator:<Task(PythonOperator): print_interval>","logger":"task.stdout"}
{"timestamp":"2026-05-05T12:25:31.211273Z","level":"info","event":"DAG bundles loaded: dags-folder, example_dags","logger":"airflow.dag_processing.bundles.manager.DagBundlesManager","filename":"manager.py","lineno":209}
{"timestamp":"2026-05-05T12:25:31.214226Z","level":"info","event":"Filling up the DagBag from /opt/airflow/dags/print_interval_dag.py","logger":"airflow.dag_processing.dagbag.BundleDagBag","filename":"dagbag.py","lineno":469}
{"timestamp":"2026-05-05T12:25:31.309991Z","level":"info","event":"Task instance is in running state","logger":"task.stdout"}
{"timestamp":"2026-05-05T12:25:31.311993Z","level":"info","event":" Previous state of the Task instance: TaskInstanceState.QUEUED","logger":"task.stdout"}
{"timestamp":"2026-05-05T12:25:31.313584Z","level":"info","event":"Current task name:print_interval","logger":"task.stdout"}
{"timestamp":"2026-05-05T12:25:31.314175Z","level":"info","event":"Dag name:print_interval_dag","logger":"task.stdout"}
{"timestamp":"2026-05-05T12:25:31.317884Z","level":"info","event":"=== ALL AVAILABLE MACROS ===","logger":"task.stdout"}
{"timestamp":"2026-05-05T12:25:31.319862Z","level":"info","event":"dag: <DAG: print_interval_dag>","logger":"task.stdout"}
{"timestamp":"2026-05-05T12:25:31.320543Z","level":"info","event":"inlets: []","logger":"task.stdout"}
{"timestamp":"2026-05-05T12:25:31.321049Z","level":"info","event":"map_index_template: None","logger":"task.stdout"}
{"timestamp":"2026-05-05T12:25:31.321503Z","level":"info","event":"outlets: []","logger":"task.stdout"}
{"timestamp":"2026-05-05T12:25:31.321790Z","level":"info","event":"run_id: scheduled__2025-05-07T06:00:00+00:00","logger":"task.stdout"}
{"timestamp":"2026-05-05T12:25:31.322213Z","level":"info","event":"task: <Task(PythonOperator): print_interval>","logger":"task.stdout"}
{"timestamp":"2026-05-05T12:25:31.325246Z","level":"info","event":"task_instance: id=UUID('019df819-bccb-72f3-b827-5ead4b22dd8f') task_id='print_interval' dag_id='print_interval_dag' run_id='scheduled__2025-05-07T06:00:00+00:00' try_number=1 dag_version_id=UUID('019df815-a045-750b-bac8-47ced7cc6a45') map_index=-1 hostname='86abe326db93' context_carrier={'traceparent': '00-62f78735cadbb19b1ee50ffbd38f0b82-853361c0e1c2cb4a-01'} task=<Task(PythonOperator): print_interval> bundle_instance=LocalDagBundle(name=dags-folder) max_tries=0 start_date=datetime.datetime(2026, 5, 5, 12, 25, 29, 999369, tzinfo=datetime.timezone.utc) end_date=None state=<TaskInstanceState.RUNNING: 'running'> is_mapped=False rendered_map_index=None sentry_integration=''","logger":"task.stdout"}
{"timestamp":"2026-05-05T12:25:31.327790Z","level":"info","event":"ti: id=UUID('019df819-bccb-72f3-b827-5ead4b22dd8f') task_id='print_interval' dag_id='print_interval_dag' run_id='scheduled__2025-05-07T06:00:00+00:00' try_number=1 dag_version_id=UUID('019df815-a045-750b-bac8-47ced7cc6a45') map_index=-1 hostname='86abe326db93' context_carrier={'traceparent': '00-62f78735cadbb19b1ee50ffbd38f0b82-853361c0e1c2cb4a-01'} task=<Task(PythonOperator): print_interval> bundle_instance=LocalDagBundle(name=dags-folder) max_tries=0 start_date=datetime.datetime(2026, 5, 5, 12, 25, 29, 999369, tzinfo=datetime.timezone.utc) end_date=None state=<TaskInstanceState.RUNNING: 'running'> is_mapped=False rendered_map_index=None sentry_integration=''","logger":"task.stdout"}
{"timestamp":"2026-05-05T12:25:31.328351Z","level":"info","event":"outlet_events: OutletEventAccessors(_dict={})","logger":"task.stdout"}
{"timestamp":"2026-05-05T12:25:31.328880Z","level":"info","event":"inlet_events: InletEventsAccessors(_inlets=[], _assets={}, _asset_aliases={})","logger":"task.stdout"}
{"timestamp":"2026-05-05T12:25:31.329310Z","level":"info","event":"macros: <MacrosAccessor (dynamic access to macros)>","logger":"task.stdout"}
{"timestamp":"2026-05-05T12:25:31.329705Z","level":"info","event":"params: {}","logger":"task.stdout"}
{"timestamp":"2026-05-05T12:25:31.330070Z","level":"info","event":"var: {'json': <VariableAccessor (dynamic access)>, 'value': <VariableAccessor (dynamic access)>}","logger":"task.stdout"}
{"timestamp":"2026-05-05T12:25:31.330452Z","level":"info","event":"conn: <ConnectionAccessor (dynamic access)>","logger":"task.stdout"}
{"timestamp":"2026-05-05T12:25:31.330919Z","level":"info","event":"dag_run: dag_id='print_interval_dag' run_id='scheduled__2025-05-07T06:00:00+00:00' logical_date=datetime.datetime(2025, 5, 7, 6, 0, tzinfo=datetime.timezone.utc) data_interval_start=datetime.datetime(2025, 5, 7, 6, 0, tzinfo=datetime.timezone.utc) data_interval_end=datetime.datetime(2025, 5, 7, 6, 0, tzinfo=datetime.timezone.utc) run_after=datetime.datetime(2025, 5, 7, 6, 0, tzinfo=datetime.timezone.utc) start_date=datetime.datetime(2026, 5, 5, 12, 25, 29, 569983, tzinfo=datetime.timezone.utc) end_date=None clear_number=0 run_type=<DagRunType.SCHEDULED: 'scheduled'> state=<DagRunState.RUNNING: 'running'> conf={} triggering_user_name=None consumed_asset_events=[] partition_key=None note=None","logger":"task.stdout"}
{"timestamp":"2026-05-05T12:25:31.331297Z","level":"info","event":"triggering_asset_events: TriggeringAssetEventAccessor(_events=defaultdict(<class 'list'>, {}))","logger":"task.stdout"}
{"timestamp":"2026-05-05T12:25:31.331795Z","level":"info","event":"task_instance_key_str: print_interval_dag__print_interval__20250507","logger":"task.stdout"}
{"timestamp":"2026-05-05T12:25:31.333904Z","level":"info","event":"task_reschedule_count: 0","logger":"task.stdout"}
{"timestamp":"2026-05-05T12:25:31.362903Z","level":"info","event":"prev_start_date_success: 2026-05-05 12:25:29.127221+00:00","logger":"task.stdout"}
{"timestamp":"2026-05-05T12:25:31.364392Z","level":"info","event":"prev_end_date_success: 2026-05-05 12:25:31.249225+00:00","logger":"task.stdout"}
{"timestamp":"2026-05-05T12:25:31.364994Z","level":"info","event":"logical_date: 2025-05-07 06:00:00+00:00","logger":"task.stdout"}
{"timestamp":"2026-05-05T12:25:31.365494Z","level":"info","event":"ds: 2025-05-07","logger":"task.stdout"}
{"timestamp":"2026-05-05T12:25:31.366547Z","level":"info","event":"ds_nodash: 20250507","logger":"task.stdout"}
{"timestamp":"2026-05-05T12:25:31.368873Z","level":"info","event":"ts: 2025-05-07T06:00:00+00:00","logger":"task.stdout"}
{"timestamp":"2026-05-05T12:25:31.369398Z","level":"info","event":"ts_nodash: 20250507T060000","logger":"task.stdout"}
{"timestamp":"2026-05-05T12:25:31.369963Z","level":"info","event":"ts_nodash_with_tz: 20250507T060000+0000","logger":"task.stdout"}
{"timestamp":"2026-05-05T12:25:31.372855Z","level":"info","event":"data_interval_end: 2025-05-07 06:00:00+00:00","logger":"task.stdout"}
{"timestamp":"2026-05-05T12:25:31.373358Z","level":"info","event":"data_interval_start: 2025-05-07 06:00:00+00:00","logger":"task.stdout"}
{"timestamp":"2026-05-05T12:25:31.373858Z","level":"info","event":"prev_data_interval_start_success: 2025-05-07 03:00:00+00:00","logger":"task.stdout"}
{"timestamp":"2026-05-05T12:25:31.374254Z","level":"info","event":"prev_data_interval_end_success: 2025-05-07 03:00:00+00:00","logger":"task.stdout"}
{"timestamp":"2026-05-05T12:25:31.374836Z","level":"info","event":"templates_dict: None","logger":"task.stdout"}
{"timestamp":"2026-05-05T12:25:31.360624Z","level":"info","event":"Done. Returned value was: None","logger":"airflow.task.operators.airflow.providers.standard.operators.python.PythonOperator","filename":"python.py","lineno":229}
{"timestamp":"2026-05-05T12:25:31.439461Z","level":"info","event":"Task instance in success state","logger":"task.stdout"}
{"timestamp":"2026-05-05T12:25:31.441086Z","level":"info","event":" Previous state of the Task instance: TaskInstanceState.RUNNING","logger":"task.stdout"}
{"timestamp":"2026-05-05T12:25:31.442149Z","level":"info","event":"Task operator:<Task(PythonOperator): print_interval>","logger":"task.stdout"}
