{"timestamp":"2026-05-05T10:30:07.426925Z","level":"info","event":"DAG bundles loaded: dags-folder, example_dags","logger":"airflow.dag_processing.bundles.manager.DagBundlesManager","filename":"manager.py","lineno":209}
{"timestamp":"2026-05-05T10:30:07.428590Z","level":"info","event":"Filling up the DagBag from /opt/airflow/dags/print_interval_dag.py","logger":"airflow.dag_processing.dagbag.BundleDagBag","filename":"dagbag.py","lineno":469}
{"timestamp":"2026-05-05T10:30:07.439520Z","level":"warning","event":"The `airflow.operators.python.PythonOperator` attribute is deprecated. Please use `'airflow.providers.standard.operators.python.PythonOperator'`.","category":"UserWarning","filename":"/opt/airflow/dags/print_interval_dag.py","lineno":2,"logger":"py.warnings"}
{"timestamp":"2026-05-05T10:30:07.489237Z","level":"info","event":"Task instance is in running state","logger":"task.stdout"}
{"timestamp":"2026-05-05T10:30:07.489961Z","level":"info","event":" Previous state of the Task instance: TaskInstanceState.QUEUED","logger":"task.stdout"}
{"timestamp":"2026-05-05T10:30:07.490846Z","level":"info","event":"Current task name:print_interval","logger":"task.stdout"}
{"timestamp":"2026-05-05T10:30:07.491352Z","level":"info","event":"Dag name:print_interval_dag","logger":"task.stdout"}
{"timestamp":"2026-05-05T10:30:07.494529Z","level":"info","event":"Interval Start: 2025-05-14 00:00:00+00:00","logger":"task.stdout"}
{"timestamp":"2026-05-05T10:30:07.495091Z","level":"info","event":"Interval End:   2025-05-14 00:00:00+00:00","logger":"task.stdout"}
{"timestamp":"2026-05-05T10:30:07.494600Z","level":"info","event":"Done. Returned value was: None","logger":"airflow.task.operators.airflow.providers.standard.operators.python.PythonOperator","filename":"python.py","lineno":229}
{"timestamp":"2026-05-05T10:30:07.614767Z","level":"info","event":"Task instance in success state","logger":"task.stdout"}
{"timestamp":"2026-05-05T10:30:07.615323Z","level":"info","event":" Previous state of the Task instance: TaskInstanceState.RUNNING","logger":"task.stdout"}
{"timestamp":"2026-05-05T10:30:07.615964Z","level":"info","event":"Task operator:<Task(PythonOperator): print_interval>","logger":"task.stdout"}
{"timestamp":"2026-05-05T12:26:00.064704Z","level":"info","event":"DAG bundles loaded: dags-folder, example_dags","logger":"airflow.dag_processing.bundles.manager.DagBundlesManager","filename":"manager.py","lineno":209}
{"timestamp":"2026-05-05T12:26:00.069452Z","level":"info","event":"Filling up the DagBag from /opt/airflow/dags/print_interval_dag.py","logger":"airflow.dag_processing.dagbag.BundleDagBag","filename":"dagbag.py","lineno":469}
{"timestamp":"2026-05-05T12:26:00.289030Z","level":"info","event":"Task instance is in running state","logger":"task.stdout"}
{"timestamp":"2026-05-05T12:26:00.290523Z","level":"info","event":" Previous state of the Task instance: TaskInstanceState.QUEUED","logger":"task.stdout"}
{"timestamp":"2026-05-05T12:26:00.291241Z","level":"info","event":"Current task name:print_interval","logger":"task.stdout"}
{"timestamp":"2026-05-05T12:26:00.292461Z","level":"info","event":"Dag name:print_interval_dag","logger":"task.stdout"}
{"timestamp":"2026-05-05T12:26:00.306149Z","level":"info","event":"=== ALL AVAILABLE MACROS ===","logger":"task.stdout"}
{"timestamp":"2026-05-05T12:26:00.306806Z","level":"info","event":"dag: <DAG: print_interval_dag>","logger":"task.stdout"}
{"timestamp":"2026-05-05T12:26:00.308218Z","level":"info","event":"inlets: []","logger":"task.stdout"}
{"timestamp":"2026-05-05T12:26:00.309921Z","level":"info","event":"map_index_template: None","logger":"task.stdout"}
{"timestamp":"2026-05-05T12:26:00.310597Z","level":"info","event":"outlets: []","logger":"task.stdout"}
{"timestamp":"2026-05-05T12:26:00.311163Z","level":"info","event":"run_id: scheduled__2025-05-14T00:00:00+00:00","logger":"task.stdout"}
{"timestamp":"2026-05-05T12:26:00.311585Z","level":"info","event":"task: <Task(PythonOperator): print_interval>","logger":"task.stdout"}
{"timestamp":"2026-05-05T12:26:00.311993Z","level":"info","event":"task_instance: id=UUID('019df81a-2da4-75d7-bc7f-26f5995ce344') task_id='print_interval' dag_id='print_interval_dag' run_id='scheduled__2025-05-14T00:00:00+00:00' try_number=1 dag_version_id=UUID('019df815-a045-750b-bac8-47ced7cc6a45') map_index=-1 hostname='86abe326db93' context_carrier={'traceparent': '00-c190c4d612a0bcd873a82f9d3c57320a-94b30f868fcc41da-01'} task=<Task(PythonOperator): print_interval> bundle_instance=LocalDagBundle(name=dags-folder) max_tries=0 start_date=datetime.datetime(2026, 5, 5, 12, 25, 58, 836529, tzinfo=datetime.timezone.utc) end_date=None state=<TaskInstanceState.RUNNING: 'running'> is_mapped=False rendered_map_index=None sentry_integration=''","logger":"task.stdout"}
{"timestamp":"2026-05-05T12:26:00.312981Z","level":"info","event":"ti: id=UUID('019df81a-2da4-75d7-bc7f-26f5995ce344') task_id='print_interval' dag_id='print_interval_dag' run_id='scheduled__2025-05-14T00:00:00+00:00' try_number=1 dag_version_id=UUID('019df815-a045-750b-bac8-47ced7cc6a45') map_index=-1 hostname='86abe326db93' context_carrier={'traceparent': '00-c190c4d612a0bcd873a82f9d3c57320a-94b30f868fcc41da-01'} task=<Task(PythonOperator): print_interval> bundle_instance=LocalDagBundle(name=dags-folder) max_tries=0 start_date=datetime.datetime(2026, 5, 5, 12, 25, 58, 836529, tzinfo=datetime.timezone.utc) end_date=None state=<TaskInstanceState.RUNNING: 'running'> is_mapped=False rendered_map_index=None sentry_integration=''","logger":"task.stdout"}
{"timestamp":"2026-05-05T12:26:00.313502Z","level":"info","event":"outlet_events: OutletEventAccessors(_dict={})","logger":"task.stdout"}
{"timestamp":"2026-05-05T12:26:00.314076Z","level":"info","event":"inlet_events: InletEventsAccessors(_inlets=[], _assets={}, _asset_aliases={})","logger":"task.stdout"}
{"timestamp":"2026-05-05T12:26:00.314889Z","level":"info","event":"macros: <MacrosAccessor (dynamic access to macros)>","logger":"task.stdout"}
{"timestamp":"2026-05-05T12:26:00.316529Z","level":"info","event":"params: {}","logger":"task.stdout"}
{"timestamp":"2026-05-05T12:26:00.317922Z","level":"info","event":"var: {'json': <VariableAccessor (dynamic access)>, 'value': <VariableAccessor (dynamic access)>}","logger":"task.stdout"}
{"timestamp":"2026-05-05T12:26:00.320579Z","level":"info","event":"conn: <ConnectionAccessor (dynamic access)>","logger":"task.stdout"}
{"timestamp":"2026-05-05T12:26:00.321458Z","level":"info","event":"dag_run: dag_id='print_interval_dag' run_id='scheduled__2025-05-14T00:00:00+00:00' logical_date=datetime.datetime(2025, 5, 14, 0, 0, tzinfo=datetime.timezone.utc) data_interval_start=datetime.datetime(2025, 5, 14, 0, 0, tzinfo=datetime.timezone.utc) data_interval_end=datetime.datetime(2025, 5, 14, 0, 0, tzinfo=datetime.timezone.utc) run_after=datetime.datetime(2025, 5, 14, 0, 0, tzinfo=datetime.timezone.utc) start_date=datetime.datetime(2026, 5, 5, 12, 25, 58, 461373, tzinfo=datetime.timezone.utc) end_date=None clear_number=0 run_type=<DagRunType.SCHEDULED: 'scheduled'> state=<DagRunState.RUNNING: 'running'> conf={} triggering_user_name=None consumed_asset_events=[] partition_key=None note=None","logger":"task.stdout"}
{"timestamp":"2026-05-05T12:26:00.322008Z","level":"info","event":"triggering_asset_events: TriggeringAssetEventAccessor(_events=defaultdict(<class 'list'>, {}))","logger":"task.stdout"}
{"timestamp":"2026-05-05T12:26:00.322657Z","level":"info","event":"task_instance_key_str: print_interval_dag__print_interval__20250514","logger":"task.stdout"}
{"timestamp":"2026-05-05T12:26:00.323289Z","level":"info","event":"task_reschedule_count: 0","logger":"task.stdout"}
{"timestamp":"2026-05-05T12:26:00.364422Z","level":"info","event":"prev_start_date_success: 2026-05-05 12:25:57.895678+00:00","logger":"task.stdout"}
{"timestamp":"2026-05-05T12:26:00.365034Z","level":"info","event":"prev_end_date_success: 2026-05-05 12:26:00.174043+00:00","logger":"task.stdout"}
{"timestamp":"2026-05-05T12:26:00.366649Z","level":"info","event":"logical_date: 2025-05-14 00:00:00+00:00","logger":"task.stdout"}
{"timestamp":"2026-05-05T12:26:00.367516Z","level":"info","event":"ds: 2025-05-14","logger":"task.stdout"}
{"timestamp":"2026-05-05T12:26:00.368498Z","level":"info","event":"ds_nodash: 20250514","logger":"task.stdout"}
{"timestamp":"2026-05-05T12:26:00.369440Z","level":"info","event":"ts: 2025-05-14T00:00:00+00:00","logger":"task.stdout"}
{"timestamp":"2026-05-05T12:26:00.370100Z","level":"info","event":"ts_nodash: 20250514T000000","logger":"task.stdout"}
{"timestamp":"2026-05-05T12:26:00.370733Z","level":"info","event":"ts_nodash_with_tz: 20250514T000000+0000","logger":"task.stdout"}
{"timestamp":"2026-05-05T12:26:00.372035Z","level":"info","event":"data_interval_end: 2025-05-14 00:00:00+00:00","logger":"task.stdout"}
{"timestamp":"2026-05-05T12:26:00.372908Z","level":"info","event":"data_interval_start: 2025-05-14 00:00:00+00:00","logger":"task.stdout"}
{"timestamp":"2026-05-05T12:26:00.373433Z","level":"info","event":"prev_data_interval_start_success: 2025-05-13 21:00:00+00:00","logger":"task.stdout"}
{"timestamp":"2026-05-05T12:26:00.373946Z","level":"info","event":"prev_data_interval_end_success: 2025-05-13 21:00:00+00:00","logger":"task.stdout"}
{"timestamp":"2026-05-05T12:26:00.374573Z","level":"info","event":"templates_dict: None","logger":"task.stdout"}
{"timestamp":"2026-05-05T12:26:00.362750Z","level":"info","event":"Done. Returned value was: None","logger":"airflow.task.operators.airflow.providers.standard.operators.python.PythonOperator","filename":"python.py","lineno":229}
{"timestamp":"2026-05-05T12:26:00.452003Z","level":"info","event":"Task instance in success state","logger":"task.stdout"}
{"timestamp":"2026-05-05T12:26:00.452788Z","level":"info","event":" Previous state of the Task instance: TaskInstanceState.RUNNING","logger":"task.stdout"}
{"timestamp":"2026-05-05T12:26:00.454974Z","level":"info","event":"Task operator:<Task(PythonOperator): print_interval>","logger":"task.stdout"}
