{"timestamp":"2026-05-05T10:31:13.393574Z","level":"info","event":"DAG bundles loaded: dags-folder, example_dags","logger":"airflow.dag_processing.bundles.manager.DagBundlesManager","filename":"manager.py","lineno":209}
{"timestamp":"2026-05-05T10:31:13.395529Z","level":"info","event":"Filling up the DagBag from /opt/airflow/dags/print_interval_dag.py","logger":"airflow.dag_processing.dagbag.BundleDagBag","filename":"dagbag.py","lineno":469}
{"timestamp":"2026-05-05T10:31:13.407113Z","level":"warning","event":"The `airflow.operators.python.PythonOperator` attribute is deprecated. Please use `'airflow.providers.standard.operators.python.PythonOperator'`.","category":"UserWarning","filename":"/opt/airflow/dags/print_interval_dag.py","lineno":2,"logger":"py.warnings"}
{"timestamp":"2026-05-05T10:31:13.461516Z","level":"info","event":"Task instance is in running state","logger":"task.stdout"}
{"timestamp":"2026-05-05T10:31:13.462119Z","level":"info","event":" Previous state of the Task instance: TaskInstanceState.QUEUED","logger":"task.stdout"}
{"timestamp":"2026-05-05T10:31:13.462676Z","level":"info","event":"Current task name:print_interval","logger":"task.stdout"}
{"timestamp":"2026-05-05T10:31:13.463476Z","level":"info","event":"Dag name:print_interval_dag","logger":"task.stdout"}
{"timestamp":"2026-05-05T10:31:13.468354Z","level":"info","event":"Interval Start: 2025-05-31 03:00:00+00:00","logger":"task.stdout"}
{"timestamp":"2026-05-05T10:31:13.468879Z","level":"info","event":"Interval End:   2025-05-31 03:00:00+00:00","logger":"task.stdout"}
{"timestamp":"2026-05-05T10:31:13.466300Z","level":"info","event":"Done. Returned value was: None","logger":"airflow.task.operators.airflow.providers.standard.operators.python.PythonOperator","filename":"python.py","lineno":229}
{"timestamp":"2026-05-05T10:31:13.516457Z","level":"info","event":"Task instance in success state","logger":"task.stdout"}
{"timestamp":"2026-05-05T10:31:13.522525Z","level":"info","event":" Previous state of the Task instance: TaskInstanceState.RUNNING","logger":"task.stdout"}
{"timestamp":"2026-05-05T10:31:13.523443Z","level":"info","event":"Task operator:<Task(PythonOperator): print_interval>","logger":"task.stdout"}
{"timestamp":"2026-05-05T12:27:11.318993Z","level":"info","event":"DAG bundles loaded: dags-folder, example_dags","logger":"airflow.dag_processing.bundles.manager.DagBundlesManager","filename":"manager.py","lineno":209}
{"timestamp":"2026-05-05T12:27:11.320557Z","level":"info","event":"Filling up the DagBag from /opt/airflow/dags/print_interval_dag.py","logger":"airflow.dag_processing.dagbag.BundleDagBag","filename":"dagbag.py","lineno":469}
{"timestamp":"2026-05-05T12:27:11.398251Z","level":"info","event":"Task instance is in running state","logger":"task.stdout"}
{"timestamp":"2026-05-05T12:27:11.402330Z","level":"info","event":" Previous state of the Task instance: TaskInstanceState.QUEUED","logger":"task.stdout"}
{"timestamp":"2026-05-05T12:27:11.403060Z","level":"info","event":"Current task name:print_interval","logger":"task.stdout"}
{"timestamp":"2026-05-05T12:27:11.403707Z","level":"info","event":"Dag name:print_interval_dag","logger":"task.stdout"}
{"timestamp":"2026-05-05T12:27:11.405837Z","level":"info","event":"=== ALL AVAILABLE MACROS ===","logger":"task.stdout"}
{"timestamp":"2026-05-05T12:27:11.406473Z","level":"info","event":"dag: <DAG: print_interval_dag>","logger":"task.stdout"}
{"timestamp":"2026-05-05T12:27:11.407216Z","level":"info","event":"inlets: []","logger":"task.stdout"}
{"timestamp":"2026-05-05T12:27:11.407786Z","level":"info","event":"map_index_template: None","logger":"task.stdout"}
{"timestamp":"2026-05-05T12:27:11.408232Z","level":"info","event":"outlets: []","logger":"task.stdout"}
{"timestamp":"2026-05-05T12:27:11.409392Z","level":"info","event":"run_id: scheduled__2025-05-31T03:00:00+00:00","logger":"task.stdout"}
{"timestamp":"2026-05-05T12:27:11.410004Z","level":"info","event":"task: <Task(PythonOperator): print_interval>","logger":"task.stdout"}
{"timestamp":"2026-05-05T12:27:11.410623Z","level":"info","event":"task_instance: id=UUID('019df81b-43ef-74c3-b0cf-ec99cd7f8e70') task_id='print_interval' dag_id='print_interval_dag' run_id='scheduled__2025-05-31T03:00:00+00:00' try_number=1 dag_version_id=UUID('019df815-a045-750b-bac8-47ced7cc6a45') map_index=-1 hostname='86abe326db93' context_carrier={'traceparent': '00-d1ff5e003d017179730927c961f2d02d-473a6a42cf2c6017-01'} task=<Task(PythonOperator): print_interval> bundle_instance=LocalDagBundle(name=dags-folder) max_tries=0 start_date=datetime.datetime(2026, 5, 5, 12, 27, 10, 92387, tzinfo=datetime.timezone.utc) end_date=None state=<TaskInstanceState.RUNNING: 'running'> is_mapped=False rendered_map_index=None sentry_integration=''","logger":"task.stdout"}
{"timestamp":"2026-05-05T12:27:11.415178Z","level":"info","event":"ti: id=UUID('019df81b-43ef-74c3-b0cf-ec99cd7f8e70') task_id='print_interval' dag_id='print_interval_dag' run_id='scheduled__2025-05-31T03:00:00+00:00' try_number=1 dag_version_id=UUID('019df815-a045-750b-bac8-47ced7cc6a45') map_index=-1 hostname='86abe326db93' context_carrier={'traceparent': '00-d1ff5e003d017179730927c961f2d02d-473a6a42cf2c6017-01'} task=<Task(PythonOperator): print_interval> bundle_instance=LocalDagBundle(name=dags-folder) max_tries=0 start_date=datetime.datetime(2026, 5, 5, 12, 27, 10, 92387, tzinfo=datetime.timezone.utc) end_date=None state=<TaskInstanceState.RUNNING: 'running'> is_mapped=False rendered_map_index=None sentry_integration=''","logger":"task.stdout"}
{"timestamp":"2026-05-05T12:27:11.416060Z","level":"info","event":"outlet_events: OutletEventAccessors(_dict={})","logger":"task.stdout"}
{"timestamp":"2026-05-05T12:27:11.418905Z","level":"info","event":"inlet_events: InletEventsAccessors(_inlets=[], _assets={}, _asset_aliases={})","logger":"task.stdout"}
{"timestamp":"2026-05-05T12:27:11.420127Z","level":"info","event":"macros: <MacrosAccessor (dynamic access to macros)>","logger":"task.stdout"}
{"timestamp":"2026-05-05T12:27:11.420837Z","level":"info","event":"params: {}","logger":"task.stdout"}
{"timestamp":"2026-05-05T12:27:11.422012Z","level":"info","event":"var: {'json': <VariableAccessor (dynamic access)>, 'value': <VariableAccessor (dynamic access)>}","logger":"task.stdout"}
{"timestamp":"2026-05-05T12:27:11.422498Z","level":"info","event":"conn: <ConnectionAccessor (dynamic access)>","logger":"task.stdout"}
{"timestamp":"2026-05-05T12:27:11.423182Z","level":"info","event":"dag_run: dag_id='print_interval_dag' run_id='scheduled__2025-05-31T03:00:00+00:00' logical_date=datetime.datetime(2025, 5, 31, 3, 0, tzinfo=datetime.timezone.utc) data_interval_start=datetime.datetime(2025, 5, 31, 3, 0, tzinfo=datetime.timezone.utc) data_interval_end=datetime.datetime(2025, 5, 31, 3, 0, tzinfo=datetime.timezone.utc) run_after=datetime.datetime(2025, 5, 31, 3, 0, tzinfo=datetime.timezone.utc) start_date=datetime.datetime(2026, 5, 5, 12, 27, 9, 711617, tzinfo=datetime.timezone.utc) end_date=None clear_number=0 run_type=<DagRunType.SCHEDULED: 'scheduled'> state=<DagRunState.RUNNING: 'running'> conf={} triggering_user_name=None consumed_asset_events=[] partition_key=None note=None","logger":"task.stdout"}
{"timestamp":"2026-05-05T12:27:11.423753Z","level":"info","event":"triggering_asset_events: TriggeringAssetEventAccessor(_events=defaultdict(<class 'list'>, {}))","logger":"task.stdout"}
{"timestamp":"2026-05-05T12:27:11.424214Z","level":"info","event":"task_instance_key_str: print_interval_dag__print_interval__20250531","logger":"task.stdout"}
{"timestamp":"2026-05-05T12:27:11.424614Z","level":"info","event":"task_reschedule_count: 0","logger":"task.stdout"}
{"timestamp":"2026-05-05T12:27:11.470365Z","level":"info","event":"prev_start_date_success: 2026-05-05 12:27:09.323352+00:00","logger":"task.stdout"}
{"timestamp":"2026-05-05T12:27:11.471789Z","level":"info","event":"prev_end_date_success: 2026-05-05 12:27:11.338566+00:00","logger":"task.stdout"}
{"timestamp":"2026-05-05T12:27:11.472418Z","level":"info","event":"logical_date: 2025-05-31 03:00:00+00:00","logger":"task.stdout"}
{"timestamp":"2026-05-05T12:27:11.473823Z","level":"info","event":"ds: 2025-05-31","logger":"task.stdout"}
{"timestamp":"2026-05-05T12:27:11.475595Z","level":"info","event":"ds_nodash: 20250531","logger":"task.stdout"}
{"timestamp":"2026-05-05T12:27:11.476053Z","level":"info","event":"ts: 2025-05-31T03:00:00+00:00","logger":"task.stdout"}
{"timestamp":"2026-05-05T12:27:11.478128Z","level":"info","event":"ts_nodash: 20250531T030000","logger":"task.stdout"}
{"timestamp":"2026-05-05T12:27:11.480561Z","level":"info","event":"ts_nodash_with_tz: 20250531T030000+0000","logger":"task.stdout"}
{"timestamp":"2026-05-05T12:27:11.481044Z","level":"info","event":"data_interval_end: 2025-05-31 03:00:00+00:00","logger":"task.stdout"}
{"timestamp":"2026-05-05T12:27:11.485334Z","level":"info","event":"data_interval_start: 2025-05-31 03:00:00+00:00","logger":"task.stdout"}
{"timestamp":"2026-05-05T12:27:11.485928Z","level":"info","event":"prev_data_interval_start_success: 2025-05-31 00:00:00+00:00","logger":"task.stdout"}
{"timestamp":"2026-05-05T12:27:11.486349Z","level":"info","event":"prev_data_interval_end_success: 2025-05-31 00:00:00+00:00","logger":"task.stdout"}
{"timestamp":"2026-05-05T12:27:11.486843Z","level":"info","event":"templates_dict: None","logger":"task.stdout"}
{"timestamp":"2026-05-05T12:27:11.469811Z","level":"info","event":"Done. Returned value was: None","logger":"airflow.task.operators.airflow.providers.standard.operators.python.PythonOperator","filename":"python.py","lineno":229}
{"timestamp":"2026-05-05T12:27:11.548995Z","level":"info","event":"Task instance in success state","logger":"task.stdout"}
{"timestamp":"2026-05-05T12:27:11.549812Z","level":"info","event":" Previous state of the Task instance: TaskInstanceState.RUNNING","logger":"task.stdout"}
{"timestamp":"2026-05-05T12:27:11.552349Z","level":"info","event":"Task operator:<Task(PythonOperator): print_interval>","logger":"task.stdout"}
