{"timestamp":"2026-05-05T10:31:23.638787Z","level":"info","event":"DAG bundles loaded: dags-folder, example_dags","logger":"airflow.dag_processing.bundles.manager.DagBundlesManager","filename":"manager.py","lineno":209}
{"timestamp":"2026-05-05T10:31:23.640411Z","level":"info","event":"Filling up the DagBag from /opt/airflow/dags/print_interval_dag.py","logger":"airflow.dag_processing.dagbag.BundleDagBag","filename":"dagbag.py","lineno":469}
{"timestamp":"2026-05-05T10:31:23.653364Z","level":"warning","event":"The `airflow.operators.python.PythonOperator` attribute is deprecated. Please use `'airflow.providers.standard.operators.python.PythonOperator'`.","category":"UserWarning","filename":"/opt/airflow/dags/print_interval_dag.py","lineno":2,"logger":"py.warnings"}
{"timestamp":"2026-05-05T10:31:23.756767Z","level":"info","event":"Task instance is in running state","logger":"task.stdout"}
{"timestamp":"2026-05-05T10:31:23.757382Z","level":"info","event":" Previous state of the Task instance: TaskInstanceState.QUEUED","logger":"task.stdout"}
{"timestamp":"2026-05-05T10:31:23.759797Z","level":"info","event":"Current task name:print_interval","logger":"task.stdout"}
{"timestamp":"2026-05-05T10:31:23.764483Z","level":"info","event":"Dag name:print_interval_dag","logger":"task.stdout"}
{"timestamp":"2026-05-05T10:31:23.766865Z","level":"info","event":"Interval Start: 2025-06-02 18:00:00+00:00","logger":"task.stdout"}
{"timestamp":"2026-05-05T10:31:23.770915Z","level":"info","event":"Interval End:   2025-06-02 18:00:00+00:00","logger":"task.stdout"}
{"timestamp":"2026-05-05T10:31:23.765398Z","level":"info","event":"Done. Returned value was: None","logger":"airflow.task.operators.airflow.providers.standard.operators.python.PythonOperator","filename":"python.py","lineno":229}
{"timestamp":"2026-05-05T10:31:23.833869Z","level":"info","event":"Task instance in success state","logger":"task.stdout"}
{"timestamp":"2026-05-05T10:31:23.834618Z","level":"info","event":" Previous state of the Task instance: TaskInstanceState.RUNNING","logger":"task.stdout"}
{"timestamp":"2026-05-05T10:31:23.835338Z","level":"info","event":"Task operator:<Task(PythonOperator): print_interval>","logger":"task.stdout"}
{"timestamp":"2026-05-05T12:27:22.032198Z","level":"info","event":"DAG bundles loaded: dags-folder, example_dags","logger":"airflow.dag_processing.bundles.manager.DagBundlesManager","filename":"manager.py","lineno":209}
{"timestamp":"2026-05-05T12:27:22.035399Z","level":"info","event":"Filling up the DagBag from /opt/airflow/dags/print_interval_dag.py","logger":"airflow.dag_processing.dagbag.BundleDagBag","filename":"dagbag.py","lineno":469}
{"timestamp":"2026-05-05T12:27:22.094083Z","level":"info","event":"Task instance is in running state","logger":"task.stdout"}
{"timestamp":"2026-05-05T12:27:22.094669Z","level":"info","event":" Previous state of the Task instance: TaskInstanceState.QUEUED","logger":"task.stdout"}
{"timestamp":"2026-05-05T12:27:22.097402Z","level":"info","event":"Current task name:print_interval","logger":"task.stdout"}
{"timestamp":"2026-05-05T12:27:22.097875Z","level":"info","event":"Dag name:print_interval_dag","logger":"task.stdout"}
{"timestamp":"2026-05-05T12:27:22.098886Z","level":"info","event":"=== ALL AVAILABLE MACROS ===","logger":"task.stdout"}
{"timestamp":"2026-05-05T12:27:22.099328Z","level":"info","event":"dag: <DAG: print_interval_dag>","logger":"task.stdout"}
{"timestamp":"2026-05-05T12:27:22.099933Z","level":"info","event":"inlets: []","logger":"task.stdout"}
{"timestamp":"2026-05-05T12:27:22.100730Z","level":"info","event":"map_index_template: None","logger":"task.stdout"}
{"timestamp":"2026-05-05T12:27:22.101415Z","level":"info","event":"outlets: []","logger":"task.stdout"}
{"timestamp":"2026-05-05T12:27:22.101924Z","level":"info","event":"run_id: scheduled__2025-06-02T18:00:00+00:00","logger":"task.stdout"}
{"timestamp":"2026-05-05T12:27:22.102343Z","level":"info","event":"task: <Task(PythonOperator): print_interval>","logger":"task.stdout"}
{"timestamp":"2026-05-05T12:27:22.102963Z","level":"info","event":"task_instance: id=UUID('019df81b-6f6b-706e-b071-8e1ce528f4ee') task_id='print_interval' dag_id='print_interval_dag' run_id='scheduled__2025-06-02T18:00:00+00:00' try_number=1 dag_version_id=UUID('019df815-a045-750b-bac8-47ced7cc6a45') map_index=-1 hostname='86abe326db93' context_carrier={'traceparent': '00-501faa768857836f2e35976f60b3d238-900483c52afdc26f-01'} task=<Task(PythonOperator): print_interval> bundle_instance=LocalDagBundle(name=dags-folder) max_tries=0 start_date=datetime.datetime(2026, 5, 5, 12, 27, 21, 173130, tzinfo=datetime.timezone.utc) end_date=None state=<TaskInstanceState.RUNNING: 'running'> is_mapped=False rendered_map_index=None sentry_integration=''","logger":"task.stdout"}
{"timestamp":"2026-05-05T12:27:22.103673Z","level":"info","event":"ti: id=UUID('019df81b-6f6b-706e-b071-8e1ce528f4ee') task_id='print_interval' dag_id='print_interval_dag' run_id='scheduled__2025-06-02T18:00:00+00:00' try_number=1 dag_version_id=UUID('019df815-a045-750b-bac8-47ced7cc6a45') map_index=-1 hostname='86abe326db93' context_carrier={'traceparent': '00-501faa768857836f2e35976f60b3d238-900483c52afdc26f-01'} task=<Task(PythonOperator): print_interval> bundle_instance=LocalDagBundle(name=dags-folder) max_tries=0 start_date=datetime.datetime(2026, 5, 5, 12, 27, 21, 173130, tzinfo=datetime.timezone.utc) end_date=None state=<TaskInstanceState.RUNNING: 'running'> is_mapped=False rendered_map_index=None sentry_integration=''","logger":"task.stdout"}
{"timestamp":"2026-05-05T12:27:22.104166Z","level":"info","event":"outlet_events: OutletEventAccessors(_dict={})","logger":"task.stdout"}
{"timestamp":"2026-05-05T12:27:22.104555Z","level":"info","event":"inlet_events: InletEventsAccessors(_inlets=[], _assets={}, _asset_aliases={})","logger":"task.stdout"}
{"timestamp":"2026-05-05T12:27:22.105105Z","level":"info","event":"macros: <MacrosAccessor (dynamic access to macros)>","logger":"task.stdout"}
{"timestamp":"2026-05-05T12:27:22.105488Z","level":"info","event":"params: {}","logger":"task.stdout"}
{"timestamp":"2026-05-05T12:27:22.105994Z","level":"info","event":"var: {'json': <VariableAccessor (dynamic access)>, 'value': <VariableAccessor (dynamic access)>}","logger":"task.stdout"}
{"timestamp":"2026-05-05T12:27:22.106461Z","level":"info","event":"conn: <ConnectionAccessor (dynamic access)>","logger":"task.stdout"}
{"timestamp":"2026-05-05T12:27:22.106829Z","level":"info","event":"dag_run: dag_id='print_interval_dag' run_id='scheduled__2025-06-02T18:00:00+00:00' logical_date=datetime.datetime(2025, 6, 2, 18, 0, tzinfo=datetime.timezone.utc) data_interval_start=datetime.datetime(2025, 6, 2, 18, 0, tzinfo=datetime.timezone.utc) data_interval_end=datetime.datetime(2025, 6, 2, 18, 0, tzinfo=datetime.timezone.utc) run_after=datetime.datetime(2025, 6, 2, 18, 0, tzinfo=datetime.timezone.utc) start_date=datetime.datetime(2026, 5, 5, 12, 27, 20, 840553, tzinfo=datetime.timezone.utc) end_date=None clear_number=0 run_type=<DagRunType.SCHEDULED: 'scheduled'> state=<DagRunState.RUNNING: 'running'> conf={} triggering_user_name=None consumed_asset_events=[] partition_key=None note=None","logger":"task.stdout"}
{"timestamp":"2026-05-05T12:27:22.107257Z","level":"info","event":"triggering_asset_events: TriggeringAssetEventAccessor(_events=defaultdict(<class 'list'>, {}))","logger":"task.stdout"}
{"timestamp":"2026-05-05T12:27:22.107668Z","level":"info","event":"task_instance_key_str: print_interval_dag__print_interval__20250602","logger":"task.stdout"}
{"timestamp":"2026-05-05T12:27:22.108129Z","level":"info","event":"task_reschedule_count: 0","logger":"task.stdout"}
{"timestamp":"2026-05-05T12:27:22.130288Z","level":"info","event":"prev_start_date_success: 2026-05-05 12:27:19.816873+00:00","logger":"task.stdout"}
{"timestamp":"2026-05-05T12:27:22.130791Z","level":"info","event":"prev_end_date_success: 2026-05-05 12:27:21.767550+00:00","logger":"task.stdout"}
{"timestamp":"2026-05-05T12:27:22.131450Z","level":"info","event":"logical_date: 2025-06-02 18:00:00+00:00","logger":"task.stdout"}
{"timestamp":"2026-05-05T12:27:22.131874Z","level":"info","event":"ds: 2025-06-02","logger":"task.stdout"}
{"timestamp":"2026-05-05T12:27:22.132508Z","level":"info","event":"ds_nodash: 20250602","logger":"task.stdout"}
{"timestamp":"2026-05-05T12:27:22.133001Z","level":"info","event":"ts: 2025-06-02T18:00:00+00:00","logger":"task.stdout"}
{"timestamp":"2026-05-05T12:27:22.133486Z","level":"info","event":"ts_nodash: 20250602T180000","logger":"task.stdout"}
{"timestamp":"2026-05-05T12:27:22.133990Z","level":"info","event":"ts_nodash_with_tz: 20250602T180000+0000","logger":"task.stdout"}
{"timestamp":"2026-05-05T12:27:22.134546Z","level":"info","event":"data_interval_end: 2025-06-02 18:00:00+00:00","logger":"task.stdout"}
{"timestamp":"2026-05-05T12:27:22.135076Z","level":"info","event":"data_interval_start: 2025-06-02 18:00:00+00:00","logger":"task.stdout"}
{"timestamp":"2026-05-05T12:27:22.135497Z","level":"info","event":"prev_data_interval_start_success: 2025-06-02 12:00:00+00:00","logger":"task.stdout"}
{"timestamp":"2026-05-05T12:27:22.135997Z","level":"info","event":"prev_data_interval_end_success: 2025-06-02 12:00:00+00:00","logger":"task.stdout"}
{"timestamp":"2026-05-05T12:27:22.136582Z","level":"info","event":"templates_dict: None","logger":"task.stdout"}
{"timestamp":"2026-05-05T12:27:22.129380Z","level":"info","event":"Done. Returned value was: None","logger":"airflow.task.operators.airflow.providers.standard.operators.python.PythonOperator","filename":"python.py","lineno":229}
{"timestamp":"2026-05-05T12:27:22.215182Z","level":"info","event":"Task instance in success state","logger":"task.stdout"}
{"timestamp":"2026-05-05T12:27:22.217760Z","level":"info","event":" Previous state of the Task instance: TaskInstanceState.RUNNING","logger":"task.stdout"}
{"timestamp":"2026-05-05T12:27:22.218770Z","level":"info","event":"Task operator:<Task(PythonOperator): print_interval>","logger":"task.stdout"}
