{"timestamp":"2026-05-08T17:38:40.138815Z","level":"info","event":"DAG bundles loaded: dags-folder, example_dags","logger":"airflow.dag_processing.bundles.manager.DagBundlesManager","filename":"manager.py","lineno":209}
{"timestamp":"2026-05-08T17:38:40.141854Z","level":"info","event":"Filling up the DagBag from /opt/airflow/dags/csv_upsert_pipeline.py","logger":"airflow.dag_processing.dagbag.BundleDagBag","filename":"dagbag.py","lineno":469}
{"timestamp":"2026-05-08T17:38:40.158198Z","level":"warning","event":"airflow.exceptions.AirflowSkipException is deprecated and will be removed in a future version. Use airflow.sdk.exceptions.AirflowSkipException instead.","category":"UserWarning","filename":"/opt/airflow/dags/csv_upsert_pipeline.py","lineno":7,"logger":"py.warnings"}
{"timestamp":"2026-05-08T17:38:40.323138Z","level":"info","event":"Task instance is in running state","logger":"task.stdout"}
{"timestamp":"2026-05-08T17:38:40.324004Z","level":"info","event":" Previous state of the Task instance: TaskInstanceState.QUEUED","logger":"task.stdout"}
{"timestamp":"2026-05-08T17:38:40.324559Z","level":"info","event":"Current task name:process_partition","logger":"task.stdout"}
{"timestamp":"2026-05-08T17:38:40.325568Z","level":"info","event":"Dag name:csv_upsert_pipeline","logger":"task.stdout"}
{"timestamp":"2026-05-08T17:38:40.336371Z","level":"info","event":"[INFO] data_interval_start : 2026-05-06 12:00:00+00:00","logger":"task.stdout"}
{"timestamp":"2026-05-08T17:38:40.337268Z","level":"info","event":"[INFO] data_interval_end   : 2026-05-06 12:00:00+00:00","logger":"task.stdout"}
{"timestamp":"2026-05-08T17:38:40.340436Z","level":"info","event":"[INFO] Processing partition: /data/time_stamp=2026-05-06-12","logger":"task.stdout"}
{"timestamp":"2026-05-08T17:38:40.341132Z","level":"info","event":"[INFO] Sorted files: ['data_1.csv', 'data_2.csv', 'data_3.csv']","logger":"task.stdout"}
{"timestamp":"2026-05-08T17:38:40.345611Z","level":"info","event":"[INFO] Read data_1.csv  (index=1)","logger":"task.stdout"}
{"timestamp":"2026-05-08T17:38:40.374160Z","level":"info","event":"[INFO] Read data_2.csv  (index=2)","logger":"task.stdout"}
{"timestamp":"2026-05-08T17:38:40.374803Z","level":"info","event":"[INFO] Read data_3.csv  (index=3)","logger":"task.stdout"}
{"timestamp":"2026-05-08T17:38:40.375221Z","level":"info","event":"[INFO] Resolved 18 unique IDs for this run:","logger":"task.stdout"}
{"timestamp":"2026-05-08T17:38:40.389955Z","level":"info","event":"       id=1 → {'id': '1', 'name': 'Frank', 'age': '23', 'department': 'Sales', 'salary': '87093.04', 'working_hours': '25.4'}","logger":"task.stdout"}
{"timestamp":"2026-05-08T17:38:40.391508Z","level":"info","event":"       id=2 → {'id': '2', 'name': 'Ivy', 'age': '33', 'department': 'Operations', 'salary': '73587.6', 'working_hours': '38.0'}","logger":"task.stdout"}
{"timestamp":"2026-05-08T17:38:40.392024Z","level":"info","event":"       id=3 → {'id': '3', 'name': 'Eve', 'age': '40', 'department': 'HR', 'salary': '95341.21', 'working_hours': '37.2'}","logger":"task.stdout"}
{"timestamp":"2026-05-08T17:38:40.403121Z","level":"info","event":"       id=4 → {'id': '4', 'name': 'Alice', 'age': '43', 'department': 'Operations', 'salary': '65191.63', 'working_hours': '34.9'}","logger":"task.stdout"}
{"timestamp":"2026-05-08T17:38:40.404664Z","level":"info","event":"       id=5 → {'id': '5', 'name': 'Ivy', 'age': '46', 'department': 'Sales', 'salary': '105254.77', 'working_hours': '25.1'}","logger":"task.stdout"}
{"timestamp":"2026-05-08T17:38:40.405664Z","level":"info","event":"       id=6 → {'id': '6', 'name': 'Alice', 'age': '36', 'department': 'Finance', 'salary': '108597.16', 'working_hours': '34.2'}","logger":"task.stdout"}
{"timestamp":"2026-05-08T17:38:40.407753Z","level":"info","event":"       id=7 → {'id': '7', 'name': 'Charlie', 'age': '24', 'department': 'Sales', 'salary': '40717.11', 'working_hours': '54.1'}","logger":"task.stdout"}
{"timestamp":"2026-05-08T17:38:40.408816Z","level":"info","event":"       id=8 → {'id': '8', 'name': 'Grace', 'age': '49', 'department': 'Operations', 'salary': '93519.48', 'working_hours': '49.8'}","logger":"task.stdout"}
{"timestamp":"2026-05-08T17:38:40.415292Z","level":"info","event":"       id=9 → {'id': '9', 'name': 'Bob', 'age': '51', 'department': 'HR', 'salary': '52666.18', 'working_hours': '34.9'}","logger":"task.stdout"}
{"timestamp":"2026-05-08T17:38:40.420674Z","level":"info","event":"       id=10 → {'id': '10', 'name': 'Jack', 'age': '40', 'department': 'Operations', 'salary': '50202.45', 'working_hours': '56.3'}","logger":"task.stdout"}
{"timestamp":"2026-05-08T17:38:40.424972Z","level":"info","event":"       id=11 → {'id': '11', 'name': 'Ivy', 'age': '32', 'department': 'Finance', 'salary': '111876.61', 'working_hours': '48.0'}","logger":"task.stdout"}
{"timestamp":"2026-05-08T17:38:40.427381Z","level":"info","event":"       id=12 → {'id': '12', 'name': 'Grace', 'age': '34', 'department': 'Operations', 'salary': '112437.24', 'working_hours': '24.4'}","logger":"task.stdout"}
{"timestamp":"2026-05-08T17:38:40.429962Z","level":"info","event":"       id=13 → {'id': '13', 'name': 'Charlie', 'age': '41', 'department': 'Finance', 'salary': '32385.06', 'working_hours': '37.6'}","logger":"task.stdout"}
{"timestamp":"2026-05-08T17:38:40.432604Z","level":"info","event":"       id=14 → {'id': '14', 'name': 'Ivy', 'age': '25', 'department': 'HR', 'salary': '67158.19', 'working_hours': '47.9'}","logger":"task.stdout"}
{"timestamp":"2026-05-08T17:38:40.434526Z","level":"info","event":"       id=15 → {'id': '15', 'name': 'Hank', 'age': '23', 'department': 'Marketing', 'salary': '94931.78', 'working_hours': '30.8'}","logger":"task.stdout"}
{"timestamp":"2026-05-08T17:38:40.435093Z","level":"info","event":"       id=16 → {'id': '16', 'name': 'Ivy', 'age': '53', 'department': 'HR', 'salary': '85989.91', 'working_hours': '55.6'}","logger":"task.stdout"}
{"timestamp":"2026-05-08T17:38:40.435524Z","level":"info","event":"       id=17 → {'id': '17', 'name': 'Grace', 'age': '27', 'department': 'Sales', 'salary': '101105.92', 'working_hours': '35.2'}","logger":"task.stdout"}
{"timestamp":"2026-05-08T17:38:40.435985Z","level":"info","event":"       id=18 → {'id': '18', 'name': 'Eve', 'age': '59', 'department': 'Engineering', 'salary': '44289.52', 'working_hours': '49.2'}","logger":"task.stdout"}
{"timestamp":"2026-05-08T17:38:40.436683Z","level":"info","event":"[INFO] result.csv mil gayi — upsert karte hain.","logger":"task.stdout"}
{"timestamp":"2026-05-08T17:38:40.438646Z","level":"info","event":"[INFO] Existing result.csv mein 20 rows hain.","logger":"task.stdout"}
{"timestamp":"2026-05-08T17:38:40.441150Z","level":"info","event":"       UPDATE  id=1","logger":"task.stdout"}
{"timestamp":"2026-05-08T17:38:40.441711Z","level":"info","event":"       UPDATE  id=2","logger":"task.stdout"}
{"timestamp":"2026-05-08T17:38:40.442235Z","level":"info","event":"       UPDATE  id=3","logger":"task.stdout"}
{"timestamp":"2026-05-08T17:38:40.443207Z","level":"info","event":"       UPDATE  id=4","logger":"task.stdout"}
{"timestamp":"2026-05-08T17:38:40.444277Z","level":"info","event":"       UPDATE  id=5","logger":"task.stdout"}
{"timestamp":"2026-05-08T17:38:40.446125Z","level":"info","event":"       UPDATE  id=6","logger":"task.stdout"}
{"timestamp":"2026-05-08T17:38:40.448397Z","level":"info","event":"       UPDATE  id=7","logger":"task.stdout"}
{"timestamp":"2026-05-08T17:38:40.448922Z","level":"info","event":"       UPDATE  id=8","logger":"task.stdout"}
{"timestamp":"2026-05-08T17:38:40.450164Z","level":"info","event":"       UPDATE  id=9","logger":"task.stdout"}
{"timestamp":"2026-05-08T17:38:40.451840Z","level":"info","event":"       UPDATE  id=10","logger":"task.stdout"}
{"timestamp":"2026-05-08T17:38:40.452331Z","level":"info","event":"       UPDATE  id=11","logger":"task.stdout"}
{"timestamp":"2026-05-08T17:38:40.453519Z","level":"info","event":"       UPDATE  id=12","logger":"task.stdout"}
{"timestamp":"2026-05-08T17:38:40.454023Z","level":"info","event":"       UPDATE  id=13","logger":"task.stdout"}
{"timestamp":"2026-05-08T17:38:40.455685Z","level":"info","event":"       UPDATE  id=14","logger":"task.stdout"}
{"timestamp":"2026-05-08T17:38:40.456727Z","level":"info","event":"       UPDATE  id=15","logger":"task.stdout"}
{"timestamp":"2026-05-08T17:38:40.457246Z","level":"info","event":"       UPDATE  id=16","logger":"task.stdout"}
{"timestamp":"2026-05-08T17:38:40.459409Z","level":"info","event":"       UPDATE  id=17","logger":"task.stdout"}
{"timestamp":"2026-05-08T17:38:40.462740Z","level":"info","event":"       UPDATE  id=18","logger":"task.stdout"}
{"timestamp":"2026-05-08T17:38:40.463661Z","level":"info","event":"[INFO] result.csv updated — total 20 rows.","logger":"task.stdout"}
{"timestamp":"2026-05-08T17:38:40.422303Z","level":"info","event":"Done. Returned value was: None","logger":"airflow.task.operators.airflow.providers.standard.operators.python.PythonOperator","filename":"python.py","lineno":229}
{"timestamp":"2026-05-08T17:38:40.692360Z","level":"info","event":"Task instance in success state","logger":"task.stdout"}
{"timestamp":"2026-05-08T17:38:40.694571Z","level":"info","event":" Previous state of the Task instance: TaskInstanceState.RUNNING","logger":"task.stdout"}
{"timestamp":"2026-05-08T17:38:40.696985Z","level":"info","event":"Task operator:<Task(PythonOperator): process_partition>","logger":"task.stdout"}
{"timestamp":"2026-05-11T16:47:41.883974Z","level":"info","event":"DAG bundles loaded: dags-folder, example_dags","logger":"airflow.dag_processing.bundles.manager.DagBundlesManager","filename":"manager.py","lineno":209}
{"timestamp":"2026-05-11T16:47:41.885691Z","level":"info","event":"Filling up the DagBag from /opt/airflow/dags/csv_upsert_pipeline.py","logger":"airflow.dag_processing.dagbag.BundleDagBag","filename":"dagbag.py","lineno":469}
{"timestamp":"2026-05-11T16:47:42.232051Z","level":"info","event":"Task instance is in running state","logger":"task.stdout"}
{"timestamp":"2026-05-11T16:47:42.233465Z","level":"info","event":" Previous state of the Task instance: TaskInstanceState.QUEUED","logger":"task.stdout"}
{"timestamp":"2026-05-11T16:47:42.234925Z","level":"info","event":"Current task name:process_partition","logger":"task.stdout"}
{"timestamp":"2026-05-11T16:47:42.236332Z","level":"info","event":"Dag name:csv_upsert_pipeline","logger":"task.stdout"}
{"timestamp":"2026-05-11T16:47:42.241413Z","level":"info","event":"[INFO] data_interval_start : 2026-05-06 12:00:00+00:00","logger":"task.stdout"}
{"timestamp":"2026-05-11T16:47:42.243388Z","level":"info","event":"[INFO] data_interval_end   : 2026-05-06 12:00:00+00:00","logger":"task.stdout"}
{"timestamp":"2026-05-11T16:47:42.243969Z","level":"info","event":"[INFO] Processing partition: /data/time_stamp=2026-05-06-12","logger":"task.stdout"}
{"timestamp":"2026-05-11T16:47:42.357309Z","level":"error","event":"/home/airflow/.local/lib/python3.13/site-packages/pyspark/bin/load-spark-env.sh: line 68: ps: command not found","logger":"task.stderr"}
{"timestamp":"2026-05-11T16:47:42.358170Z","level":"error","event":"JAVA_HOME is not set","logger":"task.stderr"}
{"timestamp":"2026-05-11T16:47:42.395105Z","level":"error","event":"Task failed with exception","logger":"task","filename":"task_runner.py","lineno":1347,"error_detail":[{"exc_type":"PySparkRuntimeError","exc_value":"[JAVA_GATEWAY_EXITED] Java gateway process exited before sending its port number.","exc_notes":[],"syntax_error":null,"is_cause":false,"frames":[{"filename":"/home/airflow/.local/lib/python3.13/site-packages/airflow/sdk/execution_time/task_runner.py","lineno":1263,"name":"run"},{"filename":"/home/airflow/.local/lib/python3.13/site-packages/airflow/sdk/execution_time/task_runner.py","lineno":1678,"name":"_execute_task"},{"filename":"/home/airflow/.local/lib/python3.13/site-packages/airflow/sdk/bases/operator.py","lineno":443,"name":"wrapper"},{"filename":"/home/airflow/.local/lib/python3.13/site-packages/airflow/providers/standard/operators/python.py","lineno":227,"name":"execute"},{"filename":"/home/airflow/.local/lib/python3.13/site-packages/airflow/providers/standard/operators/python.py","lineno":250,"name":"execute_callable"},{"filename":"/home/airflow/.local/lib/python3.13/site-packages/airflow/sdk/execution_time/callback_runner.py","lineno":97,"name":"run"},{"filename":"/opt/airflow/dags/csv_upsert_pipeline.py","lineno":47,"name":"process_partition"},{"filename":"/home/airflow/.local/lib/python3.13/site-packages/pyspark/sql/session.py","lineno":497,"name":"getOrCreate"},{"filename":"/home/airflow/.local/lib/python3.13/site-packages/pyspark/context.py","lineno":515,"name":"getOrCreate"},{"filename":"/home/airflow/.local/lib/python3.13/site-packages/pyspark/context.py","lineno":201,"name":"__init__"},{"filename":"/home/airflow/.local/lib/python3.13/site-packages/pyspark/context.py","lineno":436,"name":"_ensure_initialized"},{"filename":"/home/airflow/.local/lib/python3.13/site-packages/pyspark/java_gateway.py","lineno":107,"name":"launch_gateway"}],"is_group":false,"exceptions":[]}]}
{"timestamp":"2026-05-11T16:47:42.406146Z","level":"info","event":"Task instance in failure state","logger":"task.stdout"}
{"timestamp":"2026-05-11T16:47:42.407025Z","level":"info","event":"Task start","logger":"task.stdout"}
{"timestamp":"2026-05-11T16:47:42.407442Z","level":"info","event":"Task:<Task(PythonOperator): process_partition>","logger":"task.stdout"}
{"timestamp":"2026-05-11T16:47:42.408018Z","level":"info","event":"Failure caused by [JAVA_GATEWAY_EXITED] Java gateway process exited before sending its port number.","logger":"task.stdout"}
{"timestamp":"2026-05-11T17:18:32.699232Z","level":"info","event":"DAG bundles loaded: dags-folder, example_dags","logger":"airflow.dag_processing.bundles.manager.DagBundlesManager","filename":"manager.py","lineno":209}
{"timestamp":"2026-05-11T17:18:32.719630Z","level":"info","event":"Filling up the DagBag from /opt/airflow/dags/__pycache__/csv_upsert_pipeline.py","logger":"airflow.dag_processing.dagbag.BundleDagBag","filename":"dagbag.py","lineno":469}
{"timestamp":"2026-05-11T17:18:32.820546Z","level":"warning","event":"airflow.exceptions.AirflowSkipException is deprecated and will be removed in a future version. Use airflow.sdk.exceptions.AirflowSkipException instead.","category":"UserWarning","filename":"/opt/airflow/dags/__pycache__/csv_upsert_pipeline.py","lineno":7,"logger":"py.warnings"}
{"timestamp":"2026-05-11T17:18:33.992899Z","level":"info","event":"Task instance is in running state","logger":"task.stdout"}
{"timestamp":"2026-05-11T17:18:34.004690Z","level":"info","event":" Previous state of the Task instance: TaskInstanceState.QUEUED","logger":"task.stdout"}
{"timestamp":"2026-05-11T17:18:34.008751Z","level":"info","event":"Current task name:process_partition","logger":"task.stdout"}
{"timestamp":"2026-05-11T17:18:34.009177Z","level":"info","event":"Dag name:csv_upsert_pipeline","logger":"task.stdout"}
{"timestamp":"2026-05-11T17:18:34.106913Z","level":"info","event":"[INFO] data_interval_start : 2026-05-06 12:00:00+00:00","logger":"task.stdout"}
{"timestamp":"2026-05-11T17:18:34.107747Z","level":"info","event":"[INFO] data_interval_end   : 2026-05-06 12:00:00+00:00","logger":"task.stdout"}
{"timestamp":"2026-05-11T17:18:34.111680Z","level":"info","event":"[INFO] Processing partition: /data/time_stamp=2026-05-06-12","logger":"task.stdout"}
{"timestamp":"2026-05-11T17:18:34.128797Z","level":"info","event":"[INFO] Sorted files: ['data_1.csv', 'data_2.csv', 'data_3.csv']","logger":"task.stdout"}
{"timestamp":"2026-05-11T17:18:34.153748Z","level":"info","event":"[INFO] Read data_1.csv  (index=1)","logger":"task.stdout"}
{"timestamp":"2026-05-11T17:18:34.168449Z","level":"info","event":"[INFO] Read data_2.csv  (index=2)","logger":"task.stdout"}
{"timestamp":"2026-05-11T17:18:34.186934Z","level":"info","event":"[INFO] Read data_3.csv  (index=3)","logger":"task.stdout"}
{"timestamp":"2026-05-11T17:18:34.189219Z","level":"info","event":"[INFO] Resolved 18 unique IDs for this run:","logger":"task.stdout"}
{"timestamp":"2026-05-11T17:18:34.195130Z","level":"info","event":"       id=1 → {'id': '1', 'name': 'Frank', 'age': '23', 'department': 'Sales', 'salary': '87093.04', 'working_hours': '25.4'}","logger":"task.stdout"}
{"timestamp":"2026-05-11T17:18:34.201578Z","level":"info","event":"       id=2 → {'id': '2', 'name': 'Ivy', 'age': '33', 'department': 'Operations', 'salary': '73587.6', 'working_hours': '38.0'}","logger":"task.stdout"}
{"timestamp":"2026-05-11T17:18:34.204933Z","level":"info","event":"       id=3 → {'id': '3', 'name': 'Eve', 'age': '40', 'department': 'HR', 'salary': '95341.21', 'working_hours': '37.2'}","logger":"task.stdout"}
{"timestamp":"2026-05-11T17:18:34.205863Z","level":"info","event":"       id=4 → {'id': '4', 'name': 'Alice', 'age': '43', 'department': 'Operations', 'salary': '65191.63', 'working_hours': '34.9'}","logger":"task.stdout"}
{"timestamp":"2026-05-11T17:18:34.215831Z","level":"info","event":"       id=5 → {'id': '5', 'name': 'Ivy', 'age': '46', 'department': 'Sales', 'salary': '105254.77', 'working_hours': '25.1'}","logger":"task.stdout"}
{"timestamp":"2026-05-11T17:18:34.216952Z","level":"info","event":"       id=6 → {'id': '6', 'name': 'Alice', 'age': '36', 'department': 'Finance', 'salary': '108597.16', 'working_hours': '34.2'}","logger":"task.stdout"}
{"timestamp":"2026-05-11T17:18:34.217989Z","level":"info","event":"       id=7 → {'id': '7', 'name': 'Charlie', 'age': '24', 'department': 'Sales', 'salary': '40717.11', 'working_hours': '54.1'}","logger":"task.stdout"}
{"timestamp":"2026-05-11T17:18:34.224127Z","level":"info","event":"       id=8 → {'id': '8', 'name': 'Grace', 'age': '49', 'department': 'Operations', 'salary': '93519.48', 'working_hours': '49.8'}","logger":"task.stdout"}
{"timestamp":"2026-05-11T17:18:34.235775Z","level":"info","event":"       id=9 → {'id': '9', 'name': 'Bob', 'age': '51', 'department': 'HR', 'salary': '52666.18', 'working_hours': '34.9'}","logger":"task.stdout"}
{"timestamp":"2026-05-11T17:18:34.236295Z","level":"info","event":"       id=10 → {'id': '10', 'name': 'Jack', 'age': '40', 'department': 'Operations', 'salary': '50202.45', 'working_hours': '56.3'}","logger":"task.stdout"}
{"timestamp":"2026-05-11T17:18:34.237100Z","level":"info","event":"       id=11 → {'id': '11', 'name': 'Ivy', 'age': '32', 'department': 'Finance', 'salary': '111876.61', 'working_hours': '48.0'}","logger":"task.stdout"}
{"timestamp":"2026-05-11T17:18:34.237856Z","level":"info","event":"       id=12 → {'id': '12', 'name': 'Grace', 'age': '34', 'department': 'Operations', 'salary': '112437.24', 'working_hours': '24.4'}","logger":"task.stdout"}
{"timestamp":"2026-05-11T17:18:34.238236Z","level":"info","event":"       id=13 → {'id': '13', 'name': 'Charlie', 'age': '41', 'department': 'Finance', 'salary': '32385.06', 'working_hours': '37.6'}","logger":"task.stdout"}
{"timestamp":"2026-05-11T17:18:34.238798Z","level":"info","event":"       id=14 → {'id': '14', 'name': 'Ivy', 'age': '25', 'department': 'HR', 'salary': '67158.19', 'working_hours': '47.9'}","logger":"task.stdout"}
{"timestamp":"2026-05-11T17:18:34.252240Z","level":"info","event":"       id=15 → {'id': '15', 'name': 'Hank', 'age': '23', 'department': 'Marketing', 'salary': '94931.78', 'working_hours': '30.8'}","logger":"task.stdout"}
{"timestamp":"2026-05-11T17:18:34.257221Z","level":"info","event":"       id=16 → {'id': '16', 'name': 'Ivy', 'age': '53', 'department': 'HR', 'salary': '85989.91', 'working_hours': '55.6'}","logger":"task.stdout"}
{"timestamp":"2026-05-11T17:18:34.258956Z","level":"info","event":"       id=17 → {'id': '17', 'name': 'Grace', 'age': '27', 'department': 'Sales', 'salary': '101105.92', 'working_hours': '35.2'}","logger":"task.stdout"}
{"timestamp":"2026-05-11T17:18:34.262674Z","level":"info","event":"       id=18 → {'id': '18', 'name': 'Eve', 'age': '59', 'department': 'Engineering', 'salary': '44289.52', 'working_hours': '49.2'}","logger":"task.stdout"}
{"timestamp":"2026-05-11T17:18:34.279510Z","level":"info","event":"[INFO] result.csv found — upsert.","logger":"task.stdout"}
{"timestamp":"2026-05-11T17:18:34.285824Z","level":"info","event":"[INFO] In existing result.csv 20 rows.","logger":"task.stdout"}
{"timestamp":"2026-05-11T17:18:34.287756Z","level":"info","event":"       UPDATE  id=1","logger":"task.stdout"}
{"timestamp":"2026-05-11T17:18:34.298179Z","level":"info","event":"       UPDATE  id=2","logger":"task.stdout"}
{"timestamp":"2026-05-11T17:18:34.298689Z","level":"info","event":"       UPDATE  id=3","logger":"task.stdout"}
{"timestamp":"2026-05-11T17:18:34.299978Z","level":"info","event":"       UPDATE  id=4","logger":"task.stdout"}
{"timestamp":"2026-05-11T17:18:34.300519Z","level":"info","event":"       UPDATE  id=5","logger":"task.stdout"}
{"timestamp":"2026-05-11T17:18:34.301895Z","level":"info","event":"       UPDATE  id=6","logger":"task.stdout"}
{"timestamp":"2026-05-11T17:18:34.302757Z","level":"info","event":"       UPDATE  id=7","logger":"task.stdout"}
{"timestamp":"2026-05-11T17:18:34.306682Z","level":"info","event":"       UPDATE  id=8","logger":"task.stdout"}
{"timestamp":"2026-05-11T17:18:34.313618Z","level":"info","event":"       UPDATE  id=9","logger":"task.stdout"}
{"timestamp":"2026-05-11T17:18:34.316751Z","level":"info","event":"       UPDATE  id=10","logger":"task.stdout"}
{"timestamp":"2026-05-11T17:18:34.323053Z","level":"info","event":"       UPDATE  id=11","logger":"task.stdout"}
{"timestamp":"2026-05-11T17:18:34.324768Z","level":"info","event":"       UPDATE  id=12","logger":"task.stdout"}
{"timestamp":"2026-05-11T17:18:34.325240Z","level":"info","event":"       UPDATE  id=13","logger":"task.stdout"}
{"timestamp":"2026-05-11T17:18:34.334963Z","level":"info","event":"       UPDATE  id=14","logger":"task.stdout"}
{"timestamp":"2026-05-11T17:18:34.336633Z","level":"info","event":"       UPDATE  id=15","logger":"task.stdout"}
{"timestamp":"2026-05-11T17:18:34.353401Z","level":"info","event":"       UPDATE  id=16","logger":"task.stdout"}
{"timestamp":"2026-05-11T17:18:34.353999Z","level":"info","event":"       UPDATE  id=17","logger":"task.stdout"}
{"timestamp":"2026-05-11T17:18:34.358667Z","level":"info","event":"       UPDATE  id=18","logger":"task.stdout"}
{"timestamp":"2026-05-11T17:18:34.360112Z","level":"info","event":"[INFO] result.csv updated — total 20 rows.","logger":"task.stdout"}
{"timestamp":"2026-05-11T17:18:34.202753Z","level":"info","event":"Done. Returned value was: None","logger":"airflow.task.operators.airflow.providers.standard.operators.python.PythonOperator","filename":"python.py","lineno":229}
{"timestamp":"2026-05-11T17:18:34.860081Z","level":"info","event":"Task instance in success state","logger":"task.stdout"}
{"timestamp":"2026-05-11T17:18:34.861369Z","level":"info","event":" Previous state of the Task instance: TaskInstanceState.RUNNING","logger":"task.stdout"}
{"timestamp":"2026-05-11T17:18:34.864251Z","level":"info","event":"Task operator:<Task(PythonOperator): process_partition>","logger":"task.stdout"}
