{"timestamp":"2026-05-05T10:30:27.526525Z","level":"info","event":"DAG bundles loaded: dags-folder, example_dags","logger":"airflow.dag_processing.bundles.manager.DagBundlesManager","filename":"manager.py","lineno":209}
{"timestamp":"2026-05-05T10:30:27.528087Z","level":"info","event":"Filling up the DagBag from /opt/airflow/dags/print_interval_dag.py","logger":"airflow.dag_processing.dagbag.BundleDagBag","filename":"dagbag.py","lineno":469}
{"timestamp":"2026-05-05T10:30:27.539102Z","level":"warning","event":"The `airflow.operators.python.PythonOperator` attribute is deprecated. Please use `'airflow.providers.standard.operators.python.PythonOperator'`.","category":"UserWarning","filename":"/opt/airflow/dags/print_interval_dag.py","lineno":2,"logger":"py.warnings"}
{"timestamp":"2026-05-05T10:30:27.586226Z","level":"info","event":"Task instance is in running state","logger":"task.stdout"}
{"timestamp":"2026-05-05T10:30:27.586848Z","level":"info","event":" Previous state of the Task instance: TaskInstanceState.QUEUED","logger":"task.stdout"}
{"timestamp":"2026-05-05T10:30:27.587436Z","level":"info","event":"Current task name:print_interval","logger":"task.stdout"}
{"timestamp":"2026-05-05T10:30:27.587857Z","level":"info","event":"Dag name:print_interval_dag","logger":"task.stdout"}
{"timestamp":"2026-05-05T10:30:27.591227Z","level":"info","event":"Interval Start: 2025-05-18 21:00:00+00:00","logger":"task.stdout"}
{"timestamp":"2026-05-05T10:30:27.592404Z","level":"info","event":"Interval End:   2025-05-18 21:00:00+00:00","logger":"task.stdout"}
{"timestamp":"2026-05-05T10:30:27.590787Z","level":"info","event":"Done. Returned value was: None","logger":"airflow.task.operators.airflow.providers.standard.operators.python.PythonOperator","filename":"python.py","lineno":229}
{"timestamp":"2026-05-05T10:30:27.653831Z","level":"info","event":"Task instance in success state","logger":"task.stdout"}
{"timestamp":"2026-05-05T10:30:27.654498Z","level":"info","event":" Previous state of the Task instance: TaskInstanceState.RUNNING","logger":"task.stdout"}
{"timestamp":"2026-05-05T10:30:27.655222Z","level":"info","event":"Task operator:<Task(PythonOperator): print_interval>","logger":"task.stdout"}
{"timestamp":"2026-05-05T12:26:22.181922Z","level":"info","event":"DAG bundles loaded: dags-folder, example_dags","logger":"airflow.dag_processing.bundles.manager.DagBundlesManager","filename":"manager.py","lineno":209}
{"timestamp":"2026-05-05T12:26:22.183665Z","level":"info","event":"Filling up the DagBag from /opt/airflow/dags/print_interval_dag.py","logger":"airflow.dag_processing.dagbag.BundleDagBag","filename":"dagbag.py","lineno":469}
{"timestamp":"2026-05-05T12:26:22.290994Z","level":"info","event":"Task instance is in running state","logger":"task.stdout"}
{"timestamp":"2026-05-05T12:26:22.294603Z","level":"info","event":" Previous state of the Task instance: TaskInstanceState.QUEUED","logger":"task.stdout"}
{"timestamp":"2026-05-05T12:26:22.298312Z","level":"info","event":"Current task name:print_interval","logger":"task.stdout"}
{"timestamp":"2026-05-05T12:26:22.299503Z","level":"info","event":"Dag name:print_interval_dag","logger":"task.stdout"}
{"timestamp":"2026-05-05T12:26:22.300916Z","level":"info","event":"=== ALL AVAILABLE MACROS ===","logger":"task.stdout"}
{"timestamp":"2026-05-05T12:26:22.302160Z","level":"info","event":"dag: <DAG: print_interval_dag>","logger":"task.stdout"}
{"timestamp":"2026-05-05T12:26:22.304954Z","level":"info","event":"inlets: []","logger":"task.stdout"}
{"timestamp":"2026-05-05T12:26:22.307122Z","level":"info","event":"map_index_template: None","logger":"task.stdout"}
{"timestamp":"2026-05-05T12:26:22.317335Z","level":"info","event":"outlets: []","logger":"task.stdout"}
{"timestamp":"2026-05-05T12:26:22.318528Z","level":"info","event":"run_id: scheduled__2025-05-18T21:00:00+00:00","logger":"task.stdout"}
{"timestamp":"2026-05-05T12:26:22.321069Z","level":"info","event":"task: <Task(PythonOperator): print_interval>","logger":"task.stdout"}
{"timestamp":"2026-05-05T12:26:22.322641Z","level":"info","event":"task_instance: id=UUID('019df81a-852c-7c0e-b0f2-c5b2acff9e6a') task_id='print_interval' dag_id='print_interval_dag' run_id='scheduled__2025-05-18T21:00:00+00:00' try_number=1 dag_version_id=UUID('019df815-a045-750b-bac8-47ced7cc6a45') map_index=-1 hostname='86abe326db93' context_carrier={'traceparent': '00-1b7766901bd966010e289a5c5d1befc5-a9c8e84237b52d0d-01'} task=<Task(PythonOperator): print_interval> bundle_instance=LocalDagBundle(name=dags-folder) max_tries=0 start_date=datetime.datetime(2026, 5, 5, 12, 26, 21, 221069, tzinfo=datetime.timezone.utc) end_date=None state=<TaskInstanceState.RUNNING: 'running'> is_mapped=False rendered_map_index=None sentry_integration=''","logger":"task.stdout"}
{"timestamp":"2026-05-05T12:26:22.324680Z","level":"info","event":"ti: id=UUID('019df81a-852c-7c0e-b0f2-c5b2acff9e6a') task_id='print_interval' dag_id='print_interval_dag' run_id='scheduled__2025-05-18T21:00:00+00:00' try_number=1 dag_version_id=UUID('019df815-a045-750b-bac8-47ced7cc6a45') map_index=-1 hostname='86abe326db93' context_carrier={'traceparent': '00-1b7766901bd966010e289a5c5d1befc5-a9c8e84237b52d0d-01'} task=<Task(PythonOperator): print_interval> bundle_instance=LocalDagBundle(name=dags-folder) max_tries=0 start_date=datetime.datetime(2026, 5, 5, 12, 26, 21, 221069, tzinfo=datetime.timezone.utc) end_date=None state=<TaskInstanceState.RUNNING: 'running'> is_mapped=False rendered_map_index=None sentry_integration=''","logger":"task.stdout"}
{"timestamp":"2026-05-05T12:26:22.325288Z","level":"info","event":"outlet_events: OutletEventAccessors(_dict={})","logger":"task.stdout"}
{"timestamp":"2026-05-05T12:26:22.325949Z","level":"info","event":"inlet_events: InletEventsAccessors(_inlets=[], _assets={}, _asset_aliases={})","logger":"task.stdout"}
{"timestamp":"2026-05-05T12:26:22.326795Z","level":"info","event":"macros: <MacrosAccessor (dynamic access to macros)>","logger":"task.stdout"}
{"timestamp":"2026-05-05T12:26:22.327368Z","level":"info","event":"params: {}","logger":"task.stdout"}
{"timestamp":"2026-05-05T12:26:22.327810Z","level":"info","event":"var: {'json': <VariableAccessor (dynamic access)>, 'value': <VariableAccessor (dynamic access)>}","logger":"task.stdout"}
{"timestamp":"2026-05-05T12:26:22.328327Z","level":"info","event":"conn: <ConnectionAccessor (dynamic access)>","logger":"task.stdout"}
{"timestamp":"2026-05-05T12:26:22.328904Z","level":"info","event":"dag_run: dag_id='print_interval_dag' run_id='scheduled__2025-05-18T21:00:00+00:00' logical_date=datetime.datetime(2025, 5, 18, 21, 0, tzinfo=datetime.timezone.utc) data_interval_start=datetime.datetime(2025, 5, 18, 21, 0, tzinfo=datetime.timezone.utc) data_interval_end=datetime.datetime(2025, 5, 18, 21, 0, tzinfo=datetime.timezone.utc) run_after=datetime.datetime(2025, 5, 18, 21, 0, tzinfo=datetime.timezone.utc) start_date=datetime.datetime(2026, 5, 5, 12, 26, 20, 881618, tzinfo=datetime.timezone.utc) end_date=None clear_number=0 run_type=<DagRunType.SCHEDULED: 'scheduled'> state=<DagRunState.RUNNING: 'running'> conf={} triggering_user_name=None consumed_asset_events=[] partition_key=None note=None","logger":"task.stdout"}
{"timestamp":"2026-05-05T12:26:22.329559Z","level":"info","event":"triggering_asset_events: TriggeringAssetEventAccessor(_events=defaultdict(<class 'list'>, {}))","logger":"task.stdout"}
{"timestamp":"2026-05-05T12:26:22.330023Z","level":"info","event":"task_instance_key_str: print_interval_dag__print_interval__20250518","logger":"task.stdout"}
{"timestamp":"2026-05-05T12:26:22.330702Z","level":"info","event":"task_reschedule_count: 0","logger":"task.stdout"}
{"timestamp":"2026-05-05T12:26:22.416507Z","level":"info","event":"prev_start_date_success: 2026-05-05 12:26:19.778876+00:00","logger":"task.stdout"}
{"timestamp":"2026-05-05T12:26:22.420149Z","level":"info","event":"prev_end_date_success: 2026-05-05 12:26:21.924803+00:00","logger":"task.stdout"}
{"timestamp":"2026-05-05T12:26:22.421226Z","level":"info","event":"logical_date: 2025-05-18 21:00:00+00:00","logger":"task.stdout"}
{"timestamp":"2026-05-05T12:26:22.422326Z","level":"info","event":"ds: 2025-05-18","logger":"task.stdout"}
{"timestamp":"2026-05-05T12:26:22.423733Z","level":"info","event":"ds_nodash: 20250518","logger":"task.stdout"}
{"timestamp":"2026-05-05T12:26:22.428985Z","level":"info","event":"ts: 2025-05-18T21:00:00+00:00","logger":"task.stdout"}
{"timestamp":"2026-05-05T12:26:22.430085Z","level":"info","event":"ts_nodash: 20250518T210000","logger":"task.stdout"}
{"timestamp":"2026-05-05T12:26:22.430816Z","level":"info","event":"ts_nodash_with_tz: 20250518T210000+0000","logger":"task.stdout"}
{"timestamp":"2026-05-05T12:26:22.432651Z","level":"info","event":"data_interval_end: 2025-05-18 21:00:00+00:00","logger":"task.stdout"}
{"timestamp":"2026-05-05T12:26:22.433868Z","level":"info","event":"data_interval_start: 2025-05-18 21:00:00+00:00","logger":"task.stdout"}
{"timestamp":"2026-05-05T12:26:22.434874Z","level":"info","event":"prev_data_interval_start_success: 2025-05-18 15:00:00+00:00","logger":"task.stdout"}
{"timestamp":"2026-05-05T12:26:22.435525Z","level":"info","event":"prev_data_interval_end_success: 2025-05-18 15:00:00+00:00","logger":"task.stdout"}
{"timestamp":"2026-05-05T12:26:22.436460Z","level":"info","event":"templates_dict: None","logger":"task.stdout"}
{"timestamp":"2026-05-05T12:26:22.417183Z","level":"info","event":"Done. Returned value was: None","logger":"airflow.task.operators.airflow.providers.standard.operators.python.PythonOperator","filename":"python.py","lineno":229}
{"timestamp":"2026-05-05T12:26:22.493058Z","level":"info","event":"Task instance in success state","logger":"task.stdout"}
{"timestamp":"2026-05-05T12:26:22.493754Z","level":"info","event":" Previous state of the Task instance: TaskInstanceState.RUNNING","logger":"task.stdout"}
{"timestamp":"2026-05-05T12:26:22.494876Z","level":"info","event":"Task operator:<Task(PythonOperator): print_interval>","logger":"task.stdout"}
