{"timestamp":"2026-05-11T17:05:31.610556Z","level":"info","event":"DAG bundles loaded: dags-folder, example_dags","logger":"airflow.dag_processing.bundles.manager.DagBundlesManager","filename":"manager.py","lineno":209}
{"timestamp":"2026-05-11T17:05:31.611936Z","level":"info","event":"Filling up the DagBag from /opt/airflow/dags/__pycache__/csv_upsert_pipeline.py","logger":"airflow.dag_processing.dagbag.BundleDagBag","filename":"dagbag.py","lineno":469}
{"timestamp":"2026-05-11T17:05:31.621796Z","level":"warning","event":"airflow.exceptions.AirflowSkipException is deprecated and will be removed in a future version. Use airflow.sdk.exceptions.AirflowSkipException instead.","category":"UserWarning","filename":"/opt/airflow/dags/__pycache__/csv_upsert_pipeline.py","lineno":7,"logger":"py.warnings"}
{"timestamp":"2026-05-11T17:05:31.655800Z","level":"info","event":"Task instance is in running state","logger":"task.stdout"}
{"timestamp":"2026-05-11T17:05:31.656623Z","level":"info","event":" Previous state of the Task instance: TaskInstanceState.QUEUED","logger":"task.stdout"}
{"timestamp":"2026-05-11T17:05:31.659090Z","level":"info","event":"Current task name:process_partition","logger":"task.stdout"}
{"timestamp":"2026-05-11T17:05:31.660188Z","level":"info","event":"Dag name:csv_upsert_pipeline","logger":"task.stdout"}
{"timestamp":"2026-05-11T17:05:31.663874Z","level":"info","event":"[INFO] data_interval_start : 2026-05-06 00:00:00+00:00","logger":"task.stdout"}
{"timestamp":"2026-05-11T17:05:31.664886Z","level":"info","event":"[INFO] data_interval_end   : 2026-05-06 00:00:00+00:00","logger":"task.stdout"}
{"timestamp":"2026-05-11T17:05:31.665435Z","level":"info","event":"[INFO] Processing partition: /data/time_stamp=2026-05-06-00","logger":"task.stdout"}
{"timestamp":"2026-05-11T17:05:31.666403Z","level":"info","event":"[INFO] Sorted files: ['data_1.csv', 'data_2.csv', 'data_3.csv', 'data_4.csv']","logger":"task.stdout"}
{"timestamp":"2026-05-11T17:05:31.668595Z","level":"info","event":"[INFO] Read data_1.csv  (index=1)","logger":"task.stdout"}
{"timestamp":"2026-05-11T17:05:31.670542Z","level":"info","event":"[INFO] Read data_2.csv  (index=2)","logger":"task.stdout"}
{"timestamp":"2026-05-11T17:05:31.672330Z","level":"info","event":"[INFO] Read data_3.csv  (index=3)","logger":"task.stdout"}
{"timestamp":"2026-05-11T17:05:31.676400Z","level":"info","event":"[INFO] Read data_4.csv  (index=4)","logger":"task.stdout"}
{"timestamp":"2026-05-11T17:05:31.678310Z","level":"info","event":"[INFO] Resolved 15 unique IDs for this run:","logger":"task.stdout"}
{"timestamp":"2026-05-11T17:05:31.678875Z","level":"info","event":"       id=1 → {'id': '1', 'name': 'Ivy', 'age': '57', 'department': 'Sales', 'salary': '65308.32', 'working_hours': '39.0'}","logger":"task.stdout"}
{"timestamp":"2026-05-11T17:05:31.679213Z","level":"info","event":"       id=2 → {'id': '2', 'name': 'Ivy', 'age': '51', 'department': 'Marketing', 'salary': '108650.14', 'working_hours': '41.1'}","logger":"task.stdout"}
{"timestamp":"2026-05-11T17:05:31.680116Z","level":"info","event":"       id=3 → {'id': '3', 'name': 'Grace', 'age': '40', 'department': 'Sales', 'salary': '99649.25', 'working_hours': '35.6'}","logger":"task.stdout"}
{"timestamp":"2026-05-11T17:05:31.680731Z","level":"info","event":"       id=4 → {'id': '4', 'name': 'Diana', 'age': '38', 'department': 'Finance', 'salary': '84684.23', 'working_hours': '32.7'}","logger":"task.stdout"}
{"timestamp":"2026-05-11T17:05:31.681209Z","level":"info","event":"       id=5 → {'id': '5', 'name': 'Eve', 'age': '29', 'department': 'Marketing', 'salary': '37845.65', 'working_hours': '49.9'}","logger":"task.stdout"}
{"timestamp":"2026-05-11T17:05:31.682278Z","level":"info","event":"       id=6 → {'id': '6', 'name': 'Diana', 'age': '57', 'department': 'Engineering', 'salary': '109242.16', 'working_hours': '31.0'}","logger":"task.stdout"}
{"timestamp":"2026-05-11T17:05:31.682775Z","level":"info","event":"       id=7 → {'id': '7', 'name': 'Hank', 'age': '51', 'department': 'HR', 'salary': '30995.46', 'working_hours': '28.2'}","logger":"task.stdout"}
{"timestamp":"2026-05-11T17:05:31.683653Z","level":"info","event":"       id=8 → {'id': '8', 'name': 'Alice', 'age': '27', 'department': 'Operations', 'salary': '77140.8', 'working_hours': '21.1'}","logger":"task.stdout"}
{"timestamp":"2026-05-11T17:05:31.684040Z","level":"info","event":"       id=9 → {'id': '9', 'name': 'Ivy', 'age': '44', 'department': 'Engineering', 'salary': '77782.06', 'working_hours': '29.1'}","logger":"task.stdout"}
{"timestamp":"2026-05-11T17:05:31.684423Z","level":"info","event":"       id=10 → {'id': '10', 'name': 'Grace', 'age': '58', 'department': 'HR', 'salary': '77359.79', 'working_hours': '41.4'}","logger":"task.stdout"}
{"timestamp":"2026-05-11T17:05:31.684890Z","level":"info","event":"       id=11 → {'id': '11', 'name': 'Charlie', 'age': '35', 'department': 'Finance', 'salary': '90654.38', 'working_hours': '27.3'}","logger":"task.stdout"}
{"timestamp":"2026-05-11T17:05:31.685290Z","level":"info","event":"       id=12 → {'id': '12', 'name': 'Eve', 'age': '36', 'department': 'HR', 'salary': '67077.37', 'working_hours': '25.4'}","logger":"task.stdout"}
{"timestamp":"2026-05-11T17:05:31.685787Z","level":"info","event":"       id=13 → {'id': '13', 'name': 'Hank', 'age': '32', 'department': 'Engineering', 'salary': '30530.4', 'working_hours': '47.1'}","logger":"task.stdout"}
{"timestamp":"2026-05-11T17:05:31.686184Z","level":"info","event":"       id=14 → {'id': '14', 'name': 'Frank', 'age': '39', 'department': 'Finance', 'salary': '115894.73', 'working_hours': '55.7'}","logger":"task.stdout"}
{"timestamp":"2026-05-11T17:05:31.686545Z","level":"info","event":"       id=15 → {'id': '15', 'name': 'Hank', 'age': '42', 'department': 'Engineering', 'salary': '90717.15', 'working_hours': '53.3'}","logger":"task.stdout"}
{"timestamp":"2026-05-11T17:05:31.687080Z","level":"info","event":"[INFO] result.csv found — upsert.","logger":"task.stdout"}
{"timestamp":"2026-05-11T17:05:31.687411Z","level":"info","event":"[INFO] In existing result.csv 20 rows.","logger":"task.stdout"}
{"timestamp":"2026-05-11T17:05:31.687687Z","level":"info","event":"       UPDATE  id=1","logger":"task.stdout"}
{"timestamp":"2026-05-11T17:05:31.687988Z","level":"info","event":"       UPDATE  id=2","logger":"task.stdout"}
{"timestamp":"2026-05-11T17:05:31.688273Z","level":"info","event":"       UPDATE  id=3","logger":"task.stdout"}
{"timestamp":"2026-05-11T17:05:31.688618Z","level":"info","event":"       UPDATE  id=4","logger":"task.stdout"}
{"timestamp":"2026-05-11T17:05:31.689108Z","level":"info","event":"       UPDATE  id=5","logger":"task.stdout"}
{"timestamp":"2026-05-11T17:05:31.689548Z","level":"info","event":"       UPDATE  id=6","logger":"task.stdout"}
{"timestamp":"2026-05-11T17:05:31.689880Z","level":"info","event":"       UPDATE  id=7","logger":"task.stdout"}
{"timestamp":"2026-05-11T17:05:31.690163Z","level":"info","event":"       UPDATE  id=8","logger":"task.stdout"}
{"timestamp":"2026-05-11T17:05:31.690596Z","level":"info","event":"       UPDATE  id=9","logger":"task.stdout"}
{"timestamp":"2026-05-11T17:05:31.690991Z","level":"info","event":"       UPDATE  id=10","logger":"task.stdout"}
{"timestamp":"2026-05-11T17:05:31.691466Z","level":"info","event":"       UPDATE  id=11","logger":"task.stdout"}
{"timestamp":"2026-05-11T17:05:31.692794Z","level":"info","event":"       UPDATE  id=12","logger":"task.stdout"}
{"timestamp":"2026-05-11T17:05:31.693594Z","level":"info","event":"       UPDATE  id=13","logger":"task.stdout"}
{"timestamp":"2026-05-11T17:05:31.694189Z","level":"info","event":"       UPDATE  id=14","logger":"task.stdout"}
{"timestamp":"2026-05-11T17:05:31.694766Z","level":"info","event":"       UPDATE  id=15","logger":"task.stdout"}
{"timestamp":"2026-05-11T17:05:31.695138Z","level":"info","event":"[INFO] result.csv updated — total 20 rows.","logger":"task.stdout"}
{"timestamp":"2026-05-11T17:05:31.681697Z","level":"info","event":"Done. Returned value was: None","logger":"airflow.task.operators.airflow.providers.standard.operators.python.PythonOperator","filename":"python.py","lineno":229}
{"timestamp":"2026-05-11T17:05:31.732913Z","level":"info","event":"Task instance in success state","logger":"task.stdout"}
{"timestamp":"2026-05-11T17:05:31.733334Z","level":"info","event":" Previous state of the Task instance: TaskInstanceState.RUNNING","logger":"task.stdout"}
{"timestamp":"2026-05-11T17:05:31.734299Z","level":"info","event":"Task operator:<Task(PythonOperator): process_partition>","logger":"task.stdout"}
