{"timestamp":"2026-05-08T17:38:32.196067Z","level":"info","event":"DAG bundles loaded: dags-folder, example_dags","logger":"airflow.dag_processing.bundles.manager.DagBundlesManager","filename":"manager.py","lineno":209}
{"timestamp":"2026-05-08T17:38:32.197715Z","level":"info","event":"Filling up the DagBag from /opt/airflow/dags/csv_upsert_pipeline.py","logger":"airflow.dag_processing.dagbag.BundleDagBag","filename":"dagbag.py","lineno":469}
{"timestamp":"2026-05-08T17:38:32.210992Z","level":"warning","event":"airflow.exceptions.AirflowSkipException is deprecated and will be removed in a future version. Use airflow.sdk.exceptions.AirflowSkipException instead.","category":"UserWarning","filename":"/opt/airflow/dags/csv_upsert_pipeline.py","lineno":7,"logger":"py.warnings"}
{"timestamp":"2026-05-08T17:38:32.351852Z","level":"info","event":"Task instance is in running state","logger":"task.stdout"}
{"timestamp":"2026-05-08T17:38:32.359521Z","level":"info","event":" Previous state of the Task instance: TaskInstanceState.QUEUED","logger":"task.stdout"}
{"timestamp":"2026-05-08T17:38:32.360352Z","level":"info","event":"Current task name:process_partition","logger":"task.stdout"}
{"timestamp":"2026-05-08T17:38:32.361250Z","level":"info","event":"Dag name:csv_upsert_pipeline","logger":"task.stdout"}
{"timestamp":"2026-05-08T17:38:32.362119Z","level":"info","event":"[INFO] data_interval_start : 2026-05-06 00:00:00+00:00","logger":"task.stdout"}
{"timestamp":"2026-05-08T17:38:32.362945Z","level":"info","event":"[INFO] data_interval_end   : 2026-05-06 00:00:00+00:00","logger":"task.stdout"}
{"timestamp":"2026-05-08T17:38:32.363822Z","level":"info","event":"[INFO] Processing partition: /data/time_stamp=2026-05-06-00","logger":"task.stdout"}
{"timestamp":"2026-05-08T17:38:32.366452Z","level":"info","event":"[INFO] Sorted files: ['data_1.csv', 'data_2.csv', 'data_3.csv', 'data_4.csv']","logger":"task.stdout"}
{"timestamp":"2026-05-08T17:38:32.367277Z","level":"info","event":"[INFO] Read data_1.csv  (index=1)","logger":"task.stdout"}
{"timestamp":"2026-05-08T17:38:32.370925Z","level":"info","event":"[INFO] Read data_2.csv  (index=2)","logger":"task.stdout"}
{"timestamp":"2026-05-08T17:38:32.371602Z","level":"info","event":"[INFO] Read data_3.csv  (index=3)","logger":"task.stdout"}
{"timestamp":"2026-05-08T17:38:32.380313Z","level":"info","event":"[INFO] Read data_4.csv  (index=4)","logger":"task.stdout"}
{"timestamp":"2026-05-08T17:38:32.380941Z","level":"info","event":"[INFO] Resolved 15 unique IDs for this run:","logger":"task.stdout"}
{"timestamp":"2026-05-08T17:38:32.381770Z","level":"info","event":"       id=1 → {'id': '1', 'name': 'Ivy', 'age': '57', 'department': 'Sales', 'salary': '65308.32', 'working_hours': '39.0'}","logger":"task.stdout"}
{"timestamp":"2026-05-08T17:38:32.385499Z","level":"info","event":"       id=2 → {'id': '2', 'name': 'Ivy', 'age': '51', 'department': 'Marketing', 'salary': '108650.14', 'working_hours': '41.1'}","logger":"task.stdout"}
{"timestamp":"2026-05-08T17:38:32.386586Z","level":"info","event":"       id=3 → {'id': '3', 'name': 'Grace', 'age': '40', 'department': 'Sales', 'salary': '99649.25', 'working_hours': '35.6'}","logger":"task.stdout"}
{"timestamp":"2026-05-08T17:38:32.387440Z","level":"info","event":"       id=4 → {'id': '4', 'name': 'Diana', 'age': '38', 'department': 'Finance', 'salary': '84684.23', 'working_hours': '32.7'}","logger":"task.stdout"}
{"timestamp":"2026-05-08T17:38:32.387939Z","level":"info","event":"       id=5 → {'id': '5', 'name': 'Eve', 'age': '29', 'department': 'Marketing', 'salary': '37845.65', 'working_hours': '49.9'}","logger":"task.stdout"}
{"timestamp":"2026-05-08T17:38:32.389651Z","level":"info","event":"       id=6 → {'id': '6', 'name': 'Diana', 'age': '57', 'department': 'Engineering', 'salary': '109242.16', 'working_hours': '31.0'}","logger":"task.stdout"}
{"timestamp":"2026-05-08T17:38:32.390822Z","level":"info","event":"       id=7 → {'id': '7', 'name': 'Hank', 'age': '51', 'department': 'HR', 'salary': '30995.46', 'working_hours': '28.2'}","logger":"task.stdout"}
{"timestamp":"2026-05-08T17:38:32.395393Z","level":"info","event":"       id=8 → {'id': '8', 'name': 'Alice', 'age': '27', 'department': 'Operations', 'salary': '77140.8', 'working_hours': '21.1'}","logger":"task.stdout"}
{"timestamp":"2026-05-08T17:38:32.403779Z","level":"info","event":"       id=9 → {'id': '9', 'name': 'Ivy', 'age': '44', 'department': 'Engineering', 'salary': '77782.06', 'working_hours': '29.1'}","logger":"task.stdout"}
{"timestamp":"2026-05-08T17:38:32.406202Z","level":"info","event":"       id=10 → {'id': '10', 'name': 'Grace', 'age': '58', 'department': 'HR', 'salary': '77359.79', 'working_hours': '41.4'}","logger":"task.stdout"}
{"timestamp":"2026-05-08T17:38:32.410195Z","level":"info","event":"       id=11 → {'id': '11', 'name': 'Charlie', 'age': '35', 'department': 'Finance', 'salary': '90654.38', 'working_hours': '27.3'}","logger":"task.stdout"}
{"timestamp":"2026-05-08T17:38:32.425661Z","level":"info","event":"       id=12 → {'id': '12', 'name': 'Eve', 'age': '36', 'department': 'HR', 'salary': '67077.37', 'working_hours': '25.4'}","logger":"task.stdout"}
{"timestamp":"2026-05-08T17:38:32.427084Z","level":"info","event":"       id=13 → {'id': '13', 'name': 'Hank', 'age': '32', 'department': 'Engineering', 'salary': '30530.4', 'working_hours': '47.1'}","logger":"task.stdout"}
{"timestamp":"2026-05-08T17:38:32.432572Z","level":"info","event":"       id=14 → {'id': '14', 'name': 'Frank', 'age': '39', 'department': 'Finance', 'salary': '115894.73', 'working_hours': '55.7'}","logger":"task.stdout"}
{"timestamp":"2026-05-08T17:38:32.433314Z","level":"info","event":"       id=15 → {'id': '15', 'name': 'Hank', 'age': '42', 'department': 'Engineering', 'salary': '90717.15', 'working_hours': '53.3'}","logger":"task.stdout"}
{"timestamp":"2026-05-08T17:38:32.437090Z","level":"info","event":"[INFO] result.csv mil gayi — upsert karte hain.","logger":"task.stdout"}
{"timestamp":"2026-05-08T17:38:32.443865Z","level":"info","event":"[INFO] Existing result.csv mein 20 rows hain.","logger":"task.stdout"}
{"timestamp":"2026-05-08T17:38:32.446508Z","level":"info","event":"       UPDATE  id=1","logger":"task.stdout"}
{"timestamp":"2026-05-08T17:38:32.447110Z","level":"info","event":"       UPDATE  id=2","logger":"task.stdout"}
{"timestamp":"2026-05-08T17:38:32.448418Z","level":"info","event":"       UPDATE  id=3","logger":"task.stdout"}
{"timestamp":"2026-05-08T17:38:32.448967Z","level":"info","event":"       UPDATE  id=4","logger":"task.stdout"}
{"timestamp":"2026-05-08T17:38:32.451397Z","level":"info","event":"       UPDATE  id=5","logger":"task.stdout"}
{"timestamp":"2026-05-08T17:38:32.452453Z","level":"info","event":"       UPDATE  id=6","logger":"task.stdout"}
{"timestamp":"2026-05-08T17:38:32.453342Z","level":"info","event":"       UPDATE  id=7","logger":"task.stdout"}
{"timestamp":"2026-05-08T17:38:32.453954Z","level":"info","event":"       UPDATE  id=8","logger":"task.stdout"}
{"timestamp":"2026-05-08T17:38:32.455235Z","level":"info","event":"       UPDATE  id=9","logger":"task.stdout"}
{"timestamp":"2026-05-08T17:38:32.455877Z","level":"info","event":"       UPDATE  id=10","logger":"task.stdout"}
{"timestamp":"2026-05-08T17:38:32.458693Z","level":"info","event":"       UPDATE  id=11","logger":"task.stdout"}
{"timestamp":"2026-05-08T17:38:32.459608Z","level":"info","event":"       UPDATE  id=12","logger":"task.stdout"}
{"timestamp":"2026-05-08T17:38:32.460215Z","level":"info","event":"       UPDATE  id=13","logger":"task.stdout"}
{"timestamp":"2026-05-08T17:38:32.460822Z","level":"info","event":"       UPDATE  id=14","logger":"task.stdout"}
{"timestamp":"2026-05-08T17:38:32.461692Z","level":"info","event":"       UPDATE  id=15","logger":"task.stdout"}
{"timestamp":"2026-05-08T17:38:32.463439Z","level":"info","event":"[INFO] result.csv updated — total 20 rows.","logger":"task.stdout"}
{"timestamp":"2026-05-08T17:38:32.388513Z","level":"info","event":"Done. Returned value was: None","logger":"airflow.task.operators.airflow.providers.standard.operators.python.PythonOperator","filename":"python.py","lineno":229}
{"timestamp":"2026-05-08T17:38:32.542568Z","level":"info","event":"Task instance in success state","logger":"task.stdout"}
{"timestamp":"2026-05-08T17:38:32.544383Z","level":"info","event":" Previous state of the Task instance: TaskInstanceState.RUNNING","logger":"task.stdout"}
{"timestamp":"2026-05-08T17:38:32.544956Z","level":"info","event":"Task operator:<Task(PythonOperator): process_partition>","logger":"task.stdout"}
{"timestamp":"2026-05-11T16:47:35.939439Z","level":"info","event":"DAG bundles loaded: dags-folder, example_dags","logger":"airflow.dag_processing.bundles.manager.DagBundlesManager","filename":"manager.py","lineno":209}
{"timestamp":"2026-05-11T16:47:35.943059Z","level":"info","event":"Filling up the DagBag from /opt/airflow/dags/csv_upsert_pipeline.py","logger":"airflow.dag_processing.dagbag.BundleDagBag","filename":"dagbag.py","lineno":469}
{"timestamp":"2026-05-11T16:47:36.175130Z","level":"info","event":"Task instance is in running state","logger":"task.stdout"}
{"timestamp":"2026-05-11T16:47:36.176404Z","level":"info","event":" Previous state of the Task instance: TaskInstanceState.QUEUED","logger":"task.stdout"}
{"timestamp":"2026-05-11T16:47:36.177121Z","level":"info","event":"Current task name:process_partition","logger":"task.stdout"}
{"timestamp":"2026-05-11T16:47:36.178514Z","level":"info","event":"Dag name:csv_upsert_pipeline","logger":"task.stdout"}
{"timestamp":"2026-05-11T16:47:36.179709Z","level":"info","event":"[INFO] data_interval_start : 2026-05-06 00:00:00+00:00","logger":"task.stdout"}
{"timestamp":"2026-05-11T16:47:36.180285Z","level":"info","event":"[INFO] data_interval_end   : 2026-05-06 00:00:00+00:00","logger":"task.stdout"}
{"timestamp":"2026-05-11T16:47:36.181329Z","level":"info","event":"[INFO] Processing partition: /data/time_stamp=2026-05-06-00","logger":"task.stdout"}
{"timestamp":"2026-05-11T16:47:36.268019Z","level":"error","event":"/home/airflow/.local/lib/python3.13/site-packages/pyspark/bin/load-spark-env.sh: line 68: ps: command not found","logger":"task.stderr"}
{"timestamp":"2026-05-11T16:47:36.271506Z","level":"error","event":"JAVA_HOME is not set","logger":"task.stderr"}
{"timestamp":"2026-05-11T16:47:36.331128Z","level":"error","event":"Task failed with exception","logger":"task","filename":"task_runner.py","lineno":1347,"error_detail":[{"exc_type":"PySparkRuntimeError","exc_value":"[JAVA_GATEWAY_EXITED] Java gateway process exited before sending its port number.","exc_notes":[],"syntax_error":null,"is_cause":false,"frames":[{"filename":"/home/airflow/.local/lib/python3.13/site-packages/airflow/sdk/execution_time/task_runner.py","lineno":1263,"name":"run"},{"filename":"/home/airflow/.local/lib/python3.13/site-packages/airflow/sdk/execution_time/task_runner.py","lineno":1678,"name":"_execute_task"},{"filename":"/home/airflow/.local/lib/python3.13/site-packages/airflow/sdk/bases/operator.py","lineno":443,"name":"wrapper"},{"filename":"/home/airflow/.local/lib/python3.13/site-packages/airflow/providers/standard/operators/python.py","lineno":227,"name":"execute"},{"filename":"/home/airflow/.local/lib/python3.13/site-packages/airflow/providers/standard/operators/python.py","lineno":250,"name":"execute_callable"},{"filename":"/home/airflow/.local/lib/python3.13/site-packages/airflow/sdk/execution_time/callback_runner.py","lineno":97,"name":"run"},{"filename":"/opt/airflow/dags/csv_upsert_pipeline.py","lineno":47,"name":"process_partition"},{"filename":"/home/airflow/.local/lib/python3.13/site-packages/pyspark/sql/session.py","lineno":497,"name":"getOrCreate"},{"filename":"/home/airflow/.local/lib/python3.13/site-packages/pyspark/context.py","lineno":515,"name":"getOrCreate"},{"filename":"/home/airflow/.local/lib/python3.13/site-packages/pyspark/context.py","lineno":201,"name":"__init__"},{"filename":"/home/airflow/.local/lib/python3.13/site-packages/pyspark/context.py","lineno":436,"name":"_ensure_initialized"},{"filename":"/home/airflow/.local/lib/python3.13/site-packages/pyspark/java_gateway.py","lineno":107,"name":"launch_gateway"}],"is_group":false,"exceptions":[]}]}
{"timestamp":"2026-05-11T16:47:36.339945Z","level":"info","event":"Task instance in failure state","logger":"task.stdout"}
{"timestamp":"2026-05-11T16:47:36.340847Z","level":"info","event":"Task start","logger":"task.stdout"}
{"timestamp":"2026-05-11T16:47:36.341439Z","level":"info","event":"Task:<Task(PythonOperator): process_partition>","logger":"task.stdout"}
{"timestamp":"2026-05-11T16:47:36.342045Z","level":"info","event":"Failure caused by [JAVA_GATEWAY_EXITED] Java gateway process exited before sending its port number.","logger":"task.stdout"}
{"timestamp":"2026-05-11T17:18:22.763704Z","level":"info","event":"DAG bundles loaded: dags-folder, example_dags","logger":"airflow.dag_processing.bundles.manager.DagBundlesManager","filename":"manager.py","lineno":209}
{"timestamp":"2026-05-11T17:18:22.799703Z","level":"info","event":"Filling up the DagBag from /opt/airflow/dags/__pycache__/csv_upsert_pipeline.py","logger":"airflow.dag_processing.dagbag.BundleDagBag","filename":"dagbag.py","lineno":469}
{"timestamp":"2026-05-11T17:18:22.851334Z","level":"warning","event":"airflow.exceptions.AirflowSkipException is deprecated and will be removed in a future version. Use airflow.sdk.exceptions.AirflowSkipException instead.","category":"UserWarning","filename":"/opt/airflow/dags/__pycache__/csv_upsert_pipeline.py","lineno":7,"logger":"py.warnings"}
{"timestamp":"2026-05-11T17:18:23.835299Z","level":"info","event":"Task instance is in running state","logger":"task.stdout"}
{"timestamp":"2026-05-11T17:18:23.845673Z","level":"info","event":" Previous state of the Task instance: TaskInstanceState.QUEUED","logger":"task.stdout"}
{"timestamp":"2026-05-11T17:18:23.846158Z","level":"info","event":"Current task name:process_partition","logger":"task.stdout"}
{"timestamp":"2026-05-11T17:18:23.850715Z","level":"info","event":"Dag name:csv_upsert_pipeline","logger":"task.stdout"}
{"timestamp":"2026-05-11T17:18:23.853972Z","level":"info","event":"[INFO] data_interval_start : 2026-05-06 00:00:00+00:00","logger":"task.stdout"}
{"timestamp":"2026-05-11T17:18:23.854427Z","level":"info","event":"[INFO] data_interval_end   : 2026-05-06 00:00:00+00:00","logger":"task.stdout"}
{"timestamp":"2026-05-11T17:18:23.854883Z","level":"info","event":"[INFO] Processing partition: /data/time_stamp=2026-05-06-00","logger":"task.stdout"}
{"timestamp":"2026-05-11T17:18:23.874943Z","level":"info","event":"[INFO] Sorted files: ['data_1.csv', 'data_2.csv', 'data_3.csv', 'data_4.csv']","logger":"task.stdout"}
{"timestamp":"2026-05-11T17:18:23.877301Z","level":"info","event":"[INFO] Read data_1.csv  (index=1)","logger":"task.stdout"}
{"timestamp":"2026-05-11T17:18:23.879775Z","level":"info","event":"[INFO] Read data_2.csv  (index=2)","logger":"task.stdout"}
{"timestamp":"2026-05-11T17:18:23.887172Z","level":"info","event":"[INFO] Read data_3.csv  (index=3)","logger":"task.stdout"}
{"timestamp":"2026-05-11T17:18:23.894164Z","level":"info","event":"[INFO] Read data_4.csv  (index=4)","logger":"task.stdout"}
{"timestamp":"2026-05-11T17:18:23.896932Z","level":"info","event":"[INFO] Resolved 15 unique IDs for this run:","logger":"task.stdout"}
{"timestamp":"2026-05-11T17:18:23.897751Z","level":"info","event":"       id=1 → {'id': '1', 'name': 'Ivy', 'age': '57', 'department': 'Sales', 'salary': '65308.32', 'working_hours': '39.0'}","logger":"task.stdout"}
{"timestamp":"2026-05-11T17:18:23.898323Z","level":"info","event":"       id=2 → {'id': '2', 'name': 'Ivy', 'age': '51', 'department': 'Marketing', 'salary': '108650.14', 'working_hours': '41.1'}","logger":"task.stdout"}
{"timestamp":"2026-05-11T17:18:23.904649Z","level":"info","event":"       id=3 → {'id': '3', 'name': 'Grace', 'age': '40', 'department': 'Sales', 'salary': '99649.25', 'working_hours': '35.6'}","logger":"task.stdout"}
{"timestamp":"2026-05-11T17:18:23.905236Z","level":"info","event":"       id=4 → {'id': '4', 'name': 'Diana', 'age': '38', 'department': 'Finance', 'salary': '84684.23', 'working_hours': '32.7'}","logger":"task.stdout"}
{"timestamp":"2026-05-11T17:18:23.905801Z","level":"info","event":"       id=5 → {'id': '5', 'name': 'Eve', 'age': '29', 'department': 'Marketing', 'salary': '37845.65', 'working_hours': '49.9'}","logger":"task.stdout"}
{"timestamp":"2026-05-11T17:18:23.906416Z","level":"info","event":"       id=6 → {'id': '6', 'name': 'Diana', 'age': '57', 'department': 'Engineering', 'salary': '109242.16', 'working_hours': '31.0'}","logger":"task.stdout"}
{"timestamp":"2026-05-11T17:18:23.908519Z","level":"info","event":"       id=7 → {'id': '7', 'name': 'Hank', 'age': '51', 'department': 'HR', 'salary': '30995.46', 'working_hours': '28.2'}","logger":"task.stdout"}
{"timestamp":"2026-05-11T17:18:23.909092Z","level":"info","event":"       id=8 → {'id': '8', 'name': 'Alice', 'age': '27', 'department': 'Operations', 'salary': '77140.8', 'working_hours': '21.1'}","logger":"task.stdout"}
{"timestamp":"2026-05-11T17:18:23.913801Z","level":"info","event":"       id=9 → {'id': '9', 'name': 'Ivy', 'age': '44', 'department': 'Engineering', 'salary': '77782.06', 'working_hours': '29.1'}","logger":"task.stdout"}
{"timestamp":"2026-05-11T17:18:23.914263Z","level":"info","event":"       id=10 → {'id': '10', 'name': 'Grace', 'age': '58', 'department': 'HR', 'salary': '77359.79', 'working_hours': '41.4'}","logger":"task.stdout"}
{"timestamp":"2026-05-11T17:18:23.914752Z","level":"info","event":"       id=11 → {'id': '11', 'name': 'Charlie', 'age': '35', 'department': 'Finance', 'salary': '90654.38', 'working_hours': '27.3'}","logger":"task.stdout"}
{"timestamp":"2026-05-11T17:18:23.917618Z","level":"info","event":"       id=12 → {'id': '12', 'name': 'Eve', 'age': '36', 'department': 'HR', 'salary': '67077.37', 'working_hours': '25.4'}","logger":"task.stdout"}
{"timestamp":"2026-05-11T17:18:23.918119Z","level":"info","event":"       id=13 → {'id': '13', 'name': 'Hank', 'age': '32', 'department': 'Engineering', 'salary': '30530.4', 'working_hours': '47.1'}","logger":"task.stdout"}
{"timestamp":"2026-05-11T17:18:23.918637Z","level":"info","event":"       id=14 → {'id': '14', 'name': 'Frank', 'age': '39', 'department': 'Finance', 'salary': '115894.73', 'working_hours': '55.7'}","logger":"task.stdout"}
{"timestamp":"2026-05-11T17:18:23.919589Z","level":"info","event":"       id=15 → {'id': '15', 'name': 'Hank', 'age': '42', 'department': 'Engineering', 'salary': '90717.15', 'working_hours': '53.3'}","logger":"task.stdout"}
{"timestamp":"2026-05-11T17:18:23.920328Z","level":"info","event":"[INFO] result.csv found — upsert.","logger":"task.stdout"}
{"timestamp":"2026-05-11T17:18:23.920885Z","level":"info","event":"[INFO] In existing result.csv 20 rows.","logger":"task.stdout"}
{"timestamp":"2026-05-11T17:18:23.921319Z","level":"info","event":"       UPDATE  id=1","logger":"task.stdout"}
{"timestamp":"2026-05-11T17:18:23.921844Z","level":"info","event":"       UPDATE  id=2","logger":"task.stdout"}
{"timestamp":"2026-05-11T17:18:23.922249Z","level":"info","event":"       UPDATE  id=3","logger":"task.stdout"}
{"timestamp":"2026-05-11T17:18:23.922710Z","level":"info","event":"       UPDATE  id=4","logger":"task.stdout"}
{"timestamp":"2026-05-11T17:18:23.923099Z","level":"info","event":"       UPDATE  id=5","logger":"task.stdout"}
{"timestamp":"2026-05-11T17:18:23.923533Z","level":"info","event":"       UPDATE  id=6","logger":"task.stdout"}
{"timestamp":"2026-05-11T17:18:23.923960Z","level":"info","event":"       UPDATE  id=7","logger":"task.stdout"}
{"timestamp":"2026-05-11T17:18:23.924408Z","level":"info","event":"       UPDATE  id=8","logger":"task.stdout"}
{"timestamp":"2026-05-11T17:18:23.924991Z","level":"info","event":"       UPDATE  id=9","logger":"task.stdout"}
{"timestamp":"2026-05-11T17:18:23.925563Z","level":"info","event":"       UPDATE  id=10","logger":"task.stdout"}
{"timestamp":"2026-05-11T17:18:23.925983Z","level":"info","event":"       UPDATE  id=11","logger":"task.stdout"}
{"timestamp":"2026-05-11T17:18:23.926518Z","level":"info","event":"       UPDATE  id=12","logger":"task.stdout"}
{"timestamp":"2026-05-11T17:18:23.926921Z","level":"info","event":"       UPDATE  id=13","logger":"task.stdout"}
{"timestamp":"2026-05-11T17:18:23.931850Z","level":"info","event":"       UPDATE  id=14","logger":"task.stdout"}
{"timestamp":"2026-05-11T17:18:23.932316Z","level":"info","event":"       UPDATE  id=15","logger":"task.stdout"}
{"timestamp":"2026-05-11T17:18:23.932775Z","level":"info","event":"[INFO] result.csv updated — total 20 rows.","logger":"task.stdout"}
{"timestamp":"2026-05-11T17:18:23.912366Z","level":"info","event":"Done. Returned value was: None","logger":"airflow.task.operators.airflow.providers.standard.operators.python.PythonOperator","filename":"python.py","lineno":229}
{"timestamp":"2026-05-11T17:18:24.319352Z","level":"info","event":"Task instance in success state","logger":"task.stdout"}
{"timestamp":"2026-05-11T17:18:24.324045Z","level":"info","event":" Previous state of the Task instance: TaskInstanceState.RUNNING","logger":"task.stdout"}
{"timestamp":"2026-05-11T17:18:24.324727Z","level":"info","event":"Task operator:<Task(PythonOperator): process_partition>","logger":"task.stdout"}
