{"timestamp":"2026-05-05T10:31:24.927959Z","level":"info","event":"DAG bundles loaded: dags-folder, example_dags","logger":"airflow.dag_processing.bundles.manager.DagBundlesManager","filename":"manager.py","lineno":209}
{"timestamp":"2026-05-05T10:31:24.930693Z","level":"info","event":"Filling up the DagBag from /opt/airflow/dags/print_interval_dag.py","logger":"airflow.dag_processing.dagbag.BundleDagBag","filename":"dagbag.py","lineno":469}
{"timestamp":"2026-05-05T10:31:25.005460Z","level":"warning","event":"The `airflow.operators.python.PythonOperator` attribute is deprecated. Please use `'airflow.providers.standard.operators.python.PythonOperator'`.","category":"UserWarning","filename":"/opt/airflow/dags/print_interval_dag.py","lineno":2,"logger":"py.warnings"}
{"timestamp":"2026-05-05T10:31:25.134862Z","level":"info","event":"Task instance is in running state","logger":"task.stdout"}
{"timestamp":"2026-05-05T10:31:25.137491Z","level":"info","event":" Previous state of the Task instance: TaskInstanceState.QUEUED","logger":"task.stdout"}
{"timestamp":"2026-05-05T10:31:25.142310Z","level":"info","event":"Current task name:print_interval","logger":"task.stdout"}
{"timestamp":"2026-05-05T10:31:25.147683Z","level":"info","event":"Dag name:print_interval_dag","logger":"task.stdout"}
{"timestamp":"2026-05-05T10:31:25.149999Z","level":"info","event":"Interval Start: 2025-06-03 00:00:00+00:00","logger":"task.stdout"}
{"timestamp":"2026-05-05T10:31:25.150804Z","level":"info","event":"Interval End:   2025-06-03 00:00:00+00:00","logger":"task.stdout"}
{"timestamp":"2026-05-05T10:31:25.145627Z","level":"info","event":"Done. Returned value was: None","logger":"airflow.task.operators.airflow.providers.standard.operators.python.PythonOperator","filename":"python.py","lineno":229}
{"timestamp":"2026-05-05T10:31:25.255598Z","level":"info","event":"Task instance in success state","logger":"task.stdout"}
{"timestamp":"2026-05-05T10:31:25.262287Z","level":"info","event":" Previous state of the Task instance: TaskInstanceState.RUNNING","logger":"task.stdout"}
{"timestamp":"2026-05-05T10:31:25.262738Z","level":"info","event":"Task operator:<Task(PythonOperator): print_interval>","logger":"task.stdout"}
{"timestamp":"2026-05-05T12:27:22.847009Z","level":"info","event":"DAG bundles loaded: dags-folder, example_dags","logger":"airflow.dag_processing.bundles.manager.DagBundlesManager","filename":"manager.py","lineno":209}
{"timestamp":"2026-05-05T12:27:22.848557Z","level":"info","event":"Filling up the DagBag from /opt/airflow/dags/print_interval_dag.py","logger":"airflow.dag_processing.dagbag.BundleDagBag","filename":"dagbag.py","lineno":469}
{"timestamp":"2026-05-05T12:27:22.953342Z","level":"info","event":"Task instance is in running state","logger":"task.stdout"}
{"timestamp":"2026-05-05T12:27:22.953946Z","level":"info","event":" Previous state of the Task instance: TaskInstanceState.QUEUED","logger":"task.stdout"}
{"timestamp":"2026-05-05T12:27:22.954546Z","level":"info","event":"Current task name:print_interval","logger":"task.stdout"}
{"timestamp":"2026-05-05T12:27:22.955155Z","level":"info","event":"Dag name:print_interval_dag","logger":"task.stdout"}
{"timestamp":"2026-05-05T12:27:22.962877Z","level":"info","event":"=== ALL AVAILABLE MACROS ===","logger":"task.stdout"}
{"timestamp":"2026-05-05T12:27:22.963911Z","level":"info","event":"dag: <DAG: print_interval_dag>","logger":"task.stdout"}
{"timestamp":"2026-05-05T12:27:22.964557Z","level":"info","event":"inlets: []","logger":"task.stdout"}
{"timestamp":"2026-05-05T12:27:22.965202Z","level":"info","event":"map_index_template: None","logger":"task.stdout"}
{"timestamp":"2026-05-05T12:27:22.965666Z","level":"info","event":"outlets: []","logger":"task.stdout"}
{"timestamp":"2026-05-05T12:27:22.967568Z","level":"info","event":"run_id: scheduled__2025-06-03T00:00:00+00:00","logger":"task.stdout"}
{"timestamp":"2026-05-05T12:27:22.968199Z","level":"info","event":"task: <Task(PythonOperator): print_interval>","logger":"task.stdout"}
{"timestamp":"2026-05-05T12:27:22.969849Z","level":"info","event":"task_instance: id=UUID('019df81b-72b8-7502-9361-e8a8f127243d') task_id='print_interval' dag_id='print_interval_dag' run_id='scheduled__2025-06-03T00:00:00+00:00' try_number=1 dag_version_id=UUID('019df815-a045-750b-bac8-47ced7cc6a45') map_index=-1 hostname='86abe326db93' context_carrier={'traceparent': '00-b85cc227ce054c965c3d67d3a5a5135d-423b1ede7328cf69-01'} task=<Task(PythonOperator): print_interval> bundle_instance=LocalDagBundle(name=dags-folder) max_tries=0 start_date=datetime.datetime(2026, 5, 5, 12, 27, 21, 987296, tzinfo=datetime.timezone.utc) end_date=None state=<TaskInstanceState.RUNNING: 'running'> is_mapped=False rendered_map_index=None sentry_integration=''","logger":"task.stdout"}
{"timestamp":"2026-05-05T12:27:22.970479Z","level":"info","event":"ti: id=UUID('019df81b-72b8-7502-9361-e8a8f127243d') task_id='print_interval' dag_id='print_interval_dag' run_id='scheduled__2025-06-03T00:00:00+00:00' try_number=1 dag_version_id=UUID('019df815-a045-750b-bac8-47ced7cc6a45') map_index=-1 hostname='86abe326db93' context_carrier={'traceparent': '00-b85cc227ce054c965c3d67d3a5a5135d-423b1ede7328cf69-01'} task=<Task(PythonOperator): print_interval> bundle_instance=LocalDagBundle(name=dags-folder) max_tries=0 start_date=datetime.datetime(2026, 5, 5, 12, 27, 21, 987296, tzinfo=datetime.timezone.utc) end_date=None state=<TaskInstanceState.RUNNING: 'running'> is_mapped=False rendered_map_index=None sentry_integration=''","logger":"task.stdout"}
{"timestamp":"2026-05-05T12:27:22.970807Z","level":"info","event":"outlet_events: OutletEventAccessors(_dict={})","logger":"task.stdout"}
{"timestamp":"2026-05-05T12:27:22.971263Z","level":"info","event":"inlet_events: InletEventsAccessors(_inlets=[], _assets={}, _asset_aliases={})","logger":"task.stdout"}
{"timestamp":"2026-05-05T12:27:22.974866Z","level":"info","event":"macros: <MacrosAccessor (dynamic access to macros)>","logger":"task.stdout"}
{"timestamp":"2026-05-05T12:27:22.975469Z","level":"info","event":"params: {}","logger":"task.stdout"}
{"timestamp":"2026-05-05T12:27:22.977255Z","level":"info","event":"var: {'json': <VariableAccessor (dynamic access)>, 'value': <VariableAccessor (dynamic access)>}","logger":"task.stdout"}
{"timestamp":"2026-05-05T12:27:22.977819Z","level":"info","event":"conn: <ConnectionAccessor (dynamic access)>","logger":"task.stdout"}
{"timestamp":"2026-05-05T12:27:22.978215Z","level":"info","event":"dag_run: dag_id='print_interval_dag' run_id='scheduled__2025-06-03T00:00:00+00:00' logical_date=datetime.datetime(2025, 6, 3, 0, 0, tzinfo=datetime.timezone.utc) data_interval_start=datetime.datetime(2025, 6, 3, 0, 0, tzinfo=datetime.timezone.utc) data_interval_end=datetime.datetime(2025, 6, 3, 0, 0, tzinfo=datetime.timezone.utc) run_after=datetime.datetime(2025, 6, 3, 0, 0, tzinfo=datetime.timezone.utc) start_date=datetime.datetime(2026, 5, 5, 12, 27, 21, 682749, tzinfo=datetime.timezone.utc) end_date=None clear_number=0 run_type=<DagRunType.SCHEDULED: 'scheduled'> state=<DagRunState.RUNNING: 'running'> conf={} triggering_user_name=None consumed_asset_events=[] partition_key=None note=None","logger":"task.stdout"}
{"timestamp":"2026-05-05T12:27:22.981019Z","level":"info","event":"triggering_asset_events: TriggeringAssetEventAccessor(_events=defaultdict(<class 'list'>, {}))","logger":"task.stdout"}
{"timestamp":"2026-05-05T12:27:22.981563Z","level":"info","event":"task_instance_key_str: print_interval_dag__print_interval__20250603","logger":"task.stdout"}
{"timestamp":"2026-05-05T12:27:22.982480Z","level":"info","event":"task_reschedule_count: 0","logger":"task.stdout"}
{"timestamp":"2026-05-05T12:27:23.022006Z","level":"info","event":"prev_start_date_success: 2026-05-05 12:27:20.840553+00:00","logger":"task.stdout"}
{"timestamp":"2026-05-05T12:27:23.024878Z","level":"info","event":"prev_end_date_success: 2026-05-05 12:27:22.551696+00:00","logger":"task.stdout"}
{"timestamp":"2026-05-05T12:27:23.025419Z","level":"info","event":"logical_date: 2025-06-03 00:00:00+00:00","logger":"task.stdout"}
{"timestamp":"2026-05-05T12:27:23.028725Z","level":"info","event":"ds: 2025-06-03","logger":"task.stdout"}
{"timestamp":"2026-05-05T12:27:23.029551Z","level":"info","event":"ds_nodash: 20250603","logger":"task.stdout"}
{"timestamp":"2026-05-05T12:27:23.030122Z","level":"info","event":"ts: 2025-06-03T00:00:00+00:00","logger":"task.stdout"}
{"timestamp":"2026-05-05T12:27:23.030553Z","level":"info","event":"ts_nodash: 20250603T000000","logger":"task.stdout"}
{"timestamp":"2026-05-05T12:27:23.031252Z","level":"info","event":"ts_nodash_with_tz: 20250603T000000+0000","logger":"task.stdout"}
{"timestamp":"2026-05-05T12:27:23.035962Z","level":"info","event":"data_interval_end: 2025-06-03 00:00:00+00:00","logger":"task.stdout"}
{"timestamp":"2026-05-05T12:27:23.036486Z","level":"info","event":"data_interval_start: 2025-06-03 00:00:00+00:00","logger":"task.stdout"}
{"timestamp":"2026-05-05T12:27:23.037024Z","level":"info","event":"prev_data_interval_start_success: 2025-06-02 18:00:00+00:00","logger":"task.stdout"}
{"timestamp":"2026-05-05T12:27:23.037579Z","level":"info","event":"prev_data_interval_end_success: 2025-06-02 18:00:00+00:00","logger":"task.stdout"}
{"timestamp":"2026-05-05T12:27:23.038085Z","level":"info","event":"templates_dict: None","logger":"task.stdout"}
{"timestamp":"2026-05-05T12:27:23.021170Z","level":"info","event":"Done. Returned value was: None","logger":"airflow.task.operators.airflow.providers.standard.operators.python.PythonOperator","filename":"python.py","lineno":229}
{"timestamp":"2026-05-05T12:27:23.111801Z","level":"info","event":"Task instance in success state","logger":"task.stdout"}
{"timestamp":"2026-05-05T12:27:23.112519Z","level":"info","event":" Previous state of the Task instance: TaskInstanceState.RUNNING","logger":"task.stdout"}
{"timestamp":"2026-05-05T12:27:23.116543Z","level":"info","event":"Task operator:<Task(PythonOperator): print_interval>","logger":"task.stdout"}
