{"timestamp":"2026-05-08T17:37:46.561432Z","level":"info","event":"DAG bundles loaded: dags-folder, example_dags","logger":"airflow.dag_processing.bundles.manager.DagBundlesManager","filename":"manager.py","lineno":209}
{"timestamp":"2026-05-08T17:37:46.564904Z","level":"info","event":"Filling up the DagBag from /opt/airflow/dags/csv_upsert_pipeline.py","logger":"airflow.dag_processing.dagbag.BundleDagBag","filename":"dagbag.py","lineno":469}
{"timestamp":"2026-05-08T17:37:46.586158Z","level":"warning","event":"airflow.exceptions.AirflowSkipException is deprecated and will be removed in a future version. Use airflow.sdk.exceptions.AirflowSkipException instead.","category":"UserWarning","filename":"/opt/airflow/dags/csv_upsert_pipeline.py","lineno":7,"logger":"py.warnings"}
{"timestamp":"2026-05-08T17:37:46.658584Z","level":"info","event":"Task instance is in running state","logger":"task.stdout"}
{"timestamp":"2026-05-08T17:37:46.661013Z","level":"info","event":" Previous state of the Task instance: TaskInstanceState.QUEUED","logger":"task.stdout"}
{"timestamp":"2026-05-08T17:37:46.661666Z","level":"info","event":"Current task name:process_partition","logger":"task.stdout"}
{"timestamp":"2026-05-08T17:37:46.662128Z","level":"info","event":"Dag name:csv_upsert_pipeline","logger":"task.stdout"}
{"timestamp":"2026-05-08T17:37:46.666021Z","level":"info","event":"[INFO] data_interval_start : 2026-05-02 16:00:00+00:00","logger":"task.stdout"}
{"timestamp":"2026-05-08T17:37:46.668782Z","level":"info","event":"[INFO] data_interval_end   : 2026-05-02 16:00:00+00:00","logger":"task.stdout"}
{"timestamp":"2026-05-08T17:37:46.670977Z","level":"info","event":"[INFO] Processing partition: /data/time_stamp=2026-05-02-16","logger":"task.stdout"}
{"timestamp":"2026-05-08T17:37:46.673445Z","level":"info","event":"[INFO] Sorted files: ['data_1.csv']","logger":"task.stdout"}
{"timestamp":"2026-05-08T17:37:46.675546Z","level":"info","event":"[INFO] Read data_1.csv  (index=1)","logger":"task.stdout"}
{"timestamp":"2026-05-08T17:37:46.681868Z","level":"info","event":"[INFO] Resolved 20 unique IDs for this run:","logger":"task.stdout"}
{"timestamp":"2026-05-08T17:37:46.682799Z","level":"info","event":"       id=1 → {'id': '1', 'name': 'Jack', 'age': '44', 'department': 'Engineering', 'salary': '64043.35', 'working_hours': '27.8'}","logger":"task.stdout"}
{"timestamp":"2026-05-08T17:37:46.685289Z","level":"info","event":"       id=2 → {'id': '2', 'name': 'Charlie', 'age': '31', 'department': 'Operations', 'salary': '105346.95', 'working_hours': '21.0'}","logger":"task.stdout"}
{"timestamp":"2026-05-08T17:37:46.686338Z","level":"info","event":"       id=3 → {'id': '3', 'name': 'Jack', 'age': '56', 'department': 'Sales', 'salary': '118260.63', 'working_hours': '53.9'}","logger":"task.stdout"}
{"timestamp":"2026-05-08T17:37:46.686972Z","level":"info","event":"       id=4 → {'id': '4', 'name': 'Charlie', 'age': '36', 'department': 'Finance', 'salary': '98718.03', 'working_hours': '55.5'}","logger":"task.stdout"}
{"timestamp":"2026-05-08T17:37:46.689068Z","level":"info","event":"       id=5 → {'id': '5', 'name': 'Diana', 'age': '22', 'department': 'Operations', 'salary': '45955.93', 'working_hours': '45.3'}","logger":"task.stdout"}
{"timestamp":"2026-05-08T17:37:46.689573Z","level":"info","event":"       id=6 → {'id': '6', 'name': 'Ivy', 'age': '23', 'department': 'Sales', 'salary': '37028.07', 'working_hours': '41.4'}","logger":"task.stdout"}
{"timestamp":"2026-05-08T17:37:46.690713Z","level":"info","event":"       id=7 → {'id': '7', 'name': 'Jack', 'age': '50', 'department': 'Marketing', 'salary': '39358.78', 'working_hours': '40.3'}","logger":"task.stdout"}
{"timestamp":"2026-05-08T17:37:46.691358Z","level":"info","event":"       id=8 → {'id': '8', 'name': 'Charlie', 'age': '55', 'department': 'HR', 'salary': '30568.16', 'working_hours': '32.8'}","logger":"task.stdout"}
{"timestamp":"2026-05-08T17:37:46.691779Z","level":"info","event":"       id=9 → {'id': '9', 'name': 'Bob', 'age': '57', 'department': 'Operations', 'salary': '113853.82', 'working_hours': '46.3'}","logger":"task.stdout"}
{"timestamp":"2026-05-08T17:37:46.692264Z","level":"info","event":"       id=10 → {'id': '10', 'name': 'Diana', 'age': '29', 'department': 'Operations', 'salary': '60374.42', 'working_hours': '27.1'}","logger":"task.stdout"}
{"timestamp":"2026-05-08T17:37:46.692518Z","level":"info","event":"       id=11 → {'id': '11', 'name': 'Alice', 'age': '53', 'department': 'Sales', 'salary': '92672.19', 'working_hours': '39.7'}","logger":"task.stdout"}
{"timestamp":"2026-05-08T17:37:46.692845Z","level":"info","event":"       id=12 → {'id': '12', 'name': 'Alice', 'age': '41', 'department': 'Operations', 'salary': '108552.37', 'working_hours': '33.4'}","logger":"task.stdout"}
{"timestamp":"2026-05-08T17:37:46.693770Z","level":"info","event":"       id=13 → {'id': '13', 'name': 'Grace', 'age': '31', 'department': 'Engineering', 'salary': '101422.99', 'working_hours': '22.5'}","logger":"task.stdout"}
{"timestamp":"2026-05-08T17:37:46.694188Z","level":"info","event":"       id=14 → {'id': '14', 'name': 'Frank', 'age': '52', 'department': 'Sales', 'salary': '96311.66', 'working_hours': '50.8'}","logger":"task.stdout"}
{"timestamp":"2026-05-08T17:37:46.694880Z","level":"info","event":"       id=15 → {'id': '15', 'name': 'Alice', 'age': '55', 'department': 'Sales', 'salary': '40845.17', 'working_hours': '29.9'}","logger":"task.stdout"}
{"timestamp":"2026-05-08T17:37:46.695450Z","level":"info","event":"       id=16 → {'id': '16', 'name': 'Grace', 'age': '40', 'department': 'Marketing', 'salary': '34608.26', 'working_hours': '25.9'}","logger":"task.stdout"}
{"timestamp":"2026-05-08T17:37:46.697843Z","level":"info","event":"       id=17 → {'id': '17', 'name': 'Hank', 'age': '24', 'department': 'HR', 'salary': '59421.8', 'working_hours': '21.6'}","logger":"task.stdout"}
{"timestamp":"2026-05-08T17:37:46.698460Z","level":"info","event":"       id=18 → {'id': '18', 'name': 'Eve', 'age': '25', 'department': 'Marketing', 'salary': '108635.87', 'working_hours': '59.4'}","logger":"task.stdout"}
{"timestamp":"2026-05-08T17:37:46.698951Z","level":"info","event":"       id=19 → {'id': '19', 'name': 'Charlie', 'age': '51', 'department': 'Marketing', 'salary': '66722.15', 'working_hours': '49.7'}","logger":"task.stdout"}
{"timestamp":"2026-05-08T17:37:46.702441Z","level":"info","event":"       id=20 → {'id': '20', 'name': 'Alice', 'age': '31', 'department': 'Sales', 'salary': '72291.25', 'working_hours': '47.5'}","logger":"task.stdout"}
{"timestamp":"2026-05-08T17:37:46.703259Z","level":"info","event":"[INFO] result.csv mil gayi — upsert karte hain.","logger":"task.stdout"}
{"timestamp":"2026-05-08T17:37:46.703707Z","level":"info","event":"[INFO] Existing result.csv mein 20 rows hain.","logger":"task.stdout"}
{"timestamp":"2026-05-08T17:37:46.704139Z","level":"info","event":"       UPDATE  id=1","logger":"task.stdout"}
{"timestamp":"2026-05-08T17:37:46.704496Z","level":"info","event":"       UPDATE  id=2","logger":"task.stdout"}
{"timestamp":"2026-05-08T17:37:46.704934Z","level":"info","event":"       UPDATE  id=3","logger":"task.stdout"}
{"timestamp":"2026-05-08T17:37:46.705244Z","level":"info","event":"       UPDATE  id=4","logger":"task.stdout"}
{"timestamp":"2026-05-08T17:37:46.705506Z","level":"info","event":"       UPDATE  id=5","logger":"task.stdout"}
{"timestamp":"2026-05-08T17:37:46.706015Z","level":"info","event":"       UPDATE  id=6","logger":"task.stdout"}
{"timestamp":"2026-05-08T17:37:46.706299Z","level":"info","event":"       UPDATE  id=7","logger":"task.stdout"}
{"timestamp":"2026-05-08T17:37:46.706621Z","level":"info","event":"       UPDATE  id=8","logger":"task.stdout"}
{"timestamp":"2026-05-08T17:37:46.707118Z","level":"info","event":"       UPDATE  id=9","logger":"task.stdout"}
{"timestamp":"2026-05-08T17:37:46.707457Z","level":"info","event":"       UPDATE  id=10","logger":"task.stdout"}
{"timestamp":"2026-05-08T17:37:46.707839Z","level":"info","event":"       UPDATE  id=11","logger":"task.stdout"}
{"timestamp":"2026-05-08T17:37:46.708227Z","level":"info","event":"       UPDATE  id=12","logger":"task.stdout"}
{"timestamp":"2026-05-08T17:37:46.709261Z","level":"info","event":"       UPDATE  id=13","logger":"task.stdout"}
{"timestamp":"2026-05-08T17:37:46.709610Z","level":"info","event":"       UPDATE  id=14","logger":"task.stdout"}
{"timestamp":"2026-05-08T17:37:46.710073Z","level":"info","event":"       UPDATE  id=15","logger":"task.stdout"}
{"timestamp":"2026-05-08T17:37:46.710409Z","level":"info","event":"       UPDATE  id=16","logger":"task.stdout"}
{"timestamp":"2026-05-08T17:37:46.711032Z","level":"info","event":"       UPDATE  id=17","logger":"task.stdout"}
{"timestamp":"2026-05-08T17:37:46.711593Z","level":"info","event":"       UPDATE  id=18","logger":"task.stdout"}
{"timestamp":"2026-05-08T17:37:46.712212Z","level":"info","event":"       UPDATE  id=19","logger":"task.stdout"}
{"timestamp":"2026-05-08T17:37:46.713376Z","level":"info","event":"       UPDATE  id=20","logger":"task.stdout"}
{"timestamp":"2026-05-08T17:37:46.714451Z","level":"info","event":"[INFO] result.csv updated — total 20 rows.","logger":"task.stdout"}
{"timestamp":"2026-05-08T17:37:46.687536Z","level":"info","event":"Done. Returned value was: None","logger":"airflow.task.operators.airflow.providers.standard.operators.python.PythonOperator","filename":"python.py","lineno":229}
{"timestamp":"2026-05-08T17:37:46.772896Z","level":"info","event":"Task instance in success state","logger":"task.stdout"}
{"timestamp":"2026-05-08T17:37:46.773657Z","level":"info","event":" Previous state of the Task instance: TaskInstanceState.RUNNING","logger":"task.stdout"}
{"timestamp":"2026-05-08T17:37:46.774426Z","level":"info","event":"Task operator:<Task(PythonOperator): process_partition>","logger":"task.stdout"}
{"timestamp":"2026-05-11T16:46:49.292024Z","level":"info","event":"DAG bundles loaded: dags-folder, example_dags","logger":"airflow.dag_processing.bundles.manager.DagBundlesManager","filename":"manager.py","lineno":209}
{"timestamp":"2026-05-11T16:46:49.294772Z","level":"info","event":"Filling up the DagBag from /opt/airflow/dags/__pycache__/csv_upsert_pipeline.py","logger":"airflow.dag_processing.dagbag.BundleDagBag","filename":"dagbag.py","lineno":469}
{"timestamp":"2026-05-11T16:46:49.306095Z","level":"warning","event":"airflow.exceptions.AirflowSkipException is deprecated and will be removed in a future version. Use airflow.sdk.exceptions.AirflowSkipException instead.","category":"UserWarning","filename":"/opt/airflow/dags/__pycache__/csv_upsert_pipeline.py","lineno":7,"logger":"py.warnings"}
{"timestamp":"2026-05-11T16:46:49.388766Z","level":"info","event":"Task instance is in running state","logger":"task.stdout"}
{"timestamp":"2026-05-11T16:46:49.389424Z","level":"info","event":" Previous state of the Task instance: TaskInstanceState.QUEUED","logger":"task.stdout"}
{"timestamp":"2026-05-11T16:46:49.389722Z","level":"info","event":"Current task name:process_partition","logger":"task.stdout"}
{"timestamp":"2026-05-11T16:46:49.390020Z","level":"info","event":"Dag name:csv_upsert_pipeline","logger":"task.stdout"}
{"timestamp":"2026-05-11T16:46:49.392127Z","level":"info","event":"[INFO] data_interval_start : 2026-05-02 16:00:00+00:00","logger":"task.stdout"}
{"timestamp":"2026-05-11T16:46:49.392798Z","level":"info","event":"[INFO] data_interval_end   : 2026-05-02 16:00:00+00:00","logger":"task.stdout"}
{"timestamp":"2026-05-11T16:46:49.393310Z","level":"info","event":"[INFO] Processing partition: /data/time_stamp=2026-05-02-16","logger":"task.stdout"}
{"timestamp":"2026-05-11T16:46:49.395133Z","level":"info","event":"[INFO] Sorted files: ['data_1.csv']","logger":"task.stdout"}
{"timestamp":"2026-05-11T16:46:49.401031Z","level":"info","event":"[INFO] Read data_1.csv  (index=1)","logger":"task.stdout"}
{"timestamp":"2026-05-11T16:46:49.401682Z","level":"info","event":"[INFO] Resolved 20 unique IDs for this run:","logger":"task.stdout"}
{"timestamp":"2026-05-11T16:46:49.402372Z","level":"info","event":"       id=1 → {'id': '1', 'name': 'Jack', 'age': '44', 'department': 'Engineering', 'salary': '64043.35', 'working_hours': '27.8'}","logger":"task.stdout"}
{"timestamp":"2026-05-11T16:46:49.404303Z","level":"info","event":"       id=2 → {'id': '2', 'name': 'Charlie', 'age': '31', 'department': 'Operations', 'salary': '105346.95', 'working_hours': '21.0'}","logger":"task.stdout"}
{"timestamp":"2026-05-11T16:46:49.409704Z","level":"info","event":"       id=3 → {'id': '3', 'name': 'Jack', 'age': '56', 'department': 'Sales', 'salary': '118260.63', 'working_hours': '53.9'}","logger":"task.stdout"}
{"timestamp":"2026-05-11T16:46:49.410139Z","level":"info","event":"       id=4 → {'id': '4', 'name': 'Charlie', 'age': '36', 'department': 'Finance', 'salary': '98718.03', 'working_hours': '55.5'}","logger":"task.stdout"}
{"timestamp":"2026-05-11T16:46:49.410829Z","level":"info","event":"       id=5 → {'id': '5', 'name': 'Diana', 'age': '22', 'department': 'Operations', 'salary': '45955.93', 'working_hours': '45.3'}","logger":"task.stdout"}
{"timestamp":"2026-05-11T16:46:49.411465Z","level":"info","event":"       id=6 → {'id': '6', 'name': 'Ivy', 'age': '23', 'department': 'Sales', 'salary': '37028.07', 'working_hours': '41.4'}","logger":"task.stdout"}
{"timestamp":"2026-05-11T16:46:49.412004Z","level":"info","event":"       id=7 → {'id': '7', 'name': 'Jack', 'age': '50', 'department': 'Marketing', 'salary': '39358.78', 'working_hours': '40.3'}","logger":"task.stdout"}
{"timestamp":"2026-05-11T16:46:49.414854Z","level":"info","event":"       id=8 → {'id': '8', 'name': 'Charlie', 'age': '55', 'department': 'HR', 'salary': '30568.16', 'working_hours': '32.8'}","logger":"task.stdout"}
{"timestamp":"2026-05-11T16:46:49.416203Z","level":"info","event":"       id=9 → {'id': '9', 'name': 'Bob', 'age': '57', 'department': 'Operations', 'salary': '113853.82', 'working_hours': '46.3'}","logger":"task.stdout"}
{"timestamp":"2026-05-11T16:46:49.419066Z","level":"info","event":"       id=10 → {'id': '10', 'name': 'Diana', 'age': '29', 'department': 'Operations', 'salary': '60374.42', 'working_hours': '27.1'}","logger":"task.stdout"}
{"timestamp":"2026-05-11T16:46:49.420667Z","level":"info","event":"       id=11 → {'id': '11', 'name': 'Alice', 'age': '53', 'department': 'Sales', 'salary': '92672.19', 'working_hours': '39.7'}","logger":"task.stdout"}
{"timestamp":"2026-05-11T16:46:49.421343Z","level":"info","event":"       id=12 → {'id': '12', 'name': 'Alice', 'age': '41', 'department': 'Operations', 'salary': '108552.37', 'working_hours': '33.4'}","logger":"task.stdout"}
{"timestamp":"2026-05-11T16:46:49.421972Z","level":"info","event":"       id=13 → {'id': '13', 'name': 'Grace', 'age': '31', 'department': 'Engineering', 'salary': '101422.99', 'working_hours': '22.5'}","logger":"task.stdout"}
{"timestamp":"2026-05-11T16:46:49.422706Z","level":"info","event":"       id=14 → {'id': '14', 'name': 'Frank', 'age': '52', 'department': 'Sales', 'salary': '96311.66', 'working_hours': '50.8'}","logger":"task.stdout"}
{"timestamp":"2026-05-11T16:46:49.423207Z","level":"info","event":"       id=15 → {'id': '15', 'name': 'Alice', 'age': '55', 'department': 'Sales', 'salary': '40845.17', 'working_hours': '29.9'}","logger":"task.stdout"}
{"timestamp":"2026-05-11T16:46:49.423637Z","level":"info","event":"       id=16 → {'id': '16', 'name': 'Grace', 'age': '40', 'department': 'Marketing', 'salary': '34608.26', 'working_hours': '25.9'}","logger":"task.stdout"}
{"timestamp":"2026-05-11T16:46:49.424247Z","level":"info","event":"       id=17 → {'id': '17', 'name': 'Hank', 'age': '24', 'department': 'HR', 'salary': '59421.8', 'working_hours': '21.6'}","logger":"task.stdout"}
{"timestamp":"2026-05-11T16:46:49.425025Z","level":"info","event":"       id=18 → {'id': '18', 'name': 'Eve', 'age': '25', 'department': 'Marketing', 'salary': '108635.87', 'working_hours': '59.4'}","logger":"task.stdout"}
{"timestamp":"2026-05-11T16:46:49.425754Z","level":"info","event":"       id=19 → {'id': '19', 'name': 'Charlie', 'age': '51', 'department': 'Marketing', 'salary': '66722.15', 'working_hours': '49.7'}","logger":"task.stdout"}
{"timestamp":"2026-05-11T16:46:49.426403Z","level":"info","event":"       id=20 → {'id': '20', 'name': 'Alice', 'age': '31', 'department': 'Sales', 'salary': '72291.25', 'working_hours': '47.5'}","logger":"task.stdout"}
{"timestamp":"2026-05-11T16:46:49.429811Z","level":"info","event":"[INFO] result.csv found — upsert.","logger":"task.stdout"}
{"timestamp":"2026-05-11T16:46:49.434318Z","level":"info","event":"[INFO] In existing result.csv 20 rows.","logger":"task.stdout"}
{"timestamp":"2026-05-11T16:46:49.438201Z","level":"info","event":"       UPDATE  id=1","logger":"task.stdout"}
{"timestamp":"2026-05-11T16:46:49.439784Z","level":"info","event":"       UPDATE  id=2","logger":"task.stdout"}
{"timestamp":"2026-05-11T16:46:49.444311Z","level":"info","event":"       UPDATE  id=3","logger":"task.stdout"}
{"timestamp":"2026-05-11T16:46:49.445261Z","level":"info","event":"       UPDATE  id=4","logger":"task.stdout"}
{"timestamp":"2026-05-11T16:46:49.447711Z","level":"info","event":"       UPDATE  id=5","logger":"task.stdout"}
{"timestamp":"2026-05-11T16:46:49.449161Z","level":"info","event":"       UPDATE  id=6","logger":"task.stdout"}
{"timestamp":"2026-05-11T16:46:49.452373Z","level":"info","event":"       UPDATE  id=7","logger":"task.stdout"}
{"timestamp":"2026-05-11T16:46:49.453398Z","level":"info","event":"       UPDATE  id=8","logger":"task.stdout"}
{"timestamp":"2026-05-11T16:46:49.454952Z","level":"info","event":"       UPDATE  id=9","logger":"task.stdout"}
{"timestamp":"2026-05-11T16:46:49.457135Z","level":"info","event":"       UPDATE  id=10","logger":"task.stdout"}
{"timestamp":"2026-05-11T16:46:49.459712Z","level":"info","event":"       UPDATE  id=11","logger":"task.stdout"}
{"timestamp":"2026-05-11T16:46:49.464058Z","level":"info","event":"       UPDATE  id=12","logger":"task.stdout"}
{"timestamp":"2026-05-11T16:46:49.465983Z","level":"info","event":"       UPDATE  id=13","logger":"task.stdout"}
{"timestamp":"2026-05-11T16:46:49.468575Z","level":"info","event":"       UPDATE  id=14","logger":"task.stdout"}
{"timestamp":"2026-05-11T16:46:49.469919Z","level":"info","event":"       UPDATE  id=15","logger":"task.stdout"}
{"timestamp":"2026-05-11T16:46:49.470670Z","level":"info","event":"       UPDATE  id=16","logger":"task.stdout"}
{"timestamp":"2026-05-11T16:46:49.471375Z","level":"info","event":"       UPDATE  id=17","logger":"task.stdout"}
{"timestamp":"2026-05-11T16:46:49.473850Z","level":"info","event":"       UPDATE  id=18","logger":"task.stdout"}
{"timestamp":"2026-05-11T16:46:49.474737Z","level":"info","event":"       UPDATE  id=19","logger":"task.stdout"}
{"timestamp":"2026-05-11T16:46:49.475449Z","level":"info","event":"       UPDATE  id=20","logger":"task.stdout"}
{"timestamp":"2026-05-11T16:46:49.478130Z","level":"info","event":"[INFO] result.csv updated — total 20 rows.","logger":"task.stdout"}
{"timestamp":"2026-05-11T16:46:49.407027Z","level":"info","event":"Done. Returned value was: None","logger":"airflow.task.operators.airflow.providers.standard.operators.python.PythonOperator","filename":"python.py","lineno":229}
{"timestamp":"2026-05-11T16:46:49.543534Z","level":"info","event":"Task instance in success state","logger":"task.stdout"}
{"timestamp":"2026-05-11T16:46:49.547641Z","level":"info","event":" Previous state of the Task instance: TaskInstanceState.RUNNING","logger":"task.stdout"}
{"timestamp":"2026-05-11T16:46:49.548183Z","level":"info","event":"Task operator:<Task(PythonOperator): process_partition>","logger":"task.stdout"}
{"timestamp":"2026-05-11T17:17:24.145639Z","level":"info","event":"DAG bundles loaded: dags-folder, example_dags","logger":"airflow.dag_processing.bundles.manager.DagBundlesManager","filename":"manager.py","lineno":209}
{"timestamp":"2026-05-11T17:17:24.147555Z","level":"info","event":"Filling up the DagBag from /opt/airflow/dags/csv_upsert_pipeline.py","logger":"airflow.dag_processing.dagbag.BundleDagBag","filename":"dagbag.py","lineno":469}
{"timestamp":"2026-05-11T17:17:24.376111Z","level":"info","event":"Task instance is in running state","logger":"task.stdout"}
{"timestamp":"2026-05-11T17:17:24.376642Z","level":"info","event":" Previous state of the Task instance: TaskInstanceState.QUEUED","logger":"task.stdout"}
{"timestamp":"2026-05-11T17:17:24.380272Z","level":"info","event":"Current task name:process_partition","logger":"task.stdout"}
{"timestamp":"2026-05-11T17:17:24.380824Z","level":"info","event":"Dag name:csv_upsert_pipeline","logger":"task.stdout"}
{"timestamp":"2026-05-11T17:17:24.381286Z","level":"info","event":"[INFO] data_interval_start : 2026-05-02 16:00:00+00:00","logger":"task.stdout"}
{"timestamp":"2026-05-11T17:17:24.385058Z","level":"info","event":"[INFO] data_interval_end   : 2026-05-02 16:00:00+00:00","logger":"task.stdout"}
{"timestamp":"2026-05-11T17:17:24.390818Z","level":"info","event":"[INFO] Processing partition: /data/time_stamp=2026-05-02-16","logger":"task.stdout"}
{"timestamp":"2026-05-11T17:17:33.156689Z","level":"error","event":"Setting default log level to \"WARN\".","logger":"task.stderr"}
{"timestamp":"2026-05-11T17:17:33.157289Z","level":"error","event":"To adjust logging level use sc.setLogLevel(newLevel). For SparkR, use setLogLevel(newLevel).","logger":"task.stderr"}
{"timestamp":"2026-05-11T17:17:33.972855Z","level":"error","event":"26/05/11 17:17:33 WARN NativeCodeLoader: Unable to load native-hadoop library for your platform... using builtin-java classes where applicable","logger":"task.stderr"}
{"timestamp":"2026-05-11T17:18:28.912170Z","level":"info","event":"[INFO] Total rows read: 20","logger":"task.stdout"}
{"timestamp":"2026-05-11T17:18:42.154425Z","level":"info","event":"[INFO] Resolved 20 unique IDs.","logger":"task.stdout"}
{"timestamp":"2026-05-11T17:18:42.156354Z","level":"info","event":"[INFO] result.csv not found — create new.","logger":"task.stdout"}
{"timestamp":"2026-05-11T17:18:54.755335Z","level":"info","event":"[INFO] result.csv created with 20 rows.","logger":"task.stdout"}
{"timestamp":"2026-05-11T17:18:56.394769Z","level":"info","event":"Done. Returned value was: None","logger":"airflow.task.operators.airflow.providers.standard.operators.python.PythonOperator","filename":"python.py","lineno":229}
{"timestamp":"2026-05-11T17:18:56.506871Z","level":"info","event":"Task instance in success state","logger":"task.stdout"}
{"timestamp":"2026-05-11T17:18:56.507612Z","level":"info","event":" Previous state of the Task instance: TaskInstanceState.RUNNING","logger":"task.stdout"}
{"timestamp":"2026-05-11T17:18:56.512886Z","level":"info","event":"Task operator:<Task(PythonOperator): process_partition>","logger":"task.stdout"}
{"timestamp":"2026-05-11T17:18:57.519075Z","level":"error","event":"\r[Stage 0:>                                                          (0 + 0) / 1]\r\r[Stage 0:>                                                          (0 + 1) / 1]\r\r[Stage 0:===========================================================(1 + 0) / 1]\r\r                                                                                \r\r[Stage 1:>                                                          (0 + 0) / 1]\r\r[Stage 1:>                                                          (0 + 1) / 1]\r\r                                                                                \r\r[Stage 2:>                                                          (0 + 1) / 1]\r\r[Stage 4:>                                                          (0 + 1) / 1]\r\r                                                                                \r\r[Stage 5:>                                                          (0 + 1) / 1]\r\r[Stage 7:>                                                          (0 + 1) / 1]\r\r                                                                                \r\r[Stage 11:>                                                         (0 + 1) / 1]\r\r[Stage 13:>                                                         (0 + 1) / 1]\r\r                                                                                \r\r[Stage 14:>                                                         (0 + 1) / 1]","logger":"task.stderr"}
