{"timestamp":"2026-05-08T17:38:13.200907Z","level":"info","event":"DAG bundles loaded: dags-folder, example_dags","logger":"airflow.dag_processing.bundles.manager.DagBundlesManager","filename":"manager.py","lineno":209}
{"timestamp":"2026-05-08T17:38:13.206909Z","level":"info","event":"Filling up the DagBag from /opt/airflow/dags/csv_upsert_pipeline.py","logger":"airflow.dag_processing.dagbag.BundleDagBag","filename":"dagbag.py","lineno":469}
{"timestamp":"2026-05-08T17:38:13.229180Z","level":"warning","event":"airflow.exceptions.AirflowSkipException is deprecated and will be removed in a future version. Use airflow.sdk.exceptions.AirflowSkipException instead.","category":"UserWarning","filename":"/opt/airflow/dags/csv_upsert_pipeline.py","lineno":7,"logger":"py.warnings"}
{"timestamp":"2026-05-08T17:38:13.314798Z","level":"info","event":"Task instance is in running state","logger":"task.stdout"}
{"timestamp":"2026-05-08T17:38:13.316291Z","level":"info","event":" Previous state of the Task instance: TaskInstanceState.QUEUED","logger":"task.stdout"}
{"timestamp":"2026-05-08T17:38:13.318149Z","level":"info","event":"Current task name:process_partition","logger":"task.stdout"}
{"timestamp":"2026-05-08T17:38:13.326208Z","level":"info","event":"Dag name:csv_upsert_pipeline","logger":"task.stdout"}
{"timestamp":"2026-05-08T17:38:13.331556Z","level":"info","event":"[INFO] data_interval_start : 2026-05-04 14:00:00+00:00","logger":"task.stdout"}
{"timestamp":"2026-05-08T17:38:13.332813Z","level":"info","event":"[INFO] data_interval_end   : 2026-05-04 14:00:00+00:00","logger":"task.stdout"}
{"timestamp":"2026-05-08T17:38:13.333524Z","level":"info","event":"[INFO] Processing partition: /data/time_stamp=2026-05-04-14","logger":"task.stdout"}
{"timestamp":"2026-05-08T17:38:13.334025Z","level":"info","event":"[INFO] Sorted files: ['data_1.csv', 'data_2.csv']","logger":"task.stdout"}
{"timestamp":"2026-05-08T17:38:13.334925Z","level":"info","event":"[INFO] Read data_1.csv  (index=1)","logger":"task.stdout"}
{"timestamp":"2026-05-08T17:38:13.335528Z","level":"info","event":"[INFO] Read data_2.csv  (index=2)","logger":"task.stdout"}
{"timestamp":"2026-05-08T17:38:13.337288Z","level":"info","event":"[INFO] Resolved 11 unique IDs for this run:","logger":"task.stdout"}
{"timestamp":"2026-05-08T17:38:13.337881Z","level":"info","event":"       id=1 → {'id': '1', 'name': 'Jack', 'age': '49', 'department': 'Operations', 'salary': '44178.73', 'working_hours': '45.4'}","logger":"task.stdout"}
{"timestamp":"2026-05-08T17:38:13.339023Z","level":"info","event":"       id=2 → {'id': '2', 'name': 'Ivy', 'age': '28', 'department': 'Engineering', 'salary': '53274.02', 'working_hours': '55.5'}","logger":"task.stdout"}
{"timestamp":"2026-05-08T17:38:13.340417Z","level":"info","event":"       id=3 → {'id': '3', 'name': 'Grace', 'age': '45', 'department': 'Sales', 'salary': '58580.62', 'working_hours': '47.8'}","logger":"task.stdout"}
{"timestamp":"2026-05-08T17:38:13.341930Z","level":"info","event":"       id=4 → {'id': '4', 'name': 'Diana', 'age': '29', 'department': 'Sales', 'salary': '101779.93', 'working_hours': '39.3'}","logger":"task.stdout"}
{"timestamp":"2026-05-08T17:38:13.343045Z","level":"info","event":"       id=5 → {'id': '5', 'name': 'Diana', 'age': '34', 'department': 'Finance', 'salary': '66568.51', 'working_hours': '41.4'}","logger":"task.stdout"}
{"timestamp":"2026-05-08T17:38:13.344056Z","level":"info","event":"       id=6 → {'id': '6', 'name': 'Diana', 'age': '59', 'department': 'HR', 'salary': '43254.72', 'working_hours': '41.2'}","logger":"task.stdout"}
{"timestamp":"2026-05-08T17:38:13.345681Z","level":"info","event":"       id=7 → {'id': '7', 'name': 'Grace', 'age': '57', 'department': 'Operations', 'salary': '115273.36', 'working_hours': '45.5'}","logger":"task.stdout"}
{"timestamp":"2026-05-08T17:38:13.346855Z","level":"info","event":"       id=8 → {'id': '8', 'name': 'Charlie', 'age': '31', 'department': 'Operations', 'salary': '50864.6', 'working_hours': '50.5'}","logger":"task.stdout"}
{"timestamp":"2026-05-08T17:38:13.348833Z","level":"info","event":"       id=9 → {'id': '9', 'name': 'Hank', 'age': '54', 'department': 'Operations', 'salary': '62084.86', 'working_hours': '27.5'}","logger":"task.stdout"}
{"timestamp":"2026-05-08T17:38:13.354471Z","level":"info","event":"       id=10 → {'id': '10', 'name': 'Charlie', 'age': '55', 'department': 'Operations', 'salary': '105894.04', 'working_hours': '42.1'}","logger":"task.stdout"}
{"timestamp":"2026-05-08T17:38:13.356767Z","level":"info","event":"       id=11 → {'id': '11', 'name': 'Alice', 'age': '54', 'department': 'Sales', 'salary': '44727.56', 'working_hours': '48.6'}","logger":"task.stdout"}
{"timestamp":"2026-05-08T17:38:13.358471Z","level":"info","event":"[INFO] result.csv mil gayi — upsert karte hain.","logger":"task.stdout"}
{"timestamp":"2026-05-08T17:38:13.359911Z","level":"info","event":"[INFO] Existing result.csv mein 20 rows hain.","logger":"task.stdout"}
{"timestamp":"2026-05-08T17:38:13.360458Z","level":"info","event":"       UPDATE  id=1","logger":"task.stdout"}
{"timestamp":"2026-05-08T17:38:13.360852Z","level":"info","event":"       UPDATE  id=2","logger":"task.stdout"}
{"timestamp":"2026-05-08T17:38:13.361401Z","level":"info","event":"       UPDATE  id=3","logger":"task.stdout"}
{"timestamp":"2026-05-08T17:38:13.362619Z","level":"info","event":"       UPDATE  id=4","logger":"task.stdout"}
{"timestamp":"2026-05-08T17:38:13.364864Z","level":"info","event":"       UPDATE  id=5","logger":"task.stdout"}
{"timestamp":"2026-05-08T17:38:13.365623Z","level":"info","event":"       UPDATE  id=6","logger":"task.stdout"}
{"timestamp":"2026-05-08T17:38:13.366134Z","level":"info","event":"       UPDATE  id=7","logger":"task.stdout"}
{"timestamp":"2026-05-08T17:38:13.366778Z","level":"info","event":"       UPDATE  id=8","logger":"task.stdout"}
{"timestamp":"2026-05-08T17:38:13.367216Z","level":"info","event":"       UPDATE  id=9","logger":"task.stdout"}
{"timestamp":"2026-05-08T17:38:13.367666Z","level":"info","event":"       UPDATE  id=10","logger":"task.stdout"}
{"timestamp":"2026-05-08T17:38:13.368149Z","level":"info","event":"       UPDATE  id=11","logger":"task.stdout"}
{"timestamp":"2026-05-08T17:38:13.368759Z","level":"info","event":"[INFO] result.csv updated — total 20 rows.","logger":"task.stdout"}
{"timestamp":"2026-05-08T17:38:13.342536Z","level":"info","event":"Done. Returned value was: None","logger":"airflow.task.operators.airflow.providers.standard.operators.python.PythonOperator","filename":"python.py","lineno":229}
{"timestamp":"2026-05-08T17:38:13.597710Z","level":"info","event":"Task instance in success state","logger":"task.stdout"}
{"timestamp":"2026-05-08T17:38:13.600914Z","level":"info","event":" Previous state of the Task instance: TaskInstanceState.RUNNING","logger":"task.stdout"}
{"timestamp":"2026-05-08T17:38:13.601743Z","level":"info","event":"Task operator:<Task(PythonOperator): process_partition>","logger":"task.stdout"}
{"timestamp":"2026-05-11T16:47:14.962935Z","level":"info","event":"DAG bundles loaded: dags-folder, example_dags","logger":"airflow.dag_processing.bundles.manager.DagBundlesManager","filename":"manager.py","lineno":209}
{"timestamp":"2026-05-11T16:47:14.965120Z","level":"info","event":"Filling up the DagBag from /opt/airflow/dags/csv_upsert_pipeline.py","logger":"airflow.dag_processing.dagbag.BundleDagBag","filename":"dagbag.py","lineno":469}
{"timestamp":"2026-05-11T16:47:15.438755Z","level":"info","event":"Task instance is in running state","logger":"task.stdout"}
{"timestamp":"2026-05-11T16:47:15.440483Z","level":"info","event":" Previous state of the Task instance: TaskInstanceState.QUEUED","logger":"task.stdout"}
{"timestamp":"2026-05-11T16:47:15.447644Z","level":"info","event":"Current task name:process_partition","logger":"task.stdout"}
{"timestamp":"2026-05-11T16:47:15.448115Z","level":"info","event":"Dag name:csv_upsert_pipeline","logger":"task.stdout"}
{"timestamp":"2026-05-11T16:47:15.448759Z","level":"info","event":"[INFO] data_interval_start : 2026-05-04 14:00:00+00:00","logger":"task.stdout"}
{"timestamp":"2026-05-11T16:47:15.449176Z","level":"info","event":"[INFO] data_interval_end   : 2026-05-04 14:00:00+00:00","logger":"task.stdout"}
{"timestamp":"2026-05-11T16:47:15.449956Z","level":"info","event":"[INFO] Processing partition: /data/time_stamp=2026-05-04-14","logger":"task.stdout"}
{"timestamp":"2026-05-11T16:47:15.693681Z","level":"error","event":"/home/airflow/.local/lib/python3.13/site-packages/pyspark/bin/load-spark-env.sh: line 68: ps: command not found","logger":"task.stderr"}
{"timestamp":"2026-05-11T16:47:15.695069Z","level":"error","event":"JAVA_HOME is not set","logger":"task.stderr"}
{"timestamp":"2026-05-11T16:47:15.754080Z","level":"error","event":"Task failed with exception","logger":"task","filename":"task_runner.py","lineno":1347,"error_detail":[{"exc_type":"PySparkRuntimeError","exc_value":"[JAVA_GATEWAY_EXITED] Java gateway process exited before sending its port number.","exc_notes":[],"syntax_error":null,"is_cause":false,"frames":[{"filename":"/home/airflow/.local/lib/python3.13/site-packages/airflow/sdk/execution_time/task_runner.py","lineno":1263,"name":"run"},{"filename":"/home/airflow/.local/lib/python3.13/site-packages/airflow/sdk/execution_time/task_runner.py","lineno":1678,"name":"_execute_task"},{"filename":"/home/airflow/.local/lib/python3.13/site-packages/airflow/sdk/bases/operator.py","lineno":443,"name":"wrapper"},{"filename":"/home/airflow/.local/lib/python3.13/site-packages/airflow/providers/standard/operators/python.py","lineno":227,"name":"execute"},{"filename":"/home/airflow/.local/lib/python3.13/site-packages/airflow/providers/standard/operators/python.py","lineno":250,"name":"execute_callable"},{"filename":"/home/airflow/.local/lib/python3.13/site-packages/airflow/sdk/execution_time/callback_runner.py","lineno":97,"name":"run"},{"filename":"/opt/airflow/dags/csv_upsert_pipeline.py","lineno":47,"name":"process_partition"},{"filename":"/home/airflow/.local/lib/python3.13/site-packages/pyspark/sql/session.py","lineno":497,"name":"getOrCreate"},{"filename":"/home/airflow/.local/lib/python3.13/site-packages/pyspark/context.py","lineno":515,"name":"getOrCreate"},{"filename":"/home/airflow/.local/lib/python3.13/site-packages/pyspark/context.py","lineno":201,"name":"__init__"},{"filename":"/home/airflow/.local/lib/python3.13/site-packages/pyspark/context.py","lineno":436,"name":"_ensure_initialized"},{"filename":"/home/airflow/.local/lib/python3.13/site-packages/pyspark/java_gateway.py","lineno":107,"name":"launch_gateway"}],"is_group":false,"exceptions":[]}]}
{"timestamp":"2026-05-11T16:47:15.805148Z","level":"info","event":"Task instance in failure state","logger":"task.stdout"}
{"timestamp":"2026-05-11T16:47:15.806039Z","level":"info","event":"Task start","logger":"task.stdout"}
{"timestamp":"2026-05-11T16:47:15.817211Z","level":"info","event":"Task:<Task(PythonOperator): process_partition>","logger":"task.stdout"}
{"timestamp":"2026-05-11T16:47:15.854683Z","level":"info","event":"Failure caused by [JAVA_GATEWAY_EXITED] Java gateway process exited before sending its port number.","logger":"task.stdout"}
{"timestamp":"2026-05-11T17:17:57.826796Z","level":"info","event":"DAG bundles loaded: dags-folder, example_dags","logger":"airflow.dag_processing.bundles.manager.DagBundlesManager","filename":"manager.py","lineno":209}
{"timestamp":"2026-05-11T17:17:57.829704Z","level":"info","event":"Filling up the DagBag from /opt/airflow/dags/__pycache__/csv_upsert_pipeline.py","logger":"airflow.dag_processing.dagbag.BundleDagBag","filename":"dagbag.py","lineno":469}
{"timestamp":"2026-05-11T17:17:57.842473Z","level":"warning","event":"airflow.exceptions.AirflowSkipException is deprecated and will be removed in a future version. Use airflow.sdk.exceptions.AirflowSkipException instead.","category":"UserWarning","filename":"/opt/airflow/dags/__pycache__/csv_upsert_pipeline.py","lineno":7,"logger":"py.warnings"}
{"timestamp":"2026-05-11T17:18:00.666687Z","level":"info","event":"Task instance is in running state","logger":"task.stdout"}
{"timestamp":"2026-05-11T17:18:00.667380Z","level":"info","event":" Previous state of the Task instance: TaskInstanceState.QUEUED","logger":"task.stdout"}
{"timestamp":"2026-05-11T17:18:00.671693Z","level":"info","event":"Current task name:process_partition","logger":"task.stdout"}
{"timestamp":"2026-05-11T17:18:00.680367Z","level":"info","event":"Dag name:csv_upsert_pipeline","logger":"task.stdout"}
{"timestamp":"2026-05-11T17:18:00.681168Z","level":"info","event":"[INFO] data_interval_start : 2026-05-04 14:00:00+00:00","logger":"task.stdout"}
{"timestamp":"2026-05-11T17:18:00.681608Z","level":"info","event":"[INFO] data_interval_end   : 2026-05-04 14:00:00+00:00","logger":"task.stdout"}
{"timestamp":"2026-05-11T17:18:00.682009Z","level":"info","event":"[INFO] Processing partition: /data/time_stamp=2026-05-04-14","logger":"task.stdout"}
{"timestamp":"2026-05-11T17:18:00.682804Z","level":"info","event":"[INFO] Sorted files: ['data_1.csv', 'data_2.csv']","logger":"task.stdout"}
{"timestamp":"2026-05-11T17:18:00.688875Z","level":"info","event":"[INFO] Read data_1.csv  (index=1)","logger":"task.stdout"}
{"timestamp":"2026-05-11T17:18:00.692436Z","level":"info","event":"[INFO] Read data_2.csv  (index=2)","logger":"task.stdout"}
{"timestamp":"2026-05-11T17:18:00.692886Z","level":"info","event":"[INFO] Resolved 11 unique IDs for this run:","logger":"task.stdout"}
{"timestamp":"2026-05-11T17:18:00.695232Z","level":"info","event":"       id=1 → {'id': '1', 'name': 'Jack', 'age': '49', 'department': 'Operations', 'salary': '44178.73', 'working_hours': '45.4'}","logger":"task.stdout"}
{"timestamp":"2026-05-11T17:18:00.697377Z","level":"info","event":"       id=2 → {'id': '2', 'name': 'Ivy', 'age': '28', 'department': 'Engineering', 'salary': '53274.02', 'working_hours': '55.5'}","logger":"task.stdout"}
{"timestamp":"2026-05-11T17:18:00.697812Z","level":"info","event":"       id=3 → {'id': '3', 'name': 'Grace', 'age': '45', 'department': 'Sales', 'salary': '58580.62', 'working_hours': '47.8'}","logger":"task.stdout"}
{"timestamp":"2026-05-11T17:18:00.700671Z","level":"info","event":"       id=4 → {'id': '4', 'name': 'Diana', 'age': '29', 'department': 'Sales', 'salary': '101779.93', 'working_hours': '39.3'}","logger":"task.stdout"}
{"timestamp":"2026-05-11T17:18:00.712195Z","level":"info","event":"       id=5 → {'id': '5', 'name': 'Diana', 'age': '34', 'department': 'Finance', 'salary': '66568.51', 'working_hours': '41.4'}","logger":"task.stdout"}
{"timestamp":"2026-05-11T17:18:00.715084Z","level":"info","event":"       id=6 → {'id': '6', 'name': 'Diana', 'age': '59', 'department': 'HR', 'salary': '43254.72', 'working_hours': '41.2'}","logger":"task.stdout"}
{"timestamp":"2026-05-11T17:18:00.718632Z","level":"info","event":"       id=7 → {'id': '7', 'name': 'Grace', 'age': '57', 'department': 'Operations', 'salary': '115273.36', 'working_hours': '45.5'}","logger":"task.stdout"}
{"timestamp":"2026-05-11T17:18:00.720392Z","level":"info","event":"       id=8 → {'id': '8', 'name': 'Charlie', 'age': '31', 'department': 'Operations', 'salary': '50864.6', 'working_hours': '50.5'}","logger":"task.stdout"}
{"timestamp":"2026-05-11T17:18:00.721029Z","level":"info","event":"       id=9 → {'id': '9', 'name': 'Hank', 'age': '54', 'department': 'Operations', 'salary': '62084.86', 'working_hours': '27.5'}","logger":"task.stdout"}
{"timestamp":"2026-05-11T17:18:00.721529Z","level":"info","event":"       id=10 → {'id': '10', 'name': 'Charlie', 'age': '55', 'department': 'Operations', 'salary': '105894.04', 'working_hours': '42.1'}","logger":"task.stdout"}
{"timestamp":"2026-05-11T17:18:00.722110Z","level":"info","event":"       id=11 → {'id': '11', 'name': 'Alice', 'age': '54', 'department': 'Sales', 'salary': '44727.56', 'working_hours': '48.6'}","logger":"task.stdout"}
{"timestamp":"2026-05-11T17:18:00.723864Z","level":"info","event":"[INFO] result.csv found — upsert.","logger":"task.stdout"}
{"timestamp":"2026-05-11T17:18:00.725740Z","level":"info","event":"[INFO] In existing result.csv 20 rows.","logger":"task.stdout"}
{"timestamp":"2026-05-11T17:18:00.726285Z","level":"info","event":"       UPDATE  id=1","logger":"task.stdout"}
{"timestamp":"2026-05-11T17:18:00.727124Z","level":"info","event":"       UPDATE  id=2","logger":"task.stdout"}
{"timestamp":"2026-05-11T17:18:00.727595Z","level":"info","event":"       UPDATE  id=3","logger":"task.stdout"}
{"timestamp":"2026-05-11T17:18:00.728207Z","level":"info","event":"       UPDATE  id=4","logger":"task.stdout"}
{"timestamp":"2026-05-11T17:18:00.728661Z","level":"info","event":"       UPDATE  id=5","logger":"task.stdout"}
{"timestamp":"2026-05-11T17:18:00.729229Z","level":"info","event":"       UPDATE  id=6","logger":"task.stdout"}
{"timestamp":"2026-05-11T17:18:00.729666Z","level":"info","event":"       UPDATE  id=7","logger":"task.stdout"}
{"timestamp":"2026-05-11T17:18:00.730214Z","level":"info","event":"       UPDATE  id=8","logger":"task.stdout"}
{"timestamp":"2026-05-11T17:18:00.730652Z","level":"info","event":"       UPDATE  id=9","logger":"task.stdout"}
{"timestamp":"2026-05-11T17:18:00.735323Z","level":"info","event":"       UPDATE  id=10","logger":"task.stdout"}
{"timestamp":"2026-05-11T17:18:00.735891Z","level":"info","event":"       UPDATE  id=11","logger":"task.stdout"}
{"timestamp":"2026-05-11T17:18:00.737544Z","level":"info","event":"[INFO] result.csv updated — total 20 rows.","logger":"task.stdout"}
{"timestamp":"2026-05-11T17:18:00.698742Z","level":"info","event":"Done. Returned value was: None","logger":"airflow.task.operators.airflow.providers.standard.operators.python.PythonOperator","filename":"python.py","lineno":229}
{"timestamp":"2026-05-11T17:18:01.142562Z","level":"info","event":"Task instance in success state","logger":"task.stdout"}
{"timestamp":"2026-05-11T17:18:01.159042Z","level":"info","event":" Previous state of the Task instance: TaskInstanceState.RUNNING","logger":"task.stdout"}
{"timestamp":"2026-05-11T17:18:01.166255Z","level":"info","event":"Task operator:<Task(PythonOperator): process_partition>","logger":"task.stdout"}
