{"timestamp":"2026-05-05T10:30:11.558248Z","level":"info","event":"DAG bundles loaded: dags-folder, example_dags","logger":"airflow.dag_processing.bundles.manager.DagBundlesManager","filename":"manager.py","lineno":209}
{"timestamp":"2026-05-05T10:30:11.559959Z","level":"info","event":"Filling up the DagBag from /opt/airflow/dags/print_interval_dag.py","logger":"airflow.dag_processing.dagbag.BundleDagBag","filename":"dagbag.py","lineno":469}
{"timestamp":"2026-05-05T10:30:11.577216Z","level":"warning","event":"The `airflow.operators.python.PythonOperator` attribute is deprecated. Please use `'airflow.providers.standard.operators.python.PythonOperator'`.","category":"UserWarning","filename":"/opt/airflow/dags/print_interval_dag.py","lineno":2,"logger":"py.warnings"}
{"timestamp":"2026-05-05T10:30:11.673808Z","level":"info","event":"Task instance is in running state","logger":"task.stdout"}
{"timestamp":"2026-05-05T10:30:11.675305Z","level":"info","event":" Previous state of the Task instance: TaskInstanceState.QUEUED","logger":"task.stdout"}
{"timestamp":"2026-05-05T10:30:11.676058Z","level":"info","event":"Current task name:print_interval","logger":"task.stdout"}
{"timestamp":"2026-05-05T10:30:11.676840Z","level":"info","event":"Dag name:print_interval_dag","logger":"task.stdout"}
{"timestamp":"2026-05-05T10:30:11.677608Z","level":"info","event":"Interval Start: 2025-05-15 03:00:00+00:00","logger":"task.stdout"}
{"timestamp":"2026-05-05T10:30:11.678256Z","level":"info","event":"Interval End:   2025-05-15 03:00:00+00:00","logger":"task.stdout"}
{"timestamp":"2026-05-05T10:30:11.674555Z","level":"info","event":"Done. Returned value was: None","logger":"airflow.task.operators.airflow.providers.standard.operators.python.PythonOperator","filename":"python.py","lineno":229}
{"timestamp":"2026-05-05T10:30:11.789773Z","level":"info","event":"Task instance in success state","logger":"task.stdout"}
{"timestamp":"2026-05-05T10:30:11.798888Z","level":"info","event":" Previous state of the Task instance: TaskInstanceState.RUNNING","logger":"task.stdout"}
{"timestamp":"2026-05-05T10:30:11.802962Z","level":"info","event":"Task operator:<Task(PythonOperator): print_interval>","logger":"task.stdout"}
{"timestamp":"2026-05-05T12:26:04.535097Z","level":"info","event":"DAG bundles loaded: dags-folder, example_dags","logger":"airflow.dag_processing.bundles.manager.DagBundlesManager","filename":"manager.py","lineno":209}
{"timestamp":"2026-05-05T12:26:04.537081Z","level":"info","event":"Filling up the DagBag from /opt/airflow/dags/print_interval_dag.py","logger":"airflow.dag_processing.dagbag.BundleDagBag","filename":"dagbag.py","lineno":469}
{"timestamp":"2026-05-05T12:26:04.622029Z","level":"info","event":"Task instance is in running state","logger":"task.stdout"}
{"timestamp":"2026-05-05T12:26:04.622627Z","level":"info","event":" Previous state of the Task instance: TaskInstanceState.QUEUED","logger":"task.stdout"}
{"timestamp":"2026-05-05T12:26:04.623043Z","level":"info","event":"Current task name:print_interval","logger":"task.stdout"}
{"timestamp":"2026-05-05T12:26:04.623529Z","level":"info","event":"Dag name:print_interval_dag","logger":"task.stdout"}
{"timestamp":"2026-05-05T12:26:04.623894Z","level":"info","event":"=== ALL AVAILABLE MACROS ===","logger":"task.stdout"}
{"timestamp":"2026-05-05T12:26:04.624290Z","level":"info","event":"dag: <DAG: print_interval_dag>","logger":"task.stdout"}
{"timestamp":"2026-05-05T12:26:04.624639Z","level":"info","event":"inlets: []","logger":"task.stdout"}
{"timestamp":"2026-05-05T12:26:04.625058Z","level":"info","event":"map_index_template: None","logger":"task.stdout"}
{"timestamp":"2026-05-05T12:26:04.625456Z","level":"info","event":"outlets: []","logger":"task.stdout"}
{"timestamp":"2026-05-05T12:26:04.625821Z","level":"info","event":"run_id: scheduled__2025-05-15T03:00:00+00:00","logger":"task.stdout"}
{"timestamp":"2026-05-05T12:26:04.626509Z","level":"info","event":"task: <Task(PythonOperator): print_interval>","logger":"task.stdout"}
{"timestamp":"2026-05-05T12:26:04.627123Z","level":"info","event":"task_instance: id=UUID('019df81a-3ff9-7d42-9444-1e4f8924e031') task_id='print_interval' dag_id='print_interval_dag' run_id='scheduled__2025-05-15T03:00:00+00:00' try_number=1 dag_version_id=UUID('019df815-a045-750b-bac8-47ced7cc6a45') map_index=-1 hostname='86abe326db93' context_carrier={'traceparent': '00-2158b42f4f826e0e37d65211c40a8a65-f5e5ee45712c5c43-01'} task=<Task(PythonOperator): print_interval> bundle_instance=LocalDagBundle(name=dags-folder) max_tries=0 start_date=datetime.datetime(2026, 5, 5, 12, 26, 3, 584341, tzinfo=datetime.timezone.utc) end_date=None state=<TaskInstanceState.RUNNING: 'running'> is_mapped=False rendered_map_index=None sentry_integration=''","logger":"task.stdout"}
{"timestamp":"2026-05-05T12:26:04.628238Z","level":"info","event":"ti: id=UUID('019df81a-3ff9-7d42-9444-1e4f8924e031') task_id='print_interval' dag_id='print_interval_dag' run_id='scheduled__2025-05-15T03:00:00+00:00' try_number=1 dag_version_id=UUID('019df815-a045-750b-bac8-47ced7cc6a45') map_index=-1 hostname='86abe326db93' context_carrier={'traceparent': '00-2158b42f4f826e0e37d65211c40a8a65-f5e5ee45712c5c43-01'} task=<Task(PythonOperator): print_interval> bundle_instance=LocalDagBundle(name=dags-folder) max_tries=0 start_date=datetime.datetime(2026, 5, 5, 12, 26, 3, 584341, tzinfo=datetime.timezone.utc) end_date=None state=<TaskInstanceState.RUNNING: 'running'> is_mapped=False rendered_map_index=None sentry_integration=''","logger":"task.stdout"}
{"timestamp":"2026-05-05T12:26:04.628860Z","level":"info","event":"outlet_events: OutletEventAccessors(_dict={})","logger":"task.stdout"}
{"timestamp":"2026-05-05T12:26:04.629384Z","level":"info","event":"inlet_events: InletEventsAccessors(_inlets=[], _assets={}, _asset_aliases={})","logger":"task.stdout"}
{"timestamp":"2026-05-05T12:26:04.629921Z","level":"info","event":"macros: <MacrosAccessor (dynamic access to macros)>","logger":"task.stdout"}
{"timestamp":"2026-05-05T12:26:04.630306Z","level":"info","event":"params: {}","logger":"task.stdout"}
{"timestamp":"2026-05-05T12:26:04.630678Z","level":"info","event":"var: {'json': <VariableAccessor (dynamic access)>, 'value': <VariableAccessor (dynamic access)>}","logger":"task.stdout"}
{"timestamp":"2026-05-05T12:26:04.631145Z","level":"info","event":"conn: <ConnectionAccessor (dynamic access)>","logger":"task.stdout"}
{"timestamp":"2026-05-05T12:26:04.631625Z","level":"info","event":"dag_run: dag_id='print_interval_dag' run_id='scheduled__2025-05-15T03:00:00+00:00' logical_date=datetime.datetime(2025, 5, 15, 3, 0, tzinfo=datetime.timezone.utc) data_interval_start=datetime.datetime(2025, 5, 15, 3, 0, tzinfo=datetime.timezone.utc) data_interval_end=datetime.datetime(2025, 5, 15, 3, 0, tzinfo=datetime.timezone.utc) run_after=datetime.datetime(2025, 5, 15, 3, 0, tzinfo=datetime.timezone.utc) start_date=datetime.datetime(2026, 5, 5, 12, 26, 3, 163914, tzinfo=datetime.timezone.utc) end_date=None clear_number=0 run_type=<DagRunType.SCHEDULED: 'scheduled'> state=<DagRunState.RUNNING: 'running'> conf={} triggering_user_name=None consumed_asset_events=[] partition_key=None note=None","logger":"task.stdout"}
{"timestamp":"2026-05-05T12:26:04.632343Z","level":"info","event":"triggering_asset_events: TriggeringAssetEventAccessor(_events=defaultdict(<class 'list'>, {}))","logger":"task.stdout"}
{"timestamp":"2026-05-05T12:26:04.632911Z","level":"info","event":"task_instance_key_str: print_interval_dag__print_interval__20250515","logger":"task.stdout"}
{"timestamp":"2026-05-05T12:26:04.633555Z","level":"info","event":"task_reschedule_count: 0","logger":"task.stdout"}
{"timestamp":"2026-05-05T12:26:04.652241Z","level":"info","event":"prev_start_date_success: 2026-05-05 12:26:02.159507+00:00","logger":"task.stdout"}
{"timestamp":"2026-05-05T12:26:04.653309Z","level":"info","event":"prev_end_date_success: 2026-05-05 12:26:04.326959+00:00","logger":"task.stdout"}
{"timestamp":"2026-05-05T12:26:04.653965Z","level":"info","event":"logical_date: 2025-05-15 03:00:00+00:00","logger":"task.stdout"}
{"timestamp":"2026-05-05T12:26:04.654616Z","level":"info","event":"ds: 2025-05-15","logger":"task.stdout"}
{"timestamp":"2026-05-05T12:26:04.655440Z","level":"info","event":"ds_nodash: 20250515","logger":"task.stdout"}
{"timestamp":"2026-05-05T12:26:04.655876Z","level":"info","event":"ts: 2025-05-15T03:00:00+00:00","logger":"task.stdout"}
{"timestamp":"2026-05-05T12:26:04.656569Z","level":"info","event":"ts_nodash: 20250515T030000","logger":"task.stdout"}
{"timestamp":"2026-05-05T12:26:04.658027Z","level":"info","event":"ts_nodash_with_tz: 20250515T030000+0000","logger":"task.stdout"}
{"timestamp":"2026-05-05T12:26:04.658859Z","level":"info","event":"data_interval_end: 2025-05-15 03:00:00+00:00","logger":"task.stdout"}
{"timestamp":"2026-05-05T12:26:04.659493Z","level":"info","event":"data_interval_start: 2025-05-15 03:00:00+00:00","logger":"task.stdout"}
{"timestamp":"2026-05-05T12:26:04.659981Z","level":"info","event":"prev_data_interval_start_success: 2025-05-14 21:00:00+00:00","logger":"task.stdout"}
{"timestamp":"2026-05-05T12:26:04.660527Z","level":"info","event":"prev_data_interval_end_success: 2025-05-14 21:00:00+00:00","logger":"task.stdout"}
{"timestamp":"2026-05-05T12:26:04.661033Z","level":"info","event":"templates_dict: None","logger":"task.stdout"}
{"timestamp":"2026-05-05T12:26:04.652784Z","level":"info","event":"Done. Returned value was: None","logger":"airflow.task.operators.airflow.providers.standard.operators.python.PythonOperator","filename":"python.py","lineno":229}
{"timestamp":"2026-05-05T12:26:04.763224Z","level":"info","event":"Task instance in success state","logger":"task.stdout"}
{"timestamp":"2026-05-05T12:26:04.768492Z","level":"info","event":" Previous state of the Task instance: TaskInstanceState.RUNNING","logger":"task.stdout"}
{"timestamp":"2026-05-05T12:26:04.772115Z","level":"info","event":"Task operator:<Task(PythonOperator): print_interval>","logger":"task.stdout"}
