{"timestamp":"2026-05-05T10:31:03.590894Z","level":"info","event":"DAG bundles loaded: dags-folder, example_dags","logger":"airflow.dag_processing.bundles.manager.DagBundlesManager","filename":"manager.py","lineno":209}
{"timestamp":"2026-05-05T10:31:03.594344Z","level":"info","event":"Filling up the DagBag from /opt/airflow/dags/print_interval_dag.py","logger":"airflow.dag_processing.dagbag.BundleDagBag","filename":"dagbag.py","lineno":469}
{"timestamp":"2026-05-05T10:31:03.646846Z","level":"warning","event":"The `airflow.operators.python.PythonOperator` attribute is deprecated. Please use `'airflow.providers.standard.operators.python.PythonOperator'`.","category":"UserWarning","filename":"/opt/airflow/dags/print_interval_dag.py","lineno":2,"logger":"py.warnings"}
{"timestamp":"2026-05-05T10:31:03.715562Z","level":"info","event":"Task instance is in running state","logger":"task.stdout"}
{"timestamp":"2026-05-05T10:31:03.725402Z","level":"info","event":" Previous state of the Task instance: TaskInstanceState.QUEUED","logger":"task.stdout"}
{"timestamp":"2026-05-05T10:31:03.727002Z","level":"info","event":"Current task name:print_interval","logger":"task.stdout"}
{"timestamp":"2026-05-05T10:31:03.728506Z","level":"info","event":"Dag name:print_interval_dag","logger":"task.stdout"}
{"timestamp":"2026-05-05T10:31:03.730502Z","level":"info","event":"Interval Start: 2025-05-28 09:00:00+00:00","logger":"task.stdout"}
{"timestamp":"2026-05-05T10:31:03.735964Z","level":"info","event":"Interval End:   2025-05-28 09:00:00+00:00","logger":"task.stdout"}
{"timestamp":"2026-05-05T10:31:03.717528Z","level":"info","event":"Done. Returned value was: None","logger":"airflow.task.operators.airflow.providers.standard.operators.python.PythonOperator","filename":"python.py","lineno":229}
{"timestamp":"2026-05-05T10:31:03.786528Z","level":"info","event":"Task instance in success state","logger":"task.stdout"}
{"timestamp":"2026-05-05T10:31:03.787108Z","level":"info","event":" Previous state of the Task instance: TaskInstanceState.RUNNING","logger":"task.stdout"}
{"timestamp":"2026-05-05T10:31:03.787777Z","level":"info","event":"Task operator:<Task(PythonOperator): print_interval>","logger":"task.stdout"}
{"timestamp":"2026-05-05T12:26:59.959081Z","level":"info","event":"DAG bundles loaded: dags-folder, example_dags","logger":"airflow.dag_processing.bundles.manager.DagBundlesManager","filename":"manager.py","lineno":209}
{"timestamp":"2026-05-05T12:26:59.963215Z","level":"info","event":"Filling up the DagBag from /opt/airflow/dags/print_interval_dag.py","logger":"airflow.dag_processing.dagbag.BundleDagBag","filename":"dagbag.py","lineno":469}
{"timestamp":"2026-05-05T12:27:00.075241Z","level":"info","event":"Task instance is in running state","logger":"task.stdout"}
{"timestamp":"2026-05-05T12:27:00.076918Z","level":"info","event":" Previous state of the Task instance: TaskInstanceState.QUEUED","logger":"task.stdout"}
{"timestamp":"2026-05-05T12:27:00.077898Z","level":"info","event":"Current task name:print_interval","logger":"task.stdout"}
{"timestamp":"2026-05-05T12:27:00.081659Z","level":"info","event":"Dag name:print_interval_dag","logger":"task.stdout"}
{"timestamp":"2026-05-05T12:27:00.083021Z","level":"info","event":"=== ALL AVAILABLE MACROS ===","logger":"task.stdout"}
{"timestamp":"2026-05-05T12:27:00.083744Z","level":"info","event":"dag: <DAG: print_interval_dag>","logger":"task.stdout"}
{"timestamp":"2026-05-05T12:27:00.084290Z","level":"info","event":"inlets: []","logger":"task.stdout"}
{"timestamp":"2026-05-05T12:27:00.084946Z","level":"info","event":"map_index_template: None","logger":"task.stdout"}
{"timestamp":"2026-05-05T12:27:00.085448Z","level":"info","event":"outlets: []","logger":"task.stdout"}
{"timestamp":"2026-05-05T12:27:00.086089Z","level":"info","event":"run_id: scheduled__2025-05-28T09:00:00+00:00","logger":"task.stdout"}
{"timestamp":"2026-05-05T12:27:00.086576Z","level":"info","event":"task: <Task(PythonOperator): print_interval>","logger":"task.stdout"}
{"timestamp":"2026-05-05T12:27:00.087230Z","level":"info","event":"task_instance: id=UUID('019df81b-17cf-7dd6-9e97-88844cf96f44') task_id='print_interval' dag_id='print_interval_dag' run_id='scheduled__2025-05-28T09:00:00+00:00' try_number=1 dag_version_id=UUID('019df815-a045-750b-bac8-47ced7cc6a45') map_index=-1 hostname='86abe326db93' context_carrier={'traceparent': '00-1583ef5c8935153ce099ee3f5ca07f08-8f3772f7df5cd773-01'} task=<Task(PythonOperator): print_interval> bundle_instance=LocalDagBundle(name=dags-folder) max_tries=0 start_date=datetime.datetime(2026, 5, 5, 12, 26, 58, 841746, tzinfo=datetime.timezone.utc) end_date=None state=<TaskInstanceState.RUNNING: 'running'> is_mapped=False rendered_map_index=None sentry_integration=''","logger":"task.stdout"}
{"timestamp":"2026-05-05T12:27:00.088295Z","level":"info","event":"ti: id=UUID('019df81b-17cf-7dd6-9e97-88844cf96f44') task_id='print_interval' dag_id='print_interval_dag' run_id='scheduled__2025-05-28T09:00:00+00:00' try_number=1 dag_version_id=UUID('019df815-a045-750b-bac8-47ced7cc6a45') map_index=-1 hostname='86abe326db93' context_carrier={'traceparent': '00-1583ef5c8935153ce099ee3f5ca07f08-8f3772f7df5cd773-01'} task=<Task(PythonOperator): print_interval> bundle_instance=LocalDagBundle(name=dags-folder) max_tries=0 start_date=datetime.datetime(2026, 5, 5, 12, 26, 58, 841746, tzinfo=datetime.timezone.utc) end_date=None state=<TaskInstanceState.RUNNING: 'running'> is_mapped=False rendered_map_index=None sentry_integration=''","logger":"task.stdout"}
{"timestamp":"2026-05-05T12:27:00.089050Z","level":"info","event":"outlet_events: OutletEventAccessors(_dict={})","logger":"task.stdout"}
{"timestamp":"2026-05-05T12:27:00.090501Z","level":"info","event":"inlet_events: InletEventsAccessors(_inlets=[], _assets={}, _asset_aliases={})","logger":"task.stdout"}
{"timestamp":"2026-05-05T12:27:00.093042Z","level":"info","event":"macros: <MacrosAccessor (dynamic access to macros)>","logger":"task.stdout"}
{"timestamp":"2026-05-05T12:27:00.093718Z","level":"info","event":"params: {}","logger":"task.stdout"}
{"timestamp":"2026-05-05T12:27:00.094485Z","level":"info","event":"var: {'json': <VariableAccessor (dynamic access)>, 'value': <VariableAccessor (dynamic access)>}","logger":"task.stdout"}
{"timestamp":"2026-05-05T12:27:00.095107Z","level":"info","event":"conn: <ConnectionAccessor (dynamic access)>","logger":"task.stdout"}
{"timestamp":"2026-05-05T12:27:00.095815Z","level":"info","event":"dag_run: dag_id='print_interval_dag' run_id='scheduled__2025-05-28T09:00:00+00:00' logical_date=datetime.datetime(2025, 5, 28, 9, 0, tzinfo=datetime.timezone.utc) data_interval_start=datetime.datetime(2025, 5, 28, 9, 0, tzinfo=datetime.timezone.utc) data_interval_end=datetime.datetime(2025, 5, 28, 9, 0, tzinfo=datetime.timezone.utc) run_after=datetime.datetime(2025, 5, 28, 9, 0, tzinfo=datetime.timezone.utc) start_date=datetime.datetime(2026, 5, 5, 12, 26, 58, 422013, tzinfo=datetime.timezone.utc) end_date=None clear_number=0 run_type=<DagRunType.SCHEDULED: 'scheduled'> state=<DagRunState.RUNNING: 'running'> conf={} triggering_user_name=None consumed_asset_events=[] partition_key=None note=None","logger":"task.stdout"}
{"timestamp":"2026-05-05T12:27:00.096358Z","level":"info","event":"triggering_asset_events: TriggeringAssetEventAccessor(_events=defaultdict(<class 'list'>, {}))","logger":"task.stdout"}
{"timestamp":"2026-05-05T12:27:00.096885Z","level":"info","event":"task_instance_key_str: print_interval_dag__print_interval__20250528","logger":"task.stdout"}
{"timestamp":"2026-05-05T12:27:00.097483Z","level":"info","event":"task_reschedule_count: 0","logger":"task.stdout"}
{"timestamp":"2026-05-05T12:27:00.207781Z","level":"info","event":"prev_start_date_success: 2026-05-05 12:26:57.160739+00:00","logger":"task.stdout"}
{"timestamp":"2026-05-05T12:27:00.214414Z","level":"info","event":"prev_end_date_success: 2026-05-05 12:26:59.623957+00:00","logger":"task.stdout"}
{"timestamp":"2026-05-05T12:27:00.216493Z","level":"info","event":"logical_date: 2025-05-28 09:00:00+00:00","logger":"task.stdout"}
{"timestamp":"2026-05-05T12:27:00.218687Z","level":"info","event":"ds: 2025-05-28","logger":"task.stdout"}
{"timestamp":"2026-05-05T12:27:00.220810Z","level":"info","event":"ds_nodash: 20250528","logger":"task.stdout"}
{"timestamp":"2026-05-05T12:27:00.221413Z","level":"info","event":"ts: 2025-05-28T09:00:00+00:00","logger":"task.stdout"}
{"timestamp":"2026-05-05T12:27:00.222360Z","level":"info","event":"ts_nodash: 20250528T090000","logger":"task.stdout"}
{"timestamp":"2026-05-05T12:27:00.223304Z","level":"info","event":"ts_nodash_with_tz: 20250528T090000+0000","logger":"task.stdout"}
{"timestamp":"2026-05-05T12:27:00.223943Z","level":"info","event":"data_interval_end: 2025-05-28 09:00:00+00:00","logger":"task.stdout"}
{"timestamp":"2026-05-05T12:27:00.224876Z","level":"info","event":"data_interval_start: 2025-05-28 09:00:00+00:00","logger":"task.stdout"}
{"timestamp":"2026-05-05T12:27:00.231130Z","level":"info","event":"prev_data_interval_start_success: 2025-05-28 03:00:00+00:00","logger":"task.stdout"}
{"timestamp":"2026-05-05T12:27:00.236006Z","level":"info","event":"prev_data_interval_end_success: 2025-05-28 03:00:00+00:00","logger":"task.stdout"}
{"timestamp":"2026-05-05T12:27:00.275875Z","level":"info","event":"templates_dict: None","logger":"task.stdout"}
{"timestamp":"2026-05-05T12:27:00.207037Z","level":"info","event":"Done. Returned value was: None","logger":"airflow.task.operators.airflow.providers.standard.operators.python.PythonOperator","filename":"python.py","lineno":229}
{"timestamp":"2026-05-05T12:27:00.377228Z","level":"info","event":"Task instance in success state","logger":"task.stdout"}
{"timestamp":"2026-05-05T12:27:00.378241Z","level":"info","event":" Previous state of the Task instance: TaskInstanceState.RUNNING","logger":"task.stdout"}
{"timestamp":"2026-05-05T12:27:00.378857Z","level":"info","event":"Task operator:<Task(PythonOperator): print_interval>","logger":"task.stdout"}
