{"timestamp":"2026-05-05T10:29:28.913250Z","level":"info","event":"DAG bundles loaded: dags-folder, example_dags","logger":"airflow.dag_processing.bundles.manager.DagBundlesManager","filename":"manager.py","lineno":209}
{"timestamp":"2026-05-05T10:29:28.915627Z","level":"info","event":"Filling up the DagBag from /opt/airflow/dags/print_interval_dag.py","logger":"airflow.dag_processing.dagbag.BundleDagBag","filename":"dagbag.py","lineno":469}
{"timestamp":"2026-05-05T10:29:28.954215Z","level":"warning","event":"The `airflow.operators.python.PythonOperator` attribute is deprecated. Please use `'airflow.providers.standard.operators.python.PythonOperator'`.","category":"UserWarning","filename":"/opt/airflow/dags/print_interval_dag.py","lineno":2,"logger":"py.warnings"}
{"timestamp":"2026-05-05T10:29:29.070843Z","level":"info","event":"Task instance is in running state","logger":"task.stdout"}
{"timestamp":"2026-05-05T10:29:29.071468Z","level":"info","event":" Previous state of the Task instance: TaskInstanceState.QUEUED","logger":"task.stdout"}
{"timestamp":"2026-05-05T10:29:29.072348Z","level":"info","event":"Current task name:print_interval","logger":"task.stdout"}
{"timestamp":"2026-05-05T10:29:29.072930Z","level":"info","event":"Dag name:print_interval_dag","logger":"task.stdout"}
{"timestamp":"2026-05-05T10:29:29.079076Z","level":"info","event":"Interval Start: 2025-05-04 09:00:00+00:00","logger":"task.stdout"}
{"timestamp":"2026-05-05T10:29:29.081833Z","level":"info","event":"Interval End:   2025-05-04 09:00:00+00:00","logger":"task.stdout"}
{"timestamp":"2026-05-05T10:29:29.079071Z","level":"info","event":"Done. Returned value was: None","logger":"airflow.task.operators.airflow.providers.standard.operators.python.PythonOperator","filename":"python.py","lineno":229}
{"timestamp":"2026-05-05T10:29:29.138599Z","level":"info","event":"Task instance in success state","logger":"task.stdout"}
{"timestamp":"2026-05-05T10:29:29.139424Z","level":"info","event":" Previous state of the Task instance: TaskInstanceState.RUNNING","logger":"task.stdout"}
{"timestamp":"2026-05-05T10:29:29.140514Z","level":"info","event":"Task operator:<Task(PythonOperator): print_interval>","logger":"task.stdout"}
{"timestamp":"2026-05-05T12:25:20.443571Z","level":"info","event":"DAG bundles loaded: dags-folder, example_dags","logger":"airflow.dag_processing.bundles.manager.DagBundlesManager","filename":"manager.py","lineno":209}
{"timestamp":"2026-05-05T12:25:20.446190Z","level":"info","event":"Filling up the DagBag from /opt/airflow/dags/print_interval_dag.py","logger":"airflow.dag_processing.dagbag.BundleDagBag","filename":"dagbag.py","lineno":469}
{"timestamp":"2026-05-05T12:25:20.636227Z","level":"info","event":"Task instance is in running state","logger":"task.stdout"}
{"timestamp":"2026-05-05T12:25:20.637185Z","level":"info","event":" Previous state of the Task instance: TaskInstanceState.QUEUED","logger":"task.stdout"}
{"timestamp":"2026-05-05T12:25:20.644108Z","level":"info","event":"Current task name:print_interval","logger":"task.stdout"}
{"timestamp":"2026-05-05T12:25:20.646203Z","level":"info","event":"Dag name:print_interval_dag","logger":"task.stdout"}
{"timestamp":"2026-05-05T12:25:20.655323Z","level":"info","event":"=== ALL AVAILABLE MACROS ===","logger":"task.stdout"}
{"timestamp":"2026-05-05T12:25:20.657112Z","level":"info","event":"dag: <DAG: print_interval_dag>","logger":"task.stdout"}
{"timestamp":"2026-05-05T12:25:20.657820Z","level":"info","event":"inlets: []","logger":"task.stdout"}
{"timestamp":"2026-05-05T12:25:20.658287Z","level":"info","event":"map_index_template: None","logger":"task.stdout"}
{"timestamp":"2026-05-05T12:25:20.661580Z","level":"info","event":"outlets: []","logger":"task.stdout"}
{"timestamp":"2026-05-05T12:25:20.662157Z","level":"info","event":"run_id: scheduled__2025-05-04T09:00:00+00:00","logger":"task.stdout"}
{"timestamp":"2026-05-05T12:25:20.662676Z","level":"info","event":"task: <Task(PythonOperator): print_interval>","logger":"task.stdout"}
{"timestamp":"2026-05-05T12:25:20.663240Z","level":"info","event":"task_instance: id=UUID('019df819-93c1-78c8-8009-9f1fb052113e') task_id='print_interval' dag_id='print_interval_dag' run_id='scheduled__2025-05-04T09:00:00+00:00' try_number=1 dag_version_id=UUID('019df815-a045-750b-bac8-47ced7cc6a45') map_index=-1 hostname='86abe326db93' context_carrier={'traceparent': '00-0ad2e2b5c0b226cd6a257d0c980d3c17-12107edfdbb3a5f6-01'} task=<Task(PythonOperator): print_interval> bundle_instance=LocalDagBundle(name=dags-folder) max_tries=0 start_date=datetime.datetime(2026, 5, 5, 12, 25, 19, 440746, tzinfo=datetime.timezone.utc) end_date=None state=<TaskInstanceState.RUNNING: 'running'> is_mapped=False rendered_map_index=None sentry_integration=''","logger":"task.stdout"}
{"timestamp":"2026-05-05T12:25:20.663964Z","level":"info","event":"ti: id=UUID('019df819-93c1-78c8-8009-9f1fb052113e') task_id='print_interval' dag_id='print_interval_dag' run_id='scheduled__2025-05-04T09:00:00+00:00' try_number=1 dag_version_id=UUID('019df815-a045-750b-bac8-47ced7cc6a45') map_index=-1 hostname='86abe326db93' context_carrier={'traceparent': '00-0ad2e2b5c0b226cd6a257d0c980d3c17-12107edfdbb3a5f6-01'} task=<Task(PythonOperator): print_interval> bundle_instance=LocalDagBundle(name=dags-folder) max_tries=0 start_date=datetime.datetime(2026, 5, 5, 12, 25, 19, 440746, tzinfo=datetime.timezone.utc) end_date=None state=<TaskInstanceState.RUNNING: 'running'> is_mapped=False rendered_map_index=None sentry_integration=''","logger":"task.stdout"}
{"timestamp":"2026-05-05T12:25:20.664401Z","level":"info","event":"outlet_events: OutletEventAccessors(_dict={})","logger":"task.stdout"}
{"timestamp":"2026-05-05T12:25:20.665596Z","level":"info","event":"inlet_events: InletEventsAccessors(_inlets=[], _assets={}, _asset_aliases={})","logger":"task.stdout"}
{"timestamp":"2026-05-05T12:25:20.666221Z","level":"info","event":"macros: <MacrosAccessor (dynamic access to macros)>","logger":"task.stdout"}
{"timestamp":"2026-05-05T12:25:20.667335Z","level":"info","event":"params: {}","logger":"task.stdout"}
{"timestamp":"2026-05-05T12:25:20.668150Z","level":"info","event":"var: {'json': <VariableAccessor (dynamic access)>, 'value': <VariableAccessor (dynamic access)>}","logger":"task.stdout"}
{"timestamp":"2026-05-05T12:25:20.669416Z","level":"info","event":"conn: <ConnectionAccessor (dynamic access)>","logger":"task.stdout"}
{"timestamp":"2026-05-05T12:25:20.670583Z","level":"info","event":"dag_run: dag_id='print_interval_dag' run_id='scheduled__2025-05-04T09:00:00+00:00' logical_date=datetime.datetime(2025, 5, 4, 9, 0, tzinfo=datetime.timezone.utc) data_interval_start=datetime.datetime(2025, 5, 4, 9, 0, tzinfo=datetime.timezone.utc) data_interval_end=datetime.datetime(2025, 5, 4, 9, 0, tzinfo=datetime.timezone.utc) run_after=datetime.datetime(2025, 5, 4, 9, 0, tzinfo=datetime.timezone.utc) start_date=datetime.datetime(2026, 5, 5, 12, 25, 19, 72573, tzinfo=datetime.timezone.utc) end_date=None clear_number=0 run_type=<DagRunType.SCHEDULED: 'scheduled'> state=<DagRunState.RUNNING: 'running'> conf={} triggering_user_name=None consumed_asset_events=[] partition_key=None note=None","logger":"task.stdout"}
{"timestamp":"2026-05-05T12:25:20.671886Z","level":"info","event":"triggering_asset_events: TriggeringAssetEventAccessor(_events=defaultdict(<class 'list'>, {}))","logger":"task.stdout"}
{"timestamp":"2026-05-05T12:25:20.673060Z","level":"info","event":"task_instance_key_str: print_interval_dag__print_interval__20250504","logger":"task.stdout"}
{"timestamp":"2026-05-05T12:25:20.675152Z","level":"info","event":"task_reschedule_count: 0","logger":"task.stdout"}
{"timestamp":"2026-05-05T12:25:20.719632Z","level":"info","event":"prev_start_date_success: 2026-05-05 12:25:17.610584+00:00","logger":"task.stdout"}
{"timestamp":"2026-05-05T12:25:20.722195Z","level":"info","event":"prev_end_date_success: 2026-05-05 12:25:19.635553+00:00","logger":"task.stdout"}
{"timestamp":"2026-05-05T12:25:20.722807Z","level":"info","event":"logical_date: 2025-05-04 09:00:00+00:00","logger":"task.stdout"}
{"timestamp":"2026-05-05T12:25:20.724876Z","level":"info","event":"ds: 2025-05-04","logger":"task.stdout"}
{"timestamp":"2026-05-05T12:25:20.730425Z","level":"info","event":"ds_nodash: 20250504","logger":"task.stdout"}
{"timestamp":"2026-05-05T12:25:20.731045Z","level":"info","event":"ts: 2025-05-04T09:00:00+00:00","logger":"task.stdout"}
{"timestamp":"2026-05-05T12:25:20.731493Z","level":"info","event":"ts_nodash: 20250504T090000","logger":"task.stdout"}
{"timestamp":"2026-05-05T12:25:20.731965Z","level":"info","event":"ts_nodash_with_tz: 20250504T090000+0000","logger":"task.stdout"}
{"timestamp":"2026-05-05T12:25:20.732753Z","level":"info","event":"data_interval_end: 2025-05-04 09:00:00+00:00","logger":"task.stdout"}
{"timestamp":"2026-05-05T12:25:20.736024Z","level":"info","event":"data_interval_start: 2025-05-04 09:00:00+00:00","logger":"task.stdout"}
{"timestamp":"2026-05-05T12:25:20.736475Z","level":"info","event":"prev_data_interval_start_success: 2025-05-04 00:00:00+00:00","logger":"task.stdout"}
{"timestamp":"2026-05-05T12:25:20.736954Z","level":"info","event":"prev_data_interval_end_success: 2025-05-04 00:00:00+00:00","logger":"task.stdout"}
{"timestamp":"2026-05-05T12:25:20.740824Z","level":"info","event":"templates_dict: None","logger":"task.stdout"}
{"timestamp":"2026-05-05T12:25:20.716668Z","level":"info","event":"Done. Returned value was: None","logger":"airflow.task.operators.airflow.providers.standard.operators.python.PythonOperator","filename":"python.py","lineno":229}
{"timestamp":"2026-05-05T12:25:20.810048Z","level":"info","event":"Task instance in success state","logger":"task.stdout"}
{"timestamp":"2026-05-05T12:25:20.811954Z","level":"info","event":" Previous state of the Task instance: TaskInstanceState.RUNNING","logger":"task.stdout"}
{"timestamp":"2026-05-05T12:25:20.813635Z","level":"info","event":"Task operator:<Task(PythonOperator): print_interval>","logger":"task.stdout"}
