{"timestamp":"2026-05-05T10:29:45.254445Z","level":"info","event":"DAG bundles loaded: dags-folder, example_dags","logger":"airflow.dag_processing.bundles.manager.DagBundlesManager","filename":"manager.py","lineno":209}
{"timestamp":"2026-05-05T10:29:45.256902Z","level":"info","event":"Filling up the DagBag from /opt/airflow/dags/print_interval_dag.py","logger":"airflow.dag_processing.dagbag.BundleDagBag","filename":"dagbag.py","lineno":469}
{"timestamp":"2026-05-05T10:29:45.270534Z","level":"warning","event":"The `airflow.operators.python.PythonOperator` attribute is deprecated. Please use `'airflow.providers.standard.operators.python.PythonOperator'`.","category":"UserWarning","filename":"/opt/airflow/dags/print_interval_dag.py","lineno":2,"logger":"py.warnings"}
{"timestamp":"2026-05-05T10:29:45.337766Z","level":"info","event":"Task instance is in running state","logger":"task.stdout"}
{"timestamp":"2026-05-05T10:29:45.341700Z","level":"info","event":" Previous state of the Task instance: TaskInstanceState.QUEUED","logger":"task.stdout"}
{"timestamp":"2026-05-05T10:29:45.344778Z","level":"info","event":"Current task name:print_interval","logger":"task.stdout"}
{"timestamp":"2026-05-05T10:29:45.345341Z","level":"info","event":"Dag name:print_interval_dag","logger":"task.stdout"}
{"timestamp":"2026-05-05T10:29:45.346227Z","level":"info","event":"Interval Start: 2025-05-08 00:00:00+00:00","logger":"task.stdout"}
{"timestamp":"2026-05-05T10:29:45.349778Z","level":"info","event":"Interval End:   2025-05-08 00:00:00+00:00","logger":"task.stdout"}
{"timestamp":"2026-05-05T10:29:45.340854Z","level":"info","event":"Done. Returned value was: None","logger":"airflow.task.operators.airflow.providers.standard.operators.python.PythonOperator","filename":"python.py","lineno":229}
{"timestamp":"2026-05-05T10:29:45.403213Z","level":"info","event":"Task instance in success state","logger":"task.stdout"}
{"timestamp":"2026-05-05T10:29:45.403868Z","level":"info","event":" Previous state of the Task instance: TaskInstanceState.RUNNING","logger":"task.stdout"}
{"timestamp":"2026-05-05T10:29:45.404767Z","level":"info","event":"Task operator:<Task(PythonOperator): print_interval>","logger":"task.stdout"}
{"timestamp":"2026-05-05T12:25:34.135298Z","level":"info","event":"DAG bundles loaded: dags-folder, example_dags","logger":"airflow.dag_processing.bundles.manager.DagBundlesManager","filename":"manager.py","lineno":209}
{"timestamp":"2026-05-05T12:25:34.137524Z","level":"info","event":"Filling up the DagBag from /opt/airflow/dags/print_interval_dag.py","logger":"airflow.dag_processing.dagbag.BundleDagBag","filename":"dagbag.py","lineno":469}
{"timestamp":"2026-05-05T12:25:34.221360Z","level":"info","event":"Task instance is in running state","logger":"task.stdout"}
{"timestamp":"2026-05-05T12:25:34.224791Z","level":"info","event":" Previous state of the Task instance: TaskInstanceState.QUEUED","logger":"task.stdout"}
{"timestamp":"2026-05-05T12:25:34.225482Z","level":"info","event":"Current task name:print_interval","logger":"task.stdout"}
{"timestamp":"2026-05-05T12:25:34.226190Z","level":"info","event":"Dag name:print_interval_dag","logger":"task.stdout"}
{"timestamp":"2026-05-05T12:25:34.227921Z","level":"info","event":"=== ALL AVAILABLE MACROS ===","logger":"task.stdout"}
{"timestamp":"2026-05-05T12:25:34.228706Z","level":"info","event":"dag: <DAG: print_interval_dag>","logger":"task.stdout"}
{"timestamp":"2026-05-05T12:25:34.229174Z","level":"info","event":"inlets: []","logger":"task.stdout"}
{"timestamp":"2026-05-05T12:25:34.235381Z","level":"info","event":"map_index_template: None","logger":"task.stdout"}
{"timestamp":"2026-05-05T12:25:34.236358Z","level":"info","event":"outlets: []","logger":"task.stdout"}
{"timestamp":"2026-05-05T12:25:34.237992Z","level":"info","event":"run_id: scheduled__2025-05-08T00:00:00+00:00","logger":"task.stdout"}
{"timestamp":"2026-05-05T12:25:34.243293Z","level":"info","event":"task: <Task(PythonOperator): print_interval>","logger":"task.stdout"}
{"timestamp":"2026-05-05T12:25:34.245012Z","level":"info","event":"task_instance: id=UUID('019df819-c8fd-7414-b7ca-c7742a5e45ae') task_id='print_interval' dag_id='print_interval_dag' run_id='scheduled__2025-05-08T00:00:00+00:00' try_number=1 dag_version_id=UUID('019df815-a045-750b-bac8-47ced7cc6a45') map_index=-1 hostname='86abe326db93' context_carrier={'traceparent': '00-f5e39ae319c7e26f08d34e086321cd03-c6419913826c984c-01'} task=<Task(PythonOperator): print_interval> bundle_instance=LocalDagBundle(name=dags-folder) max_tries=0 start_date=datetime.datetime(2026, 5, 5, 12, 25, 33, 177816, tzinfo=datetime.timezone.utc) end_date=None state=<TaskInstanceState.RUNNING: 'running'> is_mapped=False rendered_map_index=None sentry_integration=''","logger":"task.stdout"}
{"timestamp":"2026-05-05T12:25:34.246190Z","level":"info","event":"ti: id=UUID('019df819-c8fd-7414-b7ca-c7742a5e45ae') task_id='print_interval' dag_id='print_interval_dag' run_id='scheduled__2025-05-08T00:00:00+00:00' try_number=1 dag_version_id=UUID('019df815-a045-750b-bac8-47ced7cc6a45') map_index=-1 hostname='86abe326db93' context_carrier={'traceparent': '00-f5e39ae319c7e26f08d34e086321cd03-c6419913826c984c-01'} task=<Task(PythonOperator): print_interval> bundle_instance=LocalDagBundle(name=dags-folder) max_tries=0 start_date=datetime.datetime(2026, 5, 5, 12, 25, 33, 177816, tzinfo=datetime.timezone.utc) end_date=None state=<TaskInstanceState.RUNNING: 'running'> is_mapped=False rendered_map_index=None sentry_integration=''","logger":"task.stdout"}
{"timestamp":"2026-05-05T12:25:34.247620Z","level":"info","event":"outlet_events: OutletEventAccessors(_dict={})","logger":"task.stdout"}
{"timestamp":"2026-05-05T12:25:34.248299Z","level":"info","event":"inlet_events: InletEventsAccessors(_inlets=[], _assets={}, _asset_aliases={})","logger":"task.stdout"}
{"timestamp":"2026-05-05T12:25:34.248993Z","level":"info","event":"macros: <MacrosAccessor (dynamic access to macros)>","logger":"task.stdout"}
{"timestamp":"2026-05-05T12:25:34.249497Z","level":"info","event":"params: {}","logger":"task.stdout"}
{"timestamp":"2026-05-05T12:25:34.250269Z","level":"info","event":"var: {'json': <VariableAccessor (dynamic access)>, 'value': <VariableAccessor (dynamic access)>}","logger":"task.stdout"}
{"timestamp":"2026-05-05T12:25:34.250842Z","level":"info","event":"conn: <ConnectionAccessor (dynamic access)>","logger":"task.stdout"}
{"timestamp":"2026-05-05T12:25:34.251382Z","level":"info","event":"dag_run: dag_id='print_interval_dag' run_id='scheduled__2025-05-08T00:00:00+00:00' logical_date=datetime.datetime(2025, 5, 8, 0, 0, tzinfo=datetime.timezone.utc) data_interval_start=datetime.datetime(2025, 5, 8, 0, 0, tzinfo=datetime.timezone.utc) data_interval_end=datetime.datetime(2025, 5, 8, 0, 0, tzinfo=datetime.timezone.utc) run_after=datetime.datetime(2025, 5, 8, 0, 0, tzinfo=datetime.timezone.utc) start_date=datetime.datetime(2026, 5, 5, 12, 25, 32, 691873, tzinfo=datetime.timezone.utc) end_date=None clear_number=0 run_type=<DagRunType.SCHEDULED: 'scheduled'> state=<DagRunState.RUNNING: 'running'> conf={} triggering_user_name=None consumed_asset_events=[] partition_key=None note=None","logger":"task.stdout"}
{"timestamp":"2026-05-05T12:25:34.251951Z","level":"info","event":"triggering_asset_events: TriggeringAssetEventAccessor(_events=defaultdict(<class 'list'>, {}))","logger":"task.stdout"}
{"timestamp":"2026-05-05T12:25:34.252561Z","level":"info","event":"task_instance_key_str: print_interval_dag__print_interval__20250508","logger":"task.stdout"}
{"timestamp":"2026-05-05T12:25:34.253004Z","level":"info","event":"task_reschedule_count: 0","logger":"task.stdout"}
{"timestamp":"2026-05-05T12:25:34.278373Z","level":"info","event":"prev_start_date_success: 2026-05-05 12:25:31.625658+00:00","logger":"task.stdout"}
{"timestamp":"2026-05-05T12:25:34.278940Z","level":"info","event":"prev_end_date_success: 2026-05-05 12:25:33.871216+00:00","logger":"task.stdout"}
{"timestamp":"2026-05-05T12:25:34.279564Z","level":"info","event":"logical_date: 2025-05-08 00:00:00+00:00","logger":"task.stdout"}
{"timestamp":"2026-05-05T12:25:34.279994Z","level":"info","event":"ds: 2025-05-08","logger":"task.stdout"}
{"timestamp":"2026-05-05T12:25:34.281032Z","level":"info","event":"ds_nodash: 20250508","logger":"task.stdout"}
{"timestamp":"2026-05-05T12:25:34.282573Z","level":"info","event":"ts: 2025-05-08T00:00:00+00:00","logger":"task.stdout"}
{"timestamp":"2026-05-05T12:25:34.283202Z","level":"info","event":"ts_nodash: 20250508T000000","logger":"task.stdout"}
{"timestamp":"2026-05-05T12:25:34.283799Z","level":"info","event":"ts_nodash_with_tz: 20250508T000000+0000","logger":"task.stdout"}
{"timestamp":"2026-05-05T12:25:34.284252Z","level":"info","event":"data_interval_end: 2025-05-08 00:00:00+00:00","logger":"task.stdout"}
{"timestamp":"2026-05-05T12:25:34.284802Z","level":"info","event":"data_interval_start: 2025-05-08 00:00:00+00:00","logger":"task.stdout"}
{"timestamp":"2026-05-05T12:25:34.285231Z","level":"info","event":"prev_data_interval_start_success: 2025-05-07 18:00:00+00:00","logger":"task.stdout"}
{"timestamp":"2026-05-05T12:25:34.285702Z","level":"info","event":"prev_data_interval_end_success: 2025-05-07 18:00:00+00:00","logger":"task.stdout"}
{"timestamp":"2026-05-05T12:25:34.286059Z","level":"info","event":"templates_dict: None","logger":"task.stdout"}
{"timestamp":"2026-05-05T12:25:34.277611Z","level":"info","event":"Done. Returned value was: None","logger":"airflow.task.operators.airflow.providers.standard.operators.python.PythonOperator","filename":"python.py","lineno":229}
{"timestamp":"2026-05-05T12:25:34.369137Z","level":"info","event":"Task instance in success state","logger":"task.stdout"}
{"timestamp":"2026-05-05T12:25:34.373877Z","level":"info","event":" Previous state of the Task instance: TaskInstanceState.RUNNING","logger":"task.stdout"}
{"timestamp":"2026-05-05T12:25:34.375246Z","level":"info","event":"Task operator:<Task(PythonOperator): print_interval>","logger":"task.stdout"}
