{"timestamp":"2026-05-08T17:38:34.860813Z","level":"info","event":"DAG bundles loaded: dags-folder, example_dags","logger":"airflow.dag_processing.bundles.manager.DagBundlesManager","filename":"manager.py","lineno":209}
{"timestamp":"2026-05-08T17:38:34.864039Z","level":"info","event":"Filling up the DagBag from /opt/airflow/dags/csv_upsert_pipeline.py","logger":"airflow.dag_processing.dagbag.BundleDagBag","filename":"dagbag.py","lineno":469}
{"timestamp":"2026-05-08T17:38:34.904206Z","level":"warning","event":"airflow.exceptions.AirflowSkipException is deprecated and will be removed in a future version. Use airflow.sdk.exceptions.AirflowSkipException instead.","category":"UserWarning","filename":"/opt/airflow/dags/csv_upsert_pipeline.py","lineno":7,"logger":"py.warnings"}
{"timestamp":"2026-05-08T17:38:35.103731Z","level":"info","event":"Task instance is in running state","logger":"task.stdout"}
{"timestamp":"2026-05-08T17:38:35.108778Z","level":"info","event":" Previous state of the Task instance: TaskInstanceState.QUEUED","logger":"task.stdout"}
{"timestamp":"2026-05-08T17:38:35.112017Z","level":"info","event":"Current task name:process_partition","logger":"task.stdout"}
{"timestamp":"2026-05-08T17:38:35.112581Z","level":"info","event":"Dag name:csv_upsert_pipeline","logger":"task.stdout"}
{"timestamp":"2026-05-08T17:38:35.127916Z","level":"info","event":"[INFO] data_interval_start : 2026-05-06 04:00:00+00:00","logger":"task.stdout"}
{"timestamp":"2026-05-08T17:38:35.128960Z","level":"info","event":"[INFO] data_interval_end   : 2026-05-06 04:00:00+00:00","logger":"task.stdout"}
{"timestamp":"2026-05-08T17:38:35.129549Z","level":"info","event":"[INFO] Processing partition: /data/time_stamp=2026-05-06-04","logger":"task.stdout"}
{"timestamp":"2026-05-08T17:38:35.130282Z","level":"info","event":"[INFO] Sorted files: ['data_1.csv']","logger":"task.stdout"}
{"timestamp":"2026-05-08T17:38:35.131921Z","level":"info","event":"[INFO] Read data_1.csv  (index=1)","logger":"task.stdout"}
{"timestamp":"2026-05-08T17:38:35.137539Z","level":"info","event":"[INFO] Resolved 7 unique IDs for this run:","logger":"task.stdout"}
{"timestamp":"2026-05-08T17:38:35.142351Z","level":"info","event":"       id=1 → {'id': '1', 'name': 'Ivy', 'age': '41', 'department': 'Marketing', 'salary': '54124.54', 'working_hours': '21.2'}","logger":"task.stdout"}
{"timestamp":"2026-05-08T17:38:35.144943Z","level":"info","event":"       id=2 → {'id': '2', 'name': 'Frank', 'age': '45', 'department': 'HR', 'salary': '97532.15', 'working_hours': '20.6'}","logger":"task.stdout"}
{"timestamp":"2026-05-08T17:38:35.146866Z","level":"info","event":"       id=3 → {'id': '3', 'name': 'Bob', 'age': '34', 'department': 'Marketing', 'salary': '119873.42', 'working_hours': '31.6'}","logger":"task.stdout"}
{"timestamp":"2026-05-08T17:38:35.148567Z","level":"info","event":"       id=4 → {'id': '4', 'name': 'Hank', 'age': '52', 'department': 'Finance', 'salary': '34628.93', 'working_hours': '28.5'}","logger":"task.stdout"}
{"timestamp":"2026-05-08T17:38:35.149098Z","level":"info","event":"       id=5 → {'id': '5', 'name': 'Alice', 'age': '56', 'department': 'HR', 'salary': '59806.47', 'working_hours': '34.9'}","logger":"task.stdout"}
{"timestamp":"2026-05-08T17:38:35.155602Z","level":"info","event":"       id=6 → {'id': '6', 'name': 'Hank', 'age': '40', 'department': 'HR', 'salary': '64053.02', 'working_hours': '31.5'}","logger":"task.stdout"}
{"timestamp":"2026-05-08T17:38:35.157290Z","level":"info","event":"       id=7 → {'id': '7', 'name': 'Alice', 'age': '34', 'department': 'Operations', 'salary': '86071.22', 'working_hours': '46.9'}","logger":"task.stdout"}
{"timestamp":"2026-05-08T17:38:35.158041Z","level":"info","event":"[INFO] result.csv mil gayi — upsert karte hain.","logger":"task.stdout"}
{"timestamp":"2026-05-08T17:38:35.158536Z","level":"info","event":"[INFO] Existing result.csv mein 20 rows hain.","logger":"task.stdout"}
{"timestamp":"2026-05-08T17:38:35.163153Z","level":"info","event":"       UPDATE  id=1","logger":"task.stdout"}
{"timestamp":"2026-05-08T17:38:35.163872Z","level":"info","event":"       UPDATE  id=2","logger":"task.stdout"}
{"timestamp":"2026-05-08T17:38:35.164631Z","level":"info","event":"       UPDATE  id=3","logger":"task.stdout"}
{"timestamp":"2026-05-08T17:38:35.164985Z","level":"info","event":"       UPDATE  id=4","logger":"task.stdout"}
{"timestamp":"2026-05-08T17:38:35.172290Z","level":"info","event":"       UPDATE  id=5","logger":"task.stdout"}
{"timestamp":"2026-05-08T17:38:35.175526Z","level":"info","event":"       UPDATE  id=6","logger":"task.stdout"}
{"timestamp":"2026-05-08T17:38:35.176156Z","level":"info","event":"       UPDATE  id=7","logger":"task.stdout"}
{"timestamp":"2026-05-08T17:38:35.176767Z","level":"info","event":"[INFO] result.csv updated — total 20 rows.","logger":"task.stdout"}
{"timestamp":"2026-05-08T17:38:35.147140Z","level":"info","event":"Done. Returned value was: None","logger":"airflow.task.operators.airflow.providers.standard.operators.python.PythonOperator","filename":"python.py","lineno":229}
{"timestamp":"2026-05-08T17:38:35.511111Z","level":"info","event":"Task instance in success state","logger":"task.stdout"}
{"timestamp":"2026-05-08T17:38:35.512510Z","level":"info","event":" Previous state of the Task instance: TaskInstanceState.RUNNING","logger":"task.stdout"}
{"timestamp":"2026-05-08T17:38:35.513844Z","level":"info","event":"Task operator:<Task(PythonOperator): process_partition>","logger":"task.stdout"}
{"timestamp":"2026-05-11T16:47:37.700303Z","level":"info","event":"DAG bundles loaded: dags-folder, example_dags","logger":"airflow.dag_processing.bundles.manager.DagBundlesManager","filename":"manager.py","lineno":209}
{"timestamp":"2026-05-11T16:47:37.702529Z","level":"info","event":"Filling up the DagBag from /opt/airflow/dags/csv_upsert_pipeline.py","logger":"airflow.dag_processing.dagbag.BundleDagBag","filename":"dagbag.py","lineno":469}
{"timestamp":"2026-05-11T16:47:38.130460Z","level":"info","event":"Task instance is in running state","logger":"task.stdout"}
{"timestamp":"2026-05-11T16:47:38.132070Z","level":"info","event":" Previous state of the Task instance: TaskInstanceState.QUEUED","logger":"task.stdout"}
{"timestamp":"2026-05-11T16:47:38.137486Z","level":"info","event":"Current task name:process_partition","logger":"task.stdout"}
{"timestamp":"2026-05-11T16:47:38.138101Z","level":"info","event":"Dag name:csv_upsert_pipeline","logger":"task.stdout"}
{"timestamp":"2026-05-11T16:47:38.146050Z","level":"info","event":"[INFO] data_interval_start : 2026-05-06 04:00:00+00:00","logger":"task.stdout"}
{"timestamp":"2026-05-11T16:47:38.146600Z","level":"info","event":"[INFO] data_interval_end   : 2026-05-06 04:00:00+00:00","logger":"task.stdout"}
{"timestamp":"2026-05-11T16:47:38.152013Z","level":"info","event":"[INFO] Processing partition: /data/time_stamp=2026-05-06-04","logger":"task.stdout"}
{"timestamp":"2026-05-11T16:47:38.252142Z","level":"error","event":"/home/airflow/.local/lib/python3.13/site-packages/pyspark/bin/load-spark-env.sh: line 68: ps: command not found","logger":"task.stderr"}
{"timestamp":"2026-05-11T16:47:38.255343Z","level":"error","event":"JAVA_HOME is not set","logger":"task.stderr"}
{"timestamp":"2026-05-11T16:47:38.336118Z","level":"error","event":"Task failed with exception","logger":"task","filename":"task_runner.py","lineno":1347,"error_detail":[{"exc_type":"PySparkRuntimeError","exc_value":"[JAVA_GATEWAY_EXITED] Java gateway process exited before sending its port number.","exc_notes":[],"syntax_error":null,"is_cause":false,"frames":[{"filename":"/home/airflow/.local/lib/python3.13/site-packages/airflow/sdk/execution_time/task_runner.py","lineno":1263,"name":"run"},{"filename":"/home/airflow/.local/lib/python3.13/site-packages/airflow/sdk/execution_time/task_runner.py","lineno":1678,"name":"_execute_task"},{"filename":"/home/airflow/.local/lib/python3.13/site-packages/airflow/sdk/bases/operator.py","lineno":443,"name":"wrapper"},{"filename":"/home/airflow/.local/lib/python3.13/site-packages/airflow/providers/standard/operators/python.py","lineno":227,"name":"execute"},{"filename":"/home/airflow/.local/lib/python3.13/site-packages/airflow/providers/standard/operators/python.py","lineno":250,"name":"execute_callable"},{"filename":"/home/airflow/.local/lib/python3.13/site-packages/airflow/sdk/execution_time/callback_runner.py","lineno":97,"name":"run"},{"filename":"/opt/airflow/dags/csv_upsert_pipeline.py","lineno":47,"name":"process_partition"},{"filename":"/home/airflow/.local/lib/python3.13/site-packages/pyspark/sql/session.py","lineno":497,"name":"getOrCreate"},{"filename":"/home/airflow/.local/lib/python3.13/site-packages/pyspark/context.py","lineno":515,"name":"getOrCreate"},{"filename":"/home/airflow/.local/lib/python3.13/site-packages/pyspark/context.py","lineno":201,"name":"__init__"},{"filename":"/home/airflow/.local/lib/python3.13/site-packages/pyspark/context.py","lineno":436,"name":"_ensure_initialized"},{"filename":"/home/airflow/.local/lib/python3.13/site-packages/pyspark/java_gateway.py","lineno":107,"name":"launch_gateway"}],"is_group":false,"exceptions":[]}]}
{"timestamp":"2026-05-11T16:47:38.350207Z","level":"info","event":"Task instance in failure state","logger":"task.stdout"}
{"timestamp":"2026-05-11T16:47:38.355398Z","level":"info","event":"Task start","logger":"task.stdout"}
{"timestamp":"2026-05-11T16:47:38.357774Z","level":"info","event":"Task:<Task(PythonOperator): process_partition>","logger":"task.stdout"}
{"timestamp":"2026-05-11T16:47:38.359266Z","level":"info","event":"Failure caused by [JAVA_GATEWAY_EXITED] Java gateway process exited before sending its port number.","logger":"task.stdout"}
{"timestamp":"2026-05-11T17:18:28.519286Z","level":"info","event":"DAG bundles loaded: dags-folder, example_dags","logger":"airflow.dag_processing.bundles.manager.DagBundlesManager","filename":"manager.py","lineno":209}
{"timestamp":"2026-05-11T17:18:28.522041Z","level":"info","event":"Filling up the DagBag from /opt/airflow/dags/__pycache__/csv_upsert_pipeline.py","logger":"airflow.dag_processing.dagbag.BundleDagBag","filename":"dagbag.py","lineno":469}
{"timestamp":"2026-05-11T17:18:28.557136Z","level":"warning","event":"airflow.exceptions.AirflowSkipException is deprecated and will be removed in a future version. Use airflow.sdk.exceptions.AirflowSkipException instead.","category":"UserWarning","filename":"/opt/airflow/dags/__pycache__/csv_upsert_pipeline.py","lineno":7,"logger":"py.warnings"}
{"timestamp":"2026-05-11T17:18:29.081840Z","level":"info","event":"Task instance is in running state","logger":"task.stdout"}
{"timestamp":"2026-05-11T17:18:29.082723Z","level":"info","event":" Previous state of the Task instance: TaskInstanceState.QUEUED","logger":"task.stdout"}
{"timestamp":"2026-05-11T17:18:29.083520Z","level":"info","event":"Current task name:process_partition","logger":"task.stdout"}
{"timestamp":"2026-05-11T17:18:29.086608Z","level":"info","event":"Dag name:csv_upsert_pipeline","logger":"task.stdout"}
{"timestamp":"2026-05-11T17:18:29.144891Z","level":"info","event":"[INFO] data_interval_start : 2026-05-06 04:00:00+00:00","logger":"task.stdout"}
{"timestamp":"2026-05-11T17:18:29.172152Z","level":"info","event":"[INFO] data_interval_end   : 2026-05-06 04:00:00+00:00","logger":"task.stdout"}
{"timestamp":"2026-05-11T17:18:29.172671Z","level":"info","event":"[INFO] Processing partition: /data/time_stamp=2026-05-06-04","logger":"task.stdout"}
{"timestamp":"2026-05-11T17:18:29.177294Z","level":"info","event":"[INFO] Sorted files: ['data_1.csv']","logger":"task.stdout"}
{"timestamp":"2026-05-11T17:18:29.179652Z","level":"info","event":"[INFO] Read data_1.csv  (index=1)","logger":"task.stdout"}
{"timestamp":"2026-05-11T17:18:29.182506Z","level":"info","event":"[INFO] Resolved 7 unique IDs for this run:","logger":"task.stdout"}
{"timestamp":"2026-05-11T17:18:29.192831Z","level":"info","event":"       id=1 → {'id': '1', 'name': 'Ivy', 'age': '41', 'department': 'Marketing', 'salary': '54124.54', 'working_hours': '21.2'}","logger":"task.stdout"}
{"timestamp":"2026-05-11T17:18:29.195080Z","level":"info","event":"       id=2 → {'id': '2', 'name': 'Frank', 'age': '45', 'department': 'HR', 'salary': '97532.15', 'working_hours': '20.6'}","logger":"task.stdout"}
{"timestamp":"2026-05-11T17:18:29.197364Z","level":"info","event":"       id=3 → {'id': '3', 'name': 'Bob', 'age': '34', 'department': 'Marketing', 'salary': '119873.42', 'working_hours': '31.6'}","logger":"task.stdout"}
{"timestamp":"2026-05-11T17:18:29.198940Z","level":"info","event":"       id=4 → {'id': '4', 'name': 'Hank', 'age': '52', 'department': 'Finance', 'salary': '34628.93', 'working_hours': '28.5'}","logger":"task.stdout"}
{"timestamp":"2026-05-11T17:18:29.199539Z","level":"info","event":"       id=5 → {'id': '5', 'name': 'Alice', 'age': '56', 'department': 'HR', 'salary': '59806.47', 'working_hours': '34.9'}","logger":"task.stdout"}
{"timestamp":"2026-05-11T17:18:29.201559Z","level":"info","event":"       id=6 → {'id': '6', 'name': 'Hank', 'age': '40', 'department': 'HR', 'salary': '64053.02', 'working_hours': '31.5'}","logger":"task.stdout"}
{"timestamp":"2026-05-11T17:18:29.227440Z","level":"info","event":"       id=7 → {'id': '7', 'name': 'Alice', 'age': '34', 'department': 'Operations', 'salary': '86071.22', 'working_hours': '46.9'}","logger":"task.stdout"}
{"timestamp":"2026-05-11T17:18:29.227993Z","level":"info","event":"[INFO] result.csv found — upsert.","logger":"task.stdout"}
{"timestamp":"2026-05-11T17:18:29.229681Z","level":"info","event":"[INFO] In existing result.csv 20 rows.","logger":"task.stdout"}
{"timestamp":"2026-05-11T17:18:29.233331Z","level":"info","event":"       UPDATE  id=1","logger":"task.stdout"}
{"timestamp":"2026-05-11T17:18:29.234351Z","level":"info","event":"       UPDATE  id=2","logger":"task.stdout"}
{"timestamp":"2026-05-11T17:18:29.235058Z","level":"info","event":"       UPDATE  id=3","logger":"task.stdout"}
{"timestamp":"2026-05-11T17:18:29.236993Z","level":"info","event":"       UPDATE  id=4","logger":"task.stdout"}
{"timestamp":"2026-05-11T17:18:29.241548Z","level":"info","event":"       UPDATE  id=5","logger":"task.stdout"}
{"timestamp":"2026-05-11T17:18:29.244718Z","level":"info","event":"       UPDATE  id=6","logger":"task.stdout"}
{"timestamp":"2026-05-11T17:18:29.247568Z","level":"info","event":"       UPDATE  id=7","logger":"task.stdout"}
{"timestamp":"2026-05-11T17:18:29.248829Z","level":"info","event":"[INFO] result.csv updated — total 20 rows.","logger":"task.stdout"}
{"timestamp":"2026-05-11T17:18:29.171046Z","level":"info","event":"Done. Returned value was: None","logger":"airflow.task.operators.airflow.providers.standard.operators.python.PythonOperator","filename":"python.py","lineno":229}
{"timestamp":"2026-05-11T17:18:29.788230Z","level":"info","event":"Task instance in success state","logger":"task.stdout"}
{"timestamp":"2026-05-11T17:18:29.788984Z","level":"info","event":" Previous state of the Task instance: TaskInstanceState.RUNNING","logger":"task.stdout"}
{"timestamp":"2026-05-11T17:18:29.795426Z","level":"info","event":"Task operator:<Task(PythonOperator): process_partition>","logger":"task.stdout"}
