{"timestamp":"2026-05-05T10:30:58.412390Z","level":"info","event":"DAG bundles loaded: dags-folder, example_dags","logger":"airflow.dag_processing.bundles.manager.DagBundlesManager","filename":"manager.py","lineno":209}
{"timestamp":"2026-05-05T10:30:58.414335Z","level":"info","event":"Filling up the DagBag from /opt/airflow/dags/print_interval_dag.py","logger":"airflow.dag_processing.dagbag.BundleDagBag","filename":"dagbag.py","lineno":469}
{"timestamp":"2026-05-05T10:30:58.424109Z","level":"warning","event":"The `airflow.operators.python.PythonOperator` attribute is deprecated. Please use `'airflow.providers.standard.operators.python.PythonOperator'`.","category":"UserWarning","filename":"/opt/airflow/dags/print_interval_dag.py","lineno":2,"logger":"py.warnings"}
{"timestamp":"2026-05-05T10:30:58.470957Z","level":"info","event":"Task instance is in running state","logger":"task.stdout"}
{"timestamp":"2026-05-05T10:30:58.472659Z","level":"info","event":" Previous state of the Task instance: TaskInstanceState.QUEUED","logger":"task.stdout"}
{"timestamp":"2026-05-05T10:30:58.475280Z","level":"info","event":"Current task name:print_interval","logger":"task.stdout"}
{"timestamp":"2026-05-05T10:30:58.475868Z","level":"info","event":"Dag name:print_interval_dag","logger":"task.stdout"}
{"timestamp":"2026-05-05T10:30:58.476715Z","level":"info","event":"Interval Start: 2025-05-27 00:00:00+00:00","logger":"task.stdout"}
{"timestamp":"2026-05-05T10:30:58.477277Z","level":"info","event":"Interval End:   2025-05-27 00:00:00+00:00","logger":"task.stdout"}
{"timestamp":"2026-05-05T10:30:58.476273Z","level":"info","event":"Done. Returned value was: None","logger":"airflow.task.operators.airflow.providers.standard.operators.python.PythonOperator","filename":"python.py","lineno":229}
{"timestamp":"2026-05-05T10:30:58.594338Z","level":"info","event":"Task instance in success state","logger":"task.stdout"}
{"timestamp":"2026-05-05T10:30:58.594983Z","level":"info","event":" Previous state of the Task instance: TaskInstanceState.RUNNING","logger":"task.stdout"}
{"timestamp":"2026-05-05T10:30:58.597208Z","level":"info","event":"Task operator:<Task(PythonOperator): print_interval>","logger":"task.stdout"}
{"timestamp":"2026-05-05T12:26:54.068559Z","level":"info","event":"DAG bundles loaded: dags-folder, example_dags","logger":"airflow.dag_processing.bundles.manager.DagBundlesManager","filename":"manager.py","lineno":209}
{"timestamp":"2026-05-05T12:26:54.074744Z","level":"info","event":"Filling up the DagBag from /opt/airflow/dags/print_interval_dag.py","logger":"airflow.dag_processing.dagbag.BundleDagBag","filename":"dagbag.py","lineno":469}
{"timestamp":"2026-05-05T12:26:54.267604Z","level":"info","event":"Task instance is in running state","logger":"task.stdout"}
{"timestamp":"2026-05-05T12:26:54.269819Z","level":"info","event":" Previous state of the Task instance: TaskInstanceState.QUEUED","logger":"task.stdout"}
{"timestamp":"2026-05-05T12:26:54.271673Z","level":"info","event":"Current task name:print_interval","logger":"task.stdout"}
{"timestamp":"2026-05-05T12:26:54.274492Z","level":"info","event":"Dag name:print_interval_dag","logger":"task.stdout"}
{"timestamp":"2026-05-05T12:26:54.276974Z","level":"info","event":"=== ALL AVAILABLE MACROS ===","logger":"task.stdout"}
{"timestamp":"2026-05-05T12:26:54.278264Z","level":"info","event":"dag: <DAG: print_interval_dag>","logger":"task.stdout"}
{"timestamp":"2026-05-05T12:26:54.278933Z","level":"info","event":"inlets: []","logger":"task.stdout"}
{"timestamp":"2026-05-05T12:26:54.280989Z","level":"info","event":"map_index_template: None","logger":"task.stdout"}
{"timestamp":"2026-05-05T12:26:54.281607Z","level":"info","event":"outlets: []","logger":"task.stdout"}
{"timestamp":"2026-05-05T12:26:54.282449Z","level":"info","event":"run_id: scheduled__2025-05-27T00:00:00+00:00","logger":"task.stdout"}
{"timestamp":"2026-05-05T12:26:54.283741Z","level":"info","event":"task: <Task(PythonOperator): print_interval>","logger":"task.stdout"}
{"timestamp":"2026-05-05T12:26:54.287939Z","level":"info","event":"task_instance: id=UUID('019df81b-00c2-779f-8334-dcd0cc05e2a2') task_id='print_interval' dag_id='print_interval_dag' run_id='scheduled__2025-05-27T00:00:00+00:00' try_number=1 dag_version_id=UUID('019df815-a045-750b-bac8-47ced7cc6a45') map_index=-1 hostname='86abe326db93' context_carrier={'traceparent': '00-2fbf03c69c7fe87c6ef8861dee8eb88e-c76467897091d3fa-01'} task=<Task(PythonOperator): print_interval> bundle_instance=LocalDagBundle(name=dags-folder) max_tries=0 start_date=datetime.datetime(2026, 5, 5, 12, 26, 52, 938412, tzinfo=datetime.timezone.utc) end_date=None state=<TaskInstanceState.RUNNING: 'running'> is_mapped=False rendered_map_index=None sentry_integration=''","logger":"task.stdout"}
{"timestamp":"2026-05-05T12:26:54.289058Z","level":"info","event":"ti: id=UUID('019df81b-00c2-779f-8334-dcd0cc05e2a2') task_id='print_interval' dag_id='print_interval_dag' run_id='scheduled__2025-05-27T00:00:00+00:00' try_number=1 dag_version_id=UUID('019df815-a045-750b-bac8-47ced7cc6a45') map_index=-1 hostname='86abe326db93' context_carrier={'traceparent': '00-2fbf03c69c7fe87c6ef8861dee8eb88e-c76467897091d3fa-01'} task=<Task(PythonOperator): print_interval> bundle_instance=LocalDagBundle(name=dags-folder) max_tries=0 start_date=datetime.datetime(2026, 5, 5, 12, 26, 52, 938412, tzinfo=datetime.timezone.utc) end_date=None state=<TaskInstanceState.RUNNING: 'running'> is_mapped=False rendered_map_index=None sentry_integration=''","logger":"task.stdout"}
{"timestamp":"2026-05-05T12:26:54.291535Z","level":"info","event":"outlet_events: OutletEventAccessors(_dict={})","logger":"task.stdout"}
{"timestamp":"2026-05-05T12:26:54.292175Z","level":"info","event":"inlet_events: InletEventsAccessors(_inlets=[], _assets={}, _asset_aliases={})","logger":"task.stdout"}
{"timestamp":"2026-05-05T12:26:54.292713Z","level":"info","event":"macros: <MacrosAccessor (dynamic access to macros)>","logger":"task.stdout"}
{"timestamp":"2026-05-05T12:26:54.293160Z","level":"info","event":"params: {}","logger":"task.stdout"}
{"timestamp":"2026-05-05T12:26:54.293673Z","level":"info","event":"var: {'json': <VariableAccessor (dynamic access)>, 'value': <VariableAccessor (dynamic access)>}","logger":"task.stdout"}
{"timestamp":"2026-05-05T12:26:54.294626Z","level":"info","event":"conn: <ConnectionAccessor (dynamic access)>","logger":"task.stdout"}
{"timestamp":"2026-05-05T12:26:54.295191Z","level":"info","event":"dag_run: dag_id='print_interval_dag' run_id='scheduled__2025-05-27T00:00:00+00:00' logical_date=datetime.datetime(2025, 5, 27, 0, 0, tzinfo=datetime.timezone.utc) data_interval_start=datetime.datetime(2025, 5, 27, 0, 0, tzinfo=datetime.timezone.utc) data_interval_end=datetime.datetime(2025, 5, 27, 0, 0, tzinfo=datetime.timezone.utc) run_after=datetime.datetime(2025, 5, 27, 0, 0, tzinfo=datetime.timezone.utc) start_date=datetime.datetime(2026, 5, 5, 12, 26, 52, 520691, tzinfo=datetime.timezone.utc) end_date=None clear_number=0 run_type=<DagRunType.SCHEDULED: 'scheduled'> state=<DagRunState.RUNNING: 'running'> conf={} triggering_user_name=None consumed_asset_events=[] partition_key=None note=None","logger":"task.stdout"}
{"timestamp":"2026-05-05T12:26:54.295683Z","level":"info","event":"triggering_asset_events: TriggeringAssetEventAccessor(_events=defaultdict(<class 'list'>, {}))","logger":"task.stdout"}
{"timestamp":"2026-05-05T12:26:54.296178Z","level":"info","event":"task_instance_key_str: print_interval_dag__print_interval__20250527","logger":"task.stdout"}
{"timestamp":"2026-05-05T12:26:54.296512Z","level":"info","event":"task_reschedule_count: 0","logger":"task.stdout"}
{"timestamp":"2026-05-05T12:26:54.329819Z","level":"info","event":"prev_start_date_success: 2026-05-05 12:26:52.035891+00:00","logger":"task.stdout"}
{"timestamp":"2026-05-05T12:26:54.330791Z","level":"info","event":"prev_end_date_success: 2026-05-05 12:26:54.279078+00:00","logger":"task.stdout"}
{"timestamp":"2026-05-05T12:26:54.333896Z","level":"info","event":"logical_date: 2025-05-27 00:00:00+00:00","logger":"task.stdout"}
{"timestamp":"2026-05-05T12:26:54.335165Z","level":"info","event":"ds: 2025-05-27","logger":"task.stdout"}
{"timestamp":"2026-05-05T12:26:54.339965Z","level":"info","event":"ds_nodash: 20250527","logger":"task.stdout"}
{"timestamp":"2026-05-05T12:26:54.340628Z","level":"info","event":"ts: 2025-05-27T00:00:00+00:00","logger":"task.stdout"}
{"timestamp":"2026-05-05T12:26:54.341115Z","level":"info","event":"ts_nodash: 20250527T000000","logger":"task.stdout"}
{"timestamp":"2026-05-05T12:26:54.341599Z","level":"info","event":"ts_nodash_with_tz: 20250527T000000+0000","logger":"task.stdout"}
{"timestamp":"2026-05-05T12:26:54.342570Z","level":"info","event":"data_interval_end: 2025-05-27 00:00:00+00:00","logger":"task.stdout"}
{"timestamp":"2026-05-05T12:26:54.343212Z","level":"info","event":"data_interval_start: 2025-05-27 00:00:00+00:00","logger":"task.stdout"}
{"timestamp":"2026-05-05T12:26:54.344804Z","level":"info","event":"prev_data_interval_start_success: 2025-05-26 21:00:00+00:00","logger":"task.stdout"}
{"timestamp":"2026-05-05T12:26:54.345441Z","level":"info","event":"prev_data_interval_end_success: 2025-05-26 21:00:00+00:00","logger":"task.stdout"}
{"timestamp":"2026-05-05T12:26:54.346146Z","level":"info","event":"templates_dict: None","logger":"task.stdout"}
{"timestamp":"2026-05-05T12:26:54.329053Z","level":"info","event":"Done. Returned value was: None","logger":"airflow.task.operators.airflow.providers.standard.operators.python.PythonOperator","filename":"python.py","lineno":229}
{"timestamp":"2026-05-05T12:26:54.430626Z","level":"info","event":"Task instance in success state","logger":"task.stdout"}
{"timestamp":"2026-05-05T12:26:54.432908Z","level":"info","event":" Previous state of the Task instance: TaskInstanceState.RUNNING","logger":"task.stdout"}
{"timestamp":"2026-05-05T12:26:54.434564Z","level":"info","event":"Task operator:<Task(PythonOperator): print_interval>","logger":"task.stdout"}
