{"timestamp":"2026-05-05T10:31:06.092584Z","level":"info","event":"DAG bundles loaded: dags-folder, example_dags","logger":"airflow.dag_processing.bundles.manager.DagBundlesManager","filename":"manager.py","lineno":209}
{"timestamp":"2026-05-05T10:31:06.094862Z","level":"info","event":"Filling up the DagBag from /opt/airflow/dags/print_interval_dag.py","logger":"airflow.dag_processing.dagbag.BundleDagBag","filename":"dagbag.py","lineno":469}
{"timestamp":"2026-05-05T10:31:06.103695Z","level":"warning","event":"The `airflow.operators.python.PythonOperator` attribute is deprecated. Please use `'airflow.providers.standard.operators.python.PythonOperator'`.","category":"UserWarning","filename":"/opt/airflow/dags/print_interval_dag.py","lineno":2,"logger":"py.warnings"}
{"timestamp":"2026-05-05T10:31:06.152417Z","level":"info","event":"Task instance is in running state","logger":"task.stdout"}
{"timestamp":"2026-05-05T10:31:06.154327Z","level":"info","event":" Previous state of the Task instance: TaskInstanceState.QUEUED","logger":"task.stdout"}
{"timestamp":"2026-05-05T10:31:06.154831Z","level":"info","event":"Current task name:print_interval","logger":"task.stdout"}
{"timestamp":"2026-05-05T10:31:06.155328Z","level":"info","event":"Dag name:print_interval_dag","logger":"task.stdout"}
{"timestamp":"2026-05-05T10:31:06.158523Z","level":"info","event":"Interval Start: 2025-05-29 00:00:00+00:00","logger":"task.stdout"}
{"timestamp":"2026-05-05T10:31:06.159336Z","level":"info","event":"Interval End:   2025-05-29 00:00:00+00:00","logger":"task.stdout"}
{"timestamp":"2026-05-05T10:31:06.157748Z","level":"info","event":"Done. Returned value was: None","logger":"airflow.task.operators.airflow.providers.standard.operators.python.PythonOperator","filename":"python.py","lineno":229}
{"timestamp":"2026-05-05T10:31:06.245641Z","level":"info","event":"Task instance in success state","logger":"task.stdout"}
{"timestamp":"2026-05-05T10:31:06.246316Z","level":"info","event":" Previous state of the Task instance: TaskInstanceState.RUNNING","logger":"task.stdout"}
{"timestamp":"2026-05-05T10:31:06.246863Z","level":"info","event":"Task operator:<Task(PythonOperator): print_interval>","logger":"task.stdout"}
{"timestamp":"2026-05-05T12:27:02.725502Z","level":"info","event":"DAG bundles loaded: dags-folder, example_dags","logger":"airflow.dag_processing.bundles.manager.DagBundlesManager","filename":"manager.py","lineno":209}
{"timestamp":"2026-05-05T12:27:02.728869Z","level":"info","event":"Filling up the DagBag from /opt/airflow/dags/print_interval_dag.py","logger":"airflow.dag_processing.dagbag.BundleDagBag","filename":"dagbag.py","lineno":469}
{"timestamp":"2026-05-05T12:27:02.847518Z","level":"info","event":"Task instance is in running state","logger":"task.stdout"}
{"timestamp":"2026-05-05T12:27:02.849103Z","level":"info","event":" Previous state of the Task instance: TaskInstanceState.QUEUED","logger":"task.stdout"}
{"timestamp":"2026-05-05T12:27:02.849880Z","level":"info","event":"Current task name:print_interval","logger":"task.stdout"}
{"timestamp":"2026-05-05T12:27:02.851728Z","level":"info","event":"Dag name:print_interval_dag","logger":"task.stdout"}
{"timestamp":"2026-05-05T12:27:02.854899Z","level":"info","event":"=== ALL AVAILABLE MACROS ===","logger":"task.stdout"}
{"timestamp":"2026-05-05T12:27:02.855945Z","level":"info","event":"dag: <DAG: print_interval_dag>","logger":"task.stdout"}
{"timestamp":"2026-05-05T12:27:02.856588Z","level":"info","event":"inlets: []","logger":"task.stdout"}
{"timestamp":"2026-05-05T12:27:02.857458Z","level":"info","event":"map_index_template: None","logger":"task.stdout"}
{"timestamp":"2026-05-05T12:27:02.858081Z","level":"info","event":"outlets: []","logger":"task.stdout"}
{"timestamp":"2026-05-05T12:27:02.859137Z","level":"info","event":"run_id: scheduled__2025-05-29T00:00:00+00:00","logger":"task.stdout"}
{"timestamp":"2026-05-05T12:27:02.859829Z","level":"info","event":"task: <Task(PythonOperator): print_interval>","logger":"task.stdout"}
{"timestamp":"2026-05-05T12:27:02.861128Z","level":"info","event":"task_instance: id=UUID('019df81b-228f-73e1-a5df-e8ada68e001e') task_id='print_interval' dag_id='print_interval_dag' run_id='scheduled__2025-05-29T00:00:00+00:00' try_number=1 dag_version_id=UUID('019df815-a045-750b-bac8-47ced7cc6a45') map_index=-1 hostname='86abe326db93' context_carrier={'traceparent': '00-90700745b5475a1c651c4cca5b4475d0-d2bc372d1cdc9a86-01'} task=<Task(PythonOperator): print_interval> bundle_instance=LocalDagBundle(name=dags-folder) max_tries=0 start_date=datetime.datetime(2026, 5, 5, 12, 27, 1, 669065, tzinfo=datetime.timezone.utc) end_date=None state=<TaskInstanceState.RUNNING: 'running'> is_mapped=False rendered_map_index=None sentry_integration=''","logger":"task.stdout"}
{"timestamp":"2026-05-05T12:27:02.862244Z","level":"info","event":"ti: id=UUID('019df81b-228f-73e1-a5df-e8ada68e001e') task_id='print_interval' dag_id='print_interval_dag' run_id='scheduled__2025-05-29T00:00:00+00:00' try_number=1 dag_version_id=UUID('019df815-a045-750b-bac8-47ced7cc6a45') map_index=-1 hostname='86abe326db93' context_carrier={'traceparent': '00-90700745b5475a1c651c4cca5b4475d0-d2bc372d1cdc9a86-01'} task=<Task(PythonOperator): print_interval> bundle_instance=LocalDagBundle(name=dags-folder) max_tries=0 start_date=datetime.datetime(2026, 5, 5, 12, 27, 1, 669065, tzinfo=datetime.timezone.utc) end_date=None state=<TaskInstanceState.RUNNING: 'running'> is_mapped=False rendered_map_index=None sentry_integration=''","logger":"task.stdout"}
{"timestamp":"2026-05-05T12:27:02.863995Z","level":"info","event":"outlet_events: OutletEventAccessors(_dict={})","logger":"task.stdout"}
{"timestamp":"2026-05-05T12:27:02.866885Z","level":"info","event":"inlet_events: InletEventsAccessors(_inlets=[], _assets={}, _asset_aliases={})","logger":"task.stdout"}
{"timestamp":"2026-05-05T12:27:02.867441Z","level":"info","event":"macros: <MacrosAccessor (dynamic access to macros)>","logger":"task.stdout"}
{"timestamp":"2026-05-05T12:27:02.869063Z","level":"info","event":"params: {}","logger":"task.stdout"}
{"timestamp":"2026-05-05T12:27:02.869673Z","level":"info","event":"var: {'json': <VariableAccessor (dynamic access)>, 'value': <VariableAccessor (dynamic access)>}","logger":"task.stdout"}
{"timestamp":"2026-05-05T12:27:02.870346Z","level":"info","event":"conn: <ConnectionAccessor (dynamic access)>","logger":"task.stdout"}
{"timestamp":"2026-05-05T12:27:02.871085Z","level":"info","event":"dag_run: dag_id='print_interval_dag' run_id='scheduled__2025-05-29T00:00:00+00:00' logical_date=datetime.datetime(2025, 5, 29, 0, 0, tzinfo=datetime.timezone.utc) data_interval_start=datetime.datetime(2025, 5, 29, 0, 0, tzinfo=datetime.timezone.utc) data_interval_end=datetime.datetime(2025, 5, 29, 0, 0, tzinfo=datetime.timezone.utc) run_after=datetime.datetime(2025, 5, 29, 0, 0, tzinfo=datetime.timezone.utc) start_date=datetime.datetime(2026, 5, 5, 12, 27, 1, 181859, tzinfo=datetime.timezone.utc) end_date=None clear_number=0 run_type=<DagRunType.SCHEDULED: 'scheduled'> state=<DagRunState.RUNNING: 'running'> conf={} triggering_user_name=None consumed_asset_events=[] partition_key=None note=None","logger":"task.stdout"}
{"timestamp":"2026-05-05T12:27:02.871755Z","level":"info","event":"triggering_asset_events: TriggeringAssetEventAccessor(_events=defaultdict(<class 'list'>, {}))","logger":"task.stdout"}
{"timestamp":"2026-05-05T12:27:02.872282Z","level":"info","event":"task_instance_key_str: print_interval_dag__print_interval__20250529","logger":"task.stdout"}
{"timestamp":"2026-05-05T12:27:02.873014Z","level":"info","event":"task_reschedule_count: 0","logger":"task.stdout"}
{"timestamp":"2026-05-05T12:27:02.903644Z","level":"info","event":"prev_start_date_success: 2026-05-05 12:27:00.057770+00:00","logger":"task.stdout"}
{"timestamp":"2026-05-05T12:27:02.904828Z","level":"info","event":"prev_end_date_success: 2026-05-05 12:27:02.362494+00:00","logger":"task.stdout"}
{"timestamp":"2026-05-05T12:27:02.905596Z","level":"info","event":"logical_date: 2025-05-29 00:00:00+00:00","logger":"task.stdout"}
{"timestamp":"2026-05-05T12:27:02.906321Z","level":"info","event":"ds: 2025-05-29","logger":"task.stdout"}
{"timestamp":"2026-05-05T12:27:02.907315Z","level":"info","event":"ds_nodash: 20250529","logger":"task.stdout"}
{"timestamp":"2026-05-05T12:27:02.907903Z","level":"info","event":"ts: 2025-05-29T00:00:00+00:00","logger":"task.stdout"}
{"timestamp":"2026-05-05T12:27:02.909124Z","level":"info","event":"ts_nodash: 20250529T000000","logger":"task.stdout"}
{"timestamp":"2026-05-05T12:27:02.910015Z","level":"info","event":"ts_nodash_with_tz: 20250529T000000+0000","logger":"task.stdout"}
{"timestamp":"2026-05-05T12:27:02.911455Z","level":"info","event":"data_interval_end: 2025-05-29 00:00:00+00:00","logger":"task.stdout"}
{"timestamp":"2026-05-05T12:27:02.912581Z","level":"info","event":"data_interval_start: 2025-05-29 00:00:00+00:00","logger":"task.stdout"}
{"timestamp":"2026-05-05T12:27:02.913929Z","level":"info","event":"prev_data_interval_start_success: 2025-05-28 18:00:00+00:00","logger":"task.stdout"}
{"timestamp":"2026-05-05T12:27:02.914529Z","level":"info","event":"prev_data_interval_end_success: 2025-05-28 18:00:00+00:00","logger":"task.stdout"}
{"timestamp":"2026-05-05T12:27:02.915118Z","level":"info","event":"templates_dict: None","logger":"task.stdout"}
{"timestamp":"2026-05-05T12:27:02.902518Z","level":"info","event":"Done. Returned value was: None","logger":"airflow.task.operators.airflow.providers.standard.operators.python.PythonOperator","filename":"python.py","lineno":229}
{"timestamp":"2026-05-05T12:27:02.969853Z","level":"info","event":"Task instance in success state","logger":"task.stdout"}
{"timestamp":"2026-05-05T12:27:02.972191Z","level":"info","event":" Previous state of the Task instance: TaskInstanceState.RUNNING","logger":"task.stdout"}
{"timestamp":"2026-05-05T12:27:02.975880Z","level":"info","event":"Task operator:<Task(PythonOperator): print_interval>","logger":"task.stdout"}
