{"timestamp":"2026-05-05T10:29:37.761691Z","level":"info","event":"DAG bundles loaded: dags-folder, example_dags","logger":"airflow.dag_processing.bundles.manager.DagBundlesManager","filename":"manager.py","lineno":209}
{"timestamp":"2026-05-05T10:29:37.763590Z","level":"info","event":"Filling up the DagBag from /opt/airflow/dags/print_interval_dag.py","logger":"airflow.dag_processing.dagbag.BundleDagBag","filename":"dagbag.py","lineno":469}
{"timestamp":"2026-05-05T10:29:37.775201Z","level":"warning","event":"The `airflow.operators.python.PythonOperator` attribute is deprecated. Please use `'airflow.providers.standard.operators.python.PythonOperator'`.","category":"UserWarning","filename":"/opt/airflow/dags/print_interval_dag.py","lineno":2,"logger":"py.warnings"}
{"timestamp":"2026-05-05T10:29:37.828724Z","level":"info","event":"Task instance is in running state","logger":"task.stdout"}
{"timestamp":"2026-05-05T10:29:37.829675Z","level":"info","event":" Previous state of the Task instance: TaskInstanceState.QUEUED","logger":"task.stdout"}
{"timestamp":"2026-05-05T10:29:37.830254Z","level":"info","event":"Current task name:print_interval","logger":"task.stdout"}
{"timestamp":"2026-05-05T10:29:37.830751Z","level":"info","event":"Dag name:print_interval_dag","logger":"task.stdout"}
{"timestamp":"2026-05-05T10:29:37.834498Z","level":"info","event":"Interval Start: 2025-05-06 09:00:00+00:00","logger":"task.stdout"}
{"timestamp":"2026-05-05T10:29:37.835022Z","level":"info","event":"Interval End:   2025-05-06 09:00:00+00:00","logger":"task.stdout"}
{"timestamp":"2026-05-05T10:29:37.834540Z","level":"info","event":"Done. Returned value was: None","logger":"airflow.task.operators.airflow.providers.standard.operators.python.PythonOperator","filename":"python.py","lineno":229}
{"timestamp":"2026-05-05T10:29:37.941230Z","level":"info","event":"Task instance in success state","logger":"task.stdout"}
{"timestamp":"2026-05-05T10:29:37.942552Z","level":"info","event":" Previous state of the Task instance: TaskInstanceState.RUNNING","logger":"task.stdout"}
{"timestamp":"2026-05-05T10:29:37.943900Z","level":"info","event":"Task operator:<Task(PythonOperator): print_interval>","logger":"task.stdout"}
{"timestamp":"2026-05-05T12:25:27.768824Z","level":"info","event":"DAG bundles loaded: dags-folder, example_dags","logger":"airflow.dag_processing.bundles.manager.DagBundlesManager","filename":"manager.py","lineno":209}
{"timestamp":"2026-05-05T12:25:27.770555Z","level":"info","event":"Filling up the DagBag from /opt/airflow/dags/print_interval_dag.py","logger":"airflow.dag_processing.dagbag.BundleDagBag","filename":"dagbag.py","lineno":469}
{"timestamp":"2026-05-05T12:25:27.847248Z","level":"info","event":"Task instance is in running state","logger":"task.stdout"}
{"timestamp":"2026-05-05T12:25:27.850099Z","level":"info","event":" Previous state of the Task instance: TaskInstanceState.QUEUED","logger":"task.stdout"}
{"timestamp":"2026-05-05T12:25:27.851047Z","level":"info","event":"Current task name:print_interval","logger":"task.stdout"}
{"timestamp":"2026-05-05T12:25:27.851891Z","level":"info","event":"Dag name:print_interval_dag","logger":"task.stdout"}
{"timestamp":"2026-05-05T12:25:27.853792Z","level":"info","event":"=== ALL AVAILABLE MACROS ===","logger":"task.stdout"}
{"timestamp":"2026-05-05T12:25:27.854504Z","level":"info","event":"dag: <DAG: print_interval_dag>","logger":"task.stdout"}
{"timestamp":"2026-05-05T12:25:27.855309Z","level":"info","event":"inlets: []","logger":"task.stdout"}
{"timestamp":"2026-05-05T12:25:27.855899Z","level":"info","event":"map_index_template: None","logger":"task.stdout"}
{"timestamp":"2026-05-05T12:25:27.856354Z","level":"info","event":"outlets: []","logger":"task.stdout"}
{"timestamp":"2026-05-05T12:25:27.856877Z","level":"info","event":"run_id: scheduled__2025-05-06T09:00:00+00:00","logger":"task.stdout"}
{"timestamp":"2026-05-05T12:25:27.857368Z","level":"info","event":"task: <Task(PythonOperator): print_interval>","logger":"task.stdout"}
{"timestamp":"2026-05-05T12:25:27.857895Z","level":"info","event":"task_instance: id=UUID('019df819-b05b-717b-be99-f94bd4728f48') task_id='print_interval' dag_id='print_interval_dag' run_id='scheduled__2025-05-06T09:00:00+00:00' try_number=1 dag_version_id=UUID('019df815-a045-750b-bac8-47ced7cc6a45') map_index=-1 hostname='86abe326db93' context_carrier={'traceparent': '00-d7e2addef35e86978ec3b4ca59b0602b-e96c5e2f80bc4d4a-01'} task=<Task(PythonOperator): print_interval> bundle_instance=LocalDagBundle(name=dags-folder) max_tries=0 start_date=datetime.datetime(2026, 5, 5, 12, 25, 26, 730216, tzinfo=datetime.timezone.utc) end_date=None state=<TaskInstanceState.RUNNING: 'running'> is_mapped=False rendered_map_index=None sentry_integration=''","logger":"task.stdout"}
{"timestamp":"2026-05-05T12:25:27.859277Z","level":"info","event":"ti: id=UUID('019df819-b05b-717b-be99-f94bd4728f48') task_id='print_interval' dag_id='print_interval_dag' run_id='scheduled__2025-05-06T09:00:00+00:00' try_number=1 dag_version_id=UUID('019df815-a045-750b-bac8-47ced7cc6a45') map_index=-1 hostname='86abe326db93' context_carrier={'traceparent': '00-d7e2addef35e86978ec3b4ca59b0602b-e96c5e2f80bc4d4a-01'} task=<Task(PythonOperator): print_interval> bundle_instance=LocalDagBundle(name=dags-folder) max_tries=0 start_date=datetime.datetime(2026, 5, 5, 12, 25, 26, 730216, tzinfo=datetime.timezone.utc) end_date=None state=<TaskInstanceState.RUNNING: 'running'> is_mapped=False rendered_map_index=None sentry_integration=''","logger":"task.stdout"}
{"timestamp":"2026-05-05T12:25:27.859864Z","level":"info","event":"outlet_events: OutletEventAccessors(_dict={})","logger":"task.stdout"}
{"timestamp":"2026-05-05T12:25:27.860483Z","level":"info","event":"inlet_events: InletEventsAccessors(_inlets=[], _assets={}, _asset_aliases={})","logger":"task.stdout"}
{"timestamp":"2026-05-05T12:25:27.861369Z","level":"info","event":"macros: <MacrosAccessor (dynamic access to macros)>","logger":"task.stdout"}
{"timestamp":"2026-05-05T12:25:27.862087Z","level":"info","event":"params: {}","logger":"task.stdout"}
{"timestamp":"2026-05-05T12:25:27.862642Z","level":"info","event":"var: {'json': <VariableAccessor (dynamic access)>, 'value': <VariableAccessor (dynamic access)>}","logger":"task.stdout"}
{"timestamp":"2026-05-05T12:25:27.863512Z","level":"info","event":"conn: <ConnectionAccessor (dynamic access)>","logger":"task.stdout"}
{"timestamp":"2026-05-05T12:25:27.864917Z","level":"info","event":"dag_run: dag_id='print_interval_dag' run_id='scheduled__2025-05-06T09:00:00+00:00' logical_date=datetime.datetime(2025, 5, 6, 9, 0, tzinfo=datetime.timezone.utc) data_interval_start=datetime.datetime(2025, 5, 6, 9, 0, tzinfo=datetime.timezone.utc) data_interval_end=datetime.datetime(2025, 5, 6, 9, 0, tzinfo=datetime.timezone.utc) run_after=datetime.datetime(2025, 5, 6, 9, 0, tzinfo=datetime.timezone.utc) start_date=datetime.datetime(2026, 5, 5, 12, 25, 26, 388992, tzinfo=datetime.timezone.utc) end_date=None clear_number=0 run_type=<DagRunType.SCHEDULED: 'scheduled'> state=<DagRunState.RUNNING: 'running'> conf={} triggering_user_name=None consumed_asset_events=[] partition_key=None note=None","logger":"task.stdout"}
{"timestamp":"2026-05-05T12:25:27.865356Z","level":"info","event":"triggering_asset_events: TriggeringAssetEventAccessor(_events=defaultdict(<class 'list'>, {}))","logger":"task.stdout"}
{"timestamp":"2026-05-05T12:25:27.865753Z","level":"info","event":"task_instance_key_str: print_interval_dag__print_interval__20250506","logger":"task.stdout"}
{"timestamp":"2026-05-05T12:25:27.866103Z","level":"info","event":"task_reschedule_count: 0","logger":"task.stdout"}
{"timestamp":"2026-05-05T12:25:27.887544Z","level":"info","event":"prev_start_date_success: 2026-05-05 12:25:25.565382+00:00","logger":"task.stdout"}
{"timestamp":"2026-05-05T12:25:27.888115Z","level":"info","event":"prev_end_date_success: 2026-05-05 12:25:27.442974+00:00","logger":"task.stdout"}
{"timestamp":"2026-05-05T12:25:27.888605Z","level":"info","event":"logical_date: 2025-05-06 09:00:00+00:00","logger":"task.stdout"}
{"timestamp":"2026-05-05T12:25:27.889319Z","level":"info","event":"ds: 2025-05-06","logger":"task.stdout"}
{"timestamp":"2026-05-05T12:25:27.890312Z","level":"info","event":"ds_nodash: 20250506","logger":"task.stdout"}
{"timestamp":"2026-05-05T12:25:27.890764Z","level":"info","event":"ts: 2025-05-06T09:00:00+00:00","logger":"task.stdout"}
{"timestamp":"2026-05-05T12:25:27.891320Z","level":"info","event":"ts_nodash: 20250506T090000","logger":"task.stdout"}
{"timestamp":"2026-05-05T12:25:27.891782Z","level":"info","event":"ts_nodash_with_tz: 20250506T090000+0000","logger":"task.stdout"}
{"timestamp":"2026-05-05T12:25:27.892225Z","level":"info","event":"data_interval_end: 2025-05-06 09:00:00+00:00","logger":"task.stdout"}
{"timestamp":"2026-05-05T12:25:27.892654Z","level":"info","event":"data_interval_start: 2025-05-06 09:00:00+00:00","logger":"task.stdout"}
{"timestamp":"2026-05-05T12:25:27.893258Z","level":"info","event":"prev_data_interval_start_success: 2025-05-06 03:00:00+00:00","logger":"task.stdout"}
{"timestamp":"2026-05-05T12:25:27.893802Z","level":"info","event":"prev_data_interval_end_success: 2025-05-06 03:00:00+00:00","logger":"task.stdout"}
{"timestamp":"2026-05-05T12:25:27.894414Z","level":"info","event":"templates_dict: None","logger":"task.stdout"}
{"timestamp":"2026-05-05T12:25:27.886662Z","level":"info","event":"Done. Returned value was: None","logger":"airflow.task.operators.airflow.providers.standard.operators.python.PythonOperator","filename":"python.py","lineno":229}
{"timestamp":"2026-05-05T12:25:27.935145Z","level":"info","event":"Task instance in success state","logger":"task.stdout"}
{"timestamp":"2026-05-05T12:25:27.935648Z","level":"info","event":" Previous state of the Task instance: TaskInstanceState.RUNNING","logger":"task.stdout"}
{"timestamp":"2026-05-05T12:25:27.936337Z","level":"info","event":"Task operator:<Task(PythonOperator): print_interval>","logger":"task.stdout"}
