{"timestamp":"2026-05-05T10:29:48.235995Z","level":"info","event":"DAG bundles loaded: dags-folder, example_dags","logger":"airflow.dag_processing.bundles.manager.DagBundlesManager","filename":"manager.py","lineno":209}
{"timestamp":"2026-05-05T10:29:48.238961Z","level":"info","event":"Filling up the DagBag from /opt/airflow/dags/print_interval_dag.py","logger":"airflow.dag_processing.dagbag.BundleDagBag","filename":"dagbag.py","lineno":469}
{"timestamp":"2026-05-05T10:29:48.266946Z","level":"warning","event":"The `airflow.operators.python.PythonOperator` attribute is deprecated. Please use `'airflow.providers.standard.operators.python.PythonOperator'`.","category":"UserWarning","filename":"/opt/airflow/dags/print_interval_dag.py","lineno":2,"logger":"py.warnings"}
{"timestamp":"2026-05-05T10:29:48.323864Z","level":"info","event":"Task instance is in running state","logger":"task.stdout"}
{"timestamp":"2026-05-05T10:29:48.324552Z","level":"info","event":" Previous state of the Task instance: TaskInstanceState.QUEUED","logger":"task.stdout"}
{"timestamp":"2026-05-05T10:29:48.325291Z","level":"info","event":"Current task name:print_interval","logger":"task.stdout"}
{"timestamp":"2026-05-05T10:29:48.325879Z","level":"info","event":"Dag name:print_interval_dag","logger":"task.stdout"}
{"timestamp":"2026-05-05T10:29:48.329203Z","level":"info","event":"Interval Start: 2025-05-08 18:00:00+00:00","logger":"task.stdout"}
{"timestamp":"2026-05-05T10:29:48.330461Z","level":"info","event":"Interval End:   2025-05-08 18:00:00+00:00","logger":"task.stdout"}
{"timestamp":"2026-05-05T10:29:48.328907Z","level":"info","event":"Done. Returned value was: None","logger":"airflow.task.operators.airflow.providers.standard.operators.python.PythonOperator","filename":"python.py","lineno":229}
{"timestamp":"2026-05-05T10:29:48.384015Z","level":"info","event":"Task instance in success state","logger":"task.stdout"}
{"timestamp":"2026-05-05T10:29:48.384672Z","level":"info","event":" Previous state of the Task instance: TaskInstanceState.RUNNING","logger":"task.stdout"}
{"timestamp":"2026-05-05T10:29:48.385342Z","level":"info","event":"Task operator:<Task(PythonOperator): print_interval>","logger":"task.stdout"}
{"timestamp":"2026-05-05T12:25:37.492298Z","level":"info","event":"DAG bundles loaded: dags-folder, example_dags","logger":"airflow.dag_processing.bundles.manager.DagBundlesManager","filename":"manager.py","lineno":209}
{"timestamp":"2026-05-05T12:25:37.494528Z","level":"info","event":"Filling up the DagBag from /opt/airflow/dags/print_interval_dag.py","logger":"airflow.dag_processing.dagbag.BundleDagBag","filename":"dagbag.py","lineno":469}
{"timestamp":"2026-05-05T12:25:37.560912Z","level":"info","event":"Task instance is in running state","logger":"task.stdout"}
{"timestamp":"2026-05-05T12:25:37.561609Z","level":"info","event":" Previous state of the Task instance: TaskInstanceState.QUEUED","logger":"task.stdout"}
{"timestamp":"2026-05-05T12:25:37.563063Z","level":"info","event":"Current task name:print_interval","logger":"task.stdout"}
{"timestamp":"2026-05-05T12:25:37.568689Z","level":"info","event":"Dag name:print_interval_dag","logger":"task.stdout"}
{"timestamp":"2026-05-05T12:25:37.569850Z","level":"info","event":"=== ALL AVAILABLE MACROS ===","logger":"task.stdout"}
{"timestamp":"2026-05-05T12:25:37.571145Z","level":"info","event":"dag: <DAG: print_interval_dag>","logger":"task.stdout"}
{"timestamp":"2026-05-05T12:25:37.571868Z","level":"info","event":"inlets: []","logger":"task.stdout"}
{"timestamp":"2026-05-05T12:25:37.572365Z","level":"info","event":"map_index_template: None","logger":"task.stdout"}
{"timestamp":"2026-05-05T12:25:37.572953Z","level":"info","event":"outlets: []","logger":"task.stdout"}
{"timestamp":"2026-05-05T12:25:37.573363Z","level":"info","event":"run_id: scheduled__2025-05-08T18:00:00+00:00","logger":"task.stdout"}
{"timestamp":"2026-05-05T12:25:37.573738Z","level":"info","event":"task: <Task(PythonOperator): print_interval>","logger":"task.stdout"}
{"timestamp":"2026-05-05T12:25:37.574086Z","level":"info","event":"task_instance: id=UUID('019df819-d5a6-7e1c-bdc8-09107921c649') task_id='print_interval' dag_id='print_interval_dag' run_id='scheduled__2025-05-08T18:00:00+00:00' try_number=1 dag_version_id=UUID('019df815-a045-750b-bac8-47ced7cc6a45') map_index=-1 hostname='86abe326db93' context_carrier={'traceparent': '00-c5236a79a3946a994d23d3597cd87cca-804b5fa6f16ca9d1-01'} task=<Task(PythonOperator): print_interval> bundle_instance=LocalDagBundle(name=dags-folder) max_tries=0 start_date=datetime.datetime(2026, 5, 5, 12, 25, 36, 402943, tzinfo=datetime.timezone.utc) end_date=None state=<TaskInstanceState.RUNNING: 'running'> is_mapped=False rendered_map_index=None sentry_integration=''","logger":"task.stdout"}
{"timestamp":"2026-05-05T12:25:37.574732Z","level":"info","event":"ti: id=UUID('019df819-d5a6-7e1c-bdc8-09107921c649') task_id='print_interval' dag_id='print_interval_dag' run_id='scheduled__2025-05-08T18:00:00+00:00' try_number=1 dag_version_id=UUID('019df815-a045-750b-bac8-47ced7cc6a45') map_index=-1 hostname='86abe326db93' context_carrier={'traceparent': '00-c5236a79a3946a994d23d3597cd87cca-804b5fa6f16ca9d1-01'} task=<Task(PythonOperator): print_interval> bundle_instance=LocalDagBundle(name=dags-folder) max_tries=0 start_date=datetime.datetime(2026, 5, 5, 12, 25, 36, 402943, tzinfo=datetime.timezone.utc) end_date=None state=<TaskInstanceState.RUNNING: 'running'> is_mapped=False rendered_map_index=None sentry_integration=''","logger":"task.stdout"}
{"timestamp":"2026-05-05T12:25:37.575134Z","level":"info","event":"outlet_events: OutletEventAccessors(_dict={})","logger":"task.stdout"}
{"timestamp":"2026-05-05T12:25:37.575519Z","level":"info","event":"inlet_events: InletEventsAccessors(_inlets=[], _assets={}, _asset_aliases={})","logger":"task.stdout"}
{"timestamp":"2026-05-05T12:25:37.575861Z","level":"info","event":"macros: <MacrosAccessor (dynamic access to macros)>","logger":"task.stdout"}
{"timestamp":"2026-05-05T12:25:37.576226Z","level":"info","event":"params: {}","logger":"task.stdout"}
{"timestamp":"2026-05-05T12:25:37.576740Z","level":"info","event":"var: {'json': <VariableAccessor (dynamic access)>, 'value': <VariableAccessor (dynamic access)>}","logger":"task.stdout"}
{"timestamp":"2026-05-05T12:25:37.577825Z","level":"info","event":"conn: <ConnectionAccessor (dynamic access)>","logger":"task.stdout"}
{"timestamp":"2026-05-05T12:25:37.578275Z","level":"info","event":"dag_run: dag_id='print_interval_dag' run_id='scheduled__2025-05-08T18:00:00+00:00' logical_date=datetime.datetime(2025, 5, 8, 18, 0, tzinfo=datetime.timezone.utc) data_interval_start=datetime.datetime(2025, 5, 8, 18, 0, tzinfo=datetime.timezone.utc) data_interval_end=datetime.datetime(2025, 5, 8, 18, 0, tzinfo=datetime.timezone.utc) run_after=datetime.datetime(2025, 5, 8, 18, 0, tzinfo=datetime.timezone.utc) start_date=datetime.datetime(2026, 5, 5, 12, 25, 35, 967737, tzinfo=datetime.timezone.utc) end_date=None clear_number=0 run_type=<DagRunType.SCHEDULED: 'scheduled'> state=<DagRunState.RUNNING: 'running'> conf={} triggering_user_name=None consumed_asset_events=[] partition_key=None note=None","logger":"task.stdout"}
{"timestamp":"2026-05-05T12:25:37.578653Z","level":"info","event":"triggering_asset_events: TriggeringAssetEventAccessor(_events=defaultdict(<class 'list'>, {}))","logger":"task.stdout"}
{"timestamp":"2026-05-05T12:25:37.579004Z","level":"info","event":"task_instance_key_str: print_interval_dag__print_interval__20250508","logger":"task.stdout"}
{"timestamp":"2026-05-05T12:25:37.580093Z","level":"info","event":"task_reschedule_count: 0","logger":"task.stdout"}
{"timestamp":"2026-05-05T12:25:37.604008Z","level":"info","event":"prev_start_date_success: 2026-05-05 12:25:34.674422+00:00","logger":"task.stdout"}
{"timestamp":"2026-05-05T12:25:37.604810Z","level":"info","event":"prev_end_date_success: 2026-05-05 12:25:37.160652+00:00","logger":"task.stdout"}
{"timestamp":"2026-05-05T12:25:37.606037Z","level":"info","event":"logical_date: 2025-05-08 18:00:00+00:00","logger":"task.stdout"}
{"timestamp":"2026-05-05T12:25:37.606615Z","level":"info","event":"ds: 2025-05-08","logger":"task.stdout"}
{"timestamp":"2026-05-05T12:25:37.607304Z","level":"info","event":"ds_nodash: 20250508","logger":"task.stdout"}
{"timestamp":"2026-05-05T12:25:37.607700Z","level":"info","event":"ts: 2025-05-08T18:00:00+00:00","logger":"task.stdout"}
{"timestamp":"2026-05-05T12:25:37.608106Z","level":"info","event":"ts_nodash: 20250508T180000","logger":"task.stdout"}
{"timestamp":"2026-05-05T12:25:37.608476Z","level":"info","event":"ts_nodash_with_tz: 20250508T180000+0000","logger":"task.stdout"}
{"timestamp":"2026-05-05T12:25:37.608885Z","level":"info","event":"data_interval_end: 2025-05-08 18:00:00+00:00","logger":"task.stdout"}
{"timestamp":"2026-05-05T12:25:37.609243Z","level":"info","event":"data_interval_start: 2025-05-08 18:00:00+00:00","logger":"task.stdout"}
{"timestamp":"2026-05-05T12:25:37.609910Z","level":"info","event":"prev_data_interval_start_success: 2025-05-08 12:00:00+00:00","logger":"task.stdout"}
{"timestamp":"2026-05-05T12:25:37.610339Z","level":"info","event":"prev_data_interval_end_success: 2025-05-08 12:00:00+00:00","logger":"task.stdout"}
{"timestamp":"2026-05-05T12:25:37.610725Z","level":"info","event":"templates_dict: None","logger":"task.stdout"}
{"timestamp":"2026-05-05T12:25:37.604332Z","level":"info","event":"Done. Returned value was: None","logger":"airflow.task.operators.airflow.providers.standard.operators.python.PythonOperator","filename":"python.py","lineno":229}
{"timestamp":"2026-05-05T12:25:37.654571Z","level":"info","event":"Task instance in success state","logger":"task.stdout"}
{"timestamp":"2026-05-05T12:25:37.656024Z","level":"info","event":" Previous state of the Task instance: TaskInstanceState.RUNNING","logger":"task.stdout"}
{"timestamp":"2026-05-05T12:25:37.656900Z","level":"info","event":"Task operator:<Task(PythonOperator): print_interval>","logger":"task.stdout"}
