{"timestamp":"2026-05-05T10:29:44.246532Z","level":"info","event":"DAG bundles loaded: dags-folder, example_dags","logger":"airflow.dag_processing.bundles.manager.DagBundlesManager","filename":"manager.py","lineno":209}
{"timestamp":"2026-05-05T10:29:44.248287Z","level":"info","event":"Filling up the DagBag from /opt/airflow/dags/print_interval_dag.py","logger":"airflow.dag_processing.dagbag.BundleDagBag","filename":"dagbag.py","lineno":469}
{"timestamp":"2026-05-05T10:29:44.262549Z","level":"warning","event":"The `airflow.operators.python.PythonOperator` attribute is deprecated. Please use `'airflow.providers.standard.operators.python.PythonOperator'`.","category":"UserWarning","filename":"/opt/airflow/dags/print_interval_dag.py","lineno":2,"logger":"py.warnings"}
{"timestamp":"2026-05-05T10:29:44.325486Z","level":"info","event":"Task instance is in running state","logger":"task.stdout"}
{"timestamp":"2026-05-05T10:29:44.329985Z","level":"info","event":" Previous state of the Task instance: TaskInstanceState.QUEUED","logger":"task.stdout"}
{"timestamp":"2026-05-05T10:29:44.334439Z","level":"info","event":"Current task name:print_interval","logger":"task.stdout"}
{"timestamp":"2026-05-05T10:29:44.335019Z","level":"info","event":"Dag name:print_interval_dag","logger":"task.stdout"}
{"timestamp":"2026-05-05T10:29:44.335701Z","level":"info","event":"Interval Start: 2025-05-07 18:00:00+00:00","logger":"task.stdout"}
{"timestamp":"2026-05-05T10:29:44.336145Z","level":"info","event":"Interval End:   2025-05-07 18:00:00+00:00","logger":"task.stdout"}
{"timestamp":"2026-05-05T10:29:44.326979Z","level":"info","event":"Done. Returned value was: None","logger":"airflow.task.operators.airflow.providers.standard.operators.python.PythonOperator","filename":"python.py","lineno":229}
{"timestamp":"2026-05-05T10:29:44.384207Z","level":"info","event":"Task instance in success state","logger":"task.stdout"}
{"timestamp":"2026-05-05T10:29:44.385371Z","level":"info","event":" Previous state of the Task instance: TaskInstanceState.RUNNING","logger":"task.stdout"}
{"timestamp":"2026-05-05T10:29:44.387826Z","level":"info","event":"Task operator:<Task(PythonOperator): print_interval>","logger":"task.stdout"}
{"timestamp":"2026-05-05T12:25:33.220071Z","level":"info","event":"DAG bundles loaded: dags-folder, example_dags","logger":"airflow.dag_processing.bundles.manager.DagBundlesManager","filename":"manager.py","lineno":209}
{"timestamp":"2026-05-05T12:25:33.222870Z","level":"info","event":"Filling up the DagBag from /opt/airflow/dags/print_interval_dag.py","logger":"airflow.dag_processing.dagbag.BundleDagBag","filename":"dagbag.py","lineno":469}
{"timestamp":"2026-05-05T12:25:33.290868Z","level":"info","event":"Task instance is in running state","logger":"task.stdout"}
{"timestamp":"2026-05-05T12:25:33.291654Z","level":"info","event":" Previous state of the Task instance: TaskInstanceState.QUEUED","logger":"task.stdout"}
{"timestamp":"2026-05-05T12:25:33.292129Z","level":"info","event":"Current task name:print_interval","logger":"task.stdout"}
{"timestamp":"2026-05-05T12:25:33.292605Z","level":"info","event":"Dag name:print_interval_dag","logger":"task.stdout"}
{"timestamp":"2026-05-05T12:25:33.292997Z","level":"info","event":"=== ALL AVAILABLE MACROS ===","logger":"task.stdout"}
{"timestamp":"2026-05-05T12:25:33.296029Z","level":"info","event":"dag: <DAG: print_interval_dag>","logger":"task.stdout"}
{"timestamp":"2026-05-05T12:25:33.296743Z","level":"info","event":"inlets: []","logger":"task.stdout"}
{"timestamp":"2026-05-05T12:25:33.297201Z","level":"info","event":"map_index_template: None","logger":"task.stdout"}
{"timestamp":"2026-05-05T12:25:33.297594Z","level":"info","event":"outlets: []","logger":"task.stdout"}
{"timestamp":"2026-05-05T12:25:33.298232Z","level":"info","event":"run_id: scheduled__2025-05-07T18:00:00+00:00","logger":"task.stdout"}
{"timestamp":"2026-05-05T12:25:33.300769Z","level":"info","event":"task: <Task(PythonOperator): print_interval>","logger":"task.stdout"}
{"timestamp":"2026-05-05T12:25:33.301510Z","level":"info","event":"task_instance: id=UUID('019df819-c4c6-727f-9552-18644ca7fafe') task_id='print_interval' dag_id='print_interval_dag' run_id='scheduled__2025-05-07T18:00:00+00:00' try_number=1 dag_version_id=UUID('019df815-a045-750b-bac8-47ced7cc6a45') map_index=-1 hostname='86abe326db93' context_carrier={'traceparent': '00-cf8fecea81004ac36c3475b8215512f2-a07dab525b79ee82-01'} task=<Task(PythonOperator): print_interval> bundle_instance=LocalDagBundle(name=dags-folder) max_tries=0 start_date=datetime.datetime(2026, 5, 5, 12, 25, 32, 127611, tzinfo=datetime.timezone.utc) end_date=None state=<TaskInstanceState.RUNNING: 'running'> is_mapped=False rendered_map_index=None sentry_integration=''","logger":"task.stdout"}
{"timestamp":"2026-05-05T12:25:33.302552Z","level":"info","event":"ti: id=UUID('019df819-c4c6-727f-9552-18644ca7fafe') task_id='print_interval' dag_id='print_interval_dag' run_id='scheduled__2025-05-07T18:00:00+00:00' try_number=1 dag_version_id=UUID('019df815-a045-750b-bac8-47ced7cc6a45') map_index=-1 hostname='86abe326db93' context_carrier={'traceparent': '00-cf8fecea81004ac36c3475b8215512f2-a07dab525b79ee82-01'} task=<Task(PythonOperator): print_interval> bundle_instance=LocalDagBundle(name=dags-folder) max_tries=0 start_date=datetime.datetime(2026, 5, 5, 12, 25, 32, 127611, tzinfo=datetime.timezone.utc) end_date=None state=<TaskInstanceState.RUNNING: 'running'> is_mapped=False rendered_map_index=None sentry_integration=''","logger":"task.stdout"}
{"timestamp":"2026-05-05T12:25:33.303088Z","level":"info","event":"outlet_events: OutletEventAccessors(_dict={})","logger":"task.stdout"}
{"timestamp":"2026-05-05T12:25:33.303690Z","level":"info","event":"inlet_events: InletEventsAccessors(_inlets=[], _assets={}, _asset_aliases={})","logger":"task.stdout"}
{"timestamp":"2026-05-05T12:25:33.304944Z","level":"info","event":"macros: <MacrosAccessor (dynamic access to macros)>","logger":"task.stdout"}
{"timestamp":"2026-05-05T12:25:33.305655Z","level":"info","event":"params: {}","logger":"task.stdout"}
{"timestamp":"2026-05-05T12:25:33.306957Z","level":"info","event":"var: {'json': <VariableAccessor (dynamic access)>, 'value': <VariableAccessor (dynamic access)>}","logger":"task.stdout"}
{"timestamp":"2026-05-05T12:25:33.309364Z","level":"info","event":"conn: <ConnectionAccessor (dynamic access)>","logger":"task.stdout"}
{"timestamp":"2026-05-05T12:25:33.310885Z","level":"info","event":"dag_run: dag_id='print_interval_dag' run_id='scheduled__2025-05-07T18:00:00+00:00' logical_date=datetime.datetime(2025, 5, 7, 18, 0, tzinfo=datetime.timezone.utc) data_interval_start=datetime.datetime(2025, 5, 7, 18, 0, tzinfo=datetime.timezone.utc) data_interval_end=datetime.datetime(2025, 5, 7, 18, 0, tzinfo=datetime.timezone.utc) run_after=datetime.datetime(2025, 5, 7, 18, 0, tzinfo=datetime.timezone.utc) start_date=datetime.datetime(2026, 5, 5, 12, 25, 31, 625658, tzinfo=datetime.timezone.utc) end_date=None clear_number=0 run_type=<DagRunType.SCHEDULED: 'scheduled'> state=<DagRunState.RUNNING: 'running'> conf={} triggering_user_name=None consumed_asset_events=[] partition_key=None note=None","logger":"task.stdout"}
{"timestamp":"2026-05-05T12:25:33.311763Z","level":"info","event":"triggering_asset_events: TriggeringAssetEventAccessor(_events=defaultdict(<class 'list'>, {}))","logger":"task.stdout"}
{"timestamp":"2026-05-05T12:25:33.312660Z","level":"info","event":"task_instance_key_str: print_interval_dag__print_interval__20250507","logger":"task.stdout"}
{"timestamp":"2026-05-05T12:25:33.313209Z","level":"info","event":"task_reschedule_count: 0","logger":"task.stdout"}
{"timestamp":"2026-05-05T12:25:33.343008Z","level":"info","event":"prev_start_date_success: 2026-05-05 12:25:30.576110+00:00","logger":"task.stdout"}
{"timestamp":"2026-05-05T12:25:33.343858Z","level":"info","event":"prev_end_date_success: 2026-05-05 12:25:32.801535+00:00","logger":"task.stdout"}
{"timestamp":"2026-05-05T12:25:33.344578Z","level":"info","event":"logical_date: 2025-05-07 18:00:00+00:00","logger":"task.stdout"}
{"timestamp":"2026-05-05T12:25:33.346966Z","level":"info","event":"ds: 2025-05-07","logger":"task.stdout"}
{"timestamp":"2026-05-05T12:25:33.348164Z","level":"info","event":"ds_nodash: 20250507","logger":"task.stdout"}
{"timestamp":"2026-05-05T12:25:33.348720Z","level":"info","event":"ts: 2025-05-07T18:00:00+00:00","logger":"task.stdout"}
{"timestamp":"2026-05-05T12:25:33.349196Z","level":"info","event":"ts_nodash: 20250507T180000","logger":"task.stdout"}
{"timestamp":"2026-05-05T12:25:33.350973Z","level":"info","event":"ts_nodash_with_tz: 20250507T180000+0000","logger":"task.stdout"}
{"timestamp":"2026-05-05T12:25:33.351685Z","level":"info","event":"data_interval_end: 2025-05-07 18:00:00+00:00","logger":"task.stdout"}
{"timestamp":"2026-05-05T12:25:33.352158Z","level":"info","event":"data_interval_start: 2025-05-07 18:00:00+00:00","logger":"task.stdout"}
{"timestamp":"2026-05-05T12:25:33.354481Z","level":"info","event":"prev_data_interval_start_success: 2025-05-07 12:00:00+00:00","logger":"task.stdout"}
{"timestamp":"2026-05-05T12:25:33.357031Z","level":"info","event":"prev_data_interval_end_success: 2025-05-07 12:00:00+00:00","logger":"task.stdout"}
{"timestamp":"2026-05-05T12:25:33.357684Z","level":"info","event":"templates_dict: None","logger":"task.stdout"}
{"timestamp":"2026-05-05T12:25:33.340503Z","level":"info","event":"Done. Returned value was: None","logger":"airflow.task.operators.airflow.providers.standard.operators.python.PythonOperator","filename":"python.py","lineno":229}
{"timestamp":"2026-05-05T12:25:33.412902Z","level":"info","event":"Task instance in success state","logger":"task.stdout"}
{"timestamp":"2026-05-05T12:25:33.413560Z","level":"info","event":" Previous state of the Task instance: TaskInstanceState.RUNNING","logger":"task.stdout"}
{"timestamp":"2026-05-05T12:25:33.414393Z","level":"info","event":"Task operator:<Task(PythonOperator): print_interval>","logger":"task.stdout"}
