{"timestamp":"2026-05-05T10:29:26.201743Z","level":"info","event":"DAG bundles loaded: dags-folder, example_dags","logger":"airflow.dag_processing.bundles.manager.DagBundlesManager","filename":"manager.py","lineno":209}
{"timestamp":"2026-05-05T10:29:26.203654Z","level":"info","event":"Filling up the DagBag from /opt/airflow/dags/print_interval_dag.py","logger":"airflow.dag_processing.dagbag.BundleDagBag","filename":"dagbag.py","lineno":469}
{"timestamp":"2026-05-05T10:29:26.216110Z","level":"warning","event":"The `airflow.operators.python.PythonOperator` attribute is deprecated. Please use `'airflow.providers.standard.operators.python.PythonOperator'`.","category":"UserWarning","filename":"/opt/airflow/dags/print_interval_dag.py","lineno":2,"logger":"py.warnings"}
{"timestamp":"2026-05-05T10:29:26.262394Z","level":"info","event":"Task instance is in running state","logger":"task.stdout"}
{"timestamp":"2026-05-05T10:29:26.266120Z","level":"info","event":" Previous state of the Task instance: TaskInstanceState.QUEUED","logger":"task.stdout"}
{"timestamp":"2026-05-05T10:29:26.270382Z","level":"info","event":"Current task name:print_interval","logger":"task.stdout"}
{"timestamp":"2026-05-05T10:29:26.270926Z","level":"info","event":"Dag name:print_interval_dag","logger":"task.stdout"}
{"timestamp":"2026-05-05T10:29:26.271457Z","level":"info","event":"Interval Start: 2025-05-03 18:00:00+00:00","logger":"task.stdout"}
{"timestamp":"2026-05-05T10:29:26.271834Z","level":"info","event":"Interval End:   2025-05-03 18:00:00+00:00","logger":"task.stdout"}
{"timestamp":"2026-05-05T10:29:26.268296Z","level":"info","event":"Done. Returned value was: None","logger":"airflow.task.operators.airflow.providers.standard.operators.python.PythonOperator","filename":"python.py","lineno":229}
{"timestamp":"2026-05-05T10:29:26.344321Z","level":"info","event":"Task instance in success state","logger":"task.stdout"}
{"timestamp":"2026-05-05T10:29:26.345521Z","level":"info","event":" Previous state of the Task instance: TaskInstanceState.RUNNING","logger":"task.stdout"}
{"timestamp":"2026-05-05T10:29:26.346440Z","level":"info","event":"Task operator:<Task(PythonOperator): print_interval>","logger":"task.stdout"}
{"timestamp":"2026-05-05T12:25:18.342065Z","level":"info","event":"DAG bundles loaded: dags-folder, example_dags","logger":"airflow.dag_processing.bundles.manager.DagBundlesManager","filename":"manager.py","lineno":209}
{"timestamp":"2026-05-05T12:25:18.343433Z","level":"info","event":"Filling up the DagBag from /opt/airflow/dags/print_interval_dag.py","logger":"airflow.dag_processing.dagbag.BundleDagBag","filename":"dagbag.py","lineno":469}
{"timestamp":"2026-05-05T12:25:18.403582Z","level":"info","event":"Task instance is in running state","logger":"task.stdout"}
{"timestamp":"2026-05-05T12:25:18.406035Z","level":"info","event":" Previous state of the Task instance: TaskInstanceState.QUEUED","logger":"task.stdout"}
{"timestamp":"2026-05-05T12:25:18.407315Z","level":"info","event":"Current task name:print_interval","logger":"task.stdout"}
{"timestamp":"2026-05-05T12:25:18.409595Z","level":"info","event":"Dag name:print_interval_dag","logger":"task.stdout"}
{"timestamp":"2026-05-05T12:25:18.412150Z","level":"info","event":"=== ALL AVAILABLE MACROS ===","logger":"task.stdout"}
{"timestamp":"2026-05-05T12:25:18.412968Z","level":"info","event":"dag: <DAG: print_interval_dag>","logger":"task.stdout"}
{"timestamp":"2026-05-05T12:25:18.414827Z","level":"info","event":"inlets: []","logger":"task.stdout"}
{"timestamp":"2026-05-05T12:25:18.416044Z","level":"info","event":"map_index_template: None","logger":"task.stdout"}
{"timestamp":"2026-05-05T12:25:18.417160Z","level":"info","event":"outlets: []","logger":"task.stdout"}
{"timestamp":"2026-05-05T12:25:18.417980Z","level":"info","event":"run_id: scheduled__2025-05-03T18:00:00+00:00","logger":"task.stdout"}
{"timestamp":"2026-05-05T12:25:18.418635Z","level":"info","event":"task: <Task(PythonOperator): print_interval>","logger":"task.stdout"}
{"timestamp":"2026-05-05T12:25:18.419317Z","level":"info","event":"task_instance: id=UUID('019df819-8942-751c-82e0-7ee8402dba98') task_id='print_interval' dag_id='print_interval_dag' run_id='scheduled__2025-05-03T18:00:00+00:00' try_number=1 dag_version_id=UUID('019df815-a045-750b-bac8-47ced7cc6a45') map_index=-1 hostname='86abe326db93' context_carrier={'traceparent': '00-ecff390bedaf3ee2665b2c3c3cd6ad11-7d86097a90b0846e-01'} task=<Task(PythonOperator): print_interval> bundle_instance=LocalDagBundle(name=dags-folder) max_tries=0 start_date=datetime.datetime(2026, 5, 5, 12, 25, 16, 837324, tzinfo=datetime.timezone.utc) end_date=None state=<TaskInstanceState.RUNNING: 'running'> is_mapped=False rendered_map_index=None sentry_integration=''","logger":"task.stdout"}
{"timestamp":"2026-05-05T12:25:18.420886Z","level":"info","event":"ti: id=UUID('019df819-8942-751c-82e0-7ee8402dba98') task_id='print_interval' dag_id='print_interval_dag' run_id='scheduled__2025-05-03T18:00:00+00:00' try_number=1 dag_version_id=UUID('019df815-a045-750b-bac8-47ced7cc6a45') map_index=-1 hostname='86abe326db93' context_carrier={'traceparent': '00-ecff390bedaf3ee2665b2c3c3cd6ad11-7d86097a90b0846e-01'} task=<Task(PythonOperator): print_interval> bundle_instance=LocalDagBundle(name=dags-folder) max_tries=0 start_date=datetime.datetime(2026, 5, 5, 12, 25, 16, 837324, tzinfo=datetime.timezone.utc) end_date=None state=<TaskInstanceState.RUNNING: 'running'> is_mapped=False rendered_map_index=None sentry_integration=''","logger":"task.stdout"}
{"timestamp":"2026-05-05T12:25:18.422579Z","level":"info","event":"outlet_events: OutletEventAccessors(_dict={})","logger":"task.stdout"}
{"timestamp":"2026-05-05T12:25:18.423991Z","level":"info","event":"inlet_events: InletEventsAccessors(_inlets=[], _assets={}, _asset_aliases={})","logger":"task.stdout"}
{"timestamp":"2026-05-05T12:25:18.424579Z","level":"info","event":"macros: <MacrosAccessor (dynamic access to macros)>","logger":"task.stdout"}
{"timestamp":"2026-05-05T12:25:18.425936Z","level":"info","event":"params: {}","logger":"task.stdout"}
{"timestamp":"2026-05-05T12:25:18.427058Z","level":"info","event":"var: {'json': <VariableAccessor (dynamic access)>, 'value': <VariableAccessor (dynamic access)>}","logger":"task.stdout"}
{"timestamp":"2026-05-05T12:25:18.427655Z","level":"info","event":"conn: <ConnectionAccessor (dynamic access)>","logger":"task.stdout"}
{"timestamp":"2026-05-05T12:25:18.429025Z","level":"info","event":"dag_run: dag_id='print_interval_dag' run_id='scheduled__2025-05-03T18:00:00+00:00' logical_date=datetime.datetime(2025, 5, 3, 18, 0, tzinfo=datetime.timezone.utc) data_interval_start=datetime.datetime(2025, 5, 3, 18, 0, tzinfo=datetime.timezone.utc) data_interval_end=datetime.datetime(2025, 5, 3, 18, 0, tzinfo=datetime.timezone.utc) run_after=datetime.datetime(2025, 5, 3, 18, 0, tzinfo=datetime.timezone.utc) start_date=datetime.datetime(2026, 5, 5, 12, 25, 16, 397389, tzinfo=datetime.timezone.utc) end_date=None clear_number=0 run_type=<DagRunType.SCHEDULED: 'scheduled'> state=<DagRunState.RUNNING: 'running'> conf={} triggering_user_name=None consumed_asset_events=[] partition_key=None note=None","logger":"task.stdout"}
{"timestamp":"2026-05-05T12:25:18.429841Z","level":"info","event":"triggering_asset_events: TriggeringAssetEventAccessor(_events=defaultdict(<class 'list'>, {}))","logger":"task.stdout"}
{"timestamp":"2026-05-05T12:25:18.430707Z","level":"info","event":"task_instance_key_str: print_interval_dag__print_interval__20250503","logger":"task.stdout"}
{"timestamp":"2026-05-05T12:25:18.432503Z","level":"info","event":"task_reschedule_count: 0","logger":"task.stdout"}
{"timestamp":"2026-05-05T12:25:18.464431Z","level":"info","event":"prev_start_date_success: 2026-05-05 12:25:15.836368+00:00","logger":"task.stdout"}
{"timestamp":"2026-05-05T12:25:18.465203Z","level":"info","event":"prev_end_date_success: 2026-05-05 12:25:18.238131+00:00","logger":"task.stdout"}
{"timestamp":"2026-05-05T12:25:18.466237Z","level":"info","event":"logical_date: 2025-05-03 18:00:00+00:00","logger":"task.stdout"}
{"timestamp":"2026-05-05T12:25:18.466662Z","level":"info","event":"ds: 2025-05-03","logger":"task.stdout"}
{"timestamp":"2026-05-05T12:25:18.467721Z","level":"info","event":"ds_nodash: 20250503","logger":"task.stdout"}
{"timestamp":"2026-05-05T12:25:18.472142Z","level":"info","event":"ts: 2025-05-03T18:00:00+00:00","logger":"task.stdout"}
{"timestamp":"2026-05-05T12:25:18.472715Z","level":"info","event":"ts_nodash: 20250503T180000","logger":"task.stdout"}
{"timestamp":"2026-05-05T12:25:18.473146Z","level":"info","event":"ts_nodash_with_tz: 20250503T180000+0000","logger":"task.stdout"}
{"timestamp":"2026-05-05T12:25:18.476412Z","level":"info","event":"data_interval_end: 2025-05-03 18:00:00+00:00","logger":"task.stdout"}
{"timestamp":"2026-05-05T12:25:18.480944Z","level":"info","event":"data_interval_start: 2025-05-03 18:00:00+00:00","logger":"task.stdout"}
{"timestamp":"2026-05-05T12:25:18.484738Z","level":"info","event":"prev_data_interval_start_success: 2025-05-03 15:00:00+00:00","logger":"task.stdout"}
{"timestamp":"2026-05-05T12:25:18.485427Z","level":"info","event":"prev_data_interval_end_success: 2025-05-03 15:00:00+00:00","logger":"task.stdout"}
{"timestamp":"2026-05-05T12:25:18.485931Z","level":"info","event":"templates_dict: None","logger":"task.stdout"}
{"timestamp":"2026-05-05T12:25:18.463431Z","level":"info","event":"Done. Returned value was: None","logger":"airflow.task.operators.airflow.providers.standard.operators.python.PythonOperator","filename":"python.py","lineno":229}
{"timestamp":"2026-05-05T12:25:18.562189Z","level":"info","event":"Task instance in success state","logger":"task.stdout"}
{"timestamp":"2026-05-05T12:25:18.564698Z","level":"info","event":" Previous state of the Task instance: TaskInstanceState.RUNNING","logger":"task.stdout"}
{"timestamp":"2026-05-05T12:25:18.569397Z","level":"info","event":"Task operator:<Task(PythonOperator): print_interval>","logger":"task.stdout"}
